1        1   (0)      1  : 0.0000 0.0194 0.0000 0.5032 0.4775 0.0000 0.0000
2        2   (0)      1  : 0.3530 0.0067 0.1108 0.3823 0.0507 0.0159 0.0806
3        3   (0)      1  : 0.0000 0.4766 0.0000 0.0060 0.2036 0.3138 0.0000
4        4   (0)      1  : 0.0023 0.0000 0.0000 0.5106 0.1386 0.0000 0.3485
5        5   (0)      1  : 0.0078 0.0265 0.0962 0.7147 0.0000 0.1548 0.0000
6        6   (0)      1  : 0.2298 0.1632 0.0000 0.0789 0.4454 0.0828 0.0000
7        7   (0)      2  : 0.0000 0.0000 0.0000 0.6650 0.0000 0.0000 0.3350
8        8   (0)      1  : 0.2677 0.0000 0.0000 0.7323 0.0000 0.0000 0.0000
9        9   (0)      3  : 0.0207 0.0000 0.5249 0.0000 0.4185 0.0000 0.0360
10       10   (0)      4  : 0.0000 0.0000 0.1639 0.0000 0.0000 0.7175 0.1187
11       11   (0)      4  : 0.4060 0.0000 0.4009 0.1218 0.0713 0.0000 0.0000
12       12   (0)      4  : 0.0000 0.0362 0.3051 0.0832 0.3282 0.1276 0.1197
13       13   (0)      4  : 0.0000 0.0000 0.0000 0.0000 0.0000 1.0000 0.0000
14       14   (0)      4  : 0.2578 0.0000 0.4907 0.1995 0.0000 0.0520 0.0000
15       15   (0)      4  : 0.1071 0.4402 0.0000 0.0000 0.4366 0.0161 0.0000
16       16   (0)      5  : 0.3397 0.0000 0.2376 0.1002 0.2243 0.0000 0.0981
17       17   (0)      4  : 0.0000 0.0067 0.3974 0.0000 0.3947 0.0504 0.1508
18       18   (0)      5  : 0.3053 0.0000 0.3872 0.2092 0.0581 0.0403 0.0000
19       19   (0)      5  : 0.3270 0.0000 0.6212 0.0263 0.0000 0.0000 0.0255
20       20   (0)      5  : 0.0000 0.0000 0.6001 0.0000 0.1446 0.0000 0.2553
21       21   (0)      5  : 0.3009 0.0000 0.6991 0.0000 0.0000 0.0000 0.0000
22       22   (0)      5  : 0.0000 0.0000 0.3657 0.0199 0.5522 0.0622 0.0000
23       23   (0)      5  : 0.0000 0.0000 0.6091 0.0000 0.3909 0.0000 0.0000
24       24   (0)      5  : 0.1549 0.0131 0.4117 0.0152 0.1112 0.0854 0.2085
25       25   (0)      5  : 0.0000 0.0111 0.6183 0.0000 0.3639 0.0067 0.0000
26       26   (0)      5  : 0.0896 0.0000 0.6775 0.0121 0.0000 0.0000 0.2208
27       27   (0)      5  : 0.0000 0.0000 0.5137 0.0000 0.4361 0.0502 0.0000
28       28   (0)      5  : 0.0419 0.0000 0.8150 0.0000 0.0000 0.1432 0.0000
29       29   (0)      5  : 0.7494 0.0000 0.2506 0.0000 0.0000 0.0000 0.0000
30       30   (0)      5  : 0.2806 0.0000 0.3956 0.0000 0.1601 0.0000 0.1638
31       31   (0)      5  : 0.0038 0.0163 0.6588 0.0000 0.2240 0.0971 0.0000
32       32   (0)      5  : 0.4642 0.0000 0.0921 0.0000 0.4246 0.0192 0.0000
33       33   (0)      5  : 0.2880 0.0000 0.2928 0.0000 0.4193 0.0000 0.0000
34       34   (0)      5  : 0.6213 0.0000 0.2802 0.0036 0.0555 0.0000 0.0394
35       35   (0)      5  : 0.2188 0.0000 0.7663 0.0000 0.0000 0.0150 0.0000
36       36   (0)      5  : 0.2533 0.0000 0.5568 0.0000 0.1849 0.0050 0.0000
37       37   (0)      5  : 0.0000 0.0000 0.6945 0.0923 0.1441 0.0461 0.0229
38       38   (0)      5  : 0.2651 0.0000 0.3995 0.0000 0.0473 0.2881 0.0000
39       39   (0)      5  : 0.4334 0.0000 0.4866 0.0000 0.0038 0.0762 0.0000
40       40   (0)      5  : 0.0000 0.0000 0.5298 0.0000 0.4222 0.0480 0.0000
41       41   (0)      5  : 0.6061 0.0000 0.3938 0.0000 0.0000 0.0000 0.0001
42       42   (0)      5  : 0.0000 0.6185 0.0000 0.0302 0.1602 0.0668 0.1243
43       43   (0)      5  : 0.0000 0.0000 0.4109 0.0634 0.3078 0.0757 0.1422
44       44   (0)      4  : 0.0000 0.0000 0.5117 0.0000 0.0000 0.4883 0.0000
45       45   (0)      4  : 0.2926 0.0187 0.2321 0.0000 0.1024 0.1123 0.2418
46       46   (0)      4  : 0.0000 0.0094 0.2575 0.0000 0.6348 0.0000 0.0983
47       47   (0)      4  : 0.5884 0.0000 0.2400 0.0085 0.0000 0.1602 0.0030
48       48   (0)      5  : 0.2426 0.0326 0.1956 0.0283 0.3211 0.1482 0.0315
49       49   (0)      4  : 0.0000 0.0000 0.3740 0.0000 0.3485 0.0000 0.2775
50       50   (0)      4  : 0.1104 0.4113 0.0000 0.0000 0.2817 0.1233 0.0733
51       51   (0)      4  : 0.2652 0.0522 0.4365 0.2181 0.0280 0.0000 0.0000
52       52   (0)      4  : 0.0000 0.5578 0.0095 0.0000 0.2919 0.0604 0.0804
53       53   (0)      4  : 0.2481 0.0000 0.5188 0.1212 0.0000 0.1119 0.0000
54       54   (0)      4  : 0.1304 0.5294 0.0124 0.0000 0.2840 0.0434 0.0004
55       55   (0)      4  : 0.2541 0.3823 0.0367 0.0037 0.2092 0.1140 0.0000
56       56   (0)      4  : 0.0878 0.0000 0.5794 0.0255 0.0839 0.2233 0.0000
57       57   (0)      5  : 0.3679 0.0416 0.2355 0.0703 0.1460 0.1387 0.0000
58       58   (0)      4  : 0.1955 0.3913 0.0000 0.0179 0.3793 0.0160 0.0000
59       59   (0)      4  : 0.0000 0.5024 0.0112 0.0000 0.2518 0.1326 0.1020
60       60   (0)      4  : 0.4345 0.0009 0.1972 0.0598 0.2640 0.0436 0.0000
61       61   (0)      5  : 0.0325 0.0000 0.3129 0.0752 0.2863 0.0421 0.2510
62       62   (0)      6  : 0.0000 0.3387 0.0006 0.1072 0.2969 0.2566 0.0000
63       63   (0)      6  : 0.0000 0.6036 0.0000 0.0599 0.3057 0.0308 0.0000
64       64   (0)      6  : 0.0000 0.0000 0.0000 0.9377 0.0000 0.0623 0.0000
65       65   (0)      6  : 0.2126 0.0000 0.3166 0.1695 0.3012 0.0000 0.0000
66       66   (0)      6  : 0.0000 0.0000 0.0000 0.0000 0.0000 1.0000 0.0000
67       67   (0)      6  : 0.0000 0.0000 0.0000 0.6700 0.3300 0.0000 0.0000
68       68   (0)      6  : 0.1134 0.0000 0.0411 0.4315 0.4141 0.0000 0.0000
69       69   (0)      6  : 0.2135 0.0000 0.0952 0.1763 0.5150 0.0000 0.0000
70       70   (0)      6  : 0.0000 0.0000 0.0838 0.1378 0.7716 0.0067 0.0001
71       71   (0)      6  : 0.1233 0.0000 0.1471 0.3198 0.4098 0.0000 0.0000
72       72   (0)      7  : 0.4764 0.0000 0.3607 0.1383 0.0000 0.0246 0.0000
73       73   (0)      7  : 0.5119 0.0047 0.1363 0.0844 0.0207 0.0235 0.2185
74       74   (0)      7  : 0.2188 0.0095 0.2545 0.1879 0.1023 0.1099 0.1171
75       75   (0)      7  : 0.3629 0.0628 0.3126 0.2584 0.0000 0.0000 0.0033
76       76   (0)      7  : 0.0230 0.0000 0.7917 0.1853 0.0000 0.0000 0.0000
77       77   (0)      7  : 0.0547 0.0234 0.4020 0.3316 0.0575 0.1309 0.0000
78       78   (0)      7  : 0.1121 0.0000 0.4102 0.1691 0.0000 0.0000 0.3086
79       79   (0)      7  : 0.6967 0.0000 0.1526 0.0701 0.0000 0.0000 0.0805
80       80   (0)      7  : 0.1915 0.0000 0.4744 0.2739 0.0602 0.0000 0.0000
81       81   (0)      7  : 0.0000 0.0000 0.7648 0.2350 0.0000 0.0002 0.0000
82       82   (0)      7  : 0.4997 0.0789 0.1232 0.0913 0.0559 0.0710 0.0800
83       83   (0)      7  : 0.1648 0.5455 0.0000 0.1402 0.0784 0.0656 0.0055
84       84   (0)      7  : 0.4466 0.0000 0.4099 0.1435 0.0000 0.0000 0.0000
85       85   (0)      7  : 0.0002 0.0000 0.7374 0.2623 0.0000 0.0001 0.0000
86       86   (0)      7  : 0.2105 0.4406 0.0000 0.0062 0.3082 0.0345 0.0000
87       87   (0)      7  : 0.0409 0.0000 0.2484 0.1553 0.5553 0.0000 0.0000
88       88   (0)      7  : 0.0000 0.4769 0.0000 0.0228 0.3558 0.1445 0.0000
89       89   (0)      7  : 0.4482 0.0041 0.4675 0.0000 0.0003 0.0798 0.0000
90       90   (0)      7  : 0.3426 0.0000 0.2137 0.0647 0.3789 0.0000 0.0000
91       91   (0)      7  : 0.4210 0.0000 0.4392 0.1171 0.0000 0.0000 0.0226
92       92   (0)      7  : 0.1658 0.0248 0.4895 0.1824 0.0000 0.1376 0.0000
93       93   (0)      7  : 0.3136 0.0000 0.2872 0.1098 0.2614 0.0281 0.0000
94       94   (0)      7  : 0.0000 0.0000 0.6531 0.3338 0.0000 0.0131 0.0000
95       95   (0)      7  : 0.0000 0.0229 0.4741 0.2159 0.1813 0.1059 0.0000
96       96   (0)      7  : 0.0000 0.0000 0.7033 0.1036 0.0000 0.0559 0.1372
97       97   (0)      7  : 0.0000 0.0000 0.7499 0.1283 0.0000 0.1218 0.0000
98       98   (0)      7  : 0.0000 0.0000 0.7292 0.1154 0.0000 0.1554 0.0000
99       99   (0)      7  : 0.1443 0.4680 0.0083 0.3272 0.0000 0.0522 0.0000
100      100   (0)      6  : 0.3420 0.0000 0.1085 0.4238 0.0000 0.0159 0.1099
101      101   (0)      6  : 0.0838 0.0000 0.1455 0.4151 0.1001 0.0679 0.1877
102      102   (0)      6  : 0.0226 0.0000 0.0000 0.1942 0.6462 0.1369 0.0000
103      103   (0)      6  : 0.4979 0.0000 0.0025 0.4996 0.0000 0.0000 0.0000
104      104   (0)      6  : 0.0000 0.0000 0.0000 0.3948 0.6052 0.0000 0.0000
105      105   (0)      6  : 0.2027 0.0000 0.1284 0.4959 0.0855 0.0876 0.0000
106      106   (0)      6  : 0.2661 0.0000 0.0023 0.4005 0.2701 0.0095 0.0516
107      107   (0)      6  : 0.0028 0.0305 0.0427 0.5932 0.3308 0.0000 0.0000
108      108   (0)      6  : 0.0049 0.5183 0.0000 0.2236 0.1793 0.0739 0.0000
109      109   (0)      7  : 0.1606 0.0010 0.2805 0.2254 0.3325 0.0000 0.0000
110      110   (0)      7  : 0.0000 0.0000 0.0000 0.0000 0.0000 1.0000 0.0000
111      111   (0)      8  : 0.0053 0.0000 0.0000 0.5627 0.0027 0.2703 0.1590
112      112   (0)      6  : 0.0000 0.0000 0.0000 1.0000 0.0000 0.0000 0.0000
113      113   (0)      6  : 0.0000 0.4924 0.0000 0.1408 0.0000 0.2015 0.1653
114      114   (0)      6  : 0.0000 0.0000 0.2878 0.7122 0.0000 0.0000 0.0000
115      115   (0)      6  : 0.0000 0.4500 0.0008 0.3539 0.0000 0.1954 0.0000
116      116   (0)      6  : 0.0000 0.0168 0.1369 0.5274 0.0600 0.0796 0.1793
117      117   (0)      6  : 0.0000 0.0000 0.0000 0.5308 0.2787 0.0000 0.1906
118      118   (0)      6  : 0.1537 0.0000 0.0000 0.6469 0.1994 0.0000 0.0000
119      119   (0)      6  : 0.0000 0.0000 0.0807 0.8373 0.0000 0.0000 0.0820
120      120   (0)      6  : 0.0000 0.0000 0.0000 0.7380 0.0009 0.0000 0.2611
121      121   (0)      6  : 0.0000 0.5347 0.0000 0.3573 0.0000 0.1080 0.0000
122      122   (0)      9  : 0.0000 0.0243 0.2912 0.1563 0.3956 0.1326 0.0000
123      123   (0)      9  : 0.2380 0.0061 0.2009 0.0000 0.4998 0.0552 0.0000
124      124   (0)      9  : 0.0000 0.0146 0.1915 0.0222 0.6539 0.1178 0.0000
125      125   (0)      9  : 0.5924 0.0000 0.3029 0.0000 0.0607 0.0440 0.0000
126      126   (0)      9  : 0.4652 0.0000 0.4474 0.0000 0.0000 0.0874 0.0000
127      127   (0)      9  : 0.0000 0.0000 0.4742 0.0000 0.4219 0.0831 0.0208
128      128   (0)      9  : 0.1311 0.0000 0.2048 0.0000 0.5876 0.0765 0.0000
129      129   (0)      9  : 0.0000 0.0000 0.1809 0.0000 0.7287 0.0831 0.0074
130      130   (0)      9  : 0.3041 0.0000 0.2757 0.0246 0.0520 0.1933 0.1504
131      131   (0)      9  : 0.1979 0.0000 0.2953 0.0000 0.3849 0.0000 0.1219
132      132   (0)      9  : 0.3757 0.0000 0.1861 0.0000 0.3708 0.0674 0.0000
133      133   (0)      9  : 0.1677 0.0000 0.3904 0.0000 0.0975 0.0675 0.2769
134      134   (0)      9  : 0.0000 0.0000 0.0000 0.0000 0.0000 1.0000 0.0000
135      135   (0)      9  : 0.0508 0.0000 0.0014 0.0000 0.9478 0.0000 0.0000
136      136   (0)      9  : 0.4186 0.0063 0.3420 0.0742 0.0130 0.1459 0.0000
137      137   (0)      9  : 0.5143 0.0000 0.2275 0.0335 0.0517 0.0458 0.1272
138      138   (0)      9  : 0.7137 0.0015 0.2580 0.0000 0.0268 0.0000 0.0000
139      139   (0)      9  : 0.6832 0.0000 0.2070 0.0725 0.0000 0.0372 0.0000
140      140   (0)      9  : 0.3649 0.0000 0.1839 0.0000 0.4146 0.0366 0.0000
141      141   (0)      9  : 0.0000 0.0000 0.5549 0.0436 0.3676 0.0000 0.0340
142      142   (0)      9  : 0.5006 0.0000 0.2160 0.1898 0.0879 0.0056 0.0000
143      143   (0)      9  : 0.0000 0.0000 0.0000 0.0000 0.0000 1.0000 0.0000
144      144   (0)      9  : 0.3381 0.0069 0.2185 0.0000 0.0714 0.0725 0.2927
145      145   (0)      3  : 0.0363 0.0000 0.3851 0.0186 0.4692 0.0907 0.0000
146      146   (0)      3  : 0.1925 0.3929 0.0223 0.0000 0.3921 0.0002 0.0000
147      147   (0)      3  : 0.0337 0.0000 0.0645 0.0000 0.8602 0.0000 0.0416
148      148   (0)      3  : 0.5495 0.0398 0.2793 0.0000 0.0772 0.0542 0.0000
149      149   (0)      3  : 0.4512 0.0000 0.2795 0.0000 0.2693 0.0000 0.0000
150      150   (0)      3  : 0.0000 0.0032 0.1990 0.0000 0.6371 0.0932 0.0675
151      151   (0)      3  : 0.5758 0.0000 0.3393 0.0000 0.0019 0.0829 0.0000
152      152   (0)      3  : 0.4228 0.0000 0.2874 0.0000 0.1774 0.1124 0.0000
153      153   (0)      3  : 0.2463 0.0097 0.5056 0.0000 0.2251 0.0000 0.0133
154      154   (0)      3  : 0.3050 0.0000 0.4023 0.0023 0.0721 0.2182 0.0000
155      155   (0)      3  : 0.2234 0.0645 0.5307 0.0009 0.0000 0.1806 0.0000
156      156   (0)      3  : 0.3799 0.0566 0.3864 0.0254 0.0813 0.0705 0.0000
157      157   (0)      3  : 0.4536 0.0081 0.2779 0.0421 0.1094 0.1089 0.0000
158      158   (0)      3  : 0.4864 0.0000 0.4223 0.0869 0.0044 0.0000 0.0000
159      159   (0)      3  : 0.4756 0.5244 0.0000 0.0000 0.0000 0.0000 0.0000
160      160   (0)      3  : 0.4600 0.0000 0.1575 0.0000 0.1316 0.0954 0.1555
161      161   (0)      3  : 0.0000 0.0000 0.1346 0.0022 0.7308 0.1324 0.0000
162      162   (0)      3  : 0.6066 0.0000 0.3763 0.0006 0.0078 0.0086 0.0000
163      163   (0)      3  : 0.3165 0.0000 0.4468 0.0000 0.2366 0.0000 0.0000
164      164   (0)      3  : 0.5591 0.0000 0.4218 0.0000 0.0000 0.0191 0.0000
165      165   (0)      3  : 0.0000 0.0000 0.1332 0.0000 0.7447 0.1222 0.0000
166      166   (0)      3  : 0.3225 0.0000 0.5005 0.0000 0.1270 0.0000 0.0500
167      167   (0)      3  : 0.5567 0.0000 0.1498 0.0000 0.2757 0.0178 0.0000
168      168   (0)      3  : 0.4299 0.0000 0.3683 0.0031 0.0464 0.1523 0.0000
169      169   (0)      3  : 0.5089 0.0000 0.4632 0.0223 0.0000 0.0053 0.0002
170      170   (0)      3  : 0.7224 0.0000 0.2456 0.0000 0.0000 0.0319 0.0000
171      171   (0)      3  : 0.3302 0.0000 0.4518 0.0000 0.0000 0.0000 0.2180
172      172   (0)      3  : 0.5813 0.0000 0.3434 0.0055 0.0000 0.0698 0.0000
173      173   (0)      3  : 0.1856 0.0000 0.3629 0.0678 0.3667 0.0170 0.0000
174      174   (0)      9  : 0.0000 0.0000 0.4125 0.0000 0.3763 0.0000 0.2111
175      175   (0)      9  : 0.0000 0.0000 0.1492 0.0355 0.0000 0.8154 0.0000
176      176   (0)      9  : 0.4595 0.0029 0.1818 0.0001 0.3196 0.0312 0.0049
177      177   (0)      9  : 0.2933 0.0000 0.1687 0.1865 0.0000 0.1018 0.2497
178      178   (0)      9  : 0.2053 0.0000 0.2077 0.0307 0.4341 0.0372 0.0850
179      179   (0)      9  : 0.1205 0.0000 0.3383 0.1126 0.4012 0.0274 0.0000
180      180   (0)      9  : 0.1291 0.0000 0.2643 0.0428 0.2963 0.1225 0.1452
181      181   (0)      1  : 0.6264 0.0000 0.0354 0.3153 0.0228 0.0000 0.0000
182      182   (0)      1  : 0.2327 0.0000 0.0000 0.2412 0.2642 0.0033 0.2584
183      183   (0)      1  : 0.6433 0.0000 0.0030 0.2661 0.0000 0.0072 0.0804
184      184   (0)      1  : 0.1615 0.0140 0.0000 0.4352 0.3894 0.0000 0.0000
185      185   (0)      1  : 0.6881 0.0000 0.0000 0.2482 0.0501 0.0000 0.0136
186      186   (0)      1  : 0.2330 0.0000 0.2005 0.2629 0.2897 0.0139 0.0000
187      187   (0)      1  : 0.5843 0.0000 0.0000 0.3873 0.0284 0.0000 0.0000
188      188   (0)      1  : 0.8328 0.0000 0.0000 0.0807 0.0865 0.0000 0.0000
189      189   (0)      2  : 0.1187 0.0000 0.0000 0.0558 0.5167 0.0027 0.3061
190      190   (0)      2  : 0.6809 0.0000 0.2029 0.0970 0.0003 0.0190 0.0000
191      191   (0)      2  : 0.6302 0.0000 0.1198 0.1162 0.1087 0.0251 0.0000
192      192   (0)      2  : 0.0000 0.0000 0.2819 0.0000 0.5095 0.0000 0.2086
193      193   (0)      2  : 0.8033 0.0000 0.0000 0.0000 0.1374 0.0594 0.0000
194      194   (0)      2  : 0.0000 0.0000 0.1125 0.0000 0.8875 0.0000 0.0000
195      195   (0)      2  : 0.2431 0.0000 0.0000 0.4345 0.1170 0.0000 0.2053
196      196   (0)      2  : 0.0264 0.0000 0.2618 0.0938 0.0942 0.0000 0.5238
197      197   (0)      1  : 0.3649 0.0000 0.0691 0.0883 0.4777 0.0000 0.0000
198      198   (0)      1  : 0.2718 0.0000 0.0000 0.4976 0.0000 0.0000 0.2306
199      199   (0)      1  : 0.0000 0.0000 0.0310 0.4126 0.4924 0.0572 0.0068
200      200   (0)      1  : 0.0000 0.0000 0.0000 0.7359 0.2280 0.0000 0.0361
201      201   (0)      1  : 0.0000 0.0000 0.0000 0.4934 0.3447 0.0000 0.1619
202      202   (0)      1  : 0.0000 0.0000 0.0000 0.9120 0.0000 0.0000 0.0880
203      203   (0)      2  : 0.0000 0.2164 0.0000 0.0000 0.3531 0.2000 0.2305
204      204   (0)      2  : 0.0000 0.0000 0.0000 0.2644 0.3507 0.0000 0.3849
205      205   (0)      2  : 0.0000 0.5216 0.0094 0.0000 0.3373 0.1317 0.0000
206      206   (0)      2  : 0.7451 0.0000 0.0668 0.1419 0.0000 0.0460 0.0002
207      207   (0)      2  : 0.0000 0.0000 0.0000 0.0000 0.7223 0.0000 0.2777
208      208   (0)      2  : 0.9038 0.0014 0.0105 0.0000 0.0000 0.0195 0.0649
209      209   (0)      2  : 0.0000 0.0000 0.0873 0.0000 0.2723 0.0000 0.6403
210      210   (0)      1  : 0.0000 0.0000 0.0000 0.1128 0.4168 0.0000 0.4705
211      211   (0)      1  : 0.1706 0.0000 0.1307 0.4298 0.0000 0.1163 0.1527
212      212   (0)      1  : 0.0000 0.0000 0.0524 0.3871 0.0922 0.0373 0.4309
213      213   (0)      1  : 0.3521 0.0000 0.0000 0.6221 0.0000 0.0000 0.0257
214      214   (0)      1  : 0.0000 0.0000 0.0000 0.1810 0.7025 0.0000 0.1165
215      215   (0)      1  : 0.1959 0.0000 0.0000 0.6407 0.0000 0.0000 0.1633
216      216   (0)      1  : 0.2452 0.0000 0.0000 0.6898 0.0000 0.0000 0.0651
217      217   (0)      1  : 0.0000 0.0000 0.0246 0.4882 0.4704 0.0168 0.0000
218      218   (0)      2  : 0.3393 0.0000 0.0000 0.2093 0.4514 0.0000 0.0000
219      219   (0)      2  : 0.0000 0.0000 0.1865 0.0745 0.4763 0.0000 0.2627
220      220   (0)      2  : 0.5556 0.0000 0.0354 0.3321 0.0000 0.0178 0.0591
221      221   (0)      2  : 0.3706 0.0000 0.1998 0.2745 0.1551 0.0000 0.0000
222      222   (0)      2  : 0.6423 0.0000 0.0000 0.1987 0.0000 0.0542 0.1048
223      223   (0)      2  : 0.1211 0.0000 0.0004 0.0223 0.8448 0.0000 0.0115
224      224   (0)      2  : 0.1595 0.0000 0.0849 0.0753 0.3480 0.0000 0.3324
225      225   (0)      2  : 0.6308 0.0000 0.0624 0.2113 0.0000 0.0000 0.0955
226      226   (0)      2  : 0.7029 0.0000 0.0000 0.1422 0.1181 0.0000 0.0368
227      227   (0)      2  : 0.7846 0.0000 0.0391 0.0272 0.1192 0.0000 0.0299
228      228   (0)      2  : 0.7484 0.0000 0.0000 0.1854 0.0663 0.0000 0.0000
229      229   (0)      2  : 0.1447 0.4270 0.0000 0.0282 0.4001 0.0000 0.0000
230      230   (0)      2  : 0.4334 0.0000 0.2487 0.0920 0.1616 0.0642 0.0000
231      231   (0)      2  : 0.4384 0.0000 0.0882 0.0491 0.4197 0.0046 0.0000
232      232   (0)     10  : 0.4068 0.0104 0.0000 0.0003 0.4806 0.0065 0.0953
233      233   (0)     10  : 0.0022 0.0000 0.0000 0.0066 0.6652 0.1602 0.1658
234      234   (0)     10  : 0.2929 0.0000 0.0000 0.0000 0.0000 0.0904 0.6167
235      235   (0)     10  : 0.0033 0.0000 0.0019 0.1102 0.2733 0.0794 0.5318
236      236   (0)     10  : 0.0000 0.0000 0.0000 0.0000 0.3436 0.1398 0.5165
237      237   (0)     10  : 0.3782 0.0000 0.0433 0.0287 0.0000 0.0256 0.5243
238      238   (0)     10  : 0.2352 0.0000 0.0141 0.0000 0.4541 0.0247 0.2719
239      239   (0)     10  : 0.5989 0.0000 0.0000 0.0000 0.0000 0.0000 0.4011
240      240   (0)     10  : 0.0000 0.0000 0.0000 0.0000 0.0000 0.0000 1.0000
241      241   (0)     10  : 0.8391 0.0000 0.0128 0.0311 0.0000 0.0927 0.0242
242      242   (0)     10  : 0.0000 0.0000 0.3494 0.0000 0.2392 0.0684 0.3430
243      243   (0)     10  : 0.7562 0.0000 0.0000 0.0001 0.0000 0.0000 0.2437
244      244   (0)     10  : 0.0571 0.0000 0.0000 0.0000 0.5996 0.0127 0.3306
245      245   (0)     10  : 0.7011 0.0000 0.0168 0.0403 0.1571 0.0000 0.0847
246      246   (0)     10  : 0.5395 0.0000 0.0000 0.0595 0.4007 0.0000 0.0002
247      247   (0)     10  : 0.0149 0.0085 0.0677 0.0000 0.6566 0.0090 0.2432
248      248   (0)     10  : 0.7062 0.0000 0.0186 0.0000 0.0000 0.0289 0.2463
249      249   (0)     10  : 0.9694 0.0000 0.0106 0.0000 0.0000 0.0200 0.0000
250      250   (0)     10  : 0.6679 0.0000 0.0249 0.2299 0.0000 0.0031 0.0741
251      251   (0)     10  : 0.0002 0.0000 0.0000 0.0384 0.0000 0.0045 0.9568
252      252   (0)     10  : 0.5606 0.0111 0.0000 0.0000 0.2528 0.0000 0.1754
253      253   (0)     10  : 0.8910 0.0000 0.0526 0.0556 0.0000 0.0000 0.0008
254      254   (0)     10  : 0.4529 0.0000 0.0000 0.1270 0.0000 0.0000 0.4201
255      255   (0)     10  : 0.7736 0.0000 0.0000 0.2264 0.0000 0.0000 0.0000
256      256   (0)     10  : 0.0000 0.5444 0.0000 0.0000 0.4556 0.0000 0.0000
257      257   (0)     10  : 0.4675 0.0000 0.0000 0.0305 0.3838 0.0000 0.1182
258      258   (0)     10  : 0.1663 0.0000 0.0000 0.1506 0.0000 0.0000 0.6831
259      259   (0)     10  : 0.6934 0.0000 0.0000 0.0000 0.0000 0.0000 0.3066
260      260   (0)     10  : 0.5122 0.0000 0.0000 0.0000 0.1480 0.0000 0.3398
261      261   (0)     10  : 0.6284 0.0099 0.0194 0.1751 0.0691 0.0401 0.0580
262      262   (0)     11  : 0.3498 0.0229 0.1095 0.2670 0.0074 0.0419 0.2016
263      263   (0)     11  : 0.6704 0.0000 0.0000 0.1346 0.0000 0.0000 0.1949
264      264   (0)     11  : 0.9090 0.0000 0.0000 0.0000 0.0000 0.0000 0.0910
265      265   (0)     11  : 0.0149 0.5409 0.0000 0.0373 0.0000 0.1081 0.2988
266      266   (0)     11  : 0.0000 0.0000 0.0000 0.0000 0.7792 0.0000 0.2208
267      267   (0)     11  : 0.0000 0.6715 0.0000 0.0000 0.0000 0.0016 0.3268
268      268   (0)     11  : 0.0253 0.0000 0.0000 0.0292 0.7070 0.0000 0.2385
269      269   (0)     11  : 0.7418 0.0000 0.0322 0.0607 0.0000 0.0362 0.1291
270      270   (0)     11  : 0.9180 0.0000 0.0000 0.0209 0.0000 0.0000 0.0611
271      271   (0)     11  : 0.0000 0.0000 0.0000 0.2145 0.0000 0.0000 0.7855
272      272   (0)     11  : 0.2550 0.0000 0.0000 0.1508 0.0705 0.0000 0.5237
273      273   (0)     11  : 0.0000 0.1497 0.2078 0.0000 0.0000 0.1474 0.4951
274      274   (0)     11  : 0.0000 0.4778 0.0000 0.0523 0.2187 0.0000 0.2513
275      275   (0)     11  : 0.5148 0.0000 0.0000 0.2105 0.0000 0.0286 0.2461
276      276   (0)     11  : 0.4734 0.1929 0.1662 0.0000 0.0000 0.1126 0.0549
277      277   (0)     11  : 0.5739 0.0372 0.0000 0.3594 0.0000 0.0187 0.0108
278      278   (0)     11  : 0.2673 0.0525 0.1734 0.2844 0.2223 0.0000 0.0000
279      279   (0)     11  : 0.0000 0.0000 0.0000 0.6848 0.0000 0.0000 0.3152
280      280   (0)     11  : 0.4461 0.0446 0.1596 0.1273 0.0878 0.0000 0.1345
281      281   (0)     11  : 0.4116 0.0000 0.0000 0.0584 0.0000 0.0000 0.5300
282      282   (0)     11  : 0.2174 0.0000 0.0000 0.1676 0.3832 0.0000 0.2318
283      283   (0)     11  : 0.0000 0.0000 0.2943 0.4794 0.0000 0.0000 0.2263
284      284   (0)     11  : 0.0017 0.0000 0.0156 0.3896 0.0000 0.0831 0.5100
285      285   (0)     11  : 0.0000 0.0000 0.0600 0.1868 0.6227 0.0205 0.1101
286      286   (0)     11  : 0.0733 0.0166 0.0827 0.3029 0.0000 0.0000 0.5245
287      287   (0)     11  : 0.0000 0.0246 0.0513 0.1899 0.4423 0.0455 0.2463
288      288   (0)     11  : 0.5985 0.0108 0.0000 0.0156 0.0000 0.0178 0.3573
289      289   (0)     11  : 0.0000 0.0000 0.0000 0.0410 0.5686 0.0190 0.3715
290      290   (0)     11  : 0.4051 0.0473 0.0000 0.2434 0.0000 0.0000 0.3042
291      291   (0)     11  : 0.0690 0.0000 0.0754 0.4283 0.0000 0.1876 0.2397
292      292   (0)     12  : 0.0000 1.0000 0.0000 0.0000 0.0000 0.0000 0.0000
293      293   (0)     12  : 0.0000 0.0749 0.6572 0.0000 0.0000 0.0732 0.1947
294      294   (0)     12  : 0.0000 1.0000 0.0000 0.0000 0.0000 0.0000 0.0000
295      295   (0)     12  : 0.0000 0.9729 0.0000 0.0000 0.0000 0.0271 0.0000
296      296   (0)     12  : 0.0000 1.0000 0.0000 0.0000 0.0000 0.0000 0.0000
297      297   (0)     12  : 0.0739 0.9261 0.0000 0.0000 0.0000 0.0000 0.0000
298      298   (0)     12  : 0.0000 0.9284 0.0296 0.0000 0.0000 0.0420 0.0000
299      299   (0)     12  : 0.0000 1.0000 0.0000 0.0000 0.0000 0.0000 0.0000
300      300   (0)     12  : 0.2047 0.0655 0.1449 0.0000 0.0000 0.0000 0.5849
301      301   (0)     12  : 0.0000 0.0000 0.8342 0.0000 0.0000 0.0306 0.1353
302      302   (0)     12  : 0.0000 1.0000 0.0000 0.0000 0.0000 0.0000 0.0000
303      303   (0)     12  : 0.0000 0.9459 0.0000 0.0063 0.0000 0.0000 0.0478
304      304   (0)     12  : 0.6189 0.3811 0.0000 0.0000 0.0000 0.0000 0.0000
305      305   (0)     12  : 0.0000 0.0680 0.4289 0.0000 0.3812 0.0000 0.1220
306      306   (0)     12  : 0.0000 0.8083 0.1917 0.0000 0.0000 0.0000 0.0000
307      307   (0)     12  : 0.0000 0.9965 0.0035 0.0000 0.0000 0.0000 0.0000
308      308   (0)     12  : 0.0914 0.9086 0.0000 0.0000 0.0000 0.0000 0.0000
309      309   (0)     12  : 0.0000 0.0000 0.4980 0.0000 0.0000 0.0000 0.5020
310      310   (0)     12  : 0.0785 0.9142 0.0072 0.0000 0.0000 0.0000 0.0000
311      311   (0)     12  : 0.1805 0.6103 0.1062 0.0000 0.1030 0.0000 0.0000
312      312   (0)     12  : 0.0000 0.0190 0.5276 0.0000 0.0000 0.1627 0.2907
313      313   (0)     12  : 0.2141 0.0143 0.5961 0.0000 0.0000 0.0000 0.1755
314      314   (0)     12  : 0.2836 0.6203 0.0000 0.0000 0.0961 0.0000 0.0000
315      315   (0)     12  : 0.0000 0.9971 0.0000 0.0000 0.0000 0.0029 0.0000
316      316   (0)     12  : 0.2361 0.7629 0.0010 0.0000 0.0000 0.0000 0.0000
317      317   (0)     12  : 0.1691 0.7427 0.0000 0.0000 0.0000 0.0000 0.0882
318      318   (0)     12  : 0.0000 0.0000 0.3287 0.0000 0.0000 0.0000 0.6713
319      319   (0)     12  : 0.0014 0.8067 0.1149 0.0000 0.0000 0.0000 0.0770
320      320   (0)     12  : 0.0000 0.0000 0.4062 0.0000 0.0000 0.0000 0.5938
321      321   (0)     12  : 0.2147 0.7052 0.0000 0.0000 0.0000 0.0284 0.0518
322      322   (0)     13  : 0.7152 0.0000 0.0302 0.0000 0.2221 0.0225 0.0100
323      323   (0)     13  : 0.4608 0.0000 0.1153 0.0000 0.3104 0.0000 0.1135
324      324   (0)     13  : 0.5277 0.0000 0.0000 0.0000 0.4054 0.0000 0.0669
325      325   (0)     13  : 0.0000 0.0000 0.0000 0.0000 0.8447 0.0000 0.1553
326      326   (0)     13  : 0.3049 0.0000 0.0000 0.1549 0.0000 0.0000 0.5401
327      327   (0)     13  : 0.3600 0.0000 0.0194 0.0000 0.5162 0.0000 0.1044
328      328   (0)     13  : 0.2070 0.0000 0.0000 0.0000 0.7891 0.0000 0.0039
329      329   (0)     13  : 0.8043 0.0000 0.0499 0.1263 0.0195 0.0000 0.0000
330      330   (0)     13  : 0.3400 0.0000 0.0000 0.0971 0.4133 0.0399 0.1097
331      331   (0)     13  : 0.0000 0.0000 0.0000 0.0000 0.0000 1.0000 0.0000
332      332   (0)     13  : 0.8636 0.0000 0.0073 0.0116 0.0782 0.0000 0.0393
333      333   (0)     13  : 0.0000 0.0000 0.1594 0.0000 0.7841 0.0564 0.0000
334      334   (0)     13  : 0.1196 0.0000 0.0000 0.0000 0.7530 0.0000 0.1274
335      335   (0)     13  : 0.0000 0.0000 0.0188 0.0000 0.2899 0.0000 0.6913
336      336   (0)     13  : 0.5088 0.0000 0.0010 0.1052 0.2482 0.0001 0.1367
337      337   (0)     13  : 0.2690 0.0000 0.0000 0.0000 0.1319 0.0000 0.5991
338      338   (0)     13  : 0.7038 0.0000 0.0000 0.0313 0.0172 0.0073 0.2404
339      339   (0)     13  : 0.0000 0.0000 0.2037 0.1927 0.0000 0.0000 0.6036
340      340   (0)     13  : 0.6492 0.0058 0.1354 0.0000 0.0000 0.0000 0.2096
341      341   (0)     13  : 0.7981 0.0000 0.0000 0.0188 0.0000 0.0000 0.1831
342      342   (0)     13  : 0.0450 0.0000 0.0000 0.0000 0.2535 0.0000 0.7015
343      343   (0)     13  : 0.0276 0.0000 0.0000 0.1474 0.4205 0.0000 0.4045
344      344   (0)     13  : 0.3657 0.0000 0.0000 0.0125 0.4019 0.0000 0.2199
345      345   (0)     13  : 0.3917 0.5033 0.0000 0.0000 0.0000 0.0000 0.1050
346      346   (0)     13  : 0.5571 0.0000 0.1652 0.0000 0.0000 0.0000 0.2777
347      347   (0)     13  : 0.3492 0.0000 0.0000 0.0000 0.5294 0.0037 0.1177
348      348   (0)     13  : 0.0000 0.0000 0.0000 0.1178 0.5969 0.0303 0.2551
349      349   (0)     13  : 0.3583 0.0000 0.0861 0.1653 0.2446 0.0878 0.0579
350      350   (0)     13  : 0.2983 0.6997 0.0000 0.0000 0.0000 0.0020 0.0000
351      351   (0)     13  : 0.0000 0.0000 0.0000 0.0000 0.9017 0.0000 0.0983
