1        1   (0)      1  : 0.5381 0.0201 0.0000 0.4418
2        2   (0)      1  : 0.4742 0.0051 0.1446 0.3761
3        3   (0)      1  : 0.1395 0.5820 0.0748 0.2037
4        4   (0)      1  : 0.3663 0.0000 0.0000 0.6337
5        5   (0)      1  : 0.0000 0.0378 0.1872 0.7751
6        6   (0)      1  : 0.6243 0.2042 0.0117 0.1597
7        7   (0)      2  : 0.0663 0.0000 0.0000 0.9337
8        8   (0)      1  : 0.3185 0.0157 0.0000 0.6658
9        9   (0)      3  : 0.4602 0.0000 0.5398 0.0000
10       10   (0)      4  : 0.0000 0.0540 0.6004 0.3456
11       11   (0)      4  : 0.4669 0.0000 0.4529 0.0802
12       12   (0)      4  : 0.3847 0.0508 0.4274 0.1371
13       13   (0)      4  : 0.0000 0.0329 0.5073 0.4597
14       14   (0)      4  : 0.2065 0.0000 0.5989 0.1945
15       15   (0)      4  : 0.5203 0.4797 0.0000 0.0000
16       16   (0)      5  : 0.5530 0.0000 0.2712 0.1758
17       17   (0)      4  : 0.4090 0.0140 0.4610 0.1160
18       18   (0)      5  : 0.3086 0.0000 0.4703 0.2211
19       19   (0)      5  : 0.3244 0.0000 0.6722 0.0034
20       20   (0)      5  : 0.2593 0.0000 0.6598 0.0808
21       21   (0)      5  : 0.1958 0.0000 0.8042 0.0000
22       22   (0)      5  : 0.5253 0.0157 0.4580 0.0010
23       23   (0)      5  : 0.3695 0.0000 0.6305 0.0000
24       24   (0)      5  : 0.3017 0.0240 0.5183 0.1560
25       25   (0)      5  : 0.3121 0.0178 0.6701 0.0000
26       26   (0)      5  : 0.1576 0.0000 0.7509 0.0915
27       27   (0)      5  : 0.4199 0.0000 0.5801 0.0000
28       28   (0)      5  : 0.0000 0.0000 1.0000 0.0000
29       29   (0)      5  : 0.6600 0.0000 0.3400 0.0000
30       30   (0)      5  : 0.4481 0.0000 0.4419 0.1101
31       31   (0)      5  : 0.2191 0.0215 0.7594 0.0000
32       32   (0)      5  : 0.8202 0.0000 0.1798 0.0000
33       33   (0)      5  : 0.6672 0.0000 0.3328 0.0000
34       34   (0)      5  : 0.6347 0.0000 0.3390 0.0263
35       35   (0)      5  : 0.1497 0.0000 0.8503 0.0000
36       36   (0)      5  : 0.3947 0.0000 0.6053 0.0000
37       37   (0)      5  : 0.1193 0.0000 0.7727 0.1080
38       38   (0)      5  : 0.2692 0.0000 0.6970 0.0337
39       39   (0)      5  : 0.3817 0.0000 0.6183 0.0000
40       40   (0)      5  : 0.4043 0.0000 0.5957 0.0000
41       41   (0)      5  : 0.5311 0.0000 0.4689 0.0000
42       42   (0)      5  : 0.1044 0.6643 0.0000 0.2314
43       43   (0)      5  : 0.3211 0.0000 0.5050 0.1739
44       44   (0)      4  : 0.0000 0.0098 0.9572 0.0330
45       45   (0)      4  : 0.3922 0.0440 0.3601 0.2038
46       46   (0)      4  : 0.6564 0.0250 0.2703 0.0483
47       47   (0)      4  : 0.4703 0.0000 0.4268 0.1029
48       48   (0)      5  : 0.5097 0.0515 0.3352 0.1036
49       49   (0)      4  : 0.5165 0.0000 0.4515 0.0319
50       50   (0)      4  : 0.3948 0.4834 0.0000 0.1218
51       51   (0)      4  : 0.2532 0.0637 0.4887 0.1943
52       52   (0)      4  : 0.3339 0.6060 0.0244 0.0356
53       53   (0)      4  : 0.2015 0.0000 0.6693 0.1291
54       54   (0)      4  : 0.3603 0.5864 0.0113 0.0421
55       55   (0)      4  : 0.4089 0.4611 0.0971 0.0329
56       56   (0)      4  : 0.1301 0.0000 0.7667 0.1032
57       57   (0)      5  : 0.4166 0.0537 0.4060 0.1237
58       58   (0)      4  : 0.5414 0.4364 0.0003 0.0219
59       59   (0)      4  : 0.2311 0.5571 0.0833 0.1284
60       60   (0)      4  : 0.6335 0.0074 0.2788 0.0802
61       61   (0)      5  : 0.3945 0.0000 0.3550 0.2506
62       62   (0)      6  : 0.1905 0.3771 0.1300 0.3024
63       63   (0)      6  : 0.2325 0.6276 0.0000 0.1399
64       64   (0)      6  : 0.0000 0.0000 0.0320 0.9680
65       65   (0)      6  : 0.5351 0.0000 0.3350 0.1299
66       66   (0)      6  : 0.0000 0.0158 0.4667 0.5175
67       67   (0)      6  : 0.3462 0.0000 0.0000 0.6538
68       68   (0)      6  : 0.5544 0.0009 0.0497 0.3951
69       69   (0)      6  : 0.7236 0.0111 0.0998 0.1655
70       70   (0)      6  : 0.6462 0.0000 0.1452 0.2086
71       71   (0)      6  : 0.5782 0.0000 0.1722 0.2497
72       72   (0)      7  : 0.4002 0.0000 0.4634 0.1364
73       73   (0)      7  : 0.5218 0.0064 0.2048 0.2669
74       74   (0)      7  : 0.3074 0.0173 0.3839 0.2914
75       75   (0)      7  : 0.2208 0.0514 0.4014 0.3263
76       76   (0)      7  : 0.0229 0.0000 0.8522 0.1248
77       77   (0)      7  : 0.0945 0.0266 0.5177 0.3612
78       78   (0)      7  : 0.1386 0.0000 0.4568 0.4046
79       79   (0)      7  : 0.6242 0.0000 0.1948 0.1810
80       80   (0)      7  : 0.2473 0.0000 0.5249 0.2277
81       81   (0)      7  : 0.0000 0.0000 0.8404 0.1596
82       82   (0)      7  : 0.4805 0.0922 0.2282 0.1992
83       83   (0)      7  : 0.1329 0.5744 0.0000 0.2926
84       84   (0)      7  : 0.3337 0.0000 0.4939 0.1724
85       85   (0)      7  : 0.0000 0.0000 0.7947 0.2053
86       86   (0)      7  : 0.4487 0.4802 0.0000 0.0711
87       87   (0)      7  : 0.6146 0.0000 0.2554 0.1300
88       88   (0)      7  : 0.3459 0.5589 0.0058 0.0894
89       89   (0)      7  : 0.3648 0.0119 0.6232 0.0000
90       90   (0)      7  : 0.7119 0.0000 0.2443 0.0438
91       91   (0)      7  : 0.3791 0.0000 0.5128 0.1082
92       92   (0)      7  : 0.0329 0.0399 0.7156 0.2116
93       93   (0)      7  : 0.5232 0.0000 0.3729 0.1039
94       94   (0)      7  : 0.0000 0.0000 0.7262 0.2738
95       95   (0)      7  : 0.1953 0.0370 0.5888 0.1789
96       96   (0)      7  : 0.0000 0.0000 0.7924 0.2076
97       97   (0)      7  : 0.0000 0.0000 0.9017 0.0983
98       98   (0)      7  : 0.0000 0.0000 0.8982 0.1018
99       99   (0)      7  : 0.0771 0.5134 0.0186 0.3909
100      100   (0)      6  : 0.2956 0.0000 0.1575 0.5470
101      101   (0)      6  : 0.2595 0.0000 0.1980 0.5425
102      102   (0)      6  : 0.6851 0.0015 0.0614 0.2520
103      103   (0)      6  : 0.4904 0.0000 0.0008 0.5089
104      104   (0)      6  : 0.6317 0.0026 0.0000 0.3657
105      105   (0)      6  : 0.2500 0.0000 0.1981 0.5518
106      106   (0)      6  : 0.5571 0.0000 0.0053 0.4376
107      107   (0)      6  : 0.3971 0.0208 0.0165 0.5656
108      108   (0)      6  : 0.1360 0.5463 0.0000 0.3177
109      109   (0)      7  : 0.4929 0.0020 0.3108 0.1944
110      110   (0)      7  : 0.0000 0.0874 0.4337 0.4789
111      111   (0)      8  : 0.0746 0.0043 0.0933 0.8277
112      112   (0)      6  : 0.0000 0.0000 0.0000 1.0000
113      113   (0)      6  : 0.0000 0.5803 0.0000 0.4197
114      114   (0)      6  : 0.0000 0.0000 0.3209 0.6791
115      115   (0)      6  : 0.0000 0.4860 0.0688 0.4452
116      116   (0)      6  : 0.1160 0.0166 0.2058 0.6617
117      117   (0)      6  : 0.3918 0.0000 0.0000 0.6082
118      118   (0)      6  : 0.3565 0.0000 0.0000 0.6435
119      119   (0)      6  : 0.0000 0.0000 0.0921 0.9079
120      120   (0)      6  : 0.1314 0.0000 0.0000 0.8686
121      121   (0)      6  : 0.0000 0.5660 0.0000 0.4340
122      122   (0)      9  : 0.3635 0.0555 0.4088 0.1722
123      123   (0)      9  : 0.6913 0.0214 0.2778 0.0095
124      124   (0)      9  : 0.6036 0.0469 0.3362 0.0134
125      125   (0)      9  : 0.5959 0.0000 0.4023 0.0018
126      126   (0)      9  : 0.3987 0.0000 0.5835 0.0178
127      127   (0)      9  : 0.4172 0.0000 0.5828 0.0000
128      128   (0)      9  : 0.6887 0.0048 0.3065 0.0000
129      129   (0)      9  : 0.6670 0.0426 0.2900 0.0004
130      130   (0)      9  : 0.3618 0.0000 0.4798 0.1584
131      131   (0)      9  : 0.5943 0.0000 0.3250 0.0807
132      132   (0)      9  : 0.7042 0.0075 0.2883 0.0000
133      133   (0)      9  : 0.3506 0.0000 0.4555 0.1939
134      134   (0)      9  : 0.0000 0.0541 0.6652 0.2807
135      135   (0)      9  : 0.9677 0.0000 0.0323 0.0000
136      136   (0)      9  : 0.3602 0.0164 0.5171 0.1062
137      137   (0)      9  : 0.5220 0.0000 0.2975 0.1805
138      138   (0)      9  : 0.6874 0.0082 0.3043 0.0000
139      139   (0)      9  : 0.5756 0.0000 0.3105 0.1139
140      140   (0)      9  : 0.7489 0.0000 0.2511 0.0000
141      141   (0)      9  : 0.4110 0.0000 0.5889 0.0001
142      142   (0)      9  : 0.5480 0.0000 0.2504 0.2016
143      143   (0)      9  : 0.0000 0.0654 0.4758 0.4588
144      144   (0)      9  : 0.5100 0.0296 0.2968 0.1636
145      145   (0)      3  : 0.4996 0.0000 0.5004 0.0000
146      146   (0)      3  : 0.5417 0.4241 0.0342 0.0000
147      147   (0)      3  : 0.9373 0.0000 0.0627 0.0000
148      148   (0)      3  : 0.5663 0.0629 0.3708 0.0000
149      149   (0)      3  : 0.7001 0.0000 0.2999 0.0000
150      150   (0)      3  : 0.6571 0.0216 0.3213 0.0000
151      151   (0)      3  : 0.5315 0.0000 0.4685 0.0000
152      152   (0)      3  : 0.5546 0.0000 0.4454 0.0000
153      153   (0)      3  : 0.4716 0.0076 0.5208 0.0000
154      154   (0)      3  : 0.2980 0.0081 0.6138 0.0801
155      155   (0)      3  : 0.1327 0.0778 0.7445 0.0450
156      156   (0)      3  : 0.4120 0.0746 0.5134 0.0000
157      157   (0)      3  : 0.5043 0.0259 0.4282 0.0417
158      158   (0)      3  : 0.4402 0.0033 0.5022 0.0542
159      159   (0)      3  : 0.4131 0.5869 0.0000 0.0000
160      160   (0)      3  : 0.6089 0.0000 0.2739 0.1171
161      161   (0)      3  : 0.6913 0.0000 0.2761 0.0326
162      162   (0)      3  : 0.5455 0.0000 0.4545 0.0000
163      163   (0)      3  : 0.5326 0.0000 0.4674 0.0000
164      164   (0)      3  : 0.4985 0.0000 0.5015 0.0000
165      165   (0)      3  : 0.6775 0.0078 0.2800 0.0347
166      166   (0)      3  : 0.4524 0.0000 0.5476 0.0000
167      167   (0)      3  : 0.7927 0.0000 0.2073 0.0000
168      168   (0)      3  : 0.4285 0.0174 0.5502 0.0039
169      169   (0)      3  : 0.4426 0.0000 0.5564 0.0010
170      170   (0)      3  : 0.6524 0.0061 0.3415 0.0000
171      171   (0)      3  : 0.3590 0.0000 0.5110 0.1300
172      172   (0)      3  : 0.5281 0.0000 0.4392 0.0326
173      173   (0)      3  : 0.5510 0.0000 0.4267 0.0223
174      174   (0)      9  : 0.5112 0.0000 0.4305 0.0583
175      175   (0)      9  : 0.0000 0.0233 0.6189 0.3579
176      176   (0)      9  : 0.7311 0.0058 0.2517 0.0114
177      177   (0)      9  : 0.3612 0.0000 0.2947 0.3440
178      178   (0)      9  : 0.6126 0.0000 0.2736 0.1138
179      179   (0)      9  : 0.4990 0.0188 0.4031 0.0792
180      180   (0)      9  : 0.4279 0.0002 0.3786 0.1933
181      181   (0)      1  : 0.6302 0.0000 0.0487 0.3211
182      182   (0)      1  : 0.6136 0.0041 0.0000 0.3823
183      183   (0)      1  : 0.5956 0.0000 0.0075 0.3969
184      184   (0)      1  : 0.5901 0.0187 0.0000 0.3913
185      185   (0)      1  : 0.6914 0.0000 0.0000 0.3086
186      186   (0)      1  : 0.5071 0.0068 0.2382 0.2479
187      187   (0)      1  : 0.6121 0.0000 0.0000 0.3879
188      188   (0)      1  : 0.8649 0.0000 0.0000 0.1351
189      189   (0)      2  : 0.8283 0.0119 0.0000 0.1598
190      190   (0)      2  : 0.6055 0.0004 0.2853 0.1088
191      191   (0)      2  : 0.6864 0.0000 0.1922 0.1214
192      192   (0)      2  : 0.5626 0.0000 0.3023 0.1351
193      193   (0)      2  : 0.8569 0.0000 0.1060 0.0370
194      194   (0)      2  : 0.8311 0.0000 0.1688 0.0000
195      195   (0)      2  : 0.5100 0.0000 0.0006 0.4893
196      196   (0)      2  : 0.4933 0.0000 0.3116 0.1951
197      197   (0)      1  : 0.8303 0.0000 0.0891 0.0807
198      198   (0)      1  : 0.3369 0.0000 0.0000 0.6631
199      199   (0)      1  : 0.5313 0.0000 0.1069 0.3618
200      200   (0)      1  : 0.2833 0.0001 0.0000 0.7166
201      201   (0)      1  : 0.4443 0.0000 0.0000 0.5557
202      202   (0)      1  : 0.0000 0.0000 0.0000 1.0000
203      203   (0)      2  : 0.4799 0.2892 0.1027 0.1282
204      204   (0)      2  : 0.5842 0.0000 0.0079 0.4078
205      205   (0)      2  : 0.3249 0.6066 0.0685 0.0000
206      206   (0)      2  : 0.6719 0.0000 0.1444 0.1837
207      207   (0)      2  : 0.8745 0.0247 0.0000 0.1008
208      208   (0)      2  : 0.8197 0.0410 0.1003 0.0390
209      209   (0)      2  : 0.6378 0.0000 0.1472 0.2150
210      210   (0)      1  : 0.6332 0.0000 0.0000 0.3668
211      211   (0)      1  : 0.2162 0.0000 0.2251 0.5588
212      212   (0)      1  : 0.3081 0.0000 0.0781 0.6138
213      213   (0)      1  : 0.3901 0.0000 0.0000 0.6099
214      214   (0)      1  : 0.7793 0.0000 0.0000 0.2207
215      215   (0)      1  : 0.2347 0.0000 0.0000 0.7653
216      216   (0)      1  : 0.2286 0.0000 0.0000 0.7714
217      217   (0)      1  : 0.5096 0.0000 0.0655 0.4248
218      218   (0)      2  : 0.7802 0.0000 0.0000 0.2198
219      219   (0)      2  : 0.5847 0.0000 0.2155 0.1998
220      220   (0)      2  : 0.4570 0.0081 0.0801 0.4548
221      221   (0)      2  : 0.5272 0.0000 0.2398 0.2330
222      222   (0)      2  : 0.5573 0.0164 0.0344 0.3919
223      223   (0)      2  : 0.9644 0.0000 0.0081 0.0275
224      224   (0)      2  : 0.7518 0.0000 0.1152 0.1330
225      225   (0)      2  : 0.6179 0.0000 0.0921 0.2900
226      226   (0)      2  : 0.8122 0.0000 0.0005 0.1874
227      227   (0)      2  : 0.9093 0.0000 0.0568 0.0339
228      228   (0)      2  : 0.8017 0.0000 0.0000 0.1983
229      229   (0)      2  : 0.4854 0.4545 0.0000 0.0601
230      230   (0)      2  : 0.5274 0.0023 0.3613 0.1090
231      231   (0)      2  : 0.8379 0.0008 0.1079 0.0534
232      232   (0)     10  : 0.9388 0.0154 0.0000 0.0458
233      233   (0)     10  : 0.7344 0.0000 0.1341 0.1315
234      234   (0)     10  : 0.5078 0.0000 0.0804 0.4118
235      235   (0)     10  : 0.5250 0.0027 0.0754 0.3969
236      236   (0)     10  : 0.7163 0.0064 0.1172 0.1600
237      237   (0)     10  : 0.6672 0.0000 0.0732 0.2596
238      238   (0)     10  : 0.9009 0.0000 0.0989 0.0002
239      239   (0)     10  : 0.7377 0.0000 0.0000 0.2623
240      240   (0)     10  : 0.5591 0.0000 0.0678 0.3731
241      241   (0)     10  : 0.7540 0.0000 0.1412 0.1048
242      242   (0)     10  : 0.5328 0.0000 0.4664 0.0008
243      243   (0)     10  : 0.8977 0.0000 0.0000 0.1023
244      244   (0)     10  : 0.8062 0.0000 0.0000 0.1938
245      245   (0)     10  : 0.8998 0.0000 0.0442 0.0560
246      246   (0)     10  : 0.8985 0.0065 0.0000 0.0950
247      247   (0)     10  : 0.9027 0.0281 0.0692 0.0000
248      248   (0)     10  : 0.8125 0.0003 0.0901 0.0971
249      249   (0)     10  : 0.9557 0.0060 0.0383 0.0000
250      250   (0)     10  : 0.6854 0.0000 0.0671 0.2476
251      251   (0)     10  : 0.3904 0.0000 0.0000 0.6096
252      252   (0)     10  : 0.9788 0.0212 0.0000 0.0000
253      253   (0)     10  : 0.8426 0.0000 0.0777 0.0796
254      254   (0)     10  : 0.5801 0.0000 0.0000 0.4199
255      255   (0)     10  : 0.7281 0.0000 0.0000 0.2719
256      256   (0)     10  : 0.4147 0.5853 0.0000 0.0000
257      257   (0)     10  : 0.9603 0.0000 0.0000 0.0397
258      258   (0)     10  : 0.6171 0.0000 0.0000 0.3829
259      259   (0)     10  : 0.9378 0.0000 0.0000 0.0622
260      260   (0)     10  : 0.8068 0.0172 0.0000 0.1760
261      261   (0)     10  : 0.6934 0.0151 0.0707 0.2209
262      262   (0)     11  : 0.3928 0.0210 0.1703 0.4158
263      263   (0)     11  : 0.7238 0.0000 0.0000 0.2762
264      264   (0)     11  : 0.9342 0.0000 0.0000 0.0658
265      265   (0)     11  : 0.0001 0.5969 0.0000 0.4031
266      266   (0)     11  : 0.9419 0.0135 0.0000 0.0446
267      267   (0)     11  : 0.0000 0.7174 0.0000 0.2826
268      268   (0)     11  : 0.9250 0.0000 0.0000 0.0750
269      269   (0)     11  : 0.7191 0.0000 0.1323 0.1486
270      270   (0)     11  : 0.8938 0.0000 0.0000 0.1062
271      271   (0)     11  : 0.4944 0.0000 0.0000 0.5056
272      272   (0)     11  : 0.5549 0.0010 0.0000 0.4440
273      273   (0)     11  : 0.0000 0.1663 0.3798 0.4539
274      274   (0)     11  : 0.3186 0.5065 0.0000 0.1749
275      275   (0)     11  : 0.6458 0.0000 0.0210 0.3333
276      276   (0)     11  : 0.3662 0.2367 0.3328 0.0643
277      277   (0)     11  : 0.5397 0.0498 0.0328 0.3777
278      278   (0)     11  : 0.5012 0.0555 0.1979 0.2454
279      279   (0)     11  : 0.0000 0.0000 0.0000 1.0000
280      280   (0)     11  : 0.6197 0.0629 0.1817 0.1358
281      281   (0)     11  : 0.4749 0.0000 0.0000 0.5251
282      282   (0)     11  : 0.7640 0.0072 0.0000 0.2288
283      283   (0)     11  : 0.0442 0.0000 0.3602 0.5956
284      284   (0)     11  : 0.1527 0.0000 0.0773 0.7700
285      285   (0)     11  : 0.6689 0.0000 0.1202 0.2109
286      286   (0)     11  : 0.3630 0.0340 0.0797 0.5233
287      287   (0)     11  : 0.5896 0.0551 0.0680 0.2873
288      288   (0)     11  : 0.7306 0.0344 0.0033 0.2318
289      289   (0)     11  : 0.6861 0.0000 0.0000 0.3139
290      290   (0)     11  : 0.4252 0.0519 0.0257 0.4971
291      291   (0)     11  : 0.0916 0.0034 0.2136 0.6913
292      292   (0)     12  : 0.0000 1.0000 0.0000 0.0000
293      293   (0)     12  : 0.0000 0.1622 0.8378 0.0000
294      294   (0)     12  : 0.0000 1.0000 0.0000 0.0000
295      295   (0)     12  : 0.0000 1.0000 0.0000 0.0000
296      296   (0)     12  : 0.0000 1.0000 0.0000 0.0000
297      297   (0)     12  : 0.0147 0.9853 0.0000 0.0000
298      298   (0)     12  : 0.0000 1.0000 0.0000 0.0000
299      299   (0)     12  : 0.0000 1.0000 0.0000 0.0000
300      300   (0)     12  : 0.5019 0.0927 0.3160 0.0894
301      301   (0)     12  : 0.0000 0.0000 1.0000 0.0000
302      302   (0)     12  : 0.0000 1.0000 0.0000 0.0000
303      303   (0)     12  : 0.0000 0.9670 0.0000 0.0330
304      304   (0)     12  : 0.5497 0.4503 0.0000 0.0000
305      305   (0)     12  : 0.5009 0.0798 0.4194 0.0000
306      306   (0)     12  : 0.0000 0.8408 0.1592 0.0000
307      307   (0)     12  : 0.0000 1.0000 0.0000 0.0000
308      308   (0)     12  : 0.0419 0.9581 0.0000 0.0000
309      309   (0)     12  : 0.2893 0.0477 0.5828 0.0802
310      310   (0)     12  : 0.0361 0.9639 0.0000 0.0000
311      311   (0)     12  : 0.2404 0.6506 0.1090 0.0000
312      312   (0)     12  : 0.0000 0.0717 0.8521 0.0761
313      313   (0)     12  : 0.3141 0.0264 0.6595 0.0000
314      314   (0)     12  : 0.3344 0.6656 0.0000 0.0000
315      315   (0)     12  : 0.0000 1.0000 0.0000 0.0000
316      316   (0)     12  : 0.1847 0.8153 0.0000 0.0000
317      317   (0)     12  : 0.1898 0.8102 0.0000 0.0000
318      318   (0)     12  : 0.4731 0.0001 0.5096 0.0173
319      319   (0)     12  : 0.0377 0.8522 0.1069 0.0031
320      320   (0)     12  : 0.3060 0.0785 0.4762 0.1393
321      321   (0)     12  : 0.1877 0.8122 0.0000 0.0001
322      322   (0)     13  : 0.9105 0.0000 0.0895 0.0000
323      323   (0)     13  : 0.9237 0.0000 0.0763 0.0000
324      324   (0)     13  : 1.0000 0.0000 0.0000 0.0000
325      325   (0)     13  : 1.0000 0.0000 0.0000 0.0000
326      326   (0)     13  : 0.5603 0.0000 0.0000 0.4397
327      327   (0)     13  : 0.9228 0.0000 0.0473 0.0299
328      328   (0)     13  : 0.9900 0.0000 0.0080 0.0019
329      329   (0)     13  : 0.8660 0.0000 0.0660 0.0680
330      330   (0)     13  : 0.8223 0.0000 0.0490 0.1288
331      331   (0)     13  : 0.0000 0.0059 0.4991 0.4950
332      332   (0)     13  : 0.9063 0.0000 0.0547 0.0390
333      333   (0)     13  : 0.7490 0.0000 0.2510 0.0000
334      334   (0)     13  : 1.0000 0.0000 0.0000 0.0000
335      335   (0)     13  : 0.7462 0.0000 0.1442 0.1096
336      336   (0)     13  : 0.8616 0.0000 0.0071 0.1314
337      337   (0)     13  : 0.7684 0.0173 0.0000 0.2143
338      338   (0)     13  : 0.8820 0.0000 0.0101 0.1079
339      339   (0)     13  : 0.4195 0.0021 0.2681 0.3103
340      340   (0)     13  : 0.7466 0.0211 0.1663 0.0659
341      341   (0)     13  : 0.8462 0.0000 0.0000 0.1538
342      342   (0)     13  : 0.8519 0.0000 0.0000 0.1481
343      343   (0)     13  : 0.7492 0.0000 0.0000 0.2508
344      344   (0)     13  : 0.9538 0.0000 0.0000 0.0462
345      345   (0)     13  : 0.3602 0.5378 0.0000 0.1020
346      346   (0)     13  : 0.7545 0.0000 0.2455 0.0000
347      347   (0)     13  : 0.9755 0.0000 0.0245 0.0000
348      348   (0)     13  : 0.7795 0.0000 0.0001 0.2204
349      349   (0)     13  : 0.6268 0.0000 0.1755 0.1977
350      350   (0)     13  : 0.2380 0.7620 0.0000 0.0000
351      351   (0)     13  : 0.9863 0.0137 0.0000 0.0000
