1        1   (0)      1  : 0.5299 0.0000 0.0000 0.4474 0.0227
2        2   (0)      1  : 0.4532 0.0000 0.1171 0.3939 0.0358
3        3   (0)      1  : 0.0000 0.8302 0.0814 0.0000 0.0884
4        4   (0)      1  : 0.3534 0.0000 0.0000 0.6466 0.0000
5        5   (0)      1  : 0.0000 0.0000 0.1002 0.8000 0.0998
6        6   (0)      1  : 0.4557 0.4386 0.0085 0.0971 0.0000
7        7   (0)      2  : 0.0758 0.0000 0.0000 0.9242 0.0000
8        8   (0)      1  : 0.2801 0.0000 0.0000 0.6917 0.0282
9        9   (0)      3  : 0.4384 0.0000 0.5616 0.0000 0.0000
10       10   (0)      4  : 0.0000 0.0632 0.5984 0.3098 0.0286
11       11   (0)      4  : 0.4330 0.0000 0.4632 0.0994 0.0044
12       12   (0)      4  : 0.3684 0.0163 0.3884 0.1443 0.0827
13       13   (0)      4  : 0.0000 0.2124 0.4958 0.2918 0.0000
14       14   (0)      4  : 0.1722 0.0299 0.6144 0.1834 0.0000
15       15   (0)      4  : 0.2102 0.7898 0.0000 0.0000 0.0000
16       16   (0)      5  : 0.5225 0.0234 0.2828 0.1713 0.0000
17       17   (0)      4  : 0.3318 0.1668 0.4721 0.0293 0.0000
18       18   (0)      5  : 0.2808 0.0000 0.4914 0.2278 0.0000
19       19   (0)      5  : 0.3046 0.0000 0.6883 0.0071 0.0000
20       20   (0)      5  : 0.2421 0.0448 0.6676 0.0455 0.0000
21       21   (0)      5  : 0.1635 0.0000 0.8365 0.0000 0.0000
22       22   (0)      5  : 0.5093 0.0000 0.4252 0.0015 0.0639
23       23   (0)      5  : 0.3480 0.0000 0.6520 0.0000 0.0000
24       24   (0)      5  : 0.2937 0.0000 0.4754 0.1620 0.0689
25       25   (0)      5  : 0.2993 0.0000 0.6674 0.0000 0.0333
26       26   (0)      5  : 0.1238 0.0141 0.7621 0.0999 0.0000
27       27   (0)      5  : 0.4042 0.0000 0.5958 0.0000 0.0000
28       28   (0)      5  : 0.0000 0.0000 1.0000 0.0000 0.0000
29       29   (0)      5  : 0.6397 0.0000 0.3603 0.0000 0.0000
30       30   (0)      5  : 0.4168 0.0127 0.4634 0.1072 0.0000
31       31   (0)      5  : 0.2075 0.0000 0.6958 0.0000 0.0966
32       32   (0)      5  : 0.7880 0.0000 0.2120 0.0000 0.0000
33       33   (0)      5  : 0.6436 0.0000 0.3564 0.0000 0.0000
34       34   (0)      5  : 0.6038 0.0000 0.3652 0.0310 0.0000
35       35   (0)      5  : 0.1329 0.0000 0.8671 0.0000 0.0000
36       36   (0)      5  : 0.3804 0.0000 0.6005 0.0000 0.0191
37       37   (0)      5  : 0.1082 0.0000 0.7849 0.1069 0.0000
38       38   (0)      5  : 0.2377 0.0050 0.7017 0.0557 0.0000
39       39   (0)      5  : 0.3566 0.0000 0.5908 0.0000 0.0527
40       40   (0)      5  : 0.3918 0.0000 0.6082 0.0000 0.0000
41       41   (0)      5  : 0.5037 0.0000 0.4963 0.0000 0.0000
42       42   (0)      5  : 0.0000 0.9657 0.0000 0.0343 0.0000
43       43   (0)      5  : 0.3084 0.0000 0.4839 0.1737 0.0341
44       44   (0)      4  : 0.0000 0.0711 0.9289 0.0000 0.0000
45       45   (0)      4  : 0.3656 0.0682 0.3268 0.1829 0.0566
46       46   (0)      4  : 0.5948 0.1215 0.2837 0.0000 0.0000
47       47   (0)      4  : 0.4425 0.0109 0.4534 0.0932 0.0000
48       48   (0)      5  : 0.5056 0.0242 0.3015 0.0933 0.0755
49       49   (0)      4  : 0.4956 0.0000 0.4637 0.0407 0.0000
50       50   (0)      4  : 0.0794 0.9206 0.0000 0.0000 0.0000
51       51   (0)      4  : 0.2397 0.0000 0.4737 0.1972 0.0893
52       52   (0)      4  : 0.0401 0.8843 0.0000 0.0000 0.0756
53       53   (0)      4  : 0.1802 0.0000 0.6848 0.1350 0.0000
54       54   (0)      4  : 0.0000 1.0000 0.0000 0.0000 0.0000
55       55   (0)      4  : 0.0917 0.8244 0.0839 0.0000 0.0000
56       56   (0)      4  : 0.1062 0.0321 0.7761 0.0856 0.0000
57       57   (0)      5  : 0.4239 0.0000 0.3503 0.1174 0.1085
58       58   (0)      4  : 0.3337 0.5732 0.0000 0.0000 0.0931
59       59   (0)      4  : 0.0000 0.9199 0.0801 0.0000 0.0000
60       60   (0)      4  : 0.5693 0.0758 0.2963 0.0587 0.0000
61       61   (0)      5  : 0.3606 0.0413 0.3706 0.2275 0.0000
62       62   (0)      6  : 0.0000 0.7480 0.1318 0.1202 0.0000
63       63   (0)      6  : 0.0443 0.8164 0.0000 0.0000 0.1393
64       64   (0)      6  : 0.0000 0.0000 0.0170 0.9830 0.0000
65       65   (0)      6  : 0.5123 0.0000 0.3483 0.1394 0.0000
66       66   (0)      6  : 0.0000 0.0923 0.4632 0.4445 0.0000
67       67   (0)      6  : 0.3323 0.0000 0.0000 0.6677 0.0000
68       68   (0)      6  : 0.5239 0.0267 0.0538 0.3956 0.0000
69       69   (0)      6  : 0.6819 0.0609 0.1146 0.1426 0.0000
70       70   (0)      6  : 0.6323 0.0000 0.1588 0.2089 0.0000
71       71   (0)      6  : 0.5540 0.0000 0.1878 0.2582 0.0000
72       72   (0)      7  : 0.3556 0.0406 0.4723 0.1316 0.0000
73       73   (0)      7  : 0.4549 0.1080 0.2168 0.2203 0.0000
74       74   (0)      7  : 0.2829 0.0286 0.3591 0.2854 0.0439
75       75   (0)      7  : 0.1523 0.1150 0.4042 0.3132 0.0154
76       76   (0)      7  : 0.0095 0.0000 0.8321 0.1377 0.0207
77       77   (0)      7  : 0.0813 0.0000 0.4439 0.3438 0.1309
78       78   (0)      7  : 0.1057 0.0583 0.4625 0.3735 0.0000
79       79   (0)      7  : 0.5921 0.0191 0.2160 0.1729 0.0000
80       80   (0)      7  : 0.2231 0.0000 0.5359 0.2411 0.0000
81       81   (0)      7  : 0.0000 0.0000 0.8248 0.1752 0.0000
82       82   (0)      7  : 0.4573 0.0572 0.1926 0.2043 0.0886
83       83   (0)      7  : 0.0000 0.8228 0.0000 0.1120 0.0651
84       84   (0)      7  : 0.2795 0.0550 0.5090 0.1566 0.0000
85       85   (0)      7  : 0.0000 0.0000 0.7867 0.2118 0.0015
86       86   (0)      7  : 0.1798 0.8202 0.0000 0.0000 0.0000
87       87   (0)      7  : 0.5855 0.0000 0.2714 0.1431 0.0000
88       88   (0)      7  : 0.0799 0.9016 0.0185 0.0000 0.0000
89       89   (0)      7  : 0.3373 0.0307 0.6283 0.0000 0.0037
90       90   (0)      7  : 0.6749 0.0272 0.2664 0.0314 0.0000
91       91   (0)      7  : 0.3507 0.0000 0.5355 0.1138 0.0000
92       92   (0)      7  : 0.0214 0.0000 0.6306 0.2279 0.1200
93       93   (0)      7  : 0.4701 0.0567 0.3823 0.0909 0.0000
94       94   (0)      7  : 0.0000 0.0000 0.7203 0.2797 0.0000
95       95   (0)      7  : 0.1882 0.0000 0.5411 0.1662 0.1046
96       96   (0)      7  : 0.0000 0.0000 0.7944 0.2056 0.0000
97       97   (0)      7  : 0.0000 0.0000 0.8377 0.0884 0.0739
98       98   (0)      7  : 0.0000 0.0000 0.8898 0.1045 0.0057
99       99   (0)      7  : 0.0000 0.7487 0.0300 0.1978 0.0234
100      100   (0)      6  : 0.2716 0.0000 0.1802 0.5481 0.0000
101      101   (0)      6  : 0.2237 0.0400 0.2132 0.5231 0.0000
102      102   (0)      6  : 0.6318 0.0697 0.0776 0.2208 0.0000
103      103   (0)      6  : 0.4576 0.0137 0.0170 0.5116 0.0000
104      104   (0)      6  : 0.6033 0.0357 0.0001 0.3609 0.0000
105      105   (0)      6  : 0.2336 0.0000 0.1996 0.5668 0.0000
106      106   (0)      6  : 0.5232 0.0490 0.0093 0.4185 0.0000
107      107   (0)      6  : 0.3870 0.0000 0.0000 0.5654 0.0475
108      108   (0)      6  : 0.0000 0.9157 0.0000 0.0843 0.0000
109      109   (0)      7  : 0.4629 0.0189 0.3230 0.1952 0.0000
110      110   (0)      7  : 0.0000 0.1966 0.4248 0.3787 0.0000
111      111   (0)      8  : 0.0364 0.1211 0.0812 0.7614 0.0000
112      112   (0)      6  : 0.0000 0.0000 0.0000 1.0000 0.0000
113      113   (0)      6  : 0.0000 0.9248 0.0000 0.0752 0.0000
114      114   (0)      6  : 0.0000 0.0000 0.3233 0.6767 0.0000
115      115   (0)      6  : 0.0000 0.4640 0.0597 0.3012 0.1751
116      116   (0)      6  : 0.1027 0.0113 0.2076 0.6584 0.0199
117      117   (0)      6  : 0.3893 0.0000 0.0000 0.6107 0.0000
118      118   (0)      6  : 0.3477 0.0000 0.0000 0.6523 0.0000
119      119   (0)      6  : 0.0000 0.0000 0.0925 0.9075 0.0000
120      120   (0)      6  : 0.1208 0.0334 0.0000 0.8458 0.0000
121      121   (0)      6  : 0.0000 0.7922 0.0000 0.1745 0.0334
122      122   (0)      9  : 0.3737 0.0000 0.3410 0.1564 0.1289
123      123   (0)      9  : 0.6422 0.0672 0.2906 0.0000 0.0000
124      124   (0)      9  : 0.6278 0.0000 0.2340 0.0055 0.1326
125      125   (0)      9  : 0.5462 0.0312 0.4225 0.0000 0.0000
126      126   (0)      9  : 0.3701 0.0104 0.6011 0.0184 0.0000
127      127   (0)      9  : 0.4080 0.0000 0.5920 0.0000 0.0000
128      128   (0)      9  : 0.6771 0.0000 0.2780 0.0000 0.0449
129      129   (0)      9  : 0.6063 0.0900 0.2975 0.0000 0.0062
130      130   (0)      9  : 0.3516 0.0000 0.4415 0.1609 0.0460
131      131   (0)      9  : 0.5723 0.0203 0.3408 0.0666 0.0000
132      132   (0)      9  : 0.6995 0.0000 0.2573 0.0000 0.0432
133      133   (0)      9  : 0.3181 0.0466 0.4767 0.1586 0.0000
134      134   (0)      9  : 0.0000 0.0851 0.6603 0.2237 0.0309
135      135   (0)      9  : 0.9487 0.0000 0.0513 0.0000 0.0000
136      136   (0)      9  : 0.3473 0.0000 0.4675 0.0986 0.0866
137      137   (0)      9  : 0.4999 0.0018 0.3157 0.1826 0.0000
138      138   (0)      9  : 0.6488 0.0282 0.3229 0.0000 0.0000
139      139   (0)      9  : 0.5465 0.0000 0.3267 0.1268 0.0000
140      140   (0)      9  : 0.7264 0.0000 0.2736 0.0000 0.0000
141      141   (0)      9  : 0.3941 0.0000 0.5867 0.0192 0.0000
142      142   (0)      9  : 0.5324 0.0000 0.2460 0.2025 0.0191
143      143   (0)      9  : 0.0000 0.2163 0.4662 0.3175 0.0000
144      144   (0)      9  : 0.4917 0.0532 0.3040 0.1339 0.0173
145      145   (0)      3  : 0.4797 0.0000 0.4556 0.0000 0.0647
146      146   (0)      3  : 0.3181 0.5695 0.0324 0.0000 0.0800
147      147   (0)      3  : 0.9315 0.0000 0.0685 0.0000 0.0000
148      148   (0)      3  : 0.4963 0.1084 0.3816 0.0000 0.0137
149      149   (0)      3  : 0.6905 0.0000 0.3095 0.0000 0.0000
150      150   (0)      3  : 0.5700 0.1049 0.3251 0.0000 0.0000
151      151   (0)      3  : 0.5098 0.0000 0.4902 0.0000 0.0000
152      152   (0)      3  : 0.5315 0.0000 0.4685 0.0000 0.0000
153      153   (0)      3  : 0.4503 0.0000 0.5241 0.0000 0.0256
154      154   (0)      3  : 0.2797 0.0000 0.6120 0.0722 0.0361
155      155   (0)      3  : 0.0996 0.0702 0.7383 0.0359 0.0559
156      156   (0)      3  : 0.4003 0.0000 0.4747 0.0000 0.1249
157      157   (0)      3  : 0.4956 0.0000 0.3971 0.0386 0.0686
158      158   (0)      3  : 0.4070 0.0000 0.5006 0.0678 0.0246
159      159   (0)      3  : 0.1885 0.6336 0.0000 0.0000 0.1778
160      160   (0)      3  : 0.5886 0.0000 0.2935 0.1179 0.0000
161      161   (0)      3  : 0.6682 0.0000 0.2802 0.0482 0.0034
162      162   (0)      3  : 0.5320 0.0000 0.4680 0.0000 0.0000
163      163   (0)      3  : 0.5150 0.0000 0.4850 0.0000 0.0000
164      164   (0)      3  : 0.4807 0.0000 0.5048 0.0000 0.0145
165      165   (0)      3  : 0.6464 0.0211 0.2909 0.0416 0.0000
166      166   (0)      3  : 0.4370 0.0000 0.5630 0.0000 0.0000
167      167   (0)      3  : 0.7649 0.0000 0.2351 0.0000 0.0000
168      168   (0)      3  : 0.4098 0.0000 0.5166 0.0000 0.0736
169      169   (0)      3  : 0.4137 0.0000 0.5683 0.0181 0.0000
170      170   (0)      3  : 0.6110 0.0323 0.3568 0.0000 0.0000
171      171   (0)      3  : 0.3446 0.0000 0.5275 0.1278 0.0000
172      172   (0)      3  : 0.5039 0.0044 0.4592 0.0325 0.0000
173      173   (0)      3  : 0.5276 0.0000 0.4118 0.0383 0.0223
174      174   (0)      9  : 0.4971 0.0000 0.4449 0.0579 0.0000
175      175   (0)      9  : 0.0000 0.0000 0.5953 0.3329 0.0717
176      176   (0)      9  : 0.7143 0.0111 0.2523 0.0044 0.0179
177      177   (0)      9  : 0.3433 0.0009 0.3079 0.3479 0.0000
178      178   (0)      9  : 0.5957 0.0000 0.2814 0.1172 0.0057
179      179   (0)      9  : 0.4822 0.0000 0.3988 0.0829 0.0361
180      180   (0)      9  : 0.3971 0.0507 0.3792 0.1730 0.0000
181      181   (0)      1  : 0.6041 0.0000 0.0548 0.3411 0.0000
182      182   (0)      1  : 0.5916 0.0430 0.0000 0.3654 0.0000
183      183   (0)      1  : 0.5776 0.0000 0.0202 0.4022 0.0000
184      184   (0)      1  : 0.5647 0.0392 0.0000 0.3961 0.0000
185      185   (0)      1  : 0.6690 0.0000 0.0000 0.3310 0.0000
186      186   (0)      1  : 0.4984 0.0000 0.2174 0.2418 0.0424
187      187   (0)      1  : 0.5941 0.0000 0.0000 0.4059 0.0000
188      188   (0)      1  : 0.8442 0.0034 0.0029 0.1496 0.0000
189      189   (0)      2  : 0.8190 0.0003 0.0000 0.1665 0.0143
190      190   (0)      2  : 0.5654 0.0334 0.2950 0.1062 0.0000
191      191   (0)      2  : 0.6423 0.0346 0.2063 0.1168 0.0000
192      192   (0)      2  : 0.5510 0.0044 0.3151 0.1295 0.0000
193      193   (0)      2  : 0.8331 0.0000 0.1178 0.0491 0.0000
194      194   (0)      2  : 0.8096 0.0000 0.1804 0.0100 0.0000
195      195   (0)      2  : 0.5005 0.0000 0.0000 0.4994 0.0000
196      196   (0)      2  : 0.4681 0.0000 0.3254 0.2065 0.0000
197      197   (0)      1  : 0.8162 0.0000 0.0922 0.0916 0.0000
198      198   (0)      1  : 0.3217 0.0000 0.0000 0.6783 0.0000
199      199   (0)      1  : 0.5157 0.0000 0.1137 0.3706 0.0000
200      200   (0)      1  : 0.2780 0.0000 0.0000 0.7188 0.0032
201      201   (0)      1  : 0.4315 0.0236 0.0000 0.5450 0.0000
202      202   (0)      1  : 0.0000 0.0000 0.0000 1.0000 0.0000
203      203   (0)      2  : 0.2716 0.6198 0.1086 0.0000 0.0000
204      204   (0)      2  : 0.5746 0.0007 0.0208 0.4039 0.0000
205      205   (0)      2  : 0.0000 0.9001 0.0785 0.0000 0.0214
206      206   (0)      2  : 0.6436 0.0085 0.1594 0.1886 0.0000
207      207   (0)      2  : 0.8312 0.1688 0.0000 0.0000 0.0000
208      208   (0)      2  : 0.7543 0.1328 0.1129 0.0000 0.0000
209      209   (0)      2  : 0.6269 0.0000 0.1567 0.2163 0.0000
210      210   (0)      1  : 0.6357 0.0000 0.0000 0.3643 0.0000
211      211   (0)      1  : 0.2045 0.0000 0.2348 0.5606 0.0000
212      212   (0)      1  : 0.3018 0.0000 0.0812 0.6170 0.0000
213      213   (0)      1  : 0.3723 0.0000 0.0000 0.6277 0.0000
214      214   (0)      1  : 0.7732 0.0000 0.0000 0.2268 0.0000
215      215   (0)      1  : 0.2148 0.0000 0.0000 0.7852 0.0000
216      216   (0)      1  : 0.2041 0.0000 0.0000 0.7888 0.0071
217      217   (0)      1  : 0.4904 0.0000 0.0611 0.4407 0.0078
218      218   (0)      2  : 0.7722 0.0000 0.0000 0.2278 0.0000
219      219   (0)      2  : 0.5716 0.0000 0.2257 0.2027 0.0000
220      220   (0)      2  : 0.4381 0.0005 0.0889 0.4552 0.0174
221      221   (0)      2  : 0.5014 0.0000 0.2492 0.2493 0.0000
222      222   (0)      2  : 0.4853 0.1433 0.0322 0.3392 0.0000
223      223   (0)      2  : 0.9160 0.0628 0.0156 0.0056 0.0000
224      224   (0)      2  : 0.7308 0.0000 0.1260 0.1432 0.0000
225      225   (0)      2  : 0.6042 0.0000 0.0830 0.3020 0.0107
226      226   (0)      2  : 0.7655 0.0325 0.0087 0.1933 0.0000
227      227   (0)      2  : 0.8860 0.0000 0.0600 0.0478 0.0063
228      228   (0)      2  : 0.7774 0.0000 0.0000 0.2226 0.0000
229      229   (0)      2  : 0.2425 0.7369 0.0000 0.0000 0.0206
230      230   (0)      2  : 0.4991 0.0000 0.3479 0.1181 0.0349
231      231   (0)      2  : 0.8203 0.0145 0.1139 0.0514 0.0000
232      232   (0)     10  : 0.9200 0.0317 0.0000 0.0483 0.0000
233      233   (0)     10  : 0.7284 0.0000 0.1354 0.1362 0.0000
234      234   (0)     10  : 0.5088 0.0000 0.0889 0.4023 0.0000
235      235   (0)     10  : 0.5142 0.0000 0.0597 0.3965 0.0295
236      236   (0)     10  : 0.7095 0.0544 0.1176 0.1185 0.0000
237      237   (0)     10  : 0.6614 0.0000 0.0820 0.2566 0.0000
238      238   (0)     10  : 0.8973 0.0000 0.1026 0.0000 0.0000
239      239   (0)     10  : 0.7310 0.0000 0.0000 0.2690 0.0000
240      240   (0)     10  : 0.5628 0.0000 0.0678 0.3695 0.0000
241      241   (0)     10  : 0.7466 0.0000 0.1022 0.1129 0.0383
242      242   (0)     10  : 0.5292 0.0000 0.4039 0.0000 0.0669
243      243   (0)     10  : 0.8833 0.0000 0.0000 0.1167 0.0000
244      244   (0)     10  : 0.7759 0.0887 0.0000 0.1354 0.0000
245      245   (0)     10  : 0.8788 0.0000 0.0598 0.0614 0.0000
246      246   (0)     10  : 0.8850 0.0000 0.0000 0.0857 0.0293
247      247   (0)     10  : 0.9265 0.0000 0.0078 0.0000 0.0658
248      248   (0)     10  : 0.7858 0.0272 0.0988 0.0882 0.0000
249      249   (0)     10  : 0.9222 0.0339 0.0439 0.0000 0.0000
250      250   (0)     10  : 0.6632 0.0000 0.0660 0.2653 0.0054
251      251   (0)     10  : 0.3938 0.0123 0.0000 0.5939 0.0000
252      252   (0)     10  : 0.9488 0.0512 0.0000 0.0000 0.0000
253      253   (0)     10  : 0.8142 0.0000 0.0889 0.0969 0.0000
254      254   (0)     10  : 0.5702 0.0000 0.0000 0.4298 0.0000
255      255   (0)     10  : 0.7180 0.0000 0.0000 0.2820 0.0000
256      256   (0)     10  : 0.0000 1.0000 0.0000 0.0000 0.0000
257      257   (0)     10  : 0.9457 0.0000 0.0000 0.0543 0.0000
258      258   (0)     10  : 0.6114 0.0000 0.0000 0.3886 0.0000
259      259   (0)     10  : 0.9349 0.0000 0.0000 0.0651 0.0000
260      260   (0)     10  : 0.8003 0.0043 0.0000 0.1729 0.0226
261      261   (0)     10  : 0.6660 0.0198 0.0780 0.2269 0.0092
262      262   (0)     11  : 0.3828 0.0000 0.1169 0.4218 0.0786
263      263   (0)     11  : 0.7084 0.0000 0.0000 0.2916 0.0000
264      264   (0)     11  : 0.8925 0.0000 0.0000 0.1075 0.0000
265      265   (0)     11  : 0.0000 1.0000 0.0000 0.0000 0.0000
266      266   (0)     11  : 0.9257 0.0436 0.0000 0.0307 0.0000
267      267   (0)     11  : 0.0000 1.0000 0.0000 0.0000 0.0000
268      268   (0)     11  : 0.9225 0.0000 0.0000 0.0743 0.0031
269      269   (0)     11  : 0.6972 0.0000 0.1291 0.1509 0.0229
270      270   (0)     11  : 0.8703 0.0000 0.0000 0.1297 0.0000
271      271   (0)     11  : 0.4861 0.0000 0.0000 0.5139 0.0000
272      272   (0)     11  : 0.5475 0.0101 0.0000 0.4424 0.0000
273      273   (0)     11  : 0.0000 0.0000 0.2049 0.5363 0.2588
274      274   (0)     11  : 0.1388 0.6284 0.0000 0.0846 0.1482
275      275   (0)     11  : 0.6285 0.0000 0.0138 0.3392 0.0185
276      276   (0)     11  : 0.4246 0.0000 0.1154 0.1267 0.3333
277      277   (0)     11  : 0.5133 0.0273 0.0305 0.3906 0.0384
278      278   (0)     11  : 0.4937 0.0000 0.1822 0.2438 0.0803
279      279   (0)     11  : 0.0000 0.0000 0.0000 1.0000 0.0000
280      280   (0)     11  : 0.5855 0.0166 0.1679 0.1514 0.0786
281      281   (0)     11  : 0.4524 0.0000 0.0000 0.5357 0.0119
282      282   (0)     11  : 0.7566 0.0110 0.0000 0.2245 0.0078
283      283   (0)     11  : 0.0341 0.0000 0.3549 0.6086 0.0024
284      284   (0)     11  : 0.1472 0.0191 0.0807 0.7529 0.0000
285      285   (0)     11  : 0.6575 0.0000 0.1086 0.2147 0.0192
286      286   (0)     11  : 0.3379 0.0000 0.0000 0.5611 0.1010
287      287   (0)     11  : 0.5954 0.0000 0.0000 0.2958 0.1087
288      288   (0)     11  : 0.7205 0.0022 0.0000 0.2409 0.0363
289      289   (0)     11  : 0.6596 0.0801 0.0000 0.2604 0.0000
290      290   (0)     11  : 0.3421 0.1757 0.0142 0.4680 0.0000
291      291   (0)     11  : 0.0685 0.0288 0.2187 0.6840 0.0000
292      292   (0)     12  : 0.0000 0.0000 0.0000 0.0000 1.0000
293      293   (0)     12  : 0.0000 0.0000 0.6906 0.0000 0.3094
294      294   (0)     12  : 0.0000 0.0000 0.0000 0.0000 1.0000
295      295   (0)     12  : 0.0000 0.0000 0.0000 0.0000 1.0000
296      296   (0)     12  : 0.0000 0.0000 0.0000 0.0000 1.0000
297      297   (0)     12  : 0.0001 0.1996 0.0000 0.0000 0.8003
298      298   (0)     12  : 0.0000 0.0000 0.0000 0.0000 1.0000
299      299   (0)     12  : 0.0000 0.0000 0.0000 0.0000 1.0000
300      300   (0)     12  : 0.4894 0.0000 0.2774 0.1138 0.1194
301      301   (0)     12  : 0.0000 0.0000 0.8911 0.0000 0.1089
302      302   (0)     12  : 0.0000 0.0000 0.0000 0.0000 1.0000
303      303   (0)     12  : 0.0000 0.0000 0.0000 0.0552 0.9448
304      304   (0)     12  : 0.3428 0.5504 0.0000 0.0000 0.1068
305      305   (0)     12  : 0.4967 0.0000 0.3764 0.0000 0.1269
306      306   (0)     12  : 0.0000 0.0722 0.1787 0.0000 0.7491
307      307   (0)     12  : 0.0000 0.0000 0.0000 0.0000 1.0000
308      308   (0)     12  : 0.0000 0.3666 0.0000 0.0000 0.6334
309      309   (0)     12  : 0.2764 0.0000 0.5426 0.0849 0.0961
310      310   (0)     12  : 0.0066 0.2088 0.0000 0.0000 0.7847
311      311   (0)     12  : 0.1474 0.3603 0.0772 0.0000 0.4151
312      312   (0)     12  : 0.0000 0.0000 0.7374 0.0573 0.2052
313      313   (0)     12  : 0.2877 0.0000 0.6256 0.0000 0.0868
314      314   (0)     12  : 0.1696 0.4730 0.0000 0.0000 0.3575
315      315   (0)     12  : 0.0000 0.0000 0.0000 0.0000 1.0000
316      316   (0)     12  : 0.0000 0.5761 0.0000 0.0000 0.4239
317      317   (0)     12  : 0.0003 0.6650 0.0000 0.0000 0.3347
318      318   (0)     12  : 0.4623 0.0000 0.4649 0.0171 0.0558
319      319   (0)     12  : 0.0000 0.2089 0.0876 0.0000 0.7034
320      320   (0)     12  : 0.2913 0.0190 0.4687 0.1468 0.0742
321      321   (0)     12  : 0.0000 0.8312 0.0000 0.0000 0.1688
322      322   (0)     13  : 0.8968 0.0000 0.1031 0.0001 0.0000
323      323   (0)     13  : 0.9387 0.0000 0.0456 0.0000 0.0157
324      324   (0)     13  : 1.0000 0.0000 0.0000 0.0000 0.0000
325      325   (0)     13  : 1.0000 0.0000 0.0000 0.0000 0.0000
326      326   (0)     13  : 0.5307 0.0304 0.0000 0.4389 0.0000
327      327   (0)     13  : 0.9221 0.0000 0.0381 0.0202 0.0196
328      328   (0)     13  : 0.9715 0.0000 0.0163 0.0122 0.0000
329      329   (0)     13  : 0.8487 0.0000 0.0708 0.0805 0.0000
330      330   (0)     13  : 0.8083 0.0000 0.0451 0.1357 0.0109
331      331   (0)     13  : 0.0000 0.0810 0.5126 0.4064 0.0000
332      332   (0)     13  : 0.8976 0.0000 0.0553 0.0470 0.0001
333      333   (0)     13  : 0.7434 0.0000 0.2566 0.0000 0.0000
334      334   (0)     13  : 1.0000 0.0000 0.0000 0.0000 0.0000
335      335   (0)     13  : 0.7290 0.0000 0.1519 0.1190 0.0000
336      336   (0)     13  : 0.8436 0.0000 0.0205 0.1359 0.0000
337      337   (0)     13  : 0.7527 0.0745 0.0000 0.1727 0.0000
338      338   (0)     13  : 0.8725 0.0000 0.0151 0.1124 0.0000
339      339   (0)     13  : 0.4091 0.0000 0.2437 0.3126 0.0346
340      340   (0)     13  : 0.7300 0.0000 0.1718 0.0719 0.0263
341      341   (0)     13  : 0.8374 0.0000 0.0000 0.1626 0.0000
342      342   (0)     13  : 0.8466 0.0000 0.0000 0.1534 0.0000
343      343   (0)     13  : 0.7468 0.0000 0.0000 0.2532 0.0000
344      344   (0)     13  : 0.9449 0.0000 0.0000 0.0551 0.0000
345      345   (0)     13  : 0.1785 0.6992 0.0000 0.0000 0.1222
346      346   (0)     13  : 0.7379 0.0000 0.2621 0.0000 0.0000
347      347   (0)     13  : 0.9669 0.0000 0.0331 0.0000 0.0000
348      348   (0)     13  : 0.7581 0.0000 0.0000 0.1996 0.0423
349      349   (0)     13  : 0.6134 0.0000 0.1636 0.2101 0.0129
350      350   (0)     13  : 0.1819 0.3958 0.0000 0.0000 0.4222
351      351   (0)     13  : 0.9795 0.0000 0.0000 0.0000 0.0205
