  1        1   (0)      1 :  0.4217 0.5410 0.0000 0.0184 0.0189 
  2        2   (0)      1 :  0.0267 0.3463 0.0904 0.5012 0.0353 
  3        3   (0)      1 :  0.2737 0.5044 0.0000 0.0934 0.1285 
  4        4   (0)      1 :  0.0000 0.7416 0.1340 0.0335 0.0908 
  5        5   (0)      1 :  0.3559 0.1802 0.0413 0.3469 0.0757 
  6        6   (0)      2 :  0.0000 0.7823 0.0000 0.0479 0.1698 
  7        7   (0)      1 :  0.0005 0.7356 0.0000 0.2551 0.0088 
  8        8   (0)      3 :  0.4254 0.0000 0.5326 0.0000 0.0419 
  9        9   (0)      4 :  0.0000 0.1530 0.3910 0.0000 0.4561 
 10       10   (0)      4 :  0.0395 0.0666 0.3839 0.4184 0.0916 
 11       11   (0)      4 :  0.4140 0.0511 0.4134 0.0000 0.1215 
 12       12   (0)      4 :  0.0000 0.2454 0.2875 0.0000 0.4670 
 13       13   (0)      4 :  0.0000 0.1646 0.5153 0.3097 0.0104 
 14       14   (0)      5 :  0.2512 0.0865 0.2510 0.3498 0.0615 
 15       15   (0)      4 :  0.4140 0.0308 0.4671 0.0026 0.0855 
 16       16   (0)      5 :  0.0193 0.1597 0.4328 0.3807 0.0075 
 17       17   (0)      5 :  0.0000 0.0000 0.5888 0.3558 0.0554 
 18       18   (0)      5 :  0.2373 0.0019 0.6190 0.0000 0.1418 
 19       19   (0)      5 :  0.0000 0.0000 0.7314 0.2685 0.0001 
 20       20   (0)      5 :  0.5443 0.0098 0.3890 0.0000 0.0569 
 21       21   (0)      5 :  0.3790 0.0000 0.6210 0.0000 0.0000 
 22       22   (0)      5 :  0.1218 0.0700 0.4528 0.2191 0.1363 
 23       23   (0)      5 :  0.3661 0.0000 0.5942 0.0000 0.0398 
 24       24   (0)      5 :  0.0000 0.0239 0.6387 0.2445 0.0929 
 25       25   (0)      5 :  0.4444 0.0000 0.5360 0.0001 0.0195 
 26       26   (0)      5 :  0.0000 0.0000 0.8657 0.0546 0.0797 
 27       27   (0)      5 :  0.0000 0.0000 0.3024 0.6975 0.0000 
 28       28   (0)      5 :  0.1495 0.0146 0.3798 0.3971 0.0589 
 29       29   (0)      5 :  0.1987 0.0033 0.6733 0.0845 0.0402 
 30       30   (0)      5 :  0.4287 0.0000 0.1577 0.4113 0.0024 
 31       31   (0)      5 :  0.4372 0.0000 0.3090 0.2538 0.0000 
 32       32   (0)      5 :  0.0616 0.0000 0.3301 0.5709 0.0374 
 33       33   (0)      5 :  0.0000 0.0000 0.7465 0.2254 0.0281 
 34       34   (0)      5 :  0.1139 0.0000 0.5367 0.3425 0.0069 
 35       35   (0)      5 :  0.1406 0.0869 0.7009 0.0000 0.0715 
 36       36   (0)      5 :  0.0390 0.0958 0.4443 0.2149 0.2061 
 37       37   (0)      5 :  0.0000 0.0000 0.5250 0.4450 0.0300 
 38       38   (0)      5 :  0.4135 0.0000 0.5306 0.0000 0.0559 
 39       39   (0)      5 :  0.0000 0.0000 0.3672 0.6134 0.0194 
 40       40   (0)      5 :  0.3408 0.1215 0.4238 0.0000 0.1138 
 41       41   (0)      4 :  0.0000 0.0457 0.7111 0.0000 0.2432 
 42       42   (0)      4 :  0.1100 0.0638 0.2907 0.3929 0.1426 
 43       43   (0)      4 :  0.6623 0.0000 0.2653 0.0000 0.0724 
 44       44   (0)      4 :  0.0000 0.0383 0.3133 0.5773 0.0712 
 45       45   (0)      5 :  0.2729 0.0943 0.2751 0.2714 0.0863 
 46       46   (0)      4 :  0.5170 0.0000 0.3832 0.0000 0.0998 
 47       47   (0)      4 :  0.0283 0.2901 0.4409 0.2347 0.0060 
 48       48   (0)      4 :  0.0000 0.1495 0.5304 0.2331 0.0870 
 49       49   (0)      4 :  0.0128 0.0490 0.6494 0.1876 0.1012 
 50       50   (0)      5 :  0.1205 0.1486 0.3186 0.3279 0.0844 
 51       51   (0)      4 :  0.1927 0.0280 0.2425 0.5296 0.0072 
 52       52   (0)      5 :  0.3261 0.1260 0.3546 0.1023 0.0911 
 53       53   (0)      6 :  0.0000 0.9606 0.0097 0.0000 0.0298 
 54       54   (0)      6 :  0.3379 0.1426 0.3182 0.2013 0.0000 
 55       55   (0)      6 :  0.0000 0.2953 0.2547 0.0000 0.4500 
 56       56   (0)      6 :  0.3424 0.6576 0.0000 0.0000 0.0000 
 57       57   (0)      6 :  0.3820 0.3909 0.0441 0.1830 0.0000 
 58       58   (0)      6 :  0.4094 0.1573 0.1019 0.3179 0.0135 
 59       59   (0)      6 :  0.7484 0.1151 0.0971 0.0000 0.0395 
 60       60   (0)      6 :  0.3982 0.2829 0.1681 0.1508 0.0000 
 61       61   (0)      7 :  0.0000 0.1129 0.3396 0.4861 0.0614 
 62       62   (0)      7 :  0.0266 0.0915 0.2010 0.5890 0.0920 
 63       63   (0)      7 :  0.1480 0.1800 0.3544 0.2632 0.0544 
 64       64   (0)      7 :  0.0000 0.3041 0.3412 0.3202 0.0345 
 65       65   (0)      7 :  0.0000 0.1952 0.7538 0.0245 0.0265 
 66       66   (0)      7 :  0.0631 0.3969 0.4326 0.0000 0.1074 
 67       67   (0)      7 :  0.0000 0.2473 0.4249 0.1738 0.1540 
 68       68   (0)      7 :  0.0000 0.0482 0.1480 0.7525 0.0513 
 69       69   (0)      7 :  0.0919 0.2804 0.4554 0.1614 0.0109 
 70       70   (0)      7 :  0.0000 0.2158 0.7201 0.0000 0.0641 
 71       71   (0)      7 :  0.0362 0.1642 0.1799 0.5373 0.0824 
 72       72   (0)      7 :  0.0000 0.1052 0.4053 0.4895 0.0000 
 73       73   (0)      7 :  0.0000 0.2345 0.7272 0.0196 0.0188 
 74       74   (0)      7 :  0.5702 0.1686 0.2418 0.0194 0.0000 
 75       75   (0)      7 :  0.0000 0.0000 0.4982 0.4756 0.0261 
 76       76   (0)      7 :  0.2945 0.0329 0.2138 0.4588 0.0000 
 77       77   (0)      7 :  0.0000 0.1587 0.4371 0.3661 0.0381 
 78       78   (0)      7 :  0.0000 0.1668 0.5319 0.2273 0.0741 
 79       79   (0)      7 :  0.2354 0.0790 0.3149 0.3577 0.0130 
 80       80   (0)      7 :  0.0000 0.3286 0.6134 0.0000 0.0580 
 81       81   (0)      7 :  0.1610 0.2722 0.4946 0.0000 0.0722 
 82       82   (0)      7 :  0.0000 0.1644 0.7203 0.0000 0.1153 
 83       83   (0)      7 :  0.0000 0.1616 0.7376 0.0000 0.1009 
 84       84   (0)      7 :  0.0000 0.1728 0.7544 0.0000 0.0728 
 85       85   (0)      6 :  0.0000 0.3868 0.1131 0.4266 0.0735 
 86       86   (0)      6 :  0.1458 0.3749 0.1555 0.2322 0.0917 
 87       87   (0)      6 :  0.5699 0.1973 0.0420 0.1206 0.0703 
 88       88   (0)      6 :  0.0004 0.4199 0.0036 0.5761 0.0000 
 89       89   (0)      6 :  0.5572 0.4178 0.0000 0.0000 0.0250 
 90       90   (0)      6 :  0.0929 0.3988 0.1700 0.3023 0.0361 
 91       91   (0)      6 :  0.2571 0.3622 0.0075 0.3458 0.0274 
 92       92   (0)      6 :  0.3626 0.6252 0.0108 0.0000 0.0014 
 93       93   (0)      7 :  0.3357 0.2204 0.2661 0.1655 0.0123 
 94       94   (0)      7 :  0.0000 0.3313 0.2187 0.0000 0.4500 
 95       95   (0)      6 :  0.0452 0.6630 0.0262 0.0969 0.1687 
 96       96   (0)      6 :  0.0000 1.0000 0.0000 0.0000 0.0000 
 97       97   (0)      6 :  0.0000 0.6848 0.2636 0.0000 0.0516 
 98       98   (0)      6 :  0.0836 0.6085 0.1742 0.0000 0.1337 
 99       99   (0)      6 :  0.4427 0.4674 0.0000 0.0000 0.0899 
100      100   (0)      6 :  0.2132 0.5746 0.0000 0.2122 0.0000 
101      101   (0)      6 :  0.0000 0.8394 0.0697 0.0000 0.0909 
102      102   (0)      6 :  0.0000 0.7115 0.0000 0.1780 0.1105 
103      103   (0)      8 :  0.3691 0.2024 0.3204 0.0000 0.1081 
104      104   (0)      8 :  0.4396 0.0039 0.2383 0.2958 0.0224 
105      105   (0)      8 :  0.6277 0.0355 0.2304 0.0000 0.1064 
106      106   (0)      8 :  0.0267 0.0000 0.3448 0.6171 0.0115 
107      107   (0)      8 :  0.0000 0.0000 0.4930 0.4620 0.0450 
108      108   (0)      8 :  0.4431 0.0000 0.4796 0.0000 0.0773 
109      109   (0)      8 :  0.5521 0.0000 0.2551 0.1502 0.0426 
110      110   (0)      8 :  0.7411 0.0000 0.2221 0.0000 0.0369 
111      111   (0)      8 :  0.1097 0.0248 0.3340 0.4099 0.1216 
112      112   (0)      8 :  0.3758 0.0161 0.2942 0.2675 0.0464 
113      113   (0)      8 :  0.3505 0.0000 0.2246 0.3981 0.0268 
114      114   (0)      8 :  0.1463 0.0500 0.4404 0.2153 0.1479 
115      115   (0)      8 :  0.0000 0.2187 0.3313 0.0000 0.4500 
116      116   (0)      8 :  0.9290 0.0000 0.0385 0.0325 0.0000 
117      117   (0)      8 :  0.0071 0.0657 0.3825 0.4241 0.1207 
118      118   (0)      8 :  0.0301 0.0852 0.2608 0.5531 0.0708 
119      119   (0)      8 :  0.0164 0.0000 0.2604 0.7229 0.0003 
120      120   (0)      8 :  0.0000 0.0738 0.2247 0.6607 0.0408 
121      121   (0)      8 :  0.3438 0.0000 0.1901 0.4306 0.0354 
122      122   (0)      8 :  0.3596 0.0566 0.5113 0.0000 0.0724 
123      123   (0)      8 :  0.0853 0.2131 0.2191 0.4747 0.0079 
124      124   (0)      8 :  0.0000 0.2150 0.2636 0.0573 0.4641 
125      125   (0)      8 :  0.1141 0.0372 0.2515 0.4426 0.1546 
126      126   (0)      3 :  0.4675 0.0147 0.4073 0.0391 0.0715 
127      127   (0)      3 :  0.8836 0.0000 0.0377 0.0649 0.0138 
128      128   (0)      3 :  0.0579 0.0000 0.3340 0.5788 0.0292 
129      129   (0)      3 :  0.3505 0.0000 0.2739 0.3756 0.0000 
130      130   (0)      3 :  0.6703 0.0000 0.2942 0.0201 0.0155 
131      131   (0)      3 :  0.0000 0.0079 0.3768 0.5408 0.0745 
132      132   (0)      3 :  0.1379 0.0000 0.3585 0.4267 0.0769 
133      133   (0)      3 :  0.2361 0.0000 0.5054 0.2558 0.0026 
134      134   (0)      3 :  0.0536 0.0699 0.4567 0.3058 0.1139 
135      135   (0)      3 :  0.0000 0.1071 0.5695 0.1653 0.1581 
136      136   (0)      3 :  0.0466 0.0373 0.4058 0.4282 0.0821 
137      137   (0)      3 :  0.1008 0.0435 0.3014 0.4557 0.0986 
138      138   (0)      3 :  0.0090 0.0810 0.4055 0.4910 0.0135 
139      139   (0)      3 :  0.2035 0.0000 0.2331 0.4879 0.0754 
140      140   (0)      3 :  0.6709 0.0416 0.1688 0.0113 0.1075 
141      141   (0)      3 :  0.0135 0.0000 0.3844 0.5706 0.0315 
142      142   (0)      3 :  0.2235 0.0000 0.4532 0.3233 0.0000 
143      143   (0)      3 :  0.0000 0.0000 0.3979 0.5731 0.0290 
144      144   (0)      3 :  0.7164 0.0144 0.1544 0.0000 0.1148 
145      145   (0)      3 :  0.1339 0.0000 0.5041 0.3318 0.0302 
146      146   (0)      3 :  0.2506 0.0000 0.1966 0.5485 0.0043 
147      147   (0)      3 :  0.0067 0.0081 0.4361 0.4701 0.0789 
148      148   (0)      3 :  0.0000 0.0039 0.4613 0.4764 0.0583 
149      149   (0)      3 :  0.0000 0.0000 0.2774 0.7074 0.0152 
150      150   (0)      3 :  0.0001 0.0279 0.4655 0.3998 0.1067 
151      151   (0)      3 :  0.0000 0.0000 0.3815 0.5904 0.0281 
152      152   (0)      3 :  0.4179 0.0561 0.3397 0.1087 0.0775 
153      153   (0)      8 :  0.4585 0.0000 0.4424 0.0000 0.0991 
154      154   (0)      8 :  0.0000 0.2107 0.3860 0.0000 0.4033 
155      155   (0)      8 :  0.2939 0.0000 0.2116 0.4828 0.0117 
156      156   (0)      8 :  0.0000 0.2340 0.2393 0.3846 0.1421 
157      157   (0)      8 :  0.3951 0.0730 0.2226 0.2275 0.0819 
158      158   (0)      8 :  0.3685 0.0814 0.3351 0.1371 0.0779 
159      159   (0)      8 :  0.2859 0.1133 0.3151 0.1448 0.1409 
160      160   (0)      1 :  0.0065 0.3340 0.0253 0.6298 0.0044 
161      161   (0)      1 :  0.3494 0.2457 0.0000 0.2940 0.1109 
162      162   (0)      1 :  0.0000 0.2091 0.0022 0.7282 0.0605 
163      163   (0)      1 :  0.4130 0.4313 0.0000 0.1422 0.0135 
164      164   (0)      1 :  0.0376 0.1996 0.0000 0.7411 0.0217 
165      165   (0)      1 :  0.2744 0.2377 0.1570 0.3021 0.0287 
166      166   (0)      1 :  0.0152 0.3362 0.0000 0.6486 0.0000 
167      167   (0)      1 :  0.0896 0.0375 0.0000 0.8729 0.0000 
168      168   (0)      2 :  0.7108 0.0413 0.0000 0.1429 0.1050 
169      169   (0)      2 :  0.0000 0.0851 0.2127 0.6936 0.0086 
170      170   (0)      2 :  0.0803 0.0967 0.1389 0.6620 0.0221 
171      171   (0)      2 :  0.5878 0.0254 0.2831 0.0000 0.1037 
172      172   (0)      2 :  0.1529 0.0110 0.0238 0.7883 0.0241 
173      173   (0)      2 :  0.8493 0.0000 0.1208 0.0000 0.0299 
174      174   (0)      2 :  0.1953 0.3764 0.0000 0.3827 0.0457 
175      175   (0)      2 :  0.2494 0.0536 0.2354 0.1552 0.3064 
176      176   (0)      1 :  0.4620 0.1026 0.0673 0.3624 0.0057 
177      177   (0)      1 :  0.0000 0.5655 0.0006 0.3354 0.0985 
178      178   (0)      1 :  0.5187 0.3714 0.0448 0.0000 0.0651 
179      179   (0)      1 :  0.2197 0.6526 0.0000 0.1277 0.0000 
180      180   (0)      1 :  0.4750 0.4880 0.0000 0.0000 0.0370 
181      181   (0)      1 :  0.0000 0.9387 0.0000 0.0000 0.0613 
182      182   (0)      2 :  0.5826 0.2924 0.0156 0.0000 0.1095 
183      183   (0)      2 :  0.0001 0.1402 0.0858 0.7469 0.0270 
184      184   (0)      2 :  0.8687 0.0000 0.0000 0.0223 0.1090 
185      185   (0)      2 :  0.0000 0.0000 0.0523 0.9118 0.0359 
186      186   (0)      2 :  0.5465 0.0526 0.0770 0.0000 0.3239 
187      187   (0)      1 :  0.6604 0.1505 0.0000 0.0000 0.1891 
188      188   (0)      1 :  0.0000 0.3890 0.1578 0.3756 0.0775 
189      189   (0)      1 :  0.2350 0.5045 0.0650 0.0000 0.1955 
190      190   (0)      1 :  0.0000 0.5856 0.0000 0.3920 0.0223 
191      191   (0)      1 :  0.7735 0.2033 0.0000 0.0000 0.0231 
192      192   (0)      1 :  0.0000 0.6112 0.0000 0.3343 0.0545 
193      193   (0)      1 :  0.0142 0.6411 0.0000 0.3262 0.0186 
194      194   (0)      1 :  0.4942 0.4373 0.0245 0.0000 0.0440 
195      195   (0)      2 :  0.4242 0.2248 0.0000 0.3511 0.0000 
196      196   (0)      2 :  0.5915 0.1111 0.1986 0.0000 0.0988 
197      197   (0)      2 :  0.0000 0.3308 0.0425 0.5700 0.0568 
198      198   (0)      2 :  0.1395 0.2265 0.2012 0.4327 0.0000 
199      199   (0)      2 :  0.0000 0.1674 0.0044 0.7773 0.0509 
200      200   (0)      2 :  0.8458 0.0000 0.0094 0.1380 0.0067 
201      201   (0)      2 :  0.5733 0.0646 0.1100 0.1162 0.1359 
202      202   (0)      2 :  0.0000 0.1973 0.0549 0.7233 0.0245 
203      203   (0)      2 :  0.1395 0.1085 0.0000 0.7224 0.0296 
204      204   (0)      2 :  0.1312 0.0001 0.0305 0.8116 0.0266 
205      205   (0)      2 :  0.0341 0.1900 0.0000 0.7759 0.0000 
206      206   (0)      2 :  0.1558 0.0559 0.2729 0.4800 0.0354 
207      207   (0)      2 :  0.4031 0.0152 0.0729 0.4928 0.0161 
208      208   (0)      9 :  0.5675 0.0162 0.0000 0.3528 0.0635 
209      209   (0)      9 :  0.7298 0.0752 0.0469 0.0000 0.1481 
210      210   (0)      9 :  0.0070 0.1075 0.0507 0.5989 0.2359 
211      211   (0)      9 :  0.4952 0.2343 0.0169 0.0187 0.2349 
212      212   (0)      9 :  0.6741 0.0000 0.0384 0.0028 0.2847 
213      213   (0)      9 :  0.0057 0.0501 0.0595 0.7157 0.1690 
214      214   (0)      9 :  0.5453 0.0000 0.0174 0.2431 0.1942 
215      215   (0)      9 :  0.0333 0.0894 0.0000 0.6973 0.1799 
216      216   (0)      9 :  0.2823 0.1106 0.0571 0.0000 0.5500 
217      217   (0)      9 :  0.0000 0.0435 0.0292 0.8488 0.0786 
218      218   (0)      9 :  0.3882 0.0000 0.3632 0.0000 0.2486 
219      219   (0)      9 :  0.0089 0.0058 0.0000 0.8688 0.1165 
220      220   (0)      9 :  0.7034 0.0416 0.0000 0.1026 0.1524 
221      221   (0)      9 :  0.2451 0.0044 0.0155 0.6824 0.0526 
222      222   (0)      9 :  0.4776 0.0802 0.0000 0.4045 0.0377 
223      223   (0)      9 :  0.8590 0.0000 0.0580 0.0000 0.0830 
224      224   (0)      9 :  0.0000 0.0000 0.0319 0.8213 0.1467 
225      225   (0)      9 :  0.0000 0.0000 0.0209 0.9791 0.0000 
226      226   (0)      9 :  0.0222 0.2259 0.0108 0.6356 0.1054 
227      227   (0)      9 :  0.0226 0.1542 0.0000 0.4271 0.3961 
228      228   (0)      9 :  0.2959 0.0000 0.0000 0.6035 0.1006 
229      229   (0)      9 :  0.0001 0.0017 0.0466 0.9053 0.0464 
230      230   (0)      9 :  0.0100 0.1178 0.0000 0.6992 0.1729 
231      231   (0)      9 :  0.0000 0.2429 0.0000 0.6890 0.0681 
232      232   (0)      9 :  0.5149 0.0015 0.0000 0.4213 0.0623 
233      233   (0)      9 :  0.1940 0.2491 0.0000 0.2921 0.2648 
234      234   (0)      9 :  0.0583 0.0000 0.0000 0.8055 0.1362 
235      235   (0)      9 :  0.3499 0.0436 0.0000 0.4657 0.1409 
236      236   (0)      9 :  0.0823 0.2107 0.0163 0.5619 0.1287 
237      237   (0)     10 :  0.0900 0.3098 0.1194 0.3255 0.1554 
238      238   (0)     10 :  0.0416 0.1701 0.0000 0.6701 0.1182 
239      239   (0)     10 :  0.0000 0.0000 0.0000 0.9601 0.0399 
240      240   (0)     10 :  0.9062 0.0000 0.0000 0.0310 0.0628 
241      241   (0)     10 :  0.8184 0.0497 0.0000 0.0000 0.1320 
242      242   (0)     10 :  0.0195 0.0430 0.0613 0.7397 0.1365 
243      243   (0)     10 :  0.0000 0.0308 0.0000 0.9306 0.0386 
244      244   (0)     10 :  0.4468 0.2894 0.0000 0.0000 0.2638 
245      245   (0)     10 :  0.3063 0.2372 0.0046 0.1973 0.2546 
246      246   (0)     10 :  0.0000 0.3039 0.3036 0.0000 0.3925 
247      247   (0)     10 :  0.0352 0.2096 0.0021 0.5793 0.1739 
248      248   (0)     10 :  0.0001 0.1011 0.2941 0.4606 0.1441 
249      249   (0)     10 :  0.0000 0.3246 0.0093 0.5920 0.0741 
250      250   (0)     10 :  0.2136 0.3238 0.1784 0.2672 0.0169 
251      251   (0)     10 :  0.0000 0.7993 0.0000 0.0245 0.1762 
252      252   (0)     10 :  0.3108 0.0795 0.1883 0.3170 0.1044 
253      253   (0)     10 :  0.0000 0.1936 0.0035 0.5250 0.2779 
254      254   (0)     10 :  0.4333 0.1544 0.0000 0.2873 0.1249 
255      255   (0)     10 :  0.0000 0.5364 0.2636 0.0000 0.2000 
256      256   (0)     10 :  0.0054 0.5513 0.0533 0.1442 0.2458 
257      257   (0)     10 :  0.7054 0.1828 0.0395 0.0000 0.0722 
258      258   (0)     10 :  0.0557 0.4878 0.0393 0.1502 0.2670 
259      259   (0)     10 :  0.5636 0.2299 0.0633 0.0000 0.1432 
260      260   (0)     10 :  0.0000 0.0973 0.0042 0.7181 0.1804 
261      261   (0)     10 :  0.7156 0.1006 0.0000 0.0000 0.1838 
262      262   (0)     10 :  0.0000 0.3402 0.0291 0.4307 0.2000 
263      263   (0)     10 :  0.0000 0.4423 0.1204 0.2086 0.2287 
264      264   (0)     11 :  0.0230 0.0208 0.6877 0.0000 0.2685 
265      265   (0)     11 :  0.0000 0.0000 0.1157 0.5104 0.3738 
266      266   (0)     11 :  0.0000 0.0000 0.8486 0.0000 0.1514 
267      267   (0)     11 :  0.4331 0.0000 0.4388 0.0000 0.1281 
268      268   (0)     11 :  0.1586 0.0074 0.4776 0.0000 0.3565 
269      269   (0)     11 :  0.0000 0.0213 0.6298 0.0000 0.3489 
270      270   (0)     11 :  0.0000 0.0000 0.5832 0.2308 0.1860 
271      271   (0)     11 :  0.2362 0.0000 0.3057 0.0000 0.4581 
272      272   (0)     11 :  0.1448 0.0404 0.4357 0.0000 0.3791 
273      273   (0)     12 :  0.2221 0.0000 0.0382 0.7129 0.0268 
274      274   (0)     12 :  0.7310 0.0000 0.0413 0.1748 0.0529 
275      275   (0)     12 :  0.4467 0.0000 0.0000 0.5318 0.0216 
276      276   (0)     12 :  0.9671 0.0000 0.0000 0.0000 0.0329 
277      277   (0)     12 :  0.0000 0.1703 0.0000 0.5806 0.2491 
278      278   (0)     12 :  0.5598 0.0059 0.0215 0.3413 0.0715 
279      279   (0)     12 :  0.9475 0.0000 0.0000 0.0497 0.0027 
280      280   (0)     12 :  0.0000 0.0962 0.0277 0.8167 0.0593 
281      281   (0)     12 :  0.4793 0.0629 0.0001 0.3100 0.1477 
282      282   (0)     12 :  0.0000 0.2098 0.2518 0.0000 0.5384 
283      283   (0)     12 :  0.1710 0.0000 0.0278 0.7823 0.0189 
284      284   (0)     12 :  0.7756 0.0000 0.1832 0.0000 0.0412 
285      285   (0)     12 :  0.9289 0.0000 0.0000 0.0450 0.0261 
286      286   (0)     12 :  0.5626 0.0000 0.0595 0.0000 0.3779 
287      287   (0)     12 :  0.3053 0.0449 0.0000 0.5711 0.0786 
288      288   (0)     12 :  0.3544 0.0409 0.0000 0.3785 0.2262 
289      289   (0)     12 :  0.0538 0.0063 0.0000 0.8159 0.1240 
290      290   (0)     12 :  0.2551 0.2472 0.1861 0.0250 0.2865 
291      291   (0)     12 :  0.1159 0.0070 0.1367 0.6140 0.1263 
292      292   (0)     12 :  0.0000 0.0166 0.0000 0.8564 0.1271 
293      293   (0)     12 :  0.5507 0.0000 0.0000 0.2319 0.2174 
294      294   (0)     12 :  0.5149 0.1144 0.0000 0.2244 0.1463 
295      295   (0)     12 :  0.4902 0.0030 0.0000 0.4144 0.0924 
296      296   (0)     12 :  0.0247 0.0000 0.1432 0.6356 0.1965 
297      297   (0)     12 :  0.6459 0.0000 0.0000 0.2762 0.0779 
298      298   (0)     12 :  0.7547 0.1106 0.0000 0.0000 0.1347 
299      299   (0)     12 :  0.3166 0.1828 0.0715 0.2820 0.1471 
300      300   (0)     12 :  0.9692 0.0000 0.0000 0.0000 0.0308 
