  1        1   (0)      1 :  0.0000 0.1341 0.0064 0.0214 0.4365 0.4016 
  2        2   (0)      1 :  0.1070 0.4057 0.0280 0.0185 0.3589 0.0819 
  3        3   (0)      1 :  0.0485 0.0000 0.5111 0.3018 0.0335 0.1051 
  4        4   (0)      1 :  0.0000 0.0526 0.0637 0.0000 0.6202 0.2635 
  5        5   (0)      1 :  0.1035 0.0005 0.0792 0.0583 0.7496 0.0089 
  6        6   (0)      1 :  0.0002 0.2530 0.2504 0.0871 0.0809 0.3285 
  7        7   (0)      2 :  0.0000 0.0709 0.0590 0.0000 0.8701 0.0000 
  8        8   (0)      1 :  0.0000 0.3389 0.0021 0.0127 0.6425 0.0038 
  9        9   (0)      3 :  0.5423 0.0320 0.0002 0.0000 0.0000 0.4254 
 10       10   (0)      4 :  0.4352 0.0000 0.3124 0.0148 0.1965 0.0412 
 11       11   (0)      4 :  0.4015 0.4785 0.0000 0.0005 0.0596 0.0600 
 12       12   (0)      4 :  0.3563 0.0162 0.0824 0.0586 0.1239 0.3625 
 13       13   (0)      4 :  0.2869 0.0000 0.4444 0.0008 0.2178 0.0500 
 14       14   (0)      4 :  0.5146 0.2930 0.0342 0.0000 0.1551 0.0032 
 15       15   (0)      4 :  0.0000 0.0929 0.4030 0.2276 0.0000 0.2764 
 16       16   (0)      5 :  0.2374 0.3946 0.0257 0.0000 0.1290 0.2133 
 17       17   (0)      4 :  0.4495 0.0138 0.1114 0.0082 0.0397 0.3774 
 18       18   (0)      5 :  0.4173 0.3496 0.0125 0.0000 0.1914 0.0291 
 19       19   (0)      5 :  0.6200 0.3698 0.0032 0.0000 0.0069 0.0000 
 20       20   (0)      5 :  0.6419 0.0093 0.0404 0.0000 0.0336 0.2748 
 21       21   (0)      5 :  0.7177 0.2823 0.0000 0.0000 0.0000 0.0000 
 22       22   (0)      5 :  0.3970 0.0233 0.0321 0.0289 0.0021 0.5165 
 23       23   (0)      5 :  0.6270 0.0145 0.0000 0.0000 0.0000 0.3585 
 24       24   (0)      5 :  0.4398 0.1751 0.0712 0.0388 0.1216 0.1535 
 25       25   (0)      5 :  0.6231 0.0130 0.0036 0.0160 0.0000 0.3443 
 26       26   (0)      5 :  0.7010 0.1863 0.0342 0.0000 0.0785 0.0000 
 27       27   (0)      5 :  0.5563 0.0212 0.0250 0.0000 0.0000 0.3975 
 28       28   (0)      5 :  0.8734 0.0610 0.0580 0.0000 0.0000 0.0075 
 29       29   (0)      5 :  0.2510 0.7490 0.0000 0.0000 0.0000 0.0000 
 30       30   (0)      5 :  0.4088 0.3334 0.0262 0.0000 0.0758 0.1557 
 31       31   (0)      5 :  0.6719 0.0191 0.0472 0.0537 0.0000 0.2081 
 32       32   (0)      5 :  0.1254 0.5106 0.0071 0.0000 0.0000 0.3569 
 33       33   (0)      5 :  0.3024 0.3696 0.0000 0.0000 0.0000 0.3280 
 34       34   (0)      5 :  0.2807 0.6336 0.0045 0.0000 0.0067 0.0744 
 35       35   (0)      5 :  0.7914 0.2030 0.0021 0.0000 0.0000 0.0035 
 36       36   (0)      5 :  0.5498 0.3019 0.0033 0.0084 0.0000 0.1367 
 37       37   (0)      5 :  0.7398 0.0026 0.0171 0.0000 0.0981 0.1424 
 38       38   (0)      5 :  0.5343 0.3028 0.1062 0.0000 0.0281 0.0285 
 39       39   (0)      5 :  0.5098 0.4299 0.0391 0.0209 0.0000 0.0002 
 40       40   (0)      5 :  0.5692 0.0171 0.0250 0.0000 0.0000 0.3886 
 41       41   (0)      5 :  0.3833 0.6164 0.0002 0.0000 0.0000 0.0000 
 42       42   (0)      5 :  0.0000 0.0000 0.5115 0.3195 0.0952 0.0738 
 43       43   (0)      5 :  0.4555 0.0132 0.0552 0.0136 0.1428 0.3197 
 44       44   (0)      4 :  0.7443 0.0000 0.2115 0.0000 0.0197 0.0244 
 45       45   (0)      4 :  0.2747 0.3225 0.1084 0.0420 0.1395 0.1130 
 46       46   (0)      4 :  0.2734 0.0261 0.0670 0.0105 0.0109 0.6121 
 47       47   (0)      4 :  0.3166 0.5844 0.0515 0.0000 0.0396 0.0079 
 48       48   (0)      5 :  0.2381 0.2984 0.0760 0.0531 0.0599 0.2746 
 49       49   (0)      4 :  0.4119 0.0213 0.0380 0.0000 0.0033 0.5255 
 50       50   (0)      4 :  0.0000 0.0849 0.5075 0.2228 0.0098 0.1750 
 51       51   (0)      4 :  0.4249 0.3269 0.0000 0.0700 0.1727 0.0054 
 52       52   (0)      4 :  0.0128 0.0025 0.4634 0.3296 0.0023 0.1894 
 53       53   (0)      4 :  0.5742 0.2702 0.0457 0.0000 0.1011 0.0088 
 54       54   (0)      4 :  0.0077 0.0918 0.5139 0.2740 0.0039 0.1087 
 55       55   (0)      4 :  0.0642 0.2266 0.4278 0.2055 0.0047 0.0711 
 56       56   (0)      4 :  0.6690 0.0938 0.0922 0.0000 0.0619 0.0831 
 57       57   (0)      5 :  0.2643 0.4260 0.0679 0.0728 0.0764 0.0927 
 58       58   (0)      4 :  0.0010 0.2481 0.2799 0.2458 0.0050 0.2201 
 59       59   (0)      4 :  0.0596 0.0000 0.5084 0.2671 0.0230 0.1419 
 60       60   (0)      4 :  0.2215 0.5113 0.0498 0.0017 0.0319 0.1838 
 61       61   (0)      5 :  0.3517 0.0939 0.0627 0.0000 0.2028 0.2890 
 62       62   (0)      6 :  0.0778 0.0048 0.4526 0.1762 0.1649 0.1237 
 63       63   (0)      6 :  0.0000 0.0017 0.4122 0.3765 0.0571 0.1525 
 64       64   (0)      6 :  0.0146 0.0028 0.0351 0.0000 0.9411 0.0064 
 65       65   (0)      6 :  0.3130 0.3011 0.0000 0.0000 0.1222 0.2637 
 66       66   (0)      6 :  0.2662 0.0000 0.3897 0.0000 0.2941 0.0500 
 67       67   (0)      6 :  0.0000 0.0138 0.0000 0.0000 0.6607 0.3255 
 68       68   (0)      6 :  0.0411 0.2545 0.0127 0.0000 0.3709 0.3207 
 69       69   (0)      6 :  0.0926 0.3254 0.0248 0.0002 0.1313 0.4257 
 70       70   (0)      6 :  0.1130 0.0313 0.0071 0.0000 0.1523 0.6963 
 71       71   (0)      6 :  0.1615 0.2420 0.0000 0.0000 0.2519 0.3446 
 72       72   (0)      7 :  0.3750 0.5109 0.0233 0.0000 0.0872 0.0036 
 73       73   (0)      7 :  0.1521 0.5464 0.0793 0.0032 0.1858 0.0331 
 74       74   (0)      7 :  0.2950 0.2725 0.0785 0.0247 0.2329 0.0963 
 75       75   (0)      7 :  0.3133 0.3672 0.0398 0.0321 0.2476 0.0000 
 76       76   (0)      7 :  0.7779 0.1003 0.0000 0.0074 0.1145 0.0000 
 77       77   (0)      7 :  0.4090 0.0893 0.0736 0.0703 0.3131 0.0448 
 78       78   (0)      7 :  0.4144 0.1948 0.0716 0.0000 0.3192 0.0000 
 79       79   (0)      7 :  0.1400 0.7404 0.0151 0.0000 0.1045 0.0000 
 80       80   (0)      7 :  0.4777 0.2696 0.0000 0.0000 0.2196 0.0330 
 81       81   (0)      7 :  0.7785 0.0080 0.0241 0.0000 0.1806 0.0087 
 82       82   (0)      7 :  0.1393 0.5362 0.0661 0.0811 0.1591 0.0182 
 83       83   (0)      7 :  0.0000 0.0825 0.4264 0.3081 0.1673 0.0156 
 84       84   (0)      7 :  0.4143 0.4772 0.0063 0.0000 0.1022 0.0000 
 85       85   (0)      7 :  0.7397 0.0487 0.0058 0.0003 0.2036 0.0017 
 86       86   (0)      7 :  0.0000 0.2402 0.4099 0.2250 0.0111 0.1138 
 87       87   (0)      7 :  0.2585 0.1721 0.0000 0.0000 0.1238 0.4457 
 88       88   (0)      7 :  0.0087 0.0079 0.4962 0.2559 0.0191 0.2121 
 89       89   (0)      7 :  0.5009 0.4535 0.0367 0.0050 0.0000 0.0039 
 90       90   (0)      7 :  0.2135 0.4414 0.0089 0.0000 0.0250 0.3112 
 91       91   (0)      7 :  0.4434 0.4732 0.0049 0.0000 0.0785 0.0000 
 92       92   (0)      7 :  0.5066 0.2114 0.0755 0.0659 0.1406 0.0000 
 93       93   (0)      7 :  0.3105 0.3895 0.0419 0.0000 0.0719 0.1863 
 94       94   (0)      7 :  0.6522 0.0369 0.0373 0.0000 0.2646 0.0090 
 95       95   (0)      7 :  0.5030 0.0553 0.0656 0.0591 0.1647 0.1523 
 96       96   (0)      7 :  0.7586 0.0000 0.0365 0.0000 0.2004 0.0045 
 97       97   (0)      7 :  0.7933 0.0000 0.0642 0.0310 0.1058 0.0056 
 98       98   (0)      7 :  0.8103 0.0000 0.0720 0.0000 0.1050 0.0127 
 99       99   (0)      7 :  0.0220 0.0807 0.3912 0.2503 0.2557 0.0000 
100      100   (0)      6 :  0.1229 0.3987 0.0257 0.0000 0.4521 0.0006 
101      101   (0)      6 :  0.1810 0.1429 0.0741 0.0000 0.4757 0.1263 
102      102   (0)      6 :  0.0312 0.1606 0.0924 0.0000 0.1794 0.5363 
103      103   (0)      6 :  0.0035 0.5456 0.0040 0.0000 0.4469 0.0000 
104      104   (0)      6 :  0.0000 0.0293 0.0316 0.0005 0.3368 0.6018 
105      105   (0)      6 :  0.1573 0.2275 0.0377 0.0000 0.5015 0.0759 
106      106   (0)      6 :  0.0046 0.3284 0.0363 0.0000 0.3816 0.2492 
107      107   (0)      6 :  0.0191 0.0925 0.0024 0.0391 0.5627 0.2841 
108      108   (0)      6 :  0.0000 0.0276 0.4758 0.2618 0.1813 0.0535 
109      109   (0)      7 :  0.2855 0.2424 0.0091 0.0009 0.1825 0.2795 
110      110   (0)      7 :  0.2390 0.0000 0.4384 0.0078 0.2648 0.0500 
111      111   (0)      8 :  0.0424 0.0552 0.1812 0.0000 0.7019 0.0193 
112      112   (0)      6 :  0.0000 0.0000 0.0009 0.0000 0.9989 0.0003 
113      113   (0)      6 :  0.0000 0.0000 0.5364 0.2683 0.1909 0.0043 
114      114   (0)      6 :  0.3117 0.0000 0.0094 0.0000 0.6728 0.0061 
115      115   (0)      6 :  0.0397 0.0000 0.3016 0.3136 0.3353 0.0098 
116      116   (0)      6 :  0.1847 0.0035 0.0591 0.0183 0.6212 0.1131 
117      117   (0)      6 :  0.0000 0.0165 0.0344 0.0000 0.5748 0.3743 
118      118   (0)      6 :  0.0000 0.2127 0.0020 0.0000 0.6263 0.1590 
119      119   (0)      6 :  0.0961 0.0000 0.0268 0.0000 0.8751 0.0021 
120      120   (0)      6 :  0.0000 0.1054 0.0569 0.0000 0.8091 0.0287 
121      121   (0)      6 :  0.0000 0.0000 0.4241 0.2894 0.2861 0.0004 
122      122   (0)      9 :  0.3142 0.0182 0.0760 0.0758 0.1471 0.3688 
123      123   (0)      9 :  0.2352 0.3029 0.0517 0.0050 0.0019 0.4033 
124      124   (0)      9 :  0.2169 0.0307 0.0583 0.0691 0.0059 0.6190 
125      125   (0)      9 :  0.3351 0.6084 0.0200 0.0000 0.0000 0.0365 
126      126   (0)      9 :  0.4910 0.4712 0.0317 0.0000 0.0000 0.0062 
127      127   (0)      9 :  0.5208 0.0182 0.0325 0.0000 0.0000 0.4286 
128      128   (0)      9 :  0.2338 0.2086 0.0371 0.0199 0.0000 0.5006 
129      129   (0)      9 :  0.2347 0.0285 0.0717 0.0021 0.0000 0.6631 
130      130   (0)      9 :  0.3490 0.3141 0.1143 0.0188 0.0917 0.1121 
131      131   (0)      9 :  0.3115 0.2578 0.0247 0.0000 0.0489 0.3571 
132      132   (0)      9 :  0.1991 0.4152 0.0338 0.0191 0.0000 0.3327 
133      133   (0)      9 :  0.4383 0.1968 0.0677 0.0000 0.1323 0.1648 
134      134   (0)      9 :  0.3755 0.0000 0.3937 0.0123 0.1685 0.0500 
135      135   (0)      9 :  0.0218 0.1166 0.0000 0.0000 0.0000 0.8616 
136      136   (0)      9 :  0.3846 0.4221 0.0677 0.0435 0.0701 0.0120 
137      137   (0)      9 :  0.2644 0.5370 0.0263 0.0000 0.1405 0.0318 
138      138   (0)      9 :  0.2521 0.7196 0.0079 0.0008 0.0000 0.0196 
139      139   (0)      9 :  0.2317 0.6909 0.0135 0.0000 0.0622 0.0017 
140      140   (0)      9 :  0.2161 0.4313 0.0098 0.0000 0.0000 0.3429 
141      141   (0)      9 :  0.5704 0.0171 0.0066 0.0000 0.0182 0.3876 
142      142   (0)      9 :  0.2076 0.5502 0.0043 0.0077 0.1709 0.0594 
143      143   (0)      9 :  0.2652 0.0000 0.4630 0.0075 0.2143 0.0500 
144      144   (0)      9 :  0.2569 0.3573 0.0909 0.0190 0.0933 0.1827 
145      145   (0)      3 :  0.4171 0.0614 0.0431 0.0276 0.0040 0.4468 
146      146   (0)      3 :  0.0278 0.2328 0.2834 0.2390 0.0000 0.2170 
147      147   (0)      3 :  0.0599 0.1063 0.0061 0.0000 0.0000 0.8276 
148      148   (0)      3 :  0.3031 0.5783 0.0542 0.0283 0.0000 0.0361 
149      149   (0)      3 :  0.2705 0.4698 0.0000 0.0000 0.0000 0.2597 
150      150   (0)      3 :  0.2689 0.0266 0.0860 0.0064 0.0000 0.6121 
151      151   (0)      3 :  0.3944 0.5706 0.0244 0.0000 0.0000 0.0107 
152      152   (0)      3 :  0.3593 0.4907 0.0396 0.0000 0.0000 0.1104 
153      153   (0)      3 :  0.4986 0.2413 0.0013 0.0164 0.0000 0.2425 
154      154   (0)      3 :  0.4927 0.3168 0.0756 0.0163 0.0413 0.0573 
155      155   (0)      3 :  0.6085 0.2088 0.0958 0.0577 0.0162 0.0130 
156      156   (0)      3 :  0.4051 0.4524 0.0371 0.0872 0.0041 0.0141 
157      157   (0)      3 :  0.3182 0.5237 0.0525 0.0382 0.0230 0.0445 
158      158   (0)      3 :  0.4254 0.5238 0.0019 0.0087 0.0386 0.0017 
159      159   (0)      3 :  0.0011 0.3683 0.2793 0.3513 0.0000 0.0000 
160      160   (0)      3 :  0.2183 0.4625 0.0600 0.0000 0.0508 0.2085 
161      161   (0)      3 :  0.2172 0.0415 0.0472 0.0000 0.0219 0.6722 
162      162   (0)      3 :  0.3819 0.6139 0.0001 0.0000 0.0000 0.0042 
163      163   (0)      3 :  0.4428 0.3305 0.0000 0.0000 0.0000 0.2267 
164      164   (0)      3 :  0.4271 0.5595 0.0061 0.0044 0.0000 0.0029 
165      165   (0)      3 :  0.2118 0.0326 0.0546 0.0000 0.0093 0.6917 
166      166   (0)      3 :  0.5108 0.3602 0.0063 0.0000 0.0000 0.1227 
167      167   (0)      3 :  0.1668 0.6063 0.0048 0.0000 0.0000 0.2221 
168      168   (0)      3 :  0.4166 0.4636 0.0652 0.0326 0.0038 0.0182 
169      169   (0)      3 :  0.4716 0.5223 0.0014 0.0000 0.0027 0.0020 
170      170   (0)      3 :  0.2550 0.7249 0.0185 0.0000 0.0000 0.0016 
171      171   (0)      3 :  0.4633 0.3881 0.0335 0.0000 0.0957 0.0194 
172      172   (0)      3 :  0.3752 0.5975 0.0190 0.0000 0.0039 0.0044 
173      173   (0)      3 :  0.3743 0.2288 0.0140 0.0101 0.0261 0.3466 
174      174   (0)      9 :  0.4417 0.0272 0.0324 0.0000 0.0309 0.4678 
175      175   (0)      9 :  0.3932 0.0000 0.3121 0.0295 0.2153 0.0500 
176      176   (0)      9 :  0.1962 0.5260 0.0169 0.0075 0.0010 0.2524 
177      177   (0)      9 :  0.2397 0.3900 0.0749 0.0000 0.2899 0.0055 
178      178   (0)      9 :  0.2397 0.2817 0.0200 0.0021 0.0848 0.3718 
179      179   (0)      9 :  0.3541 0.1877 0.0220 0.0166 0.0692 0.3503 
180      180   (0)      9 :  0.3289 0.1692 0.0762 0.0000 0.1414 0.2843 
181      181   (0)      1 :  0.0363 0.6872 0.0000 0.0000 0.2724 0.0041 
182      182   (0)      1 :  0.0000 0.2765 0.0613 0.0019 0.3115 0.3487 
183      183   (0)      1 :  0.0020 0.6828 0.0237 0.0000 0.2905 0.0009 
184      184   (0)      1 :  0.0000 0.2117 0.0209 0.0085 0.3830 0.3759 
185      185   (0)      1 :  0.0000 0.7180 0.0100 0.0000 0.2240 0.0479 
186      186   (0)      1 :  0.1925 0.2996 0.0153 0.0197 0.2172 0.2557 
187      187   (0)      1 :  0.0001 0.6508 0.0000 0.0000 0.3317 0.0174 
188      188   (0)      1 :  0.0021 0.8966 0.0003 0.0000 0.0295 0.0714 
189      189   (0)      2 :  0.0004 0.1943 0.0573 0.0067 0.1108 0.6305 
190      190   (0)      2 :  0.2101 0.7051 0.0144 0.0001 0.0684 0.0018 
191      191   (0)      2 :  0.1377 0.6821 0.0173 0.0000 0.0859 0.0769 
192      192   (0)      2 :  0.2953 0.0238 0.0311 0.0000 0.0776 0.5722 
193      193   (0)      2 :  0.0266 0.8456 0.0190 0.0000 0.0041 0.1047 
194      194   (0)      2 :  0.1373 0.0393 0.0043 0.0000 0.0000 0.8192 
195      195   (0)      2 :  0.0018 0.2937 0.0387 0.0000 0.4465 0.2192 
196      196   (0)      2 :  0.3031 0.1145 0.0809 0.0000 0.1719 0.3297 
197      197   (0)      1 :  0.0738 0.3939 0.0000 0.0000 0.0619 0.4704 
198      198   (0)      1 :  0.0001 0.3663 0.0422 0.0000 0.5914 0.0000 
199      199   (0)      1 :  0.0670 0.0264 0.0299 0.0000 0.3584 0.5183 
200      200   (0)      1 :  0.0000 0.0107 0.0235 0.0000 0.7307 0.2351 
201      201   (0)      1 :  0.0000 0.0196 0.0377 0.0000 0.5110 0.4317 
202      202   (0)      1 :  0.0000 0.0000 0.0246 0.0000 0.9754 0.0000 
203      203   (0)      2 :  0.0626 0.0151 0.4039 0.1325 0.0090 0.3770 
204      204   (0)      2 :  0.0188 0.0299 0.0634 0.0000 0.3537 0.5342 
205      205   (0)      2 :  0.0568 0.0000 0.4875 0.2893 0.0000 0.1664 
206      206   (0)      2 :  0.0785 0.7660 0.0234 0.0000 0.1290 0.0031 
207      207   (0)      2 :  0.0002 0.0482 0.1086 0.0113 0.0205 0.8112 
208      208   (0)      2 :  0.0099 0.9257 0.0584 0.0058 0.0002 0.0000 
209      209   (0)      2 :  0.1408 0.0270 0.0967 0.0000 0.1475 0.5879 
210      210   (0)      1 :  0.0000 0.0299 0.0750 0.0000 0.2803 0.6148 
211      211   (0)      1 :  0.1805 0.2401 0.0767 0.0000 0.4940 0.0086 
212      212   (0)      1 :  0.0781 0.0125 0.0714 0.0000 0.5895 0.2485 
213      213   (0)      1 :  0.0000 0.4216 0.0147 0.0002 0.5634 0.0000 
214      214   (0)      1 :  0.0000 0.0380 0.0205 0.0000 0.1857 0.7558 
215      215   (0)      1 :  0.0000 0.2641 0.0343 0.0000 0.7016 0.0000 
216      216   (0)      1 :  0.0000 0.2853 0.0168 0.0005 0.6896 0.0078 
217      217   (0)      1 :  0.0444 0.0236 0.0158 0.0000 0.4326 0.4836 
218      218   (0)      2 :  0.0000 0.3914 0.0000 0.0000 0.1901 0.4185 
219      219   (0)      2 :  0.2074 0.0258 0.0443 0.0000 0.1581 0.5643 
220      220   (0)      2 :  0.0362 0.5887 0.0218 0.0039 0.3484 0.0010 
221      221   (0)      2 :  0.2064 0.4482 0.0000 0.0000 0.2108 0.1346 
222      222   (0)      2 :  0.0033 0.6566 0.0903 0.0003 0.2495 0.0000 
223      223   (0)      2 :  0.0079 0.1929 0.0289 0.0000 0.0009 0.7694 
224      224   (0)      2 :  0.1124 0.2136 0.0548 0.0000 0.1078 0.5115 
225      225   (0)      2 :  0.0580 0.6872 0.0220 0.0017 0.2311 0.0000 
226      226   (0)      2 :  0.0013 0.7463 0.0110 0.0000 0.1297 0.1117 
227      227   (0)      2 :  0.0246 0.8330 0.0083 0.0000 0.0056 0.1285 
228      228   (0)      2 :  0.0000 0.7991 0.0000 0.0000 0.1548 0.0461 
229      229   (0)      2 :  0.0000 0.1288 0.3749 0.2268 0.0167 0.2528 
230      230   (0)      2 :  0.2714 0.4699 0.0337 0.0143 0.0748 0.1359 
231      231   (0)      2 :  0.0801 0.5027 0.0086 0.0000 0.0180 0.3906 
232      232   (0)     10 :  0.0000 0.4314 0.0318 0.0056 0.0020 0.5291 
233      233   (0)     10 :  0.0629 0.0453 0.0897 0.0000 0.0655 0.7366 
234      234   (0)     10 :  0.0623 0.4148 0.1120 0.0000 0.3062 0.1047 
235      235   (0)     10 :  0.0555 0.0350 0.0836 0.0172 0.3374 0.4713 
236      236   (0)     10 :  0.0553 0.0375 0.1817 0.0000 0.0396 0.6859 
237      237   (0)     10 :  0.0583 0.4524 0.0894 0.0000 0.1857 0.2142 
238      238   (0)     10 :  0.0479 0.2908 0.0560 0.0000 0.0000 0.6052 
239      239   (0)     10 :  0.0000 0.6273 0.0649 0.0000 0.2113 0.0966 
240      240   (0)     10 :  0.0730 0.0248 0.1500 0.0000 0.2854 0.4668 
241      241   (0)     10 :  0.0133 0.8809 0.0426 0.0190 0.0384 0.0058 
242      242   (0)     10 :  0.3875 0.0238 0.0878 0.0274 0.0001 0.4734 
243      243   (0)     10 :  0.0000 0.8173 0.0412 0.0000 0.0445 0.0970 
244      244   (0)     10 :  0.0000 0.1115 0.1062 0.0081 0.0857 0.6885 
245      245   (0)     10 :  0.0236 0.7218 0.0155 0.0000 0.0243 0.2148 
246      246   (0)     10 :  0.0000 0.5302 0.0002 0.0101 0.0505 0.4091 
247      247   (0)     10 :  0.0373 0.0597 0.0417 0.0455 0.0000 0.8158 
248      248   (0)     10 :  0.0539 0.8846 0.0482 0.0000 0.0120 0.0013 
249      249   (0)     10 :  0.0118 0.9815 0.0052 0.0000 0.0000 0.0015 
250      250   (0)     10 :  0.0280 0.7012 0.0168 0.0016 0.2252 0.0272 
251      251   (0)     10 :  0.0000 0.2690 0.1584 0.0000 0.4600 0.1125 
252      252   (0)     10 :  0.0000 0.5922 0.0442 0.0063 0.0000 0.3574 
253      253   (0)     10 :  0.0526 0.9325 0.0005 0.0000 0.0128 0.0016 
254      254   (0)     10 :  0.0006 0.6300 0.0717 0.0000 0.2862 0.0115 
255      255   (0)     10 :  0.0000 0.7923 0.0000 0.0000 0.2045 0.0032 
256      256   (0)     10 :  0.0000 0.0123 0.5000 0.2836 0.0000 0.2041 
257      257   (0)     10 :  0.0000 0.5103 0.0206 0.0000 0.0155 0.4536 
258      258   (0)     10 :  0.0000 0.2572 0.1128 0.0000 0.3100 0.3200 
259      259   (0)     10 :  0.0000 0.7195 0.0495 0.0000 0.0133 0.2176 
260      260   (0)     10 :  0.0000 0.4793 0.0540 0.0135 0.1088 0.3444 
261      261   (0)     10 :  0.0294 0.6467 0.0305 0.0121 0.1691 0.1121 
262      262   (0)     11 :  0.1106 0.3823 0.0482 0.0480 0.3506 0.0603 
263      263   (0)     11 :  0.0000 0.7379 0.0340 0.0000 0.1963 0.0318 
264      264   (0)     11 :  0.0000 0.9769 0.0158 0.0000 0.0073 0.0000 
265      265   (0)     11 :  0.0000 0.0336 0.5696 0.2800 0.1169 0.0000 
266      266   (0)     11 :  0.0000 0.0719 0.0579 0.0000 0.0012 0.8689 
267      267   (0)     11 :  0.0000 0.0013 0.5482 0.3516 0.0989 0.0000 
268      268   (0)     11 :  0.0000 0.0959 0.0364 0.0007 0.0302 0.8369 
269      269   (0)     11 :  0.0438 0.8034 0.0338 0.0033 0.0783 0.0374 
270      270   (0)     11 :  0.0001 0.9419 0.0116 0.0000 0.0464 0.0000 
271      271   (0)     11 :  0.0000 0.0230 0.1238 0.0000 0.3778 0.4755 
272      272   (0)     11 :  0.0003 0.2558 0.0872 0.0004 0.3640 0.2924 
273      273   (0)     11 :  0.2437 0.0000 0.1324 0.2078 0.4161 0.0000 
274      274   (0)     11 :  0.0000 0.0067 0.3380 0.3222 0.1019 0.2312 
275      275   (0)     11 :  0.0030 0.5972 0.0516 0.0062 0.2584 0.0837 
276      276   (0)     11 :  0.1096 0.5053 0.0623 0.2649 0.0580 0.0000 
277      277   (0)     11 :  0.0017 0.6127 0.0215 0.0360 0.3270 0.0010 
278      278   (0)     11 :  0.1650 0.3804 0.0036 0.0653 0.2202 0.1656 
279      279   (0)     11 :  0.0000 0.0242 0.0544 0.0000 0.9214 0.0000 
280      280   (0)     11 :  0.1544 0.4905 0.0380 0.0581 0.1050 0.1541 
281      281   (0)     11 :  0.0000 0.5139 0.0845 0.0006 0.4010 0.0000 
282      282   (0)     11 :  0.0000 0.2846 0.0441 0.0015 0.1913 0.4785 
283      283   (0)     11 :  0.3405 0.0468 0.0372 0.0003 0.5727 0.0025 
284      284   (0)     11 :  0.0586 0.1582 0.1035 0.0000 0.6536 0.0261 
285      285   (0)     11 :  0.0738 0.0343 0.0343 0.0084 0.1647 0.6844 
286      286   (0)     11 :  0.0461 0.2345 0.0834 0.0599 0.4707 0.1054 
287      287   (0)     11 :  0.0243 0.0308 0.0618 0.0694 0.2676 0.5461 
288      288   (0)     11 :  0.0000 0.7382 0.0613 0.0264 0.1741 0.0000 
289      289   (0)     11 :  0.0000 0.0323 0.1044 0.0051 0.1833 0.6750 
290      290   (0)     11 :  0.0108 0.4544 0.1253 0.0233 0.3861 0.0001 
291      291   (0)     11 :  0.1474 0.1644 0.1191 0.0001 0.5582 0.0108 
292      292   (0)     12 :  0.0000 0.0000 0.0000 1.0000 0.0000 0.0000 
293      293   (0)     12 :  0.7083 0.0000 0.0724 0.2193 0.0000 0.0000 
294      294   (0)     12 :  0.0000 0.0000 0.0000 1.0000 0.0000 0.0000 
295      295   (0)     12 :  0.0000 0.0000 0.0119 0.9881 0.0000 0.0000 
296      296   (0)     12 :  0.0000 0.0000 0.0000 1.0000 0.0000 0.0000 
297      297   (0)     12 :  0.0000 0.0393 0.0854 0.8753 0.0000 0.0000 
298      298   (0)     12 :  0.0118 0.0000 0.0204 0.9678 0.0000 0.0000 
299      299   (0)     12 :  0.0000 0.0000 0.0000 1.0000 0.0000 0.0000 
300      300   (0)     12 :  0.2294 0.5332 0.0925 0.1005 0.0443 0.0000 
301      301   (0)     12 :  0.9120 0.0000 0.0363 0.0517 0.0000 0.0000 
302      302   (0)     12 :  0.0000 0.0000 0.0000 1.0000 0.0000 0.0000 
303      303   (0)     12 :  0.0000 0.0000 0.0093 0.9500 0.0407 0.0000 
304      304   (0)     12 :  0.0000 0.5224 0.2348 0.2428 0.0000 0.0000 
305      305   (0)     12 :  0.4233 0.0235 0.0148 0.1021 0.0000 0.4364 
306      306   (0)     12 :  0.1840 0.0000 0.0328 0.7832 0.0000 0.0000 
307      307   (0)     12 :  0.0000 0.0000 0.0000 1.0000 0.0000 0.0000 
308      308   (0)     12 :  0.0000 0.0377 0.1823 0.7799 0.0000 0.0000 
309      309   (0)     12 :  0.5320 0.0118 0.0868 0.0631 0.0457 0.2606 
310      310   (0)     12 :  0.0040 0.0416 0.0966 0.8578 0.0000 0.0000 
311      311   (0)     12 :  0.0866 0.1921 0.1709 0.5194 0.0000 0.0310 
312      312   (0)     12 :  0.6886 0.0000 0.1394 0.1167 0.0525 0.0029 
313      313   (0)     12 :  0.5964 0.3309 0.0216 0.0512 0.0000 0.0000 
314      314   (0)     12 :  0.0000 0.2630 0.2192 0.4943 0.0000 0.0235 
315      315   (0)     12 :  0.0000 0.0000 0.0001 0.9999 0.0000 0.0000 
316      316   (0)     12 :  0.0011 0.1118 0.2852 0.6020 0.0000 0.0000 
317      317   (0)     12 :  0.0000 0.1143 0.3362 0.5494 0.0000 0.0000 
318      318   (0)     12 :  0.4405 0.0211 0.0995 0.0232 0.0014 0.4141 
319      319   (0)     12 :  0.0934 0.0376 0.0971 0.7673 0.0006 0.0039 
320      320   (0)     12 :  0.4700 0.0108 0.0982 0.0640 0.1050 0.2520 
321      321   (0)     12 :  0.0000 0.1155 0.4362 0.4483 0.0000 0.0000 
322      322   (0)     13 :  0.0486 0.7075 0.0093 0.0000 0.0000 0.2346 
323      323   (0)     13 :  0.0730 0.4514 0.0177 0.0071 0.0000 0.4508 
324      324   (0)     13 :  0.0000 0.5389 0.0117 0.0000 0.0000 0.4494 
325      325   (0)     13 :  0.0000 0.0500 0.0220 0.0000 0.0000 0.9280 
326      326   (0)     13 :  0.0000 0.5684 0.0905 0.0000 0.3411 0.0000 
327      327   (0)     13 :  0.0250 0.4103 0.0173 0.0070 0.0000 0.5404 
328      328   (0)     13 :  0.0000 0.2337 0.0000 0.0000 0.0000 0.7663 
329      329   (0)     13 :  0.0481 0.8389 0.0012 0.0000 0.0777 0.0340 
330      330   (0)     13 :  0.0118 0.3919 0.0401 0.0037 0.0830 0.4695 
331      331   (0)     13 :  0.2929 0.0000 0.4004 0.0000 0.2567 0.0500 
332      332   (0)     13 :  0.0075 0.8783 0.0065 0.0002 0.0021 0.1053 
333      333   (0)     13 :  0.2049 0.0359 0.0138 0.0000 0.0000 0.7454 
334      334   (0)     13 :  0.0000 0.1301 0.0178 0.0000 0.0000 0.8520 
335      335   (0)     13 :  0.0882 0.0344 0.1019 0.0000 0.0068 0.7687 
336      336   (0)     13 :  0.0027 0.5555 0.0232 0.0000 0.0874 0.3312 
337      337   (0)     13 :  0.0000 0.3182 0.1304 0.0057 0.1248 0.4208 
338      338   (0)     13 :  0.0000 0.7183 0.0504 0.0000 0.0345 0.1968 
339      339   (0)     13 :  0.2498 0.0370 0.0979 0.0197 0.2903 0.3052 
340      340   (0)     13 :  0.1410 0.6742 0.0334 0.0164 0.0364 0.0986 
341      341   (0)     13 :  0.0010 0.9025 0.0317 0.0000 0.0648 0.0000 
342      342   (0)     13 :  0.0000 0.1829 0.1125 0.0000 0.1119 0.5927 
343      343   (0)     13 :  0.0000 0.1157 0.0648 0.0000 0.2169 0.6026 
344      344   (0)     13 :  0.0003 0.3893 0.0338 0.0000 0.0058 0.5707 
345      345   (0)     13 :  0.0000 0.3139 0.3412 0.3175 0.0270 0.0004 
346      346   (0)     13 :  0.1994 0.6881 0.0410 0.0000 0.0000 0.0715 
347      347   (0)     13 :  0.0017 0.3731 0.0188 0.0000 0.0000 0.6064 
348      348   (0)     13 :  0.0000 0.0379 0.0541 0.0204 0.1463 0.7413 
349      349   (0)     13 :  0.1106 0.3502 0.0546 0.0046 0.1525 0.3276 
350      350   (0)     13 :  0.0000 0.2497 0.1770 0.5733 0.0000 0.0000 
351      351   (0)     13 :  0.0000 0.0486 0.0141 0.0090 0.0000 0.9283 
