1        1   (0)      1  : 0.0099 0.0196 0.0000 0.4819 0.4886 0.0000 0.0000
2        2   (0)      1  : 0.3898 0.0293 0.0862 0.3201 0.0696 0.0000 0.1049
3        3   (0)      1  : 0.0000 0.0865 0.0809 0.0332 0.0000 0.7994 0.0000
4        4   (0)      1  : 0.0000 0.0000 0.0000 0.4498 0.1562 0.0000 0.3940
5        5   (0)      1  : 0.0033 0.0921 0.1215 0.7649 0.0000 0.0000 0.0182
6        6   (0)      1  : 0.1596 0.0000 0.0000 0.1097 0.3397 0.3910 0.0000
7        7   (0)      2  : 0.0000 0.0000 0.0000 0.6173 0.0000 0.0000 0.3827
8        8   (0)      1  : 0.3016 0.0160 0.0000 0.6792 0.0032 0.0000 0.0000
9        9   (0)      3  : 0.0104 0.0000 0.5274 0.0000 0.4622 0.0000 0.0000
10       10   (0)      4  : 0.0000 0.0177 0.5621 0.2900 0.0000 0.0551 0.0751
11       11   (0)      4  : 0.4593 0.0000 0.3689 0.0883 0.0733 0.0000 0.0102
12       12   (0)      4  : 0.0000 0.0686 0.3590 0.0988 0.3183 0.0161 0.1392
13       13   (0)      4  : 0.0000 0.0000 0.4649 0.3710 0.0000 0.1641 0.0000
14       14   (0)      4  : 0.3110 0.0000 0.4937 0.1869 0.0000 0.0085 0.0000
15       15   (0)      4  : 0.0000 0.0000 0.0000 0.0000 0.2366 0.7634 0.0000
16       16   (0)      5  : 0.3872 0.0000 0.2104 0.0613 0.2066 0.0164 0.1181
17       17   (0)      4  : 0.0000 0.0000 0.4235 0.0000 0.3407 0.1061 0.1297
18       18   (0)      5  : 0.3407 0.0000 0.4040 0.2010 0.0542 0.0000 0.0000
19       19   (0)      5  : 0.3595 0.0000 0.5818 0.0000 0.0000 0.0000 0.0587
20       20   (0)      5  : 0.0000 0.0000 0.5831 0.0000 0.1558 0.0000 0.2611
21       21   (0)      5  : 0.3112 0.0000 0.6888 0.0000 0.0000 0.0000 0.0000
22       22   (0)      5  : 0.0000 0.0466 0.3800 0.0010 0.5724 0.0000 0.0000
23       23   (0)      5  : 0.0000 0.0000 0.6057 0.0000 0.3943 0.0000 0.0000
24       24   (0)      5  : 0.1949 0.0544 0.4215 0.0000 0.0903 0.0000 0.2389
25       25   (0)      5  : 0.0000 0.0188 0.6045 0.0000 0.3767 0.0000 0.0000
26       26   (0)      5  : 0.0819 0.0000 0.6415 0.0000 0.0000 0.0068 0.2698
27       27   (0)      5  : 0.0000 0.0000 0.5524 0.0000 0.4476 0.0000 0.0000
28       28   (0)      5  : 0.0973 0.0000 0.9027 0.0000 0.0000 0.0000 0.0000
29       29   (0)      5  : 0.7643 0.0000 0.2357 0.0000 0.0000 0.0000 0.0000
30       30   (0)      5  : 0.3360 0.0000 0.3729 0.0000 0.0957 0.0000 0.1955
31       31   (0)      5  : 0.0243 0.0803 0.6602 0.0000 0.2352 0.0000 0.0000
32       32   (0)      5  : 0.4604 0.0000 0.1194 0.0000 0.4203 0.0000 0.0000
33       33   (0)      5  : 0.3323 0.0000 0.2799 0.0000 0.3877 0.0000 0.0000
34       34   (0)      5  : 0.6433 0.0000 0.2590 0.0000 0.0693 0.0000 0.0283
35       35   (0)      5  : 0.2365 0.0000 0.7635 0.0000 0.0000 0.0000 0.0000
36       36   (0)      5  : 0.3091 0.0137 0.5200 0.0000 0.1571 0.0000 0.0000
37       37   (0)      5  : 0.0000 0.0000 0.7210 0.0726 0.1643 0.0000 0.0421
38       38   (0)      5  : 0.2698 0.0000 0.5925 0.0909 0.0469 0.0000 0.0000
39       39   (0)      5  : 0.4531 0.0287 0.5183 0.0000 0.0000 0.0000 0.0000
40       40   (0)      5  : 0.0000 0.0000 0.5571 0.0000 0.4429 0.0000 0.0000
41       41   (0)      5  : 0.6333 0.0000 0.3488 0.0000 0.0000 0.0000 0.0179
42       42   (0)      5  : 0.0000 0.0000 0.0000 0.0000 0.0000 0.9462 0.0538
43       43   (0)      5  : 0.0000 0.0201 0.4514 0.0635 0.3180 0.0000 0.1470
44       44   (0)      4  : 0.0000 0.0000 0.8729 0.0611 0.0000 0.0660 0.0000
45       45   (0)      4  : 0.3309 0.0439 0.2832 0.0000 0.0450 0.0247 0.2724
46       46   (0)      4  : 0.0000 0.0000 0.2430 0.0000 0.6019 0.0801 0.0750
47       47   (0)      4  : 0.5909 0.0000 0.3359 0.0636 0.0000 0.0000 0.0096
48       48   (0)      5  : 0.2733 0.0644 0.2574 0.0586 0.2842 0.0251 0.0370
49       49   (0)      4  : 0.0000 0.0000 0.3583 0.0000 0.3790 0.0000 0.2627
50       50   (0)      4  : 0.0000 0.0000 0.0000 0.0000 0.0926 0.8950 0.0124
51       51   (0)      4  : 0.3525 0.0780 0.3617 0.1763 0.0315 0.0000 0.0000
52       52   (0)      4  : 0.0000 0.0676 0.0000 0.0000 0.0085 0.8432 0.0806
53       53   (0)      4  : 0.2756 0.0000 0.5738 0.1506 0.0000 0.0000 0.0000
54       54   (0)      4  : 0.0000 0.0000 0.0000 0.0000 0.0000 1.0000 0.0000
55       55   (0)      4  : 0.1595 0.0000 0.0642 0.0000 0.0000 0.7764 0.0000
56       56   (0)      4  : 0.0909 0.0000 0.7050 0.0963 0.0825 0.0253 0.0000
57       57   (0)      5  : 0.4026 0.0951 0.2800 0.1007 0.1068 0.0000 0.0146
58       58   (0)      4  : 0.1627 0.0926 0.0000 0.0000 0.2200 0.5247 0.0000
59       59   (0)      4  : 0.0000 0.0000 0.0802 0.0000 0.0058 0.8869 0.0271
60       60   (0)      4  : 0.4783 0.0000 0.2138 0.0588 0.2002 0.0489 0.0000
61       61   (0)      5  : 0.0735 0.0000 0.3231 0.0627 0.2299 0.0301 0.2809
62       62   (0)      6  : 0.0000 0.0000 0.1158 0.1407 0.0370 0.7065 0.0000
63       63   (0)      6  : 0.0000 0.1377 0.0000 0.0000 0.0839 0.7783 0.0000
64       64   (0)      6  : 0.0000 0.0000 0.0013 0.9987 0.0000 0.0000 0.0000
65       65   (0)      6  : 0.2873 0.0000 0.2855 0.1371 0.2900 0.0000 0.0000
66       66   (0)      6  : 0.0000 0.0000 0.4337 0.5250 0.0000 0.0413 0.0000
67       67   (0)      6  : 0.0000 0.0000 0.0000 0.6283 0.3717 0.0000 0.0000
68       68   (0)      6  : 0.1902 0.0000 0.0087 0.3972 0.4039 0.0000 0.0000
69       69   (0)      6  : 0.2705 0.0000 0.0813 0.1344 0.4742 0.0396 0.0000
70       70   (0)      6  : 0.0000 0.0000 0.0947 0.1260 0.7793 0.0000 0.0000
71       71   (0)      6  : 0.1740 0.0000 0.1262 0.2720 0.4279 0.0000 0.0000
72       72   (0)      7  : 0.5146 0.0000 0.3681 0.1173 0.0000 0.0000 0.0000
73       73   (0)      7  : 0.5154 0.0000 0.1335 0.0573 0.0000 0.0731 0.2206
74       74   (0)      7  : 0.2450 0.0318 0.2990 0.1908 0.0582 0.0215 0.1538
75       75   (0)      7  : 0.3836 0.0058 0.2904 0.2136 0.0000 0.1067 0.0000
76       76   (0)      7  : 0.1454 0.0082 0.7326 0.1138 0.0000 0.0000 0.0000
77       77   (0)      7  : 0.0680 0.1156 0.4114 0.3426 0.0623 0.0000 0.0000
78       78   (0)      7  : 0.1552 0.0000 0.3598 0.1109 0.0000 0.0258 0.3483
79       79   (0)      7  : 0.7557 0.0000 0.1116 0.0241 0.0000 0.0000 0.1087
80       80   (0)      7  : 0.2642 0.0000 0.4424 0.2309 0.0625 0.0000 0.0000
81       81   (0)      7  : 0.0006 0.0000 0.7655 0.2340 0.0000 0.0000 0.0000
82       82   (0)      7  : 0.5307 0.0833 0.1414 0.0858 0.0165 0.0415 0.1008
83       83   (0)      7  : 0.0000 0.0642 0.0000 0.1111 0.0000 0.8247 0.0000
84       84   (0)      7  : 0.4835 0.0000 0.3984 0.1180 0.0000 0.0000 0.0000
85       85   (0)      7  : 0.0643 0.0000 0.7134 0.2223 0.0000 0.0000 0.0000
86       86   (0)      7  : 0.1632 0.0000 0.0000 0.0000 0.0675 0.7693 0.0000
87       87   (0)      7  : 0.1188 0.0000 0.2153 0.1214 0.5446 0.0000 0.0000
88       88   (0)      7  : 0.0000 0.0000 0.0006 0.0220 0.1235 0.8539 0.0000
89       89   (0)      7  : 0.4794 0.0036 0.5080 0.0000 0.0000 0.0091 0.0000
90       90   (0)      7  : 0.4127 0.0000 0.1940 0.0409 0.3503 0.0020 0.0000
91       91   (0)      7  : 0.4693 0.0000 0.4091 0.0784 0.0000 0.0000 0.0432
92       92   (0)      7  : 0.2164 0.0969 0.5103 0.1764 0.0000 0.0000 0.0000
93       93   (0)      7  : 0.3503 0.0000 0.2957 0.0899 0.2242 0.0398 0.0000
94       94   (0)      7  : 0.0291 0.0000 0.6536 0.3173 0.0000 0.0000 0.0000
95       95   (0)      7  : 0.0156 0.0843 0.4959 0.2151 0.1891 0.0000 0.0000
96       96   (0)      7  : 0.0000 0.0000 0.7295 0.1089 0.0000 0.0000 0.1616
97       97   (0)      7  : 0.0000 0.0499 0.8004 0.1496 0.0000 0.0000 0.0000
98       98   (0)      7  : 0.0000 0.0000 0.8272 0.1728 0.0000 0.0000 0.0000
99       99   (0)      7  : 0.0000 0.0214 0.0248 0.2302 0.0000 0.7236 0.0000
100      100   (0)      6  : 0.3686 0.0000 0.0966 0.3871 0.0000 0.0000 0.1478
101      101   (0)      6  : 0.0876 0.0000 0.1745 0.3911 0.0384 0.0410 0.2675
102      102   (0)      6  : 0.0605 0.0000 0.0369 0.2738 0.5922 0.0366 0.0000
103      103   (0)      6  : 0.5384 0.0000 0.0000 0.4616 0.0000 0.0000 0.0000
104      104   (0)      6  : 0.0000 0.0000 0.0000 0.3830 0.6170 0.0000 0.0000
105      105   (0)      6  : 0.2198 0.0000 0.1617 0.5178 0.0890 0.0000 0.0118
106      106   (0)      6  : 0.2853 0.0000 0.0000 0.3550 0.2548 0.0299 0.0751
107      107   (0)      6  : 0.0691 0.0500 0.0000 0.5430 0.3380 0.0000 0.0000
108      108   (0)      6  : 0.0000 0.0000 0.0000 0.1121 0.0000 0.8879 0.0000
109      109   (0)      7  : 0.1995 0.0000 0.2617 0.1959 0.3289 0.0142 0.0000
110      110   (0)      7  : 0.0000 0.0000 0.3683 0.5028 0.0000 0.1289 0.0000
111      111   (0)      8  : 0.0000 0.0000 0.0432 0.6901 0.0000 0.1018 0.1649
112      112   (0)      6  : 0.0000 0.0000 0.0000 1.0000 0.0000 0.0000 0.0000
113      113   (0)      6  : 0.0000 0.0000 0.0000 0.0850 0.0000 0.9150 0.0000
114      114   (0)      6  : 0.0000 0.0000 0.2981 0.7019 0.0000 0.0000 0.0000
115      115   (0)      6  : 0.0000 0.1713 0.0592 0.3352 0.0000 0.4342 0.0000
116      116   (0)      6  : 0.0000 0.0198 0.1664 0.5309 0.0646 0.0001 0.2182
117      117   (0)      6  : 0.0000 0.0000 0.0000 0.4959 0.2925 0.0000 0.2116
118      118   (0)      6  : 0.1868 0.0000 0.0000 0.6014 0.2119 0.0000 0.0000
119      119   (0)      6  : 0.0000 0.0000 0.0602 0.7908 0.0000 0.0000 0.1490
120      120   (0)      6  : 0.0182 0.0000 0.0000 0.6546 0.0000 0.0128 0.3144
121      121   (0)      6  : 0.0000 0.0293 0.0000 0.2031 0.0000 0.7676 0.0000
122      122   (0)      9  : 0.0000 0.1130 0.3094 0.1797 0.3979 0.0000 0.0000
123      123   (0)      9  : 0.2492 0.0000 0.2356 0.0000 0.4646 0.0506 0.0000
124      124   (0)      9  : 0.0000 0.1128 0.2043 0.0002 0.6827 0.0000 0.0000
125      125   (0)      9  : 0.6036 0.0000 0.3297 0.0000 0.0505 0.0162 0.0000
126      126   (0)      9  : 0.4973 0.0000 0.5027 0.0000 0.0000 0.0000 0.0000
127      127   (0)      9  : 0.0000 0.0000 0.5370 0.0000 0.4539 0.0000 0.0091
128      128   (0)      9  : 0.1473 0.0346 0.2434 0.0000 0.5747 0.0000 0.0000
129      129   (0)      9  : 0.0000 0.0000 0.2397 0.0000 0.6806 0.0530 0.0267
130      130   (0)      9  : 0.2979 0.0255 0.3858 0.0500 0.0433 0.0000 0.1975
131      131   (0)      9  : 0.2514 0.0000 0.2792 0.0000 0.3457 0.0000 0.1236
132      132   (0)      9  : 0.3824 0.0341 0.2108 0.0000 0.3727 0.0000 0.0000
133      133   (0)      9  : 0.1826 0.0000 0.4326 0.0000 0.0753 0.0000 0.3095
134      134   (0)      9  : 0.0000 0.0221 0.5958 0.3459 0.0000 0.0363 0.0000
135      135   (0)      9  : 0.0557 0.0000 0.0004 0.0000 0.9440 0.0000 0.0000
136      136   (0)      9  : 0.4192 0.0733 0.3976 0.1053 0.0046 0.0000 0.0000
137      137   (0)      9  : 0.5465 0.0000 0.2558 0.0269 0.0252 0.0000 0.1456
138      138   (0)      9  : 0.7287 0.0000 0.2333 0.0000 0.0249 0.0130 0.0000
139      139   (0)      9  : 0.7012 0.0000 0.2244 0.0744 0.0000 0.0000 0.0000
140      140   (0)      9  : 0.3676 0.0000 0.2171 0.0000 0.4153 0.0000 0.0000
141      141   (0)      9  : 0.0000 0.0000 0.5336 0.0116 0.4337 0.0000 0.0211
142      142   (0)      9  : 0.5462 0.0104 0.1885 0.1594 0.0834 0.0000 0.0121
143      143   (0)      9  : 0.0000 0.0000 0.4274 0.3593 0.0000 0.1879 0.0255
144      144   (0)      9  : 0.3701 0.0029 0.2411 0.0000 0.0377 0.0315 0.3167
145      145   (0)      3  : 0.0265 0.0479 0.4103 0.0133 0.5019 0.0000 0.0000
146      146   (0)      3  : 0.0974 0.0782 0.0211 0.0000 0.2633 0.5401 0.0000
147      147   (0)      3  : 0.0556 0.0000 0.0422 0.0000 0.8751 0.0000 0.0272
148      148   (0)      3  : 0.5744 0.0118 0.3027 0.0000 0.0424 0.0687 0.0000
149      149   (0)      3  : 0.4645 0.0000 0.2435 0.0000 0.2920 0.0000 0.0000
150      150   (0)      3  : 0.0000 0.0000 0.2647 0.0000 0.5881 0.0959 0.0514
151      151   (0)      3  : 0.5742 0.0000 0.4066 0.0000 0.0192 0.0000 0.0000
152      152   (0)      3  : 0.4352 0.0000 0.3795 0.0000 0.1853 0.0000 0.0000
153      153   (0)      3  : 0.2588 0.0224 0.4643 0.0000 0.2507 0.0000 0.0038
154      154   (0)      3  : 0.2838 0.0198 0.5228 0.1013 0.0722 0.0000 0.0000
155      155   (0)      3  : 0.2167 0.0498 0.6168 0.0635 0.0000 0.0532 0.0000
156      156   (0)      3  : 0.4344 0.1135 0.3912 0.0000 0.0608 0.0000 0.0000
157      157   (0)      3  : 0.4761 0.0554 0.3275 0.0453 0.0957 0.0000 0.0000
158      158   (0)      3  : 0.5429 0.0133 0.3839 0.0525 0.0075 0.0000 0.0000
159      159   (0)      3  : 0.2845 0.1709 0.0000 0.0000 0.0000 0.5446 0.0000
160      160   (0)      3  : 0.4549 0.0000 0.2281 0.0005 0.1267 0.0000 0.1897
161      161   (0)      3  : 0.0000 0.0000 0.2274 0.0400 0.7326 0.0000 0.0000
162      162   (0)      3  : 0.6187 0.0000 0.3650 0.0000 0.0163 0.0000 0.0000
163      163   (0)      3  : 0.3334 0.0000 0.4129 0.0000 0.2537 0.0000 0.0000
164      164   (0)      3  : 0.5849 0.0083 0.4068 0.0000 0.0000 0.0000 0.0000
165      165   (0)      3  : 0.0000 0.0000 0.2263 0.0225 0.7460 0.0052 0.0000
166      166   (0)      3  : 0.3523 0.0000 0.4734 0.0000 0.1092 0.0000 0.0650
167      167   (0)      3  : 0.5524 0.0000 0.1602 0.0000 0.2874 0.0000 0.0000
168      168   (0)      3  : 0.4634 0.0574 0.4401 0.0051 0.0341 0.0000 0.0000
169      169   (0)      3  : 0.5264 0.0000 0.4524 0.0000 0.0000 0.0000 0.0212
170      170   (0)      3  : 0.7299 0.0000 0.2591 0.0000 0.0000 0.0110 0.0000
171      171   (0)      3  : 0.3490 0.0000 0.4169 0.0000 0.0000 0.0000 0.2341
172      172   (0)      3  : 0.6150 0.0000 0.3799 0.0051 0.0000 0.0000 0.0000
173      173   (0)      3  : 0.1578 0.0143 0.3524 0.0368 0.4387 0.0000 0.0000
174      174   (0)      9  : 0.0000 0.0000 0.3854 0.0000 0.3846 0.0000 0.2300
175      175   (0)      9  : 0.0000 0.0539 0.5718 0.3743 0.0000 0.0000 0.0000
176      176   (0)      9  : 0.4815 0.0133 0.1962 0.0000 0.3027 0.0000 0.0062
177      177   (0)      9  : 0.2659 0.0000 0.2180 0.2083 0.0000 0.0000 0.3078
178      178   (0)      9  : 0.2296 0.0054 0.2271 0.0212 0.4236 0.0000 0.0931
179      179   (0)      9  : 0.1394 0.0213 0.3374 0.0898 0.4121 0.0000 0.0000
180      180   (0)      9  : 0.1307 0.0000 0.3308 0.0739 0.2839 0.0401 0.1405
181      181   (0)      1  : 0.6732 0.0000 0.0252 0.2744 0.0272 0.0000 0.0000
182      182   (0)      1  : 0.2335 0.0000 0.0000 0.2204 0.2660 0.0266 0.2535
183      183   (0)      1  : 0.6413 0.0000 0.0000 0.2313 0.0000 0.0000 0.1274
184      184   (0)      1  : 0.1359 0.0000 0.0000 0.4013 0.4373 0.0255 0.0000
185      185   (0)      1  : 0.7264 0.0000 0.0000 0.1793 0.0486 0.0000 0.0457
186      186   (0)      1  : 0.2865 0.0358 0.1649 0.2348 0.2780 0.0000 0.0000
187      187   (0)      1  : 0.6133 0.0000 0.0000 0.3390 0.0477 0.0000 0.0000
188      188   (0)      1  : 0.8612 0.0000 0.0000 0.0506 0.0882 0.0000 0.0000
189      189   (0)      2  : 0.1095 0.0000 0.0000 0.0465 0.5219 0.0001 0.3219
190      190   (0)      2  : 0.7068 0.0000 0.1985 0.0789 0.0000 0.0159 0.0000
191      191   (0)      2  : 0.6611 0.0000 0.1372 0.1052 0.0965 0.0000 0.0000
192      192   (0)      2  : 0.0000 0.0000 0.2596 0.0000 0.5328 0.0000 0.2076
193      193   (0)      2  : 0.7858 0.0000 0.0411 0.0128 0.1602 0.0000 0.0000
194      194   (0)      2  : 0.0000 0.0000 0.1170 0.0000 0.8830 0.0000 0.0000
195      195   (0)      2  : 0.2545 0.0000 0.0000 0.3639 0.1241 0.0000 0.2575
196      196   (0)      2  : 0.0096 0.0000 0.2347 0.0334 0.0869 0.0000 0.6353
197      197   (0)      1  : 0.3551 0.0000 0.0591 0.0637 0.5222 0.0000 0.0000
198      198   (0)      1  : 0.3044 0.0000 0.0000 0.4233 0.0000 0.0000 0.2723
199      199   (0)      1  : 0.0000 0.0000 0.0625 0.4008 0.5367 0.0000 0.0000
200      200   (0)      1  : 0.0001 0.0000 0.0000 0.6609 0.2349 0.0000 0.1041
201      201   (0)      1  : 0.0000 0.0000 0.0000 0.4685 0.3686 0.0114 0.1515
202      202   (0)      1  : 0.0000 0.0000 0.0000 0.8784 0.0000 0.0000 0.1216
203      203   (0)      2  : 0.0000 0.0000 0.0808 0.0000 0.1458 0.5508 0.2227
204      204   (0)      2  : 0.0000 0.0000 0.0000 0.2280 0.3382 0.0000 0.4339
205      205   (0)      2  : 0.0000 0.0107 0.0852 0.0000 0.0236 0.8805 0.0000
206      206   (0)      2  : 0.7612 0.0000 0.0834 0.1501 0.0021 0.0000 0.0031
207      207   (0)      2  : 0.0000 0.0000 0.0000 0.0000 0.7067 0.0536 0.2397
208      208   (0)      2  : 0.8779 0.0000 0.0020 0.0000 0.0000 0.0740 0.0461
209      209   (0)      2  : 0.0000 0.0000 0.0372 0.0000 0.2640 0.0000 0.6988
210      210   (0)      1  : 0.0000 0.0000 0.0000 0.0896 0.4604 0.0000 0.4500
211      211   (0)      1  : 0.1734 0.0000 0.2015 0.4451 0.0000 0.0000 0.1800
212      212   (0)      1  : 0.0000 0.0000 0.0686 0.3578 0.1056 0.0000 0.4681
213      213   (0)      1  : 0.4175 0.0000 0.0000 0.5403 0.0000 0.0000 0.0422
214      214   (0)      1  : 0.0000 0.0000 0.0000 0.1582 0.7676 0.0000 0.0742
215      215   (0)      1  : 0.2195 0.0000 0.0000 0.5549 0.0000 0.0000 0.2257
216      216   (0)      1  : 0.3019 0.0000 0.0000 0.6078 0.0000 0.0000 0.0903
217      217   (0)      1  : 0.0000 0.0000 0.0339 0.4442 0.5219 0.0000 0.0000
218      218   (0)      2  : 0.3549 0.0000 0.0000 0.1861 0.4590 0.0000 0.0000
219      219   (0)      2  : 0.0000 0.0000 0.1839 0.0513 0.4903 0.0000 0.2745
220      220   (0)      2  : 0.5696 0.0057 0.0216 0.3084 0.0000 0.0000 0.0947
221      221   (0)      2  : 0.4347 0.0000 0.1775 0.2298 0.1580 0.0000 0.0000
222      222   (0)      2  : 0.5765 0.0000 0.0000 0.1924 0.0000 0.0797 0.1514
223      223   (0)      2  : 0.1150 0.0000 0.0000 0.0000 0.8278 0.0572 0.0000
224      224   (0)      2  : 0.1425 0.0000 0.0616 0.0497 0.3652 0.0000 0.3811
225      225   (0)      2  : 0.6496 0.0038 0.0308 0.1678 0.0000 0.0000 0.1479
226      226   (0)      2  : 0.7272 0.0000 0.0000 0.1155 0.1145 0.0000 0.0428
227      227   (0)      2  : 0.8407 0.0000 0.0000 0.0000 0.1117 0.0000 0.0475
228      228   (0)      2  : 0.7679 0.0000 0.0000 0.1572 0.0749 0.0000 0.0000
229      229   (0)      2  : 0.0314 0.0121 0.0000 0.0062 0.2362 0.7141 0.0000
230      230   (0)      2  : 0.4677 0.0217 0.2831 0.0796 0.1479 0.0000 0.0000
231      231   (0)      2  : 0.4749 0.0011 0.0758 0.0326 0.4128 0.0028 0.0000
232      232   (0)     10  : 0.3924 0.0000 0.0000 0.0006 0.5357 0.0278 0.0435
233      233   (0)     10  : 0.0000 0.0000 0.0874 0.0923 0.7379 0.0000 0.0824
234      234   (0)     10  : 0.3064 0.0000 0.0552 0.0095 0.0000 0.0000 0.6289
235      235   (0)     10  : 0.0000 0.0150 0.0362 0.1200 0.3207 0.0000 0.5081
236      236   (0)     10  : 0.0000 0.0000 0.0625 0.0000 0.3715 0.0405 0.5255
237      237   (0)     10  : 0.3747 0.0000 0.0541 0.0312 0.0000 0.0000 0.5399
238      238   (0)     10  : 0.2069 0.0000 0.0370 0.0000 0.5362 0.0000 0.2199
239      239   (0)     10  : 0.6058 0.0000 0.0000 0.0000 0.0000 0.0000 0.3942
240      240   (0)     10  : 0.0000 0.0000 0.0000 0.0000 0.0000 0.0000 1.0000
241      241   (0)     10  : 0.8907 0.0373 0.0017 0.0642 0.0000 0.0000 0.0060
242      242   (0)     10  : 0.0000 0.0376 0.3588 0.0000 0.2847 0.0000 0.3189
243      243   (0)     10  : 0.7496 0.0000 0.0000 0.0001 0.0000 0.0000 0.2503
244      244   (0)     10  : 0.0330 0.0000 0.0000 0.0000 0.6246 0.0625 0.2799
245      245   (0)     10  : 0.6897 0.0000 0.0101 0.0259 0.1809 0.0000 0.0935
246      246   (0)     10  : 0.4911 0.0150 0.0000 0.0401 0.4537 0.0000 0.0000
247      247   (0)     10  : 0.0000 0.0630 0.0000 0.0000 0.7513 0.0000 0.1857
248      248   (0)     10  : 0.7281 0.0000 0.0375 0.0000 0.0000 0.0000 0.2344
249      249   (0)     10  : 0.9897 0.0000 0.0103 0.0000 0.0000 0.0000 0.0000
250      250   (0)     10  : 0.6724 0.0031 0.0208 0.2237 0.0391 0.0000 0.0408
251      251   (0)     10  : 0.0000 0.0000 0.0000 0.0044 0.0000 0.0000 0.9956
252      252   (0)     10  : 0.5456 0.0000 0.0000 0.0000 0.2824 0.0236 0.1484
253      253   (0)     10  : 0.9045 0.0000 0.0465 0.0490 0.0000 0.0000 0.0000
254      254   (0)     10  : 0.4452 0.0000 0.0000 0.1354 0.0000 0.0000 0.4193
255      255   (0)     10  : 0.7709 0.0000 0.0000 0.2291 0.0000 0.0000 0.0000
256      256   (0)     10  : 0.0000 0.0000 0.0000 0.0000 0.0189 0.9811 0.0000
257      257   (0)     10  : 0.4364 0.0000 0.0000 0.0261 0.4797 0.0000 0.0577
258      258   (0)     10  : 0.1360 0.0000 0.0000 0.1535 0.0002 0.0000 0.7103
259      259   (0)     10  : 0.7061 0.0000 0.0000 0.0000 0.0002 0.0000 0.2937
260      260   (0)     10  : 0.4653 0.0045 0.0000 0.0000 0.2094 0.0000 0.3208
261      261   (0)     10  : 0.6238 0.0128 0.0330 0.1914 0.1373 0.0017 0.0000
262      262   (0)     11  : 0.3705 0.0710 0.0865 0.2422 0.0337 0.0000 0.1961
263      263   (0)     11  : 0.6908 0.0000 0.0000 0.1068 0.0000 0.0000 0.2024
264      264   (0)     11  : 0.9034 0.0000 0.0000 0.0000 0.0000 0.0000 0.0966
265      265   (0)     11  : 0.0000 0.0000 0.0000 0.0000 0.0000 1.0000 0.0000
266      266   (0)     11  : 0.0000 0.0000 0.0000 0.0000 0.8366 0.0308 0.1326
267      267   (0)     11  : 0.0000 0.0000 0.0000 0.0000 0.0000 1.0000 0.0000
268      268   (0)     11  : 0.0269 0.0000 0.0000 0.0361 0.8446 0.0000 0.0925
269      269   (0)     11  : 0.7603 0.0057 0.0432 0.0798 0.0030 0.0000 0.1080
270      270   (0)     11  : 0.9356 0.0000 0.0000 0.0000 0.0000 0.0000 0.0644
271      271   (0)     11  : 0.0000 0.0000 0.0000 0.2103 0.0163 0.0000 0.7734
272      272   (0)     11  : 0.2175 0.0006 0.0000 0.1353 0.1335 0.0000 0.5131
273      273   (0)     11  : 0.0000 0.2425 0.1742 0.0000 0.0000 0.0000 0.5833
274      274   (0)     11  : 0.0000 0.1393 0.0000 0.0100 0.0785 0.5847 0.1876
275      275   (0)     11  : 0.5235 0.0117 0.0000 0.2226 0.0004 0.0000 0.2418
276      276   (0)     11  : 0.5003 0.3195 0.0599 0.0000 0.0000 0.0000 0.1204
277      277   (0)     11  : 0.5779 0.0335 0.0000 0.3528 0.0000 0.0000 0.0358
278      278   (0)     11  : 0.3129 0.0730 0.1326 0.2503 0.2312 0.0000 0.0000
279      279   (0)     11  : 0.0000 0.0000 0.0000 0.6460 0.0000 0.0000 0.3540
280      280   (0)     11  : 0.4599 0.0578 0.1230 0.1009 0.1206 0.0221 0.1157
281      281   (0)     11  : 0.4204 0.0000 0.0000 0.0437 0.0000 0.0000 0.5358
282      282   (0)     11  : 0.2204 0.0000 0.0000 0.1615 0.4455 0.0028 0.1698
283      283   (0)     11  : 0.0000 0.0000 0.2854 0.4657 0.0000 0.0000 0.2489
284      284   (0)     11  : 0.0000 0.0000 0.0487 0.4130 0.0000 0.0121 0.5261
285      285   (0)     11  : 0.0000 0.0221 0.0575 0.1821 0.7326 0.0000 0.0056
286      286   (0)     11  : 0.1391 0.0783 0.0000 0.2292 0.0000 0.0000 0.5535
287      287   (0)     11  : 0.0000 0.1017 0.0000 0.1621 0.5302 0.0000 0.2061
288      288   (0)     11  : 0.6145 0.0261 0.0000 0.0100 0.0000 0.0000 0.3494
289      289   (0)     11  : 0.0000 0.0000 0.0000 0.0490 0.5759 0.0594 0.3157
290      290   (0)     11  : 0.3947 0.0000 0.0000 0.1826 0.0000 0.1300 0.2927
291      291   (0)     11  : 0.0290 0.0000 0.1618 0.4884 0.0000 0.0153 0.3054
292      292   (0)     12  : 0.0000 1.0000 0.0000 0.0000 0.0000 0.0000 0.0000
293      293   (0)     12  : 0.0000 0.2427 0.5879 0.0000 0.0000 0.0000 0.1695
294      294   (0)     12  : 0.0000 1.0000 0.0000 0.0000 0.0000 0.0000 0.0000
295      295   (0)     12  : 0.0000 1.0000 0.0000 0.0000 0.0000 0.0000 0.0000
296      296   (0)     12  : 0.0000 1.0000 0.0000 0.0000 0.0000 0.0000 0.0000
297      297   (0)     12  : 0.0388 0.8045 0.0000 0.0000 0.0000 0.1567 0.0000
298      298   (0)     12  : 0.0000 1.0000 0.0000 0.0000 0.0000 0.0000 0.0000
299      299   (0)     12  : 0.0000 1.0000 0.0000 0.0000 0.0000 0.0000 0.0000
300      300   (0)     12  : 0.0723 0.0835 0.0259 0.0000 0.0000 0.0000 0.8182
301      301   (0)     12  : 0.0000 0.0661 0.7942 0.0000 0.0000 0.0000 0.1396
302      302   (0)     12  : 0.0000 1.0000 0.0000 0.0000 0.0000 0.0000 0.0000
303      303   (0)     12  : 0.0000 0.9563 0.0000 0.0436 0.0000 0.0000 0.0001
304      304   (0)     12  : 0.4359 0.0949 0.0000 0.0000 0.0000 0.4692 0.0000
305      305   (0)     12  : 0.0000 0.1234 0.3738 0.0000 0.4551 0.0000 0.0477
306      306   (0)     12  : 0.0000 0.7497 0.1833 0.0000 0.0000 0.0670 0.0000
307      307   (0)     12  : 0.0000 1.0000 0.0000 0.0000 0.0000 0.0000 0.0000
308      308   (0)     12  : 0.0000 0.6268 0.0000 0.0000 0.0000 0.3732 0.0000
309      309   (0)     12  : 0.0000 0.0364 0.4510 0.0000 0.0000 0.0000 0.5126
310      310   (0)     12  : 0.0360 0.7905 0.0000 0.0000 0.0000 0.1735 0.0000
311      311   (0)     12  : 0.1528 0.4146 0.0652 0.0000 0.0423 0.3251 0.0000
312      312   (0)     12  : 0.0000 0.1238 0.5743 0.0000 0.0000 0.0000 0.3019
313      313   (0)     12  : 0.2528 0.0578 0.5328 0.0000 0.0000 0.0000 0.1566
314      314   (0)     12  : 0.2219 0.3539 0.0000 0.0000 0.0068 0.4174 0.0000
315      315   (0)     12  : 0.0000 1.0000 0.0000 0.0000 0.0000 0.0000 0.0000
316      316   (0)     12  : 0.0184 0.4216 0.0000 0.0000 0.0000 0.5599 0.0000
317      317   (0)     12  : 0.0015 0.3228 0.0000 0.0000 0.0000 0.6272 0.0485
318      318   (0)     12  : 0.0000 0.0000 0.2839 0.0000 0.0000 0.0000 0.7161
319      319   (0)     12  : 0.0754 0.7105 0.0513 0.0000 0.0000 0.1626 0.0002
320      320   (0)     12  : 0.0000 0.0000 0.3477 0.0000 0.0000 0.0000 0.6523
321      321   (0)     12  : 0.0000 0.1648 0.0000 0.0000 0.0000 0.8352 0.0000
322      322   (0)     13  : 0.7005 0.0000 0.0428 0.0000 0.2567 0.0000 0.0000
323      323   (0)     13  : 0.4211 0.0127 0.0237 0.0000 0.4961 0.0000 0.0463
324      324   (0)     13  : 0.5136 0.0000 0.0000 0.0000 0.4864 0.0000 0.0000
325      325   (0)     13  : 0.0000 0.0000 0.0000 0.0000 0.9341 0.0000 0.0659
326      326   (0)     13  : 0.2778 0.0000 0.0000 0.1548 0.0000 0.0000 0.5674
327      327   (0)     13  : 0.3647 0.0047 0.0055 0.0000 0.5531 0.0000 0.0719
328      328   (0)     13  : 0.1238 0.0000 0.0000 0.0000 0.8762 0.0000 0.0000
329      329   (0)     13  : 0.7673 0.0000 0.0456 0.1068 0.0802 0.0000 0.0000
330      330   (0)     13  : 0.3053 0.0090 0.0133 0.1117 0.5004 0.0000 0.0602
331      331   (0)     13  : 0.0000 0.0000 0.4707 0.3903 0.0000 0.0463 0.0928
332      332   (0)     13  : 0.8818 0.0000 0.0000 0.0018 0.1025 0.0000 0.0138
333      333   (0)     13  : 0.0000 0.0000 0.1950 0.0000 0.8050 0.0000 0.0000
334      334   (0)     13  : 0.0371 0.0000 0.0000 0.0000 0.9052 0.0000 0.0577
335      335   (0)     13  : 0.0000 0.0000 0.0000 0.0000 0.3275 0.0000 0.6725
336      336   (0)     13  : 0.4989 0.0000 0.0000 0.1036 0.3114 0.0000 0.0862
337      337   (0)     13  : 0.2426 0.0000 0.0000 0.0000 0.1595 0.0326 0.5653
338      338   (0)     13  : 0.6683 0.0000 0.0000 0.0454 0.0836 0.0000 0.2027
339      339   (0)     13  : 0.0000 0.0214 0.1552 0.1520 0.0000 0.0000 0.6714
340      340   (0)     13  : 0.6705 0.0117 0.1179 0.0000 0.0000 0.0000 0.1999
341      341   (0)     13  : 0.8039 0.0000 0.0000 0.0029 0.0000 0.0000 0.1931
342      342   (0)     13  : 0.0001 0.0000 0.0000 0.0000 0.3210 0.0000 0.6790
343      343   (0)     13  : 0.0221 0.0000 0.0000 0.1495 0.4713 0.0000 0.3572
344      344   (0)     13  : 0.3107 0.0000 0.0000 0.0186 0.5051 0.0000 0.1657
345      345   (0)     13  : 0.2249 0.1216 0.0000 0.0000 0.0000 0.6297 0.0238
346      346   (0)     13  : 0.5607 0.0000 0.1413 0.0000 0.0000 0.0000 0.2980
347      347   (0)     13  : 0.3503 0.0000 0.0000 0.0000 0.6483 0.0000 0.0015
348      348   (0)     13  : 0.0000 0.0369 0.0000 0.1154 0.7250 0.0000 0.1227
349      349   (0)     13  : 0.2832 0.0111 0.1260 0.1964 0.3833 0.0000 0.0000
350      350   (0)     13  : 0.2471 0.4211 0.0000 0.0000 0.0000 0.3318 0.0000
351      351   (0)     13  : 0.0000 0.0144 0.0000 0.0000 0.9856 0.0000 0.0000
