1        1   (0)      1  : 0.0598 0.0217 0.0000 0.4660 0.4351 0.0000 0.0000 0.0025 0.0000 0.0150
2        2   (0)      1  : 0.3250 0.0188 0.0409 0.3682 0.0591 0.0000 0.0760 0.0013 0.1106 0.0000
3        3   (0)      1  : 0.0000 0.0950 0.0000 0.0000 0.0025 0.6949 0.0000 0.2069 0.0006 0.0000
4        4   (0)      1  : 0.0079 0.0000 0.0000 0.4731 0.1102 0.0000 0.4088 0.0000 0.0000 0.0000
5        5   (0)      1  : 0.0000 0.0248 0.0210 0.5736 0.0000 0.0000 0.0000 0.1501 0.0741 0.1564
6        6   (0)      1  : 0.1338 0.0000 0.0000 0.0631 0.2982 0.3674 0.0000 0.0372 0.0246 0.0757
7        7   (0)      2  : 0.0000 0.0000 0.0000 0.6170 0.0000 0.0000 0.3830 0.0000 0.0000 0.0000
8        8   (0)      1  : 0.0008 0.0000 0.0000 0.6149 0.0000 0.0000 0.0000 0.0000 0.0000 0.3843
9        9   (0)      3  : 0.0070 0.0000 0.4637 0.0000 0.3602 0.0000 0.0072 0.0000 0.1620 0.0000
10       10   (0)      4  : 0.0000 0.0000 0.1357 0.0000 0.0000 0.0000 0.0704 0.7345 0.0594 0.0000
11       11   (0)      4  : 0.2943 0.0000 0.3972 0.0642 0.0510 0.0000 0.0000 0.0000 0.0703 0.1230
12       12   (0)      4  : 0.0000 0.0196 0.1972 0.0697 0.2781 0.0322 0.1200 0.1135 0.1698 0.0000
13       13   (0)      4  : 0.0000 0.0000 0.0000 0.0000 0.0000 0.0000 0.0000 1.0000 0.0000 0.0000
14       14   (0)      4  : 0.2020 0.0000 0.4637 0.1846 0.0000 0.0053 0.0000 0.0388 0.1056 0.0000
15       15   (0)      4  : 0.0000 0.0000 0.0000 0.0000 0.2349 0.7651 0.0000 0.0000 0.0000 0.0000
16       16   (0)      5  : 0.1353 0.0000 0.2395 0.0656 0.2166 0.0157 0.0875 0.0000 0.0396 0.2003
17       17   (0)      4  : 0.0000 0.0000 0.3841 0.0000 0.2616 0.0837 0.1555 0.0057 0.1094 0.0000
18       18   (0)      5  : 0.1616 0.0000 0.3426 0.2010 0.0270 0.0000 0.0063 0.0047 0.1896 0.0673
19       19   (0)      5  : 0.2851 0.0000 0.6163 0.0095 0.0000 0.0000 0.0195 0.0000 0.0696 0.0000
20       20   (0)      5  : 0.0000 0.0000 0.5834 0.0000 0.1039 0.0000 0.2467 0.0000 0.0661 0.0000
21       21   (0)      5  : 0.1488 0.0000 0.7146 0.0000 0.0000 0.0000 0.0000 0.0000 0.0876 0.0490
22       22   (0)      5  : 0.0000 0.0161 0.2933 0.0000 0.4857 0.0000 0.0000 0.0569 0.0669 0.0811
23       23   (0)      5  : 0.0000 0.0000 0.6014 0.0000 0.3362 0.0000 0.0000 0.0000 0.0624 0.0000
24       24   (0)      5  : 0.1661 0.0152 0.3089 0.0034 0.0716 0.0000 0.2287 0.0857 0.1204 0.0000
25       25   (0)      5  : 0.0000 0.0291 0.6063 0.0000 0.3350 0.0000 0.0000 0.0243 0.0054 0.0000
26       26   (0)      5  : 0.0212 0.0000 0.6515 0.0006 0.0000 0.0027 0.2115 0.0000 0.1124 0.0000
27       27   (0)      5  : 0.0000 0.0000 0.4505 0.0000 0.3821 0.0000 0.0000 0.0517 0.1156 0.0000
28       28   (0)      5  : 0.0048 0.0000 0.7525 0.0000 0.0000 0.0000 0.0000 0.1206 0.1173 0.0048
29       29   (0)      5  : 0.5174 0.0000 0.2050 0.0000 0.0000 0.0000 0.0000 0.0000 0.0804 0.1972
30       30   (0)      5  : 0.2715 0.0000 0.3398 0.0000 0.0538 0.0000 0.1987 0.0000 0.1362 0.0000
31       31   (0)      5  : 0.0000 0.0312 0.4917 0.0000 0.1771 0.0000 0.0000 0.0888 0.2113 0.0000
32       32   (0)      5  : 0.3197 0.0000 0.1627 0.0000 0.4929 0.0000 0.0000 0.0069 0.0068 0.0111
33       33   (0)      5  : 0.1812 0.0000 0.2526 0.0000 0.3765 0.0000 0.0080 0.0000 0.1396 0.0421
34       34   (0)      5  : 0.5187 0.0000 0.3016 0.0000 0.0732 0.0000 0.0215 0.0000 0.0362 0.0488
35       35   (0)      5  : 0.0977 0.0000 0.7555 0.0000 0.0000 0.0000 0.0000 0.0035 0.1433 0.0000
36       36   (0)      5  : 0.1605 0.0052 0.4142 0.0000 0.1144 0.0000 0.0000 0.0013 0.3044 0.0000
37       37   (0)      5  : 0.0000 0.0000 0.6205 0.0192 0.0387 0.0000 0.0525 0.0328 0.1241 0.1121
38       38   (0)      5  : 0.0551 0.0000 0.3090 0.0000 0.0023 0.0000 0.0000 0.2257 0.2356 0.1723
39       39   (0)      5  : 0.3361 0.0015 0.3774 0.0000 0.0075 0.0000 0.0000 0.0802 0.1973 0.0000
40       40   (0)      5  : 0.0000 0.0000 0.4050 0.0000 0.2898 0.0000 0.0000 0.0450 0.1581 0.1021
41       41   (0)      5  : 0.5243 0.0000 0.4099 0.0000 0.0000 0.0000 0.0038 0.0000 0.0620 0.0000
42       42   (0)      5  : 0.0000 0.0000 0.0000 0.0000 0.0000 0.9429 0.0571 0.0000 0.0000 0.0000
43       43   (0)      5  : 0.0000 0.0002 0.2936 0.0040 0.1740 0.0000 0.1608 0.0722 0.1390 0.1562
44       44   (0)      4  : 0.0000 0.0000 0.5213 0.0000 0.0000 0.0000 0.0000 0.4787 0.0000 0.0000
45       45   (0)      4  : 0.2354 0.0067 0.1008 0.0000 0.0152 0.0180 0.3083 0.0880 0.2243 0.0034
46       46   (0)      4  : 0.0000 0.0000 0.2492 0.0000 0.5355 0.0679 0.0835 0.0000 0.0640 0.0000
47       47   (0)      4  : 0.5397 0.0000 0.2565 0.0064 0.0000 0.0000 0.0043 0.1341 0.0542 0.0049
48       48   (0)      5  : 0.2737 0.0143 0.0920 0.0078 0.2616 0.0175 0.0471 0.1423 0.1436 0.0000
49       49   (0)      4  : 0.0000 0.0000 0.3692 0.0000 0.3196 0.0000 0.2278 0.0000 0.0834 0.0000
50       50   (0)      4  : 0.0000 0.0000 0.0000 0.0000 0.0572 0.8750 0.0017 0.0000 0.0066 0.0594
51       51   (0)      4  : 0.1808 0.0423 0.3958 0.1392 0.0000 0.0046 0.0000 0.0000 0.0721 0.1651
52       52   (0)      4  : 0.0000 0.0696 0.0142 0.0000 0.0203 0.8202 0.0467 0.0000 0.0289 0.0000
53       53   (0)      4  : 0.1980 0.0000 0.4972 0.0855 0.0000 0.0000 0.0000 0.1124 0.0739 0.0331
54       54   (0)      4  : 0.0000 0.0000 0.0049 0.0000 0.0000 0.9951 0.0000 0.0000 0.0000 0.0000
55       55   (0)      4  : 0.0767 0.0000 0.0570 0.0000 0.0000 0.7789 0.0000 0.0000 0.0874 0.0000
56       56   (0)      4  : 0.0137 0.0000 0.5243 0.0209 0.0380 0.0000 0.0240 0.1995 0.1796 0.0000
57       57   (0)      5  : 0.3623 0.0340 0.0940 0.0221 0.0769 0.0000 0.0086 0.1283 0.2570 0.0168
58       58   (0)      4  : 0.1673 0.0991 0.0011 0.0000 0.2026 0.5160 0.0000 0.0000 0.0021 0.0120
59       59   (0)      4  : 0.0000 0.0000 0.0245 0.0000 0.0067 0.8547 0.0321 0.0407 0.0413 0.0000
60       60   (0)      4  : 0.4431 0.0000 0.1670 0.0438 0.1760 0.0425 0.0000 0.0062 0.1214 0.0000
61       61   (0)      5  : 0.0127 0.0000 0.2036 0.0542 0.0966 0.0081 0.3668 0.0025 0.2523 0.0033
62       62   (0)      6  : 0.0000 0.0000 0.0131 0.0610 0.0133 0.6717 0.0000 0.1430 0.0609 0.0370
63       63   (0)      6  : 0.0000 0.1459 0.0000 0.0147 0.0660 0.7600 0.0051 0.0000 0.0083 0.0000
64       64   (0)      6  : 0.0000 0.0000 0.0000 0.7228 0.0000 0.0000 0.0000 0.0312 0.0000 0.2461
65       65   (0)      6  : 0.1087 0.0000 0.3258 0.1536 0.3170 0.0000 0.0000 0.0000 0.0285 0.0664
66       66   (0)      6  : 0.0000 0.0000 0.0000 0.0000 0.0000 0.0000 0.0000 1.0000 0.0000 0.0000
67       67   (0)      6  : 0.0000 0.0000 0.0000 0.6418 0.3582 0.0000 0.0000 0.0000 0.0000 0.0000
68       68   (0)      6  : 0.0000 0.0000 0.0575 0.3626 0.3970 0.0000 0.0000 0.0000 0.0000 0.1828
69       69   (0)      6  : 0.2392 0.0000 0.0973 0.1578 0.4597 0.0232 0.0025 0.0000 0.0202 0.0000
70       70   (0)      6  : 0.0000 0.0000 0.0706 0.1339 0.6884 0.0000 0.0082 0.0088 0.0483 0.0418
71       71   (0)      6  : 0.1181 0.0000 0.1665 0.3042 0.3917 0.0000 0.0000 0.0000 0.0029 0.0167
72       72   (0)      7  : 0.3172 0.0000 0.2956 0.0496 0.0000 0.0000 0.0000 0.0010 0.1663 0.1703
73       73   (0)      7  : 0.4180 0.0000 0.1114 0.0507 0.0000 0.0573 0.2543 0.0000 0.1085 0.0000
74       74   (0)      7  : 0.1601 0.0023 0.1349 0.1490 0.0202 0.0224 0.2159 0.0787 0.2157 0.0007
75       75   (0)      7  : 0.0011 0.0000 0.2399 0.1136 0.0000 0.0879 0.0117 0.0000 0.0997 0.4462
76       76   (0)      7  : 0.0000 0.0000 0.7085 0.0420 0.0000 0.0000 0.0000 0.0000 0.0412 0.2083
77       77   (0)      7  : 0.0000 0.0463 0.2308 0.2150 0.0203 0.0000 0.0000 0.1169 0.1701 0.2006
78       78   (0)      7  : 0.0271 0.0000 0.3784 0.1024 0.0000 0.0214 0.3342 0.0000 0.0610 0.0754
79       79   (0)      7  : 0.6881 0.0000 0.1797 0.0241 0.0000 0.0000 0.0997 0.0000 0.0050 0.0034
80       80   (0)      7  : 0.0340 0.0000 0.4822 0.1949 0.0212 0.0000 0.0000 0.0000 0.0201 0.2476
81       81   (0)      7  : 0.0000 0.0000 0.7102 0.1198 0.0000 0.0000 0.0000 0.0404 0.0000 0.1296
82       82   (0)      7  : 0.3606 0.0311 0.0460 0.0429 0.0005 0.0592 0.1035 0.0554 0.1680 0.1328
83       83   (0)      7  : 0.0000 0.0638 0.0000 0.0965 0.0000 0.8108 0.0138 0.0054 0.0000 0.0097
84       84   (0)      7  : 0.2856 0.0000 0.3814 0.1068 0.0000 0.0011 0.0000 0.0000 0.1272 0.0979
85       85   (0)      7  : 0.0000 0.0000 0.7293 0.1891 0.0000 0.0000 0.0000 0.0000 0.0000 0.0816
86       86   (0)      7  : 0.1559 0.0000 0.0000 0.0000 0.0638 0.7726 0.0000 0.0000 0.0058 0.0018
87       87   (0)      7  : 0.0000 0.0000 0.2460 0.0761 0.4668 0.0000 0.0000 0.0000 0.0061 0.2050
88       88   (0)      7  : 0.0000 0.0000 0.0057 0.0000 0.1204 0.8209 0.0000 0.0530 0.0000 0.0000
89       89   (0)      7  : 0.3797 0.0013 0.3937 0.0000 0.0000 0.0001 0.0000 0.0672 0.1581 0.0000
90       90   (0)      7  : 0.3396 0.0000 0.2305 0.0475 0.3615 0.0000 0.0000 0.0000 0.0208 0.0000
91       91   (0)      7  : 0.3750 0.0000 0.4685 0.0782 0.0000 0.0000 0.0090 0.0000 0.0378 0.0315
92       92   (0)      7  : 0.1215 0.0360 0.2755 0.1431 0.0000 0.0000 0.0000 0.1294 0.2916 0.0028
93       93   (0)      7  : 0.2312 0.0000 0.1460 0.0939 0.1624 0.0315 0.0003 0.0000 0.3347 0.0000
94       94   (0)      7  : 0.0000 0.0000 0.5386 0.2483 0.0000 0.0000 0.0000 0.0159 0.1775 0.0196
95       95   (0)      7  : 0.0311 0.0378 0.3553 0.1657 0.1624 0.0000 0.0000 0.1078 0.1400 0.0000
96       96   (0)      7  : 0.0000 0.0000 0.6208 0.0636 0.0000 0.0000 0.1384 0.0681 0.1072 0.0019
97       97   (0)      7  : 0.0000 0.0036 0.5808 0.0909 0.0000 0.0000 0.0000 0.1350 0.1896 0.0000
98       98   (0)      7  : 0.0000 0.0000 0.6887 0.0750 0.0000 0.0000 0.0000 0.1838 0.0526 0.0000
99       99   (0)      7  : 0.0018 0.0240 0.0184 0.2172 0.0000 0.7111 0.0000 0.0000 0.0275 0.0000
100      100   (0)      6  : 0.3467 0.0000 0.1301 0.4045 0.0000 0.0000 0.1058 0.0010 0.0119 0.0000
101      101   (0)      6  : 0.0349 0.0000 0.1090 0.3752 0.0016 0.0115 0.3307 0.0101 0.1268 0.0000
102      102   (0)      6  : 0.0056 0.0000 0.0000 0.1987 0.6508 0.0131 0.0000 0.1250 0.0000 0.0068
103      103   (0)      6  : 0.5029 0.0000 0.0005 0.4783 0.0000 0.0000 0.0000 0.0000 0.0183 0.0000
104      104   (0)      6  : 0.0000 0.0000 0.0000 0.3722 0.6189 0.0000 0.0000 0.0058 0.0000 0.0031
105      105   (0)      6  : 0.1904 0.0000 0.0565 0.4762 0.0593 0.0000 0.0183 0.0648 0.1344 0.0000
106      106   (0)      6  : 0.2640 0.0000 0.0018 0.3711 0.2325 0.0249 0.0694 0.0000 0.0363 0.0000
107      107   (0)      6  : 0.0300 0.0402 0.0020 0.5360 0.3169 0.0000 0.0000 0.0000 0.0259 0.0490
108      108   (0)      6  : 0.0000 0.0000 0.0000 0.0909 0.0000 0.8725 0.0000 0.0000 0.0000 0.0366
109      109   (0)      7  : 0.0544 0.0000 0.2854 0.1705 0.2977 0.0114 0.0000 0.0000 0.0349 0.1458
110      110   (0)      7  : 0.0000 0.0000 0.0000 0.0000 0.0000 0.0000 0.0000 1.0000 0.0000 0.0000
111      111   (0)      8  : 0.0263 0.0000 0.0000 0.5355 0.0001 0.0116 0.1774 0.2491 0.0000 0.0000
112      112   (0)      6  : 0.0000 0.0000 0.0000 1.0000 0.0000 0.0000 0.0000 0.0000 0.0000 0.0000
113      113   (0)      6  : 0.0000 0.0000 0.0000 0.0780 0.0000 0.8925 0.0000 0.0295 0.0000 0.0000
114      114   (0)      6  : 0.0000 0.0000 0.2917 0.6281 0.0000 0.0000 0.0000 0.0025 0.0087 0.0689
115      115   (0)      6  : 0.0000 0.1779 0.0011 0.2802 0.0000 0.4034 0.0000 0.1349 0.0025 0.0000
116      116   (0)      6  : 0.0000 0.0178 0.1299 0.5016 0.0158 0.0000 0.2224 0.0631 0.0493 0.0000
117      117   (0)      6  : 0.0000 0.0000 0.0000 0.5307 0.2854 0.0000 0.1552 0.0000 0.0288 0.0000
118      118   (0)      6  : 0.1853 0.0000 0.0000 0.6093 0.2053 0.0000 0.0001 0.0000 0.0000 0.0000
119      119   (0)      6  : 0.0000 0.0000 0.0938 0.8036 0.0000 0.0000 0.1003 0.0000 0.0024 0.0000
120      120   (0)      6  : 0.0113 0.0000 0.0000 0.6870 0.0000 0.0001 0.2978 0.0000 0.0038 0.0000
121      121   (0)      6  : 0.0000 0.0403 0.0000 0.1985 0.0000 0.7610 0.0000 0.0003 0.0000 0.0000
122      122   (0)      9  : 0.0000 0.0576 0.0730 0.1123 0.3057 0.0000 0.0000 0.1082 0.3431 0.0000
123      123   (0)      9  : 0.1433 0.0000 0.0980 0.0059 0.4101 0.0340 0.0000 0.0053 0.3034 0.0000
124      124   (0)      9  : 0.0000 0.0366 0.0503 0.0000 0.5455 0.0000 0.0000 0.0951 0.1264 0.1462
125      125   (0)      9  : 0.4979 0.0000 0.2466 0.0000 0.0236 0.0033 0.0000 0.0094 0.2192 0.0000
126      126   (0)      9  : 0.3465 0.0000 0.3597 0.0000 0.0000 0.0000 0.0044 0.0620 0.2274 0.0000
127      127   (0)      9  : 0.0000 0.0000 0.4099 0.0000 0.4176 0.0000 0.0012 0.1031 0.0680 0.0000
128      128   (0)      9  : 0.0925 0.0052 0.0680 0.0000 0.5283 0.0000 0.0000 0.0664 0.2395 0.0000
129      129   (0)      9  : 0.0000 0.0003 0.0857 0.0000 0.4992 0.0026 0.0663 0.0166 0.3293 0.0000
130      130   (0)      9  : 0.1377 0.0000 0.0910 0.0046 0.0008 0.0000 0.2617 0.1463 0.3579 0.0000
131      131   (0)      9  : 0.1206 0.0000 0.1512 0.0000 0.2470 0.0000 0.1713 0.0000 0.3099 0.0000
132      132   (0)      9  : 0.1280 0.0072 0.0586 0.0000 0.3944 0.0000 0.0000 0.0579 0.2068 0.1471
133      133   (0)      9  : 0.0867 0.0000 0.2398 0.0000 0.0267 0.0000 0.3253 0.0172 0.3043 0.0000
134      134   (0)      9  : 0.0000 0.0000 0.0000 0.0000 0.0000 0.0000 0.0000 1.0000 0.0000 0.0000
135      135   (0)      9  : 0.0277 0.0000 0.0108 0.0000 0.8885 0.0000 0.0000 0.0000 0.0730 0.0000
136      136   (0)      9  : 0.3449 0.0226 0.1954 0.0203 0.0000 0.0000 0.0000 0.1411 0.2115 0.0643
137      137   (0)      9  : 0.3436 0.0000 0.1147 0.0095 0.0000 0.0000 0.1717 0.0078 0.3098 0.0429
138      138   (0)      9  : 0.6219 0.0000 0.1841 0.0000 0.0072 0.0094 0.0000 0.0000 0.1775 0.0000
139      139   (0)      9  : 0.5196 0.0000 0.1199 0.0571 0.0000 0.0000 0.0000 0.0085 0.2445 0.0504
140      140   (0)      9  : 0.2644 0.0000 0.1132 0.0000 0.3626 0.0000 0.0000 0.0149 0.2449 0.0000
141      141   (0)      9  : 0.0000 0.0000 0.4448 0.0000 0.2708 0.0000 0.0061 0.0000 0.1530 0.1253
142      142   (0)      9  : 0.3629 0.0008 0.1439 0.1105 0.0402 0.0000 0.0034 0.0015 0.1365 0.2003
143      143   (0)      9  : 0.0000 0.0000 0.0000 0.0000 0.0000 0.0000 0.0000 1.0000 0.0000 0.0000
144      144   (0)      9  : 0.3222 0.0083 0.1439 0.0000 0.0065 0.0007 0.3036 0.0547 0.1601 0.0000
145      145   (0)      3  : 0.0000 0.0061 0.2639 0.0000 0.3418 0.0000 0.0000 0.0798 0.1199 0.1885
146      146   (0)      3  : 0.0272 0.0698 0.0191 0.0000 0.2147 0.5262 0.0000 0.0000 0.0413 0.1017
147      147   (0)      3  : 0.0143 0.0000 0.0405 0.0000 0.8723 0.0000 0.0026 0.0000 0.0445 0.0257
148      148   (0)      3  : 0.4214 0.0205 0.1903 0.0000 0.0341 0.0604 0.0000 0.0118 0.2407 0.0209
149      149   (0)      3  : 0.2627 0.0000 0.2281 0.0000 0.2886 0.0000 0.0000 0.0000 0.0895 0.1311
150      150   (0)      3  : 0.0000 0.0000 0.1303 0.0000 0.4401 0.0712 0.1009 0.0226 0.2348 0.0000
151      151   (0)      3  : 0.3400 0.0000 0.2460 0.0000 0.0000 0.0000 0.0000 0.0284 0.2540 0.1316
152      152   (0)      3  : 0.2850 0.0000 0.1805 0.0000 0.1126 0.0000 0.0000 0.0807 0.3298 0.0114
153      153   (0)      3  : 0.1275 0.0216 0.4338 0.0000 0.2005 0.0000 0.0014 0.0000 0.1595 0.0557
154      154   (0)      3  : 0.0842 0.0031 0.3296 0.0000 0.0217 0.0000 0.0000 0.1621 0.1913 0.2081
155      155   (0)      3  : 0.0287 0.0189 0.4465 0.0000 0.0000 0.0436 0.0000 0.1656 0.1043 0.1926
156      156   (0)      3  : 0.2811 0.0832 0.2233 0.0000 0.0186 0.0000 0.0000 0.0453 0.2818 0.0667
157      157   (0)      3  : 0.3934 0.0178 0.0998 0.0043 0.0109 0.0000 0.0000 0.0887 0.3086 0.0765
158      158   (0)      3  : 0.3574 0.0042 0.2881 0.0467 0.0000 0.0000 0.0000 0.0000 0.2384 0.0652
159      159   (0)      3  : 0.2330 0.1785 0.0000 0.0000 0.0000 0.5418 0.0000 0.0000 0.0466 0.0000
160      160   (0)      3  : 0.3337 0.0000 0.0840 0.0000 0.0458 0.0000 0.2507 0.0319 0.2540 0.0000
161      161   (0)      3  : 0.0000 0.0000 0.0702 0.0000 0.5809 0.0000 0.0000 0.0868 0.1595 0.1027
162      162   (0)      3  : 0.3884 0.0000 0.3266 0.0000 0.0000 0.0000 0.0000 0.0000 0.1052 0.1797
163      163   (0)      3  : 0.2264 0.0000 0.4422 0.0000 0.2580 0.0000 0.0000 0.0000 0.0734 0.0000
164      164   (0)      3  : 0.3917 0.0028 0.2583 0.0000 0.0000 0.0000 0.0000 0.0013 0.3459 0.0000
165      165   (0)      3  : 0.0000 0.0000 0.0719 0.0107 0.5926 0.0000 0.0000 0.0777 0.2199 0.0271
166      166   (0)      3  : 0.2673 0.0000 0.4447 0.0000 0.0844 0.0000 0.0528 0.0000 0.1508 0.0000
167      167   (0)      3  : 0.4921 0.0000 0.1467 0.0000 0.2536 0.0000 0.0000 0.0005 0.0864 0.0207
168      168   (0)      3  : 0.3595 0.0147 0.1958 0.0000 0.0016 0.0000 0.0000 0.1230 0.3054 0.0000
169      169   (0)      3  : 0.4276 0.0000 0.4464 0.0000 0.0000 0.0000 0.0024 0.0079 0.0475 0.0682
170      170   (0)      3  : 0.5833 0.0000 0.1874 0.0000 0.0000 0.0006 0.0000 0.0175 0.1881 0.0231
171      171   (0)      3  : 0.2303 0.0000 0.3900 0.0000 0.0000 0.0000 0.2408 0.0000 0.1390 0.0000
172      172   (0)      3  : 0.4755 0.0000 0.2775 0.0048 0.0000 0.0000 0.0001 0.0399 0.2022 0.0000
173      173   (0)      3  : 0.0551 0.0084 0.2978 0.0000 0.3237 0.0000 0.0000 0.0079 0.0803 0.2267
174      174   (0)      9  : 0.0000 0.0000 0.3500 0.0000 0.2902 0.0000 0.2184 0.0000 0.1415 0.0000
175      175   (0)      9  : 0.0000 0.0000 0.0362 0.0000 0.0000 0.0000 0.0000 0.8707 0.0931 0.0000
176      176   (0)      9  : 0.4068 0.0035 0.0993 0.0000 0.2844 0.0012 0.0022 0.0248 0.1778 0.0000
177      177   (0)      9  : 0.2435 0.0000 0.1263 0.1651 0.0000 0.0000 0.2520 0.0881 0.1250 0.0000
178      178   (0)      9  : 0.1048 0.0021 0.1199 0.0000 0.3005 0.0000 0.1217 0.0089 0.2191 0.1230
179      179   (0)      9  : 0.0676 0.0163 0.2583 0.0558 0.2916 0.0000 0.0000 0.0185 0.1505 0.1415
180      180   (0)      9  : 0.0362 0.0000 0.1288 0.0000 0.1289 0.0033 0.1812 0.0821 0.2384 0.2011
181      181   (0)      1  : 0.5640 0.0000 0.0205 0.2405 0.0001 0.0000 0.0000 0.0000 0.0530 0.1219
182      182   (0)      1  : 0.2212 0.0000 0.0000 0.2227 0.2666 0.0235 0.2655 0.0000 0.0005 0.0000
183      183   (0)      1  : 0.4642 0.0000 0.0000 0.1921 0.0000 0.0000 0.0457 0.0000 0.0244 0.2735
184      184   (0)      1  : 0.1276 0.0000 0.0000 0.3969 0.4060 0.0231 0.0000 0.0000 0.0000 0.0463
185      185   (0)      1  : 0.6871 0.0000 0.0000 0.2126 0.0594 0.0000 0.0146 0.0000 0.0082 0.0181
186      186   (0)      1  : 0.2236 0.0242 0.0663 0.2230 0.2484 0.0000 0.0000 0.0065 0.2079 0.0000
187      187   (0)      1  : 0.5645 0.0000 0.0000 0.3211 0.0387 0.0000 0.0000 0.0000 0.0000 0.0757
188      188   (0)      1  : 0.8226 0.0000 0.0000 0.0563 0.0884 0.0000 0.0000 0.0000 0.0047 0.0281
189      189   (0)      2  : 0.1198 0.0000 0.0000 0.0536 0.5252 0.0000 0.2392 0.0000 0.0621 0.0000
190      190   (0)      2  : 0.6002 0.0000 0.1373 0.0770 0.0000 0.0021 0.0002 0.0016 0.1581 0.0236
191      191   (0)      2  : 0.5883 0.0000 0.0732 0.0853 0.0586 0.0000 0.0000 0.0085 0.1283 0.0577
192      192   (0)      2  : 0.0000 0.0000 0.2696 0.0000 0.4675 0.0000 0.2144 0.0000 0.0486 0.0000
193      193   (0)      2  : 0.7303 0.0000 0.0000 0.0000 0.1734 0.0000 0.0000 0.0599 0.0173 0.0192
194      194   (0)      2  : 0.0000 0.0000 0.0605 0.0030 0.8051 0.0000 0.0000 0.0038 0.1276 0.0000
195      195   (0)      2  : 0.2851 0.0000 0.0000 0.3744 0.0754 0.0000 0.2292 0.0000 0.0360 0.0000
196      196   (0)      2  : 0.0422 0.0000 0.2468 0.0170 0.0344 0.0000 0.4373 0.0000 0.2222 0.0000
197      197   (0)      1  : 0.1707 0.0000 0.0588 0.0453 0.5186 0.0000 0.0000 0.0000 0.0233 0.1833
198      198   (0)      1  : 0.1151 0.0000 0.0000 0.4006 0.0000 0.0000 0.2592 0.0000 0.0009 0.2242
199      199   (0)      1  : 0.0000 0.0000 0.0215 0.3486 0.4531 0.0000 0.0000 0.0365 0.0624 0.0778
200      200   (0)      1  : 0.0378 0.0000 0.0000 0.6507 0.1169 0.0000 0.1823 0.0000 0.0123 0.0000
201      201   (0)      1  : 0.0000 0.0000 0.0000 0.4878 0.3339 0.0022 0.1584 0.0000 0.0176 0.0000
202      202   (0)      1  : 0.0000 0.0000 0.0000 0.9111 0.0000 0.0000 0.0889 0.0000 0.0000 0.0000
203      203   (0)      2  : 0.0000 0.0000 0.0064 0.0000 0.1014 0.4834 0.2483 0.0663 0.0942 0.0000
204      204   (0)      2  : 0.0000 0.0000 0.0000 0.2512 0.2671 0.0000 0.4310 0.0000 0.0507 0.0000
205      205   (0)      2  : 0.0000 0.0123 0.0281 0.0000 0.0125 0.8489 0.0000 0.0149 0.0832 0.0000
206      206   (0)      2  : 0.6398 0.0000 0.0857 0.0968 0.0170 0.0000 0.0040 0.0331 0.0076 0.1160
207      207   (0)      2  : 0.0000 0.0000 0.0000 0.0000 0.7023 0.0489 0.2487 0.0000 0.0000 0.0000
208      208   (0)      2  : 0.8599 0.0000 0.0024 0.0000 0.0000 0.0705 0.0148 0.0000 0.0523 0.0000
209      209   (0)      2  : 0.0000 0.0000 0.0766 0.0000 0.2320 0.0000 0.5785 0.0000 0.1130 0.0000
210      210   (0)      1  : 0.0000 0.0000 0.0000 0.1108 0.4214 0.0000 0.4678 0.0000 0.0000 0.0000
211      211   (0)      1  : 0.0477 0.0000 0.0677 0.4207 0.0000 0.0000 0.2472 0.0495 0.1672 0.0000
212      212   (0)      1  : 0.0000 0.0000 0.0253 0.2940 0.0046 0.0000 0.4923 0.0077 0.0876 0.0885
213      213   (0)      1  : 0.3937 0.0000 0.0000 0.5442 0.0000 0.0000 0.0075 0.0000 0.0000 0.0546
214      214   (0)      1  : 0.0000 0.0000 0.0000 0.1874 0.7301 0.0000 0.0825 0.0000 0.0000 0.0000
215      215   (0)      1  : 0.2058 0.0000 0.0000 0.5696 0.0000 0.0000 0.2246 0.0000 0.0000 0.0000
216      216   (0)      1  : 0.1953 0.0000 0.0000 0.5895 0.0000 0.0000 0.0294 0.0000 0.0055 0.1804
217      217   (0)      1  : 0.0000 0.0000 0.0126 0.4529 0.4833 0.0000 0.0000 0.0329 0.0089 0.0094
218      218   (0)      2  : 0.3771 0.0000 0.0000 0.1966 0.4263 0.0000 0.0000 0.0000 0.0000 0.0000
219      219   (0)      2  : 0.0000 0.0000 0.0956 0.0512 0.3524 0.0000 0.3207 0.0000 0.1800 0.0000
220      220   (0)      2  : 0.4796 0.0020 0.0107 0.2410 0.0000 0.0000 0.0281 0.0138 0.0338 0.1910
221      221   (0)      2  : 0.3520 0.0000 0.1603 0.2475 0.1425 0.0000 0.0000 0.0000 0.0941 0.0036
222      222   (0)      2  : 0.5306 0.0000 0.0000 0.1580 0.0000 0.0610 0.1938 0.0124 0.0443 0.0000
223      223   (0)      2  : 0.0000 0.0000 0.0112 0.0000 0.8055 0.0474 0.0000 0.0000 0.0067 0.1293
224      224   (0)      2  : 0.1811 0.0000 0.0761 0.0691 0.3441 0.0000 0.2428 0.0000 0.0868 0.0000
225      225   (0)      2  : 0.5938 0.0010 0.0113 0.1574 0.0000 0.0000 0.0975 0.0000 0.0919 0.0471
226      226   (0)      2  : 0.7233 0.0000 0.0000 0.1204 0.1138 0.0010 0.0159 0.0000 0.0023 0.0233
227      227   (0)      2  : 0.7825 0.0000 0.0374 0.0163 0.1272 0.0000 0.0093 0.0000 0.0273 0.0001
228      228   (0)      2  : 0.7029 0.0000 0.0000 0.0996 0.0393 0.0000 0.0000 0.0000 0.0000 0.1582
229      229   (0)      2  : 0.0015 0.0011 0.0000 0.0000 0.1620 0.7107 0.0000 0.0000 0.0000 0.1248
230      230   (0)      2  : 0.3644 0.0002 0.1342 0.0516 0.1306 0.0023 0.0048 0.0678 0.1538 0.0903
231      231   (0)      2  : 0.4623 0.0000 0.0613 0.0281 0.4056 0.0000 0.0000 0.0034 0.0391 0.0000
232      232   (0)     10  : 0.1230 0.0000 0.0000 0.0000 0.4781 0.0188 0.0001 0.0000 0.0000 0.3800
233      233   (0)     10  : 0.0000 0.0000 0.0000 0.0000 0.4992 0.0000 0.0547 0.1072 0.0400 0.2989
234      234   (0)     10  : 0.1905 0.0000 0.0000 0.0000 0.0000 0.0000 0.7186 0.0280 0.0630 0.0000
235      235   (0)     10  : 0.0000 0.0002 0.0000 0.0061 0.1200 0.0000 0.5457 0.0400 0.0647 0.2233
236      236   (0)     10  : 0.0000 0.0000 0.0000 0.0000 0.2402 0.0000 0.5943 0.1227 0.0428 0.0000
237      237   (0)     10  : 0.2296 0.0000 0.0171 0.0181 0.0000 0.0000 0.6600 0.0025 0.0727 0.0000
238      238   (0)     10  : 0.1845 0.0000 0.0225 0.0000 0.5021 0.0000 0.0922 0.0272 0.0641 0.1074
239      239   (0)     10  : 0.0746 0.0000 0.0000 0.0000 0.0000 0.0000 0.2897 0.0000 0.0000 0.6357
240      240   (0)     10  : 0.0000 0.0000 0.0000 0.0000 0.0000 0.0000 0.9541 0.0000 0.0459 0.0000
241      241   (0)     10  : 0.8861 0.0046 0.0000 0.0092 0.0000 0.0000 0.0000 0.0701 0.0250 0.0050
242      242   (0)     10  : 0.0000 0.0012 0.2480 0.0000 0.2587 0.0000 0.2503 0.0775 0.1620 0.0023
243      243   (0)     10  : 0.8312 0.0000 0.0000 0.0006 0.0000 0.0000 0.1353 0.0000 0.0329 0.0000
244      244   (0)     10  : 0.0000 0.0000 0.0000 0.0000 0.5219 0.0244 0.2877 0.0000 0.0000 0.1660
245      245   (0)     10  : 0.7728 0.0000 0.0124 0.0118 0.1402 0.0000 0.0286 0.0000 0.0340 0.0003
246      246   (0)     10  : 0.2064 0.0000 0.0000 0.0000 0.3852 0.0000 0.0000 0.0000 0.0000 0.4084
247      247   (0)     10  : 0.0000 0.0448 0.0000 0.0000 0.7495 0.0000 0.1459 0.0024 0.0574 0.0000
248      248   (0)     10  : 0.5547 0.0000 0.0319 0.0000 0.0000 0.0000 0.1109 0.0106 0.0225 0.2694
249      249   (0)     10  : 0.9293 0.0000 0.0072 0.0000 0.0000 0.0000 0.0000 0.0047 0.0163 0.0425
250      250   (0)     10  : 0.0292 0.0000 0.0000 0.0000 0.0000 0.0000 0.0000 0.0000 0.0000 0.9708
251      251   (0)     10  : 0.0058 0.0000 0.0000 0.0031 0.0000 0.0000 0.9912 0.0000 0.0000 0.0000
252      252   (0)     10  : 0.6328 0.0035 0.0000 0.0000 0.2684 0.0151 0.0582 0.0000 0.0219 0.0001
253      253   (0)     10  : 0.4516 0.0000 0.0170 0.0000 0.0000 0.0000 0.0000 0.0000 0.0177 0.5137
254      254   (0)     10  : 0.4882 0.0000 0.0000 0.1051 0.0000 0.0000 0.3618 0.0000 0.0267 0.0182
255      255   (0)     10  : 0.0000 0.0000 0.0000 0.0000 0.0000 0.0000 0.0000 0.0000 0.0000 1.0000
256      256   (0)     10  : 0.0000 0.0000 0.0000 0.0000 0.0172 0.9828 0.0000 0.0000 0.0000 0.0000
257      257   (0)     10  : 0.0803 0.0000 0.0000 0.0000 0.4594 0.0000 0.0000 0.0000 0.0000 0.4603
258      258   (0)     10  : 0.0000 0.0000 0.0000 0.0000 0.0000 0.0000 0.6011 0.0000 0.0000 0.3989
259      259   (0)     10  : 0.7142 0.0000 0.0000 0.0000 0.0165 0.0000 0.1809 0.0000 0.0421 0.0464
260      260   (0)     10  : 0.4595 0.0075 0.0000 0.0000 0.2078 0.0000 0.2977 0.0000 0.0099 0.0176
261      261   (0)     10  : 0.0000 0.0000 0.0000 0.0000 0.0000 0.0000 0.0000 0.0000 0.0000 1.0000
262      262   (0)     11  : 0.0002 0.0358 0.0108 0.1742 0.0001 0.0000 0.1562 0.0370 0.0884 0.4972
263      263   (0)     11  : 0.6611 0.0000 0.0000 0.0680 0.0000 0.0000 0.1532 0.0000 0.0153 0.1024
264      264   (0)     11  : 0.8439 0.0000 0.0000 0.0000 0.0000 0.0000 0.0118 0.0000 0.0109 0.1335
265      265   (0)     11  : 0.0000 0.0000 0.0000 0.0000 0.0000 0.9963 0.0037 0.0000 0.0000 0.0000
266      266   (0)     11  : 0.0000 0.0000 0.0000 0.0000 0.7718 0.0219 0.0709 0.0000 0.0000 0.1354
267      267   (0)     11  : 0.0000 0.0000 0.0000 0.0000 0.0000 1.0000 0.0000 0.0000 0.0000 0.0000
268      268   (0)     11  : 0.0000 0.0000 0.0000 0.0000 0.5847 0.0000 0.0000 0.0000 0.0000 0.4153
269      269   (0)     11  : 0.4454 0.0000 0.0060 0.0000 0.0044 0.0000 0.0118 0.0174 0.0120 0.5031
270      270   (0)     11  : 0.0330 0.0000 0.0000 0.0000 0.0000 0.0000 0.0035 0.0000 0.0000 0.9635
271      271   (0)     11  : 0.0000 0.0000 0.0000 0.1850 0.0266 0.0000 0.7884 0.0000 0.0000 0.0000
272      272   (0)     11  : 0.0000 0.0000 0.0000 0.0000 0.0000 0.0000 0.4835 0.0000 0.0000 0.5165
273      273   (0)     11  : 0.0000 0.1209 0.0597 0.0000 0.0000 0.0000 0.4119 0.1239 0.1841 0.0994
274      274   (0)     11  : 0.0000 0.1431 0.0000 0.0003 0.0355 0.5712 0.2184 0.0000 0.0000 0.0316
275      275   (0)     11  : 0.0000 0.0000 0.0000 0.0000 0.0000 0.0000 0.0000 0.0000 0.0000 1.0000
276      276   (0)     11  : 0.0000 0.1673 0.0362 0.0000 0.0000 0.0000 0.0831 0.0638 0.1565 0.4931
277      277   (0)     11  : 0.4070 0.0118 0.0000 0.2678 0.0000 0.0111 0.0016 0.0205 0.0418 0.2385
278      278   (0)     11  : 0.0000 0.0445 0.1118 0.1822 0.1884 0.0000 0.0000 0.0000 0.0321 0.4410
279      279   (0)     11  : 0.0000 0.0000 0.0000 0.5789 0.0000 0.0000 0.2561 0.0000 0.0194 0.1456
280      280   (0)     11  : 0.0000 0.0000 0.0453 0.0000 0.0000 0.0000 0.0067 0.0006 0.0777 0.8697
281      281   (0)     11  : 0.0000 0.0000 0.0000 0.0000 0.0000 0.0000 0.4697 0.0000 0.0000 0.5303
282      282   (0)     11  : 0.0215 0.0000 0.0000 0.0933 0.4127 0.0008 0.1206 0.0000 0.0000 0.3511
283      283   (0)     11  : 0.0000 0.0000 0.2057 0.3216 0.0000 0.0000 0.0639 0.0000 0.0495 0.3592
284      284   (0)     11  : 0.0000 0.0000 0.0018 0.3055 0.0000 0.0002 0.5125 0.0475 0.0339 0.0986
285      285   (0)     11  : 0.0000 0.0000 0.0155 0.0855 0.4529 0.0000 0.0023 0.0165 0.0573 0.3700
286      286   (0)     11  : 0.0000 0.0389 0.0172 0.1190 0.0000 0.0000 0.4048 0.0000 0.0166 0.4036
287      287   (0)     11  : 0.0000 0.0392 0.0000 0.0536 0.2649 0.0000 0.1511 0.0258 0.0445 0.4208
288      288   (0)     11  : 0.4931 0.0153 0.0000 0.0000 0.0000 0.0000 0.3081 0.0011 0.0035 0.1789
289      289   (0)     11  : 0.0000 0.0000 0.0000 0.0166 0.4914 0.0356 0.2864 0.0001 0.0137 0.1561
290      290   (0)     11  : 0.0000 0.0000 0.0000 0.0000 0.0000 0.0890 0.1914 0.0000 0.0000 0.7196
291      291   (0)     11  : 0.0000 0.0000 0.0507 0.3330 0.0000 0.0013 0.1794 0.1721 0.0622 0.2012
292      292   (0)     12  : 0.0000 1.0000 0.0000 0.0000 0.0000 0.0000 0.0000 0.0000 0.0000 0.0000
293      293   (0)     12  : 0.0000 0.1650 0.4527 0.0000 0.0000 0.0000 0.0378 0.0494 0.2952 0.0000
294      294   (0)     12  : 0.0000 1.0000 0.0000 0.0000 0.0000 0.0000 0.0000 0.0000 0.0000 0.0000
295      295   (0)     12  : 0.0000 1.0000 0.0000 0.0000 0.0000 0.0000 0.0000 0.0000 0.0000 0.0000
296      296   (0)     12  : 0.0000 1.0000 0.0000 0.0000 0.0000 0.0000 0.0000 0.0000 0.0000 0.0000
297      297   (0)     12  : 0.0741 0.8434 0.0000 0.0000 0.0000 0.0824 0.0000 0.0000 0.0000 0.0000
298      298   (0)     12  : 0.0000 0.9905 0.0000 0.0000 0.0000 0.0000 0.0000 0.0000 0.0095 0.0000
299      299   (0)     12  : 0.0000 1.0000 0.0000 0.0000 0.0000 0.0000 0.0000 0.0000 0.0000 0.0000
300      300   (0)     12  : 0.2031 0.0607 0.0908 0.0000 0.0000 0.0000 0.4206 0.0000 0.2249 0.0000
301      301   (0)     12  : 0.0000 0.0229 0.6005 0.0000 0.0000 0.0000 0.0412 0.0302 0.3052 0.0000
302      302   (0)     12  : 0.0000 1.0000 0.0000 0.0000 0.0000 0.0000 0.0000 0.0000 0.0000 0.0000
303      303   (0)     12  : 0.0000 0.9765 0.0000 0.0143 0.0000 0.0000 0.0092 0.0000 0.0000 0.0000
304      304   (0)     12  : 0.4361 0.0952 0.0000 0.0000 0.0000 0.4494 0.0000 0.0000 0.0194 0.0000
305      305   (0)     12  : 0.0000 0.0706 0.2949 0.0000 0.3501 0.0000 0.0000 0.0000 0.1385 0.1459
306      306   (0)     12  : 0.0000 0.7696 0.1905 0.0000 0.0000 0.0172 0.0000 0.0000 0.0227 0.0000
307      307   (0)     12  : 0.0000 1.0000 0.0000 0.0000 0.0000 0.0000 0.0000 0.0000 0.0000 0.0000
308      308   (0)     12  : 0.0000 0.6423 0.0000 0.0000 0.0000 0.3577 0.0000 0.0000 0.0000 0.0000
309      309   (0)     12  : 0.0000 0.0239 0.4153 0.0000 0.0000 0.0000 0.3382 0.0000 0.2226 0.0000
310      310   (0)     12  : 0.0740 0.8273 0.0000 0.0000 0.0000 0.0987 0.0000 0.0000 0.0000 0.0000
311      311   (0)     12  : 0.0091 0.4072 0.0266 0.0000 0.0001 0.3072 0.0000 0.0000 0.0528 0.1971
312      312   (0)     12  : 0.0000 0.0452 0.3159 0.0000 0.0000 0.0000 0.1131 0.1435 0.3822 0.0000
313      313   (0)     12  : 0.1591 0.0306 0.5496 0.0000 0.0000 0.0000 0.0340 0.0000 0.1439 0.0827
314      314   (0)     12  : 0.0029 0.3599 0.0000 0.0000 0.0032 0.3963 0.0000 0.0000 0.0000 0.2377
315      315   (0)     12  : 0.0000 1.0000 0.0000 0.0000 0.0000 0.0000 0.0000 0.0000 0.0000 0.0000
316      316   (0)     12  : 0.0030 0.4220 0.0028 0.0000 0.0000 0.5008 0.0000 0.0000 0.0253 0.0461
317      317   (0)     12  : 0.0296 0.3371 0.0000 0.0000 0.0000 0.6068 0.0169 0.0000 0.0055 0.0040
318      318   (0)     12  : 0.0000 0.0000 0.2595 0.0000 0.0000 0.0000 0.4712 0.0000 0.2693 0.0000
319      319   (0)     12  : 0.0125 0.7410 0.0560 0.0000 0.0000 0.0768 0.0000 0.0000 0.0484 0.0653
320      320   (0)     12  : 0.0000 0.0021 0.3740 0.0000 0.0000 0.0000 0.4545 0.0000 0.1695 0.0000
321      321   (0)     12  : 0.0000 0.1800 0.0000 0.0000 0.0000 0.8200 0.0000 0.0000 0.0000 0.0000
322      322   (0)     13  : 0.6687 0.0000 0.0146 0.0000 0.2285 0.0000 0.0000 0.0106 0.0461 0.0315
323      323   (0)     13  : 0.0362 0.0014 0.0478 0.0000 0.5921 0.0000 0.0000 0.0000 0.0578 0.2646
324      324   (0)     13  : 0.4481 0.0000 0.0000 0.0000 0.4839 0.0000 0.0000 0.0000 0.0000 0.0679
325      325   (0)     13  : 0.0000 0.0000 0.0000 0.0000 0.9437 0.0000 0.0334 0.0000 0.0229 0.0000
326      326   (0)     13  : 0.1735 0.0000 0.0000 0.1053 0.0000 0.0000 0.5370 0.0000 0.0329 0.1513
327      327   (0)     13  : 0.2975 0.0000 0.0035 0.0000 0.5086 0.0000 0.0078 0.0000 0.0506 0.1320
328      328   (0)     13  : 0.0000 0.0000 0.0000 0.0000 0.5489 0.0000 0.0000 0.0000 0.0000 0.4511
329      329   (0)     13  : 0.4392 0.0000 0.0056 0.0000 0.0000 0.0000 0.0000 0.0000 0.0251 0.5301
330      330   (0)     13  : 0.1781 0.0000 0.0000 0.0026 0.4772 0.0000 0.0000 0.0476 0.0155 0.2790
331      331   (0)     13  : 0.0000 0.0000 0.0000 0.0000 0.0000 0.0000 0.0000 1.0000 0.0000 0.0000
332      332   (0)     13  : 0.8871 0.0000 0.0000 0.0000 0.0860 0.0000 0.0012 0.0000 0.0257 0.0000
333      333   (0)     13  : 0.0000 0.0000 0.0721 0.0000 0.6705 0.0000 0.0000 0.0305 0.2141 0.0128
334      334   (0)     13  : 0.0112 0.0000 0.0000 0.0000 0.8571 0.0000 0.0164 0.0000 0.0055 0.1097
335      335   (0)     13  : 0.0000 0.0000 0.0399 0.0000 0.2318 0.0000 0.5061 0.0000 0.2222 0.0000
336      336   (0)     13  : 0.5563 0.0000 0.0025 0.0791 0.2687 0.0000 0.0316 0.0021 0.0243 0.0354
337      337   (0)     13  : 0.1930 0.0000 0.0000 0.0000 0.0862 0.0208 0.7000 0.0000 0.0000 0.0000
338      338   (0)     13  : 0.7480 0.0000 0.0000 0.0027 0.0515 0.0000 0.1084 0.0101 0.0400 0.0394
339      339   (0)     13  : 0.0098 0.0064 0.1263 0.1264 0.0000 0.0000 0.4501 0.0000 0.1690 0.1120
340      340   (0)     13  : 0.4753 0.0114 0.1159 0.0000 0.0000 0.0000 0.1362 0.0000 0.0507 0.2106
341      341   (0)     13  : 0.8481 0.0000 0.0000 0.0000 0.0000 0.0000 0.1210 0.0000 0.0214 0.0094
342      342   (0)     13  : 0.0509 0.0000 0.0000 0.0000 0.2142 0.0000 0.6885 0.0000 0.0464 0.0000
343      343   (0)     13  : 0.0626 0.0000 0.0000 0.1188 0.4239 0.0000 0.3843 0.0000 0.0104 0.0000
344      344   (0)     13  : 0.3653 0.0000 0.0000 0.0064 0.5096 0.0000 0.0830 0.0000 0.0356 0.0000
345      345   (0)     13  : 0.2531 0.1266 0.0000 0.0000 0.0000 0.6018 0.0186 0.0000 0.0000 0.0000
346      346   (0)     13  : 0.5715 0.0000 0.1580 0.0000 0.0000 0.0000 0.1512 0.0000 0.1193 0.0000
347      347   (0)     13  : 0.3214 0.0000 0.0000 0.0000 0.6397 0.0000 0.0019 0.0000 0.0262 0.0108
348      348   (0)     13  : 0.0000 0.0200 0.0000 0.0152 0.6057 0.0000 0.1127 0.0422 0.0038 0.2004
349      349   (0)     13  : 0.0000 0.0000 0.0113 0.0000 0.2622 0.0000 0.0000 0.0729 0.0854 0.5683
350      350   (0)     13  : 0.2793 0.4690 0.0000 0.0000 0.0000 0.2481 0.0000 0.0025 0.0011 0.0000
351      351   (0)     13  : 0.0003 0.0093 0.0000 0.0000 0.9901 0.0000 0.0000 0.0000 0.0000 0.0002
