1        1   (0)      1  : 0.0000 0.0528 0.5043 0.2937 0.0000 0.0038 0.0000 0.0370 0.1083 0.0000
2        2   (0)      1  : 0.3366 0.0241 0.3272 0.0333 0.0143 0.0080 0.1542 0.0904 0.0032 0.0088
3        3   (0)      1  : 0.0985 0.0068 0.4725 0.1237 0.2232 0.0000 0.0443 0.0000 0.0310 0.0000
4        4   (0)      1  : 0.0128 0.0147 0.5942 0.0000 0.0000 0.0702 0.0000 0.1863 0.1102 0.0116
5        5   (0)      1  : 0.1983 0.0175 0.0709 0.3436 0.0011 0.1394 0.1369 0.0225 0.0699 0.0000
6        6   (0)      2  : 0.0000 0.0000 0.6063 0.0000 0.2036 0.0000 0.0905 0.0460 0.0536 0.0000
7        7   (0)      1  : 0.0676 0.0209 0.7200 0.0000 0.0000 0.0000 0.0000 0.0020 0.1896 0.0000
8        8   (0)      3  : 0.0000 0.2149 0.0000 0.1559 0.1413 0.0000 0.0137 0.0173 0.0040 0.4529
9        9   (0)      4  : 0.0000 0.0000 0.0000 0.0000 0.0923 0.7241 0.0000 0.0132 0.0000 0.1704
10       10   (0)      4  : 0.0879 0.0000 0.0215 0.0690 0.0515 0.0000 0.3705 0.0359 0.0561 0.3076
11       11   (0)      4  : 0.0000 0.0827 0.0197 0.3162 0.0972 0.0773 0.0072 0.2323 0.0140 0.1534
12       12   (0)      4  : 0.0000 0.0000 0.0000 0.0000 0.0000 1.0000 0.0000 0.0000 0.0000 0.0000
13       13   (0)      4  : 0.1137 0.0793 0.1654 0.0000 0.0000 0.0198 0.0956 0.0321 0.0000 0.4939
14       14   (0)      5  : 0.0014 0.0000 0.0108 0.2569 0.0678 0.0000 0.4674 0.0264 0.0237 0.1456
15       15   (0)      4  : 0.0000 0.1136 0.0000 0.2030 0.1119 0.0076 0.2177 0.0000 0.0200 0.3262
16       16   (0)      5  : 0.0383 0.1479 0.1093 0.0208 0.0032 0.0000 0.3137 0.0415 0.0065 0.3188
17       17   (0)      5  : 0.2183 0.0147 0.0000 0.0000 0.0365 0.0000 0.0992 0.0449 0.0000 0.5864
18       18   (0)      5  : 0.0000 0.0555 0.0000 0.0438 0.2720 0.0000 0.0343 0.0000 0.0175 0.5768
19       19   (0)      5  : 0.0553 0.0216 0.0000 0.0000 0.0002 0.0000 0.0832 0.0197 0.0102 0.8099
20       20   (0)      5  : 0.0000 0.1106 0.0015 0.3831 0.0043 0.0146 0.0000 0.1058 0.1087 0.2715
21       21   (0)      5  : 0.0000 0.1281 0.0000 0.1895 0.0567 0.0000 0.0115 0.0060 0.0000 0.6082
22       22   (0)      5  : 0.0000 0.0154 0.0066 0.0853 0.1331 0.0215 0.3203 0.2088 0.0407 0.1683
23       23   (0)      5  : 0.0000 0.1353 0.0000 0.1659 0.0548 0.0089 0.0000 0.0013 0.0402 0.5937
24       24   (0)      5  : 0.0000 0.0142 0.0021 0.0000 0.1344 0.0000 0.2552 0.0190 0.0000 0.5750
25       25   (0)      5  : 0.0000 0.0331 0.0000 0.3662 0.0000 0.0098 0.0768 0.0949 0.0050 0.4142
26       26   (0)      5  : 0.0000 0.0423 0.0000 0.0000 0.0000 0.0971 0.0634 0.0357 0.0000 0.7616
27       27   (0)      5  : 0.2520 0.0448 0.0000 0.0000 0.0000 0.0000 0.4046 0.0034 0.0554 0.2397
28       28   (0)      5  : 0.0242 0.0841 0.0000 0.0852 0.1237 0.0000 0.4270 0.0169 0.0094 0.2294
29       29   (0)      5  : 0.0000 0.0062 0.0000 0.1643 0.0065 0.0220 0.0481 0.3698 0.0393 0.3438
30       30   (0)      5  : 0.0465 0.0000 0.0000 0.4493 0.0091 0.0000 0.3711 0.0010 0.0000 0.1231
31       31   (0)      5  : 0.0281 0.1593 0.0000 0.4097 0.0001 0.0000 0.1929 0.0000 0.0000 0.2099
32       32   (0)      5  : 0.2434 0.0133 0.0000 0.0747 0.0370 0.0000 0.2641 0.0370 0.0113 0.3193
33       33   (0)      5  : 0.0199 0.0671 0.0000 0.0000 0.0000 0.0000 0.0748 0.0159 0.0000 0.8223
34       34   (0)      5  : 0.0670 0.4035 0.0000 0.0232 0.0000 0.0000 0.1609 0.0277 0.0000 0.3178
35       35   (0)      5  : 0.0000 0.2204 0.0024 0.0045 0.0300 0.0257 0.0164 0.0354 0.0996 0.5655
36       36   (0)      5  : 0.0067 0.2853 0.0072 0.0000 0.0000 0.2575 0.1089 0.0645 0.0813 0.1886
37       37   (0)      5  : 0.1425 0.1361 0.0000 0.0481 0.0000 0.0166 0.1741 0.1819 0.0126 0.2880
38       38   (0)      5  : 0.0000 0.2431 0.0000 0.1674 0.0000 0.0109 0.0000 0.1077 0.1179 0.3530
39       39   (0)      5  : 0.3453 0.0000 0.0000 0.0000 0.0100 0.0000 0.2136 0.0521 0.0000 0.3789
40       40   (0)      5  : 0.0000 0.1506 0.0000 0.0645 0.0871 0.0185 0.0717 0.1234 0.2644 0.2197
41       41   (0)      4  : 0.0000 0.0000 0.0000 0.0000 0.0000 0.4760 0.0000 0.0000 0.0000 0.5240
42       42   (0)      4  : 0.0045 0.1158 0.0000 0.0772 0.1660 0.0219 0.3936 0.1575 0.0526 0.0109
43       43   (0)      4  : 0.0000 0.0278 0.0000 0.4509 0.0941 0.0000 0.2173 0.0000 0.0167 0.1931
44       44   (0)      4  : 0.2542 0.0473 0.0000 0.0000 0.0118 0.1261 0.3095 0.0190 0.0331 0.1990
45       45   (0)      5  : 0.0513 0.0690 0.0265 0.2647 0.0369 0.0812 0.2556 0.1664 0.0345 0.0137
46       46   (0)      4  : 0.0000 0.0513 0.0000 0.2456 0.3048 0.0000 0.0000 0.0069 0.0000 0.3914
47       47   (0)      4  : 0.0121 0.0070 0.1493 0.0305 0.0061 0.0000 0.2765 0.1565 0.1243 0.2376
48       48   (0)      4  : 0.0423 0.0307 0.0690 0.0000 0.0116 0.1526 0.1522 0.0373 0.0594 0.4449
49       49   (0)      4  : 0.0029 0.1644 0.0076 0.0000 0.0024 0.1750 0.1230 0.0000 0.0000 0.5246
50       50   (0)      5  : 0.0454 0.0439 0.0560 0.1049 0.0000 0.0494 0.3403 0.2641 0.0781 0.0179
51       51   (0)      4  : 0.0606 0.0183 0.0005 0.1337 0.0299 0.0049 0.7045 0.0013 0.0000 0.0462
52       52   (0)      5  : 0.0000 0.2397 0.0070 0.0524 0.1936 0.0000 0.3470 0.0123 0.0652 0.0828
53       53   (0)      6  : 0.0000 0.0000 0.5780 0.0000 0.0000 0.0380 0.0975 0.2000 0.0836 0.0029
54       54   (0)      6  : 0.0109 0.0000 0.1030 0.3555 0.0000 0.0000 0.1983 0.0529 0.0038 0.2755
55       55   (0)      6  : 0.0000 0.0000 0.0000 0.0000 0.0000 1.0000 0.0000 0.0000 0.0000 0.0000
56       56   (0)      6  : 0.0000 0.0000 0.5282 0.3450 0.0035 0.0000 0.0000 0.1233 0.0000 0.0000
57       57   (0)      6  : 0.0000 0.0000 0.2418 0.3129 0.0000 0.0000 0.2514 0.0764 0.0946 0.0229
58       58   (0)      6  : 0.0253 0.0036 0.0981 0.3969 0.0176 0.0000 0.3675 0.0426 0.0000 0.0484
59       59   (0)      6  : 0.0000 0.2205 0.0551 0.4963 0.0286 0.0063 0.0000 0.0144 0.1296 0.0492
60       60   (0)      6  : 0.0111 0.0422 0.2550 0.3212 0.0000 0.0000 0.1152 0.0551 0.0392 0.1609
61       61   (0)      7  : 0.0810 0.1437 0.0247 0.0000 0.0000 0.0112 0.3466 0.0429 0.1645 0.1854
62       62   (0)      7  : 0.0173 0.0225 0.0000 0.0404 0.1647 0.0000 0.6883 0.0049 0.0343 0.0276
63       63   (0)      7  : 0.0000 0.0001 0.0261 0.1062 0.0223 0.0227 0.5835 0.1925 0.0192 0.0275
64       64   (0)      7  : 0.0061 0.0000 0.1009 0.0000 0.0125 0.0136 0.3534 0.1383 0.1887 0.1863
65       65   (0)      7  : 0.0000 0.0000 0.0846 0.0000 0.0000 0.0000 0.0301 0.2555 0.0633 0.5665
66       66   (0)      7  : 0.0000 0.0000 0.1542 0.0364 0.0000 0.1430 0.1305 0.3430 0.1256 0.0674
67       67   (0)      7  : 0.0000 0.0108 0.0481 0.0000 0.1939 0.0000 0.2765 0.0526 0.1356 0.2825
68       68   (0)      7  : 0.2629 0.0043 0.0031 0.0073 0.0465 0.0000 0.5594 0.0132 0.0225 0.0808
69       69   (0)      7  : 0.0000 0.0088 0.1237 0.0328 0.0007 0.0089 0.2951 0.0516 0.1337 0.3446
70       70   (0)      7  : 0.0000 0.0000 0.1116 0.0000 0.0000 0.0572 0.0113 0.1080 0.0419 0.6700
71       71   (0)      7  : 0.1713 0.0674 0.0292 0.0625 0.0573 0.0154 0.3015 0.1228 0.1642 0.0084
72       72   (0)      7  : 0.1202 0.0476 0.0366 0.0000 0.0000 0.0000 0.4695 0.0198 0.0207 0.2857
73       73   (0)      7  : 0.0000 0.0003 0.1284 0.0000 0.0000 0.0103 0.0502 0.1321 0.0007 0.6780
74       74   (0)      7  : 0.0000 0.0467 0.0387 0.3528 0.0000 0.0000 0.2450 0.0068 0.1705 0.1395
75       75   (0)      7  : 0.0801 0.0195 0.0000 0.0330 0.0000 0.0081 0.4422 0.1944 0.0026 0.2200
76       76   (0)      7  : 0.0764 0.0000 0.0081 0.3139 0.0051 0.0000 0.4390 0.0178 0.0000 0.1398
77       77   (0)      7  : 0.0860 0.0000 0.0956 0.0009 0.0153 0.0000 0.3658 0.0343 0.0241 0.3779
78       78   (0)      7  : 0.0507 0.1242 0.1069 0.0000 0.0000 0.0444 0.1494 0.3926 0.0328 0.0990
79       79   (0)      7  : 0.0676 0.2740 0.0433 0.1765 0.0000 0.0000 0.2705 0.0945 0.0000 0.0736
80       80   (0)      7  : 0.0000 0.0567 0.2226 0.0000 0.0000 0.0062 0.0250 0.2957 0.0014 0.3925
81       81   (0)      7  : 0.0000 0.0375 0.1585 0.0888 0.0000 0.0325 0.0368 0.3167 0.1147 0.2143
82       82   (0)      7  : 0.0000 0.0214 0.0329 0.0000 0.0787 0.0789 0.0293 0.1762 0.0418 0.5410
83       83   (0)      7  : 0.0000 0.0000 0.0717 0.0000 0.0025 0.0386 0.0000 0.5200 0.0316 0.3355
84       84   (0)      7  : 0.0000 0.0013 0.0902 0.0000 0.0000 0.0975 0.0000 0.1899 0.0037 0.6174
85       85   (0)      6  : 0.2199 0.0012 0.2695 0.0000 0.0502 0.0066 0.2503 0.1047 0.0086 0.0890
86       86   (0)      6  : 0.0121 0.1201 0.2138 0.0585 0.1243 0.0595 0.2747 0.0863 0.0231 0.0277
87       87   (0)      6  : 0.0000 0.0000 0.0565 0.5263 0.0000 0.0649 0.2997 0.0506 0.0000 0.0020
88       88   (0)      6  : 0.2430 0.0068 0.3413 0.0622 0.0000 0.0000 0.2494 0.0873 0.0000 0.0099
89       89   (0)      6  : 0.0000 0.0000 0.2933 0.4605 0.0000 0.0060 0.0449 0.0853 0.1095 0.0005
90       90   (0)      6  : 0.1665 0.1244 0.2991 0.0805 0.0059 0.0712 0.0653 0.1516 0.0000 0.0354
91       91   (0)      6  : 0.1469 0.0574 0.2732 0.2567 0.0168 0.0000 0.1550 0.0898 0.0035 0.0008
92       92   (0)      6  : 0.0039 0.0093 0.4327 0.2856 0.0000 0.0000 0.0066 0.1458 0.1161 0.0000
93       93   (0)      7  : 0.0000 0.0173 0.1133 0.2334 0.0063 0.0006 0.2603 0.0376 0.1219 0.2094
94       94   (0)      7  : 0.0000 0.0000 0.0000 0.0000 0.0000 0.9925 0.0000 0.0075 0.0000 0.0000
95       95   (0)      6  : 0.0056 0.0055 0.4022 0.0517 0.0746 0.2044 0.0954 0.1454 0.0151 0.0000
96       96   (0)      6  : 0.0000 0.0000 0.8437 0.0000 0.0000 0.0000 0.0000 0.1486 0.0077 0.0000
97       97   (0)      6  : 0.0000 0.0000 0.5450 0.0000 0.0054 0.0101 0.0195 0.1146 0.0069 0.2985
98       98   (0)      6  : 0.0000 0.0399 0.4020 0.0082 0.1367 0.0317 0.0727 0.1276 0.0359 0.1453
99       99   (0)      6  : 0.0000 0.0000 0.3237 0.3016 0.1592 0.0000 0.0942 0.1213 0.0000 0.0000
100      100   (0)      6  : 0.0957 0.0073 0.4377 0.2404 0.0050 0.0000 0.0623 0.1364 0.0151 0.0000
101      101   (0)      6  : 0.0000 0.0000 0.5403 0.0000 0.0617 0.0135 0.0932 0.1946 0.0384 0.0584
102      102   (0)      6  : 0.0000 0.0087 0.4408 0.0124 0.1343 0.0000 0.2074 0.1663 0.0301 0.0000
103      103   (0)      8  : 0.0000 0.3415 0.0985 0.1131 0.0000 0.0478 0.0308 0.2421 0.1119 0.0143
104      104   (0)      8  : 0.0444 0.3980 0.0000 0.3000 0.0024 0.0000 0.2056 0.0313 0.0000 0.0182
105      105   (0)      8  : 0.0000 0.2677 0.0033 0.2405 0.0006 0.0297 0.0000 0.1706 0.2722 0.0154
106      106   (0)      8  : 0.2654 0.2983 0.0000 0.0077 0.0000 0.0013 0.2251 0.0017 0.0000 0.2006
107      107   (0)      8  : 0.1751 0.2472 0.0000 0.0000 0.0000 0.0622 0.1642 0.0040 0.0000 0.3474
108      108   (0)      8  : 0.0000 0.1534 0.0000 0.2452 0.1106 0.0843 0.0000 0.0602 0.0003 0.3459
109      109   (0)      8  : 0.0225 0.2951 0.0000 0.4035 0.0072 0.0169 0.0796 0.1255 0.0374 0.0122
110      110   (0)      8  : 0.0000 0.5499 0.0000 0.3149 0.0535 0.0000 0.0641 0.0031 0.0000 0.0145
111      111   (0)      8  : 0.0663 0.4107 0.0000 0.0052 0.1028 0.0364 0.1500 0.1954 0.0177 0.0155
112      112   (0)      8  : 0.0542 0.4867 0.0000 0.1236 0.1403 0.0000 0.1426 0.0103 0.0189 0.0234
113      113   (0)      8  : 0.1377 0.2031 0.0000 0.3312 0.0000 0.0143 0.1519 0.1117 0.0324 0.0176
114      114   (0)      8  : 0.0000 0.3441 0.0000 0.0169 0.2001 0.0023 0.3180 0.0000 0.0396 0.0789
115      115   (0)      8  : 0.0000 0.0000 0.0000 0.0000 0.0000 1.0000 0.0000 0.0000 0.0000 0.0000
116      116   (0)      8  : 0.0019 0.2144 0.0000 0.7387 0.0226 0.0000 0.0224 0.0000 0.0000 0.0000
117      117   (0)      8  : 0.1742 0.1957 0.0086 0.0000 0.0098 0.0796 0.0675 0.1836 0.1255 0.1556
118      118   (0)      8  : 0.1448 0.5086 0.0107 0.0000 0.1019 0.0000 0.1440 0.0117 0.0550 0.0232
119      119   (0)      8  : 0.4203 0.2451 0.0000 0.0003 0.0045 0.0000 0.1921 0.0209 0.0000 0.1168
120      120   (0)      8  : 0.3695 0.3109 0.0790 0.0000 0.0000 0.0229 0.1057 0.0208 0.0147 0.0765
121      121   (0)      8  : 0.2157 0.4663 0.0000 0.1952 0.0129 0.0030 0.0652 0.0046 0.0000 0.0371
122      122   (0)      8  : 0.0000 0.2772 0.0098 0.0842 0.0799 0.0000 0.0214 0.0722 0.1087 0.3466
123      123   (0)      8  : 0.1696 0.2482 0.1420 0.0096 0.0123 0.0000 0.0812 0.0365 0.1883 0.1123
124      124   (0)      8  : 0.0000 0.0000 0.0000 0.0000 0.0000 1.0000 0.0000 0.0000 0.0000 0.0000
125      125   (0)      8  : 0.1322 0.1810 0.0000 0.0307 0.2482 0.0362 0.2518 0.0386 0.0255 0.0558
126      126   (0)      3  : 0.0000 0.1702 0.0011 0.2560 0.0048 0.0200 0.0071 0.1421 0.1747 0.2240
127      127   (0)      3  : 0.0149 0.0461 0.0000 0.8115 0.0505 0.0000 0.0510 0.0043 0.0087 0.0131
128      128   (0)      3  : 0.2340 0.3278 0.0000 0.0579 0.0000 0.0043 0.2150 0.0379 0.0098 0.1132
129      129   (0)      3  : 0.2108 0.1452 0.0000 0.3081 0.0035 0.0000 0.0372 0.0327 0.0744 0.1882
130      130   (0)      3  : 0.0116 0.4962 0.0000 0.3320 0.0564 0.0000 0.0462 0.0000 0.0000 0.0576
131      131   (0)      3  : 0.1776 0.4172 0.0054 0.0000 0.0000 0.0042 0.0446 0.0297 0.1136 0.2076
132      132   (0)      3  : 0.1558 0.4942 0.0000 0.0150 0.0000 0.0481 0.0751 0.0063 0.0288 0.1766
133      133   (0)      3  : 0.1463 0.2023 0.0000 0.1219 0.0425 0.0000 0.0130 0.0730 0.0137 0.3874
134      134   (0)      3  : 0.0355 0.2583 0.0079 0.0006 0.0007 0.1344 0.0428 0.0227 0.1710 0.3261
135      135   (0)      3  : 0.0029 0.1492 0.0183 0.0000 0.0015 0.1721 0.0167 0.1089 0.1625 0.3681
136      136   (0)      3  : 0.0796 0.3130 0.0027 0.0118 0.0000 0.0202 0.1749 0.1680 0.1382 0.0916
137      137   (0)      3  : 0.0945 0.4540 0.0142 0.0065 0.0000 0.0172 0.1558 0.1132 0.1324 0.0123
138      138   (0)      3  : 0.1521 0.3989 0.0525 0.0000 0.0000 0.0000 0.1413 0.0864 0.0485 0.1204
139      139   (0)      3  : 0.2603 0.4339 0.0000 0.0259 0.1446 0.0012 0.0976 0.0068 0.0021 0.0275
140      140   (0)      3  : 0.0090 0.4541 0.0087 0.2436 0.0121 0.0449 0.0352 0.0021 0.1719 0.0183
141      141   (0)      3  : 0.3514 0.1532 0.0000 0.0000 0.0000 0.0000 0.0448 0.0229 0.0884 0.3392
142      142   (0)      3  : 0.1984 0.0455 0.0000 0.1910 0.0318 0.0000 0.0410 0.0262 0.0000 0.4661
143      143   (0)      3  : 0.2161 0.4918 0.0000 0.0000 0.0000 0.0000 0.0964 0.0463 0.0025 0.1468
144      144   (0)      3  : 0.0000 0.5895 0.0084 0.1914 0.0171 0.0165 0.0000 0.0000 0.1608 0.0163
145      145   (0)      3  : 0.1865 0.1809 0.0000 0.0486 0.0739 0.0000 0.0423 0.0393 0.0000 0.4284
146      146   (0)      3  : 0.3598 0.1267 0.0000 0.1840 0.0316 0.0000 0.1277 0.0167 0.0034 0.1500
147      147   (0)      3  : 0.1382 0.3337 0.0016 0.0000 0.0000 0.0467 0.1824 0.2103 0.0217 0.0653
148      148   (0)      3  : 0.2907 0.0293 0.0144 0.0000 0.0177 0.0225 0.1232 0.0535 0.0213 0.4275
149      149   (0)      3  : 0.3428 0.2409 0.0000 0.0175 0.0000 0.0030 0.2503 0.0252 0.0000 0.1203
150      150   (0)      3  : 0.1713 0.2002 0.0000 0.0000 0.1280 0.0000 0.0901 0.0620 0.0264 0.3219
151      151   (0)      3  : 0.2981 0.2620 0.0000 0.0000 0.0092 0.0333 0.1400 0.0248 0.0000 0.2327
152      152   (0)      3  : 0.0393 0.2337 0.0189 0.0930 0.0163 0.0042 0.0320 0.0486 0.2529 0.2612
153      153   (0)      8  : 0.0000 0.2754 0.0000 0.1291 0.2277 0.0000 0.0606 0.0170 0.0093 0.2809
154      154   (0)      8  : 0.0000 0.0021 0.0000 0.0000 0.0000 0.7271 0.0000 0.2329 0.0066 0.0312
155      155   (0)      8  : 0.2348 0.2640 0.0000 0.2487 0.0000 0.0044 0.1556 0.0483 0.0042 0.0400
156      156   (0)      8  : 0.1815 0.1478 0.1868 0.0000 0.1370 0.0777 0.0663 0.0496 0.0065 0.1468
157      157   (0)      8  : 0.0263 0.3483 0.0055 0.1395 0.0935 0.0000 0.1667 0.0129 0.1486 0.0587
158      158   (0)      8  : 0.0252 0.3323 0.0231 0.0795 0.0281 0.0057 0.0442 0.0343 0.2122 0.2156
159      159   (0)      8  : 0.0000 0.3982 0.0050 0.0100 0.1139 0.0545 0.1227 0.0069 0.2176 0.0713
160      160   (0)      1  : 0.4371 0.1027 0.3151 0.0000 0.0000 0.0000 0.0277 0.0148 0.1003 0.0022
161      161   (0)      1  : 0.1253 0.0038 0.1540 0.3109 0.1759 0.0000 0.1710 0.0245 0.0347 0.0000
162      162   (0)      1  : 0.5350 0.0296 0.1606 0.0000 0.0343 0.0000 0.0181 0.0267 0.1919 0.0038
163      163   (0)      1  : 0.1597 0.0555 0.4131 0.2620 0.0328 0.0032 0.0000 0.0119 0.0618 0.0000
164      164   (0)      1  : 0.6907 0.0000 0.2457 0.0356 0.0196 0.0000 0.0040 0.0044 0.0000 0.0000
165      165   (0)      1  : 0.1595 0.3038 0.2342 0.1718 0.0026 0.0017 0.0588 0.0658 0.0018 0.0000
166      166   (0)      1  : 0.4772 0.0228 0.3551 0.0136 0.0000 0.0000 0.0026 0.0049 0.1239 0.0000
167      167   (0)      1  : 0.6095 0.0033 0.0211 0.1408 0.0000 0.0000 0.2240 0.0013 0.0000 0.0000
168      168   (0)      2  : 0.1339 0.0000 0.0344 0.5980 0.2070 0.0000 0.0128 0.0139 0.0000 0.0000
169      169   (0)      2  : 0.4118 0.1542 0.0694 0.0013 0.0008 0.0000 0.2464 0.0345 0.0069 0.0748
170      170   (0)      2  : 0.4575 0.1932 0.0866 0.0211 0.0000 0.0001 0.1630 0.0029 0.0262 0.0494
171      171   (0)      2  : 0.0000 0.1698 0.0000 0.3563 0.1961 0.0000 0.0344 0.0000 0.0217 0.2217
172      172   (0)      2  : 0.4684 0.0122 0.0000 0.1951 0.0000 0.0170 0.3060 0.0000 0.0000 0.0013
173      173   (0)      2  : 0.0000 0.2754 0.0124 0.6009 0.0384 0.0000 0.0081 0.0000 0.0393 0.0256
174      174   (0)      2  : 0.3576 0.0000 0.3784 0.1396 0.0672 0.0008 0.0389 0.0099 0.0073 0.0004
175      175   (0)      2  : 0.0657 0.0000 0.0128 0.0452 0.4941 0.0000 0.1010 0.0395 0.0295 0.2122
176      176   (0)      1  : 0.2612 0.1066 0.1166 0.3700 0.0306 0.0000 0.0036 0.0042 0.0538 0.0535
177      177   (0)      1  : 0.1189 0.0175 0.5163 0.0000 0.1302 0.0000 0.0737 0.0000 0.1434 0.0000
178      178   (0)      1  : 0.0204 0.2490 0.3982 0.2092 0.0631 0.0064 0.0000 0.0000 0.0428 0.0109
179      179   (0)      1  : 0.1242 0.0385 0.6777 0.0508 0.0434 0.0000 0.0000 0.0000 0.0655 0.0000
180      180   (0)      1  : 0.0000 0.0597 0.4844 0.2737 0.1424 0.0004 0.0000 0.0307 0.0087 0.0000
181      181   (0)      1  : 0.0364 0.0000 0.9355 0.0000 0.0193 0.0000 0.0000 0.0000 0.0089 0.0000
182      182   (0)      2  : 0.0000 0.0447 0.2113 0.2874 0.2641 0.0000 0.1315 0.0084 0.0526 0.0000
183      183   (0)      2  : 0.4458 0.0346 0.1429 0.0077 0.0055 0.0154 0.2681 0.0060 0.0309 0.0430
184      184   (0)      2  : 0.0000 0.0000 0.0000 0.7501 0.1903 0.0000 0.0433 0.0000 0.0163 0.0000
185      185   (0)      2  : 0.5596 0.0080 0.0000 0.0230 0.0069 0.0000 0.3815 0.0000 0.0009 0.0200
186      186   (0)      2  : 0.0000 0.0000 0.0000 0.2141 0.6382 0.0000 0.0787 0.0256 0.0196 0.0238
187      187   (0)      1  : 0.0000 0.0000 0.0745 0.4393 0.3647 0.0000 0.0727 0.0042 0.0446 0.0000
188      188   (0)      1  : 0.2541 0.1869 0.3857 0.0000 0.0023 0.0569 0.0225 0.0488 0.0000 0.0427
189      189   (0)      1  : 0.0000 0.1798 0.3090 0.0000 0.2344 0.0000 0.0782 0.0000 0.1957 0.0030
190      190   (0)      1  : 0.3152 0.0000 0.6107 0.0000 0.0029 0.0000 0.0651 0.0000 0.0061 0.0000
191      191   (0)      1  : 0.0140 0.0777 0.2038 0.5231 0.1051 0.0000 0.0004 0.0000 0.0759 0.0000
192      192   (0)      1  : 0.2331 0.0056 0.5449 0.0000 0.0565 0.0000 0.0350 0.0483 0.0766 0.0000
193      193   (0)      1  : 0.2767 0.0024 0.6694 0.0007 0.0046 0.0000 0.0000 0.0000 0.0461 0.0000
194      194   (0)      1  : 0.0210 0.1488 0.4487 0.2511 0.0509 0.0249 0.0000 0.0000 0.0442 0.0104
195      195   (0)      2  : 0.2691 0.0162 0.2460 0.3766 0.0368 0.0000 0.0410 0.0056 0.0085 0.0000
196      196   (0)      2  : 0.0000 0.3064 0.0629 0.2468 0.2474 0.0000 0.0949 0.0000 0.0177 0.0239
197      197   (0)      2  : 0.2607 0.0254 0.2607 0.0000 0.0223 0.0278 0.2440 0.0119 0.1387 0.0086
198      198   (0)      2  : 0.3043 0.1532 0.2596 0.1082 0.0002 0.0000 0.0294 0.0808 0.0000 0.0643
199      199   (0)      2  : 0.4147 0.0444 0.1212 0.0000 0.0660 0.0015 0.3442 0.0080 0.0000 0.0000
200      200   (0)      2  : 0.0111 0.0000 0.0000 0.8439 0.0264 0.0000 0.1060 0.0000 0.0001 0.0125
201      201   (0)      2  : 0.1339 0.0094 0.0794 0.4141 0.2213 0.0004 0.0223 0.0287 0.0016 0.0888
202      202   (0)      2  : 0.5368 0.1551 0.1528 0.0000 0.0052 0.0000 0.0568 0.0194 0.0729 0.0011
203      203   (0)      2  : 0.6730 0.0000 0.1215 0.1852 0.0077 0.0000 0.0110 0.0000 0.0014 0.0002
204      204   (0)      2  : 0.6541 0.0823 0.0129 0.1431 0.0176 0.0000 0.0816 0.0046 0.0000 0.0039
205      205   (0)      2  : 0.4643 0.0360 0.1344 0.0050 0.0000 0.0000 0.0855 0.0105 0.2642 0.0000
206      206   (0)      2  : 0.3518 0.0805 0.0369 0.1604 0.0004 0.0194 0.1123 0.1643 0.0080 0.0661
207      207   (0)      2  : 0.3047 0.0010 0.0081 0.4084 0.0322 0.0000 0.1913 0.0386 0.0014 0.0144
208      208   (0)      9  : 0.2567 0.0169 0.0053 0.3638 0.0452 0.0012 0.0000 0.0000 0.3108 0.0000
209      209   (0)      9  : 0.0311 0.2046 0.0048 0.1967 0.0737 0.0917 0.0000 0.0000 0.3973 0.0000
210      210   (0)      9  : 0.3905 0.0825 0.0000 0.0000 0.3005 0.0021 0.1476 0.0096 0.0631 0.0042
211      211   (0)      9  : 0.0295 0.1613 0.0230 0.0425 0.2799 0.0036 0.0578 0.0098 0.3926 0.0000
212      212   (0)      9  : 0.0655 0.0705 0.0000 0.3751 0.3269 0.1119 0.0157 0.0013 0.0329 0.0000
213      213   (0)      9  : 0.5111 0.1164 0.0045 0.0000 0.2252 0.0010 0.0960 0.0071 0.0290 0.0097
214      214   (0)      9  : 0.2867 0.0012 0.0000 0.3752 0.2332 0.0244 0.0094 0.0323 0.0259 0.0117
215      215   (0)      9  : 0.4563 0.0000 0.0000 0.0000 0.1465 0.0000 0.0431 0.0000 0.3541 0.0000
216      216   (0)      9  : 0.0000 0.0000 0.0000 0.0105 0.8190 0.0000 0.0847 0.0000 0.0858 0.0000
217      217   (0)      9  : 0.8096 0.0192 0.0270 0.0000 0.0043 0.0206 0.0203 0.0822 0.0146 0.0022
218      218   (0)      9  : 0.0129 0.0243 0.0000 0.1508 0.3810 0.0227 0.0000 0.2421 0.0351 0.1312
219      219   (0)      9  : 0.9055 0.0000 0.0029 0.0003 0.0627 0.0000 0.0000 0.0111 0.0175 0.0000
220      220   (0)      9  : 0.0794 0.0009 0.0000 0.5059 0.2130 0.0020 0.0503 0.0000 0.1484 0.0000
221      221   (0)      9  : 0.5939 0.0000 0.0231 0.2397 0.0549 0.0000 0.0304 0.0221 0.0000 0.0358
222      222   (0)      9  : 0.2644 0.0134 0.0121 0.3335 0.0109 0.0000 0.0000 0.0000 0.3657 0.0000
223      223   (0)      9  : 0.0093 0.0230 0.0000 0.7306 0.1445 0.0012 0.0000 0.0692 0.0165 0.0057
224      224   (0)      9  : 0.7379 0.0000 0.0000 0.0000 0.0326 0.0093 0.0759 0.0028 0.0828 0.0587
225      225   (0)      9  : 0.8309 0.0768 0.0000 0.0257 0.0022 0.0000 0.0331 0.0047 0.0184 0.0080
226      226   (0)      9  : 0.3114 0.0209 0.0706 0.0000 0.0045 0.0000 0.0062 0.0054 0.5666 0.0144
227      227   (0)      9  : 0.3563 0.0000 0.0026 0.0000 0.4567 0.0081 0.0977 0.0054 0.0733 0.0000
228      228   (0)      9  : 0.6548 0.0000 0.0000 0.2365 0.0650 0.0000 0.0032 0.0019 0.0386 0.0000
229      229   (0)      9  : 0.6226 0.0000 0.0000 0.0000 0.0015 0.0000 0.0258 0.0000 0.3015 0.0486
230      230   (0)      9  : 0.7655 0.0000 0.0489 0.0000 0.1221 0.0000 0.0059 0.0227 0.0348 0.0000
231      231   (0)      9  : 0.2280 0.0105 0.0332 0.0000 0.0000 0.0000 0.0210 0.0098 0.6965 0.0010
232      232   (0)      9  : 0.3255 0.0000 0.0000 0.3908 0.0385 0.0000 0.0000 0.0000 0.2452 0.0000
233      233   (0)      9  : 0.0871 0.0000 0.0049 0.0000 0.3276 0.0000 0.0351 0.0000 0.5453 0.0000
234      234   (0)      9  : 0.8351 0.0000 0.0000 0.0228 0.1087 0.0000 0.0000 0.0000 0.0333 0.0000
235      235   (0)      9  : 0.4193 0.0048 0.0005 0.2525 0.1915 0.0000 0.0627 0.0000 0.0687 0.0000
236      236   (0)      9  : 0.1922 0.0101 0.0113 0.0027 0.0000 0.0094 0.0265 0.0000 0.7432 0.0047
237      237   (0)     10  : 0.0610 0.1035 0.1168 0.0000 0.0938 0.0215 0.0505 0.0702 0.4777 0.0049
238      238   (0)     10  : 0.6390 0.0000 0.1116 0.0471 0.0969 0.0000 0.0501 0.0079 0.0474 0.0000
239      239   (0)     10  : 0.9871 0.0000 0.0000 0.0000 0.0074 0.0000 0.0023 0.0000 0.0032 0.0000
240      240   (0)     10  : 0.0339 0.0000 0.0000 0.8382 0.0846 0.0000 0.0000 0.0000 0.0433 0.0000
241      241   (0)     10  : 0.0151 0.0000 0.0000 0.5699 0.0890 0.0079 0.0136 0.0031 0.3013 0.0000
242      242   (0)     10  : 0.5084 0.0000 0.0000 0.0388 0.0221 0.0217 0.1786 0.0172 0.1791 0.0340
243      243   (0)     10  : 0.6390 0.0000 0.0133 0.0084 0.0108 0.0000 0.0082 0.0000 0.3203 0.0000
244      244   (0)     10  : 0.0000 0.0000 0.1898 0.2122 0.4806 0.0000 0.0000 0.0389 0.0784 0.0000
245      245   (0)     10  : 0.0584 0.0000 0.0161 0.0149 0.3703 0.0000 0.0741 0.0000 0.4662 0.0000
246      246   (0)     10  : 0.0000 0.0000 0.0154 0.0000 0.2162 0.0413 0.0787 0.3523 0.2754 0.0208
247      247   (0)     10  : 0.2444 0.0019 0.0335 0.0000 0.0303 0.0098 0.0000 0.0081 0.6720 0.0000
248      248   (0)     10  : 0.1068 0.0000 0.0019 0.0000 0.0347 0.0371 0.0199 0.3789 0.3884 0.0322
249      249   (0)     10  : 0.5311 0.0000 0.2388 0.0000 0.0099 0.0082 0.0000 0.1117 0.0971 0.0033
250      250   (0)     10  : 0.0439 0.0351 0.1740 0.1668 0.0000 0.0107 0.0458 0.1330 0.3438 0.0469
251      251   (0)     10  : 0.0000 0.0000 0.5227 0.0000 0.1950 0.0008 0.0327 0.0846 0.1642 0.0000
252      252   (0)     10  : 0.1515 0.0083 0.0006 0.0820 0.0163 0.0070 0.0100 0.1465 0.5364 0.0414
253      253   (0)     10  : 0.2019 0.0019 0.0118 0.0000 0.2843 0.0000 0.1268 0.0000 0.3734 0.0000
254      254   (0)     10  : 0.2665 0.0000 0.0836 0.3165 0.1289 0.0009 0.0197 0.0043 0.1797 0.0000
255      255   (0)     10  : 0.0000 0.0000 0.2878 0.0000 0.1502 0.0187 0.0469 0.0570 0.2371 0.2024
256      256   (0)     10  : 0.0000 0.0071 0.2796 0.0000 0.2948 0.0144 0.1924 0.0570 0.1546 0.0000
257      257   (0)     10  : 0.0000 0.2184 0.0622 0.2026 0.0518 0.0041 0.0000 0.0000 0.4523 0.0086
258      258   (0)     10  : 0.0115 0.0000 0.1205 0.0000 0.2345 0.0000 0.0572 0.0416 0.5347 0.0000
259      259   (0)     10  : 0.0023 0.0440 0.0713 0.2496 0.1100 0.0133 0.0293 0.0625 0.4178 0.0000
260      260   (0)     10  : 0.6023 0.0003 0.0009 0.0000 0.1721 0.0000 0.0542 0.0082 0.1620 0.0000
261      261   (0)     10  : 0.0000 0.0000 0.0003 0.5564 0.2544 0.0000 0.1004 0.0117 0.0769 0.0000
262      262   (0)     10  : 0.0129 0.0000 0.0409 0.0000 0.1838 0.0000 0.2942 0.0000 0.4682 0.0000
263      263   (0)     10  : 0.0981 0.0000 0.2426 0.0000 0.0852 0.2150 0.1274 0.0287 0.1643 0.0387
264      264   (0)     11  : 0.0000 0.0000 0.0000 0.0000 0.1414 0.0254 0.0030 0.6580 0.0258 0.1464
265      265   (0)     11  : 0.4524 0.0000 0.0000 0.0000 0.2166 0.0000 0.0877 0.2259 0.0000 0.0174
266      266   (0)     11  : 0.0000 0.0000 0.0000 0.0000 0.0452 0.0003 0.0000 0.7295 0.0000 0.2250
267      267   (0)     11  : 0.0000 0.0000 0.0000 0.4030 0.0492 0.0006 0.0033 0.4145 0.0039 0.1256
268      268   (0)     11  : 0.0000 0.0000 0.0000 0.0141 0.4417 0.0000 0.0028 0.2546 0.0181 0.2688
269      269   (0)     11  : 0.0000 0.0000 0.0000 0.0000 0.1835 0.0417 0.0000 0.6585 0.0206 0.0957
270      270   (0)     11  : 0.1941 0.0000 0.0000 0.0000 0.1240 0.0000 0.0261 0.2045 0.0008 0.4505
271      271   (0)     11  : 0.0000 0.0000 0.0000 0.0367 0.6258 0.0000 0.0000 0.2308 0.0174 0.0894
272      272   (0)     11  : 0.0000 0.0000 0.0000 0.0123 0.4987 0.0000 0.0250 0.1151 0.0271 0.3217
273      273   (0)     12  : 0.6425 0.1024 0.0000 0.1889 0.0263 0.0002 0.0295 0.0073 0.0030 0.0000
274      274   (0)     12  : 0.2066 0.0109 0.0000 0.5227 0.0748 0.0000 0.0000 0.0665 0.1128 0.0056
275      275   (0)     12  : 0.5189 0.0000 0.0000 0.3811 0.0690 0.0000 0.0062 0.0000 0.0248 0.0000
276      276   (0)     12  : 0.0000 0.0000 0.0000 0.8794 0.1101 0.0000 0.0000 0.0000 0.0105 0.0000
277      277   (0)     12  : 0.4577 0.0000 0.0471 0.0000 0.2821 0.0000 0.0642 0.0161 0.1329 0.0000
278      278   (0)     12  : 0.3322 0.1367 0.0049 0.3420 0.0621 0.0000 0.0019 0.0042 0.1154 0.0006
279      279   (0)     12  : 0.0950 0.0683 0.0043 0.4233 0.0405 0.0000 0.0000 0.0000 0.3686 0.0000
280      280   (0)     12  : 0.4347 0.0802 0.0132 0.0000 0.0000 0.0000 0.0000 0.0000 0.4720 0.0000
281      281   (0)     12  : 0.2781 0.0030 0.0000 0.4316 0.0489 0.0958 0.0154 0.0032 0.1238 0.0000
282      282   (0)     12  : 0.0000 0.0000 0.0000 0.0000 0.0000 1.0000 0.0000 0.0000 0.0000 0.0000
283      283   (0)     12  : 0.6088 0.0681 0.0000 0.1787 0.0265 0.0001 0.0971 0.0130 0.0066 0.0011
284      284   (0)     12  : 0.0000 0.4578 0.0015 0.3568 0.0958 0.0001 0.0000 0.0008 0.0603 0.0268
285      285   (0)     12  : 0.1080 0.0000 0.0000 0.7601 0.1057 0.0000 0.0000 0.0000 0.0262 0.0000
286      286   (0)     12  : 0.0000 0.0161 0.0000 0.1511 0.7252 0.0000 0.0000 0.0337 0.0552 0.0187
287      287   (0)     12  : 0.6105 0.0131 0.0368 0.1904 0.0788 0.0000 0.0074 0.0086 0.0501 0.0042
288      288   (0)     12  : 0.3396 0.0000 0.0000 0.1558 0.3390 0.0000 0.1075 0.0000 0.0581 0.0000
289      289   (0)     12  : 0.8147 0.0000 0.0009 0.0327 0.0836 0.0000 0.0194 0.0155 0.0332 0.0000
290      290   (0)     12  : 0.0304 0.0390 0.1186 0.0000 0.3655 0.0000 0.0272 0.0716 0.2318 0.1159
291      291   (0)     12  : 0.4667 0.0910 0.0000 0.0377 0.1006 0.0001 0.1084 0.0043 0.1129 0.0784
292      292   (0)     12  : 0.7215 0.0016 0.0000 0.0000 0.0906 0.0000 0.1611 0.0072 0.0179 0.0000
293      293   (0)     12  : 0.4242 0.0000 0.0000 0.2660 0.2673 0.0000 0.0000 0.0000 0.0424 0.0000
294      294   (0)     12  : 0.3247 0.0000 0.0709 0.2938 0.2578 0.0000 0.0107 0.0055 0.0365 0.0000
295      295   (0)     12  : 0.3561 0.0000 0.0000 0.4805 0.0967 0.0000 0.0339 0.0103 0.0226 0.0000
296      296   (0)     12  : 0.4782 0.0000 0.0000 0.0038 0.1967 0.0000 0.0666 0.0667 0.0161 0.1720
297      297   (0)     12  : 0.3056 0.0000 0.0000 0.5203 0.1212 0.0000 0.0268 0.0020 0.0227 0.0014
298      298   (0)     12  : 0.0000 0.1172 0.0180 0.3414 0.1324 0.0526 0.0031 0.0000 0.3354 0.0000
299      299   (0)     12  : 0.1332 0.1249 0.0408 0.0834 0.0291 0.0429 0.0115 0.0657 0.4557 0.0128
300      300   (0)     12  : 0.0023 0.0022 0.0000 0.8688 0.0988 0.0000 0.0000 0.0000 0.0279 0.0000
