  1        1   (0)      1 :  0.0018 0.4761 0.0000 0.0000 0.0217 0.4853 0.0042 0.0109 0.0000 
  2        2   (0)      1 :  0.1884 0.0315 0.1017 0.0000 0.0146 0.3525 0.0143 0.2657 0.0314 
  3        3   (0)      1 :  0.0021 0.0010 0.0000 0.7046 0.0918 0.0011 0.1934 0.0000 0.0059 
  4        4   (0)      1 :  0.0679 0.0773 0.3661 0.0000 0.0000 0.4785 0.0000 0.0102 0.0000 
  5        5   (0)      1 :  0.0688 0.0000 0.0161 0.0000 0.0366 0.6714 0.1574 0.0246 0.0250 
  6        6   (0)      1 :  0.0331 0.3253 0.0000 0.3765 0.0000 0.0778 0.0364 0.1510 0.0000 
  7        7   (0)      2 :  0.0949 0.0000 0.2828 0.0000 0.0000 0.6217 0.0000 0.0006 0.0000 
  8        8   (0)      1 :  0.0000 0.0010 0.0000 0.0000 0.0117 0.6972 0.0025 0.2876 0.0000 
  9        9   (0)      3 :  0.1046 0.3566 0.0335 0.0000 0.0000 0.0000 0.0000 0.0020 0.5034 
 10       10   (0)      4 :  0.0125 0.0000 0.0617 0.0031 0.0013 0.0234 0.6694 0.0000 0.2286 
 11       11   (0)      4 :  0.0350 0.0522 0.0235 0.0000 0.0000 0.0977 0.0053 0.3629 0.4234 
 12       12   (0)      4 :  0.1529 0.2434 0.1742 0.0404 0.0155 0.0595 0.1127 0.0000 0.2013 
 13       13   (0)      4 :  0.0000 0.0000 0.0000 0.0094 0.0000 0.0284 0.9000 0.0000 0.0623 
 14       14   (0)      4 :  0.1596 0.0000 0.0000 0.0081 0.0000 0.1937 0.0469 0.1408 0.4507 
 15       15   (0)      4 :  0.0000 0.2304 0.0000 0.7696 0.0000 0.0000 0.0000 0.0000 0.0000 
 16       16   (0)      5 :  0.0994 0.2136 0.0759 0.0163 0.0000 0.0847 0.0099 0.2610 0.2392 
 17       17   (0)      4 :  0.1918 0.2457 0.1157 0.0746 0.0000 0.0017 0.0035 0.0000 0.3670 
 18       18   (0)      5 :  0.2937 0.0217 0.0167 0.0000 0.0000 0.2015 0.0044 0.1390 0.3230 
 19       19   (0)      5 :  0.0479 0.0000 0.0204 0.0000 0.0000 0.0078 0.0185 0.2782 0.6272 
 20       20   (0)      5 :  0.0543 0.1232 0.2077 0.0000 0.0000 0.0000 0.0071 0.0000 0.6076 
 21       21   (0)      5 :  0.0911 0.0000 0.0000 0.0000 0.0000 0.0000 0.0000 0.1775 0.7314 
 22       22   (0)      5 :  0.0672 0.5457 0.0082 0.0000 0.0182 0.0035 0.0620 0.0000 0.2951 
 23       23   (0)      5 :  0.0257 0.3469 0.0027 0.0000 0.0000 0.0000 0.0047 0.0000 0.6201 
 24       24   (0)      5 :  0.2177 0.1095 0.1964 0.0018 0.0164 0.0129 0.0953 0.0445 0.3055 
 25       25   (0)      5 :  0.0000 0.3438 0.0129 0.0002 0.0212 0.0000 0.0038 0.0000 0.6180 
 26       26   (0)      5 :  0.1843 0.0000 0.1616 0.0031 0.0000 0.0057 0.0118 0.0000 0.6335 
 27       27   (0)      5 :  0.1403 0.3726 0.0061 0.0000 0.0000 0.0000 0.0510 0.0000 0.4301 
 28       28   (0)      5 :  0.1343 0.0000 0.0029 0.0000 0.0000 0.0000 0.1042 0.0119 0.7468 
 29       29   (0)      5 :  0.1586 0.0000 0.0011 0.0000 0.0000 0.0000 0.0013 0.6263 0.2127 
 30       30   (0)      5 :  0.3032 0.0887 0.1769 0.0000 0.0000 0.0055 0.0050 0.1102 0.3105 
 31       31   (0)      5 :  0.1454 0.1751 0.0314 0.0000 0.0335 0.0000 0.1245 0.0008 0.4893 
 32       32   (0)      5 :  0.0366 0.4385 0.0057 0.0000 0.0000 0.0000 0.0082 0.3569 0.1541 
 33       33   (0)      5 :  0.2042 0.3661 0.0087 0.0000 0.0000 0.0000 0.0000 0.1927 0.2284 
 34       34   (0)      5 :  0.0582 0.0700 0.0402 0.0000 0.0000 0.0037 0.0009 0.5182 0.3088 
 35       35   (0)      5 :  0.1242 0.0000 0.0000 0.0000 0.0000 0.0000 0.0126 0.0820 0.7811 
 36       36   (0)      5 :  0.3547 0.1299 0.0079 0.0000 0.0024 0.0000 0.0280 0.1038 0.3734 
 37       37   (0)      5 :  0.1298 0.0897 0.0331 0.0000 0.0000 0.0512 0.0639 0.0000 0.6323 
 38       38   (0)      5 :  0.3382 0.0321 0.0000 0.0000 0.0000 0.0046 0.2262 0.0997 0.2991 
 39       39   (0)      5 :  0.2517 0.0028 0.0134 0.0000 0.0010 0.0000 0.0888 0.2951 0.3472 
 40       40   (0)      5 :  0.1613 0.3607 0.0129 0.0000 0.0000 0.0000 0.0532 0.0000 0.4120 
 41       41   (0)      5 :  0.0293 0.0000 0.0137 0.0000 0.0000 0.0000 0.0000 0.5182 0.4388 
 42       42   (0)      5 :  0.0059 0.0000 0.0413 0.9488 0.0000 0.0040 0.0000 0.0000 0.0000 
 43       43   (0)      5 :  0.2070 0.2361 0.1446 0.0000 0.0006 0.0318 0.0802 0.0000 0.2997 
 44       44   (0)      4 :  0.0000 0.0000 0.0000 0.0000 0.0000 0.0000 0.4345 0.0000 0.5655 
 45       45   (0)      4 :  0.4124 0.0295 0.2702 0.0152 0.0085 0.0079 0.0862 0.0876 0.0826 
 46       46   (0)      4 :  0.1383 0.5069 0.0689 0.0620 0.0000 0.0000 0.0043 0.0000 0.2196 
 47       47   (0)      4 :  0.1291 0.0000 0.0075 0.0000 0.0000 0.0078 0.1249 0.4661 0.2645 
 48       48   (0)      5 :  0.2289 0.2842 0.0525 0.0203 0.0206 0.0194 0.1390 0.1618 0.0733 
 49       49   (0)      4 :  0.0159 0.3068 0.2832 0.0000 0.0000 0.0000 0.0000 0.0000 0.3940 
 50       50   (0)      4 :  0.0002 0.0743 0.0341 0.8914 0.0000 0.0000 0.0000 0.0000 0.0000 
 51       51   (0)      4 :  0.0704 0.0203 0.0106 0.0045 0.0459 0.1971 0.0354 0.2183 0.3976 
 52       52   (0)      4 :  0.0062 0.0060 0.0785 0.8339 0.0688 0.0000 0.0000 0.0000 0.0066 
 53       53   (0)      4 :  0.0903 0.0000 0.0020 0.0000 0.0000 0.1148 0.1071 0.1647 0.5210 
 54       54   (0)      4 :  0.0011 0.0000 0.0000 0.9964 0.0000 0.0000 0.0000 0.0012 0.0013 
 55       55   (0)      4 :  0.1042 0.0071 0.0000 0.7722 0.0000 0.0000 0.0000 0.0707 0.0459 
 56       56   (0)      4 :  0.2230 0.0233 0.0119 0.0000 0.0000 0.0163 0.1891 0.0099 0.5266 
 57       57   (0)      5 :  0.3478 0.0902 0.0231 0.0004 0.0380 0.0518 0.1203 0.2446 0.0837 
 58       58   (0)      4 :  0.0373 0.2459 0.0000 0.5276 0.0956 0.0000 0.0000 0.0917 0.0018 
 59       59   (0)      4 :  0.0307 0.0079 0.0336 0.8575 0.0000 0.0000 0.0456 0.0000 0.0247 
 60       60   (0)      4 :  0.2673 0.1842 0.0066 0.0435 0.0000 0.0457 0.0014 0.3149 0.1365 
 61       61   (0)      5 :  0.4269 0.0823 0.2923 0.0042 0.0000 0.0404 0.0035 0.0003 0.1502 
 62       62   (0)      6 :  0.0792 0.0406 0.0000 0.6675 0.0000 0.0660 0.1342 0.0000 0.0125 
 63       63   (0)      6 :  0.0246 0.0670 0.0014 0.7587 0.1428 0.0055 0.0000 0.0000 0.0000 
 64       64   (0)      6 :  0.0030 0.0000 0.0000 0.0000 0.0000 0.9303 0.0609 0.0006 0.0052 
 65       65   (0)      6 :  0.0260 0.2867 0.0055 0.0000 0.0000 0.1575 0.0179 0.2002 0.3062 
 66       66   (0)      6 :  0.0000 0.0000 0.0000 0.0000 0.0000 0.0433 0.9000 0.0000 0.0567 
 67       67   (0)      6 :  0.0000 0.3426 0.0000 0.0000 0.0000 0.6574 0.0000 0.0000 0.0000 
 68       68   (0)      6 :  0.0174 0.4060 0.0000 0.0010 0.0000 0.4156 0.0011 0.1025 0.0564 
 69       69   (0)      6 :  0.0965 0.4764 0.0034 0.0241 0.0000 0.1592 0.0000 0.1550 0.0854 
 70       70   (0)      6 :  0.0272 0.7668 0.0045 0.0000 0.0000 0.1154 0.0142 0.0000 0.0718 
 71       71   (0)      6 :  0.0249 0.4157 0.0000 0.0000 0.0000 0.3059 0.0000 0.0978 0.1558 
 72       72   (0)      7 :  0.2629 0.0000 0.0021 0.0000 0.0000 0.1207 0.0185 0.3288 0.2671 
 73       73   (0)      7 :  0.3800 0.0000 0.2071 0.0475 0.0000 0.0559 0.0000 0.2345 0.0749 
 74       74   (0)      7 :  0.3959 0.0178 0.1971 0.0229 0.0037 0.1453 0.0805 0.0344 0.1024 
 75       75   (0)      7 :  0.1499 0.0000 0.0146 0.0929 0.0036 0.2217 0.0203 0.2486 0.2485 
 76       76   (0)      7 :  0.0311 0.0000 0.0214 0.0000 0.0003 0.1346 0.0457 0.0234 0.7434 
 77       77   (0)      7 :  0.1472 0.0423 0.0259 0.0000 0.0601 0.2960 0.1515 0.0272 0.2497 
 78       78   (0)      7 :  0.2369 0.0000 0.2524 0.0184 0.0000 0.1286 0.0215 0.0049 0.3372 
 79       79   (0)      7 :  0.1301 0.0000 0.0702 0.0000 0.0000 0.0393 0.0023 0.6006 0.1575 
 80       80   (0)      7 :  0.0239 0.0600 0.0000 0.0000 0.0000 0.2576 0.0099 0.1511 0.4975 
 81       81   (0)      7 :  0.0065 0.0000 0.0062 0.0000 0.0000 0.1827 0.0581 0.0032 0.7433 
 82       82   (0)      7 :  0.2814 0.0205 0.0867 0.0480 0.0405 0.0750 0.0578 0.3535 0.0365 
 83       83   (0)      7 :  0.0309 0.0000 0.0018 0.8026 0.0667 0.0963 0.0017 0.0000 0.0000 
 84       84   (0)      7 :  0.1826 0.0000 0.0016 0.0014 0.0000 0.1267 0.0043 0.3235 0.3600 
 85       85   (0)      7 :  0.0045 0.0000 0.0063 0.0000 0.0000 0.2326 0.0165 0.0101 0.7300 
 86       86   (0)      7 :  0.0345 0.1022 0.0000 0.7745 0.0000 0.0000 0.0000 0.0888 0.0000 
 87       87   (0)      7 :  0.0203 0.5384 0.0000 0.0000 0.0000 0.1418 0.0043 0.0319 0.2633 
 88       88   (0)      7 :  0.0000 0.1226 0.0000 0.8239 0.0000 0.0003 0.0486 0.0000 0.0046 
 89       89   (0)      7 :  0.2486 0.0058 0.0104 0.0020 0.0010 0.0000 0.0765 0.2897 0.3659 
 90       90   (0)      7 :  0.0327 0.3744 0.0088 0.0029 0.0000 0.0497 0.0000 0.2873 0.2442 
 91       91   (0)      7 :  0.0349 0.0000 0.0126 0.0000 0.0000 0.0990 0.0000 0.3676 0.4859 
 92       92   (0)      7 :  0.2929 0.0000 0.0283 0.0000 0.0347 0.1611 0.1456 0.0767 0.2608 
 93       93   (0)      7 :  0.4512 0.1787 0.0034 0.0322 0.0000 0.0931 0.0047 0.1244 0.1122 
 94       94   (0)      7 :  0.1821 0.0000 0.0229 0.0000 0.0000 0.2583 0.0420 0.0056 0.4891 
 95       95   (0)      7 :  0.1264 0.1654 0.0178 0.0000 0.0387 0.1815 0.1194 0.0068 0.3438 
 96       96   (0)      7 :  0.1197 0.0000 0.1103 0.0000 0.0000 0.0678 0.0927 0.0000 0.6094 
 97       97   (0)      7 :  0.1302 0.0000 0.0353 0.0000 0.0085 0.0910 0.1664 0.0000 0.5686 
 98       98   (0)      7 :  0.0376 0.0007 0.0130 0.0000 0.0000 0.0807 0.1850 0.0000 0.6831 
 99       99   (0)      7 :  0.0316 0.0000 0.0000 0.7150 0.0187 0.2170 0.0016 0.0000 0.0161 
100      100   (0)      6 :  0.0763 0.0000 0.0908 0.0000 0.0000 0.4114 0.0030 0.2863 0.1322 
101      101   (0)      6 :  0.2371 0.0117 0.2570 0.0127 0.0000 0.3699 0.0169 0.0021 0.0924 
102      102   (0)      6 :  0.0112 0.6315 0.0000 0.0227 0.0000 0.1999 0.1068 0.0192 0.0087 
103      103   (0)      6 :  0.0672 0.0000 0.0000 0.0000 0.0000 0.4925 0.0000 0.4334 0.0069 
104      104   (0)      6 :  0.0000 0.6193 0.0000 0.0009 0.0000 0.3696 0.0102 0.0000 0.0000 
105      105   (0)      6 :  0.1899 0.0447 0.0645 0.0000 0.0000 0.4887 0.0637 0.0986 0.0498 
106      106   (0)      6 :  0.1162 0.2272 0.0689 0.0287 0.0000 0.3701 0.0000 0.1868 0.0020 
107      107   (0)      6 :  0.0358 0.3393 0.0038 0.0000 0.0393 0.5660 0.0092 0.0037 0.0029 
108      108   (0)      6 :  0.0000 0.0000 0.0000 0.8878 0.0000 0.1122 0.0000 0.0000 0.0000 
109      109   (0)      7 :  0.0653 0.3316 0.0018 0.0128 0.0000 0.2082 0.0000 0.0937 0.2866 
110      110   (0)      7 :  0.0000 0.0000 0.0000 0.0092 0.0000 0.0420 0.9000 0.0000 0.0488 
111      111   (0)      8 :  0.0645 0.0020 0.1436 0.0156 0.0000 0.5368 0.2276 0.0009 0.0090 
112      112   (0)      6 :  0.0000 0.0000 0.0000 0.0000 0.0000 1.0000 0.0000 0.0000 0.0000 
113      113   (0)      6 :  0.0000 0.0000 0.0000 0.9034 0.0000 0.0604 0.0362 0.0000 0.0000 
114      114   (0)      6 :  0.0015 0.0000 0.0000 0.0000 0.0000 0.6807 0.0076 0.0000 0.3102 
115      115   (0)      6 :  0.0011 0.0000 0.0006 0.4185 0.1718 0.2724 0.1356 0.0000 0.0000 
116      116   (0)      6 :  0.0950 0.0314 0.1707 0.0000 0.0187 0.4934 0.0696 0.0000 0.1213 
117      117   (0)      6 :  0.0423 0.2453 0.1992 0.0000 0.0000 0.5131 0.0001 0.0000 0.0000 
118      118   (0)      6 :  0.0394 0.2128 0.0000 0.0000 0.0000 0.6125 0.0000 0.1353 0.0000 
119      119   (0)      6 :  0.0423 0.0000 0.0755 0.0000 0.0000 0.7981 0.0059 0.0000 0.0782 
120      120   (0)      6 :  0.1202 0.0001 0.2193 0.0021 0.0000 0.6582 0.0000 0.0000 0.0000 
121      121   (0)      6 :  0.0000 0.0000 0.0000 0.7686 0.0369 0.1938 0.0007 0.0000 0.0000 
122      122   (0)      9 :  0.3230 0.3083 0.0160 0.0000 0.0629 0.1051 0.1192 0.0000 0.0654 
123      123   (0)      9 :  0.3879 0.4096 0.0010 0.0345 0.0000 0.0000 0.0085 0.0836 0.0749 
124      124   (0)      9 :  0.1403 0.6419 0.0152 0.0000 0.0433 0.0010 0.1011 0.0000 0.0571 
125      125   (0)      9 :  0.3001 0.0269 0.0000 0.0062 0.0000 0.0000 0.0127 0.4216 0.2325 
126      126   (0)      9 :  0.3050 0.0000 0.0006 0.0000 0.0000 0.0000 0.0594 0.2848 0.3502 
127      127   (0)      9 :  0.0355 0.4071 0.0311 0.0000 0.0000 0.0000 0.0929 0.0000 0.4334 
128      128   (0)      9 :  0.2734 0.5361 0.0075 0.0000 0.0071 0.0000 0.0662 0.0460 0.0637 
129      129   (0)      9 :  0.3726 0.4732 0.0632 0.0029 0.0018 0.0000 0.0171 0.0000 0.0691 
130      130   (0)      9 :  0.4716 0.0237 0.2244 0.0000 0.0007 0.0078 0.1342 0.0395 0.0979 
131      131   (0)      9 :  0.4115 0.2588 0.1388 0.0000 0.0000 0.0036 0.0117 0.0530 0.1225 
132      132   (0)      9 :  0.2092 0.3428 0.0245 0.0000 0.0079 0.0000 0.0642 0.2875 0.0638 
133      133   (0)      9 :  0.5010 0.0431 0.2489 0.0000 0.0000 0.0093 0.0130 0.0144 0.1703 
134      134   (0)      9 :  0.0000 0.0000 0.0000 0.0000 0.0031 0.0252 0.9000 0.0000 0.0717 
135      135   (0)      9 :  0.0911 0.8838 0.0000 0.0000 0.0000 0.0000 0.0000 0.0155 0.0097 
136      136   (0)      9 :  0.2461 0.0154 0.0169 0.0000 0.0280 0.0519 0.1371 0.2930 0.2116 
137      137   (0)      9 :  0.4743 0.0227 0.1424 0.0000 0.0000 0.0188 0.0100 0.2462 0.0856 
138      138   (0)      9 :  0.2377 0.0156 0.0043 0.0108 0.0000 0.0000 0.0053 0.5485 0.1778 
139      139   (0)      9 :  0.3320 0.0000 0.0000 0.0000 0.0000 0.0724 0.0114 0.4843 0.0998 
140      140   (0)      9 :  0.3099 0.3546 0.0052 0.0000 0.0000 0.0000 0.0113 0.2285 0.0905 
141      141   (0)      9 :  0.1000 0.3557 0.0202 0.0000 0.0000 0.0274 0.0234 0.0000 0.4733 
142      142   (0)      9 :  0.1742 0.0868 0.0009 0.0004 0.0036 0.1684 0.0172 0.4041 0.1444 
143      143   (0)      9 :  0.0000 0.0000 0.0000 0.0119 0.0000 0.0289 0.9000 0.0000 0.0592 
144      144   (0)      9 :  0.2750 0.0260 0.2762 0.0045 0.0095 0.0047 0.0572 0.2109 0.1360 
145      145   (0)      3 :  0.1228 0.4622 0.0182 0.0000 0.0141 0.0007 0.0957 0.0035 0.2826 
146      146   (0)      3 :  0.0603 0.2443 0.0000 0.5334 0.0801 0.0000 0.0000 0.0725 0.0094 
147      147   (0)      3 :  0.0126 0.8475 0.0463 0.0000 0.0000 0.0000 0.0038 0.0420 0.0477 
148      148   (0)      3 :  0.3129 0.0346 0.0019 0.0611 0.0176 0.0000 0.0197 0.3913 0.1609 
149      149   (0)      3 :  0.0913 0.2917 0.0146 0.0000 0.0000 0.0000 0.0162 0.3567 0.2295 
150      150   (0)      3 :  0.2710 0.4191 0.1184 0.0682 0.0000 0.0000 0.0168 0.0000 0.1065 
151      151   (0)      3 :  0.3098 0.0149 0.0018 0.0000 0.0000 0.0000 0.0469 0.3817 0.2449 
152      152   (0)      3 :  0.4115 0.1287 0.0000 0.0000 0.0000 0.0000 0.0753 0.2313 0.1532 
153      153   (0)      3 :  0.1544 0.2016 0.0315 0.0000 0.0205 0.0000 0.0136 0.1482 0.4301 
154      154   (0)      3 :  0.2360 0.0562 0.0000 0.0000 0.0128 0.0115 0.1807 0.1668 0.3360 
155      155   (0)      3 :  0.1408 0.0000 0.0015 0.0381 0.0436 0.0021 0.1755 0.1259 0.4725 
156      156   (0)      3 :  0.3447 0.0641 0.0128 0.0000 0.0860 0.0023 0.0622 0.2345 0.1933 
157      157   (0)      3 :  0.4084 0.0838 0.0098 0.0000 0.0216 0.0199 0.0852 0.2831 0.0882 
158      158   (0)      3 :  0.3174 0.0058 0.0088 0.0000 0.0018 0.0690 0.0230 0.3197 0.2547 
159      159   (0)      3 :  0.0792 0.0000 0.0000 0.5495 0.1747 0.0000 0.0000 0.1961 0.0005 
160      160   (0)      3 :  0.3750 0.0489 0.2444 0.0000 0.0000 0.0041 0.0229 0.2334 0.0713 
161      161   (0)      3 :  0.1933 0.6511 0.0000 0.0000 0.0000 0.0031 0.0915 0.0000 0.0611 
162      162   (0)      3 :  0.1343 0.0062 0.0024 0.0000 0.0000 0.0016 0.0030 0.5081 0.3444 
163      163   (0)      3 :  0.0715 0.2297 0.0153 0.0000 0.0000 0.0000 0.0020 0.2380 0.4434 
164      164   (0)      3 :  0.4285 0.0000 0.0058 0.0000 0.0002 0.0000 0.0231 0.3102 0.2322 
165      165   (0)      3 :  0.2323 0.6373 0.0000 0.0000 0.0000 0.0009 0.0685 0.0000 0.0611 
166      166   (0)      3 :  0.1349 0.1079 0.0497 0.0000 0.0000 0.0000 0.0137 0.2324 0.4614 
167      167   (0)      3 :  0.1085 0.2360 0.0205 0.0000 0.0000 0.0036 0.0037 0.4820 0.1457 
168      168   (0)      3 :  0.3801 0.0197 0.0144 0.0000 0.0153 0.0002 0.1248 0.2649 0.1807 
169      169   (0)      3 :  0.0672 0.0000 0.0102 0.0000 0.0000 0.0197 0.0115 0.4265 0.4649 
170      170   (0)      3 :  0.2715 0.0002 0.0015 0.0053 0.0000 0.0000 0.0219 0.5411 0.1585 
171      171   (0)      3 :  0.2272 0.0000 0.1878 0.0000 0.0000 0.0045 0.0077 0.1931 0.3797 
172      172   (0)      3 :  0.2706 0.0003 0.0040 0.0000 0.0000 0.0038 0.0384 0.4126 0.2703 
173      173   (0)      3 :  0.0729 0.4036 0.0095 0.0000 0.0124 0.0432 0.0216 0.1157 0.3211 
174      174   (0)      9 :  0.1795 0.2815 0.1919 0.0000 0.0000 0.0018 0.0057 0.0000 0.3395 
175      175   (0)      9 :  0.0710 0.0000 0.0131 0.0000 0.0026 0.0358 0.7810 0.0000 0.0965 
176      176   (0)      9 :  0.2338 0.2784 0.0047 0.0007 0.0041 0.0000 0.0281 0.3680 0.0822 
177      177   (0)      9 :  0.1666 0.0000 0.2634 0.0000 0.0000 0.1773 0.0787 0.1524 0.1616 
178      178   (0)      9 :  0.3469 0.3652 0.1014 0.0000 0.0029 0.0139 0.0071 0.0696 0.0930 
179      179   (0)      9 :  0.1690 0.3810 0.0000 0.0000 0.0141 0.0904 0.0210 0.0546 0.2699 
180      180   (0)      9 :  0.3632 0.2190 0.1483 0.0021 0.0015 0.0220 0.1057 0.0291 0.1091 
181      181   (0)      1 :  0.0946 0.0151 0.0010 0.0000 0.0000 0.2930 0.0000 0.5813 0.0150 
182      182   (0)      1 :  0.0850 0.2511 0.2248 0.0258 0.0000 0.2302 0.0000 0.1829 0.0000 
183      183   (0)      1 :  0.0598 0.0000 0.0721 0.0000 0.0000 0.2504 0.0033 0.6135 0.0008 
184      184   (0)      1 :  0.0000 0.3834 0.0172 0.0246 0.0000 0.4025 0.0012 0.1711 0.0000 
185      185   (0)      1 :  0.0045 0.0470 0.0226 0.0000 0.0000 0.2102 0.0000 0.7157 0.0000 
186      186   (0)      1 :  0.2208 0.2489 0.0114 0.0000 0.0226 0.2332 0.0205 0.1797 0.0628 
187      187   (0)      1 :  0.0043 0.0532 0.0000 0.0000 0.0000 0.3604 0.0000 0.5820 0.0000 
188      188   (0)      1 :  0.0488 0.0805 0.0176 0.0000 0.0000 0.0762 0.0000 0.7768 0.0000 
189      189   (0)      2 :  0.0255 0.4847 0.3134 0.0005 0.0000 0.0533 0.0015 0.1211 0.0000 
190      190   (0)      2 :  0.2449 0.0001 0.0007 0.0022 0.0000 0.0822 0.0062 0.5578 0.1060 
191      191   (0)      2 :  0.1929 0.0784 0.0098 0.0000 0.0000 0.1013 0.0100 0.5470 0.0606 
192      192   (0)      2 :  0.0854 0.4802 0.1652 0.0000 0.0000 0.0051 0.0023 0.0000 0.2618 
193      193   (0)      2 :  0.0899 0.1722 0.0000 0.0000 0.0000 0.0025 0.0420 0.6909 0.0025 
194      194   (0)      2 :  0.1410 0.8074 0.0090 0.0000 0.0000 0.0000 0.0000 0.0000 0.0426 
195      195   (0)      2 :  0.0047 0.0769 0.2445 0.0000 0.0000 0.4043 0.0000 0.2683 0.0012 
196      196   (0)      2 :  0.0570 0.0543 0.4976 0.0000 0.0000 0.0523 0.0000 0.0336 0.3053 
197      197   (0)      1 :  0.0212 0.4724 0.0243 0.0000 0.0000 0.0686 0.0000 0.3518 0.0618 
198      198   (0)      1 :  0.0936 0.0000 0.1925 0.0000 0.0000 0.4665 0.0000 0.2474 0.0000 
199      199   (0)      1 :  0.0342 0.4793 0.0351 0.0000 0.0000 0.3704 0.0556 0.0019 0.0234 
200      200   (0)      1 :  0.0037 0.1250 0.1762 0.0000 0.0000 0.6903 0.0000 0.0047 0.0000 
201      201   (0)      1 :  0.0016 0.3001 0.2028 0.0105 0.0000 0.4850 0.0000 0.0000 0.0000 
202      202   (0)      1 :  0.0000 0.0000 0.0864 0.0000 0.0000 0.9136 0.0000 0.0000 0.0000 
203      203   (0)      2 :  0.1361 0.0613 0.2473 0.4862 0.0000 0.0000 0.0569 0.0000 0.0122 
204      204   (0)      2 :  0.0985 0.2546 0.4038 0.0000 0.0000 0.2396 0.0000 0.0000 0.0034 
205      205   (0)      2 :  0.0852 0.0155 0.0000 0.8469 0.0138 0.0000 0.0130 0.0000 0.0255 
206      206   (0)      2 :  0.0738 0.0178 0.0102 0.0000 0.0000 0.1269 0.0376 0.6631 0.0706 
207      207   (0)      2 :  0.0493 0.6705 0.2281 0.0521 0.0000 0.0000 0.0000 0.0000 0.0000 
208      208   (0)      2 :  0.1129 0.0000 0.0310 0.0743 0.0000 0.0000 0.0011 0.7681 0.0127 
209      209   (0)      2 :  0.0886 0.2121 0.5874 0.0000 0.0000 0.0096 0.0000 0.0000 0.1023 
210      210   (0)      1 :  0.0789 0.3705 0.4426 0.0000 0.0000 0.1080 0.0000 0.0000 0.0000 
211      211   (0)      1 :  0.2236 0.0000 0.1815 0.0000 0.0000 0.4157 0.0598 0.0566 0.0629 
212      212   (0)      1 :  0.2227 0.0440 0.3740 0.0000 0.0000 0.3377 0.0097 0.0000 0.0119 
213      213   (0)      1 :  0.0052 0.0000 0.0095 0.0000 0.0000 0.6001 0.0000 0.3852 0.0000 
214      214   (0)      1 :  0.0032 0.7139 0.1103 0.0000 0.0000 0.1726 0.0000 0.0000 0.0000 
215      215   (0)      1 :  0.0804 0.0000 0.1789 0.0000 0.0000 0.6074 0.0000 0.1333 0.0000 
216      216   (0)      1 :  0.0070 0.0000 0.0534 0.0000 0.0008 0.6499 0.0000 0.2889 0.0000 
217      217   (0)      1 :  0.0114 0.4870 0.0055 0.0000 0.0000 0.4556 0.0297 0.0000 0.0108 
218      218   (0)      2 :  0.0048 0.4344 0.0221 0.0000 0.0000 0.1945 0.0000 0.3441 0.0000 
219      219   (0)      2 :  0.2604 0.3376 0.2889 0.0000 0.0000 0.0433 0.0003 0.0000 0.0696 
220      220   (0)      2 :  0.1258 0.0000 0.0473 0.0000 0.0047 0.2992 0.0182 0.4887 0.0161 
221      221   (0)      2 :  0.1201 0.1405 0.0050 0.0000 0.0000 0.2582 0.0132 0.3355 0.1275 
222      222   (0)      2 :  0.2397 0.0000 0.1462 0.0614 0.0000 0.1624 0.0090 0.3812 0.0000 
223      223   (0)      2 :  0.0017 0.7826 0.0345 0.0507 0.0000 0.0035 0.0000 0.1105 0.0166 
224      224   (0)      2 :  0.0284 0.3185 0.3186 0.0000 0.0000 0.0626 0.0011 0.1764 0.0944 
225      225   (0)      2 :  0.1812 0.0000 0.0953 0.0000 0.0014 0.1801 0.0052 0.5230 0.0138 
226      226   (0)      2 :  0.0063 0.0895 0.0409 0.0040 0.0000 0.1149 0.0000 0.7444 0.0000 
227      227   (0)      2 :  0.0356 0.1064 0.0336 0.0000 0.0000 0.0106 0.0046 0.7800 0.0292 
228      228   (0)      2 :  0.0244 0.0779 0.0000 0.0000 0.0000 0.1758 0.0000 0.7219 0.0000 
229      229   (0)      2 :  0.0013 0.2384 0.0000 0.7182 0.0129 0.0069 0.0000 0.0223 0.0000 
230      230   (0)      2 :  0.1628 0.1149 0.0277 0.0052 0.0000 0.0728 0.0697 0.4089 0.1380 
231      231   (0)      2 :  0.0302 0.4129 0.0256 0.0015 0.0000 0.0396 0.0076 0.4112 0.0714 
232      232   (0)     10 :  0.0010 0.4740 0.0599 0.0236 0.0000 0.0000 0.0063 0.4352 0.0000 
233      233   (0)     10 :  0.0267 0.6901 0.1034 0.0000 0.0000 0.0100 0.1416 0.0221 0.0061 
234      234   (0)     10 :  0.2147 0.0010 0.5735 0.0000 0.0000 0.0168 0.0256 0.1645 0.0038 
235      235   (0)     10 :  0.1290 0.2177 0.4810 0.0000 0.0125 0.0975 0.0465 0.0140 0.0019 
236      236   (0)     10 :  0.0251 0.2421 0.6011 0.0010 0.0000 0.0000 0.1254 0.0000 0.0053 
237      237   (0)     10 :  0.2232 0.0091 0.5170 0.0000 0.0000 0.0205 0.0031 0.2164 0.0106 
238      238   (0)     10 :  0.0101 0.4895 0.1473 0.0000 0.0000 0.0000 0.0292 0.2952 0.0286 
239      239   (0)     10 :  0.0574 0.0002 0.3185 0.0000 0.0000 0.0112 0.0000 0.6127 0.0000 
240      240   (0)     10 :  0.1047 0.0262 0.8453 0.0000 0.0000 0.0156 0.0000 0.0000 0.0082 
241      241   (0)     10 :  0.0537 0.0000 0.0208 0.0000 0.0045 0.0168 0.0773 0.8271 0.0000 
242      242   (0)     10 :  0.0874 0.2292 0.3197 0.0000 0.0001 0.0000 0.0870 0.0081 0.2685 
243      243   (0)     10 :  0.0103 0.0041 0.1677 0.0000 0.0000 0.0006 0.0000 0.8173 0.0000 
244      244   (0)     10 :  0.0626 0.5547 0.2680 0.0340 0.0000 0.0040 0.0032 0.0735 0.0000 
245      245   (0)     10 :  0.0112 0.1608 0.0631 0.0000 0.0000 0.0300 0.0000 0.7061 0.0288 
246      246   (0)     10 :  0.0000 0.4291 0.0333 0.0000 0.0084 0.0301 0.0006 0.4985 0.0000 
247      247   (0)     10 :  0.0241 0.6980 0.1952 0.0000 0.0397 0.0000 0.0128 0.0266 0.0036 
248      248   (0)     10 :  0.0085 0.0000 0.1214 0.0000 0.0000 0.0000 0.0222 0.8001 0.0477 
249      249   (0)     10 :  0.0526 0.0000 0.0167 0.0000 0.0000 0.0000 0.0121 0.9097 0.0089 
250      250   (0)     10 :  0.0051 0.0239 0.0439 0.0000 0.0005 0.1944 0.0129 0.6837 0.0357 
251      251   (0)     10 :  0.1120 0.0031 0.8162 0.0002 0.0000 0.0290 0.0018 0.0377 0.0000 
252      252   (0)     10 :  0.0060 0.2773 0.0767 0.0210 0.0007 0.0000 0.0000 0.6184 0.0000 
253      253   (0)     10 :  0.0062 0.0000 0.0349 0.0000 0.0000 0.0197 0.0001 0.8764 0.0627 
254      254   (0)     10 :  0.0633 0.0003 0.3273 0.0000 0.0000 0.1237 0.0000 0.4847 0.0008 
255      255   (0)     10 :  0.0000 0.0000 0.0307 0.0000 0.0000 0.1773 0.0109 0.7810 0.0000 
256      256   (0)     10 :  0.0000 0.0106 0.0000 0.9894 0.0000 0.0000 0.0000 0.0000 0.0000 
257      257   (0)     10 :  0.0000 0.3535 0.0706 0.0000 0.0000 0.0139 0.0000 0.5620 0.0000 
258      258   (0)     10 :  0.0900 0.0155 0.6607 0.0000 0.0000 0.1217 0.0014 0.1107 0.0000 
259      259   (0)     10 :  0.0000 0.0265 0.2014 0.0000 0.0000 0.0000 0.0000 0.7721 0.0000 
260      260   (0)     10 :  0.0585 0.1818 0.2685 0.0009 0.0037 0.0060 0.0000 0.4807 0.0000 
261      261   (0)     10 :  0.0000 0.1020 0.0490 0.0068 0.0052 0.1302 0.0518 0.6204 0.0346 
262      262   (0)     11 :  0.1482 0.0204 0.1444 0.0000 0.0526 0.2351 0.0524 0.3372 0.0096 
263      263   (0)     11 :  0.0249 0.0020 0.1454 0.0000 0.0000 0.1103 0.0000 0.7175 0.0000 
264      264   (0)     11 :  0.0015 0.0000 0.0478 0.0000 0.0000 0.0000 0.0000 0.9507 0.0000 
265      265   (0)     11 :  0.0000 0.0000 0.0000 1.0000 0.0000 0.0000 0.0000 0.0000 0.0000 
266      266   (0)     11 :  0.0000 0.7653 0.1563 0.0266 0.0000 0.0000 0.0000 0.0518 0.0000 
267      267   (0)     11 :  0.0000 0.0000 0.0000 1.0000 0.0000 0.0000 0.0000 0.0000 0.0000 
268      268   (0)     11 :  0.0000 0.7743 0.0862 0.0000 0.0000 0.0047 0.0049 0.1299 0.0000 
269      269   (0)     11 :  0.0182 0.0290 0.0607 0.0000 0.0000 0.0318 0.0460 0.7661 0.0482 
270      270   (0)     11 :  0.0062 0.0000 0.0455 0.0000 0.0000 0.0072 0.0000 0.9411 0.0000 
271      271   (0)     11 :  0.0000 0.0400 0.7537 0.0000 0.0000 0.2063 0.0000 0.0000 0.0000 
272      272   (0)     11 :  0.0861 0.0688 0.4534 0.0008 0.0031 0.1320 0.0000 0.2545 0.0013 
273      273   (0)     11 :  0.2397 0.0000 0.3880 0.0000 0.1387 0.0172 0.1581 0.0000 0.0584 
274      274   (0)     11 :  0.0071 0.0495 0.2044 0.5856 0.1423 0.0111 0.0000 0.0000 0.0000 
275      275   (0)     11 :  0.0135 0.0063 0.1779 0.0000 0.0035 0.1783 0.0383 0.5812 0.0010 
276      276   (0)     11 :  0.1644 0.0000 0.0946 0.0011 0.2209 0.0000 0.0891 0.3881 0.0418 
277      277   (0)     11 :  0.0075 0.0000 0.0263 0.0062 0.0220 0.3433 0.0233 0.5667 0.0046 
278      278   (0)     11 :  0.0210 0.2244 0.0166 0.0000 0.0566 0.2438 0.0222 0.2840 0.1314 
279      279   (0)     11 :  0.0368 0.0000 0.2820 0.0000 0.0000 0.6771 0.0000 0.0041 0.0000 
280      280   (0)     11 :  0.0280 0.0764 0.0996 0.0539 0.0226 0.0905 0.0202 0.4858 0.1231 
281      281   (0)     11 :  0.1381 0.0000 0.4162 0.0000 0.0003 0.0517 0.0000 0.3937 0.0000 
282      282   (0)     11 :  0.0000 0.3885 0.1545 0.0065 0.0000 0.1540 0.0000 0.2964 0.0000 
283      283   (0)     11 :  0.0257 0.0000 0.1488 0.0000 0.0002 0.4727 0.0029 0.0222 0.3274 
284      284   (0)     11 :  0.1795 0.0011 0.4158 0.0005 0.0000 0.3551 0.0367 0.0106 0.0006 
285      285   (0)     11 :  0.0529 0.6795 0.0596 0.0000 0.0082 0.1584 0.0285 0.0000 0.0129 
286      286   (0)     11 :  0.1180 0.0054 0.4251 0.0000 0.0627 0.2500 0.0130 0.1024 0.0234 
287      287   (0)     11 :  0.0713 0.4844 0.1785 0.0000 0.0636 0.1703 0.0267 0.0052 0.0000 
288      288   (0)     11 :  0.0657 0.0000 0.2628 0.0009 0.0215 0.0095 0.0118 0.6278 0.0000 
289      289   (0)     11 :  0.0527 0.5714 0.2812 0.0554 0.0000 0.0340 0.0048 0.0000 0.0006 
290      290   (0)     11 :  0.0869 0.0000 0.1869 0.1442 0.0000 0.2137 0.0021 0.3577 0.0084 
291      291   (0)     11 :  0.0738 0.0000 0.2241 0.0030 0.0004 0.4021 0.1629 0.0314 0.1025 
292      292   (0)     12 :  0.0000 0.0000 0.0000 0.0000 1.0000 0.0000 0.0000 0.0000 0.0000 
293      293   (0)     12 :  0.1030 0.0000 0.0967 0.0000 0.1697 0.0000 0.1329 0.0000 0.4976 
294      294   (0)     12 :  0.0000 0.0000 0.0000 0.0000 1.0000 0.0000 0.0000 0.0000 0.0000 
295      295   (0)     12 :  0.0000 0.0000 0.0000 0.0000 1.0000 0.0000 0.0000 0.0000 0.0000 
296      296   (0)     12 :  0.0000 0.0000 0.0000 0.0000 1.0000 0.0000 0.0000 0.0000 0.0000 
297      297   (0)     12 :  0.0000 0.0000 0.0000 0.0819 0.8426 0.0000 0.0000 0.0754 0.0000 
298      298   (0)     12 :  0.0034 0.0000 0.0000 0.0000 0.9966 0.0000 0.0000 0.0000 0.0000 
299      299   (0)     12 :  0.0000 0.0000 0.0000 0.0000 1.0000 0.0000 0.0000 0.0000 0.0000 
300      300   (0)     12 :  0.0659 0.0000 0.5173 0.0000 0.0663 0.0000 0.0282 0.1959 0.1264 
301      301   (0)     12 :  0.0881 0.0000 0.1146 0.0000 0.0345 0.0000 0.1184 0.0000 0.6443 
302      302   (0)     12 :  0.0000 0.0000 0.0000 0.0000 1.0000 0.0000 0.0000 0.0000 0.0000 
303      303   (0)     12 :  0.0054 0.0000 0.0010 0.0000 0.9784 0.0151 0.0000 0.0000 0.0000 
304      304   (0)     12 :  0.0064 0.0000 0.0098 0.4698 0.0890 0.0000 0.0000 0.4250 0.0000 
305      305   (0)     12 :  0.0488 0.4142 0.0745 0.0000 0.0760 0.0000 0.0500 0.0020 0.3344 
306      306   (0)     12 :  0.0172 0.0000 0.0106 0.0275 0.7612 0.0000 0.0218 0.0000 0.1617 
307      307   (0)     12 :  0.0000 0.0000 0.0000 0.0000 1.0000 0.0000 0.0000 0.0000 0.0000 
308      308   (0)     12 :  0.0000 0.0000 0.0000 0.3587 0.6413 0.0000 0.0000 0.0000 0.0000 
309      309   (0)     12 :  0.0687 0.0139 0.4052 0.0000 0.0231 0.0005 0.0374 0.0000 0.4511 
310      310   (0)     12 :  0.0003 0.0000 0.0000 0.1134 0.8241 0.0000 0.0000 0.0622 0.0000 
311      311   (0)     12 :  0.0639 0.0320 0.0040 0.3194 0.4151 0.0000 0.0069 0.1189 0.0398 
312      312   (0)     12 :  0.1306 0.0000 0.1961 0.0000 0.0640 0.0000 0.1957 0.0000 0.4136 
313      313   (0)     12 :  0.0470 0.0000 0.0687 0.0000 0.0279 0.0000 0.0370 0.2567 0.5626 
314      314   (0)     12 :  0.0016 0.0167 0.0000 0.4071 0.3677 0.0000 0.0000 0.2069 0.0000 
315      315   (0)     12 :  0.0000 0.0000 0.0000 0.0000 1.0000 0.0000 0.0000 0.0000 0.0000 
316      316   (0)     12 :  0.0059 0.0000 0.0066 0.5190 0.4264 0.0000 0.0000 0.0397 0.0025 
317      317   (0)     12 :  0.0000 0.0000 0.0158 0.6044 0.3325 0.0000 0.0000 0.0474 0.0000 
318      318   (0)     12 :  0.0719 0.0220 0.5631 0.0000 0.0000 0.0000 0.0423 0.0000 0.3006 
319      319   (0)     12 :  0.0671 0.0000 0.0140 0.0890 0.7444 0.0000 0.0000 0.0115 0.0740 
320      320   (0)     12 :  0.0812 0.0116 0.4739 0.0012 0.0035 0.0041 0.0206 0.0000 0.4039 
321      321   (0)     12 :  0.0000 0.0000 0.0000 0.8240 0.1760 0.0000 0.0000 0.0000 0.0000 
322      322   (0)     13 :  0.0721 0.2231 0.0361 0.0000 0.0000 0.0000 0.0117 0.6451 0.0120 
323      323   (0)     13 :  0.0248 0.4539 0.0541 0.0000 0.0024 0.0000 0.0105 0.3927 0.0617 
324      324   (0)     13 :  0.0000 0.3833 0.0653 0.0000 0.0000 0.0000 0.0000 0.5514 0.0000 
325      325   (0)     13 :  0.0033 0.8896 0.1071 0.0000 0.0000 0.0000 0.0000 0.0000 0.0000 
326      326   (0)     13 :  0.0833 0.0000 0.4700 0.0000 0.0000 0.1314 0.0000 0.3153 0.0000 
327      327   (0)     13 :  0.0408 0.5194 0.0523 0.0000 0.0016 0.0000 0.0030 0.3762 0.0067 
328      328   (0)     13 :  0.0070 0.7558 0.0495 0.0000 0.0000 0.0000 0.0000 0.1876 0.0000 
329      329   (0)     13 :  0.0643 0.0191 0.0208 0.0000 0.0000 0.0864 0.0011 0.7859 0.0225 
330      330   (0)     13 :  0.0036 0.4641 0.0564 0.0000 0.0001 0.0594 0.0532 0.3618 0.0014 
331      331   (0)     13 :  0.0000 0.0000 0.0055 0.0000 0.0000 0.0290 0.9000 0.0000 0.0655 
332      332   (0)     13 :  0.0511 0.0954 0.0387 0.0000 0.0000 0.0003 0.0059 0.8087 0.0000 
333      333   (0)     13 :  0.2244 0.6735 0.0230 0.0000 0.0000 0.0000 0.0175 0.0000 0.0615 
334      334   (0)     13 :  0.0000 0.7782 0.0983 0.0000 0.0000 0.0000 0.0000 0.1235 0.0000 
335      335   (0)     13 :  0.0251 0.2743 0.6431 0.0000 0.0000 0.0000 0.0000 0.0000 0.0576 
336      336   (0)     13 :  0.0022 0.2663 0.0696 0.0000 0.0000 0.0882 0.0044 0.5635 0.0058 
337      337   (0)     13 :  0.1013 0.0546 0.5942 0.0231 0.0000 0.0063 0.0000 0.2204 0.0000 
338      338   (0)     13 :  0.0089 0.0656 0.1428 0.0000 0.0000 0.0151 0.0251 0.7419 0.0005 
339      339   (0)     13 :  0.0274 0.0174 0.5535 0.0000 0.0110 0.1820 0.0161 0.0086 0.1839 
340      340   (0)     13 :  0.0597 0.0017 0.1396 0.0000 0.0104 0.0010 0.0000 0.6487 0.1389 
341      341   (0)     13 :  0.0314 0.0000 0.1227 0.0000 0.0000 0.0037 0.0000 0.8422 0.0000 
342      342   (0)     13 :  0.0164 0.1356 0.7353 0.0000 0.0000 0.0032 0.0000 0.1095 0.0000 
343      343   (0)     13 :  0.0000 0.3600 0.3877 0.0000 0.0000 0.1340 0.0002 0.1182 0.0000 
344      344   (0)     13 :  0.0062 0.4579 0.1437 0.0000 0.0000 0.0025 0.0008 0.3890 0.0000 
345      345   (0)     13 :  0.0176 0.0000 0.0072 0.6224 0.1248 0.0000 0.0000 0.2279 0.0000 
346      346   (0)     13 :  0.0299 0.0014 0.1745 0.0000 0.0000 0.0000 0.0000 0.5977 0.1964 
347      347   (0)     13 :  0.0016 0.5528 0.0756 0.0000 0.0000 0.0000 0.0000 0.3700 0.0000 
348      348   (0)     13 :  0.0018 0.7097 0.1458 0.0000 0.0336 0.0753 0.0338 0.0000 0.0000 
349      349   (0)     13 :  0.0721 0.3318 0.0407 0.0000 0.0000 0.1218 0.1064 0.3029 0.0243 
350      350   (0)     13 :  0.0006 0.0000 0.0138 0.2736 0.4604 0.0000 0.0069 0.2446 0.0000 
351      351   (0)     13 :  0.0008 0.9245 0.0645 0.0000 0.0049 0.0000 0.0000 0.0052 0.0000 
