1        1   (0)      1  : 0.9845 0.0155
2        2   (0)      1  : 0.8460 0.1540
3        3   (0)      1  : 1.0000 0.0000
4        4   (0)      1  : 0.6867 0.3133
5        5   (0)      1  : 0.8576 0.1424
6        6   (0)      2  : 0.9996 0.0004
7        7   (0)      1  : 0.9646 0.0354
8        8   (0)      3  : 0.3341 0.6659
9        9   (0)      4  : 0.0002 0.9998
10       10   (0)      4  : 0.4637 0.5363
11       11   (0)      4  : 0.4410 0.5590
12       12   (0)      4  : 0.1600 0.8400
13       13   (0)      4  : 0.3030 0.6970
14       14   (0)      5  : 0.6742 0.3258
15       15   (0)      4  : 0.4349 0.5651
16       16   (0)      5  : 0.4164 0.5836
17       17   (0)      5  : 0.2451 0.7549
18       18   (0)      5  : 0.2333 0.7667
19       19   (0)      5  : 0.0008 0.9992
20       20   (0)      5  : 0.4885 0.5115
21       21   (0)      5  : 0.2537 0.7463
22       22   (0)      5  : 0.3850 0.6150
23       23   (0)      5  : 0.2336 0.7664
24       24   (0)      5  : 0.1762 0.8238
25       25   (0)      5  : 0.3540 0.6460
26       26   (0)      5  : 0.0000 1.0000
27       27   (0)      5  : 0.5279 0.4721
28       28   (0)      5  : 0.5103 0.4897
29       29   (0)      5  : 0.1524 0.8476
30       30   (0)      5  : 0.7477 0.2523
31       31   (0)      5  : 0.6037 0.3963
32       32   (0)      5  : 0.5548 0.4452
33       33   (0)      5  : 0.0004 0.9996
34       34   (0)      5  : 0.3051 0.6949
35       35   (0)      5  : 0.0861 0.9139
36       36   (0)      5  : 0.2022 0.7978
37       37   (0)      5  : 0.2618 0.7382
38       38   (0)      5  : 0.3260 0.6740
39       39   (0)      5  : 0.4569 0.5431
40       40   (0)      5  : 0.4097 0.5903
41       41   (0)      4  : 0.0000 1.0000
42       42   (0)      4  : 0.5611 0.4389
43       43   (0)      4  : 0.6815 0.3185
44       44   (0)      4  : 0.4750 0.5250
45       45   (0)      5  : 0.5633 0.4367
46       46   (0)      4  : 0.4998 0.5002
47       47   (0)      4  : 0.3806 0.6194
48       48   (0)      4  : 0.2132 0.7868
49       49   (0)      4  : 0.0972 0.9028
50       50   (0)      5  : 0.4552 0.5448
51       51   (0)      4  : 0.6626 0.3374
52       52   (0)      5  : 0.5611 0.4389
53       53   (0)      6  : 0.7599 0.2401
54       54   (0)      6  : 0.6181 0.3819
55       55   (0)      6  : 0.1486 0.8514
56       56   (0)      6  : 0.9995 0.0005
57       57   (0)      6  : 0.9010 0.0990
58       58   (0)      6  : 0.8719 0.1281
59       59   (0)      6  : 0.8076 0.1924
60       60   (0)      6  : 0.7804 0.2196
61       61   (0)      7  : 0.4574 0.5426
62       62   (0)      7  : 0.6878 0.3122
63       63   (0)      7  : 0.4794 0.5206
64       64   (0)      7  : 0.4322 0.5678
65       65   (0)      7  : 0.0291 0.9709
66       66   (0)      7  : 0.3023 0.6977
67       67   (0)      7  : 0.4245 0.5755
68       68   (0)      7  : 0.7501 0.2499
69       69   (0)      7  : 0.3786 0.6214
70       70   (0)      7  : 0.0000 1.0000
71       71   (0)      7  : 0.6903 0.3097
72       72   (0)      7  : 0.4239 0.5761
73       73   (0)      7  : 0.0545 0.9455
74       74   (0)      7  : 0.7281 0.2719
75       75   (0)      7  : 0.2893 0.7107
76       76   (0)      7  : 0.7214 0.2786
77       77   (0)      7  : 0.4004 0.5996
78       78   (0)      7  : 0.1774 0.8226
79       79   (0)      7  : 0.5652 0.4348
80       80   (0)      7  : 0.0960 0.9040
81       81   (0)      7  : 0.2612 0.7388
82       82   (0)      7  : 0.0000 1.0000
83       83   (0)      7  : 0.0000 1.0000
84       84   (0)      7  : 0.0000 1.0000
85       85   (0)      6  : 0.7713 0.2287
86       86   (0)      6  : 0.7263 0.2737
87       87   (0)      6  : 0.8797 0.1203
88       88   (0)      6  : 0.9590 0.0410
89       89   (0)      6  : 0.9245 0.0755
90       90   (0)      6  : 0.7011 0.2989
91       91   (0)      6  : 0.9473 0.0527
92       92   (0)      6  : 0.9150 0.0850
93       93   (0)      7  : 0.6351 0.3649
94       94   (0)      7  : 0.1591 0.8409
95       95   (0)      6  : 0.7977 0.2023
96       96   (0)      6  : 0.9139 0.0861
97       97   (0)      6  : 0.5706 0.4294
98       98   (0)      6  : 0.6740 0.3260
99       99   (0)      6  : 0.9474 0.0526
100      100   (0)      6  : 0.9999 0.0001
101      101   (0)      6  : 0.7165 0.2835
102      102   (0)      6  : 0.9607 0.0393
103      103   (0)      8  : 0.4817 0.5183
104      104   (0)      8  : 0.6713 0.3287
105      105   (0)      8  : 0.6101 0.3899
106      106   (0)      8  : 0.5043 0.4957
107      107   (0)      8  : 0.2798 0.7202
108      108   (0)      8  : 0.3380 0.6620
109      109   (0)      8  : 0.6523 0.3477
110      110   (0)      8  : 0.6680 0.3320
111      111   (0)      8  : 0.4581 0.5419
112      112   (0)      8  : 0.6231 0.3769
113      113   (0)      8  : 0.6772 0.3228
114      114   (0)      8  : 0.4324 0.5676
115      115   (0)      8  : 0.0000 1.0000
116      116   (0)      8  : 0.9337 0.0663
117      117   (0)      8  : 0.3886 0.6114
118      118   (0)      8  : 0.6219 0.3781
119      119   (0)      8  : 0.6310 0.3690
120      120   (0)      8  : 0.6047 0.3953
121      121   (0)      8  : 0.6953 0.3047
122      122   (0)      8  : 0.3611 0.6389
123      123   (0)      8  : 0.6729 0.3271
124      124   (0)      8  : 0.2175 0.7825
125      125   (0)      8  : 0.6244 0.3756
126      126   (0)      3  : 0.4357 0.5643
127      127   (0)      3  : 0.9531 0.0469
128      128   (0)      3  : 0.5024 0.4976
129      129   (0)      3  : 0.6412 0.3588
130      130   (0)      3  : 0.6050 0.3950
131      131   (0)      3  : 0.4182 0.5818
132      132   (0)      3  : 0.4298 0.5702
133      133   (0)      3  : 0.3670 0.6330
134      134   (0)      3  : 0.2703 0.7297
135      135   (0)      3  : 0.0734 0.9266
136      136   (0)      3  : 0.3932 0.6068
137      137   (0)      3  : 0.4966 0.5034
138      138   (0)      3  : 0.4248 0.5752
139      139   (0)      3  : 0.6413 0.3587
140      140   (0)      3  : 0.6922 0.3078
141      141   (0)      3  : 0.4474 0.5526
142      142   (0)      3  : 0.4274 0.5726
143      143   (0)      3  : 0.4173 0.5827
144      144   (0)      3  : 0.6752 0.3248
145      145   (0)      3  : 0.3539 0.6461
146      146   (0)      3  : 0.7115 0.2885
147      147   (0)      3  : 0.3433 0.6567
148      148   (0)      3  : 0.3454 0.6546
149      149   (0)      3  : 0.5752 0.4248
150      150   (0)      3  : 0.3582 0.6418
151      151   (0)      3  : 0.4613 0.5387
152      152   (0)      3  : 0.5214 0.4786
153      153   (0)      8  : 0.4720 0.5280
154      154   (0)      8  : 0.0496 0.9504
155      155   (0)      8  : 0.7048 0.2952
156      156   (0)      8  : 0.5825 0.4175
157      157   (0)      8  : 0.6687 0.3313
158      158   (0)      8  : 0.5040 0.4960
159      159   (0)      8  : 0.5099 0.4901
160      160   (0)      1  : 0.9229 0.0771
161      161   (0)      1  : 0.9991 0.0009
162      162   (0)      1  : 0.9663 0.0337
163      163   (0)      1  : 1.0000 0.0000
164      164   (0)      1  : 1.0000 0.0000
165      165   (0)      1  : 0.7445 0.2555
166      166   (0)      1  : 0.9883 0.0117
167      167   (0)      1  : 0.9771 0.0229
168      168   (0)      2  : 1.0000 0.0000
169      169   (0)      2  : 0.6565 0.3435
170      170   (0)      2  : 0.7638 0.2362
171      171   (0)      2  : 0.6434 0.3566
172      172   (0)      2  : 0.9212 0.0788
173      173   (0)      2  : 0.7992 0.2008
174      174   (0)      2  : 0.9821 0.0179
175      175   (0)      2  : 0.6250 0.3750
176      176   (0)      1  : 0.9104 0.0896
177      177   (0)      1  : 0.9881 0.0119
178      178   (0)      1  : 0.8485 0.1515
179      179   (0)      1  : 1.0000 0.0000
180      180   (0)      1  : 1.0000 0.0000
181      181   (0)      1  : 1.0000 0.0000
182      182   (0)      2  : 0.9512 0.0488
183      183   (0)      2  : 0.8180 0.1820
184      184   (0)      2  : 1.0000 0.0000
185      185   (0)      2  : 0.8298 0.1702
186      186   (0)      2  : 0.8376 0.1624
187      187   (0)      1  : 1.0000 0.0000
188      188   (0)      1  : 0.7134 0.2866
189      189   (0)      1  : 0.8571 0.1429
190      190   (0)      1  : 1.0000 0.0000
191      191   (0)      1  : 1.0000 0.0000
192      192   (0)      1  : 1.0000 0.0000
193      193   (0)      1  : 0.9949 0.0051
194      194   (0)      1  : 0.9042 0.0958
195      195   (0)      2  : 1.0000 0.0000
196      196   (0)      2  : 0.7441 0.2559
197      197   (0)      2  : 0.8148 0.1852
198      198   (0)      2  : 0.7199 0.2801
199      199   (0)      2  : 0.9127 0.0873
200      200   (0)      2  : 0.9920 0.0080
201      201   (0)      2  : 0.8519 0.1481
202      202   (0)      2  : 0.8899 0.1101
203      203   (0)      2  : 0.9959 0.0041
204      204   (0)      2  : 0.9399 0.0601
205      205   (0)      2  : 1.0000 0.0000
206      206   (0)      2  : 0.6015 0.3985
207      207   (0)      2  : 0.8986 0.1014
208      208   (0)      9  : 1.0000 0.0000
209      209   (0)      9  : 0.8377 0.1623
210      210   (0)      9  : 0.8931 0.1069
211      211   (0)      9  : 0.9035 0.0965
212      212   (0)      9  : 0.8420 0.1580
213      213   (0)      9  : 0.8903 0.1097
214      214   (0)      9  : 0.9259 0.0741
215      215   (0)      9  : 1.0000 0.0000
216      216   (0)      9  : 0.9150 0.0850
217      217   (0)      9  : 0.8306 0.1694
218      218   (0)      9  : 0.4734 0.5266
219      219   (0)      9  : 1.0000 0.0000
220      220   (0)      9  : 1.0000 0.0000
221      221   (0)      9  : 0.9538 0.0462
222      222   (0)      9  : 1.0000 0.0000
223      223   (0)      9  : 0.9198 0.0802
224      224   (0)      9  : 0.8863 0.1137
225      225   (0)      9  : 0.9396 0.0604
226      226   (0)      9  : 0.9011 0.0989
227      227   (0)      9  : 0.9968 0.0032
228      228   (0)      9  : 1.0000 0.0000
229      229   (0)      9  : 0.9225 0.0775
230      230   (0)      9  : 0.9942 0.0058
231      231   (0)      9  : 1.0000 0.0000
232      232   (0)      9  : 1.0000 0.0000
233      233   (0)      9  : 1.0000 0.0000
234      234   (0)      9  : 1.0000 0.0000
235      235   (0)      9  : 1.0000 0.0000
236      236   (0)      9  : 0.8918 0.1082
237      237   (0)     10  : 0.7571 0.2429
238      238   (0)     10  : 1.0000 0.0000
239      239   (0)     10  : 1.0000 0.0000
240      240   (0)     10  : 1.0000 0.0000
241      241   (0)     10  : 0.9964 0.0036
242      242   (0)     10  : 0.8151 0.1849
243      243   (0)     10  : 1.0000 0.0000
244      244   (0)     10  : 1.0000 0.0000
245      245   (0)     10  : 0.9874 0.0126
246      246   (0)     10  : 0.3096 0.6904
247      247   (0)     10  : 0.9567 0.0433
248      248   (0)     10  : 0.5078 0.4922
249      249   (0)     10  : 0.9216 0.0784
250      250   (0)     10  : 0.7140 0.2860
251      251   (0)     10  : 0.9861 0.0139
252      252   (0)     10  : 0.7431 0.2569
253      253   (0)     10  : 0.9794 0.0206
254      254   (0)     10  : 1.0000 0.0000
255      255   (0)     10  : 0.5410 0.4590
256      256   (0)     10  : 0.8317 0.1683
257      257   (0)     10  : 0.8610 0.1390
258      258   (0)     10  : 0.8679 0.1321
259      259   (0)     10  : 0.8793 0.1207
260      260   (0)     10  : 0.9487 0.0513
261      261   (0)     10  : 0.9958 0.0042
262      262   (0)     10  : 0.8868 0.1132
263      263   (0)     10  : 0.6418 0.3582
264      264   (0)     11  : 0.0000 1.0000
265      265   (0)     11  : 0.6493 0.3507
266      266   (0)     11  : 0.0000 1.0000
267      267   (0)     11  : 0.4522 0.5478
268      268   (0)     11  : 0.3204 0.6796
269      269   (0)     11  : 0.0000 1.0000
270      270   (0)     11  : 0.2150 0.7850
271      271   (0)     11  : 0.4779 0.5221
272      272   (0)     11  : 0.3878 0.6122
273      273   (0)     12  : 0.9232 0.0768
274      274   (0)     12  : 0.9233 0.0767
275      275   (0)     12  : 1.0000 0.0000
276      276   (0)     12  : 1.0000 0.0000
277      277   (0)     12  : 0.9997 0.0003
278      278   (0)     12  : 0.9555 0.0445
279      279   (0)     12  : 0.9675 0.0325
280      280   (0)     12  : 0.9155 0.0845
281      281   (0)     12  : 0.9510 0.0490
282      282   (0)     12  : 0.1735 0.8265
283      283   (0)     12  : 0.9506 0.0494
284      284   (0)     12  : 0.6788 0.3212
285      285   (0)     12  : 1.0000 0.0000
286      286   (0)     12  : 0.8000 0.2000
287      287   (0)     12  : 0.9985 0.0015
288      288   (0)     12  : 1.0000 0.0000
289      289   (0)     12  : 0.9847 0.0153
290      290   (0)     12  : 0.6623 0.3377
291      291   (0)     12  : 0.7803 0.2197
292      292   (0)     12  : 1.0000 0.0000
293      293   (0)     12  : 1.0000 0.0000
294      294   (0)     12  : 1.0000 0.0000
295      295   (0)     12  : 1.0000 0.0000
296      296   (0)     12  : 0.7301 0.2699
297      297   (0)     12  : 0.9722 0.0278
298      298   (0)     12  : 0.9736 0.0264
299      299   (0)     12  : 0.7884 0.2116
300      300   (0)     12  : 1.0000 0.0000
