  1        1   (0)      1 :  0.4797 0.0087 0.0000 0.0173 0.0000 0.0000 0.0044 0.4468 0.0202 0.0228 0.0000 
  2        2   (0)      1 :  0.0289 0.1073 0.0000 0.0014 0.0051 0.0577 0.0048 0.3264 0.2927 0.0789 0.0968 
  3        3   (0)      1 :  0.0016 0.0000 0.6736 0.0994 0.0024 0.0000 0.2173 0.0025 0.0000 0.0000 0.0031 
  4        4   (0)      1 :  0.0532 0.0000 0.0000 0.0000 0.0000 0.2491 0.0000 0.4263 0.0381 0.2334 0.0000 
  5        5   (0)      1 :  0.0000 0.0212 0.0000 0.0009 0.0000 0.0000 0.0569 0.6160 0.0213 0.0593 0.2244 
  6        6   (0)      1 :  0.3412 0.0683 0.3513 0.0000 0.0000 0.0000 0.0444 0.0565 0.1140 0.0242 0.0000 
  7        7   (0)      2 :  0.0000 0.0000 0.0000 0.0000 0.0000 0.1233 0.0000 0.5385 0.0000 0.3382 0.0000 
  8        8   (0)      1 :  0.0074 0.0990 0.0000 0.0062 0.0000 0.0000 0.0000 0.6129 0.1319 0.1425 0.0000 
  9        9   (0)      3 :  0.1893 0.1215 0.0000 0.0000 0.5065 0.1631 0.0131 0.0000 0.0000 0.0000 0.0065 
 10       10   (0)      4 :  0.0000 0.0000 0.0016 0.0005 0.1755 0.0911 0.7048 0.0138 0.0000 0.0000 0.0126 
 11       11   (0)      4 :  0.0542 0.1404 0.0000 0.0000 0.3916 0.0621 0.0000 0.0783 0.2197 0.0389 0.0147 
 12       12   (0)      4 :  0.1960 0.0847 0.0639 0.0010 0.0764 0.1770 0.0211 0.0774 0.0055 0.0040 0.2931 
 13       13   (0)      4 :  0.0000 0.0000 0.0034 0.0000 0.0246 0.0008 0.9500 0.0212 0.0000 0.0000 0.0000 
 14       14   (0)      4 :  0.0000 0.1342 0.0034 0.0000 0.4997 0.0000 0.0489 0.1792 0.1242 0.0091 0.0013 
 15       15   (0)      4 :  0.2451 0.0161 0.7361 0.0000 0.0000 0.0000 0.0000 0.0000 0.0000 0.0027 0.0000 
 16       16   (0)      5 :  0.2150 0.1343 0.0014 0.0000 0.2095 0.0716 0.0000 0.0477 0.1478 0.1512 0.0215 
 17       17   (0)      4 :  0.2211 0.1292 0.0421 0.0000 0.3812 0.0706 0.0137 0.0000 0.0000 0.1421 0.0000 
 18       18   (0)      5 :  0.0161 0.2515 0.0000 0.0000 0.3426 0.0050 0.0160 0.1928 0.1181 0.0580 0.0000 
 19       19   (0)      5 :  0.0000 0.0208 0.0000 0.0000 0.6461 0.0923 0.0000 0.0051 0.2163 0.0000 0.0194 
 20       20   (0)      5 :  0.0326 0.0079 0.0000 0.0000 0.6145 0.2283 0.0000 0.0000 0.0000 0.1098 0.0069 
 21       21   (0)      5 :  0.0000 0.0835 0.0000 0.0000 0.8020 0.0071 0.0000 0.0000 0.1001 0.0074 0.0000 
 22       22   (0)      5 :  0.5318 0.0112 0.0000 0.0017 0.2443 0.0039 0.0054 0.0005 0.0000 0.0139 0.1872 
 23       23   (0)      5 :  0.2013 0.0390 0.0000 0.0000 0.6315 0.1189 0.0024 0.0000 0.0000 0.0000 0.0069 
 24       24   (0)      5 :  0.1178 0.0711 0.0000 0.0012 0.1634 0.0778 0.0088 0.0032 0.0422 0.2027 0.3118 
 25       25   (0)      5 :  0.2387 0.0000 0.0000 0.0301 0.6181 0.0985 0.0081 0.0000 0.0000 0.0000 0.0064 
 26       26   (0)      5 :  0.0000 0.0480 0.0000 0.0000 0.6407 0.1185 0.0000 0.0049 0.0024 0.1649 0.0206 
 27       27   (0)      5 :  0.3602 0.0941 0.0000 0.0000 0.4046 0.0011 0.0099 0.0000 0.0000 0.0000 0.1303 
 28       28   (0)      5 :  0.0000 0.0917 0.0000 0.0000 0.7445 0.0000 0.1150 0.0000 0.0030 0.0000 0.0458 
 29       29   (0)      5 :  0.0000 0.2249 0.0000 0.0000 0.2428 0.0000 0.0000 0.0000 0.4480 0.0764 0.0078 
 30       30   (0)      5 :  0.0924 0.1464 0.0000 0.0000 0.3446 0.1003 0.0001 0.0030 0.0915 0.2029 0.0190 
 31       31   (0)      5 :  0.1462 0.0136 0.0000 0.0022 0.2610 0.0392 0.0096 0.0000 0.0000 0.0020 0.5262 
 32       32   (0)      5 :  0.4306 0.1338 0.0000 0.0000 0.1652 0.0098 0.0000 0.0000 0.2255 0.0232 0.0120 
 33       33   (0)      5 :  0.3610 0.1830 0.0000 0.0000 0.2584 0.0180 0.0097 0.0000 0.1431 0.0268 0.0000 
 34       34   (0)      5 :  0.0460 0.1296 0.0000 0.0000 0.3199 0.0665 0.0000 0.0017 0.3964 0.0399 0.0000 
 35       35   (0)      5 :  0.0000 0.1076 0.0000 0.0000 0.8405 0.0225 0.0001 0.0000 0.0260 0.0033 0.0000 
 36       36   (0)      5 :  0.0798 0.3391 0.0000 0.0086 0.3931 0.0109 0.0255 0.0000 0.0855 0.0006 0.0568 
 37       37   (0)      5 :  0.0521 0.1361 0.0000 0.0000 0.6541 0.0191 0.0605 0.0130 0.0000 0.0614 0.0037 
 38       38   (0)      5 :  0.0292 0.3068 0.0000 0.0000 0.3368 0.0000 0.2496 0.0000 0.0363 0.0387 0.0026 
 39       39   (0)      5 :  0.0155 0.1550 0.0000 0.0000 0.2822 0.0000 0.0136 0.0000 0.2717 0.0080 0.2540 
 40       40   (0)      5 :  0.3221 0.1239 0.0000 0.0000 0.3605 0.0000 0.0157 0.0000 0.0000 0.0181 0.1598 
 41       41   (0)      5 :  0.0000 0.0849 0.0000 0.0000 0.4565 0.0569 0.0000 0.0000 0.3947 0.0057 0.0013 
 42       42   (0)      5 :  0.0000 0.0000 0.9376 0.0000 0.0000 0.0271 0.0000 0.0012 0.0000 0.0341 0.0000 
 43       43   (0)      5 :  0.2488 0.0547 0.0000 0.0004 0.2467 0.0572 0.0098 0.0050 0.0000 0.1615 0.2158 
 44       44   (0)      4 :  0.0000 0.0000 0.0017 0.0000 0.5512 0.0012 0.4427 0.0032 0.0000 0.0000 0.0000 
 45       45   (0)      4 :  0.0670 0.1355 0.0055 0.0002 0.0063 0.0957 0.0101 0.0000 0.0655 0.3459 0.2682 
 46       46   (0)      4 :  0.4824 0.0807 0.0283 0.0000 0.2494 0.0406 0.0000 0.0000 0.0000 0.1185 0.0000 
 47       47   (0)      4 :  0.0000 0.1337 0.0000 0.0000 0.2844 0.0092 0.1340 0.0060 0.3960 0.0364 0.0002 
 48       48   (0)      5 :  0.3257 0.0925 0.0079 0.0008 0.0065 0.0119 0.0594 0.0037 0.1522 0.0818 0.2576 
 49       49   (0)      4 :  0.1203 0.0000 0.0000 0.0000 0.3873 0.4767 0.0000 0.0000 0.0000 0.0000 0.0157 
 50       50   (0)      4 :  0.0771 0.0095 0.8645 0.0000 0.0000 0.0365 0.0000 0.0000 0.0000 0.0124 0.0000 
 51       51   (0)      4 :  0.0360 0.1058 0.0011 0.0420 0.3211 0.0209 0.0000 0.1392 0.1503 0.0470 0.1365 
 52       52   (0)      4 :  0.0027 0.0046 0.7902 0.0749 0.0017 0.1152 0.0000 0.0000 0.0000 0.0049 0.0058 
 53       53   (0)      4 :  0.0000 0.0753 0.0000 0.0000 0.5079 0.0353 0.1312 0.0779 0.1369 0.0228 0.0128 
 54       54   (0)      4 :  0.0000 0.0134 0.9663 0.0000 0.0174 0.0000 0.0000 0.0000 0.0003 0.0027 0.0000 
 55       55   (0)      4 :  0.0089 0.0986 0.7598 0.0000 0.0619 0.0000 0.0076 0.0000 0.0632 0.0000 0.0000 
 56       56   (0)      4 :  0.0032 0.1923 0.0000 0.0000 0.5657 0.0049 0.2034 0.0097 0.0000 0.0208 0.0000 
 57       57   (0)      5 :  0.1599 0.1239 0.0000 0.0021 0.0058 0.0011 0.0139 0.0045 0.2311 0.0600 0.3975 
 58       58   (0)      4 :  0.2472 0.0644 0.4765 0.1020 0.0029 0.0000 0.0000 0.0003 0.0875 0.0192 0.0000 
 59       59   (0)      4 :  0.0045 0.0396 0.8420 0.0000 0.0216 0.0440 0.0483 0.0000 0.0000 0.0000 0.0000 
 60       60   (0)      4 :  0.1761 0.2587 0.0242 0.0000 0.1478 0.0096 0.0085 0.0284 0.2331 0.1137 0.0000 
 61       61   (0)      5 :  0.0921 0.2228 0.0000 0.0000 0.1986 0.1312 0.0185 0.0194 0.0000 0.3157 0.0018 
 62       62   (0)      6 :  0.0799 0.0574 0.6313 0.0000 0.0090 0.0000 0.1621 0.0391 0.0000 0.0193 0.0019 
 63       63   (0)      6 :  0.0777 0.0187 0.7023 0.1549 0.0002 0.0001 0.0000 0.0039 0.0000 0.0420 0.0000 
 64       64   (0)      6 :  0.0000 0.0672 0.0000 0.0000 0.0027 0.0000 0.0649 0.8052 0.0000 0.0599 0.0000 
 65       65   (0)      6 :  0.2601 0.0538 0.0000 0.0000 0.3088 0.0342 0.0000 0.1488 0.1598 0.0145 0.0201 
 66       66   (0)      6 :  0.0000 0.0000 0.0000 0.0000 0.0228 0.0000 0.9500 0.0272 0.0000 0.0000 0.0000 
 67       67   (0)      6 :  0.2981 0.0000 0.0000 0.0000 0.0000 0.0658 0.0000 0.6361 0.0000 0.0000 0.0000 
 68       68   (0)      6 :  0.4034 0.1241 0.0000 0.0000 0.0504 0.0000 0.0000 0.3551 0.0122 0.0548 0.0000 
 69       69   (0)      6 :  0.4513 0.0993 0.0054 0.0000 0.0992 0.0119 0.0000 0.1467 0.1362 0.0501 0.0000 
 70       70   (0)      6 :  0.7028 0.0506 0.0000 0.0000 0.0871 0.0292 0.0123 0.1085 0.0000 0.0095 0.0000 
 71       71   (0)      6 :  0.3955 0.0288 0.0000 0.0000 0.1867 0.0000 0.0000 0.2886 0.0823 0.0180 0.0000 
 72       72   (0)      7 :  0.0120 0.2519 0.0000 0.0000 0.2889 0.0000 0.0124 0.0720 0.2577 0.0636 0.0415 
 73       73   (0)      7 :  0.0250 0.1661 0.0136 0.0000 0.0946 0.0865 0.0000 0.0176 0.1962 0.4004 0.0000 
 74       74   (0)      7 :  0.0511 0.1620 0.0051 0.0002 0.0155 0.0660 0.0087 0.0885 0.0427 0.2897 0.2705 
 75       75   (0)      7 :  0.0000 0.2041 0.0429 0.0118 0.2345 0.0027 0.0000 0.1368 0.1028 0.2047 0.0598 
 76       76   (0)      7 :  0.0000 0.0509 0.0000 0.0000 0.5902 0.0142 0.0000 0.0668 0.0040 0.0352 0.2386 
 77       77   (0)      7 :  0.0625 0.0954 0.0000 0.0026 0.0432 0.0000 0.0388 0.2094 0.0140 0.0504 0.4836 
 78       78   (0)      7 :  0.0000 0.0525 0.0055 0.0000 0.3322 0.1064 0.0000 0.0416 0.0060 0.4212 0.0345 
 79       79   (0)      7 :  0.0000 0.1233 0.0000 0.0000 0.1676 0.0320 0.0000 0.0110 0.5005 0.1657 0.0000 
 80       80   (0)      7 :  0.0479 0.1322 0.0000 0.0000 0.4866 0.0150 0.0000 0.2015 0.0417 0.0666 0.0084 
 81       81   (0)      7 :  0.0000 0.0382 0.0000 0.0000 0.7029 0.0000 0.0527 0.1267 0.0000 0.0259 0.0536 
 82       82   (0)      7 :  0.0796 0.1454 0.0501 0.0116 0.0033 0.0278 0.0065 0.0368 0.2808 0.1826 0.1756 
 83       83   (0)      7 :  0.0000 0.0034 0.7669 0.0715 0.0000 0.0023 0.0003 0.0722 0.0000 0.0830 0.0003 
 84       84   (0)      7 :  0.0000 0.2388 0.0019 0.0000 0.3849 0.0000 0.0000 0.0991 0.2351 0.0402 0.0000 
 85       85   (0)      7 :  0.0000 0.0341 0.0000 0.0000 0.7032 0.0000 0.0001 0.1941 0.0020 0.0078 0.0587 
 86       86   (0)      7 :  0.1504 0.0376 0.7383 0.0000 0.0000 0.0000 0.0000 0.0000 0.0636 0.0101 0.0000 
 87       87   (0)      7 :  0.5115 0.1133 0.0000 0.0000 0.2462 0.0000 0.0000 0.0692 0.0058 0.0508 0.0032 
 88       88   (0)      7 :  0.1387 0.0178 0.7794 0.0000 0.0037 0.0000 0.0572 0.0000 0.0000 0.0032 0.0000 
 89       89   (0)      7 :  0.0237 0.2062 0.0000 0.0002 0.2710 0.0000 0.0344 0.0000 0.2384 0.0311 0.1951 
 90       90   (0)      7 :  0.3042 0.1391 0.0000 0.0000 0.2285 0.0562 0.0000 0.0322 0.2086 0.0313 0.0000 
 91       91   (0)      7 :  0.0000 0.1131 0.0000 0.0000 0.4755 0.0406 0.0000 0.0695 0.2745 0.0248 0.0020 
 92       92   (0)      7 :  0.0000 0.1507 0.0000 0.0027 0.0501 0.0000 0.0146 0.1184 0.1100 0.0157 0.5379 
 93       93   (0)      7 :  0.1597 0.3602 0.0286 0.0000 0.1204 0.0000 0.0267 0.0848 0.1405 0.0295 0.0495 
 94       94   (0)      7 :  0.0000 0.1476 0.0000 0.0000 0.4098 0.0000 0.0224 0.2119 0.0000 0.0085 0.1998 
 95       95   (0)      7 :  0.1822 0.0361 0.0000 0.0027 0.1947 0.0000 0.0115 0.1199 0.0226 0.0196 0.4109 
 96       96   (0)      7 :  0.0000 0.0089 0.0000 0.0000 0.5435 0.0452 0.0501 0.0184 0.0000 0.1293 0.2047 
 97       97   (0)      7 :  0.0000 0.0000 0.0000 0.0000 0.3136 0.0064 0.0150 0.0595 0.0000 0.0000 0.6055 
 98       98   (0)      7 :  0.0004 0.0000 0.0000 0.0000 0.5908 0.0041 0.1510 0.0519 0.0000 0.0000 0.2018 
 99       99   (0)      7 :  0.0000 0.0327 0.7058 0.0201 0.0126 0.0000 0.0024 0.2016 0.0143 0.0048 0.0058 
100      100   (0)      6 :  0.0000 0.0424 0.0000 0.0000 0.1322 0.0352 0.0039 0.3918 0.2665 0.1281 0.0000 
101      101   (0)      6 :  0.0025 0.1612 0.0093 0.0000 0.0887 0.1633 0.0216 0.3680 0.0061 0.1727 0.0065 
102      102   (0)      6 :  0.6036 0.1034 0.0016 0.0000 0.0036 0.0000 0.0886 0.1736 0.0018 0.0239 0.0000 
103      103   (0)      6 :  0.0239 0.0650 0.0000 0.0000 0.0078 0.0000 0.0000 0.4624 0.4232 0.0177 0.0000 
104      104   (0)      6 :  0.6260 0.0133 0.0000 0.0000 0.0010 0.0000 0.0059 0.3524 0.0000 0.0014 0.0000 
105      105   (0)      6 :  0.0235 0.1263 0.0000 0.0000 0.0349 0.0486 0.0549 0.4841 0.1616 0.0059 0.0603 
106      106   (0)      6 :  0.2120 0.0723 0.0177 0.0000 0.0016 0.0518 0.0028 0.3601 0.2096 0.0721 0.0000 
107      107   (0)      6 :  0.3227 0.0100 0.0000 0.0199 0.0000 0.0072 0.0000 0.5143 0.0465 0.0160 0.0633 
108      108   (0)      6 :  0.0000 0.0080 0.8795 0.0000 0.0000 0.0000 0.0000 0.1006 0.0000 0.0118 0.0000 
109      109   (0)      7 :  0.2977 0.1135 0.0049 0.0000 0.2947 0.0300 0.0000 0.1638 0.0223 0.0733 0.0000 
110      110   (0)      7 :  0.0000 0.0000 0.0041 0.0000 0.0205 0.0000 0.9500 0.0254 0.0000 0.0000 0.0000 
111      111   (0)      8 :  0.0109 0.0112 0.0007 0.0000 0.0025 0.0558 0.2398 0.4937 0.0036 0.1816 0.0000 
112      112   (0)      6 :  0.0000 0.0000 0.0000 0.0000 0.0000 0.0000 0.0000 0.9862 0.0000 0.0138 0.0000 
113      113   (0)      6 :  0.0000 0.0000 0.8880 0.0000 0.0000 0.0000 0.0445 0.0676 0.0000 0.0000 0.0000 
114      114   (0)      6 :  0.0000 0.0105 0.0000 0.0000 0.3283 0.0042 0.0014 0.6341 0.0000 0.0214 0.0000 
115      115   (0)      6 :  0.0000 0.0000 0.4070 0.1718 0.0034 0.0000 0.1247 0.2711 0.0000 0.0000 0.0221 
116      116   (0)      6 :  0.0333 0.0357 0.0000 0.0179 0.1265 0.0724 0.0750 0.4622 0.0000 0.1760 0.0009 
117      117   (0)      6 :  0.1794 0.0110 0.0000 0.0000 0.0000 0.2360 0.0000 0.5363 0.0000 0.0320 0.0053 
118      118   (0)      6 :  0.2152 0.0136 0.0000 0.0000 0.0000 0.0000 0.0000 0.5725 0.1188 0.0800 0.0000 
119      119   (0)      6 :  0.0000 0.0000 0.0000 0.0000 0.0843 0.0242 0.0000 0.7797 0.0000 0.1075 0.0043 
120      120   (0)      6 :  0.0000 0.0256 0.0000 0.0000 0.0000 0.0857 0.0000 0.5935 0.0000 0.2951 0.0000 
121      121   (0)      6 :  0.0000 0.0000 0.7549 0.0422 0.0000 0.0000 0.0000 0.2029 0.0000 0.0000 0.0000 
122      122   (0)      9 :  0.3135 0.1735 0.0000 0.0081 0.0023 0.0000 0.0276 0.0859 0.0000 0.0041 0.3850 
123      123   (0)      9 :  0.3827 0.3216 0.0297 0.0000 0.0798 0.0000 0.0250 0.0026 0.0893 0.0292 0.0402 
124      124   (0)      9 :  0.6215 0.0226 0.0000 0.0022 0.0000 0.0001 0.0088 0.0000 0.0000 0.0270 0.3178 
125      125   (0)      9 :  0.0149 0.2912 0.0030 0.0000 0.2737 0.0000 0.0217 0.0000 0.3850 0.0105 0.0000 
126      126   (0)      9 :  0.0000 0.2810 0.0000 0.0000 0.3727 0.0000 0.0791 0.0000 0.2245 0.0279 0.0148 
127      127   (0)      9 :  0.2740 0.0564 0.0000 0.0000 0.3781 0.1429 0.0855 0.0000 0.0000 0.0000 0.0633 
128      128   (0)      9 :  0.5194 0.1900 0.0000 0.0001 0.0232 0.0117 0.0222 0.0000 0.0429 0.0054 0.1850 
129      129   (0)      9 :  0.3330 0.3565 0.0018 0.0009 0.0822 0.1412 0.0396 0.0000 0.0000 0.0206 0.0242 
130      130   (0)      9 :  0.0159 0.2565 0.0000 0.0000 0.0172 0.1280 0.0600 0.0000 0.0980 0.1130 0.3111 
131      131   (0)      9 :  0.2144 0.3106 0.0000 0.0000 0.1362 0.0943 0.0284 0.0000 0.0554 0.1361 0.0246 
132      132   (0)      9 :  0.3370 0.2143 0.0000 0.0004 0.0130 0.0218 0.0188 0.0000 0.1822 0.0397 0.1729 
133      133   (0)      9 :  0.0330 0.3387 0.0000 0.0000 0.1930 0.1072 0.0326 0.0000 0.0082 0.2873 0.0000 
134      134   (0)      9 :  0.0000 0.0003 0.0000 0.0012 0.0266 0.0000 0.9548 0.0166 0.0000 0.0000 0.0003 
135      135   (0)      9 :  0.7816 0.1232 0.0000 0.0000 0.0159 0.0594 0.0101 0.0000 0.0097 0.0001 0.0000 
136      136   (0)      9 :  0.0260 0.1379 0.0000 0.0008 0.1405 0.0124 0.0527 0.0409 0.2689 0.0357 0.2842 
137      137   (0)      9 :  0.0110 0.3388 0.0000 0.0000 0.1123 0.0581 0.0288 0.0031 0.2423 0.2019 0.0037 
138      138   (0)      9 :  0.0047 0.2280 0.0066 0.0000 0.1869 0.0091 0.0152 0.0000 0.5365 0.0066 0.0064 
139      139   (0)      9 :  0.0000 0.2721 0.0000 0.0000 0.1372 0.0000 0.0284 0.0591 0.4746 0.0282 0.0004 
140      140   (0)      9 :  0.2656 0.3098 0.0000 0.0000 0.1114 0.0424 0.0359 0.0000 0.2320 0.0029 0.0000 
141      141   (0)      9 :  0.1714 0.1419 0.0000 0.0000 0.4537 0.1359 0.0168 0.0161 0.0000 0.0281 0.0361 
142      142   (0)      9 :  0.0746 0.1576 0.0003 0.0006 0.1603 0.0059 0.0114 0.1217 0.3508 0.0886 0.0283 
143      143   (0)      9 :  0.0000 0.0000 0.0051 0.0000 0.0192 0.0007 0.9568 0.0182 0.0000 0.0000 0.0000 
144      144   (0)      9 :  0.0072 0.1470 0.0001 0.0101 0.1323 0.1895 0.0529 0.0000 0.2007 0.2214 0.0390 
145      145   (0)      3 :  0.4115 0.0971 0.0000 0.0004 0.1893 0.0194 0.0247 0.0000 0.0000 0.0352 0.2224 
146      146   (0)      3 :  0.2437 0.0696 0.5094 0.0790 0.0186 0.0000 0.0038 0.0000 0.0567 0.0192 0.0000 
147      147   (0)      3 :  0.7570 0.0225 0.0000 0.0000 0.0388 0.1381 0.0000 0.0000 0.0364 0.0019 0.0053 
148      148   (0)      3 :  0.0291 0.2902 0.0531 0.0226 0.1905 0.0000 0.0280 0.0000 0.3630 0.0165 0.0070 
149      149   (0)      3 :  0.1999 0.1128 0.0000 0.0000 0.2121 0.0651 0.0084 0.0000 0.3695 0.0130 0.0192 
150      150   (0)      3 :  0.2725 0.3009 0.0693 0.0000 0.1154 0.1976 0.0390 0.0000 0.0003 0.0051 0.0000 
151      151   (0)      3 :  0.0091 0.3208 0.0000 0.0000 0.2960 0.0000 0.0455 0.0000 0.2805 0.0481 0.0000 
152      152   (0)      3 :  0.0816 0.3728 0.0000 0.0000 0.2180 0.0000 0.0857 0.0000 0.2360 0.0060 0.0000 
153      153   (0)      3 :  0.0928 0.1356 0.0000 0.0190 0.4129 0.1196 0.0108 0.0000 0.1396 0.0094 0.0602 
154      154   (0)      3 :  0.0436 0.2284 0.0000 0.0133 0.3728 0.0006 0.1890 0.0010 0.0956 0.0556 0.0000 
155      155   (0)      3 :  0.0000 0.1089 0.0300 0.0453 0.4999 0.0000 0.1690 0.0000 0.0718 0.0410 0.0341 
156      156   (0)      3 :  0.1125 0.2528 0.0000 0.0561 0.1425 0.0000 0.0204 0.0000 0.1763 0.0267 0.2126 
157      157   (0)      3 :  0.1226 0.2867 0.0000 0.0016 0.0505 0.0000 0.0354 0.0098 0.2471 0.0402 0.2061 
158      158   (0)      3 :  0.0020 0.2712 0.0000 0.0051 0.2710 0.0000 0.0172 0.0487 0.3170 0.0171 0.0508 
159      159   (0)      3 :  0.0000 0.0784 0.5261 0.1848 0.0039 0.0000 0.0000 0.0000 0.2011 0.0057 0.0000 
160      160   (0)      3 :  0.0271 0.2995 0.0000 0.0000 0.0868 0.2114 0.0456 0.0000 0.2645 0.0651 0.0000 
161      161   (0)      3 :  0.5531 0.2113 0.0000 0.0000 0.0721 0.0357 0.1010 0.0000 0.0000 0.0267 0.0000 
162      162   (0)      3 :  0.0029 0.1599 0.0000 0.0000 0.3719 0.0040 0.0079 0.0000 0.4085 0.0445 0.0004 
163      163   (0)      3 :  0.1519 0.0589 0.0000 0.0000 0.4710 0.0972 0.0012 0.0000 0.2158 0.0000 0.0040 
164      164   (0)      3 :  0.0000 0.3696 0.0000 0.0004 0.2202 0.0000 0.0286 0.0000 0.3030 0.0011 0.0771 
165      165   (0)      3 :  0.4971 0.2739 0.0000 0.0000 0.0818 0.0520 0.0813 0.0023 0.0000 0.0115 0.0000 
166      166   (0)      3 :  0.0322 0.1127 0.0000 0.0000 0.4802 0.1211 0.0095 0.0000 0.2261 0.0006 0.0176 
167      167   (0)      3 :  0.1837 0.1614 0.0000 0.0000 0.1642 0.0404 0.0081 0.0000 0.4253 0.0169 0.0000 
168      168   (0)      3 :  0.0132 0.2966 0.0000 0.0007 0.0907 0.0000 0.0515 0.0000 0.2526 0.0178 0.2769 
169      169   (0)      3 :  0.0000 0.0534 0.0000 0.0000 0.4941 0.0387 0.0089 0.0072 0.3657 0.0263 0.0056 
170      170   (0)      3 :  0.0010 0.2366 0.0009 0.0000 0.1881 0.0000 0.0155 0.0000 0.5128 0.0146 0.0305 
171      171   (0)      3 :  0.0000 0.1409 0.0000 0.0000 0.3816 0.0939 0.0091 0.0000 0.1812 0.1595 0.0339 
172      172   (0)      3 :  0.0000 0.2494 0.0000 0.0000 0.2887 0.0081 0.0556 0.0049 0.3780 0.0107 0.0046 
173      173   (0)      3 :  0.2766 0.1035 0.0000 0.0077 0.3140 0.0654 0.0126 0.0175 0.1117 0.0533 0.0377 
174      174   (0)      9 :  0.1816 0.1304 0.0000 0.0000 0.3617 0.2081 0.0116 0.0000 0.0023 0.0985 0.0058 
175      175   (0)      9 :  0.0000 0.0000 0.0000 0.0007 0.0220 0.0000 0.6568 0.0446 0.0000 0.0000 0.2760 
176      176   (0)      9 :  0.2694 0.2038 0.0000 0.0002 0.0637 0.0003 0.0163 0.0008 0.3466 0.0139 0.0850 
177      177   (0)      9 :  0.0000 0.0791 0.0000 0.0000 0.1639 0.2193 0.0851 0.1631 0.1852 0.0967 0.0077 
178      178   (0)      9 :  0.3389 0.2338 0.0000 0.0019 0.1420 0.0450 0.0198 0.0006 0.0445 0.1734 0.0000 
179      179   (0)      9 :  0.3083 0.1709 0.0000 0.0135 0.2952 0.0325 0.0252 0.0722 0.0339 0.0433 0.0049 
180      180   (0)      9 :  0.1815 0.2495 0.0008 0.0001 0.1504 0.0670 0.1095 0.0033 0.0089 0.2262 0.0029 
181      181   (0)      1 :  0.0124 0.1026 0.0000 0.0000 0.0226 0.0017 0.0053 0.2512 0.5613 0.0430 0.0000 
182      182   (0)      1 :  0.2304 0.0381 0.0045 0.0000 0.0000 0.1572 0.0010 0.1835 0.1292 0.2562 0.0000 
183      183   (0)      1 :  0.0000 0.0904 0.0000 0.0000 0.0039 0.0192 0.0018 0.2255 0.5821 0.0767 0.0004 
184      184   (0)      1 :  0.3446 0.0339 0.0229 0.0004 0.0000 0.0469 0.0000 0.3743 0.1366 0.0404 0.0000 
185      185   (0)      1 :  0.0242 0.0121 0.0000 0.0000 0.0000 0.0424 0.0000 0.1854 0.7055 0.0269 0.0036 
186      186   (0)      1 :  0.1759 0.2056 0.0000 0.0088 0.0431 0.0463 0.0213 0.2057 0.2033 0.0140 0.0761 
187      187   (0)      1 :  0.0600 0.0234 0.0000 0.0000 0.0000 0.0000 0.0000 0.3062 0.5692 0.0412 0.0000 
188      188   (0)      1 :  0.0722 0.0928 0.0000 0.0000 0.0000 0.0083 0.0000 0.0511 0.7619 0.0137 0.0000 
189      189   (0)      2 :  0.3538 0.0000 0.0000 0.0000 0.0000 0.3750 0.0000 0.0452 0.1958 0.0083 0.0218 
190      190   (0)      2 :  0.0000 0.2390 0.0003 0.0000 0.1286 0.0000 0.0124 0.0637 0.5158 0.0390 0.0013 
191      191   (0)      2 :  0.0726 0.2181 0.0000 0.0000 0.0833 0.0048 0.0162 0.0798 0.4877 0.0375 0.0000 
192      192   (0)      2 :  0.3921 0.0549 0.0000 0.0000 0.2743 0.1484 0.0040 0.0000 0.0000 0.1262 0.0000 
193      193   (0)      2 :  0.1998 0.1541 0.0000 0.0000 0.0012 0.0000 0.0366 0.0020 0.5760 0.0304 0.0000 
194      194   (0)      2 :  0.7230 0.1442 0.0000 0.0000 0.0549 0.0607 0.0147 0.0014 0.0000 0.0011 0.0000 
195      195   (0)      2 :  0.0318 0.0302 0.0000 0.0000 0.0000 0.2617 0.0000 0.3706 0.2753 0.0291 0.0012 
196      196   (0)      2 :  0.0157 0.0279 0.0000 0.0000 0.2879 0.5687 0.0000 0.0506 0.0289 0.0020 0.0184 
197      197   (0)      1 :  0.4161 0.0704 0.0000 0.0000 0.0728 0.0584 0.0042 0.0551 0.2794 0.0437 0.0000 
198      198   (0)      1 :  0.0000 0.0448 0.0000 0.0000 0.0000 0.0793 0.0000 0.3640 0.1551 0.3568 0.0000 
199      199   (0)      1 :  0.3181 0.1187 0.0000 0.0000 0.0353 0.1127 0.0258 0.3428 0.0000 0.0465 0.0000 
200      200   (0)      1 :  0.0475 0.0158 0.0000 0.0000 0.0000 0.1974 0.0030 0.6316 0.0503 0.0545 0.0000 
201      201   (0)      1 :  0.2064 0.0000 0.0043 0.0000 0.0000 0.2794 0.0002 0.4927 0.0000 0.0170 0.0000 
202      202   (0)      1 :  0.0000 0.0010 0.0000 0.0000 0.0000 0.0474 0.0000 0.8938 0.0010 0.0568 0.0000 
203      203   (0)      2 :  0.0426 0.1032 0.4792 0.0000 0.0094 0.2372 0.0720 0.0000 0.0000 0.0564 0.0000 
204      204   (0)      2 :  0.1720 0.0130 0.0000 0.0000 0.0000 0.3737 0.0000 0.2062 0.0000 0.2315 0.0035 
205      205   (0)      2 :  0.0152 0.0892 0.8376 0.0099 0.0292 0.0000 0.0141 0.0000 0.0000 0.0000 0.0047 
206      206   (0)      2 :  0.0208 0.1482 0.0000 0.0000 0.0811 0.0060 0.0394 0.0909 0.5423 0.0713 0.0000 
207      207   (0)      2 :  0.5961 0.0014 0.0299 0.0000 0.0000 0.2258 0.0000 0.0000 0.0009 0.1460 0.0000 
208      208   (0)      2 :  0.0000 0.1392 0.0580 0.0000 0.0054 0.0318 0.0004 0.0000 0.7185 0.0439 0.0028 
209      209   (0)      2 :  0.0925 0.0000 0.0000 0.0000 0.0807 0.6281 0.0000 0.0000 0.0000 0.1823 0.0165 
210      210   (0)      1 :  0.2894 0.0000 0.0000 0.0000 0.0000 0.3718 0.0000 0.0841 0.0000 0.2547 0.0000 
211      211   (0)      1 :  0.0000 0.1941 0.0000 0.0000 0.0660 0.0988 0.0482 0.4185 0.0659 0.0945 0.0139 
212      212   (0)      1 :  0.0175 0.0913 0.0000 0.0000 0.0166 0.1743 0.0079 0.2440 0.0000 0.4486 0.0000 
213      213   (0)      1 :  0.0000 0.0712 0.0000 0.0000 0.0000 0.0091 0.0000 0.5139 0.3233 0.0825 0.0000 
214      214   (0)      1 :  0.6237 0.0000 0.0000 0.0000 0.0000 0.1795 0.0000 0.1711 0.0000 0.0256 0.0000 
215      215   (0)      1 :  0.0000 0.0001 0.0000 0.0000 0.0000 0.0676 0.0000 0.5512 0.1758 0.2053 0.0000 
216      216   (0)      1 :  0.0002 0.0174 0.0000 0.0003 0.0006 0.0236 0.0000 0.5773 0.2901 0.0887 0.0017 
217      217   (0)      1 :  0.4079 0.0337 0.0000 0.0000 0.0110 0.0567 0.0270 0.4277 0.0009 0.0327 0.0024 
218      218   (0)      2 :  0.3957 0.0235 0.0000 0.0000 0.0000 0.0554 0.0000 0.1759 0.3332 0.0164 0.0000 
219      219   (0)      2 :  0.2019 0.2184 0.0000 0.0000 0.0789 0.2923 0.0206 0.0324 0.0000 0.1540 0.0014 
220      220   (0)      2 :  0.0000 0.1119 0.0000 0.0019 0.0081 0.0184 0.0209 0.2376 0.4459 0.1516 0.0036 
221      221   (0)      2 :  0.1072 0.1277 0.0000 0.0000 0.0898 0.0071 0.0093 0.2337 0.3600 0.0172 0.0480 
222      222   (0)      2 :  0.0000 0.0862 0.0347 0.0000 0.0000 0.0799 0.0168 0.1235 0.3838 0.2751 0.0000 
223      223   (0)      2 :  0.7417 0.0467 0.0322 0.0000 0.0179 0.0803 0.0000 0.0016 0.0632 0.0164 0.0000 
224      224   (0)      2 :  0.1721 0.0000 0.0000 0.0000 0.0726 0.4179 0.0000 0.0678 0.2506 0.0054 0.0136 
225      225   (0)      2 :  0.0000 0.0996 0.0000 0.0000 0.0139 0.0474 0.0055 0.1516 0.5656 0.0974 0.0189 
226      226   (0)      2 :  0.0791 0.0109 0.0040 0.0000 0.0000 0.0291 0.0000 0.0971 0.7597 0.0200 0.0000 
227      227   (0)      2 :  0.0606 0.0462 0.0000 0.0000 0.0219 0.0761 0.0000 0.0050 0.7777 0.0051 0.0074 
228      228   (0)      2 :  0.0807 0.0576 0.0000 0.0000 0.0000 0.0000 0.0000 0.1216 0.6813 0.0588 0.0000 
229      229   (0)      2 :  0.2306 0.0197 0.6881 0.0120 0.0000 0.0000 0.0000 0.0012 0.0198 0.0287 0.0000 
230      230   (0)      2 :  0.1312 0.1444 0.0000 0.0000 0.0467 0.0006 0.0165 0.0534 0.3663 0.0272 0.2136 
231      231   (0)      2 :  0.3697 0.0796 0.0000 0.0000 0.0420 0.0705 0.0004 0.0218 0.3683 0.0178 0.0301 
232      232   (0)     10 :  0.4177 0.1163 0.0134 0.0000 0.0000 0.0871 0.0027 0.0000 0.2644 0.0984 0.0000 
233      233   (0)     10 :  0.5035 0.1373 0.0000 0.0000 0.0013 0.1116 0.1228 0.0000 0.0031 0.1205 0.0000 
234      234   (0)     10 :  0.0000 0.0911 0.0000 0.0000 0.0046 0.3218 0.0127 0.0000 0.0862 0.4837 0.0000 
235      235   (0)     10 :  0.0782 0.1224 0.0000 0.0022 0.0038 0.3426 0.0370 0.0230 0.0151 0.3757 0.0000 
236      236   (0)     10 :  0.1495 0.0744 0.0000 0.0000 0.0000 0.5810 0.1348 0.0000 0.0052 0.0551 0.0000 
237      237   (0)     10 :  0.0000 0.1003 0.0000 0.0000 0.0145 0.3620 0.0070 0.0079 0.1820 0.3263 0.0000 
238      238   (0)     10 :  0.3727 0.0768 0.0000 0.0000 0.0210 0.2343 0.0252 0.0000 0.2161 0.0407 0.0130 
239      239   (0)     10 :  0.0000 0.1780 0.0000 0.0000 0.0000 0.1247 0.0000 0.0000 0.3404 0.3569 0.0000 
240      240   (0)     10 :  0.0000 0.0000 0.0000 0.0000 0.0000 0.6217 0.0000 0.0000 0.0000 0.3783 0.0000 
241      241   (0)     10 :  0.0000 0.0694 0.0000 0.0000 0.0000 0.0091 0.0298 0.0049 0.7749 0.0315 0.0804 
242      242   (0)     10 :  0.1442 0.0178 0.0000 0.0000 0.1615 0.3567 0.0084 0.0000 0.0207 0.0119 0.2788 
243      243   (0)     10 :  0.0023 0.0721 0.0000 0.0000 0.0000 0.1584 0.0000 0.0033 0.7268 0.0369 0.0002 
244      244   (0)     10 :  0.5032 0.0404 0.0089 0.0000 0.0000 0.1824 0.0017 0.0000 0.0145 0.2490 0.0000 
245      245   (0)     10 :  0.0802 0.0319 0.0000 0.0000 0.0152 0.1336 0.0000 0.0049 0.7198 0.0110 0.0033 
246      246   (0)     10 :  0.4077 0.1137 0.0000 0.0014 0.0000 0.0194 0.0000 0.0016 0.3565 0.0997 0.0000 
247      247   (0)     10 :  0.5761 0.0176 0.0000 0.0042 0.0000 0.2425 0.0005 0.0000 0.0498 0.0131 0.0962 
248      248   (0)     10 :  0.0000 0.1609 0.0000 0.0000 0.0542 0.0942 0.0147 0.0000 0.5848 0.0912 0.0000 
249      249   (0)     10 :  0.0000 0.0986 0.0000 0.0000 0.0169 0.0041 0.0079 0.0000 0.8531 0.0194 0.0000 
250      250   (0)     10 :  0.0041 0.2637 0.0000 0.0000 0.0247 0.0332 0.0045 0.0861 0.3132 0.2679 0.0027 
251      251   (0)     10 :  0.0000 0.0207 0.0000 0.0000 0.0000 0.4957 0.0047 0.0119 0.0347 0.4323 0.0000 
252      252   (0)     10 :  0.2571 0.0857 0.0192 0.0004 0.0000 0.1081 0.0000 0.0000 0.5063 0.0233 0.0000 
253      253   (0)     10 :  0.0000 0.1831 0.0000 0.0000 0.0501 0.0067 0.0022 0.0001 0.6339 0.1215 0.0023 
254      254   (0)     10 :  0.0000 0.0489 0.0000 0.0000 0.0000 0.2128 0.0003 0.1068 0.4486 0.1812 0.0015 
255      255   (0)     10 :  0.0000 0.2743 0.0000 0.0000 0.0000 0.0037 0.0093 0.0710 0.3772 0.2644 0.0000 
256      256   (0)     10 :  0.0383 0.0000 0.9617 0.0000 0.0000 0.0000 0.0000 0.0000 0.0000 0.0000 0.0000 
257      257   (0)     10 :  0.3483 0.1455 0.0000 0.0000 0.0000 0.0701 0.0000 0.0006 0.3187 0.1167 0.0000 
258      258   (0)     10 :  0.0000 0.1096 0.0000 0.0000 0.0000 0.3759 0.0007 0.0087 0.0274 0.4777 0.0000 
259      259   (0)     10 :  0.0253 0.1304 0.0000 0.0000 0.0000 0.2156 0.0000 0.0000 0.5729 0.0559 0.0000 
260      260   (0)     10 :  0.1850 0.0333 0.0000 0.0010 0.0000 0.1720 0.0000 0.0000 0.4112 0.1951 0.0024 
261      261   (0)     10 :  0.0928 0.3135 0.0015 0.0007 0.0238 0.0073 0.0313 0.0282 0.2325 0.2683 0.0000 
262      262   (0)     11 :  0.0392 0.1240 0.0000 0.0178 0.0009 0.0528 0.0220 0.1499 0.1709 0.3166 0.1060 
263      263   (0)     11 :  0.0050 0.0428 0.0000 0.0000 0.0000 0.0865 0.0000 0.0678 0.6873 0.1097 0.0009 
264      264   (0)     11 :  0.0000 0.0640 0.0000 0.0000 0.0000 0.0223 0.0000 0.0000 0.8859 0.0278 0.0000 
265      265   (0)     11 :  0.0000 0.0000 0.9983 0.0000 0.0000 0.0011 0.0000 0.0000 0.0000 0.0006 0.0000 
266      266   (0)     11 :  0.6860 0.0471 0.0159 0.0000 0.0000 0.1683 0.0000 0.0010 0.0343 0.0473 0.0000 
267      267   (0)     11 :  0.0000 0.0000 0.9973 0.0000 0.0000 0.0000 0.0000 0.0000 0.0000 0.0027 0.0000 
268      268   (0)     11 :  0.6177 0.1248 0.0000 0.0000 0.0000 0.1157 0.0000 0.0000 0.0391 0.1028 0.0000 
269      269   (0)     11 :  0.0346 0.1847 0.0000 0.0000 0.0123 0.0162 0.0481 0.0041 0.5468 0.1445 0.0086 
270      270   (0)     11 :  0.0000 0.1798 0.0000 0.0000 0.0000 0.0065 0.0000 0.0000 0.6360 0.1778 0.0000 
271      271   (0)     11 :  0.0291 0.0052 0.0000 0.0000 0.0000 0.6823 0.0000 0.2199 0.0000 0.0634 0.0000 
272      272   (0)     11 :  0.0497 0.1149 0.0000 0.0000 0.0000 0.2362 0.0000 0.0217 0.0782 0.4993 0.0000 
273      273   (0)     11 :  0.0000 0.0000 0.0000 0.0075 0.0009 0.1103 0.0122 0.0000 0.0000 0.3207 0.5483 
274      274   (0)     11 :  0.0368 0.0092 0.5522 0.1473 0.0000 0.1591 0.0000 0.0015 0.0000 0.0939 0.0000 
275      275   (0)     11 :  0.0023 0.2369 0.0000 0.0000 0.0000 0.0473 0.0258 0.0741 0.2896 0.3222 0.0018 
276      276   (0)     11 :  0.0000 0.0668 0.0003 0.0878 0.0000 0.0144 0.0070 0.0000 0.1943 0.1623 0.4671 
277      277   (0)     11 :  0.0000 0.0557 0.0149 0.0054 0.0000 0.0264 0.0063 0.2959 0.4900 0.0657 0.0397 
278      278   (0)     11 :  0.2467 0.1198 0.0000 0.0392 0.0595 0.0016 0.0017 0.1889 0.1261 0.0982 0.1183 
279      279   (0)     11 :  0.0000 0.0280 0.0000 0.0000 0.0000 0.1406 0.0000 0.6327 0.0000 0.1987 0.0000 
280      280   (0)     11 :  0.0950 0.1787 0.0441 0.0001 0.0025 0.0356 0.0003 0.0191 0.2456 0.1965 0.1826 
281      281   (0)     11 :  0.0000 0.0888 0.0000 0.0000 0.0000 0.1642 0.0000 0.0047 0.1661 0.5762 0.0000 
282      282   (0)     11 :  0.3316 0.1264 0.0017 0.0000 0.0000 0.1367 0.0000 0.1012 0.1263 0.1761 0.0000 
283      283   (0)     11 :  0.0000 0.0964 0.0000 0.0000 0.2791 0.0581 0.0020 0.3617 0.0022 0.1968 0.0036 
284      284   (0)     11 :  0.0000 0.0114 0.0000 0.0000 0.0000 0.1771 0.0292 0.2677 0.0000 0.4968 0.0179 
285      285   (0)     11 :  0.4837 0.1501 0.0000 0.0000 0.0149 0.1130 0.0143 0.1109 0.0000 0.1030 0.0100 
286      286   (0)     11 :  0.0000 0.0844 0.0000 0.0329 0.0000 0.1586 0.0000 0.0715 0.0259 0.5715 0.0553 
287      287   (0)     11 :  0.3783 0.0915 0.0000 0.0116 0.0000 0.0547 0.0029 0.0743 0.0000 0.2713 0.1154 
288      288   (0)     11 :  0.0000 0.0787 0.0000 0.0094 0.0000 0.1076 0.0000 0.0008 0.5164 0.2689 0.0182 
289      289   (0)     11 :  0.4969 0.0409 0.0183 0.0000 0.0000 0.2005 0.0012 0.0144 0.0000 0.2278 0.0000 
290      290   (0)     11 :  0.0000 0.1915 0.0678 0.0000 0.0004 0.0689 0.0000 0.0675 0.1005 0.5005 0.0030 
291      291   (0)     11 :  0.0000 0.0700 0.0006 0.0000 0.0607 0.1179 0.1865 0.3256 0.0041 0.2214 0.0133 
292      292   (0)     12 :  0.0000 0.0000 0.0000 1.0000 0.0000 0.0000 0.0000 0.0000 0.0000 0.0000 0.0000 
293      293   (0)     12 :  0.0000 0.0000 0.0000 0.0141 0.0655 0.1042 0.0068 0.0000 0.0000 0.0000 0.8094 
294      294   (0)     12 :  0.0000 0.0000 0.0000 1.0000 0.0000 0.0000 0.0000 0.0000 0.0000 0.0000 0.0000 
295      295   (0)     12 :  0.0000 0.0000 0.0000 1.0000 0.0000 0.0000 0.0000 0.0000 0.0000 0.0000 0.0000 
296      296   (0)     12 :  0.0000 0.0000 0.0000 1.0000 0.0000 0.0000 0.0000 0.0000 0.0000 0.0000 0.0000 
297      297   (0)     12 :  0.0000 0.0056 0.0032 0.8911 0.0000 0.0000 0.0000 0.0000 0.0952 0.0050 0.0000 
298      298   (0)     12 :  0.0000 0.0000 0.0000 0.9815 0.0000 0.0000 0.0000 0.0000 0.0000 0.0000 0.0185 
299      299   (0)     12 :  0.0000 0.0000 0.0000 1.0000 0.0000 0.0000 0.0000 0.0000 0.0000 0.0000 0.0000 
300      300   (0)     12 :  0.0000 0.0110 0.0000 0.0232 0.0258 0.4064 0.0000 0.0000 0.2875 0.0000 0.2461 
301      301   (0)     12 :  0.0000 0.0000 0.0000 0.0000 0.0838 0.0669 0.0000 0.0000 0.0000 0.0000 0.8493 
302      302   (0)     12 :  0.0000 0.0000 0.0000 1.0000 0.0000 0.0000 0.0000 0.0000 0.0000 0.0000 0.0000 
303      303   (0)     12 :  0.0000 0.0010 0.0000 0.9891 0.0000 0.0015 0.0000 0.0005 0.0000 0.0079 0.0000 
304      304   (0)     12 :  0.0000 0.0256 0.4508 0.0907 0.0000 0.0160 0.0000 0.0000 0.4123 0.0035 0.0010 
305      305   (0)     12 :  0.3833 0.0235 0.0000 0.0243 0.0918 0.0687 0.0000 0.0000 0.0000 0.0148 0.3936 
306      306   (0)     12 :  0.0000 0.0000 0.0294 0.7563 0.0826 0.0000 0.0000 0.0000 0.0000 0.0000 0.1316 
307      307   (0)     12 :  0.0000 0.0000 0.0000 1.0000 0.0000 0.0000 0.0000 0.0000 0.0000 0.0000 0.0000 
308      308   (0)     12 :  0.0000 0.0068 0.3311 0.6604 0.0000 0.0000 0.0000 0.0000 0.0000 0.0017 0.0000 
309      309   (0)     12 :  0.0000 0.0000 0.0000 0.0046 0.2580 0.4442 0.0011 0.0000 0.0000 0.0151 0.2771 
310      310   (0)     12 :  0.0000 0.0058 0.0478 0.8607 0.0000 0.0000 0.0000 0.0000 0.0857 0.0000 0.0000 
311      311   (0)     12 :  0.0603 0.0727 0.2848 0.4169 0.0164 0.0000 0.0036 0.0000 0.0524 0.0404 0.0525 
312      312   (0)     12 :  0.0000 0.0000 0.0000 0.0000 0.0220 0.1171 0.0128 0.0000 0.0000 0.0000 0.8481 
313      313   (0)     12 :  0.0000 0.0486 0.0000 0.0180 0.4286 0.1150 0.0000 0.0000 0.1641 0.0167 0.2090 
314      314   (0)     12 :  0.0746 0.0789 0.3487 0.3846 0.0000 0.0000 0.0000 0.0000 0.0594 0.0539 0.0000 
315      315   (0)     12 :  0.0000 0.0000 0.0000 1.0000 0.0000 0.0000 0.0000 0.0000 0.0000 0.0000 0.0000 
316      316   (0)     12 :  0.0000 0.0121 0.4789 0.4295 0.0000 0.0182 0.0000 0.0000 0.0433 0.0117 0.0064 
317      317   (0)     12 :  0.0000 0.0098 0.5761 0.3466 0.0000 0.0121 0.0000 0.0000 0.0489 0.0064 0.0000 
318      318   (0)     12 :  0.0000 0.0000 0.0000 0.0000 0.1064 0.6079 0.0000 0.0000 0.0000 0.0000 0.2857 
319      319   (0)     12 :  0.0000 0.0196 0.0065 0.7839 0.0934 0.0261 0.0000 0.0000 0.0002 0.0625 0.0078 
320      320   (0)     12 :  0.0000 0.0000 0.0000 0.0059 0.2994 0.4508 0.0000 0.0000 0.0000 0.1096 0.1343 
321      321   (0)     12 :  0.0000 0.0000 0.8132 0.1861 0.0000 0.0000 0.0000 0.0000 0.0007 0.0000 0.0000 
322      322   (0)     13 :  0.1694 0.1071 0.0000 0.0000 0.0106 0.0627 0.0068 0.0000 0.6126 0.0214 0.0095 
323      323   (0)     13 :  0.3792 0.0766 0.0000 0.0000 0.0078 0.1178 0.0000 0.0000 0.3183 0.0412 0.0591 
324      324   (0)     13 :  0.3217 0.0857 0.0000 0.0000 0.0000 0.1369 0.0000 0.0000 0.4268 0.0289 0.0000 
325      325   (0)     13 :  0.7566 0.0000 0.0000 0.0000 0.0000 0.2370 0.0000 0.0000 0.0046 0.0000 0.0017 
326      326   (0)     13 :  0.0000 0.0447 0.0001 0.0000 0.0000 0.3391 0.0009 0.1126 0.2660 0.2366 0.0000 
327      327   (0)     13 :  0.4415 0.0936 0.0000 0.0000 0.0066 0.1050 0.0052 0.0000 0.3085 0.0338 0.0057 
328      328   (0)     13 :  0.6050 0.1358 0.0000 0.0000 0.0004 0.0707 0.0000 0.0000 0.0739 0.1142 0.0000 
329      329   (0)     13 :  0.0124 0.2231 0.0000 0.0000 0.0158 0.0000 0.0034 0.0256 0.5755 0.1442 0.0000 
330      330   (0)     13 :  0.4483 0.0963 0.0000 0.0000 0.0000 0.0761 0.0474 0.0245 0.2313 0.0735 0.0026 
331      331   (0)     13 :  0.0000 0.0000 0.0000 0.0000 0.0257 0.0040 0.9500 0.0204 0.0000 0.0000 0.0000 
332      332   (0)     13 :  0.0678 0.0881 0.0000 0.0000 0.0019 0.0554 0.0000 0.0004 0.7599 0.0182 0.0082 
333      333   (0)     13 :  0.4996 0.2637 0.0000 0.0000 0.0691 0.1074 0.0418 0.0000 0.0012 0.0058 0.0114 
334      334   (0)     13 :  0.6074 0.0466 0.0000 0.0000 0.0000 0.1968 0.0000 0.0000 0.1255 0.0237 0.0000 
335      335   (0)     13 :  0.0900 0.0000 0.0000 0.0000 0.0300 0.8534 0.0000 0.0000 0.0000 0.0026 0.0240 
336      336   (0)     13 :  0.2104 0.0816 0.0000 0.0000 0.0066 0.1206 0.0015 0.0752 0.4715 0.0319 0.0007 
337      337   (0)     13 :  0.0340 0.0402 0.0111 0.0000 0.0000 0.3992 0.0000 0.0000 0.1463 0.3691 0.0000 
338      338   (0)     13 :  0.0323 0.1462 0.0000 0.0000 0.0000 0.1593 0.0216 0.0019 0.5699 0.0680 0.0009 
339      339   (0)     13 :  0.0000 0.0255 0.0000 0.0109 0.1724 0.5195 0.0000 0.1614 0.0175 0.0583 0.0344 
340      340   (0)     13 :  0.0000 0.1497 0.0000 0.0123 0.1361 0.0923 0.0024 0.0000 0.4866 0.1180 0.0027 
341      341   (0)     13 :  0.0000 0.1000 0.0000 0.0000 0.0000 0.0638 0.0000 0.0012 0.7329 0.1022 0.0000 
342      342   (0)     13 :  0.0778 0.0475 0.0000 0.0000 0.0000 0.6227 0.0000 0.0000 0.1875 0.0645 0.0000 
343      343   (0)     13 :  0.2356 0.0475 0.0000 0.0000 0.0000 0.3926 0.0000 0.1216 0.1330 0.0697 0.0000 
344      344   (0)     13 :  0.3601 0.0505 0.0000 0.0000 0.0000 0.2092 0.0000 0.0027 0.3536 0.0182 0.0057 
345      345   (0)     13 :  0.0000 0.0156 0.5782 0.1332 0.0000 0.0014 0.0000 0.0000 0.2128 0.0587 0.0000 
346      346   (0)     13 :  0.0000 0.0700 0.0000 0.0000 0.1738 0.2752 0.0000 0.0000 0.4483 0.0154 0.0174 
347      347   (0)     13 :  0.4264 0.0777 0.0000 0.0000 0.0000 0.1939 0.0000 0.0000 0.2871 0.0149 0.0000 
348      348   (0)     13 :  0.5417 0.0492 0.0000 0.0210 0.0000 0.2245 0.0427 0.0365 0.0000 0.0838 0.0005 
349      349   (0)     13 :  0.2697 0.2098 0.0000 0.0000 0.0000 0.0494 0.0683 0.0504 0.1207 0.1551 0.0767 
350      350   (0)     13 :  0.0000 0.0041 0.2108 0.4958 0.0000 0.0072 0.0022 0.0000 0.2777 0.0021 0.0000 
351      351   (0)     13 :  0.8252 0.0159 0.0000 0.0023 0.0000 0.1538 0.0000 0.0000 0.0000 0.0029 0.0000 
