1        1   (0)      1  : 0.0031 0.0073 0.0000 0.4907 0.4989 0.0000
2        2   (0)      1  : 0.4129 0.0001 0.1102 0.3010 0.0466 0.1293
3        3   (0)      1  : 0.0000 0.5620 0.0589 0.1574 0.2217 0.0000
4        4   (0)      1  : 0.0006 0.0000 0.0000 0.4328 0.1419 0.4247
5        5   (0)      1  : 0.0018 0.0342 0.1814 0.7069 0.0000 0.0757
6        6   (0)      1  : 0.2273 0.1793 0.0000 0.1468 0.4466 0.0000
7        7   (0)      2  : 0.0000 0.0000 0.0000 0.6067 0.0000 0.3933
8        8   (0)      1  : 0.3306 0.0000 0.0000 0.6694 0.0000 0.0000
9        9   (0)      3  : 0.0338 0.0000 0.5043 0.0000 0.4618 0.0000
10       10   (0)      4  : 0.0000 0.0460 0.5578 0.3306 0.0000 0.0656
11       11   (0)      4  : 0.4820 0.0000 0.3550 0.0839 0.0791 0.0000
12       12   (0)      4  : 0.0000 0.0445 0.3873 0.1006 0.3385 0.1290
13       13   (0)      4  : 0.0000 0.0054 0.4703 0.5243 0.0000 0.0000
14       14   (0)      4  : 0.3309 0.0000 0.4661 0.2030 0.0000 0.0000
15       15   (0)      4  : 0.1297 0.4497 0.0000 0.0000 0.4207 0.0000
16       16   (0)      5  : 0.4049 0.0000 0.1991 0.0639 0.2225 0.1096
17       17   (0)      4  : 0.0000 0.0108 0.4152 0.0000 0.4219 0.1521
18       18   (0)      5  : 0.3460 0.0000 0.3797 0.2028 0.0715 0.0000
19       19   (0)      5  : 0.4048 0.0000 0.5737 0.0000 0.0000 0.0215
20       20   (0)      5  : 0.0000 0.0000 0.5832 0.0000 0.1796 0.2373
21       21   (0)      5  : 0.3387 0.0000 0.6613 0.0000 0.0000 0.0000
22       22   (0)      5  : 0.0000 0.0000 0.4003 0.0143 0.5854 0.0000
23       23   (0)      5  : 0.0000 0.0000 0.5832 0.0000 0.4168 0.0000
24       24   (0)      5  : 0.1847 0.0162 0.4606 0.0000 0.1236 0.2149
25       25   (0)      5  : 0.0000 0.0087 0.6036 0.0000 0.3877 0.0000
26       26   (0)      5  : 0.1588 0.0000 0.6414 0.0000 0.0000 0.1998
27       27   (0)      5  : 0.0000 0.0000 0.5335 0.0000 0.4665 0.0000
28       28   (0)      5  : 0.1141 0.0000 0.8859 0.0000 0.0000 0.0000
29       29   (0)      5  : 0.7766 0.0000 0.2234 0.0000 0.0000 0.0000
30       30   (0)      5  : 0.3183 0.0000 0.3639 0.0000 0.1531 0.1647
31       31   (0)      5  : 0.0560 0.0179 0.6991 0.0000 0.2270 0.0000
32       32   (0)      5  : 0.4690 0.0000 0.0975 0.0000 0.4336 0.0000
33       33   (0)      5  : 0.3305 0.0000 0.2556 0.0000 0.4139 0.0000
34       34   (0)      5  : 0.6615 0.0000 0.2436 0.0000 0.0652 0.0297
35       35   (0)      5  : 0.2655 0.0000 0.7345 0.0000 0.0000 0.0000
36       36   (0)      5  : 0.3097 0.0000 0.5186 0.0000 0.1717 0.0000
37       37   (0)      5  : 0.0000 0.0000 0.7004 0.0817 0.1851 0.0328
38       38   (0)      5  : 0.2749 0.0000 0.5640 0.1041 0.0570 0.0000
39       39   (0)      5  : 0.4733 0.0000 0.5251 0.0000 0.0016 0.0000
40       40   (0)      5  : 0.0000 0.0000 0.5432 0.0000 0.4568 0.0000
41       41   (0)      5  : 0.6688 0.0000 0.3295 0.0000 0.0000 0.0016
42       42   (0)      5  : 0.0000 0.6423 0.0000 0.0982 0.1509 0.1086
43       43   (0)      5  : 0.0000 0.0000 0.4616 0.0637 0.3267 0.1479
44       44   (0)      4  : 0.0000 0.0000 0.8684 0.1316 0.0000 0.0000
45       45   (0)      4  : 0.3067 0.0284 0.3139 0.0000 0.0965 0.2544
46       46   (0)      4  : 0.0000 0.0114 0.2318 0.0000 0.6570 0.0999
47       47   (0)      4  : 0.6019 0.0000 0.3114 0.0818 0.0000 0.0048
48       48   (0)      5  : 0.2463 0.0504 0.2814 0.0731 0.3210 0.0277
49       49   (0)      4  : 0.0000 0.0000 0.3566 0.0000 0.3902 0.2532
50       50   (0)      4  : 0.1406 0.4653 0.0000 0.0081 0.2802 0.1058
51       51   (0)      4  : 0.3556 0.0526 0.3700 0.1855 0.0363 0.0000
52       52   (0)      4  : 0.0000 0.5864 0.0145 0.0000 0.2978 0.1013
53       53   (0)      4  : 0.2909 0.0000 0.5526 0.1565 0.0000 0.0000
54       54   (0)      4  : 0.1581 0.5571 0.0000 0.0000 0.2847 0.0001
55       55   (0)      4  : 0.2735 0.4232 0.0604 0.0316 0.2113 0.0000
56       56   (0)      4  : 0.0842 0.0000 0.6870 0.1123 0.1165 0.0000
57       57   (0)      5  : 0.3705 0.0505 0.3254 0.1161 0.1375 0.0000
58       58   (0)      4  : 0.2091 0.3922 0.0000 0.0335 0.3652 0.0000
59       59   (0)      4  : 0.0000 0.5364 0.0681 0.0220 0.2651 0.1084
60       60   (0)      4  : 0.4689 0.0014 0.1919 0.0799 0.2579 0.0000
61       61   (0)      5  : 0.0566 0.0000 0.3184 0.0700 0.2922 0.2628
62       62   (0)      6  : 0.0000 0.3805 0.0910 0.2467 0.2818 0.0000
63       63   (0)      6  : 0.0000 0.6131 0.0000 0.0817 0.3052 0.0000
64       64   (0)      6  : 0.0186 0.0000 0.0000 0.9814 0.0000 0.0000
65       65   (0)      6  : 0.3008 0.0000 0.2716 0.1358 0.2918 0.0000
66       66   (0)      6  : 0.0000 0.0000 0.4115 0.5885 0.0000 0.0000
67       67   (0)      6  : 0.0000 0.0000 0.0000 0.6139 0.3861 0.0000
68       68   (0)      6  : 0.1784 0.0000 0.0000 0.3992 0.4224 0.0000
69       69   (0)      6  : 0.2596 0.0000 0.0691 0.1489 0.5224 0.0000
70       70   (0)      6  : 0.0000 0.0000 0.0750 0.1259 0.7991 0.0000
71       71   (0)      6  : 0.1925 0.0000 0.1072 0.2711 0.4292 0.0000
72       72   (0)      7  : 0.5267 0.0000 0.3495 0.1238 0.0000 0.0000
73       73   (0)      7  : 0.5372 0.0047 0.1304 0.0836 0.0157 0.2285
74       74   (0)      7  : 0.2376 0.0135 0.3168 0.2034 0.0953 0.1333
75       75   (0)      7  : 0.4267 0.0542 0.2764 0.2234 0.0000 0.0192
76       76   (0)      7  : 0.1598 0.0000 0.7317 0.1085 0.0000 0.0000
77       77   (0)      7  : 0.0972 0.0172 0.4644 0.3598 0.0615 0.0000
78       78   (0)      7  : 0.1853 0.0000 0.3661 0.1210 0.0000 0.3275
79       79   (0)      7  : 0.7691 0.0000 0.0991 0.0359 0.0000 0.0959
80       80   (0)      7  : 0.2834 0.0000 0.4217 0.2300 0.0649 0.0000
81       81   (0)      7  : 0.0281 0.0000 0.7470 0.2249 0.0000 0.0000
82       82   (0)      7  : 0.5156 0.0892 0.1705 0.0870 0.0493 0.0884
83       83   (0)      7  : 0.1809 0.5645 0.0000 0.1774 0.0702 0.0070
84       84   (0)      7  : 0.5046 0.0000 0.3747 0.1208 0.0000 0.0000
85       85   (0)      7  : 0.0921 0.0000 0.7004 0.2075 0.0000 0.0000
86       86   (0)      7  : 0.2317 0.4519 0.0000 0.0226 0.2938 0.0000
87       87   (0)      7  : 0.1302 0.0000 0.1968 0.1196 0.5534 0.0000
88       88   (0)      7  : 0.0000 0.5223 0.0000 0.1127 0.3650 0.0000
89       89   (0)      7  : 0.4992 0.0071 0.4937 0.0000 0.0000 0.0000
90       90   (0)      7  : 0.4076 0.0000 0.1732 0.0447 0.3745 0.0000
91       91   (0)      7  : 0.4980 0.0000 0.3871 0.0824 0.0000 0.0325
92       92   (0)      7  : 0.2352 0.0285 0.5655 0.1709 0.0000 0.0000
93       93   (0)      7  : 0.3527 0.0000 0.2818 0.0966 0.2689 0.0000
94       94   (0)      7  : 0.0630 0.0000 0.6314 0.3055 0.0000 0.0000
95       95   (0)      7  : 0.0283 0.0263 0.5193 0.2291 0.1970 0.0000
96       96   (0)      7  : 0.0000 0.0000 0.7314 0.1156 0.0000 0.1530
97       97   (0)      7  : 0.0000 0.0000 0.8347 0.1653 0.0000 0.0000
98       98   (0)      7  : 0.0000 0.0000 0.8141 0.1833 0.0026 0.0000
99       99   (0)      7  : 0.1634 0.4753 0.0007 0.3607 0.0000 0.0000
100      100   (0)      6  : 0.3821 0.0000 0.0864 0.3916 0.0000 0.1399
101      101   (0)      6  : 0.0928 0.0000 0.1642 0.4114 0.1006 0.2311
102      102   (0)      6  : 0.0480 0.0000 0.0111 0.3026 0.6383 0.0000
103      103   (0)      6  : 0.5452 0.0000 0.0000 0.4548 0.0000 0.0000
104      104   (0)      6  : 0.0000 0.0000 0.0000 0.3819 0.6181 0.0000
105      105   (0)      6  : 0.2393 0.0000 0.1563 0.5022 0.0834 0.0189
106      106   (0)      6  : 0.2898 0.0000 0.0000 0.3603 0.2706 0.0793
107      107   (0)      6  : 0.1316 0.0206 0.0054 0.5333 0.3090 0.0000
108      108   (0)      6  : 0.0165 0.5355 0.0000 0.2678 0.1802 0.0000
109      109   (0)      7  : 0.2182 0.0025 0.2424 0.2002 0.3367 0.0000
110      110   (0)      7  : 0.0000 0.0519 0.3506 0.5975 0.0000 0.0000
111      111   (0)      8  : 0.0243 0.0000 0.0437 0.7411 0.0000 0.1908
112      112   (0)      6  : 0.0000 0.0000 0.0000 1.0000 0.0000 0.0000
113      113   (0)      6  : 0.0000 0.5481 0.0000 0.2940 0.0000 0.1579
114      114   (0)      6  : 0.0000 0.0000 0.2820 0.7180 0.0000 0.0000
115      115   (0)      6  : 0.0000 0.4681 0.0647 0.4673 0.0000 0.0000
116      116   (0)      6  : 0.0000 0.0160 0.1642 0.5348 0.0845 0.2005
117      117   (0)      6  : 0.0000 0.0000 0.0000 0.4847 0.2905 0.2248
118      118   (0)      6  : 0.1960 0.0000 0.0000 0.5903 0.2004 0.0134
119      119   (0)      6  : 0.0000 0.0000 0.0648 0.7934 0.0000 0.1418
120      120   (0)      6  : 0.0317 0.0000 0.0000 0.6597 0.0000 0.3086
121      121   (0)      6  : 0.0000 0.5596 0.0000 0.4404 0.0000 0.0000
122      122   (0)      9  : 0.0000 0.0342 0.3655 0.1970 0.4033 0.0000
123      123   (0)      9  : 0.2485 0.0122 0.2176 0.0124 0.5093 0.0000
124      124   (0)      9  : 0.0000 0.0208 0.2890 0.0236 0.6666 0.0000
125      125   (0)      9  : 0.6178 0.0000 0.3087 0.0000 0.0735 0.0000
126      126   (0)      9  : 0.5129 0.0000 0.4871 0.0000 0.0000 0.0000
127      127   (0)      9  : 0.0000 0.0000 0.5321 0.0000 0.4561 0.0118
128      128   (0)      9  : 0.1400 0.0000 0.2681 0.0000 0.5919 0.0000
129      129   (0)      9  : 0.0000 0.0000 0.2288 0.0000 0.7372 0.0340
130      130   (0)      9  : 0.2895 0.0000 0.4082 0.0519 0.0435 0.2070
131      131   (0)      9  : 0.2335 0.0000 0.2668 0.0000 0.3737 0.1260
132      132   (0)      9  : 0.3945 0.0000 0.2372 0.0000 0.3682 0.0000
133      133   (0)      9  : 0.1887 0.0000 0.4169 0.0000 0.1110 0.2834
134      134   (0)      9  : 0.0000 0.0257 0.5761 0.3982 0.0000 0.0000
135      135   (0)      9  : 0.0542 0.0000 0.0000 0.0000 0.9458 0.0000
136      136   (0)      9  : 0.4026 0.0094 0.4330 0.1199 0.0351 0.0000
137      137   (0)      9  : 0.5345 0.0000 0.2445 0.0206 0.0588 0.1417
138      138   (0)      9  : 0.7457 0.0014 0.2211 0.0000 0.0317 0.0000
139      139   (0)      9  : 0.7208 0.0000 0.2095 0.0697 0.0000 0.0000
140      140   (0)      9  : 0.3671 0.0000 0.1987 0.0000 0.4342 0.0000
141      141   (0)      9  : 0.0000 0.0000 0.5322 0.0039 0.4199 0.0440
142      142   (0)      9  : 0.5502 0.0000 0.1880 0.1685 0.0861 0.0073
143      143   (0)      9  : 0.0003 0.0500 0.4154 0.4616 0.0000 0.0728
144      144   (0)      9  : 0.3433 0.0160 0.2458 0.0000 0.0847 0.3102
145      145   (0)      3  : 0.0513 0.0000 0.4354 0.0264 0.4869 0.0000
146      146   (0)      3  : 0.2008 0.3972 0.0094 0.0000 0.3926 0.0000
147      147   (0)      3  : 0.0639 0.0000 0.0391 0.0000 0.8562 0.0408
148      148   (0)      3  : 0.5931 0.0458 0.2886 0.0000 0.0725 0.0000
149      149   (0)      3  : 0.4990 0.0000 0.2340 0.0000 0.2670 0.0000
150      150   (0)      3  : 0.0000 0.0188 0.2489 0.0000 0.6453 0.0870
151      151   (0)      3  : 0.5899 0.0000 0.3848 0.0000 0.0253 0.0000
152      152   (0)      3  : 0.4371 0.0000 0.3570 0.0000 0.2059 0.0000
153      153   (0)      3  : 0.2875 0.0058 0.4589 0.0000 0.2394 0.0084
154      154   (0)      3  : 0.2963 0.0000 0.5102 0.1145 0.0790 0.0000
155      155   (0)      3  : 0.2448 0.0690 0.6063 0.0798 0.0000 0.0000
156      156   (0)      3  : 0.4266 0.0615 0.4123 0.0276 0.0721 0.0000
157      157   (0)      3  : 0.4639 0.0136 0.3486 0.0598 0.1142 0.0000
158      158   (0)      3  : 0.5581 0.0000 0.3785 0.0526 0.0108 0.0000
159      159   (0)      3  : 0.4746 0.5254 0.0000 0.0000 0.0000 0.0000
160      160   (0)      3  : 0.4367 0.0000 0.2157 0.0018 0.1482 0.1976
161      161   (0)      3  : 0.0000 0.0000 0.2142 0.0465 0.7393 0.0000
162      162   (0)      3  : 0.6315 0.0000 0.3557 0.0000 0.0129 0.0000
163      163   (0)      3  : 0.3505 0.0000 0.3996 0.0000 0.2499 0.0000
164      164   (0)      3  : 0.5954 0.0000 0.4046 0.0000 0.0000 0.0000
165      165   (0)      3  : 0.0000 0.0000 0.2071 0.0305 0.7623 0.0000
166      166   (0)      3  : 0.3699 0.0000 0.4618 0.0000 0.1260 0.0423
167      167   (0)      3  : 0.5675 0.0000 0.1402 0.0000 0.2923 0.0000
168      168   (0)      3  : 0.4575 0.0044 0.4620 0.0254 0.0507 0.0000
169      169   (0)      3  : 0.5496 0.0000 0.4456 0.0000 0.0000 0.0048
170      170   (0)      3  : 0.7558 0.0000 0.2442 0.0000 0.0000 0.0000
171      171   (0)      3  : 0.3628 0.0000 0.4140 0.0000 0.0000 0.2231
172      172   (0)      3  : 0.6205 0.0000 0.3646 0.0150 0.0000 0.0000
173      173   (0)      3  : 0.2212 0.0000 0.3494 0.0410 0.3884 0.0000
174      174   (0)      9  : 0.0000 0.0000 0.3793 0.0000 0.4045 0.2162
175      175   (0)      9  : 0.0000 0.0110 0.5844 0.4046 0.0000 0.0000
176      176   (0)      9  : 0.4789 0.0022 0.1939 0.0000 0.3190 0.0059
177      177   (0)      9  : 0.2901 0.0000 0.2189 0.2150 0.0000 0.2761
178      178   (0)      9  : 0.2202 0.0000 0.2201 0.0247 0.4435 0.0915
179      179   (0)      9  : 0.1433 0.0000 0.3365 0.0964 0.4238 0.0000
180      180   (0)      9  : 0.1344 0.0003 0.3283 0.0846 0.3027 0.1496
181      181   (0)      1  : 0.6887 0.0000 0.0187 0.2650 0.0276 0.0000
182      182   (0)      1  : 0.2310 0.0000 0.0000 0.2252 0.2614 0.2824
183      183   (0)      1  : 0.6382 0.0000 0.0000 0.2157 0.0000 0.1462
184      184   (0)      1  : 0.1787 0.0099 0.0000 0.4048 0.4066 0.0000
185      185   (0)      1  : 0.7346 0.0000 0.0000 0.1623 0.0362 0.0669
186      186   (0)      1  : 0.2946 0.0000 0.1811 0.2427 0.2815 0.0000
187      187   (0)      1  : 0.6434 0.0000 0.0000 0.3279 0.0287 0.0000
188      188   (0)      1  : 0.8569 0.0000 0.0000 0.0538 0.0893 0.0000
189      189   (0)      2  : 0.1126 0.0000 0.0000 0.0426 0.5141 0.3307
190      190   (0)      2  : 0.7292 0.0008 0.1870 0.0829 0.0000 0.0000
191      191   (0)      2  : 0.6574 0.0000 0.1214 0.1102 0.1110 0.0000
192      192   (0)      2  : 0.0000 0.0000 0.2529 0.0000 0.5400 0.2071
193      193   (0)      2  : 0.8041 0.0000 0.0321 0.0238 0.1400 0.0000
194      194   (0)      2  : 0.0000 0.0000 0.1017 0.0000 0.8983 0.0000
195      195   (0)      2  : 0.2637 0.0000 0.0000 0.3570 0.1213 0.2580
196      196   (0)      2  : 0.0477 0.0000 0.2429 0.0461 0.1241 0.5393
197      197   (0)      1  : 0.3942 0.0000 0.0533 0.0601 0.4924 0.0000
198      198   (0)      1  : 0.3101 0.0000 0.0000 0.4087 0.0000 0.2812
199      199   (0)      1  : 0.0000 0.0000 0.0517 0.4115 0.5360 0.0008
200      200   (0)      1  : 0.0000 0.0000 0.0000 0.6350 0.2086 0.1563
201      201   (0)      1  : 0.0000 0.0000 0.0000 0.4556 0.3508 0.1936
202      202   (0)      1  : 0.0000 0.0000 0.0000 0.8363 0.0000 0.1637
203      203   (0)      2  : 0.0000 0.2841 0.0741 0.0000 0.3695 0.2722
204      204   (0)      2  : 0.0000 0.0000 0.0000 0.2222 0.3560 0.4218
205      205   (0)      2  : 0.0000 0.5815 0.0512 0.0000 0.3673 0.0000
206      206   (0)      2  : 0.7659 0.0000 0.0705 0.1514 0.0000 0.0121
207      207   (0)      2  : 0.0000 0.0000 0.0000 0.0000 0.7186 0.2814
208      208   (0)      2  : 0.9113 0.0076 0.0004 0.0000 0.0000 0.0807
209      209   (0)      2  : 0.0000 0.0000 0.0704 0.0000 0.2851 0.6445
210      210   (0)      1  : 0.0000 0.0000 0.0000 0.0755 0.4242 0.5003
211      211   (0)      1  : 0.1592 0.0000 0.1941 0.4296 0.0000 0.2171
212      212   (0)      1  : 0.0000 0.0000 0.0679 0.3467 0.1095 0.4759
213      213   (0)      1  : 0.4049 0.0000 0.0000 0.5144 0.0000 0.0806
214      214   (0)      1  : 0.0000 0.0000 0.0000 0.1460 0.7171 0.1370
215      215   (0)      1  : 0.2258 0.0000 0.0000 0.5454 0.0000 0.2288
216      216   (0)      1  : 0.2997 0.0000 0.0000 0.5884 0.0000 0.1120
217      217   (0)      1  : 0.0000 0.0000 0.0309 0.4435 0.5256 0.0000
218      218   (0)      2  : 0.3675 0.0000 0.0000 0.1823 0.4503 0.0000
219      219   (0)      2  : 0.0000 0.0000 0.1757 0.0396 0.4890 0.2956
220      220   (0)      2  : 0.5618 0.0000 0.0171 0.3063 0.0000 0.1148
221      221   (0)      2  : 0.4537 0.0000 0.1663 0.2236 0.1564 0.0000
222      222   (0)      2  : 0.6096 0.0000 0.0000 0.2195 0.0000 0.1709
223      223   (0)      2  : 0.1458 0.0000 0.0000 0.0000 0.8331 0.0211
224      224   (0)      2  : 0.1557 0.0000 0.0703 0.0497 0.3590 0.3652
225      225   (0)      2  : 0.6577 0.0000 0.0371 0.1588 0.0000 0.1464
226      226   (0)      2  : 0.7286 0.0000 0.0000 0.1039 0.1058 0.0618
227      227   (0)      2  : 0.8418 0.0000 0.0000 0.0000 0.1027 0.0555
228      228   (0)      2  : 0.7781 0.0000 0.0000 0.1505 0.0715 0.0000
229      229   (0)      2  : 0.1437 0.4297 0.0000 0.0364 0.3902 0.0000
230      230   (0)      2  : 0.4668 0.0000 0.2898 0.0775 0.1622 0.0037
231      231   (0)      2  : 0.4754 0.0000 0.0726 0.0314 0.4197 0.0009
232      232   (0)     10  : 0.3921 0.0110 0.0000 0.0043 0.4900 0.1026
233      233   (0)     10  : 0.0000 0.0000 0.0826 0.0878 0.6608 0.1688
234      234   (0)     10  : 0.2688 0.0000 0.0601 0.0000 0.0000 0.6711
235      235   (0)     10  : 0.0000 0.0000 0.0506 0.1181 0.2748 0.5565
236      236   (0)     10  : 0.0000 0.0000 0.0633 0.0000 0.3460 0.5907
237      237   (0)     10  : 0.3385 0.0000 0.0560 0.0218 0.0000 0.5837
238      238   (0)     10  : 0.2164 0.0000 0.0367 0.0000 0.4707 0.2762
239      239   (0)     10  : 0.5675 0.0000 0.0000 0.0000 0.0000 0.4325
240      240   (0)     10  : 0.0000 0.0000 0.0000 0.0000 0.0000 1.0000
241      241   (0)     10  : 0.8161 0.0000 0.0539 0.0606 0.0000 0.0694
242      242   (0)     10  : 0.0000 0.0000 0.4007 0.0000 0.2648 0.3345
243      243   (0)     10  : 0.7254 0.0000 0.0000 0.0000 0.0000 0.2746
244      244   (0)     10  : 0.0434 0.0000 0.0000 0.0000 0.6103 0.3463
245      245   (0)     10  : 0.7030 0.0000 0.0051 0.0283 0.1606 0.1030
246      246   (0)     10  : 0.5285 0.0000 0.0000 0.0530 0.4173 0.0013
247      247   (0)     10  : 0.0596 0.0111 0.0639 0.0000 0.6214 0.2440
248      248   (0)     10  : 0.6942 0.0000 0.0359 0.0000 0.0000 0.2699
249      249   (0)     10  : 0.9994 0.0000 0.0006 0.0000 0.0000 0.0000
250      250   (0)     10  : 0.6744 0.0000 0.0204 0.2054 0.0000 0.0998
251      251   (0)     10  : 0.0000 0.0000 0.0000 0.0000 0.0000 1.0000
252      252   (0)     10  : 0.5395 0.0129 0.0000 0.0000 0.2503 0.1973
253      253   (0)     10  : 0.9079 0.0000 0.0414 0.0476 0.0000 0.0030
254      254   (0)     10  : 0.4027 0.0000 0.0000 0.1196 0.0000 0.4778
255      255   (0)     10  : 0.7690 0.0000 0.0000 0.2310 0.0000 0.0000
256      256   (0)     10  : 0.0000 0.5556 0.0000 0.0000 0.4444 0.0000
257      257   (0)     10  : 0.4516 0.0000 0.0000 0.0139 0.3971 0.1373
258      258   (0)     10  : 0.1012 0.0000 0.0000 0.1466 0.0000 0.7522
259      259   (0)     10  : 0.6697 0.0000 0.0000 0.0000 0.0000 0.3303
260      260   (0)     10  : 0.4836 0.0000 0.0000 0.0000 0.1637 0.3527
261      261   (0)     10  : 0.6351 0.0089 0.0237 0.1843 0.0843 0.0636
262      262   (0)     11  : 0.3771 0.0232 0.1249 0.2404 0.0151 0.2194
263      263   (0)     11  : 0.6806 0.0000 0.0000 0.0929 0.0000 0.2266
264      264   (0)     11  : 0.8946 0.0000 0.0000 0.0000 0.0000 0.1054
265      265   (0)     11  : 0.0000 0.5723 0.0000 0.1185 0.0000 0.3092
266      266   (0)     11  : 0.0000 0.0000 0.0000 0.0000 0.7794 0.2206
267      267   (0)     11  : 0.0000 0.6788 0.0000 0.0000 0.0000 0.3212
268      268   (0)     11  : 0.0053 0.0000 0.0000 0.0338 0.7324 0.2286
269      269   (0)     11  : 0.7396 0.0000 0.0441 0.0782 0.0000 0.1381
270      270   (0)     11  : 0.9224 0.0000 0.0000 0.0000 0.0000 0.0776
271      271   (0)     11  : 0.0000 0.0000 0.0000 0.1749 0.0000 0.8251
272      272   (0)     11  : 0.2182 0.0000 0.0000 0.1284 0.1055 0.5479
273      273   (0)     11  : 0.0000 0.1802 0.3095 0.0000 0.0000 0.5103
274      274   (0)     11  : 0.0000 0.4796 0.0000 0.0549 0.2097 0.2559
275      275   (0)     11  : 0.4993 0.0000 0.0089 0.2199 0.0000 0.2719
276      276   (0)     11  : 0.4646 0.2183 0.2597 0.0000 0.0000 0.0574
277      277   (0)     11  : 0.5759 0.0357 0.0000 0.3356 0.0000 0.0528
278      278   (0)     11  : 0.3475 0.0461 0.1423 0.2563 0.2078 0.0000
279      279   (0)     11  : 0.0000 0.0000 0.0000 0.6376 0.0000 0.3624
280      280   (0)     11  : 0.4937 0.0434 0.1297 0.0877 0.0860 0.1595
281      281   (0)     11  : 0.4140 0.0000 0.0000 0.0225 0.0000 0.5634
282      282   (0)     11  : 0.2031 0.0000 0.0000 0.1524 0.3979 0.2466
283      283   (0)     11  : 0.0000 0.0000 0.2920 0.4597 0.0000 0.2483
284      284   (0)     11  : 0.0000 0.0000 0.0545 0.4098 0.0000 0.5356
285      285   (0)     11  : 0.0000 0.0000 0.0685 0.1649 0.6518 0.1147
286      286   (0)     11  : 0.1606 0.0203 0.0439 0.2189 0.0000 0.5562
287      287   (0)     11  : 0.0000 0.0426 0.0656 0.1602 0.4662 0.2653
288      288   (0)     11  : 0.5824 0.0186 0.0000 0.0181 0.0000 0.3809
289      289   (0)     11  : 0.0000 0.0000 0.0000 0.0643 0.5671 0.3686
290      290   (0)     11  : 0.4378 0.0422 0.0000 0.1928 0.0000 0.3271
291      291   (0)     11  : 0.0620 0.0000 0.1603 0.4947 0.0000 0.2830
292      292   (0)     12  : 0.0000 1.0000 0.0000 0.0000 0.0000 0.0000
293      293   (0)     12  : 0.0000 0.0748 0.7165 0.0000 0.0000 0.2087
294      294   (0)     12  : 0.0000 1.0000 0.0000 0.0000 0.0000 0.0000
295      295   (0)     12  : 0.0000 1.0000 0.0000 0.0000 0.0000 0.0000
296      296   (0)     12  : 0.0000 1.0000 0.0000 0.0000 0.0000 0.0000
297      297   (0)     12  : 0.0737 0.9263 0.0000 0.0000 0.0000 0.0000
298      298   (0)     12  : 0.0000 0.9608 0.0392 0.0000 0.0000 0.0000
299      299   (0)     12  : 0.0000 1.0000 0.0000 0.0000 0.0000 0.0000
300      300   (0)     12  : 0.1622 0.0697 0.1514 0.0000 0.0000 0.6168
301      301   (0)     12  : 0.0000 0.0000 0.8817 0.0000 0.0000 0.1183
302      302   (0)     12  : 0.0000 1.0000 0.0000 0.0000 0.0000 0.0000
303      303   (0)     12  : 0.0000 0.9444 0.0000 0.0000 0.0000 0.0556
304      304   (0)     12  : 0.6096 0.3904 0.0000 0.0000 0.0000 0.0000
305      305   (0)     12  : 0.0033 0.0673 0.4152 0.0000 0.4153 0.0987
306      306   (0)     12  : 0.0000 0.8180 0.1820 0.0000 0.0000 0.0000
307      307   (0)     12  : 0.0000 1.0000 0.0000 0.0000 0.0000 0.0000
308      308   (0)     12  : 0.0800 0.9200 0.0000 0.0000 0.0000 0.0000
309      309   (0)     12  : 0.0000 0.0000 0.5088 0.0000 0.0000 0.4912
310      310   (0)     12  : 0.0777 0.9223 0.0000 0.0000 0.0000 0.0000
311      311   (0)     12  : 0.1854 0.6149 0.0919 0.0000 0.1078 0.0000
312      312   (0)     12  : 0.0000 0.0364 0.6827 0.0000 0.0000 0.2809
313      313   (0)     12  : 0.2798 0.0133 0.5632 0.0000 0.0000 0.1438
314      314   (0)     12  : 0.2943 0.6162 0.0000 0.0000 0.0895 0.0000
315      315   (0)     12  : 0.0000 1.0000 0.0000 0.0000 0.0000 0.0000
316      316   (0)     12  : 0.2291 0.7709 0.0000 0.0000 0.0000 0.0000
317      317   (0)     12  : 0.1474 0.7465 0.0000 0.0000 0.0000 0.1061
318      318   (0)     12  : 0.0000 0.0000 0.3364 0.0000 0.0000 0.6636
319      319   (0)     12  : 0.0253 0.8150 0.0857 0.0000 0.0146 0.0593
320      320   (0)     12  : 0.0000 0.0000 0.3937 0.0000 0.0000 0.6063
321      321   (0)     12  : 0.1934 0.7293 0.0000 0.0000 0.0000 0.0772
322      322   (0)     13  : 0.6893 0.0000 0.0351 0.0000 0.2347 0.0410
323      323   (0)     13  : 0.5239 0.0000 0.0546 0.0000 0.3036 0.1179
324      324   (0)     13  : 0.5053 0.0000 0.0000 0.0000 0.4166 0.0781
325      325   (0)     13  : 0.0000 0.0000 0.0000 0.0000 0.8533 0.1467
326      326   (0)     13  : 0.2677 0.0000 0.0000 0.1427 0.0000 0.5896
327      327   (0)     13  : 0.3591 0.0000 0.0075 0.0000 0.5180 0.1154
328      328   (0)     13  : 0.1999 0.0000 0.0000 0.0000 0.8001 0.0001
329      329   (0)     13  : 0.7878 0.0000 0.0412 0.1057 0.0653 0.0000
330      330   (0)     13  : 0.3286 0.0000 0.0114 0.1100 0.4231 0.1270
331      331   (0)     13  : 0.0000 0.0000 0.4515 0.4484 0.0000 0.1001
332      332   (0)     13  : 0.8744 0.0000 0.0000 0.0045 0.0778 0.0433
333      333   (0)     13  : 0.0000 0.0000 0.1926 0.0000 0.8074 0.0000
334      334   (0)     13  : 0.0706 0.0000 0.0000 0.0000 0.8106 0.1188
335      335   (0)     13  : 0.0000 0.0000 0.0035 0.0000 0.3171 0.6794
336      336   (0)     13  : 0.5083 0.0000 0.0000 0.0919 0.2544 0.1454
337      337   (0)     13  : 0.2148 0.0000 0.0000 0.0000 0.1470 0.6382
338      338   (0)     13  : 0.6488 0.0000 0.0000 0.0418 0.0532 0.2562
339      339   (0)     13  : 0.0000 0.0000 0.1981 0.1489 0.0000 0.6530
340      340   (0)     13  : 0.6550 0.0047 0.1175 0.0000 0.0000 0.2229
341      341   (0)     13  : 0.7768 0.0000 0.0000 0.0122 0.0000 0.2110
342      342   (0)     13  : 0.0000 0.0000 0.0000 0.0000 0.2499 0.7501
343      343   (0)     13  : 0.0017 0.0000 0.0000 0.1307 0.4359 0.4317
344      344   (0)     13  : 0.3346 0.0000 0.0000 0.0159 0.4243 0.2252
345      345   (0)     13  : 0.3783 0.5060 0.0000 0.0000 0.0001 0.1156
346      346   (0)     13  : 0.5745 0.0000 0.1524 0.0000 0.0000 0.2731
347      347   (0)     13  : 0.3358 0.0000 0.0000 0.0000 0.5505 0.1137
348      348   (0)     13  : 0.0000 0.0000 0.0000 0.1351 0.6193 0.2457
349      349   (0)     13  : 0.3290 0.0000 0.1319 0.1895 0.2725 0.0772
350      350   (0)     13  : 0.2972 0.7028 0.0000 0.0000 0.0000 0.0000
351      351   (0)     13  : 0.0000 0.0000 0.0000 0.0000 0.9059 0.0941
