  1        1   (0)      1 :  0.3792 0.0255 0.0007 0.1003 0.0000 0.4836 0.0000 0.0106 0.0000 
  2        2   (0)      1 :  0.0279 0.0992 0.3856 0.0468 0.0874 0.3045 0.0185 0.0136 0.0166 
  3        3   (0)      1 :  0.1555 0.0161 0.0768 0.1468 0.0000 0.4006 0.0000 0.0000 0.2041 
  4        4   (0)      1 :  0.0000 0.0137 0.0304 0.1541 0.1511 0.5410 0.0001 0.1096 0.0000 
  5        5   (0)      1 :  0.3492 0.1029 0.2417 0.0322 0.0001 0.1055 0.0268 0.1409 0.0006 
  6        6   (0)      2 :  0.0000 0.0509 0.0036 0.1476 0.0000 0.5910 0.0000 0.0000 0.2069 
  7        7   (0)      1 :  0.0000 0.0000 0.0508 0.3325 0.0000 0.6167 0.0000 0.0000 0.0000 
  8        8   (0)      3 :  0.1503 0.1978 0.0000 0.0045 0.0830 0.0000 0.3923 0.0000 0.1721 
  9        9   (0)      4 :  0.0000 0.0916 0.0000 0.0000 0.0419 0.0000 0.0053 0.7226 0.1386 
 10       10   (0)      4 :  0.0306 0.4829 0.1618 0.0418 0.1163 0.0505 0.0108 0.0000 0.1053 
 11       11   (0)      4 :  0.3149 0.0360 0.0053 0.0026 0.2854 0.0198 0.1130 0.1078 0.1153 
 12       12   (0)      4 :  0.0000 0.0000 0.0000 0.0000 0.0000 0.0000 0.0000 1.0000 0.0000 
 13       13   (0)      4 :  0.0000 0.2878 0.1056 0.0296 0.1893 0.1642 0.2039 0.0196 0.0000 
 14       14   (0)      5 :  0.2078 0.4499 0.1188 0.0140 0.0764 0.0512 0.0042 0.0000 0.0776 
 15       15   (0)      4 :  0.2041 0.2836 0.0000 0.0330 0.1251 0.0000 0.2194 0.0141 0.1207 
 16       16   (0)      5 :  0.0028 0.3614 0.0990 0.0045 0.1265 0.1547 0.2482 0.0000 0.0031 
 17       17   (0)      5 :  0.0000 0.3319 0.1945 0.0060 0.2373 0.0000 0.1379 0.0000 0.0924 
 18       18   (0)      5 :  0.0155 0.2459 0.0000 0.0271 0.1826 0.0000 0.2304 0.0000 0.2987 
 19       19   (0)      5 :  0.0000 0.4430 0.0484 0.0127 0.2856 0.0000 0.1932 0.0000 0.0172 
 20       20   (0)      5 :  0.4540 0.1013 0.0000 0.0595 0.2315 0.0027 0.1175 0.0306 0.0029 
 21       21   (0)      5 :  0.2102 0.2543 0.0000 0.0000 0.1994 0.0000 0.2660 0.0000 0.0701 
 22       22   (0)      5 :  0.0833 0.3127 0.0504 0.0415 0.2802 0.0097 0.0352 0.0447 0.1424 
 23       23   (0)      5 :  0.2775 0.2066 0.0000 0.0163 0.3152 0.0000 0.1350 0.0318 0.0176 
 24       24   (0)      5 :  0.0000 0.4253 0.0150 0.0121 0.2237 0.0073 0.1520 0.0000 0.1645 
 25       25   (0)      5 :  0.3609 0.2069 0.0000 0.0008 0.3231 0.0000 0.0880 0.0192 0.0010 
 26       26   (0)      5 :  0.0000 0.2932 0.0000 0.0097 0.3914 0.0000 0.2097 0.0954 0.0007 
 27       27   (0)      5 :  0.0000 0.4269 0.3416 0.0528 0.0675 0.0000 0.1112 0.0000 0.0000 
 28       28   (0)      5 :  0.0736 0.4086 0.1071 0.0159 0.0753 0.0063 0.1902 0.0000 0.1230 
 29       29   (0)      5 :  0.1684 0.1772 0.0022 0.0089 0.5330 0.0000 0.0363 0.0457 0.0282 
 30       30   (0)      5 :  0.4416 0.4004 0.1067 0.0000 0.0346 0.0000 0.0138 0.0000 0.0029 
 31       31   (0)      5 :  0.4024 0.2317 0.0556 0.0000 0.0730 0.0016 0.2345 0.0000 0.0012 
 32       32   (0)      5 :  0.0427 0.3819 0.2961 0.0456 0.0899 0.0114 0.0770 0.0000 0.0553 
 33       33   (0)      5 :  0.0000 0.4154 0.0117 0.0093 0.2808 0.0000 0.2667 0.0000 0.0161 
 34       34   (0)      5 :  0.0309 0.2107 0.0733 0.0000 0.1060 0.0000 0.5613 0.0000 0.0178 
 35       35   (0)      5 :  0.0190 0.1705 0.0000 0.1009 0.3018 0.0103 0.3227 0.0325 0.0424 
 36       36   (0)      5 :  0.0086 0.1048 0.0256 0.0764 0.1807 0.0056 0.3337 0.2645 0.0000 
 37       37   (0)      5 :  0.0070 0.2199 0.2314 0.0000 0.3082 0.0000 0.1995 0.0339 0.0000 
 38       38   (0)      5 :  0.2842 0.1007 0.0000 0.0571 0.3037 0.0000 0.2321 0.0221 0.0000 
 39       39   (0)      5 :  0.0000 0.4052 0.3511 0.0234 0.1343 0.0000 0.0382 0.0000 0.0478 
 40       40   (0)      5 :  0.1553 0.1258 0.0000 0.1904 0.2370 0.0050 0.1388 0.0441 0.1036 
 41       41   (0)      4 :  0.0000 0.1962 0.0000 0.0000 0.2421 0.0000 0.0559 0.5059 0.0000 
 42       42   (0)      4 :  0.0495 0.2249 0.1316 0.0724 0.1513 0.0000 0.1476 0.0539 0.1688 
 43       43   (0)      4 :  0.4563 0.2374 0.0000 0.0306 0.0836 0.0000 0.0902 0.0000 0.1019 
 44       44   (0)      4 :  0.0000 0.3285 0.3100 0.0422 0.0663 0.0102 0.0984 0.1238 0.0206 
 45       45   (0)      5 :  0.2698 0.1773 0.1157 0.0165 0.1725 0.0278 0.0865 0.1011 0.0329 
 46       46   (0)      4 :  0.2747 0.1655 0.0000 0.0000 0.1159 0.0000 0.1545 0.0000 0.2894 
 47       47   (0)      4 :  0.0167 0.3375 0.0600 0.1136 0.2603 0.1710 0.0227 0.0000 0.0182 
 48       48   (0)      4 :  0.0000 0.3316 0.0383 0.0717 0.1756 0.0716 0.1257 0.1519 0.0335 
 49       49   (0)      4 :  0.0000 0.2897 0.0044 0.0031 0.1831 0.0058 0.3356 0.1783 0.0000 
 50       50   (0)      5 :  0.1226 0.2448 0.1227 0.0173 0.2844 0.0451 0.0680 0.0949 0.0000 
 51       51   (0)      4 :  0.1439 0.4824 0.1902 0.0054 0.0229 0.0327 0.1095 0.0040 0.0090 
 52       52   (0)      5 :  0.0733 0.2426 0.0141 0.0716 0.0284 0.0341 0.3306 0.0004 0.2050 
 53       53   (0)      6 :  0.0000 0.1748 0.0000 0.0510 0.0000 0.7425 0.0000 0.0317 0.0000 
 54       54   (0)      6 :  0.3206 0.2994 0.0664 0.0070 0.1518 0.1249 0.0215 0.0000 0.0084 
 55       55   (0)      6 :  0.0000 0.0000 0.0000 0.0000 0.0000 0.0000 0.0000 1.0000 0.0000 
 56       56   (0)      6 :  0.3273 0.0618 0.0000 0.0003 0.0000 0.6081 0.0000 0.0000 0.0025 
 57       57   (0)      6 :  0.3420 0.2635 0.0259 0.0299 0.0095 0.3292 0.0000 0.0000 0.0000 
 58       58   (0)      6 :  0.3773 0.3288 0.0844 0.0020 0.0122 0.1463 0.0285 0.0000 0.0205 
 59       59   (0)      6 :  0.6222 0.0350 0.0000 0.0803 0.0075 0.0799 0.1488 0.0195 0.0068 
 60       60   (0)      6 :  0.3342 0.2188 0.0146 0.0500 0.0425 0.2718 0.0681 0.0000 0.0000 
 61       61   (0)      7 :  0.0044 0.3108 0.1631 0.1345 0.1264 0.0349 0.2082 0.0177 0.0000 
 62       62   (0)      7 :  0.0061 0.4276 0.2169 0.0563 0.0183 0.0277 0.1050 0.0000 0.1422 
 63       63   (0)      7 :  0.1113 0.3953 0.0594 0.0147 0.2059 0.0854 0.0534 0.0462 0.0284 
 64       64   (0)      7 :  0.0000 0.2439 0.1291 0.1203 0.3193 0.1454 0.0216 0.0063 0.0141 
 65       65   (0)      7 :  0.0000 0.1906 0.0004 0.0936 0.5962 0.0803 0.0278 0.0000 0.0111 
 66       66   (0)      7 :  0.0487 0.1098 0.0000 0.0719 0.4139 0.1973 0.0000 0.1547 0.0036 
 67       67   (0)      7 :  0.0000 0.2801 0.0129 0.1723 0.1722 0.0713 0.0974 0.0000 0.1937 
 68       68   (0)      7 :  0.0000 0.4255 0.4214 0.0233 0.0247 0.0280 0.0256 0.0000 0.0516 
 69       69   (0)      7 :  0.0360 0.4620 0.0076 0.1135 0.1717 0.1734 0.0195 0.0013 0.0150 
 70       70   (0)      7 :  0.0000 0.2169 0.0000 0.0820 0.5084 0.0934 0.0392 0.0538 0.0062 
 71       71   (0)      7 :  0.0287 0.1971 0.3009 0.1149 0.1149 0.0691 0.0724 0.0391 0.0630 
 72       72   (0)      7 :  0.0000 0.4362 0.1992 0.0233 0.1407 0.0598 0.1409 0.0000 0.0000 
 73       73   (0)      7 :  0.0000 0.2922 0.0009 0.0331 0.4623 0.1422 0.0574 0.0077 0.0042 
 74       74   (0)      7 :  0.4324 0.2793 0.0000 0.1007 0.0911 0.0792 0.0174 0.0000 0.0000 
 75       75   (0)      7 :  0.0045 0.3697 0.1930 0.0000 0.3163 0.0000 0.0996 0.0169 0.0000 
 76       76   (0)      7 :  0.2819 0.4612 0.1533 0.0000 0.0470 0.0267 0.0118 0.0000 0.0182 
 77       77   (0)      7 :  0.0000 0.4973 0.1385 0.0297 0.1474 0.1044 0.0311 0.0000 0.0517 
 78       78   (0)      7 :  0.0000 0.1031 0.1005 0.0082 0.4867 0.0893 0.1116 0.1005 0.0000 
 79       79   (0)      7 :  0.1827 0.1807 0.1206 0.0002 0.1046 0.0711 0.3358 0.0043 0.0000 
 80       80   (0)      7 :  0.0000 0.0376 0.0000 0.0360 0.5931 0.1991 0.1295 0.0047 0.0000 
 81       81   (0)      7 :  0.1463 0.1196 0.0000 0.0798 0.4272 0.1337 0.0134 0.0729 0.0071 
 82       82   (0)      7 :  0.0000 0.1685 0.0000 0.0612 0.4432 0.0304 0.1352 0.0788 0.0827 
 83       83   (0)      7 :  0.0000 0.1080 0.0000 0.0212 0.6984 0.0578 0.0153 0.0827 0.0166 
 84       84   (0)      7 :  0.0000 0.2027 0.0000 0.0233 0.5291 0.0686 0.0504 0.1197 0.0062 
 85       85   (0)      6 :  0.0000 0.2804 0.2646 0.0122 0.0292 0.3401 0.0020 0.0076 0.0639 
 86       86   (0)      6 :  0.0327 0.2212 0.0408 0.0295 0.0093 0.2926 0.1628 0.0533 0.1578 
 87       87   (0)      6 :  0.5160 0.2799 0.0017 0.0000 0.0053 0.1396 0.0000 0.0575 0.0000 
 88       88   (0)      6 :  0.0115 0.2296 0.3406 0.0033 0.0021 0.4045 0.0084 0.0000 0.0000 
 89       89   (0)      6 :  0.5212 0.0863 0.0000 0.0083 0.0037 0.3714 0.0000 0.0091 0.0000 
 90       90   (0)      6 :  0.0538 0.0979 0.1941 0.0000 0.0420 0.3699 0.1545 0.0695 0.0182 
 91       91   (0)      6 :  0.2390 0.1546 0.1995 0.0054 0.0000 0.3392 0.0489 0.0000 0.0134 
 92       92   (0)      6 :  0.3069 0.0585 0.0097 0.0758 0.0466 0.4952 0.0073 0.0000 0.0000 
 93       93   (0)      7 :  0.2730 0.3391 0.0041 0.0929 0.0714 0.1556 0.0420 0.0001 0.0219 
 94       94   (0)      7 :  0.0000 0.0000 0.0000 0.0000 0.0000 0.0000 0.0000 1.0000 0.0000 
 95       95   (0)      6 :  0.0193 0.1573 0.0133 0.0230 0.0000 0.5107 0.0000 0.1988 0.0776 
 96       96   (0)      6 :  0.0000 0.0652 0.0000 0.0394 0.0000 0.8953 0.0000 0.0000 0.0000 
 97       97   (0)      6 :  0.0000 0.1714 0.0000 0.0701 0.1070 0.5743 0.0367 0.0166 0.0239 
 98       98   (0)      6 :  0.0019 0.1436 0.0000 0.0591 0.0425 0.4864 0.0839 0.0356 0.1470 
 99       99   (0)      6 :  0.3168 0.1063 0.0000 0.0039 0.0057 0.4183 0.0000 0.0000 0.1490 
100      100   (0)      6 :  0.2293 0.1492 0.0872 0.0096 0.0000 0.5247 0.0000 0.0000 0.0001 
101      101   (0)      6 :  0.0000 0.1661 0.0000 0.0388 0.0226 0.6957 0.0014 0.0117 0.0637 
102      102   (0)      6 :  0.0000 0.2315 0.0104 0.0448 0.0000 0.5809 0.0019 0.0000 0.1305 
103      103   (0)      8 :  0.2524 0.0071 0.0067 0.0557 0.2348 0.0882 0.2601 0.0949 0.0000 
104      104   (0)      8 :  0.3520 0.1158 0.0588 0.0029 0.0102 0.0100 0.4494 0.0010 0.0000 
105      105   (0)      8 :  0.4829 0.0000 0.0000 0.1476 0.1953 0.0012 0.1127 0.0603 0.0000 
106      106   (0)      8 :  0.0011 0.2161 0.3227 0.0000 0.0319 0.0000 0.4257 0.0025 0.0000 
107      107   (0)      8 :  0.0000 0.2174 0.1938 0.0080 0.1065 0.0000 0.4049 0.0694 0.0000 
108      108   (0)      8 :  0.2984 0.1210 0.0000 0.0001 0.1662 0.0000 0.2172 0.1009 0.0961 
109      109   (0)      8 :  0.4845 0.0383 0.0262 0.0057 0.1107 0.0000 0.2932 0.0356 0.0057 
110      110   (0)      8 :  0.4245 0.0000 0.0089 0.0000 0.0018 0.0000 0.5329 0.0000 0.0320 
111      111   (0)      8 :  0.0236 0.0263 0.1855 0.0138 0.1640 0.0075 0.3981 0.0918 0.0892 
112      112   (0)      8 :  0.1625 0.0316 0.0822 0.0310 0.0024 0.0000 0.5492 0.0000 0.1411 
113      113   (0)      8 :  0.3520 0.0683 0.2036 0.0203 0.1239 0.0000 0.1979 0.0321 0.0019 
114      114   (0)      8 :  0.0000 0.1747 0.0193 0.0706 0.0182 0.0000 0.4806 0.0042 0.2324 
115      115   (0)      8 :  0.0000 0.0000 0.0000 0.0000 0.0000 0.0000 0.0000 1.0000 0.0000 
116      116   (0)      8 :  0.7904 0.0082 0.0052 0.0000 0.0000 0.0000 0.1857 0.0000 0.0104 
117      117   (0)      8 :  0.0055 0.1019 0.2044 0.1236 0.1764 0.0082 0.2309 0.1151 0.0341 
118      118   (0)      8 :  0.0000 0.0301 0.2345 0.0928 0.0000 0.0188 0.5326 0.0005 0.0906 
119      119   (0)      8 :  0.0010 0.1531 0.4829 0.0102 0.0229 0.0000 0.3254 0.0000 0.0045 
120      120   (0)      8 :  0.0000 0.0739 0.4201 0.0284 0.0065 0.0710 0.3731 0.0271 0.0000 
121      121   (0)      8 :  0.2274 0.0163 0.2519 0.0000 0.0000 0.0000 0.4894 0.0039 0.0112 
122      122   (0)      8 :  0.1115 0.1401 0.0000 0.1064 0.1173 0.0173 0.3660 0.0028 0.1387 
123      123   (0)      8 :  0.0293 0.0729 0.2241 0.2010 0.0216 0.1379 0.3070 0.0000 0.0062 
124      124   (0)      8 :  0.0000 0.0000 0.0000 0.0000 0.0000 0.0000 0.0000 1.0000 0.0000 
125      125   (0)      8 :  0.0045 0.1572 0.2248 0.0477 0.0204 0.0000 0.2617 0.0322 0.2515 
126      126   (0)      3 :  0.3357 0.0799 0.0035 0.1011 0.2403 0.0000 0.1764 0.0495 0.0135 
127      127   (0)      3 :  0.8235 0.0525 0.0153 0.0055 0.0014 0.0000 0.0698 0.0000 0.0321 
128      128   (0)      3 :  0.0433 0.1298 0.3334 0.0068 0.0689 0.0000 0.4093 0.0086 0.0000 
129      129   (0)      3 :  0.2921 0.0797 0.2585 0.0814 0.0982 0.0000 0.1783 0.0000 0.0119 
130      130   (0)      3 :  0.4257 0.0052 0.0162 0.0015 0.0000 0.0000 0.5142 0.0000 0.0372 
131      131   (0)      3 :  0.0000 0.0791 0.2051 0.1433 0.0165 0.0028 0.5326 0.0195 0.0011 
132      132   (0)      3 :  0.0359 0.0611 0.2047 0.0213 0.0238 0.0000 0.5864 0.0646 0.0022 
133      133   (0)      3 :  0.1265 0.1296 0.1573 0.0195 0.2256 0.0008 0.2993 0.0000 0.0414 
134      134   (0)      3 :  0.0065 0.1359 0.1033 0.1432 0.1085 0.0145 0.3419 0.1427 0.0034 
135      135   (0)      3 :  0.0000 0.1207 0.0275 0.1677 0.2620 0.0119 0.2343 0.1749 0.0010 
136      136   (0)      3 :  0.0355 0.1029 0.1646 0.1011 0.2179 0.0021 0.3255 0.0504 0.0000 
137      137   (0)      3 :  0.0439 0.0622 0.1607 0.1235 0.0996 0.0144 0.4520 0.0437 0.0000 
138      138   (0)      3 :  0.0000 0.0630 0.2325 0.0772 0.0933 0.0544 0.4797 0.0000 0.0000 
139      139   (0)      3 :  0.0362 0.0280 0.3348 0.0077 0.0000 0.0000 0.4529 0.0027 0.1377 
140      140   (0)      3 :  0.4448 0.0056 0.0088 0.1046 0.0000 0.0059 0.3469 0.0767 0.0067 
141      141   (0)      3 :  0.0009 0.1539 0.3645 0.1035 0.1226 0.0000 0.2399 0.0052 0.0096 
142      142   (0)      3 :  0.1847 0.2280 0.1938 0.0046 0.1630 0.0000 0.1867 0.0000 0.0392 
143      143   (0)      3 :  0.0000 0.0547 0.2709 0.0137 0.0321 0.0000 0.6282 0.0005 0.0000 
144      144   (0)      3 :  0.4450 0.0000 0.0000 0.0751 0.0000 0.0104 0.4185 0.0431 0.0080 
145      145   (0)      3 :  0.0366 0.1960 0.1880 0.0041 0.1382 0.0000 0.3227 0.0000 0.1144 
146      146   (0)      3 :  0.2098 0.1711 0.3541 0.0348 0.0257 0.0000 0.1778 0.0000 0.0267 
147      147   (0)      3 :  0.0000 0.1005 0.2214 0.0076 0.2238 0.0024 0.3653 0.0791 0.0000 
148      148   (0)      3 :  0.0000 0.2925 0.2709 0.0518 0.1466 0.0072 0.1437 0.0227 0.0647 
149      149   (0)      3 :  0.0005 0.2035 0.4247 0.0000 0.0592 0.0000 0.3038 0.0083 0.0000 
150      150   (0)      3 :  0.0000 0.1431 0.1828 0.0532 0.1524 0.0000 0.3159 0.0000 0.1526 
151      151   (0)      3 :  0.0000 0.1773 0.3323 0.0000 0.0560 0.0000 0.3843 0.0319 0.0182 
152      152   (0)      3 :  0.2102 0.1229 0.0416 0.2145 0.0931 0.0306 0.2362 0.0137 0.0370 
153      153   (0)      8 :  0.1409 0.1263 0.0055 0.0172 0.0496 0.0000 0.4073 0.0000 0.2532 
154      154   (0)      8 :  0.0000 0.0000 0.0000 0.0000 0.1872 0.0000 0.0021 0.8107 0.0000 
155      155   (0)      8 :  0.2509 0.1091 0.2906 0.0000 0.0456 0.0005 0.2935 0.0088 0.0010 
156      156   (0)      8 :  0.0000 0.0972 0.1617 0.0623 0.0212 0.1817 0.2367 0.0675 0.1718 
157      157   (0)      8 :  0.2161 0.0901 0.0615 0.1455 0.0019 0.0061 0.3843 0.0024 0.0920 
158      158   (0)      8 :  0.1611 0.1071 0.0307 0.1972 0.0288 0.0307 0.3638 0.0224 0.0582 
159      159   (0)      8 :  0.0628 0.0573 0.0316 0.2031 0.0058 0.0055 0.4336 0.0722 0.1282 
160      160   (0)      1 :  0.0006 0.0227 0.4592 0.1481 0.0000 0.2815 0.0879 0.0000 0.0000 
161      161   (0)      1 :  0.3052 0.1145 0.1749 0.0708 0.0000 0.1748 0.0055 0.0000 0.1544 
162      162   (0)      1 :  0.0000 0.0274 0.5660 0.1891 0.0000 0.1608 0.0322 0.0000 0.0245 
163      163   (0)      1 :  0.3744 0.0053 0.0822 0.1402 0.0000 0.3818 0.0005 0.0075 0.0081 
164      164   (0)      1 :  0.0360 0.0179 0.6516 0.0923 0.0000 0.1960 0.0000 0.0000 0.0061 
165      165   (0)      1 :  0.2073 0.0122 0.1756 0.0467 0.0307 0.2249 0.2918 0.0023 0.0085 
166      166   (0)      1 :  0.0149 0.0207 0.4716 0.1918 0.0000 0.2998 0.0012 0.0000 0.0000 
167      167   (0)      1 :  0.1101 0.1671 0.6722 0.0038 0.0000 0.0330 0.0139 0.0000 0.0000 
168      168   (0)      2 :  0.6206 0.0193 0.1321 0.0107 0.0079 0.0328 0.0000 0.0000 0.1765 
169      169   (0)      2 :  0.0004 0.1600 0.4822 0.0105 0.0870 0.0677 0.1915 0.0000 0.0007 
170      170   (0)      2 :  0.0551 0.1174 0.4673 0.0603 0.0110 0.0806 0.2081 0.0000 0.0000 
171      171   (0)      2 :  0.4076 0.0775 0.0000 0.0381 0.0867 0.0000 0.2096 0.0000 0.1804 
172      172   (0)      2 :  0.1714 0.2076 0.5653 0.0021 0.0012 0.0078 0.0244 0.0200 0.0002 
173      173   (0)      2 :  0.7021 0.0021 0.0000 0.0257 0.0017 0.0117 0.2449 0.0000 0.0117 
174      174   (0)      2 :  0.1639 0.0251 0.3413 0.0874 0.0011 0.3399 0.0000 0.0003 0.0410 
175      175   (0)      2 :  0.0159 0.2136 0.0788 0.0314 0.0543 0.0039 0.0071 0.0000 0.5952 
176      176   (0)      1 :  0.3999 0.0347 0.2519 0.0941 0.0131 0.0965 0.0996 0.0004 0.0098 
177      177   (0)      1 :  0.0000 0.0252 0.1242 0.2789 0.0000 0.4292 0.0112 0.0000 0.1312 
178      178   (0)      1 :  0.3398 0.0000 0.0019 0.1164 0.0000 0.3394 0.1565 0.0280 0.0180 
179      179   (0)      1 :  0.0873 0.0000 0.0964 0.2184 0.0000 0.5761 0.0077 0.0000 0.0141 
180      180   (0)      1 :  0.3574 0.0122 0.0000 0.0677 0.0000 0.4634 0.0145 0.0000 0.0849 
181      181   (0)      1 :  0.0000 0.0000 0.0155 0.1677 0.0000 0.8092 0.0000 0.0000 0.0076 
182      182   (0)      2 :  0.3762 0.0630 0.0000 0.1112 0.0003 0.2006 0.0198 0.0000 0.2288 
183      183   (0)      2 :  0.0072 0.1980 0.4938 0.0966 0.0151 0.1108 0.0612 0.0165 0.0008 
184      184   (0)      2 :  0.7884 0.0140 0.0000 0.0310 0.0000 0.0000 0.0000 0.0000 0.1666 
185      185   (0)      2 :  0.0042 0.2577 0.6747 0.0100 0.0089 0.0000 0.0274 0.0000 0.0170 
186      186   (0)      2 :  0.2347 0.0448 0.0021 0.0317 0.0195 0.0000 0.0101 0.0000 0.6571 
187      187   (0)      1 :  0.4978 0.0259 0.0000 0.0846 0.0000 0.0760 0.0000 0.0000 0.3157 
188      188   (0)      1 :  0.0000 0.0120 0.2256 0.0670 0.0100 0.3658 0.2505 0.0591 0.0101 
189      189   (0)      1 :  0.0069 0.0249 0.0019 0.2824 0.0000 0.2776 0.1467 0.0000 0.2596 
190      190   (0)      1 :  0.0000 0.0253 0.2917 0.1656 0.0000 0.5146 0.0000 0.0000 0.0028 
191      191   (0)      1 :  0.6662 0.0016 0.0000 0.1067 0.0000 0.1801 0.0044 0.0000 0.0410 
192      192   (0)      1 :  0.0000 0.0394 0.2085 0.1753 0.0000 0.5211 0.0000 0.0000 0.0556 
193      193   (0)      1 :  0.0000 0.0092 0.2270 0.2096 0.0000 0.5506 0.0000 0.0000 0.0036 
194      194   (0)      1 :  0.3706 0.0000 0.0000 0.1301 0.0024 0.3841 0.0582 0.0414 0.0132 
195      195   (0)      2 :  0.4256 0.0355 0.2600 0.0600 0.0000 0.2103 0.0000 0.0000 0.0086 
196      196   (0)      2 :  0.3202 0.0163 0.0000 0.0456 0.0022 0.0679 0.3195 0.0000 0.2284 
197      197   (0)      2 :  0.0000 0.1295 0.3716 0.1824 0.0092 0.2218 0.0409 0.0364 0.0082 
198      198   (0)      2 :  0.1046 0.0165 0.3183 0.0528 0.1256 0.2229 0.1551 0.0000 0.0042 
199      199   (0)      2 :  0.0000 0.1736 0.5608 0.0333 0.0000 0.1224 0.0612 0.0024 0.0463 
200      200   (0)      2 :  0.8334 0.1038 0.0415 0.0000 0.0097 0.0032 0.0000 0.0000 0.0084 
201      201   (0)      2 :  0.4197 0.0654 0.1380 0.0279 0.0340 0.0629 0.0162 0.0007 0.2353 
202      202   (0)      2 :  0.0000 0.0174 0.5561 0.1317 0.0019 0.1296 0.1594 0.0000 0.0040 
203      203   (0)      2 :  0.1657 0.0250 0.6762 0.0327 0.0000 0.0943 0.0000 0.0000 0.0061 
204      204   (0)      2 :  0.1404 0.0505 0.6825 0.0123 0.0126 0.0089 0.0794 0.0000 0.0133 
205      205   (0)      2 :  0.0181 0.0512 0.4955 0.3141 0.0000 0.1151 0.0059 0.0000 0.0000 
206      206   (0)      2 :  0.1545 0.0726 0.3876 0.0123 0.2174 0.0262 0.0767 0.0410 0.0117 
207      207   (0)      2 :  0.4131 0.1730 0.3364 0.0011 0.0320 0.0172 0.0023 0.0010 0.0241 
208      208   (0)      9 :  0.4850 0.0000 0.2181 0.2813 0.0000 0.0000 0.0000 0.0067 0.0089 
209      209   (0)      9 :  0.5152 0.0000 0.0052 0.2640 0.0000 0.0000 0.0384 0.1482 0.0289 
210      210   (0)      9 :  0.0000 0.0405 0.4204 0.1698 0.0000 0.0000 0.0931 0.0082 0.2679 
211      211   (0)      9 :  0.1891 0.0190 0.0054 0.3684 0.0000 0.0407 0.0982 0.0227 0.2565 
212      212   (0)      9 :  0.4764 0.0007 0.0228 0.0510 0.0000 0.0000 0.0492 0.1204 0.2794 
213      213   (0)      9 :  0.0000 0.0276 0.5194 0.0990 0.0000 0.0124 0.1306 0.0010 0.2100 
214      214   (0)      9 :  0.4516 0.0133 0.2185 0.0676 0.0311 0.0000 0.0010 0.0238 0.1932 
215      215   (0)      9 :  0.0000 0.0123 0.3951 0.4387 0.0000 0.0000 0.0000 0.0000 0.1538 
216      216   (0)      9 :  0.0000 0.0273 0.0000 0.1086 0.0000 0.0000 0.0000 0.0000 0.8641 
217      217   (0)      9 :  0.0000 0.0158 0.7693 0.0908 0.0453 0.0135 0.0206 0.0446 0.0000 
218      218   (0)      9 :  0.1973 0.0531 0.0091 0.0176 0.2712 0.0000 0.0343 0.0449 0.3726 
219      219   (0)      9 :  0.0000 0.0141 0.8138 0.1041 0.0000 0.0128 0.0000 0.0000 0.0552 
220      220   (0)      9 :  0.5778 0.0149 0.0655 0.1544 0.0000 0.0000 0.0000 0.0054 0.1821 
221      221   (0)      9 :  0.2540 0.0614 0.5795 0.0373 0.0069 0.0162 0.0000 0.0000 0.0447 
222      222   (0)      9 :  0.4156 0.0070 0.2784 0.2833 0.0023 0.0102 0.0000 0.0008 0.0024 
223      223   (0)      9 :  0.8020 0.0013 0.0075 0.0116 0.0674 0.0000 0.0205 0.0049 0.0848 
224      224   (0)      9 :  0.0000 0.0921 0.7130 0.1122 0.0123 0.0000 0.0000 0.0172 0.0532 
225      225   (0)      9 :  0.0000 0.0292 0.8491 0.0520 0.0030 0.0000 0.0667 0.0000 0.0000 
226      226   (0)      9 :  0.0024 0.0081 0.2971 0.5978 0.0124 0.0649 0.0027 0.0024 0.0122 
227      227   (0)      9 :  0.0000 0.0349 0.3067 0.1770 0.0000 0.0177 0.0000 0.0025 0.4613 
228      228   (0)      9 :  0.2964 0.0207 0.5588 0.0897 0.0000 0.0000 0.0000 0.0000 0.0344 
229      229   (0)      9 :  0.0008 0.0229 0.6394 0.3008 0.0337 0.0000 0.0023 0.0000 0.0003 
230      230   (0)      9 :  0.0000 0.0095 0.6804 0.1036 0.0020 0.0602 0.0000 0.0000 0.1443 
231      231   (0)      9 :  0.0000 0.0012 0.3283 0.6425 0.0000 0.0196 0.0000 0.0026 0.0058 
232      232   (0)      9 :  0.4628 0.0000 0.2702 0.2571 0.0000 0.0039 0.0000 0.0000 0.0060 
233      233   (0)      9 :  0.0000 0.0144 0.0558 0.6101 0.0000 0.0000 0.0000 0.0000 0.3197 
234      234   (0)      9 :  0.0247 0.0013 0.7183 0.2016 0.0000 0.0000 0.0000 0.0000 0.0541 
235      235   (0)      9 :  0.2966 0.0253 0.4070 0.1002 0.0000 0.0000 0.0000 0.0000 0.1709 
236      236   (0)      9 :  0.0241 0.0058 0.2825 0.6495 0.0028 0.0080 0.0000 0.0230 0.0042 
237      237   (0)     10 :  0.0119 0.0133 0.1234 0.4500 0.0755 0.1006 0.0509 0.0501 0.1244 
238      238   (0)     10 :  0.0258 0.0458 0.6528 0.0546 0.0000 0.1005 0.0000 0.0000 0.1206 
239      239   (0)     10 :  0.0000 0.0202 0.9092 0.0678 0.0000 0.0000 0.0000 0.0000 0.0028 
240      240   (0)     10 :  0.8916 0.0005 0.0339 0.0419 0.0000 0.0000 0.0000 0.0000 0.0321 
241      241   (0)     10 :  0.6998 0.0009 0.0213 0.1979 0.0000 0.0084 0.0000 0.0224 0.0494 
242      242   (0)     10 :  0.0225 0.1244 0.5792 0.1514 0.0508 0.0056 0.0000 0.0202 0.0460 
243      243   (0)     10 :  0.0068 0.0516 0.8448 0.0780 0.0000 0.0016 0.0000 0.0000 0.0171 
244      244   (0)     10 :  0.2602 0.0203 0.0000 0.0490 0.0000 0.2013 0.0000 0.0000 0.4692 
245      245   (0)     10 :  0.0603 0.0254 0.0588 0.4748 0.0000 0.0217 0.0000 0.0000 0.3590 
246      246   (0)     10 :  0.0000 0.0343 0.0000 0.2122 0.3512 0.0069 0.0000 0.0937 0.3017 
247      247   (0)     10 :  0.0000 0.0000 0.2704 0.6350 0.0045 0.0361 0.0000 0.0125 0.0415 
248      248   (0)     10 :  0.0031 0.0257 0.1984 0.2560 0.3830 0.0000 0.0000 0.0803 0.0535 
249      249   (0)     10 :  0.0000 0.0337 0.4961 0.1258 0.0413 0.2618 0.0000 0.0131 0.0282 
250      250   (0)     10 :  0.2289 0.0343 0.0858 0.2427 0.1730 0.2066 0.0160 0.0125 0.0002 
251      251   (0)     10 :  0.0000 0.0490 0.0003 0.1635 0.0000 0.5576 0.0000 0.0005 0.2291 
252      252   (0)     10 :  0.1913 0.0000 0.1864 0.3773 0.2012 0.0002 0.0052 0.0149 0.0235 
253      253   (0)     10 :  0.0000 0.0525 0.3042 0.3020 0.0000 0.0034 0.0009 0.0000 0.3370 
254      254   (0)     10 :  0.3736 0.0098 0.2269 0.2147 0.0001 0.0790 0.0000 0.0004 0.0954 
255      255   (0)     10 :  0.0000 0.1357 0.0000 0.2644 0.0777 0.2929 0.0112 0.0138 0.2043 
256      256   (0)     10 :  0.0000 0.1199 0.0111 0.1957 0.0263 0.3139 0.0033 0.0219 0.3080 
257      257   (0)     10 :  0.4725 0.0000 0.0000 0.3144 0.0209 0.0776 0.0840 0.0186 0.0121 
258      258   (0)     10 :  0.0000 0.0247 0.0040 0.5580 0.0485 0.0978 0.0000 0.0000 0.2670 
259      259   (0)     10 :  0.3776 0.0114 0.0000 0.3042 0.0697 0.0795 0.0000 0.0296 0.1281 
260      260   (0)     10 :  0.0000 0.0248 0.5858 0.2008 0.0069 0.0000 0.0000 0.0004 0.1814 
261      261   (0)     10 :  0.6009 0.0370 0.0000 0.0816 0.0000 0.0235 0.0000 0.0003 0.2566 
262      262   (0)     10 :  0.0000 0.1484 0.0969 0.4370 0.0146 0.0738 0.0000 0.0000 0.2292 
263      263   (0)     10 :  0.0000 0.1147 0.1124 0.1749 0.0270 0.2597 0.0000 0.2039 0.1074 
264      264   (0)     11 :  0.0000 0.0402 0.0016 0.0000 0.6784 0.0000 0.0000 0.0490 0.2307 
265      265   (0)     11 :  0.0000 0.0790 0.4306 0.0250 0.1264 0.0000 0.0000 0.0000 0.3390 
266      266   (0)     11 :  0.0000 0.0256 0.0000 0.0000 0.8481 0.0000 0.0000 0.0071 0.1192 
267      267   (0)     11 :  0.4084 0.0167 0.0000 0.0000 0.4983 0.0000 0.0000 0.0017 0.0749 
268      268   (0)     11 :  0.0019 0.1490 0.0000 0.0081 0.2995 0.0000 0.0277 0.0000 0.5138 
269      269   (0)     11 :  0.0000 0.0345 0.0000 0.0000 0.6009 0.0000 0.0000 0.0762 0.2884 
270      270   (0)     11 :  0.0000 0.2050 0.1615 0.0148 0.3866 0.0000 0.0339 0.0000 0.1981 
271      271   (0)     11 :  0.0234 0.0905 0.0000 0.0000 0.1742 0.0000 0.0000 0.0000 0.7119 
272      272   (0)     11 :  0.0000 0.1680 0.0000 0.0180 0.2160 0.0000 0.0199 0.0000 0.5781 
273      273   (0)     12 :  0.2132 0.0180 0.6311 0.0365 0.0038 0.0021 0.0889 0.0003 0.0061 
274      274   (0)     12 :  0.5425 0.0078 0.1640 0.1754 0.0615 0.0000 0.0114 0.0000 0.0374 
275      275   (0)     12 :  0.4472 0.0006 0.4271 0.1086 0.0000 0.0000 0.0000 0.0000 0.0164 
276      276   (0)     12 :  0.9697 0.0000 0.0000 0.0000 0.0000 0.0000 0.0000 0.0000 0.0303 
277      277   (0)     12 :  0.0000 0.0309 0.4456 0.1447 0.0000 0.0615 0.0000 0.0000 0.3173 
278      278   (0)     12 :  0.4598 0.0000 0.2768 0.1424 0.0011 0.0002 0.0979 0.0000 0.0217 
279      279   (0)     12 :  0.6602 0.0000 0.0324 0.2752 0.0000 0.0000 0.0209 0.0000 0.0113 
280      280   (0)     12 :  0.0033 0.0000 0.4507 0.4886 0.0116 0.0065 0.0339 0.0053 0.0000 
281      281   (0)     12 :  0.5051 0.0022 0.2440 0.1176 0.0000 0.0063 0.0000 0.1076 0.0173 
282      282   (0)     12 :  0.0000 0.0000 0.0000 0.0000 0.0000 0.0000 0.0000 1.0000 0.0000 
283      283   (0)     12 :  0.2110 0.0600 0.5934 0.0406 0.0017 0.0038 0.0735 0.0000 0.0160 
284      284   (0)     12 :  0.5636 0.0041 0.0000 0.0284 0.0078 0.0003 0.3426 0.0117 0.0416 
285      285   (0)     12 :  0.8599 0.0007 0.0574 0.0439 0.0000 0.0000 0.0000 0.0000 0.0382 
286      286   (0)     12 :  0.1435 0.0550 0.0000 0.0424 0.0231 0.0000 0.0192 0.0000 0.7168 
287      287   (0)     12 :  0.2751 0.0082 0.5181 0.1091 0.0024 0.0349 0.0003 0.0010 0.0508 
288      288   (0)     12 :  0.2148 0.0345 0.3138 0.1469 0.0000 0.0000 0.0000 0.0000 0.2900 
289      289   (0)     12 :  0.0291 0.0047 0.6946 0.1988 0.0000 0.0004 0.0000 0.0001 0.0723 
290      290   (0)     12 :  0.0196 0.0956 0.0252 0.2837 0.0341 0.1036 0.0549 0.0000 0.3835 
291      291   (0)     12 :  0.0621 0.0935 0.4451 0.1585 0.0371 0.0000 0.1049 0.0023 0.0964 
292      292   (0)     12 :  0.0000 0.0962 0.7095 0.0860 0.0000 0.0029 0.0000 0.0000 0.1054 
293      293   (0)     12 :  0.3820 0.0016 0.3112 0.1023 0.0000 0.0005 0.0000 0.0000 0.2024 
294      294   (0)     12 :  0.4198 0.0191 0.2123 0.1067 0.0000 0.0555 0.0000 0.0000 0.1867 
295      295   (0)     12 :  0.5193 0.0201 0.3197 0.0615 0.0013 0.0063 0.0000 0.0000 0.0717 
296      296   (0)     12 :  0.0017 0.1439 0.4759 0.0900 0.0448 0.0000 0.0044 0.0000 0.2394 
297      297   (0)     12 :  0.6133 0.0169 0.2502 0.0597 0.0026 0.0000 0.0000 0.0000 0.0574 
298      298   (0)     12 :  0.5970 0.0016 0.0000 0.2119 0.0000 0.0208 0.0065 0.0892 0.0730 
299      299   (0)     12 :  0.2197 0.0000 0.1394 0.3849 0.0906 0.0455 0.0329 0.0819 0.0052 
300      300   (0)     12 :  0.9630 0.0000 0.0035 0.0110 0.0000 0.0005 0.0000 0.0000 0.0221 
