1        1   (0)      1  : 0.0056 0.0238 0.0000 0.4947 0.4758 0.0000 0.0000 0.0000
2        2   (0)      1  : 0.3439 0.0267 0.1036 0.3859 0.0651 0.0000 0.0655 0.0093
3        3   (0)      1  : 0.0000 0.0927 0.0000 0.0000 0.0000 0.7136 0.0000 0.1937
4        4   (0)      1  : 0.0000 0.0000 0.0000 0.5031 0.1609 0.0000 0.3360 0.0000
5        5   (0)      1  : 0.0047 0.0622 0.0228 0.7013 0.0000 0.0000 0.0000 0.2090
6        6   (0)      1  : 0.1673 0.0000 0.0000 0.0752 0.3304 0.3774 0.0000 0.0496
7        7   (0)      2  : 0.0000 0.0000 0.0000 0.6644 0.0000 0.0000 0.3356 0.0000
8        8   (0)      1  : 0.2660 0.0175 0.0000 0.7165 0.0000 0.0000 0.0000 0.0000
9        9   (0)      3  : 0.0033 0.0000 0.5541 0.0000 0.4232 0.0000 0.0194 0.0000
10       10   (0)      4  : 0.0000 0.0000 0.1018 0.0000 0.0000 0.0000 0.1485 0.7497
11       11   (0)      4  : 0.3810 0.0000 0.4200 0.1282 0.0626 0.0000 0.0081 0.0000
12       12   (0)      4  : 0.0000 0.0422 0.2788 0.0730 0.3096 0.0197 0.1351 0.1416
13       13   (0)      4  : 0.0000 0.0000 0.0000 0.0000 0.0000 0.0000 0.0000 1.0000
14       14   (0)      4  : 0.2229 0.0000 0.5211 0.2025 0.0000 0.0147 0.0000 0.0387
15       15   (0)      4  : 0.0000 0.0000 0.0000 0.0000 0.2236 0.7764 0.0000 0.0000
16       16   (0)      5  : 0.3208 0.0000 0.2512 0.0966 0.2037 0.0224 0.1052 0.0000
17       17   (0)      4  : 0.0000 0.0000 0.4370 0.0000 0.3141 0.1113 0.1305 0.0070
18       18   (0)      5  : 0.2963 0.0000 0.4245 0.2242 0.0350 0.0000 0.0000 0.0199
19       19   (0)      5  : 0.2894 0.0000 0.6332 0.0162 0.0000 0.0000 0.0613 0.0000
20       20   (0)      5  : 0.0000 0.0000 0.5995 0.0000 0.1225 0.0000 0.2780 0.0000
21       21   (0)      5  : 0.2630 0.0000 0.7370 0.0000 0.0000 0.0000 0.0000 0.0000
22       22   (0)      5  : 0.0000 0.0362 0.3552 0.0114 0.5382 0.0000 0.0000 0.0591
23       23   (0)      5  : 0.0000 0.0000 0.6372 0.0000 0.3628 0.0000 0.0000 0.0000
24       24   (0)      5  : 0.1521 0.0333 0.3864 0.0144 0.0876 0.0000 0.2340 0.0922
25       25   (0)      5  : 0.0000 0.0257 0.6170 0.0000 0.3572 0.0000 0.0000 0.0001
26       26   (0)      5  : 0.0137 0.0000 0.6731 0.0000 0.0000 0.0134 0.2999 0.0000
27       27   (0)      5  : 0.0000 0.0000 0.5350 0.0000 0.4080 0.0000 0.0000 0.0569
28       28   (0)      5  : 0.0164 0.0000 0.8300 0.0000 0.0000 0.0000 0.0000 0.1535
29       29   (0)      5  : 0.7292 0.0000 0.2708 0.0000 0.0000 0.0000 0.0000 0.0000
30       30   (0)      5  : 0.2930 0.0000 0.4109 0.0000 0.0951 0.0000 0.2010 0.0000
31       31   (0)      5  : 0.0000 0.0651 0.6347 0.0000 0.2070 0.0000 0.0000 0.0931
32       32   (0)      5  : 0.4377 0.0000 0.1264 0.0000 0.4238 0.0000 0.0000 0.0121
33       33   (0)      5  : 0.2799 0.0000 0.3233 0.0000 0.3951 0.0000 0.0017 0.0000
34       34   (0)      5  : 0.5970 0.0000 0.3035 0.0030 0.0585 0.0000 0.0380 0.0000
35       35   (0)      5  : 0.1815 0.0000 0.7929 0.0000 0.0000 0.0000 0.0000 0.0256
36       36   (0)      5  : 0.2556 0.0097 0.5672 0.0000 0.1636 0.0000 0.0000 0.0040
37       37   (0)      5  : 0.0000 0.0000 0.7040 0.0858 0.1181 0.0000 0.0345 0.0576
38       38   (0)      5  : 0.2439 0.0000 0.4091 0.0000 0.0436 0.0000 0.0000 0.3034
39       39   (0)      5  : 0.4061 0.0089 0.4967 0.0000 0.0000 0.0000 0.0000 0.0883
40       40   (0)      5  : 0.0000 0.0000 0.5392 0.0000 0.4066 0.0000 0.0000 0.0542
41       41   (0)      5  : 0.5652 0.0000 0.4225 0.0000 0.0000 0.0000 0.0123 0.0000
42       42   (0)      5  : 0.0000 0.0000 0.0000 0.0000 0.0000 0.9480 0.0520 0.0000
43       43   (0)      5  : 0.0000 0.0083 0.3899 0.0606 0.2982 0.0000 0.1431 0.1000
44       44   (0)      4  : 0.0000 0.0000 0.5195 0.0000 0.0000 0.0000 0.0000 0.4805
45       45   (0)      4  : 0.3131 0.0175 0.2116 0.0000 0.0506 0.0367 0.2549 0.1155
46       46   (0)      4  : 0.0000 0.0000 0.2748 0.0000 0.5739 0.0851 0.0663 0.0000
47       47   (0)      4  : 0.5671 0.0000 0.2710 0.0035 0.0000 0.0000 0.0154 0.1429
48       48   (0)      5  : 0.2624 0.0338 0.1794 0.0163 0.2839 0.0239 0.0367 0.1636
49       49   (0)      4  : 0.0000 0.0000 0.3719 0.0000 0.3418 0.0000 0.2863 0.0000
50       50   (0)      4  : 0.0000 0.0000 0.0000 0.0000 0.0829 0.8957 0.0215 0.0000
51       51   (0)      4  : 0.2623 0.0710 0.4355 0.2169 0.0143 0.0000 0.0000 0.0000
52       52   (0)      4  : 0.0000 0.0681 0.0000 0.0000 0.0000 0.8424 0.0895 0.0000
53       53   (0)      4  : 0.2249 0.0000 0.5382 0.1235 0.0000 0.0000 0.0000 0.1134
54       54   (0)      4  : 0.0000 0.0000 0.0000 0.0000 0.0000 1.0000 0.0000 0.0000
55       55   (0)      4  : 0.1250 0.0000 0.0889 0.0000 0.0000 0.7861 0.0000 0.0000
56       56   (0)      4  : 0.0762 0.0000 0.6103 0.0391 0.0630 0.0020 0.0000 0.2094
57       57   (0)      5  : 0.3899 0.0649 0.2035 0.0509 0.1184 0.0000 0.0086 0.1639
58       58   (0)      4  : 0.1392 0.0946 0.0000 0.0000 0.2290 0.5373 0.0000 0.0000
59       59   (0)      4  : 0.0000 0.0000 0.0440 0.0000 0.0000 0.8696 0.0390 0.0475
60       60   (0)      4  : 0.4291 0.0000 0.2438 0.0579 0.2069 0.0567 0.0000 0.0056
61       61   (0)      5  : 0.0315 0.0000 0.3347 0.0876 0.2292 0.0418 0.2659 0.0092
62       62   (0)      6  : 0.0000 0.0000 0.0171 0.0636 0.0470 0.6926 0.0000 0.1798
63       63   (0)      6  : 0.0000 0.1389 0.0000 0.0036 0.0720 0.7855 0.0000 0.0000
64       64   (0)      6  : 0.0000 0.0000 0.0000 0.9409 0.0000 0.0000 0.0000 0.0591
65       65   (0)      6  : 0.2055 0.0000 0.3342 0.1685 0.2917 0.0000 0.0000 0.0000
66       66   (0)      6  : 0.0000 0.0000 0.0000 0.0000 0.0000 0.0000 0.0000 1.0000
67       67   (0)      6  : 0.0000 0.0000 0.0000 0.6706 0.3294 0.0000 0.0000 0.0000
68       68   (0)      6  : 0.1245 0.0000 0.0582 0.4267 0.3883 0.0023 0.0000 0.0000
69       69   (0)      6  : 0.2207 0.0000 0.1136 0.1607 0.4703 0.0347 0.0000 0.0000
70       70   (0)      6  : 0.0000 0.0000 0.0972 0.1327 0.7589 0.0000 0.0000 0.0111
71       71   (0)      6  : 0.1168 0.0000 0.1680 0.3092 0.4061 0.0000 0.0000 0.0000
72       72   (0)      7  : 0.4523 0.0000 0.3820 0.1389 0.0000 0.0000 0.0000 0.0268
73       73   (0)      7  : 0.4779 0.0000 0.1551 0.0776 0.0000 0.0840 0.2054 0.0000
74       74   (0)      7  : 0.2161 0.0107 0.2496 0.1847 0.0564 0.0373 0.1434 0.1018
75       75   (0)      7  : 0.3000 0.0037 0.3332 0.2486 0.0000 0.1145 0.0000 0.0000
76       76   (0)      7  : 0.0071 0.0017 0.7988 0.1924 0.0000 0.0000 0.0000 0.0000
77       77   (0)      7  : 0.0305 0.0955 0.3548 0.3174 0.0572 0.0000 0.0000 0.1445
78       78   (0)      7  : 0.0674 0.0000 0.4021 0.1647 0.0000 0.0357 0.3301 0.0000
79       79   (0)      7  : 0.6800 0.0000 0.1693 0.0601 0.0000 0.0000 0.0907 0.0000
80       80   (0)      7  : 0.1697 0.0000 0.4942 0.2809 0.0552 0.0000 0.0000 0.0000
81       81   (0)      7  : 0.0000 0.0000 0.7626 0.2323 0.0000 0.0000 0.0000 0.0051
82       82   (0)      7  : 0.5047 0.0539 0.1120 0.0830 0.0200 0.0654 0.0833 0.0777
83       83   (0)      7  : 0.0000 0.0637 0.0000 0.1099 0.0000 0.8239 0.0000 0.0025
84       84   (0)      7  : 0.4137 0.0000 0.4398 0.1426 0.0000 0.0040 0.0000 0.0000
85       85   (0)      7  : 0.0000 0.0000 0.7423 0.2576 0.0000 0.0000 0.0000 0.0001
86       86   (0)      7  : 0.1447 0.0000 0.0000 0.0000 0.0702 0.7852 0.0000 0.0000
87       87   (0)      7  : 0.0357 0.0000 0.2696 0.1588 0.5359 0.0000 0.0000 0.0000
88       88   (0)      7  : 0.0000 0.0000 0.0001 0.0000 0.1148 0.8409 0.0000 0.0442
89       89   (0)      7  : 0.4257 0.0028 0.4847 0.0000 0.0000 0.0047 0.0000 0.0821
90       90   (0)      7  : 0.3418 0.0000 0.2436 0.0632 0.3505 0.0009 0.0000 0.0000
91       91   (0)      7  : 0.3803 0.0000 0.4645 0.1154 0.0000 0.0000 0.0398 0.0000
92       92   (0)      7  : 0.1473 0.0665 0.4559 0.1852 0.0000 0.0000 0.0000 0.1452
93       93   (0)      7  : 0.3044 0.0000 0.3240 0.1069 0.2100 0.0468 0.0000 0.0078
94       94   (0)      7  : 0.0000 0.0000 0.6621 0.3284 0.0000 0.0000 0.0000 0.0095
95       95   (0)      7  : 0.0000 0.0652 0.4567 0.2060 0.1649 0.0000 0.0000 0.1073
96       96   (0)      7  : 0.0000 0.0000 0.6863 0.0911 0.0000 0.0000 0.1478 0.0748
97       97   (0)      7  : 0.0000 0.0272 0.7146 0.1211 0.0000 0.0000 0.0000 0.1371
98       98   (0)      7  : 0.0000 0.0000 0.7220 0.1054 0.0000 0.0000 0.0000 0.1726
99       99   (0)      7  : 0.0000 0.0205 0.0306 0.2256 0.0000 0.7232 0.0000 0.0000
100      100   (0)      6  : 0.3300 0.0000 0.1222 0.4231 0.0000 0.0000 0.1222 0.0025
101      101   (0)      6  : 0.0727 0.0000 0.1628 0.4061 0.0418 0.0417 0.2363 0.0386
102      102   (0)      6  : 0.0383 0.0000 0.0000 0.2020 0.6125 0.0289 0.0000 0.1183
103      103   (0)      6  : 0.4931 0.0000 0.0094 0.4975 0.0000 0.0000 0.0000 0.0000
104      104   (0)      6  : 0.0000 0.0000 0.0000 0.3851 0.6058 0.0047 0.0000 0.0044
105      105   (0)      6  : 0.1977 0.0000 0.1318 0.4979 0.0871 0.0000 0.0001 0.0854
106      106   (0)      6  : 0.2667 0.0000 0.0033 0.3886 0.2481 0.0433 0.0492 0.0007
107      107   (0)      6  : 0.0003 0.0553 0.0013 0.5974 0.3457 0.0000 0.0000 0.0000
108      108   (0)      6  : 0.0000 0.0000 0.0000 0.1099 0.0000 0.8901 0.0000 0.0000
109      109   (0)      7  : 0.1387 0.0000 0.3003 0.2232 0.3234 0.0145 0.0000 0.0000
110      110   (0)      7  : 0.0000 0.0000 0.0000 0.0000 0.0000 0.0000 0.0000 1.0000
111      111   (0)      8  : 0.0000 0.0000 0.0000 0.5620 0.0000 0.0326 0.1629 0.2424
112      112   (0)      6  : 0.0000 0.0000 0.0000 1.0000 0.0000 0.0000 0.0000 0.0000
113      113   (0)      6  : 0.0000 0.0000 0.0000 0.0645 0.0000 0.9135 0.0000 0.0220
114      114   (0)      6  : 0.0000 0.0000 0.2923 0.7034 0.0000 0.0000 0.0000 0.0043
115      115   (0)      6  : 0.0000 0.1708 0.0000 0.2715 0.0000 0.4219 0.0000 0.1358
116      116   (0)      6  : 0.0000 0.0161 0.1373 0.5252 0.0427 0.0059 0.2018 0.0711
117      117   (0)      6  : 0.0000 0.0000 0.0000 0.5238 0.2875 0.0000 0.1887 0.0000
118      118   (0)      6  : 0.1612 0.0000 0.0000 0.6404 0.1984 0.0000 0.0000 0.0000
119      119   (0)      6  : 0.0000 0.0000 0.0708 0.8216 0.0000 0.0000 0.1075 0.0000
120      120   (0)      6  : 0.0000 0.0000 0.0000 0.7100 0.0000 0.0272 0.2629 0.0000
121      121   (0)      6  : 0.0000 0.0346 0.0000 0.1914 0.0000 0.7740 0.0000 0.0000
122      122   (0)      9  : 0.0000 0.0878 0.2359 0.1320 0.3908 0.0000 0.0000 0.1535
123      123   (0)      9  : 0.2342 0.0000 0.2335 0.0000 0.4553 0.0456 0.0000 0.0314
124      124   (0)      9  : 0.0000 0.0772 0.1300 0.0003 0.6734 0.0000 0.0000 0.1190
125      125   (0)      9  : 0.5749 0.0000 0.3437 0.0000 0.0414 0.0156 0.0000 0.0243
126      126   (0)      9  : 0.4471 0.0000 0.4718 0.0000 0.0000 0.0000 0.0000 0.0811
127      127   (0)      9  : 0.0000 0.0000 0.4679 0.0000 0.4211 0.0000 0.0144 0.0966
128      128   (0)      9  : 0.1267 0.0147 0.1934 0.0000 0.5730 0.0000 0.0000 0.0922
129      129   (0)      9  : 0.0000 0.0000 0.1959 0.0000 0.6920 0.0300 0.0020 0.0801
130      130   (0)      9  : 0.3103 0.0072 0.2389 0.0119 0.0527 0.0000 0.1514 0.2275
131      131   (0)      9  : 0.2107 0.0000 0.3139 0.0000 0.3597 0.0000 0.1157 0.0000
132      132   (0)      9  : 0.3554 0.0190 0.1729 0.0000 0.3765 0.0000 0.0000 0.0761
133      133   (0)      9  : 0.1504 0.0000 0.4205 0.0000 0.0640 0.0000 0.3138 0.0512
134      134   (0)      9  : 0.0000 0.0000 0.0000 0.0000 0.0000 0.0000 0.0000 1.0000
135      135   (0)      9  : 0.0299 0.0000 0.0270 0.0000 0.9431 0.0000 0.0000 0.0000
136      136   (0)      9  : 0.4189 0.0494 0.3009 0.0432 0.0027 0.0000 0.0002 0.1846
137      137   (0)      9  : 0.5275 0.0000 0.2376 0.0321 0.0197 0.0000 0.1310 0.0522
138      138   (0)      9  : 0.6900 0.0000 0.2756 0.0000 0.0205 0.0140 0.0000 0.0000
139      139   (0)      9  : 0.6622 0.0000 0.2295 0.0759 0.0000 0.0000 0.0000 0.0323
140      140   (0)      9  : 0.3630 0.0000 0.2044 0.0000 0.3970 0.0000 0.0000 0.0356
141      141   (0)      9  : 0.0000 0.0000 0.5532 0.0479 0.3796 0.0000 0.0163 0.0031
142      142   (0)      9  : 0.4987 0.0077 0.2198 0.1811 0.0870 0.0000 0.0000 0.0057
143      143   (0)      9  : 0.0000 0.0000 0.0000 0.0000 0.0000 0.0000 0.0000 1.0000
144      144   (0)      9  : 0.3592 0.0087 0.2106 0.0000 0.0430 0.0071 0.3041 0.0673
145      145   (0)      3  : 0.0086 0.0320 0.3545 0.0022 0.4890 0.0000 0.0000 0.1137
146      146   (0)      3  : 0.0896 0.0792 0.0330 0.0000 0.2539 0.5442 0.0000 0.0000
147      147   (0)      3  : 0.0285 0.0000 0.0695 0.0000 0.8833 0.0000 0.0187 0.0000
148      148   (0)      3  : 0.5263 0.0085 0.3192 0.0000 0.0463 0.0753 0.0000 0.0244
149      149   (0)      3  : 0.4072 0.0000 0.2939 0.0000 0.2989 0.0000 0.0000 0.0000
150      150   (0)      3  : 0.0000 0.0000 0.2425 0.0000 0.5777 0.0857 0.0426 0.0515
151      151   (0)      3  : 0.5525 0.0000 0.3590 0.0000 0.0003 0.0000 0.0000 0.0881
152      152   (0)      3  : 0.4018 0.0000 0.3101 0.0000 0.1696 0.0000 0.0000 0.1185
153      153   (0)      3  : 0.2124 0.0274 0.5181 0.0000 0.2390 0.0000 0.0031 0.0000
154      154   (0)      3  : 0.2853 0.0110 0.4129 0.0084 0.0650 0.0000 0.0000 0.2173
155      155   (0)      3  : 0.1899 0.0428 0.5240 0.0000 0.0000 0.0462 0.0000 0.1971
156      156   (0)      3  : 0.3723 0.1026 0.3783 0.0080 0.0745 0.0000 0.0000 0.0642
157      157   (0)      3  : 0.4540 0.0322 0.2574 0.0242 0.0962 0.0000 0.0000 0.1359
158      158   (0)      3  : 0.4652 0.0052 0.4377 0.0919 0.0000 0.0000 0.0000 0.0000
159      159   (0)      3  : 0.2660 0.1709 0.0000 0.0000 0.0000 0.5632 0.0000 0.0000
160      160   (0)      3  : 0.4640 0.0000 0.1727 0.0000 0.1241 0.0000 0.1516 0.0875
161      161   (0)      3  : 0.0000 0.0000 0.1384 0.0000 0.7267 0.0000 0.0000 0.1349
162      162   (0)      3  : 0.5839 0.0000 0.3891 0.0027 0.0130 0.0000 0.0000 0.0113
163      163   (0)      3  : 0.2895 0.0000 0.4686 0.0000 0.2419 0.0000 0.0000 0.0000
164      164   (0)      3  : 0.5400 0.0052 0.4267 0.0000 0.0000 0.0000 0.0000 0.0281
165      165   (0)      3  : 0.0000 0.0000 0.1366 0.0000 0.7330 0.0000 0.0000 0.1304
166      166   (0)      3  : 0.3003 0.0000 0.5179 0.0000 0.1084 0.0000 0.0734 0.0000
167      167   (0)      3  : 0.5360 0.0000 0.1859 0.0004 0.2761 0.0000 0.0000 0.0015
168      168   (0)      3  : 0.4247 0.0276 0.3546 0.0000 0.0288 0.0000 0.0000 0.1644
169      169   (0)      3  : 0.4766 0.0000 0.4664 0.0169 0.0000 0.0000 0.0201 0.0200
170      170   (0)      3  : 0.6889 0.0000 0.2674 0.0000 0.0000 0.0119 0.0000 0.0318
171      171   (0)      3  : 0.3105 0.0000 0.4583 0.0000 0.0000 0.0000 0.2311 0.0000
172      172   (0)      3  : 0.5638 0.0000 0.3635 0.0060 0.0000 0.0000 0.0000 0.0666
173      173   (0)      3  : 0.1181 0.0146 0.3605 0.0501 0.4300 0.0000 0.0000 0.0267
174      174   (0)      9  : 0.0000 0.0000 0.4228 0.0000 0.3521 0.0000 0.2251 0.0000
175      175   (0)      9  : 0.0000 0.0000 0.0184 0.0000 0.0000 0.0000 0.0000 0.9816
176      176   (0)      9  : 0.4581 0.0034 0.1956 0.0000 0.2975 0.0081 0.0031 0.0342
177      177   (0)      9  : 0.2747 0.0000 0.1540 0.1785 0.0000 0.0000 0.2890 0.1037
178      178   (0)      9  : 0.2113 0.0042 0.2093 0.0182 0.4194 0.0000 0.0873 0.0504
179      179   (0)      9  : 0.1140 0.0195 0.3328 0.0976 0.4001 0.0000 0.0000 0.0362
180      180   (0)      9  : 0.1283 0.0000 0.2539 0.0257 0.2866 0.0207 0.1440 0.1409
181      181   (0)      1  : 0.6308 0.0000 0.0434 0.3063 0.0195 0.0000 0.0000 0.0000
182      182   (0)      1  : 0.2307 0.0000 0.0000 0.2371 0.2698 0.0310 0.2315 0.0000
183      183   (0)      1  : 0.6574 0.0000 0.0001 0.2606 0.0000 0.0000 0.0765 0.0054
184      184   (0)      1  : 0.1324 0.0000 0.0000 0.4204 0.4192 0.0280 0.0000 0.0000
185      185   (0)      1  : 0.6996 0.0000 0.0000 0.2361 0.0554 0.0000 0.0089 0.0000
186      186   (0)      1  : 0.2342 0.0302 0.1861 0.2468 0.2855 0.0000 0.0000 0.0171
187      187   (0)      1  : 0.5796 0.0000 0.0000 0.3739 0.0465 0.0000 0.0000 0.0000
188      188   (0)      1  : 0.8400 0.0000 0.0000 0.0742 0.0857 0.0000 0.0000 0.0000
189      189   (0)      2  : 0.1158 0.0000 0.0000 0.0511 0.5310 0.0000 0.3020 0.0000
190      190   (0)      2  : 0.6563 0.0000 0.2268 0.0948 0.0000 0.0131 0.0000 0.0090
191      191   (0)      2  : 0.6317 0.0000 0.1432 0.1122 0.0944 0.0000 0.0000 0.0184
192      192   (0)      2  : 0.0000 0.0000 0.2899 0.0000 0.5028 0.0000 0.2073 0.0000
193      193   (0)      2  : 0.7755 0.0000 0.0000 0.0000 0.1567 0.0000 0.0000 0.0679
194      194   (0)      2  : 0.0000 0.0000 0.1309 0.0000 0.8689 0.0000 0.0000 0.0002
195      195   (0)      2  : 0.2477 0.0000 0.0000 0.4258 0.1199 0.0000 0.2066 0.0000
196      196   (0)      2  : 0.0003 0.0000 0.2373 0.0730 0.0544 0.0000 0.6351 0.0000
197      197   (0)      1  : 0.3437 0.0000 0.0738 0.0737 0.5088 0.0000 0.0000 0.0000
198      198   (0)      1  : 0.2833 0.0000 0.0000 0.4863 0.0000 0.0000 0.2304 0.0000
199      199   (0)      1  : 0.0000 0.0000 0.0375 0.3895 0.5177 0.0000 0.0000 0.0553
200      200   (0)      1  : 0.0000 0.0000 0.0000 0.7332 0.2658 0.0000 0.0010 0.0000
201      201   (0)      1  : 0.0000 0.0000 0.0000 0.4933 0.3632 0.0122 0.1313 0.0000
202      202   (0)      1  : 0.0000 0.0000 0.0000 0.9277 0.0000 0.0000 0.0723 0.0000
203      203   (0)      2  : 0.0000 0.0000 0.0135 0.0000 0.1570 0.5174 0.2028 0.1092
204      204   (0)      2  : 0.0000 0.0000 0.0000 0.2615 0.3487 0.0000 0.3899 0.0000
205      205   (0)      2  : 0.0000 0.0053 0.0656 0.0000 0.0100 0.8846 0.0000 0.0345
206      206   (0)      2  : 0.7350 0.0000 0.0857 0.1399 0.0006 0.0000 0.0000 0.0387
207      207   (0)      2  : 0.0000 0.0000 0.0000 0.0000 0.7172 0.0525 0.2303 0.0000
208      208   (0)      2  : 0.8748 0.0000 0.0157 0.0000 0.0000 0.0750 0.0341 0.0004
209      209   (0)      2  : 0.0000 0.0000 0.0348 0.0000 0.2649 0.0000 0.7002 0.0000
210      210   (0)      1  : 0.0000 0.0000 0.0000 0.1184 0.4655 0.0000 0.4160 0.0000
211      211   (0)      1  : 0.1986 0.0000 0.1276 0.4301 0.0000 0.0000 0.1235 0.1202
212      212   (0)      1  : 0.0000 0.0000 0.0412 0.3861 0.1118 0.0000 0.4177 0.0432
213      213   (0)      1  : 0.3745 0.0000 0.0000 0.6228 0.0000 0.0000 0.0028 0.0000
214      214   (0)      1  : 0.0000 0.0000 0.0000 0.1800 0.7640 0.0000 0.0560 0.0000
215      215   (0)      1  : 0.2054 0.0000 0.0000 0.6153 0.0000 0.0000 0.1792 0.0000
216      216   (0)      1  : 0.2664 0.0004 0.0000 0.6708 0.0000 0.0000 0.0624 0.0000
217      217   (0)      1  : 0.0000 0.0000 0.0177 0.4588 0.4896 0.0000 0.0000 0.0339
218      218   (0)      2  : 0.3356 0.0000 0.0000 0.2039 0.4605 0.0000 0.0000 0.0000
219      219   (0)      2  : 0.0000 0.0000 0.1934 0.0802 0.4862 0.0000 0.2402 0.0000
220      220   (0)      2  : 0.5707 0.0053 0.0277 0.3197 0.0000 0.0000 0.0508 0.0258
221      221   (0)      2  : 0.3650 0.0000 0.2142 0.2699 0.1509 0.0000 0.0000 0.0000
222      222   (0)      2  : 0.6063 0.0000 0.0000 0.1944 0.0000 0.0705 0.1111 0.0178
223      223   (0)      2  : 0.0902 0.0000 0.0112 0.0111 0.8294 0.0581 0.0000 0.0000
224      224   (0)      2  : 0.1545 0.0000 0.0661 0.0658 0.3547 0.0000 0.3589 0.0000
225      225   (0)      2  : 0.6332 0.0037 0.0530 0.2019 0.0000 0.0000 0.1083 0.0000
226      226   (0)      2  : 0.7134 0.0000 0.0000 0.1380 0.1191 0.0000 0.0294 0.0000
227      227   (0)      2  : 0.7837 0.0000 0.0465 0.0241 0.1351 0.0000 0.0106 0.0000
228      228   (0)      2  : 0.7483 0.0000 0.0000 0.1812 0.0704 0.0000 0.0000 0.0000
229      229   (0)      2  : 0.0252 0.0139 0.0000 0.0069 0.2325 0.7215 0.0000 0.0000
230      230   (0)      2  : 0.4333 0.0067 0.2533 0.0869 0.1445 0.0019 0.0000 0.0734
231      231   (0)      2  : 0.4329 0.0020 0.0985 0.0479 0.4117 0.0029 0.0000 0.0042
232      232   (0)     10  : 0.4140 0.0000 0.0000 0.0000 0.5297 0.0251 0.0227 0.0086
233      233   (0)     10  : 0.0000 0.0000 0.0000 0.0000 0.7675 0.0000 0.0591 0.1734
234      234   (0)     10  : 0.3505 0.0000 0.0000 0.0000 0.0000 0.0000 0.5654 0.0841
235      235   (0)     10  : 0.0000 0.0039 0.0000 0.0962 0.3419 0.0000 0.4771 0.0808
236      236   (0)     10  : 0.0000 0.0000 0.0000 0.0000 0.4047 0.0000 0.4535 0.1417
237      237   (0)     10  : 0.4309 0.0000 0.0393 0.0318 0.0000 0.0000 0.4738 0.0241
238      238   (0)     10  : 0.2251 0.0000 0.0000 0.0000 0.5280 0.0000 0.2056 0.0413
239      239   (0)     10  : 0.6464 0.0000 0.0000 0.0000 0.0000 0.0000 0.3536 0.0000
240      240   (0)     10  : 0.0000 0.0000 0.0000 0.0000 0.0000 0.0000 1.0000 0.0000
241      241   (0)     10  : 0.8675 0.0102 0.0000 0.0126 0.0000 0.0000 0.0000 0.1097
242      242   (0)     10  : 0.0000 0.0118 0.3141 0.0000 0.2562 0.0000 0.3371 0.0808
243      243   (0)     10  : 0.7938 0.0000 0.0000 0.0004 0.0000 0.0000 0.2058 0.0000
244      244   (0)     10  : 0.0779 0.0000 0.0000 0.0000 0.6101 0.0464 0.2642 0.0014
245      245   (0)     10  : 0.7009 0.0000 0.0230 0.0353 0.1685 0.0000 0.0723 0.0000
246      246   (0)     10  : 0.5061 0.0135 0.0000 0.0396 0.4408 0.0000 0.0000 0.0000
247      247   (0)     10  : 0.0000 0.0618 0.0000 0.0000 0.7666 0.0000 0.1713 0.0002
248      248   (0)     10  : 0.7500 0.0000 0.0147 0.0000 0.0000 0.0000 0.2053 0.0300
249      249   (0)     10  : 0.9682 0.0000 0.0137 0.0000 0.0000 0.0000 0.0000 0.0182
250      250   (0)     10  : 0.6878 0.0038 0.0202 0.2246 0.0287 0.0000 0.0201 0.0148
251      251   (0)     10  : 0.0034 0.0000 0.0000 0.0588 0.0000 0.0000 0.9378 0.0000
252      252   (0)     10  : 0.5742 0.0000 0.0000 0.0000 0.2866 0.0211 0.1181 0.0000
253      253   (0)     10  : 0.8960 0.0000 0.0598 0.0442 0.0000 0.0000 0.0000 0.0000
254      254   (0)     10  : 0.5092 0.0000 0.0000 0.1248 0.0000 0.0000 0.3660 0.0000
255      255   (0)     10  : 0.7845 0.0000 0.0000 0.2114 0.0000 0.0000 0.0000 0.0041
256      256   (0)     10  : 0.0000 0.0000 0.0000 0.0000 0.0033 0.9967 0.0000 0.0000
257      257   (0)     10  : 0.4752 0.0000 0.0000 0.0361 0.4584 0.0000 0.0303 0.0000
258      258   (0)     10  : 0.2131 0.0000 0.0000 0.1518 0.0029 0.0000 0.6322 0.0000
259      259   (0)     10  : 0.7518 0.0000 0.0000 0.0000 0.0014 0.0000 0.2467 0.0000
260      260   (0)     10  : 0.4964 0.0063 0.0000 0.0000 0.2021 0.0000 0.2952 0.0000
261      261   (0)     10  : 0.6294 0.0152 0.0253 0.1689 0.1210 0.0000 0.0000 0.0402
262      262   (0)     11  : 0.3613 0.0649 0.0531 0.2434 0.0317 0.0000 0.1805 0.0651
263      263   (0)     11  : 0.6968 0.0000 0.0000 0.1218 0.0000 0.0000 0.1814 0.0000
264      264   (0)     11  : 0.9262 0.0000 0.0000 0.0000 0.0000 0.0000 0.0738 0.0000
265      265   (0)     11  : 0.0000 0.0000 0.0000 0.0000 0.0000 1.0000 0.0000 0.0000
266      266   (0)     11  : 0.0000 0.0000 0.0000 0.0000 0.8469 0.0283 0.1248 0.0000
267      267   (0)     11  : 0.0000 0.0000 0.0000 0.0000 0.0000 1.0000 0.0000 0.0000
268      268   (0)     11  : 0.0472 0.0000 0.0000 0.0182 0.8383 0.0000 0.0960 0.0003
269      269   (0)     11  : 0.7698 0.0011 0.0197 0.0477 0.0064 0.0000 0.1008 0.0545
270      270   (0)     11  : 0.9465 0.0000 0.0000 0.0083 0.0000 0.0000 0.0453 0.0000
271      271   (0)     11  : 0.0000 0.0000 0.0000 0.2508 0.0304 0.0000 0.7188 0.0000
272      272   (0)     11  : 0.2537 0.0000 0.0000 0.1500 0.1171 0.0000 0.4792 0.0000
273      273   (0)     11  : 0.0000 0.1978 0.0681 0.0000 0.0000 0.0000 0.5571 0.1771
274      274   (0)     11  : 0.0000 0.1402 0.0000 0.0158 0.0857 0.5885 0.1699 0.0000
275      275   (0)     11  : 0.5590 0.0036 0.0000 0.2100 0.0009 0.0000 0.2024 0.0239
276      276   (0)     11  : 0.4849 0.2828 0.0506 0.0000 0.0000 0.0000 0.1026 0.0790
277      277   (0)     11  : 0.5780 0.0316 0.0000 0.3535 0.0000 0.0000 0.0125 0.0244
278      278   (0)     11  : 0.2538 0.0723 0.1649 0.2724 0.2367 0.0000 0.0000 0.0000
279      279   (0)     11  : 0.0000 0.0000 0.0000 0.6786 0.0000 0.0000 0.3214 0.0000
280      280   (0)     11  : 0.4330 0.0497 0.1503 0.1281 0.1137 0.0327 0.0923 0.0001
281      281   (0)     11  : 0.4289 0.0000 0.0000 0.0743 0.0000 0.0000 0.4967 0.0000
282      282   (0)     11  : 0.2408 0.0000 0.0000 0.1695 0.4438 0.0042 0.1418 0.0000
283      283   (0)     11  : 0.0000 0.0000 0.2780 0.4797 0.0000 0.0000 0.2423 0.0000
284      284   (0)     11  : 0.0050 0.0000 0.0003 0.3940 0.0000 0.0087 0.5113 0.0807
285      285   (0)     11  : 0.0000 0.0168 0.0227 0.1682 0.7320 0.0000 0.0017 0.0585
286      286   (0)     11  : 0.1176 0.0757 0.0063 0.2991 0.0000 0.0000 0.5013 0.0000
287      287   (0)     11  : 0.0000 0.0847 0.0000 0.1818 0.5202 0.0000 0.1848 0.0285
288      288   (0)     11  : 0.6400 0.0215 0.0000 0.0012 0.0000 0.0000 0.3224 0.0149
289      289   (0)     11  : 0.0000 0.0000 0.0000 0.0441 0.5827 0.0571 0.3160 0.0000
290      290   (0)     11  : 0.3619 0.0000 0.0000 0.2217 0.0000 0.1439 0.2725 0.0000
291      291   (0)     11  : 0.0478 0.0000 0.0601 0.4237 0.0000 0.0065 0.2763 0.1856
292      292   (0)     12  : 0.0000 1.0000 0.0000 0.0000 0.0000 0.0000 0.0000 0.0000
293      293   (0)     12  : 0.0000 0.2291 0.5356 0.0000 0.0000 0.0000 0.1837 0.0516
294      294   (0)     12  : 0.0000 1.0000 0.0000 0.0000 0.0000 0.0000 0.0000 0.0000
295      295   (0)     12  : 0.0000 1.0000 0.0000 0.0000 0.0000 0.0000 0.0000 0.0000
296      296   (0)     12  : 0.0000 1.0000 0.0000 0.0000 0.0000 0.0000 0.0000 0.0000
297      297   (0)     12  : 0.0607 0.8261 0.0000 0.0000 0.0000 0.1131 0.0000 0.0000
298      298   (0)     12  : 0.0000 1.0000 0.0000 0.0000 0.0000 0.0000 0.0000 0.0000
299      299   (0)     12  : 0.0000 1.0000 0.0000 0.0000 0.0000 0.0000 0.0000 0.0000
300      300   (0)     12  : 0.0999 0.0714 0.0000 0.0000 0.0000 0.0000 0.8286 0.0000
301      301   (0)     12  : 0.0000 0.0615 0.7335 0.0000 0.0000 0.0000 0.1817 0.0233
302      302   (0)     12  : 0.0000 1.0000 0.0000 0.0000 0.0000 0.0000 0.0000 0.0000
303      303   (0)     12  : 0.0000 0.9695 0.0000 0.0305 0.0000 0.0000 0.0000 0.0000
304      304   (0)     12  : 0.4389 0.0959 0.0000 0.0000 0.0000 0.4652 0.0000 0.0000
305      305   (0)     12  : 0.0000 0.1176 0.3866 0.0000 0.4095 0.0000 0.0863 0.0000
306      306   (0)     12  : 0.0000 0.7648 0.1940 0.0000 0.0000 0.0411 0.0000 0.0000
307      307   (0)     12  : 0.0000 1.0000 0.0000 0.0000 0.0000 0.0000 0.0000 0.0000
308      308   (0)     12  : 0.0000 0.6347 0.0000 0.0000 0.0000 0.3653 0.0000 0.0000
309      309   (0)     12  : 0.0000 0.0357 0.4287 0.0000 0.0000 0.0000 0.5356 0.0000
310      310   (0)     12  : 0.0473 0.8048 0.0000 0.0000 0.0000 0.1479 0.0000 0.0000
311      311   (0)     12  : 0.1500 0.4173 0.0759 0.0000 0.0308 0.3261 0.0000 0.0000
312      312   (0)     12  : 0.0000 0.0887 0.3912 0.0000 0.0000 0.0000 0.3456 0.1745
313      313   (0)     12  : 0.1766 0.0567 0.5681 0.0000 0.0000 0.0000 0.1985 0.0000
314      314   (0)     12  : 0.2153 0.3596 0.0000 0.0000 0.0022 0.4228 0.0000 0.0000
315      315   (0)     12  : 0.0000 1.0000 0.0000 0.0000 0.0000 0.0000 0.0000 0.0000
316      316   (0)     12  : 0.0238 0.4267 0.0000 0.0000 0.0000 0.5495 0.0000 0.0000
317      317   (0)     12  : 0.0234 0.3277 0.0000 0.0000 0.0000 0.6220 0.0269 0.0000
318      318   (0)     12  : 0.0000 0.0000 0.2571 0.0000 0.0000 0.0000 0.7429 0.0000
319      319   (0)     12  : 0.0618 0.7203 0.0626 0.0000 0.0000 0.1414 0.0042 0.0097
320      320   (0)     12  : 0.0000 0.0000 0.3486 0.0000 0.0000 0.0000 0.6514 0.0000
321      321   (0)     12  : 0.0000 0.1703 0.0000 0.0000 0.0000 0.8297 0.0000 0.0000
322      322   (0)     13  : 0.6947 0.0000 0.0378 0.0000 0.2455 0.0000 0.0000 0.0220
323      323   (0)     13  : 0.3458 0.0033 0.0994 0.0000 0.5230 0.0000 0.0285 0.0000
324      324   (0)     13  : 0.5312 0.0000 0.0000 0.0000 0.4688 0.0000 0.0000 0.0000
325      325   (0)     13  : 0.0000 0.0000 0.0000 0.0000 0.9368 0.0000 0.0632 0.0000
326      326   (0)     13  : 0.3252 0.0000 0.0000 0.1532 0.0000 0.0000 0.5216 0.0000
327      327   (0)     13  : 0.3745 0.0064 0.0184 0.0000 0.5506 0.0000 0.0500 0.0000
328      328   (0)     13  : 0.1280 0.0000 0.0000 0.0000 0.8720 0.0000 0.0000 0.0000
329      329   (0)     13  : 0.7989 0.0000 0.0540 0.1101 0.0371 0.0000 0.0000 0.0000
330      330   (0)     13  : 0.3341 0.0014 0.0000 0.0691 0.4931 0.0000 0.0356 0.0667
331      331   (0)     13  : 0.0000 0.0000 0.0000 0.0000 0.0000 0.0000 0.0000 1.0000
332      332   (0)     13  : 0.8748 0.0000 0.0052 0.0000 0.1040 0.0000 0.0120 0.0039
333      333   (0)     13  : 0.0000 0.0000 0.1639 0.0000 0.7824 0.0000 0.0000 0.0538
334      334   (0)     13  : 0.0584 0.0000 0.0000 0.0000 0.8894 0.0000 0.0522 0.0000
335      335   (0)     13  : 0.0000 0.0000 0.0000 0.0000 0.3161 0.0000 0.6839 0.0000
336      336   (0)     13  : 0.5146 0.0000 0.0013 0.1017 0.3007 0.0000 0.0801 0.0015
337      337   (0)     13  : 0.3049 0.0000 0.0000 0.0000 0.1622 0.0297 0.5032 0.0000
338      338   (0)     13  : 0.7207 0.0000 0.0000 0.0271 0.0597 0.0000 0.1782 0.0142
339      339   (0)     13  : 0.0000 0.0142 0.1588 0.1952 0.0000 0.0000 0.6318 0.0000
340      340   (0)     13  : 0.6696 0.0135 0.1363 0.0000 0.0000 0.0000 0.1806 0.0000
341      341   (0)     13  : 0.8332 0.0000 0.0000 0.0117 0.0000 0.0000 0.1551 0.0000
342      342   (0)     13  : 0.0999 0.0000 0.0000 0.0000 0.3109 0.0000 0.5892 0.0000
343      343   (0)     13  : 0.0590 0.0000 0.0000 0.1526 0.4662 0.0000 0.3222 0.0000
344      344   (0)     13  : 0.3407 0.0000 0.0000 0.0046 0.4968 0.0000 0.1580 0.0000
345      345   (0)     13  : 0.2331 0.1237 0.0000 0.0000 0.0000 0.6349 0.0083 0.0000
346      346   (0)     13  : 0.5444 0.0000 0.1548 0.0000 0.0000 0.0000 0.3008 0.0000
347      347   (0)     13  : 0.3564 0.0000 0.0000 0.0000 0.6433 0.0000 0.0002 0.0001
348      348   (0)     13  : 0.0000 0.0368 0.0000 0.0782 0.7241 0.0000 0.1235 0.0374
349      349   (0)     13  : 0.3191 0.0019 0.0608 0.1333 0.3547 0.0000 0.0000 0.1302
350      350   (0)     13  : 0.2638 0.4443 0.0000 0.0000 0.0000 0.2879 0.0000 0.0040
351      351   (0)     13  : 0.0000 0.0136 0.0000 0.0000 0.9864 0.0000 0.0000 0.0000
