1        1   (0)      1  : 0.9552 0.0448
2        2   (0)      1  : 0.9611 0.0389
3        3   (0)      1  : 0.3632 0.6368
4        4   (0)      1  : 1.0000 0.0000
5        5   (0)      1  : 0.8302 0.1698
6        6   (0)      1  : 0.7976 0.2024
7        7   (0)      2  : 0.9148 0.0852
8        8   (0)      1  : 0.9558 0.0442
9        9   (0)      3  : 1.0000 0.0000
10       10   (0)      4  : 0.7986 0.2014
11       11   (0)      4  : 0.9909 0.0091
12       12   (0)      4  : 0.8436 0.1564
13       13   (0)      4  : 0.7614 0.2386
14       14   (0)      4  : 0.9601 0.0399
15       15   (0)      4  : 0.5279 0.4721
16       16   (0)      5  : 0.9998 0.0002
17       17   (0)      4  : 0.9684 0.0316
18       18   (0)      5  : 1.0000 0.0000
19       19   (0)      5  : 0.9773 0.0227
20       20   (0)      5  : 0.9636 0.0364
21       21   (0)      5  : 1.0000 0.0000
22       22   (0)      5  : 0.9237 0.0763
23       23   (0)      5  : 0.9925 0.0075
24       24   (0)      5  : 0.8538 0.1462
25       25   (0)      5  : 0.9492 0.0508
26       26   (0)      5  : 0.9900 0.0100
27       27   (0)      5  : 0.9464 0.0536
28       28   (0)      5  : 0.9523 0.0477
29       29   (0)      5  : 1.0000 0.0000
30       30   (0)      5  : 0.9997 0.0003
31       31   (0)      5  : 0.8225 0.1775
32       32   (0)      5  : 1.0000 0.0000
33       33   (0)      5  : 1.0000 0.0000
34       34   (0)      5  : 1.0000 0.0000
35       35   (0)      5  : 1.0000 0.0000
36       36   (0)      5  : 0.9715 0.0285
37       37   (0)      5  : 0.9990 0.0010
38       38   (0)      5  : 0.9643 0.0357
39       39   (0)      5  : 0.8642 0.1358
40       40   (0)      5  : 0.9584 0.0416
41       41   (0)      5  : 1.0000 0.0000
42       42   (0)      5  : 0.2725 0.7275
43       43   (0)      5  : 0.9175 0.0825
44       44   (0)      4  : 0.9100 0.0900
45       45   (0)      4  : 0.8452 0.1548
46       46   (0)      4  : 0.9813 0.0187
47       47   (0)      4  : 1.0000 0.0000
48       48   (0)      5  : 0.8636 0.1364
49       49   (0)      4  : 1.0000 0.0000
50       50   (0)      4  : 0.5072 0.4928
51       51   (0)      4  : 0.8686 0.1314
52       52   (0)      4  : 0.4037 0.5963
53       53   (0)      4  : 1.0000 0.0000
54       54   (0)      4  : 0.4257 0.5743
55       55   (0)      4  : 0.5396 0.4604
56       56   (0)      4  : 0.9538 0.0462
57       57   (0)      5  : 0.8324 0.1676
58       58   (0)      4  : 0.5813 0.4187
59       59   (0)      4  : 0.4224 0.5776
60       60   (0)      4  : 0.9942 0.0058
61       61   (0)      5  : 1.0000 0.0000
62       62   (0)      6  : 0.5488 0.4512
63       63   (0)      6  : 0.3465 0.6535
64       64   (0)      6  : 0.9713 0.0287
65       65   (0)      6  : 1.0000 0.0000
66       66   (0)      6  : 0.7371 0.2629
67       67   (0)      6  : 1.0000 0.0000
68       68   (0)      6  : 0.9849 0.0151
69       69   (0)      6  : 0.9834 0.0166
70       70   (0)      6  : 1.0000 0.0000
71       71   (0)      6  : 1.0000 0.0000
72       72   (0)      7  : 0.9806 0.0194
73       73   (0)      7  : 0.9804 0.0196
74       74   (0)      7  : 0.8722 0.1278
75       75   (0)      7  : 0.8846 0.1154
76       76   (0)      7  : 0.9567 0.0433
77       77   (0)      7  : 0.8005 0.1995
78       78   (0)      7  : 0.9310 0.0690
79       79   (0)      7  : 0.9965 0.0035
80       80   (0)      7  : 0.9997 0.0003
81       81   (0)      7  : 0.9752 0.0248
82       82   (0)      7  : 0.8407 0.1593
83       83   (0)      7  : 0.3613 0.6387
84       84   (0)      7  : 0.9785 0.0215
85       85   (0)      7  : 0.9552 0.0448
86       86   (0)      7  : 0.5132 0.4868
87       87   (0)      7  : 1.0000 0.0000
88       88   (0)      7  : 0.4383 0.5617
89       89   (0)      7  : 0.9489 0.0511
90       90   (0)      7  : 1.0000 0.0000
91       91   (0)      7  : 1.0000 0.0000
92       92   (0)      7  : 0.7946 0.2054
93       93   (0)      7  : 0.9832 0.0168
94       94   (0)      7  : 0.9372 0.0628
95       95   (0)      7  : 0.8193 0.1807
96       96   (0)      7  : 0.8949 0.1051
97       97   (0)      7  : 0.8158 0.1842
98       98   (0)      7  : 0.9241 0.0759
99       99   (0)      7  : 0.4480 0.5520
100      100   (0)      6  : 1.0000 0.0000
101      101   (0)      6  : 0.9940 0.0060
102      102   (0)      6  : 0.9961 0.0039
103      103   (0)      6  : 1.0000 0.0000
104      104   (0)      6  : 0.9825 0.0175
105      105   (0)      6  : 0.9653 0.0347
106      106   (0)      6  : 0.9893 0.0107
107      107   (0)      6  : 0.9563 0.0437
108      108   (0)      6  : 0.3930 0.6070
109      109   (0)      7  : 0.9917 0.0083
110      110   (0)      7  : 0.6703 0.3297
111      111   (0)      8  : 0.8649 0.1351
112      112   (0)      6  : 0.8913 0.1087
113      113   (0)      6  : 0.3309 0.6691
114      114   (0)      6  : 0.9747 0.0253
115      115   (0)      6  : 0.3739 0.6261
116      116   (0)      6  : 0.8957 0.1043
117      117   (0)      6  : 0.9876 0.0124
118      118   (0)      6  : 1.0000 0.0000
119      119   (0)      6  : 0.9402 0.0598
120      120   (0)      6  : 0.9329 0.0671
121      121   (0)      6  : 0.3268 0.6732
122      122   (0)      9  : 0.8247 0.1753
123      123   (0)      9  : 0.9735 0.0265
124      124   (0)      9  : 0.8773 0.1227
125      125   (0)      9  : 1.0000 0.0000
126      126   (0)      9  : 0.9788 0.0212
127      127   (0)      9  : 0.9786 0.0214
128      128   (0)      9  : 0.9189 0.0811
129      129   (0)      9  : 0.9543 0.0457
130      130   (0)      9  : 0.8984 0.1016
131      131   (0)      9  : 1.0000 0.0000
132      132   (0)      9  : 0.9285 0.0715
133      133   (0)      9  : 0.9899 0.0101
134      134   (0)      9  : 0.7498 0.2502
135      135   (0)      9  : 1.0000 0.0000
136      136   (0)      9  : 0.8688 0.1312
137      137   (0)      9  : 0.9981 0.0019
138      138   (0)      9  : 0.9898 0.0102
139      139   (0)      9  : 1.0000 0.0000
140      140   (0)      9  : 1.0000 0.0000
141      141   (0)      9  : 1.0000 0.0000
142      142   (0)      9  : 0.9800 0.0200
143      143   (0)      9  : 0.7817 0.2183
144      144   (0)      9  : 0.9400 0.0600
145      145   (0)      3  : 0.9147 0.0853
146      146   (0)      3  : 0.5829 0.4171
147      147   (0)      3  : 1.0000 0.0000
148      148   (0)      3  : 0.9208 0.0792
149      149   (0)      3  : 1.0000 0.0000
150      150   (0)      3  : 0.9716 0.0284
151      151   (0)      3  : 1.0000 0.0000
152      152   (0)      3  : 1.0000 0.0000
153      153   (0)      3  : 0.9703 0.0297
154      154   (0)      3  : 0.9515 0.0485
155      155   (0)      3  : 0.8697 0.1303
156      156   (0)      3  : 0.8520 0.1480
157      157   (0)      3  : 0.8799 0.1201
158      158   (0)      3  : 0.9705 0.0295
159      159   (0)      3  : 0.4224 0.5776
160      160   (0)      3  : 1.0000 0.0000
161      161   (0)      3  : 1.0000 0.0000
162      162   (0)      3  : 1.0000 0.0000
163      163   (0)      3  : 1.0000 0.0000
164      164   (0)      3  : 0.9860 0.0140
165      165   (0)      3  : 0.9904 0.0096
166      166   (0)      3  : 1.0000 0.0000
167      167   (0)      3  : 1.0000 0.0000
168      168   (0)      3  : 0.8675 0.1325
169      169   (0)      3  : 0.9940 0.0060
170      170   (0)      3  : 0.9769 0.0231
171      171   (0)      3  : 0.9901 0.0099
172      172   (0)      3  : 1.0000 0.0000
173      173   (0)      3  : 0.9876 0.0124
174      174   (0)      9  : 1.0000 0.0000
175      175   (0)      9  : 0.7367 0.2633
176      176   (0)      9  : 0.9691 0.0309
177      177   (0)      9  : 0.9908 0.0092
178      178   (0)      9  : 1.0000 0.0000
179      179   (0)      9  : 0.9670 0.0330
180      180   (0)      9  : 0.9624 0.0376
181      181   (0)      1  : 1.0000 0.0000
182      182   (0)      1  : 0.9828 0.0172
183      183   (0)      1  : 1.0000 0.0000
184      184   (0)      1  : 0.9660 0.0340
185      185   (0)      1  : 1.0000 0.0000
186      186   (0)      1  : 0.9650 0.0350
187      187   (0)      1  : 1.0000 0.0000
188      188   (0)      1  : 1.0000 0.0000
189      189   (0)      2  : 0.9954 0.0046
190      190   (0)      2  : 0.9900 0.0100
191      191   (0)      2  : 1.0000 0.0000
192      192   (0)      2  : 1.0000 0.0000
193      193   (0)      2  : 1.0000 0.0000
194      194   (0)      2  : 1.0000 0.0000
195      195   (0)      2  : 0.9997 0.0003
196      196   (0)      2  : 1.0000 0.0000
197      197   (0)      1  : 1.0000 0.0000
198      198   (0)      1  : 0.9936 0.0064
199      199   (0)      1  : 1.0000 0.0000
200      200   (0)      1  : 0.9555 0.0445
201      201   (0)      1  : 0.9857 0.0143
202      202   (0)      1  : 0.9962 0.0038
203      203   (0)      2  : 0.7034 0.2966
204      204   (0)      2  : 1.0000 0.0000
205      205   (0)      2  : 0.4013 0.5987
206      206   (0)      2  : 1.0000 0.0000
207      207   (0)      2  : 0.9917 0.0083
208      208   (0)      2  : 0.9644 0.0356
209      209   (0)      2  : 1.0000 0.0000
210      210   (0)      1  : 1.0000 0.0000
211      211   (0)      1  : 0.9693 0.0307
212      212   (0)      1  : 0.9858 0.0142
213      213   (0)      1  : 0.9993 0.0007
214      214   (0)      1  : 1.0000 0.0000
215      215   (0)      1  : 0.9729 0.0271
216      216   (0)      1  : 0.9885 0.0115
217      217   (0)      1  : 0.9886 0.0114
218      218   (0)      2  : 1.0000 0.0000
219      219   (0)      2  : 1.0000 0.0000
220      220   (0)      2  : 0.9841 0.0159
221      221   (0)      2  : 1.0000 0.0000
222      222   (0)      2  : 0.9715 0.0285
223      223   (0)      2  : 1.0000 0.0000
224      224   (0)      2  : 1.0000 0.0000
225      225   (0)      2  : 1.0000 0.0000
226      226   (0)      2  : 1.0000 0.0000
227      227   (0)      2  : 1.0000 0.0000
228      228   (0)      2  : 1.0000 0.0000
229      229   (0)      2  : 0.5315 0.4685
230      230   (0)      2  : 0.9177 0.0823
231      231   (0)      2  : 0.9948 0.0052
232      232   (0)     10  : 0.9842 0.0158
233      233   (0)     10  : 1.0000 0.0000
234      234   (0)     10  : 1.0000 0.0000
235      235   (0)     10  : 0.9664 0.0336
236      236   (0)     10  : 0.9721 0.0279
237      237   (0)     10  : 1.0000 0.0000
238      238   (0)     10  : 1.0000 0.0000
239      239   (0)     10  : 1.0000 0.0000
240      240   (0)     10  : 0.9914 0.0086
241      241   (0)     10  : 0.9938 0.0062
242      242   (0)     10  : 0.9003 0.0997
243      243   (0)     10  : 1.0000 0.0000
244      244   (0)     10  : 0.9990 0.0010
245      245   (0)     10  : 1.0000 0.0000
246      246   (0)     10  : 1.0000 0.0000
247      247   (0)     10  : 0.9788 0.0212
248      248   (0)     10  : 0.9998 0.0002
249      249   (0)     10  : 1.0000 0.0000
250      250   (0)     10  : 1.0000 0.0000
251      251   (0)     10  : 0.9998 0.0002
252      252   (0)     10  : 0.9831 0.0169
253      253   (0)     10  : 1.0000 0.0000
254      254   (0)     10  : 1.0000 0.0000
255      255   (0)     10  : 1.0000 0.0000
256      256   (0)     10  : 0.3991 0.6009
257      257   (0)     10  : 1.0000 0.0000
258      258   (0)     10  : 0.9992 0.0008
259      259   (0)     10  : 1.0000 0.0000
260      260   (0)     10  : 0.9823 0.0177
261      261   (0)     10  : 0.9869 0.0131
262      262   (0)     11  : 0.9183 0.0817
263      263   (0)     11  : 0.9999 0.0001
264      264   (0)     11  : 1.0000 0.0000
265      265   (0)     11  : 0.3051 0.6949
266      266   (0)     11  : 0.9911 0.0089
267      267   (0)     11  : 0.1800 0.8200
268      268   (0)     11  : 1.0000 0.0000
269      269   (0)     11  : 1.0000 0.0000
270      270   (0)     11  : 1.0000 0.0000
271      271   (0)     11  : 1.0000 0.0000
272      272   (0)     11  : 0.9568 0.0432
273      273   (0)     11  : 0.6120 0.3880
274      274   (0)     11  : 0.4328 0.5672
275      275   (0)     11  : 1.0000 0.0000
276      276   (0)     11  : 0.6623 0.3377
277      277   (0)     11  : 0.9328 0.0672
278      278   (0)     11  : 0.9125 0.0875
279      279   (0)     11  : 0.9242 0.0758
280      280   (0)     11  : 0.9296 0.0704
281      281   (0)     11  : 0.9833 0.0167
282      282   (0)     11  : 0.9855 0.0145
283      283   (0)     11  : 0.9719 0.0281
284      284   (0)     11  : 0.9294 0.0706
285      285   (0)     11  : 1.0000 0.0000
286      286   (0)     11  : 0.9375 0.0625
287      287   (0)     11  : 0.8941 0.1059
288      288   (0)     11  : 0.9572 0.0428
289      289   (0)     11  : 0.9807 0.0193
290      290   (0)     11  : 0.9011 0.0989
291      291   (0)     11  : 0.9326 0.0674
292      292   (0)     12  : 0.0000 1.0000
293      293   (0)     12  : 0.6531 0.3469
294      294   (0)     12  : 0.0000 1.0000
295      295   (0)     12  : 0.0000 1.0000
296      296   (0)     12  : 0.0000 1.0000
297      297   (0)     12  : 0.0000 1.0000
298      298   (0)     12  : 0.0000 1.0000
299      299   (0)     12  : 0.0000 1.0000
300      300   (0)     12  : 0.8809 0.1191
301      301   (0)     12  : 0.8184 0.1816
302      302   (0)     12  : 0.0000 1.0000
303      303   (0)     12  : 0.0000 1.0000
304      304   (0)     12  : 0.5457 0.4543
305      305   (0)     12  : 0.8781 0.1219
306      306   (0)     12  : 0.0000 1.0000
307      307   (0)     12  : 0.0000 1.0000
308      308   (0)     12  : 0.0000 1.0000
309      309   (0)     12  : 0.8857 0.1143
310      310   (0)     12  : 0.0000 1.0000
311      311   (0)     12  : 0.3108 0.6892
312      312   (0)     12  : 0.7062 0.2938
313      313   (0)     12  : 0.9006 0.0994
314      314   (0)     12  : 0.3185 0.6815
315      315   (0)     12  : 0.0000 1.0000
316      316   (0)     12  : 0.1447 0.8553
317      317   (0)     12  : 0.1432 0.8568
318      318   (0)     12  : 0.9518 0.0482
319      319   (0)     12  : 0.1086 0.8914
320      320   (0)     12  : 0.8709 0.1291
321      321   (0)     12  : 0.1552 0.8448
322      322   (0)     13  : 1.0000 0.0000
323      323   (0)     13  : 1.0000 0.0000
324      324   (0)     13  : 1.0000 0.0000
325      325   (0)     13  : 1.0000 0.0000
326      326   (0)     13  : 0.9995 0.0005
327      327   (0)     13  : 1.0000 0.0000
328      328   (0)     13  : 1.0000 0.0000
329      329   (0)     13  : 1.0000 0.0000
330      330   (0)     13  : 1.0000 0.0000
331      331   (0)     13  : 0.7879 0.2121
332      332   (0)     13  : 1.0000 0.0000
333      333   (0)     13  : 1.0000 0.0000
334      334   (0)     13  : 1.0000 0.0000
335      335   (0)     13  : 1.0000 0.0000
336      336   (0)     13  : 1.0000 0.0000
337      337   (0)     13  : 0.9777 0.0223
338      338   (0)     13  : 1.0000 0.0000
339      339   (0)     13  : 0.9904 0.0096
340      340   (0)     13  : 0.9813 0.0187
341      341   (0)     13  : 1.0000 0.0000
342      342   (0)     13  : 0.9999 0.0001
343      343   (0)     13  : 1.0000 0.0000
344      344   (0)     13  : 1.0000 0.0000
345      345   (0)     13  : 0.4438 0.5562
346      346   (0)     13  : 1.0000 0.0000
347      347   (0)     13  : 1.0000 0.0000
348      348   (0)     13  : 1.0000 0.0000
349      349   (0)     13  : 1.0000 0.0000
350      350   (0)     13  : 0.2571 0.7429
351      351   (0)     13  : 0.9892 0.0108
