1        1   (0)      1  : 0.1426 0.0216 0.0000 0.4258 0.4099
2        2   (0)      1  : 0.4502 0.0019 0.1210 0.3275 0.0993
3        3   (0)      1  : 0.0000 0.5649 0.0719 0.1982 0.1651
4        4   (0)      1  : 0.0883 0.0000 0.0000 0.5988 0.3128
5        5   (0)      1  : 0.0008 0.0343 0.1913 0.7736 0.0000
6        6   (0)      1  : 0.2994 0.1957 0.0003 0.1445 0.3602
7        7   (0)      2  : 0.1273 0.0000 0.0000 0.8727 0.0000
8        8   (0)      1  : 0.3786 0.0068 0.0000 0.6145 0.0000
9        9   (0)      3  : 0.0312 0.0000 0.5144 0.0000 0.4544
10       10   (0)      4  : 0.0000 0.0451 0.5936 0.3613 0.0000
11       11   (0)      4  : 0.5404 0.0000 0.3746 0.0216 0.0634
12       12   (0)      4  : 0.0000 0.0481 0.4146 0.1329 0.4044
13       13   (0)      4  : 0.0000 0.0120 0.4889 0.4991 0.0000
14       14   (0)      4  : 0.3414 0.0000 0.5058 0.1527 0.0000
15       15   (0)      4  : 0.1978 0.4699 0.0000 0.0000 0.3324
16       16   (0)      5  : 0.4274 0.0000 0.2136 0.1191 0.2399
17       17   (0)      4  : 0.0000 0.0154 0.4473 0.0699 0.4674
18       18   (0)      5  : 0.3875 0.0000 0.4033 0.1755 0.0337
19       19   (0)      5  : 0.4131 0.0000 0.5869 0.0000 0.0000
20       20   (0)      5  : 0.0000 0.0000 0.6176 0.0182 0.3642
21       21   (0)      5  : 0.3194 0.0000 0.6806 0.0000 0.0000
22       22   (0)      5  : 0.0000 0.0078 0.4404 0.0000 0.5518
23       23   (0)      5  : 0.0000 0.0000 0.6056 0.0000 0.3944
24       24   (0)      5  : 0.1725 0.0215 0.4763 0.1211 0.2085
25       25   (0)      5  : 0.0000 0.0101 0.6191 0.0000 0.3708
26       26   (0)      5  : 0.2610 0.0000 0.6748 0.0641 0.0000
27       27   (0)      5  : 0.0089 0.0000 0.5630 0.0000 0.4281
28       28   (0)      5  : 0.0878 0.0000 0.9122 0.0000 0.0000
29       29   (0)      5  : 0.7735 0.0000 0.2265 0.0000 0.0000
30       30   (0)      5  : 0.3508 0.0000 0.3822 0.0713 0.1957
31       31   (0)      5  : 0.0218 0.0221 0.7244 0.0000 0.2317
32       32   (0)      5  : 0.5210 0.0000 0.1164 0.0000 0.3627
33       33   (0)      5  : 0.3818 0.0000 0.2765 0.0000 0.3418
34       34   (0)      5  : 0.6667 0.0000 0.2468 0.0004 0.0860
35       35   (0)      5  : 0.2381 0.0000 0.7619 0.0000 0.0000
36       36   (0)      5  : 0.3258 0.0000 0.5359 0.0000 0.1383
37       37   (0)      5  : 0.0000 0.0000 0.7359 0.0951 0.1690
38       38   (0)      5  : 0.3630 0.0000 0.6231 0.0123 0.0016
39       39   (0)      5  : 0.4580 0.0000 0.5420 0.0000 0.0000
40       40   (0)      5  : 0.0000 0.0000 0.5833 0.0000 0.4167
41       41   (0)      5  : 0.6669 0.0000 0.3331 0.0000 0.0000
42       42   (0)      5  : 0.0000 0.6501 0.0000 0.2026 0.1473
43       43   (0)      5  : 0.0000 0.0000 0.4900 0.1445 0.3656
44       44   (0)      4  : 0.0000 0.0034 0.9176 0.0790 0.0000
45       45   (0)      4  : 0.3235 0.0423 0.3170 0.1588 0.1584
46       46   (0)      4  : 0.0000 0.0245 0.2587 0.0000 0.7168
47       47   (0)      4  : 0.6087 0.0000 0.3309 0.0604 0.0000
48       48   (0)      5  : 0.2795 0.0463 0.3006 0.0813 0.2923
49       49   (0)      4  : 0.0000 0.0000 0.3895 0.0000 0.6105
50       50   (0)      4  : 0.1722 0.4715 0.0000 0.0921 0.2642
51       51   (0)      4  : 0.3807 0.0595 0.4081 0.1514 0.0002
52       52   (0)      4  : 0.0097 0.6032 0.0292 0.0322 0.3258
53       53   (0)      4  : 0.3025 0.0000 0.5894 0.1081 0.0000
54       54   (0)      4  : 0.2209 0.5670 0.0000 0.0122 0.1999
55       55   (0)      4  : 0.3684 0.4442 0.0737 0.0061 0.1076
56       56   (0)      4  : 0.1157 0.0000 0.7087 0.0956 0.0800
57       57   (0)      5  : 0.4147 0.0487 0.3465 0.1035 0.0865
58       58   (0)      4  : 0.3150 0.4142 0.0000 0.0041 0.2667
59       59   (0)      4  : 0.0000 0.5457 0.0774 0.1140 0.2629
60       60   (0)      4  : 0.5430 0.0076 0.2110 0.0420 0.1963
61       61   (0)      5  : 0.1026 0.0000 0.3354 0.2139 0.3481
62       62   (0)      6  : 0.0032 0.3734 0.1267 0.3028 0.1939
63       63   (0)      6  : 0.0000 0.6249 0.0000 0.1363 0.2387
64       64   (0)      6  : 0.0159 0.0000 0.0367 0.9475 0.0000
65       65   (0)      6  : 0.3350 0.0000 0.2901 0.0951 0.2797
66       66   (0)      6  : 0.0000 0.0000 0.4514 0.5486 0.0000
67       67   (0)      6  : 0.0000 0.0000 0.0000 0.6308 0.3692
68       68   (0)      6  : 0.2861 0.0000 0.0292 0.3553 0.3295
69       69   (0)      6  : 0.3428 0.0047 0.0748 0.1199 0.4577
70       70   (0)      6  : 0.0000 0.0000 0.1113 0.1517 0.7370
71       71   (0)      6  : 0.2727 0.0000 0.1444 0.2212 0.3617
72       72   (0)      7  : 0.5497 0.0000 0.3756 0.0746 0.0000
73       73   (0)      7  : 0.5892 0.0034 0.1328 0.2059 0.0687
74       74   (0)      7  : 0.2886 0.0152 0.3363 0.2427 0.1172
75       75   (0)      7  : 0.4205 0.0389 0.2994 0.2412 0.0000
76       76   (0)      7  : 0.1676 0.0000 0.7560 0.0764 0.0000
77       77   (0)      7  : 0.1111 0.0212 0.4870 0.3416 0.0392
78       78   (0)      7  : 0.2716 0.0000 0.3864 0.3401 0.0020
79       79   (0)      7  : 0.7931 0.0000 0.1050 0.1019 0.0000
80       80   (0)      7  : 0.3217 0.0000 0.4549 0.1886 0.0348
81       81   (0)      7  : 0.0248 0.0000 0.7963 0.1790 0.0000
82       82   (0)      7  : 0.5476 0.0847 0.1802 0.1586 0.0290
83       83   (0)      7  : 0.1628 0.5571 0.0000 0.2577 0.0225
84       84   (0)      7  : 0.5267 0.0000 0.3869 0.0864 0.0000
85       85   (0)      7  : 0.0926 0.0000 0.7333 0.1742 0.0000
86       86   (0)      7  : 0.3116 0.4590 0.0000 0.0404 0.1891
87       87   (0)      7  : 0.1990 0.0000 0.2357 0.1002 0.4652
88       88   (0)      7  : 0.0384 0.5545 0.0072 0.0941 0.3058
89       89   (0)      7  : 0.4841 0.0069 0.5090 0.0000 0.0000
90       90   (0)      7  : 0.4803 0.0000 0.1847 0.0140 0.3209
91       91   (0)      7  : 0.5352 0.0000 0.4047 0.0601 0.0000
92       92   (0)      7  : 0.2351 0.0322 0.5953 0.1374 0.0000
93       93   (0)      7  : 0.4243 0.0000 0.3095 0.0667 0.1995
94       94   (0)      7  : 0.0741 0.0000 0.6708 0.2552 0.0000
95       95   (0)      7  : 0.0617 0.0328 0.5657 0.1866 0.1531
96       96   (0)      7  : 0.0000 0.0000 0.7753 0.2247 0.0000
97       97   (0)      7  : 0.0000 0.0000 0.8716 0.1284 0.0000
98       98   (0)      7  : 0.0000 0.0000 0.8662 0.1337 0.0001
99       99   (0)      7  : 0.1653 0.4907 0.0141 0.3300 0.0000
100      100   (0)      6  : 0.4534 0.0000 0.1067 0.4399 0.0000
101      101   (0)      6  : 0.1843 0.0000 0.1777 0.4851 0.1528
102      102   (0)      6  : 0.1834 0.0001 0.0557 0.2205 0.5403
103      103   (0)      6  : 0.5813 0.0000 0.0000 0.4187 0.0000
104      104   (0)      6  : 0.0000 0.0001 0.0000 0.3461 0.6538
105      105   (0)      6  : 0.2562 0.0000 0.1736 0.4945 0.0757
106      106   (0)      6  : 0.3477 0.0000 0.0000 0.3752 0.2771
107      107   (0)      6  : 0.1308 0.0218 0.0246 0.5357 0.2871
108      108   (0)      6  : 0.0780 0.5325 0.0000 0.3090 0.0805
109      109   (0)      7  : 0.2804 0.0026 0.2672 0.1633 0.2864
110      110   (0)      7  : 0.0000 0.0711 0.4193 0.5096 0.0000
111      111   (0)      8  : 0.1015 0.0000 0.0821 0.7958 0.0207
112      112   (0)      6  : 0.0000 0.0000 0.0000 1.0000 0.0000
113      113   (0)      6  : 0.0000 0.5701 0.0000 0.4173 0.0126
114      114   (0)      6  : 0.0007 0.0000 0.3216 0.6778 0.0000
115      115   (0)      6  : 0.0000 0.4737 0.0742 0.4521 0.0000
116      116   (0)      6  : 0.0000 0.0142 0.1992 0.6425 0.1441
117      117   (0)      6  : 0.0000 0.0000 0.0000 0.5649 0.4351
118      118   (0)      6  : 0.2351 0.0000 0.0000 0.5974 0.1675
119      119   (0)      6  : 0.0000 0.0000 0.1019 0.8981 0.0000
120      120   (0)      6  : 0.1351 0.0000 0.0000 0.7907 0.0742
121      121   (0)      6  : 0.0000 0.5588 0.0000 0.4412 0.0000
122      122   (0)      9  : 0.0000 0.0474 0.3976 0.1846 0.3703
123      123   (0)      9  : 0.3133 0.0174 0.2399 0.0000 0.4295
124      124   (0)      9  : 0.0000 0.0321 0.3266 0.0041 0.6372
125      125   (0)      9  : 0.6466 0.0000 0.3204 0.0000 0.0330
126      126   (0)      9  : 0.5026 0.0000 0.4974 0.0000 0.0000
127      127   (0)      9  : 0.0000 0.0000 0.5424 0.0000 0.4576
128      128   (0)      9  : 0.1930 0.0000 0.2819 0.0000 0.5250
129      129   (0)      9  : 0.0000 0.0145 0.2489 0.0000 0.7366
130      130   (0)      9  : 0.3129 0.0000 0.4295 0.1299 0.1277
131      131   (0)      9  : 0.2583 0.0000 0.2920 0.0309 0.4188
132      132   (0)      9  : 0.4189 0.0000 0.2438 0.0000 0.3373
133      133   (0)      9  : 0.2027 0.0000 0.4146 0.1540 0.2287
134      134   (0)      9  : 0.0000 0.0410 0.6381 0.3209 0.0000
135      135   (0)      9  : 0.0920 0.0000 0.0001 0.0000 0.9079
136      136   (0)      9  : 0.4405 0.0165 0.4573 0.0856 0.0000
137      137   (0)      9  : 0.5518 0.0000 0.2520 0.1486 0.0476
138      138   (0)      9  : 0.7496 0.0024 0.2259 0.0000 0.0221
139      139   (0)      9  : 0.7256 0.0000 0.2251 0.0494 0.0000
140      140   (0)      9  : 0.4355 0.0000 0.2107 0.0000 0.3538
141      141   (0)      9  : 0.0000 0.0000 0.5658 0.0000 0.4342
142      142   (0)      9  : 0.5795 0.0000 0.2000 0.1621 0.0583
143      143   (0)      9  : 0.0229 0.0575 0.4516 0.4681 0.0000
144      144   (0)      9  : 0.3575 0.0285 0.2558 0.1178 0.2404
145      145   (0)      3  : 0.0590 0.0000 0.4673 0.0000 0.4737
146      146   (0)      3  : 0.3148 0.4086 0.0246 0.0000 0.2519
147      147   (0)      3  : 0.0888 0.0000 0.0396 0.0000 0.8716
148      148   (0)      3  : 0.6167 0.0479 0.2996 0.0000 0.0358
149      149   (0)      3  : 0.4816 0.0000 0.2461 0.0000 0.2722
150      150   (0)      3  : 0.0008 0.0203 0.2830 0.0000 0.6959
151      151   (0)      3  : 0.5996 0.0000 0.4004 0.0000 0.0000
152      152   (0)      3  : 0.5246 0.0000 0.3829 0.0000 0.0925
153      153   (0)      3  : 0.2607 0.0054 0.4743 0.0000 0.2596
154      154   (0)      3  : 0.3410 0.0027 0.5468 0.0697 0.0398
155      155   (0)      3  : 0.2493 0.0707 0.6552 0.0249 0.0000
156      156   (0)      3  : 0.4840 0.0683 0.4477 0.0000 0.0000
157      157   (0)      3  : 0.5421 0.0205 0.3779 0.0284 0.0310
158      158   (0)      3  : 0.5791 0.0000 0.4089 0.0120 0.0000
159      159   (0)      3  : 0.4647 0.5353 0.0000 0.0000 0.0000
160      160   (0)      3  : 0.4635 0.0000 0.2293 0.0735 0.2337
161      161   (0)      3  : 0.0220 0.0000 0.2633 0.0210 0.6938
162      162   (0)      3  : 0.6357 0.0000 0.3643 0.0000 0.0000
163      163   (0)      3  : 0.3510 0.0000 0.4109 0.0000 0.2381
164      164   (0)      3  : 0.5818 0.0000 0.4182 0.0000 0.0000
165      165   (0)      3  : 0.0000 0.0007 0.2567 0.0048 0.7379
166      166   (0)      3  : 0.3843 0.0000 0.4831 0.0000 0.1326
167      167   (0)      3  : 0.6307 0.0000 0.1508 0.0000 0.2186
168      168   (0)      3  : 0.4946 0.0106 0.4819 0.0000 0.0128
169      169   (0)      3  : 0.5495 0.0000 0.4505 0.0000 0.0000
170      170   (0)      3  : 0.7564 0.0000 0.2436 0.0000 0.0000
171      171   (0)      3  : 0.4318 0.0000 0.4326 0.0992 0.0364
172      172   (0)      3  : 0.6282 0.0000 0.3718 0.0000 0.0000
173      173   (0)      3  : 0.2541 0.0000 0.3867 0.0127 0.3464
174      174   (0)      9  : 0.0019 0.0000 0.4255 0.0039 0.5687
175      175   (0)      9  : 0.0000 0.0157 0.6076 0.3767 0.0000
176      176   (0)      9  : 0.5376 0.0000 0.2042 0.0000 0.2581
177      177   (0)      9  : 0.4401 0.0000 0.2532 0.3067 0.0000
178      178   (0)      9  : 0.2788 0.0000 0.2390 0.0783 0.4040
179      179   (0)      9  : 0.1916 0.0076 0.3692 0.0657 0.3659
180      180   (0)      9  : 0.1708 0.0000 0.3505 0.1616 0.3171
181      181   (0)      1  : 0.7288 0.0000 0.0286 0.2427 0.0000
182      182   (0)      1  : 0.2841 0.0019 0.0000 0.3186 0.3954
183      183   (0)      1  : 0.7268 0.0000 0.0000 0.2732 0.0000
184      184   (0)      1  : 0.2288 0.0167 0.0000 0.3673 0.3871
185      185   (0)      1  : 0.7756 0.0000 0.0000 0.1748 0.0496
186      186   (0)      1  : 0.3157 0.0008 0.2062 0.2118 0.2656
187      187   (0)      1  : 0.6879 0.0000 0.0000 0.2990 0.0131
188      188   (0)      1  : 0.9291 0.0000 0.0000 0.0003 0.0706
189      189   (0)      2  : 0.1760 0.0052 0.0000 0.1148 0.7040
190      190   (0)      2  : 0.7389 0.0000 0.2016 0.0595 0.0000
191      191   (0)      2  : 0.7135 0.0000 0.1375 0.0785 0.0705
192      192   (0)      2  : 0.0000 0.0000 0.2732 0.0518 0.6749
193      193   (0)      2  : 0.8718 0.0000 0.0386 0.0000 0.0896
194      194   (0)      2  : 0.0000 0.0000 0.1365 0.0000 0.8635
195      195   (0)      2  : 0.3180 0.0000 0.0000 0.4226 0.2594
196      196   (0)      2  : 0.1593 0.0000 0.2849 0.1543 0.4016
197      197   (0)      1  : 0.3975 0.0000 0.0671 0.0418 0.4936
198      198   (0)      1  : 0.4173 0.0000 0.0000 0.5827 0.0000
199      199   (0)      1  : 0.0000 0.0000 0.0910 0.3592 0.5498
200      200   (0)      1  : 0.0008 0.0000 0.0000 0.7154 0.2837
201      201   (0)      1  : 0.0000 0.0000 0.0000 0.5100 0.4900
202      202   (0)      1  : 0.0000 0.0000 0.0000 1.0000 0.0000
203      203   (0)      2  : 0.0025 0.2927 0.0943 0.1128 0.4978
204      204   (0)      2  : 0.0330 0.0000 0.0060 0.3467 0.6143
205      205   (0)      2  : 0.0000 0.5991 0.0675 0.0000 0.3334
206      206   (0)      2  : 0.7890 0.0000 0.0809 0.1301 0.0000
207      207   (0)      2  : 0.0513 0.0290 0.0000 0.0003 0.9193
208      208   (0)      2  : 0.9779 0.0221 0.0000 0.0000 0.0000
209      209   (0)      2  : 0.0000 0.0000 0.1340 0.1229 0.7431
210      210   (0)      1  : 0.0000 0.0000 0.0000 0.2822 0.7178
211      211   (0)      1  : 0.2877 0.0000 0.2075 0.5048 0.0000
212      212   (0)      1  : 0.0000 0.0000 0.0743 0.5902 0.3355
213      213   (0)      1  : 0.4745 0.0000 0.0000 0.5255 0.0000
214      214   (0)      1  : 0.0000 0.0000 0.0000 0.1747 0.8253
215      215   (0)      1  : 0.3213 0.0000 0.0000 0.6787 0.0000
216      216   (0)      1  : 0.3368 0.0000 0.0000 0.6484 0.0147
217      217   (0)      1  : 0.0000 0.0000 0.0610 0.4142 0.5248
218      218   (0)      2  : 0.3897 0.0000 0.0000 0.1757 0.4346
219      219   (0)      2  : 0.0000 0.0000 0.1968 0.1489 0.6543
220      220   (0)      2  : 0.6292 0.0000 0.0297 0.3410 0.0000
221      221   (0)      2  : 0.4916 0.0000 0.1911 0.1773 0.1400
222      222   (0)      2  : 0.7099 0.0001 0.0000 0.2900 0.0000
223      223   (0)      2  : 0.1832 0.0000 0.0000 0.0000 0.8168
224      224   (0)      2  : 0.2139 0.0000 0.1015 0.0975 0.5871
225      225   (0)      2  : 0.7433 0.0000 0.0484 0.2083 0.0000
226      226   (0)      2  : 0.7678 0.0000 0.0000 0.1122 0.1200
227      227   (0)      2  : 0.8647 0.0000 0.0000 0.0000 0.1353
228      228   (0)      2  : 0.8263 0.0000 0.0000 0.1301 0.0436
229      229   (0)      2  : 0.1968 0.4440 0.0000 0.0499 0.3093
230      230   (0)      2  : 0.4907 0.0004 0.2985 0.0630 0.1474
231      231   (0)      2  : 0.5107 0.0000 0.0694 0.0118 0.4081
232      232   (0)     10  : 0.4242 0.0127 0.0000 0.0034 0.5597
233      233   (0)     10  : 0.0029 0.0000 0.1108 0.1109 0.7754
234      234   (0)     10  : 0.4172 0.0000 0.0650 0.3470 0.1708
235      235   (0)     10  : 0.0091 0.0071 0.0638 0.3499 0.5701
236      236   (0)     10  : 0.0000 0.0032 0.0965 0.1380 0.7624
237      237   (0)     10  : 0.4647 0.0000 0.0499 0.2003 0.2850
238      238   (0)     10  : 0.2937 0.0000 0.0638 0.0000 0.6425
239      239   (0)     10  : 0.6369 0.0000 0.0000 0.2195 0.1437
240      240   (0)     10  : 0.0000 0.0000 0.0761 0.2949 0.6290
241      241   (0)     10  : 0.8963 0.0000 0.0569 0.0468 0.0000
242      242   (0)     10  : 0.0000 0.0000 0.4377 0.0000 0.5623
243      243   (0)     10  : 0.8485 0.0000 0.0000 0.0378 0.1137
244      244   (0)     10  : 0.0955 0.0221 0.0000 0.1146 0.7678
245      245   (0)     10  : 0.7379 0.0000 0.0102 0.0116 0.2402
246      246   (0)     10  : 0.5271 0.0000 0.0000 0.0591 0.4138
247      247   (0)     10  : 0.0469 0.0226 0.0723 0.0000 0.8583
248      248   (0)     10  : 0.9374 0.0000 0.0543 0.0083 0.0000
249      249   (0)     10  : 0.9907 0.0000 0.0093 0.0000 0.0000
250      250   (0)     10  : 0.7493 0.0000 0.0258 0.2130 0.0119
251      251   (0)     10  : 0.3283 0.0000 0.0000 0.5330 0.1388
252      252   (0)     10  : 0.5930 0.0148 0.0000 0.0000 0.3921
253      253   (0)     10  : 0.9545 0.0000 0.0455 0.0000 0.0000
254      254   (0)     10  : 0.6963 0.0000 0.0000 0.2922 0.0114
255      255   (0)     10  : 0.8037 0.0000 0.0000 0.1963 0.0000
256      256   (0)     10  : 0.0428 0.5783 0.0000 0.0000 0.3789
257      257   (0)     10  : 0.5216 0.0000 0.0000 0.0000 0.4784
258      258   (0)     10  : 0.2675 0.0000 0.0000 0.3253 0.4073
259      259   (0)     10  : 0.7713 0.0000 0.0000 0.0031 0.2256
260      260   (0)     10  : 0.4804 0.0105 0.0000 0.1062 0.4029
261      261   (0)     10  : 0.6787 0.0112 0.0338 0.1757 0.1006
262      262   (0)     11  : 0.4146 0.0225 0.1420 0.3481 0.0729
263      263   (0)     11  : 0.7768 0.0000 0.0000 0.1887 0.0346
264      264   (0)     11  : 1.0000 0.0000 0.0000 0.0000 0.0000
265      265   (0)     11  : 0.0873 0.5701 0.0000 0.3426 0.0000
266      266   (0)     11  : 0.0537 0.0000 0.0000 0.0000 0.9462
267      267   (0)     11  : 0.0002 0.7153 0.0000 0.2845 0.0000
268      268   (0)     11  : 0.0656 0.0000 0.0000 0.0380 0.8964
269      269   (0)     11  : 0.8420 0.0000 0.0439 0.0826 0.0315
270      270   (0)     11  : 0.9658 0.0000 0.0000 0.0342 0.0000
271      271   (0)     11  : 0.0000 0.0000 0.0000 0.3797 0.6203
272      272   (0)     11  : 0.2567 0.0021 0.0000 0.3776 0.3636
273      273   (0)     11  : 0.0000 0.1698 0.3808 0.4495 0.0000
274      274   (0)     11  : 0.0000 0.5006 0.0000 0.1633 0.3361
275      275   (0)     11  : 0.6319 0.0000 0.0107 0.2683 0.0891
276      276   (0)     11  : 0.4802 0.2316 0.2591 0.0290 0.0000
277      277   (0)     11  : 0.6418 0.0421 0.0052 0.3110 0.0000
278      278   (0)     11  : 0.4185 0.0508 0.1639 0.2102 0.1566
279      279   (0)     11  : 0.0892 0.0000 0.0000 0.9108 0.0000
280      280   (0)     11  : 0.5381 0.0540 0.1461 0.0918 0.1700
281      281   (0)     11  : 0.5822 0.0000 0.0000 0.4178 0.0000
282      282   (0)     11  : 0.2868 0.0025 0.0000 0.1921 0.5186
283      283   (0)     11  : 0.1233 0.0000 0.3225 0.5542 0.0000
284      284   (0)     11  : 0.1956 0.0000 0.0617 0.6982 0.0445
285      285   (0)     11  : 0.0000 0.0000 0.0978 0.1665 0.7357
286      286   (0)     11  : 0.3467 0.0300 0.0543 0.4394 0.1296
287      287   (0)     11  : 0.0029 0.0490 0.0714 0.2641 0.6126
288      288   (0)     11  : 0.7830 0.0302 0.0000 0.1867 0.0000
289      289   (0)     11  : 0.0000 0.0054 0.0000 0.2232 0.7714
290      290   (0)     11  : 0.5340 0.0492 0.0000 0.4063 0.0105
291      291   (0)     11  : 0.2188 0.0019 0.1786 0.6006 0.0002
292      292   (0)     12  : 0.0000 1.0000 0.0000 0.0000 0.0000
293      293   (0)     12  : 0.0016 0.1733 0.8112 0.0000 0.0139
294      294   (0)     12  : 0.0000 1.0000 0.0000 0.0000 0.0000
295      295   (0)     12  : 0.0000 1.0000 0.0000 0.0000 0.0000
296      296   (0)     12  : 0.0000 1.0000 0.0000 0.0000 0.0000
297      297   (0)     12  : 0.0405 0.9595 0.0000 0.0000 0.0000
298      298   (0)     12  : 0.0000 0.9761 0.0239 0.0000 0.0000
299      299   (0)     12  : 0.0000 1.0000 0.0000 0.0000 0.0000
300      300   (0)     12  : 0.6328 0.0929 0.2484 0.0259 0.0000
301      301   (0)     12  : 0.0000 0.0000 1.0000 0.0000 0.0000
302      302   (0)     12  : 0.0000 1.0000 0.0000 0.0000 0.0000
303      303   (0)     12  : 0.0000 0.9597 0.0000 0.0403 0.0000
304      304   (0)     12  : 0.6070 0.3930 0.0000 0.0000 0.0000
305      305   (0)     12  : 0.0157 0.0782 0.4396 0.0000 0.4665
306      306   (0)     12  : 0.0000 0.8240 0.1760 0.0000 0.0000
307      307   (0)     12  : 0.0000 1.0000 0.0000 0.0000 0.0000
308      308   (0)     12  : 0.0614 0.9386 0.0000 0.0000 0.0000
309      309   (0)     12  : 0.0000 0.0419 0.5616 0.0426 0.3540
310      310   (0)     12  : 0.0530 0.9470 0.0000 0.0000 0.0000
311      311   (0)     12  : 0.2185 0.6343 0.0975 0.0000 0.0497
312      312   (0)     12  : 0.0000 0.0651 0.8259 0.1090 0.0000
313      313   (0)     12  : 0.3836 0.0207 0.5957 0.0000 0.0000
314      314   (0)     12  : 0.3308 0.6390 0.0000 0.0000 0.0302
315      315   (0)     12  : 0.0000 1.0000 0.0000 0.0000 0.0000
316      316   (0)     12  : 0.2111 0.7889 0.0000 0.0000 0.0000
317      317   (0)     12  : 0.2215 0.7785 0.0000 0.0000 0.0000
318      318   (0)     12  : 0.0000 0.0000 0.4663 0.0000 0.5337
319      319   (0)     12  : 0.0496 0.8356 0.0950 0.0072 0.0126
320      320   (0)     12  : 0.0000 0.0835 0.4590 0.0894 0.3681
321      321   (0)     12  : 0.2466 0.7534 0.0000 0.0000 0.0000
322      322   (0)     13  : 0.7142 0.0000 0.0456 0.0000 0.2402
323      323   (0)     13  : 0.4906 0.0000 0.0576 0.0000 0.4518
324      324   (0)     13  : 0.5221 0.0000 0.0000 0.0000 0.4779
325      325   (0)     13  : 0.0000 0.0000 0.0000 0.0000 1.0000
326      326   (0)     13  : 0.6479 0.0000 0.0000 0.3521 0.0000
327      327   (0)     13  : 0.4024 0.0000 0.0248 0.0000 0.5728
328      328   (0)     13  : 0.2262 0.0000 0.0000 0.0000 0.7738
329      329   (0)     13  : 0.8754 0.0000 0.0498 0.0675 0.0073
330      330   (0)     13  : 0.3975 0.0000 0.0280 0.0902 0.4842
331      331   (0)     13  : 0.0000 0.0000 0.4783 0.5217 0.0000
332      332   (0)     13  : 0.8985 0.0000 0.0000 0.0000 0.1015
333      333   (0)     13  : 0.0002 0.0000 0.2218 0.0000 0.7780
334      334   (0)     13  : 0.1049 0.0000 0.0000 0.0000 0.8951
335      335   (0)     13  : 0.0000 0.0000 0.0809 0.0000 0.9191
336      336   (0)     13  : 0.5735 0.0000 0.0000 0.0762 0.3503
337      337   (0)     13  : 0.3264 0.0136 0.0000 0.1384 0.5216
338      338   (0)     13  : 0.7360 0.0000 0.0000 0.0491 0.2149
339      339   (0)     13  : 0.0845 0.0015 0.2582 0.2809 0.3750
340      340   (0)     13  : 0.6970 0.0174 0.1247 0.0241 0.1367
341      341   (0)     13  : 0.9309 0.0000 0.0000 0.0691 0.0000
342      342   (0)     13  : 0.2007 0.0000 0.0000 0.1141 0.6852
343      343   (0)     13  : 0.1059 0.0000 0.0000 0.2211 0.6730
344      344   (0)     13  : 0.3958 0.0000 0.0000 0.0000 0.6042
345      345   (0)     13  : 0.4043 0.5181 0.0000 0.0724 0.0053
346      346   (0)     13  : 0.7289 0.0000 0.1824 0.0000 0.0887
347      347   (0)     13  : 0.3574 0.0000 0.0000 0.0000 0.6426
348      348   (0)     13  : 0.0000 0.0000 0.0000 0.1831 0.8169
349      349   (0)     13  : 0.3588 0.0000 0.1482 0.1718 0.3212
350      350   (0)     13  : 0.2659 0.7341 0.0000 0.0000 0.0000
351      351   (0)     13  : 0.0000 0.0066 0.0000 0.0000 0.9934
