1        1   (0)      1  : 0.1340 0.0250 0.0000 0.4189 0.4046 0.0028 0.0147
2        2   (0)      1  : 0.3823 0.0310 0.1051 0.3826 0.0859 0.0000 0.0131
3        3   (0)      1  : 0.0000 0.0958 0.0000 0.0000 0.0000 0.7249 0.1792
4        4   (0)      1  : 0.0376 0.0000 0.0000 0.6737 0.2887 0.0000 0.0000
5        5   (0)      1  : 0.0000 0.0499 0.0063 0.7080 0.0000 0.0000 0.2358
6        6   (0)      1  : 0.2046 0.0000 0.0000 0.0324 0.2812 0.4090 0.0728
7        7   (0)      2  : 0.0598 0.0000 0.0000 0.9402 0.0000 0.0000 0.0000
8        8   (0)      1  : 0.3387 0.0210 0.0000 0.6277 0.0000 0.0000 0.0127
9        9   (0)      3  : 0.0000 0.0000 0.5814 0.0000 0.4186 0.0000 0.0000
10       10   (0)      4  : 0.0000 0.0000 0.1882 0.0025 0.0000 0.0000 0.8093
11       11   (0)      4  : 0.4290 0.0000 0.4452 0.0741 0.0517 0.0000 0.0000
12       12   (0)      4  : 0.0000 0.0376 0.2838 0.1101 0.3644 0.0259 0.1782
13       13   (0)      4  : 0.0000 0.0000 0.0000 0.0000 0.0000 0.0000 1.0000
14       14   (0)      4  : 0.2427 0.0000 0.5344 0.1509 0.0000 0.0157 0.0564
15       15   (0)      4  : 0.0000 0.0000 0.0000 0.0000 0.1887 0.8113 0.0000
16       16   (0)      5  : 0.3443 0.0000 0.2737 0.1530 0.2074 0.0216 0.0000
17       17   (0)      4  : 0.0000 0.0000 0.4812 0.0417 0.3157 0.1614 0.0000
18       18   (0)      5  : 0.3288 0.0000 0.4481 0.2078 0.0028 0.0000 0.0126
19       19   (0)      5  : 0.3248 0.0000 0.6667 0.0085 0.0000 0.0000 0.0000
20       20   (0)      5  : 0.0000 0.0000 0.6876 0.0605 0.2519 0.0000 0.0000
21       21   (0)      5  : 0.2309 0.0000 0.7691 0.0000 0.0000 0.0000 0.0000
22       22   (0)      5  : 0.0000 0.0378 0.3563 0.0000 0.5067 0.0000 0.0992
23       23   (0)      5  : 0.0000 0.0000 0.6655 0.0000 0.3345 0.0000 0.0000
24       24   (0)      5  : 0.1508 0.0335 0.3997 0.1527 0.1398 0.0000 0.1235
25       25   (0)      5  : 0.0000 0.0270 0.6306 0.0000 0.3320 0.0000 0.0104
26       26   (0)      5  : 0.1215 0.0000 0.7428 0.1243 0.0000 0.0114 0.0000
27       27   (0)      5  : 0.0000 0.0000 0.5360 0.0000 0.3763 0.0000 0.0877
28       28   (0)      5  : 0.0007 0.0000 0.8170 0.0000 0.0000 0.0000 0.1823
29       29   (0)      5  : 0.7263 0.0000 0.2737 0.0000 0.0000 0.0000 0.0000
30       30   (0)      5  : 0.3024 0.0000 0.4500 0.1027 0.1434 0.0015 0.0000
31       31   (0)      5  : 0.0000 0.0660 0.6144 0.0000 0.1838 0.0000 0.1358
32       32   (0)      5  : 0.4807 0.0000 0.1360 0.0000 0.3643 0.0000 0.0190
33       33   (0)      5  : 0.3305 0.0000 0.3436 0.0000 0.3259 0.0000 0.0000
34       34   (0)      5  : 0.5965 0.0000 0.3201 0.0075 0.0759 0.0000 0.0000
35       35   (0)      5  : 0.1437 0.0000 0.8414 0.0000 0.0000 0.0000 0.0149
36       36   (0)      5  : 0.2634 0.0123 0.5783 0.0000 0.1367 0.0000 0.0094
37       37   (0)      5  : 0.0000 0.0000 0.7502 0.1136 0.0882 0.0000 0.0479
38       38   (0)      5  : 0.2673 0.0000 0.4137 0.0000 0.0004 0.0000 0.3186
39       39   (0)      5  : 0.3881 0.0078 0.4648 0.0000 0.0000 0.0000 0.1393
40       40   (0)      5  : 0.0000 0.0000 0.5402 0.0000 0.3654 0.0000 0.0944
41       41   (0)      5  : 0.5568 0.0000 0.4432 0.0000 0.0000 0.0000 0.0000
42       42   (0)      5  : 0.0000 0.0000 0.0000 0.0403 0.0000 0.9597 0.0000
43       43   (0)      5  : 0.0000 0.0075 0.4047 0.1615 0.3029 0.0000 0.1235
44       44   (0)      4  : 0.0000 0.0000 0.5285 0.0000 0.0000 0.0000 0.4715
45       45   (0)      4  : 0.3165 0.0110 0.2066 0.1467 0.0922 0.0845 0.1425
46       46   (0)      4  : 0.0000 0.0000 0.3086 0.0000 0.5695 0.1219 0.0000
47       47   (0)      4  : 0.5675 0.0000 0.2882 0.0121 0.0000 0.0000 0.1322
48       48   (0)      5  : 0.2940 0.0204 0.1569 0.0178 0.2616 0.0425 0.2069
49       49   (0)      4  : 0.0000 0.0000 0.4428 0.0000 0.5572 0.0000 0.0000
50       50   (0)      4  : 0.0000 0.0000 0.0000 0.0000 0.0853 0.9147 0.0000
51       51   (0)      4  : 0.2691 0.0768 0.4664 0.1877 0.0000 0.0000 0.0000
52       52   (0)      4  : 0.0000 0.0776 0.0057 0.0000 0.0585 0.8581 0.0000
53       53   (0)      4  : 0.2325 0.0000 0.5549 0.0787 0.0000 0.0000 0.1339
54       54   (0)      4  : 0.0000 0.0000 0.0000 0.0000 0.0000 1.0000 0.0000
55       55   (0)      4  : 0.1047 0.0000 0.0936 0.0000 0.0000 0.8017 0.0000
56       56   (0)      4  : 0.0652 0.0000 0.6217 0.0335 0.0585 0.0028 0.2184
57       57   (0)      5  : 0.4452 0.0583 0.1620 0.0230 0.0882 0.0000 0.2233
58       58   (0)      4  : 0.1952 0.0919 0.0000 0.0000 0.1570 0.5558 0.0000
59       59   (0)      4  : 0.0000 0.0000 0.0645 0.0000 0.0010 0.9008 0.0338
60       60   (0)      4  : 0.4814 0.0000 0.2543 0.0199 0.1639 0.0673 0.0132
61       61   (0)      5  : 0.0481 0.0000 0.3834 0.2415 0.2739 0.0531 0.0000
62       62   (0)      6  : 0.0000 0.0000 0.0162 0.0719 0.0000 0.7247 0.1872
63       63   (0)      6  : 0.0000 0.1382 0.0000 0.0201 0.0371 0.8045 0.0000
64       64   (0)      6  : 0.0000 0.0000 0.0000 0.8983 0.0000 0.0000 0.1017
65       65   (0)      6  : 0.2445 0.0000 0.3517 0.1361 0.2677 0.0000 0.0000
66       66   (0)      6  : 0.0000 0.0000 0.0000 0.0000 0.0000 0.0000 1.0000
67       67   (0)      6  : 0.0000 0.0000 0.0000 0.6860 0.3140 0.0000 0.0000
68       68   (0)      6  : 0.2213 0.0000 0.0747 0.3700 0.3121 0.0220 0.0000
69       69   (0)      6  : 0.2907 0.0000 0.1203 0.1308 0.4118 0.0464 0.0000
70       70   (0)      6  : 0.0000 0.0000 0.1243 0.1597 0.6987 0.0000 0.0173
71       71   (0)      6  : 0.2023 0.0000 0.1947 0.2619 0.3412 0.0000 0.0000
72       72   (0)      7  : 0.4861 0.0000 0.3609 0.0739 0.0000 0.0000 0.0791
73       73   (0)      7  : 0.5267 0.0000 0.1749 0.2013 0.0061 0.0910 0.0000
74       74   (0)      7  : 0.2613 0.0080 0.2373 0.2217 0.0889 0.0354 0.1474
75       75   (0)      7  : 0.3162 0.0164 0.3398 0.2574 0.0000 0.0689 0.0013
76       76   (0)      7  : 0.0083 0.0118 0.8220 0.1579 0.0000 0.0000 0.0000
77       77   (0)      7  : 0.0723 0.0884 0.3104 0.2576 0.0378 0.0000 0.2335
78       78   (0)      7  : 0.1294 0.0000 0.4604 0.3749 0.0000 0.0353 0.0000
79       79   (0)      7  : 0.7013 0.0000 0.1838 0.1149 0.0000 0.0000 0.0000
80       80   (0)      7  : 0.2242 0.0000 0.5145 0.2463 0.0138 0.0000 0.0012
81       81   (0)      7  : 0.0000 0.0000 0.7482 0.1523 0.0000 0.0000 0.0995
82       82   (0)      7  : 0.5382 0.0489 0.0895 0.1584 0.0006 0.0626 0.1018
83       83   (0)      7  : 0.0000 0.0665 0.0000 0.1236 0.0000 0.8099 0.0000
84       84   (0)      7  : 0.4332 0.0000 0.4481 0.1007 0.0000 0.0180 0.0000
85       85   (0)      7  : 0.0000 0.0017 0.7571 0.2259 0.0000 0.0000 0.0153
86       86   (0)      7  : 0.1891 0.0000 0.0000 0.0000 0.0014 0.8095 0.0000
87       87   (0)      7  : 0.1056 0.0000 0.3049 0.1467 0.4428 0.0000 0.0000
88       88   (0)      7  : 0.0000 0.0000 0.0001 0.0000 0.0843 0.8650 0.0505
89       89   (0)      7  : 0.4178 0.0041 0.4820 0.0000 0.0000 0.0032 0.0929
90       90   (0)      7  : 0.3879 0.0000 0.2552 0.0263 0.3133 0.0174 0.0000
91       91   (0)      7  : 0.4154 0.0000 0.4927 0.0919 0.0000 0.0000 0.0000
92       92   (0)      7  : 0.2007 0.0613 0.3855 0.1090 0.0000 0.0000 0.2435
93       93   (0)      7  : 0.3592 0.0000 0.3337 0.0702 0.1601 0.0530 0.0238
94       94   (0)      7  : 0.0000 0.0000 0.6251 0.2464 0.0000 0.0000 0.1286
95       95   (0)      7  : 0.0313 0.0663 0.4300 0.1195 0.1511 0.0000 0.2018
96       96   (0)      7  : 0.0000 0.0000 0.7375 0.2059 0.0000 0.0000 0.0566
97       97   (0)      7  : 0.0000 0.0314 0.6818 0.0671 0.0000 0.0000 0.2197
98       98   (0)      7  : 0.0000 0.0000 0.7241 0.0509 0.0000 0.0000 0.2250
99       99   (0)      7  : 0.0000 0.0210 0.0310 0.1939 0.0000 0.7485 0.0057
100      100   (0)      6  : 0.3862 0.0000 0.1427 0.4678 0.0000 0.0000 0.0034
101      101   (0)      6  : 0.1217 0.0000 0.1949 0.4954 0.1229 0.0374 0.0277
102      102   (0)      6  : 0.1351 0.0000 0.0000 0.1201 0.5457 0.0511 0.1481
103      103   (0)      6  : 0.5433 0.0000 0.0050 0.4495 0.0000 0.0000 0.0021
104      104   (0)      6  : 0.0000 0.0000 0.0000 0.3117 0.6217 0.0261 0.0405
105      105   (0)      6  : 0.2184 0.0000 0.1311 0.4830 0.0705 0.0000 0.0969
106      106   (0)      6  : 0.3161 0.0000 0.0110 0.3826 0.2414 0.0459 0.0030
107      107   (0)      6  : 0.0479 0.0550 0.0087 0.5829 0.2981 0.0000 0.0075
108      108   (0)      6  : 0.0000 0.0000 0.0000 0.0967 0.0000 0.9033 0.0000
109      109   (0)      7  : 0.1922 0.0000 0.3156 0.1946 0.2795 0.0178 0.0003
110      110   (0)      7  : 0.0000 0.0000 0.0000 0.0000 0.0000 0.0000 1.0000
111      111   (0)      8  : 0.0730 0.0000 0.0000 0.6350 0.0069 0.0274 0.2576
112      112   (0)      6  : 0.0000 0.0000 0.0000 1.0000 0.0000 0.0000 0.0000
113      113   (0)      6  : 0.0000 0.0000 0.0000 0.0805 0.0000 0.9091 0.0104
114      114   (0)      6  : 0.0000 0.0000 0.3134 0.6637 0.0000 0.0000 0.0229
115      115   (0)      6  : 0.0000 0.1708 0.0000 0.2355 0.0000 0.4327 0.1610
116      116   (0)      6  : 0.0000 0.0189 0.1777 0.6311 0.0998 0.0001 0.0723
117      117   (0)      6  : 0.0000 0.0000 0.0000 0.6017 0.3983 0.0000 0.0000
118      118   (0)      6  : 0.2042 0.0000 0.0000 0.6435 0.1523 0.0000 0.0000
119      119   (0)      6  : 0.0000 0.0000 0.1010 0.8937 0.0000 0.0000 0.0053
120      120   (0)      6  : 0.1072 0.0000 0.0000 0.8601 0.0003 0.0324 0.0000
121      121   (0)      6  : 0.0000 0.0417 0.0000 0.1794 0.0000 0.7786 0.0003
122      122   (0)      9  : 0.0000 0.0839 0.2049 0.0810 0.3858 0.0000 0.2444
123      123   (0)      9  : 0.2782 0.0000 0.2416 0.0000 0.3860 0.0522 0.0420
124      124   (0)      9  : 0.0000 0.0701 0.0983 0.0000 0.6451 0.0000 0.1865
125      125   (0)      9  : 0.5815 0.0000 0.3642 0.0000 0.0223 0.0178 0.0143
126      126   (0)      9  : 0.4354 0.0000 0.4760 0.0000 0.0000 0.0000 0.0886
127      127   (0)      9  : 0.0000 0.0000 0.4816 0.0000 0.4199 0.0000 0.0985
128      128   (0)      9  : 0.1849 0.0095 0.1760 0.0000 0.5012 0.0000 0.1284
129      129   (0)      9  : 0.0000 0.0000 0.2271 0.0000 0.6491 0.0598 0.0641
130      130   (0)      9  : 0.3402 0.0075 0.2122 0.0312 0.1248 0.0000 0.2840
131      131   (0)      9  : 0.2189 0.0000 0.3475 0.0765 0.3444 0.0128 0.0000
132      132   (0)      9  : 0.3824 0.0149 0.1369 0.0000 0.3480 0.0000 0.1178
133      133   (0)      9  : 0.1812 0.0000 0.4767 0.1748 0.1469 0.0146 0.0059
134      134   (0)      9  : 0.0000 0.0000 0.0000 0.0000 0.0000 0.0000 1.0000
135      135   (0)      9  : 0.0543 0.0000 0.0521 0.0000 0.8936 0.0000 0.0000
136      136   (0)      9  : 0.4302 0.0431 0.2801 0.0150 0.0000 0.0000 0.2317
137      137   (0)      9  : 0.5285 0.0000 0.2801 0.1645 0.0093 0.0000 0.0177
138      138   (0)      9  : 0.6874 0.0000 0.2841 0.0000 0.0143 0.0142 0.0000
139      139   (0)      9  : 0.6781 0.0000 0.2315 0.0463 0.0000 0.0000 0.0440
140      140   (0)      9  : 0.4190 0.0000 0.2250 0.0000 0.3300 0.0000 0.0260
141      141   (0)      9  : 0.0000 0.0000 0.5836 0.0530 0.3540 0.0000 0.0094
142      142   (0)      9  : 0.5344 0.0157 0.2197 0.1678 0.0515 0.0000 0.0109
143      143   (0)      9  : 0.0000 0.0000 0.0000 0.0000 0.0000 0.0000 1.0000
144      144   (0)      9  : 0.3496 0.0120 0.2575 0.1077 0.1793 0.0431 0.0508
145      145   (0)      3  : 0.0156 0.0303 0.3527 0.0000 0.4486 0.0000 0.1528
146      146   (0)      3  : 0.1583 0.0797 0.0410 0.0000 0.1584 0.5626 0.0000
147      147   (0)      3  : 0.0405 0.0000 0.0850 0.0000 0.8745 0.0000 0.0000
148      148   (0)      3  : 0.5463 0.0090 0.3218 0.0000 0.0194 0.0780 0.0255
149      149   (0)      3  : 0.4180 0.0000 0.3064 0.0000 0.2756 0.0000 0.0000
150      150   (0)      3  : 0.0000 0.0000 0.2904 0.0000 0.5886 0.0964 0.0246
151      151   (0)      3  : 0.5430 0.0000 0.3771 0.0000 0.0000 0.0000 0.0799
152      152   (0)      3  : 0.4661 0.0000 0.3274 0.0000 0.0878 0.0000 0.1187
153      153   (0)      3  : 0.1682 0.0286 0.5431 0.0000 0.2601 0.0000 0.0000
154      154   (0)      3  : 0.3031 0.0116 0.4286 0.0000 0.0371 0.0000 0.2196
155      155   (0)      3  : 0.1662 0.0404 0.5345 0.0000 0.0000 0.0437 0.2151
156      156   (0)      3  : 0.4288 0.0996 0.3600 0.0000 0.0000 0.0000 0.1115
157      157   (0)      3  : 0.5259 0.0290 0.2284 0.0000 0.0267 0.0000 0.1901
158      158   (0)      3  : 0.4707 0.0104 0.4570 0.0563 0.0000 0.0000 0.0057
159      159   (0)      3  : 0.2594 0.1720 0.0000 0.0000 0.0000 0.5686 0.0000
160      160   (0)      3  : 0.4544 0.0000 0.1979 0.0409 0.2234 0.0000 0.0834
161      161   (0)      3  : 0.0004 0.0000 0.1580 0.0000 0.6868 0.0000 0.1548
162      162   (0)      3  : 0.5906 0.0000 0.3988 0.0000 0.0000 0.0000 0.0105
163      163   (0)      3  : 0.2769 0.0000 0.4923 0.0000 0.2308 0.0000 0.0000
164      164   (0)      3  : 0.5290 0.0047 0.4408 0.0000 0.0000 0.0000 0.0255
165      165   (0)      3  : 0.0000 0.0000 0.1619 0.0000 0.6936 0.0018 0.1426
166      166   (0)      3  : 0.3192 0.0000 0.5550 0.0000 0.1257 0.0000 0.0000
167      167   (0)      3  : 0.5828 0.0000 0.1940 0.0000 0.2188 0.0000 0.0044
168      168   (0)      3  : 0.4407 0.0196 0.3240 0.0000 0.0046 0.0000 0.2112
169      169   (0)      3  : 0.4934 0.0000 0.4865 0.0032 0.0000 0.0000 0.0169
170      170   (0)      3  : 0.6955 0.0000 0.2536 0.0000 0.0000 0.0105 0.0404
171      171   (0)      3  : 0.3591 0.0000 0.5074 0.1181 0.0154 0.0000 0.0000
172      172   (0)      3  : 0.5699 0.0000 0.3792 0.0000 0.0000 0.0000 0.0510
173      173   (0)      3  : 0.1809 0.0185 0.3576 0.0128 0.3620 0.0000 0.0683
174      174   (0)      9  : 0.0000 0.0000 0.4880 0.0641 0.4479 0.0000 0.0000
175      175   (0)      9  : 0.0000 0.0054 0.0443 0.0000 0.0000 0.0000 0.9503
176      176   (0)      9  : 0.5092 0.0014 0.1846 0.0000 0.2464 0.0056 0.0527
177      177   (0)      9  : 0.3981 0.0000 0.2195 0.2870 0.0000 0.0000 0.0954
178      178   (0)      9  : 0.2654 0.0041 0.2445 0.1050 0.3542 0.0000 0.0268
179      179   (0)      9  : 0.1582 0.0283 0.3454 0.0658 0.3430 0.0000 0.0592
180      180   (0)      9  : 0.1502 0.0000 0.3003 0.1418 0.2697 0.0385 0.0995
181      181   (0)      1  : 0.6789 0.0000 0.0487 0.2724 0.0000 0.0000 0.0000
182      182   (0)      1  : 0.2618 0.0000 0.0000 0.3248 0.3749 0.0385 0.0000
183      183   (0)      1  : 0.6979 0.0000 0.0015 0.2974 0.0000 0.0000 0.0032
184      184   (0)      1  : 0.1876 0.0000 0.0000 0.3751 0.3931 0.0388 0.0053
185      185   (0)      1  : 0.7070 0.0000 0.0000 0.2401 0.0528 0.0000 0.0000
186      186   (0)      1  : 0.2743 0.0357 0.1851 0.2029 0.2605 0.0000 0.0414
187      187   (0)      1  : 0.6570 0.0000 0.0000 0.3251 0.0179 0.0000 0.0000
188      188   (0)      1  : 0.9093 0.0000 0.0000 0.0179 0.0727 0.0000 0.0000
189      189   (0)      2  : 0.1752 0.0082 0.0000 0.1149 0.6860 0.0035 0.0121
190      190   (0)      2  : 0.6843 0.0000 0.2272 0.0652 0.0000 0.0077 0.0156
191      191   (0)      2  : 0.6743 0.0000 0.1362 0.0737 0.0721 0.0075 0.0362
192      192   (0)      2  : 0.0000 0.0000 0.3327 0.1197 0.5477 0.0000 0.0000
193      193   (0)      2  : 0.8317 0.0000 0.0000 0.0000 0.1052 0.0000 0.0631
194      194   (0)      2  : 0.0000 0.0000 0.1525 0.0000 0.8351 0.0000 0.0124
195      195   (0)      2  : 0.2827 0.0000 0.0029 0.4729 0.2416 0.0000 0.0000
196      196   (0)      2  : 0.0718 0.0000 0.3380 0.2186 0.3716 0.0000 0.0000
197      197   (0)      1  : 0.3576 0.0000 0.0859 0.0648 0.4916 0.0000 0.0000
198      198   (0)      1  : 0.3697 0.0000 0.0000 0.6303 0.0000 0.0000 0.0000
199      199   (0)      1  : 0.0000 0.0000 0.0423 0.3258 0.5438 0.0000 0.0882
200      200   (0)      1  : 0.0000 0.0000 0.0000 0.7605 0.2395 0.0000 0.0000
201      201   (0)      1  : 0.0000 0.0000 0.0000 0.5253 0.4604 0.0144 0.0000
202      202   (0)      1  : 0.0000 0.0000 0.0000 1.0000 0.0000 0.0000 0.0000
203      203   (0)      2  : 0.0000 0.0000 0.0454 0.0000 0.2933 0.5689 0.0924
204      204   (0)      2  : 0.0000 0.0000 0.0318 0.3809 0.5872 0.0000 0.0000
205      205   (0)      2  : 0.0000 0.0058 0.0646 0.0000 0.0000 0.8966 0.0329
206      206   (0)      2  : 0.7637 0.0000 0.0676 0.1042 0.0030 0.0000 0.0615
207      207   (0)      2  : 0.0000 0.0000 0.0000 0.0000 0.8328 0.1672 0.0000
208      208   (0)      2  : 0.9158 0.0000 0.0051 0.0000 0.0000 0.0790 0.0000
209      209   (0)      2  : 0.0000 0.0000 0.1745 0.2048 0.6207 0.0000 0.0000
210      210   (0)      1  : 0.0000 0.0000 0.0000 0.3312 0.6688 0.0000 0.0000
211      211   (0)      1  : 0.2557 0.0000 0.1394 0.4842 0.0000 0.0000 0.1207
212      212   (0)      1  : 0.0000 0.0000 0.0843 0.6566 0.2503 0.0000 0.0088
213      213   (0)      1  : 0.4143 0.0000 0.0000 0.5768 0.0000 0.0000 0.0089
214      214   (0)      1  : 0.0000 0.0000 0.0000 0.1965 0.8035 0.0000 0.0000
215      215   (0)      1  : 0.2686 0.0000 0.0000 0.7314 0.0000 0.0000 0.0000
216      216   (0)      1  : 0.2795 0.0041 0.0000 0.7092 0.0073 0.0000 0.0000
217      217   (0)      1  : 0.0000 0.0000 0.0173 0.4179 0.5012 0.0000 0.0636
218      218   (0)      2  : 0.3680 0.0000 0.0000 0.1904 0.4416 0.0000 0.0000
219      219   (0)      2  : 0.0000 0.0000 0.2254 0.1996 0.5750 0.0000 0.0000
220      220   (0)      2  : 0.6037 0.0074 0.0300 0.3375 0.0000 0.0000 0.0214
221      221   (0)      2  : 0.4148 0.0000 0.2327 0.2183 0.1343 0.0000 0.0000
222      222   (0)      2  : 0.6666 0.0000 0.0043 0.2373 0.0000 0.0800 0.0119
223      223   (0)      2  : 0.1350 0.0000 0.0256 0.0000 0.7820 0.0574 0.0000
224      224   (0)      2  : 0.1915 0.0000 0.1342 0.1250 0.5492 0.0000 0.0000
225      225   (0)      2  : 0.6831 0.0044 0.0669 0.2457 0.0000 0.0000 0.0000
226      226   (0)      2  : 0.7560 0.0000 0.0000 0.1297 0.1144 0.0000 0.0000
227      227   (0)      2  : 0.8069 0.0000 0.0519 0.0017 0.1395 0.0000 0.0000
228      228   (0)      2  : 0.8073 0.0000 0.0000 0.1464 0.0462 0.0000 0.0000
229      229   (0)      2  : 0.0497 0.0207 0.0000 0.0000 0.1831 0.7465 0.0000
230      230   (0)      2  : 0.4621 0.0055 0.2208 0.0610 0.1329 0.0006 0.1171
231      231   (0)      2  : 0.4648 0.0000 0.0909 0.0179 0.4058 0.0103 0.0103
232      232   (0)     10  : 0.4011 0.0000 0.0000 0.0000 0.5674 0.0246 0.0069
233      233   (0)     10  : 0.0027 0.0000 0.0000 0.0001 0.8071 0.0000 0.1901
234      234   (0)     10  : 0.4624 0.0000 0.0573 0.3518 0.0986 0.0000 0.0299
235      235   (0)     10  : 0.0078 0.0285 0.0464 0.3784 0.5215 0.0000 0.0175
236      236   (0)     10  : 0.0000 0.0000 0.0000 0.0000 0.8013 0.0000 0.1987
237      237   (0)     10  : 0.4672 0.0000 0.0627 0.2080 0.2579 0.0000 0.0043
238      238   (0)     10  : 0.2503 0.0000 0.0163 0.0000 0.6775 0.0000 0.0558
239      239   (0)     10  : 0.6866 0.0000 0.0000 0.2505 0.0629 0.0000 0.0000
240      240   (0)     10  : 0.0000 0.0000 0.0973 0.3619 0.5408 0.0000 0.0000
241      241   (0)     10  : 0.8923 0.0068 0.0000 0.0000 0.0000 0.0000 0.1008
242      242   (0)     10  : 0.0000 0.0233 0.3370 0.0000 0.5188 0.0000 0.1210
243      243   (0)     10  : 0.8526 0.0000 0.0000 0.0416 0.1058 0.0000 0.0000
244      244   (0)     10  : 0.0752 0.0000 0.0000 0.0877 0.7256 0.1115 0.0000
245      245   (0)     10  : 0.7210 0.0000 0.0348 0.0178 0.2264 0.0000 0.0000
246      246   (0)     10  : 0.5033 0.0183 0.0000 0.0314 0.4416 0.0000 0.0053
247      247   (0)     10  : 0.0007 0.0723 0.0013 0.0000 0.9256 0.0000 0.0000
248      248   (0)     10  : 0.9296 0.0000 0.0488 0.0000 0.0000 0.0000 0.0217
249      249   (0)     10  : 0.9751 0.0000 0.0171 0.0000 0.0000 0.0000 0.0078
250      250   (0)     10  : 0.7033 0.0041 0.0197 0.2061 0.0440 0.0000 0.0227
251      251   (0)     10  : 0.3266 0.0000 0.0000 0.5274 0.1297 0.0090 0.0074
252      252   (0)     10  : 0.5854 0.0000 0.0000 0.0000 0.3905 0.0241 0.0000
253      253   (0)     10  : 0.9364 0.0000 0.0604 0.0000 0.0000 0.0000 0.0032
254      254   (0)     10  : 0.6918 0.0000 0.0000 0.2948 0.0133 0.0000 0.0000
255      255   (0)     10  : 0.8197 0.0000 0.0000 0.1635 0.0000 0.0000 0.0168
256      256   (0)     10  : 0.0000 0.0000 0.0000 0.0000 0.0000 1.0000 0.0000
257      257   (0)     10  : 0.4980 0.0000 0.0000 0.0176 0.4844 0.0000 0.0000
258      258   (0)     10  : 0.2885 0.0000 0.0000 0.3218 0.3836 0.0000 0.0061
259      259   (0)     10  : 0.7046 0.0000 0.0000 0.0013 0.2941 0.0000 0.0000
260      260   (0)     10  : 0.4605 0.0193 0.0000 0.1400 0.3803 0.0000 0.0000
261      261   (0)     10  : 0.6353 0.0180 0.0250 0.1354 0.1294 0.0001 0.0567
262      262   (0)     11  : 0.3900 0.0685 0.0614 0.3549 0.0615 0.0000 0.0637
263      263   (0)     11  : 0.7533 0.0000 0.0000 0.2050 0.0418 0.0000 0.0000
264      264   (0)     11  : 1.0000 0.0000 0.0000 0.0000 0.0000 0.0000 0.0000
265      265   (0)     11  : 0.0000 0.0000 0.0000 0.0000 0.0000 1.0000 0.0000
266      266   (0)     11  : 0.0205 0.0000 0.0000 0.0000 0.9356 0.0439 0.0000
267      267   (0)     11  : 0.0000 0.0000 0.0000 0.0000 0.0000 1.0000 0.0000
268      268   (0)     11  : 0.0656 0.0041 0.0000 0.0041 0.9133 0.0000 0.0129
269      269   (0)     11  : 0.8192 0.0029 0.0223 0.0509 0.0515 0.0000 0.0532
270      270   (0)     11  : 0.9531 0.0000 0.0000 0.0469 0.0000 0.0000 0.0000
271      271   (0)     11  : 0.0000 0.0000 0.0000 0.4046 0.5954 0.0000 0.0000
272      272   (0)     11  : 0.2573 0.0000 0.0000 0.4020 0.3258 0.0137 0.0011
273      273   (0)     11  : 0.0000 0.2101 0.1555 0.4883 0.0000 0.0000 0.1460
274      274   (0)     11  : 0.0000 0.1509 0.0000 0.0784 0.1737 0.5970 0.0000
275      275   (0)     11  : 0.6240 0.0051 0.0000 0.2373 0.1016 0.0000 0.0321
276      276   (0)     11  : 0.5082 0.2790 0.0255 0.0835 0.0000 0.0000 0.1038
277      277   (0)     11  : 0.6263 0.0328 0.0000 0.3076 0.0000 0.0001 0.0332
278      278   (0)     11  : 0.3546 0.0802 0.1758 0.2078 0.1745 0.0000 0.0070
279      279   (0)     11  : 0.0000 0.0000 0.0000 1.0000 0.0000 0.0000 0.0000
280      280   (0)     11  : 0.4591 0.0558 0.1681 0.1036 0.1711 0.0401 0.0021
281      281   (0)     11  : 0.5200 0.0008 0.0000 0.4792 0.0000 0.0000 0.0000
282      282   (0)     11  : 0.2714 0.0000 0.0000 0.1868 0.5275 0.0143 0.0000
283      283   (0)     11  : 0.0138 0.0049 0.3618 0.6126 0.0000 0.0000 0.0069
284      284   (0)     11  : 0.2001 0.0000 0.0425 0.6715 0.0202 0.0096 0.0561
285      285   (0)     11  : 0.0000 0.0101 0.0317 0.1323 0.7404 0.0000 0.0855
286      286   (0)     11  : 0.2047 0.0924 0.0313 0.5390 0.1326 0.0000 0.0000
287      287   (0)     11  : 0.0000 0.0841 0.0000 0.2869 0.5904 0.0000 0.0385
288      288   (0)     11  : 0.7726 0.0296 0.0000 0.1977 0.0000 0.0001 0.0000
289      289   (0)     11  : 0.0000 0.0000 0.0000 0.2012 0.7059 0.0929 0.0000
290      290   (0)     11  : 0.4179 0.0000 0.0163 0.4171 0.0000 0.1487 0.0000
291      291   (0)     11  : 0.1879 0.0010 0.0958 0.5213 0.0004 0.0109 0.1827
292      292   (0)     12  : 0.0000 1.0000 0.0000 0.0000 0.0000 0.0000 0.0000
293      293   (0)     12  : 0.0000 0.2873 0.6275 0.0000 0.0000 0.0000 0.0852
294      294   (0)     12  : 0.0000 1.0000 0.0000 0.0000 0.0000 0.0000 0.0000
295      295   (0)     12  : 0.0000 1.0000 0.0000 0.0000 0.0000 0.0000 0.0000
296      296   (0)     12  : 0.0000 1.0000 0.0000 0.0000 0.0000 0.0000 0.0000
297      297   (0)     12  : 0.0491 0.8305 0.0000 0.0000 0.0000 0.1203 0.0000
298      298   (0)     12  : 0.0000 1.0000 0.0000 0.0000 0.0000 0.0000 0.0000
299      299   (0)     12  : 0.0000 1.0000 0.0000 0.0000 0.0000 0.0000 0.0000
300      300   (0)     12  : 0.6001 0.1164 0.2323 0.0503 0.0000 0.0000 0.0009
301      301   (0)     12  : 0.0000 0.1009 0.8603 0.0000 0.0000 0.0000 0.0388
302      302   (0)     12  : 0.0000 1.0000 0.0000 0.0000 0.0000 0.0000 0.0000
303      303   (0)     12  : 0.0000 0.9673 0.0000 0.0327 0.0000 0.0000 0.0000
304      304   (0)     12  : 0.4397 0.1044 0.0000 0.0000 0.0000 0.4559 0.0000
305      305   (0)     12  : 0.0000 0.1240 0.4215 0.0000 0.4545 0.0000 0.0000
306      306   (0)     12  : 0.0000 0.7642 0.2008 0.0000 0.0000 0.0350 0.0000
307      307   (0)     12  : 0.0000 1.0000 0.0000 0.0000 0.0000 0.0000 0.0000
308      308   (0)     12  : 0.0000 0.6419 0.0000 0.0000 0.0000 0.3581 0.0000
309      309   (0)     12  : 0.0000 0.0943 0.5199 0.0655 0.2873 0.0000 0.0330
310      310   (0)     12  : 0.0334 0.8027 0.0000 0.0000 0.0000 0.1638 0.0000
311      311   (0)     12  : 0.1651 0.4141 0.0772 0.0000 0.0000 0.3436 0.0000
312      312   (0)     12  : 0.0000 0.1490 0.5354 0.0197 0.0000 0.0000 0.2959
313      313   (0)     12  : 0.2973 0.0828 0.6199 0.0000 0.0000 0.0000 0.0000
314      314   (0)     12  : 0.2003 0.3623 0.0000 0.0000 0.0000 0.4374 0.0000
315      315   (0)     12  : 0.0000 1.0000 0.0000 0.0000 0.0000 0.0000 0.0000
316      316   (0)     12  : 0.0061 0.4363 0.0000 0.0000 0.0000 0.5577 0.0000
317      317   (0)     12  : 0.0301 0.3403 0.0000 0.0000 0.0000 0.6296 0.0000
318      318   (0)     12  : 0.0000 0.0461 0.4488 0.0000 0.5051 0.0000 0.0000
319      319   (0)     12  : 0.0310 0.7194 0.0938 0.0000 0.0000 0.1520 0.0039
320      320   (0)     12  : 0.0000 0.0756 0.5141 0.1541 0.2557 0.0005 0.0000
321      321   (0)     12  : 0.0000 0.1748 0.0000 0.0000 0.0000 0.8252 0.0000
322      322   (0)     13  : 0.6910 0.0000 0.0498 0.0000 0.2504 0.0000 0.0087
323      323   (0)     13  : 0.3611 0.0097 0.1052 0.0000 0.5241 0.0000 0.0000
324      324   (0)     13  : 0.5168 0.0000 0.0000 0.0000 0.4832 0.0000 0.0000
325      325   (0)     13  : 0.0000 0.0000 0.0000 0.0000 1.0000 0.0000 0.0000
326      326   (0)     13  : 0.6375 0.0000 0.0000 0.3625 0.0000 0.0000 0.0000
327      327   (0)     13  : 0.3862 0.0125 0.0290 0.0000 0.5724 0.0000 0.0000
328      328   (0)     13  : 0.1744 0.0000 0.0000 0.0000 0.8256 0.0000 0.0000
329      329   (0)     13  : 0.8620 0.0000 0.0382 0.0443 0.0255 0.0000 0.0300
330      330   (0)     13  : 0.3808 0.0024 0.0000 0.0344 0.5050 0.0000 0.0774
331      331   (0)     13  : 0.0000 0.0000 0.0000 0.0000 0.0000 0.0000 1.0000
332      332   (0)     13  : 0.8761 0.0000 0.0003 0.0000 0.1235 0.0000 0.0001
333      333   (0)     13  : 0.0000 0.0000 0.1876 0.0000 0.7638 0.0000 0.0487
334      334   (0)     13  : 0.0850 0.0000 0.0000 0.0000 0.9150 0.0000 0.0000
335      335   (0)     13  : 0.0000 0.0000 0.1151 0.0000 0.8849 0.0000 0.0000
336      336   (0)     13  : 0.5495 0.0000 0.0044 0.0745 0.3672 0.0000 0.0044
337      337   (0)     13  : 0.3160 0.0000 0.0000 0.1492 0.4672 0.0675 0.0000
338      338   (0)     13  : 0.7309 0.0000 0.0000 0.0048 0.2283 0.0000 0.0361
339      339   (0)     13  : 0.0003 0.0345 0.2609 0.3271 0.3772 0.0000 0.0000
340      340   (0)     13  : 0.6744 0.0206 0.1609 0.0498 0.0943 0.0000 0.0000
341      341   (0)     13  : 0.9395 0.0000 0.0000 0.0605 0.0000 0.0000 0.0000
342      342   (0)     13  : 0.1875 0.0000 0.0000 0.1166 0.6959 0.0000 0.0000
343      343   (0)     13  : 0.1134 0.0000 0.0000 0.2168 0.6679 0.0000 0.0020
344      344   (0)     13  : 0.3517 0.0000 0.0000 0.0000 0.6483 0.0000 0.0000
345      345   (0)     13  : 0.2299 0.1255 0.0000 0.0000 0.0000 0.6445 0.0000
346      346   (0)     13  : 0.6976 0.0000 0.2278 0.0000 0.0746 0.0000 0.0000
347      347   (0)     13  : 0.3326 0.0000 0.0000 0.0000 0.6619 0.0000 0.0055
348      348   (0)     13  : 0.0000 0.0408 0.0000 0.1060 0.8043 0.0000 0.0489
349      349   (0)     13  : 0.3375 0.0011 0.0426 0.0807 0.3725 0.0000 0.1656
350      350   (0)     13  : 0.2430 0.4586 0.0000 0.0000 0.0000 0.2967 0.0017
351      351   (0)     13  : 0.0000 0.0139 0.0000 0.0000 0.9861 0.0000 0.0000
