  1        1   (0)      1 :  0.0000 0.0041 0.4641 0.0277 0.0092 0.4741 0.0000 0.0000 0.0000 0.0208 
  2        2   (0)      1 :  0.1303 0.0010 0.0362 0.2918 0.0522 0.3588 0.0250 0.0000 0.0928 0.0119 
  3        3   (0)      1 :  0.0003 0.2155 0.0011 0.0000 0.0027 0.0000 0.0000 0.6833 0.0000 0.0971 
  4        4   (0)      1 :  0.0086 0.0000 0.0687 0.0178 0.0123 0.4788 0.0000 0.0000 0.4139 0.0000 
  5        5   (0)      1 :  0.0449 0.1107 0.0000 0.0138 0.1523 0.6341 0.0235 0.0000 0.0000 0.0206 
  6        6   (0)      1 :  0.0376 0.0393 0.3212 0.1277 0.0440 0.0654 0.0000 0.3648 0.0000 0.0000 
  7        7   (0)      2 :  0.0000 0.0000 0.0000 0.0000 0.0000 0.6108 0.0000 0.0000 0.3892 0.0000 
  8        8   (0)      1 :  0.0000 0.0000 0.0012 0.1615 0.1740 0.6558 0.0000 0.0000 0.0000 0.0075 
  9        9   (0)      3 :  0.1967 0.0000 0.2960 0.0032 0.0222 0.0000 0.4743 0.0000 0.0076 0.0000 
 10       10   (0)      4 :  0.0332 0.7369 0.0000 0.0000 0.0223 0.0000 0.1525 0.0000 0.0551 0.0000 
 11       11   (0)      4 :  0.0362 0.0000 0.0517 0.2803 0.1208 0.0814 0.4260 0.0000 0.0036 0.0000 
 12       12   (0)      4 :  0.1519 0.0673 0.2409 0.0000 0.1249 0.0718 0.1600 0.0451 0.1274 0.0107 
 13       13   (0)      4 :  0.0000 1.0000 0.0000 0.0000 0.0000 0.0000 0.0000 0.0000 0.0000 0.0000 
 14       14   (0)      4 :  0.1542 0.0424 0.0000 0.1117 0.0206 0.1921 0.4742 0.0048 0.0000 0.0000 
 15       15   (0)      4 :  0.0000 0.0000 0.2334 0.0000 0.0074 0.0000 0.0001 0.7591 0.0000 0.0000 
 16       16   (0)      5 :  0.0185 0.0000 0.2118 0.1692 0.1654 0.0673 0.2490 0.0149 0.1039 0.0000 
 17       17   (0)      4 :  0.1483 0.0084 0.2181 0.0000 0.0241 0.0000 0.3658 0.0700 0.1653 0.0000 
 18       18   (0)      5 :  0.2692 0.0036 0.0193 0.1012 0.0644 0.2098 0.3206 0.0000 0.0118 0.0000 
 19       19   (0)      5 :  0.0530 0.0000 0.0000 0.2410 0.0347 0.0066 0.6526 0.0000 0.0121 0.0000 
 20       20   (0)      5 :  0.0590 0.0000 0.0631 0.0000 0.0215 0.0000 0.6014 0.0000 0.2550 0.0000 
 21       21   (0)      5 :  0.0907 0.0000 0.0000 0.1035 0.0524 0.0000 0.7535 0.0000 0.0000 0.0000 
 22       22   (0)      5 :  0.0413 0.0314 0.5233 0.0000 0.1089 0.0002 0.2853 0.0000 0.0000 0.0097 
 23       23   (0)      5 :  0.0656 0.0000 0.2913 0.0000 0.0150 0.0000 0.6281 0.0000 0.0000 0.0000 
 24       24   (0)      5 :  0.0748 0.0475 0.1005 0.0918 0.1445 0.0015 0.2921 0.0017 0.2359 0.0096 
 25       25   (0)      5 :  0.0120 0.0150 0.3209 0.0000 0.0327 0.0000 0.5943 0.0000 0.0000 0.0250 
 26       26   (0)      5 :  0.0912 0.0000 0.0000 0.0095 0.0463 0.0003 0.6588 0.0012 0.1927 0.0000 
 27       27   (0)      5 :  0.1257 0.0289 0.3622 0.0000 0.0671 0.0000 0.4161 0.0000 0.0000 0.0000 
 28       28   (0)      5 :  0.1286 0.1092 0.0000 0.0022 0.0416 0.0000 0.7184 0.0000 0.0000 0.0000 
 29       29   (0)      5 :  0.1100 0.0000 0.0000 0.5127 0.1558 0.0000 0.2215 0.0000 0.0000 0.0000 
 30       30   (0)      5 :  0.1609 0.0000 0.0638 0.1441 0.0664 0.0000 0.3408 0.0000 0.2240 0.0000 
 31       31   (0)      5 :  0.1162 0.0497 0.1748 0.0000 0.2042 0.0000 0.4352 0.0000 0.0000 0.0199 
 32       32   (0)      5 :  0.0030 0.0031 0.4613 0.2717 0.0715 0.0000 0.1893 0.0000 0.0000 0.0000 
 33       33   (0)      5 :  0.1970 0.0000 0.3661 0.1348 0.0533 0.0000 0.2389 0.0000 0.0099 0.0000 
 34       34   (0)      5 :  0.0223 0.0000 0.0721 0.4721 0.0787 0.0006 0.3341 0.0000 0.0201 0.0000 
 35       35   (0)      5 :  0.1445 0.0043 0.0000 0.0476 0.0197 0.0000 0.7839 0.0000 0.0000 0.0000 
 36       36   (0)      5 :  0.4026 0.0013 0.0997 0.0741 0.0563 0.0000 0.3627 0.0000 0.0000 0.0032 
 37       37   (0)      5 :  0.1553 0.0508 0.0414 0.0000 0.0632 0.0230 0.6141 0.0000 0.0521 0.0000 
 38       38   (0)      5 :  0.3325 0.2324 0.0111 0.0305 0.1029 0.0000 0.2906 0.0000 0.0000 0.0000 
 39       39   (0)      5 :  0.2100 0.0451 0.0080 0.2794 0.1184 0.0000 0.3383 0.0000 0.0000 0.0008 
 40       40   (0)      5 :  0.1731 0.0252 0.3114 0.0000 0.1167 0.0000 0.3735 0.0000 0.0000 0.0000 
 41       41   (0)      5 :  0.0330 0.0000 0.0000 0.4593 0.0471 0.0000 0.4579 0.0000 0.0026 0.0000 
 42       42   (0)      5 :  0.0000 0.0000 0.0000 0.0000 0.0000 0.0000 0.0000 0.9422 0.0578 0.0000 
 43       43   (0)      5 :  0.1307 0.0403 0.2074 0.0000 0.1587 0.0163 0.2692 0.0000 0.1768 0.0006 
 44       44   (0)      4 :  0.0000 0.4785 0.0000 0.0000 0.0038 0.0000 0.5178 0.0000 0.0000 0.0000 
 45       45   (0)      4 :  0.2103 0.0495 0.0216 0.1478 0.1360 0.0000 0.0756 0.0188 0.3359 0.0045 
 46       46   (0)      4 :  0.0807 0.0000 0.4856 0.0000 0.0331 0.0000 0.2439 0.0563 0.1004 0.0000 
 47       47   (0)      4 :  0.0837 0.1369 0.0000 0.4481 0.0543 0.0030 0.2649 0.0000 0.0089 0.0000 
 48       48   (0)      5 :  0.1317 0.1059 0.2949 0.1836 0.1224 0.0049 0.0683 0.0227 0.0536 0.0119 
 49       49   (0)      4 :  0.0711 0.0000 0.2405 0.0000 0.0472 0.0000 0.3912 0.0000 0.2500 0.0000 
 50       50   (0)      4 :  0.0059 0.0000 0.0722 0.0000 0.0321 0.0000 0.0000 0.8774 0.0123 0.0000 
 51       51   (0)      4 :  0.0355 0.0000 0.0129 0.1631 0.1779 0.1626 0.3989 0.0048 0.0000 0.0443 
 52       52   (0)      4 :  0.0207 0.0000 0.0091 0.0000 0.0213 0.0000 0.0079 0.8107 0.0571 0.0731 
 53       53   (0)      4 :  0.0760 0.1223 0.0000 0.1409 0.0581 0.0915 0.5112 0.0000 0.0000 0.0000 
 54       54   (0)      4 :  0.0000 0.0000 0.0000 0.0000 0.0092 0.0000 0.0103 0.9804 0.0000 0.0000 
 55       55   (0)      4 :  0.1222 0.0000 0.0000 0.0436 0.0097 0.0000 0.0480 0.7764 0.0000 0.0000 
 56       56   (0)      4 :  0.2228 0.2041 0.0171 0.0061 0.0220 0.0094 0.5061 0.0000 0.0124 0.0000 
 57       57   (0)      5 :  0.2283 0.0728 0.1065 0.2614 0.1899 0.0267 0.0742 0.0000 0.0159 0.0244 
 58       58   (0)      4 :  0.0142 0.0000 0.2338 0.1002 0.0389 0.0000 0.0056 0.5074 0.0000 0.0999 
 59       59   (0)      4 :  0.0539 0.0458 0.0030 0.0000 0.0026 0.0000 0.0110 0.8460 0.0377 0.0000 
 60       60   (0)      4 :  0.1544 0.0036 0.1774 0.3185 0.0975 0.0402 0.1607 0.0388 0.0089 0.0000 
 61       61   (0)      5 :  0.3004 0.0020 0.0621 0.0057 0.0350 0.0426 0.1720 0.0036 0.3765 0.0000 
 62       62   (0)      6 :  0.0814 0.1444 0.0273 0.0000 0.0205 0.0591 0.0059 0.6573 0.0042 0.0000 
 63       63   (0)      6 :  0.0108 0.0000 0.0647 0.0000 0.0124 0.0074 0.0000 0.7437 0.0119 0.1491 
 64       64   (0)      6 :  0.0000 0.0546 0.0000 0.0015 0.1258 0.8166 0.0015 0.0000 0.0000 0.0000 
 65       65   (0)      6 :  0.0164 0.0000 0.2917 0.1374 0.0649 0.1542 0.3354 0.0000 0.0000 0.0000 
 66       66   (0)      6 :  0.0000 1.0000 0.0000 0.0000 0.0000 0.0000 0.0000 0.0000 0.0000 0.0000 
 67       67   (0)      6 :  0.0061 0.0000 0.3419 0.0000 0.0044 0.6477 0.0000 0.0000 0.0000 0.0000 
 68       68   (0)      6 :  0.0000 0.0000 0.4046 0.0228 0.1245 0.3793 0.0688 0.0000 0.0000 0.0000 
 69       69   (0)      6 :  0.0303 0.0000 0.4673 0.1554 0.0540 0.1576 0.1075 0.0215 0.0062 0.0000 
 70       70   (0)      6 :  0.0614 0.0106 0.7075 0.0000 0.0220 0.1191 0.0703 0.0000 0.0091 0.0000 
 71       71   (0)      6 :  0.0050 0.0000 0.4007 0.0759 0.0288 0.3051 0.1845 0.0000 0.0000 0.0000 
 72       72   (0)      7 :  0.2303 0.0028 0.0000 0.2696 0.1350 0.0867 0.2755 0.0000 0.0000 0.0000 
 73       73   (0)      7 :  0.1501 0.0000 0.0038 0.2690 0.0754 0.0441 0.1080 0.0462 0.3034 0.0000 
 74       74   (0)      7 :  0.1997 0.0439 0.0246 0.0720 0.1510 0.1436 0.0980 0.0221 0.2437 0.0012 
 75       75   (0)      7 :  0.1017 0.0000 0.0000 0.1060 0.3034 0.1581 0.2173 0.0816 0.0282 0.0037 
 76       76   (0)      7 :  0.0186 0.0000 0.0000 0.0084 0.2202 0.0736 0.6792 0.0000 0.0000 0.0000 
 77       77   (0)      7 :  0.0843 0.0849 0.0527 0.0040 0.3077 0.2488 0.1726 0.0000 0.0097 0.0355 
 78       78   (0)      7 :  0.0655 0.0000 0.0000 0.0122 0.0739 0.1038 0.3649 0.0187 0.3610 0.0000 
 79       79   (0)      7 :  0.0023 0.0000 0.0000 0.5979 0.0683 0.0253 0.1980 0.0000 0.1082 0.0000 
 80       80   (0)      7 :  0.0098 0.0000 0.0371 0.0539 0.1614 0.2232 0.5147 0.0000 0.0000 0.0000 
 81       81   (0)      7 :  0.0000 0.0547 0.0000 0.0000 0.0952 0.1345 0.7156 0.0000 0.0000 0.0000 
 82       82   (0)      7 :  0.1743 0.0311 0.0278 0.3200 0.1484 0.0589 0.0369 0.0620 0.1141 0.0265 
 83       83   (0)      7 :  0.0000 0.0026 0.0000 0.0000 0.0070 0.0977 0.0000 0.8032 0.0222 0.0673 
 84       84   (0)      7 :  0.1605 0.0000 0.0000 0.2490 0.1038 0.1138 0.3717 0.0012 0.0000 0.0000 
 85       85   (0)      7 :  0.0000 0.0020 0.0000 0.0037 0.0781 0.1991 0.7171 0.0000 0.0000 0.0000 
 86       86   (0)      7 :  0.0154 0.0000 0.1128 0.0839 0.0201 0.0000 0.0000 0.7678 0.0000 0.0000 
 87       87   (0)      7 :  0.0027 0.0000 0.4990 0.0001 0.1365 0.0961 0.2656 0.0000 0.0000 0.0000 
 88       88   (0)      7 :  0.0000 0.0573 0.1247 0.0000 0.0074 0.0000 0.0051 0.8054 0.0000 0.0000 
 89       89   (0)      7 :  0.1746 0.0501 0.0076 0.2805 0.1441 0.0000 0.3414 0.0010 0.0000 0.0006 
 90       90   (0)      7 :  0.0129 0.0000 0.3661 0.2462 0.0742 0.0425 0.2580 0.0000 0.0000 0.0000 
 91       91   (0)      7 :  0.0196 0.0000 0.0000 0.3186 0.0714 0.0793 0.5036 0.0000 0.0075 0.0000 
 92       92   (0)      7 :  0.2612 0.0731 0.0000 0.0782 0.2017 0.1530 0.2087 0.0000 0.0000 0.0241 
 93       93   (0)      7 :  0.4501 0.0000 0.1608 0.1150 0.0470 0.0947 0.0977 0.0315 0.0032 0.0000 
 94       94   (0)      7 :  0.1933 0.0150 0.0000 0.0000 0.1211 0.2343 0.4363 0.0000 0.0000 0.0000 
 95       95   (0)      7 :  0.0760 0.0600 0.1729 0.0140 0.1514 0.1717 0.3280 0.0000 0.0000 0.0260 
 96       96   (0)      7 :  0.0730 0.0670 0.0000 0.0000 0.0983 0.0450 0.5739 0.0000 0.1428 0.0000 
 97       97   (0)      7 :  0.0989 0.0762 0.0000 0.0000 0.2549 0.0810 0.4866 0.0000 0.0000 0.0024 
 98       98   (0)      7 :  0.0264 0.1781 0.0016 0.0000 0.1064 0.0609 0.6265 0.0000 0.0000 0.0000 
 99       99   (0)      7 :  0.0435 0.0000 0.0000 0.0008 0.0000 0.2162 0.0125 0.7041 0.0000 0.0228 
100      100   (0)      6 :  0.0053 0.0045 0.0000 0.3038 0.0265 0.4083 0.1380 0.0000 0.1135 0.0000 
101      101   (0)      6 :  0.1791 0.0122 0.0007 0.0157 0.0295 0.3735 0.0809 0.0107 0.2977 0.0000 
102      102   (0)      6 :  0.0000 0.1159 0.6346 0.0034 0.0525 0.1809 0.0015 0.0112 0.0000 0.0000 
103      103   (0)      6 :  0.0369 0.0000 0.0046 0.4346 0.0285 0.4853 0.0101 0.0000 0.0000 0.0000 
104      104   (0)      6 :  0.0000 0.0105 0.6226 0.0000 0.0057 0.3600 0.0007 0.0005 0.0000 0.0000 
105      105   (0)      6 :  0.1818 0.0505 0.0334 0.1252 0.0312 0.4920 0.0429 0.0000 0.0430 0.0000 
106      106   (0)      6 :  0.0712 0.0000 0.2207 0.2112 0.0170 0.3729 0.0019 0.0253 0.0797 0.0000 
107      107   (0)      6 :  0.0180 0.0000 0.3245 0.0160 0.0503 0.5450 0.0021 0.0000 0.0116 0.0326 
108      108   (0)      6 :  0.0000 0.0000 0.0000 0.0000 0.0165 0.1044 0.0000 0.8792 0.0000 0.0000 
109      109   (0)      7 :  0.0299 0.0000 0.3167 0.0365 0.1112 0.1857 0.3045 0.0115 0.0040 0.0000 
110      110   (0)      7 :  0.0000 1.0000 0.0000 0.0000 0.0000 0.0000 0.0000 0.0000 0.0000 0.0000 
111      111   (0)      8 :  0.0000 0.2549 0.0001 0.0118 0.0079 0.5234 0.0000 0.0084 0.1935 0.0000 
112      112   (0)      6 :  0.0000 0.0000 0.0000 0.0000 0.0000 1.0000 0.0000 0.0000 0.0000 0.0000 
113      113   (0)      6 :  0.0000 0.0426 0.0000 0.0000 0.0000 0.0652 0.0000 0.8923 0.0000 0.0000 
114      114   (0)      6 :  0.0039 0.0027 0.0000 0.0000 0.0310 0.6502 0.3121 0.0000 0.0000 0.0000 
115      115   (0)      6 :  0.0011 0.1375 0.0000 0.0000 0.0076 0.2728 0.0005 0.4040 0.0000 0.1764 
116      116   (0)      6 :  0.0575 0.0725 0.0149 0.0000 0.0048 0.4888 0.1160 0.0000 0.2278 0.0178 
117      117   (0)      6 :  0.0268 0.0000 0.2414 0.0000 0.0194 0.5316 0.0000 0.0000 0.1809 0.0000 
118      118   (0)      6 :  0.0000 0.0000 0.2183 0.1444 0.0119 0.6087 0.0000 0.0000 0.0166 0.0000 
119      119   (0)      6 :  0.0011 0.0000 0.0000 0.0000 0.0069 0.8035 0.0861 0.0000 0.1025 0.0000 
120      120   (0)      6 :  0.0069 0.0000 0.0000 0.0051 0.0163 0.6668 0.0000 0.0000 0.3049 0.0000 
121      121   (0)      6 :  0.0000 0.0004 0.0000 0.0000 0.0000 0.1992 0.0000 0.7592 0.0000 0.0411 
122      122   (0)      9 :  0.3243 0.0617 0.2852 0.0000 0.1225 0.1143 0.0492 0.0000 0.0000 0.0429 
123      123   (0)      9 :  0.4083 0.0024 0.3911 0.0666 0.0272 0.0029 0.0596 0.0320 0.0098 0.0000 
124      124   (0)      9 :  0.0939 0.0531 0.6014 0.0000 0.1816 0.0000 0.0438 0.0000 0.0000 0.0262 
125      125   (0)      9 :  0.3265 0.0060 0.0139 0.3952 0.0343 0.0000 0.2215 0.0026 0.0000 0.0000 
126      126   (0)      9 :  0.3071 0.0638 0.0000 0.2608 0.0323 0.0000 0.3324 0.0000 0.0037 0.0000 
127      127   (0)      9 :  0.0765 0.0985 0.3818 0.0000 0.0493 0.0000 0.3927 0.0000 0.0013 0.0000 
128      128   (0)      9 :  0.2720 0.0372 0.5236 0.0462 0.0688 0.0000 0.0486 0.0000 0.0001 0.0035 
129      129   (0)      9 :  0.4527 0.0088 0.3893 0.0000 0.0108 0.0000 0.0536 0.0012 0.0835 0.0002 
130      130   (0)      9 :  0.4079 0.0868 0.0004 0.0773 0.0998 0.0059 0.0699 0.0000 0.2521 0.0000 
131      131   (0)      9 :  0.4138 0.0000 0.2108 0.0579 0.0148 0.0000 0.1133 0.0000 0.1895 0.0000 
132      132   (0)      9 :  0.2181 0.0332 0.3727 0.1827 0.1434 0.0000 0.0453 0.0000 0.0000 0.0046 
133      133   (0)      9 :  0.4328 0.0098 0.0185 0.0390 0.0311 0.0000 0.1442 0.0000 0.3247 0.0000 
134      134   (0)      9 :  0.0000 1.0000 0.0000 0.0000 0.0000 0.0000 0.0000 0.0000 0.0000 0.0000 
135      135   (0)      9 :  0.1157 0.0000 0.8515 0.0125 0.0118 0.0000 0.0086 0.0000 0.0000 0.0000 
136      136   (0)      9 :  0.2199 0.0933 0.0078 0.2933 0.1341 0.0489 0.1856 0.0000 0.0020 0.0152 
137      137   (0)      9 :  0.4495 0.0035 0.0020 0.2501 0.0217 0.0072 0.0712 0.0000 0.1948 0.0000 
138      138   (0)      9 :  0.2603 0.0000 0.0102 0.5318 0.0266 0.0000 0.1626 0.0085 0.0000 0.0000 
139      139   (0)      9 :  0.3483 0.0041 0.0000 0.4480 0.0337 0.0679 0.0950 0.0000 0.0031 0.0000 
140      140   (0)      9 :  0.3615 0.0081 0.3259 0.2100 0.0143 0.0000 0.0803 0.0000 0.0000 0.0000 
141      141   (0)      9 :  0.1882 0.0050 0.2599 0.0000 0.1040 0.0081 0.4285 0.0000 0.0063 0.0000 
142      142   (0)      9 :  0.1827 0.0018 0.0578 0.3500 0.1068 0.1418 0.1438 0.0002 0.0121 0.0030 
143      143   (0)      9 :  0.0000 1.0000 0.0000 0.0000 0.0000 0.0000 0.0000 0.0000 0.0000 0.0000 
144      144   (0)      9 :  0.1993 0.0512 0.0051 0.2344 0.0522 0.0000 0.1305 0.0005 0.3177 0.0092 
145      145   (0)      3 :  0.1253 0.0521 0.3947 0.0000 0.1788 0.0000 0.2445 0.0000 0.0000 0.0046 
146      146   (0)      3 :  0.0708 0.0000 0.2364 0.0345 0.0458 0.0000 0.0117 0.5247 0.0000 0.0761 
147      147   (0)      3 :  0.0405 0.0000 0.8518 0.0177 0.0287 0.0000 0.0501 0.0000 0.0113 0.0000 
148      148   (0)      3 :  0.3391 0.0085 0.0289 0.3573 0.0360 0.0000 0.1503 0.0588 0.0000 0.0211 
149      149   (0)      3 :  0.1325 0.0000 0.2689 0.2987 0.0886 0.0000 0.2113 0.0000 0.0000 0.0000 
150      150   (0)      3 :  0.3665 0.0122 0.3476 0.0000 0.0164 0.0000 0.0760 0.0663 0.1151 0.0000 
151      151   (0)      3 :  0.3838 0.0266 0.0000 0.3098 0.0592 0.0000 0.2206 0.0000 0.0000 0.0000 
152      152   (0)      3 :  0.4895 0.0624 0.0888 0.2086 0.0092 0.0000 0.1415 0.0000 0.0000 0.0000 
153      153   (0)      3 :  0.2029 0.0000 0.1727 0.1209 0.0730 0.0000 0.4103 0.0000 0.0017 0.0186 
154      154   (0)      3 :  0.2694 0.1776 0.0275 0.0915 0.1072 0.0000 0.3166 0.0000 0.0000 0.0102 
155      155   (0)      3 :  0.1331 0.1759 0.0000 0.0508 0.1059 0.0000 0.4629 0.0385 0.0000 0.0329 
156      156   (0)      3 :  0.3358 0.0257 0.0540 0.2072 0.1327 0.0000 0.1693 0.0000 0.0000 0.0754 
157      157   (0)      3 :  0.3837 0.0496 0.0567 0.2763 0.1274 0.0207 0.0707 0.0000 0.0003 0.0145 
158      158   (0)      3 :  0.3417 0.0000 0.0008 0.2901 0.0749 0.0550 0.2347 0.0000 0.0000 0.0028 
159      159   (0)      3 :  0.0780 0.0000 0.0000 0.1864 0.0112 0.0000 0.0043 0.5405 0.0000 0.1796 
160      160   (0)      3 :  0.3865 0.0177 0.0206 0.2481 0.0224 0.0000 0.0529 0.0000 0.2518 0.0000 
161      161   (0)      3 :  0.2447 0.0844 0.5791 0.0000 0.0507 0.0010 0.0402 0.0000 0.0000 0.0000 
162      162   (0)      3 :  0.1519 0.0014 0.0004 0.4208 0.0866 0.0000 0.3388 0.0000 0.0000 0.0000 
163      163   (0)      3 :  0.0920 0.0000 0.2277 0.2021 0.0169 0.0000 0.4613 0.0000 0.0000 0.0000 
164      164   (0)      3 :  0.4840 0.0012 0.0000 0.2835 0.0376 0.0000 0.1917 0.0000 0.0000 0.0020 
165      165   (0)      3 :  0.3220 0.0612 0.5502 0.0000 0.0183 0.0060 0.0423 0.0000 0.0000 0.0000 
166      166   (0)      3 :  0.1859 0.0000 0.0647 0.2100 0.0249 0.0000 0.4606 0.0000 0.0538 0.0000 
167      167   (0)      3 :  0.1226 0.0002 0.2375 0.4506 0.0409 0.0006 0.1475 0.0000 0.0000 0.0000 
168      168   (0)      3 :  0.3768 0.0764 0.0090 0.2615 0.1262 0.0000 0.1399 0.0000 0.0000 0.0103 
169      169   (0)      3 :  0.0445 0.0079 0.0000 0.3921 0.0599 0.0112 0.4823 0.0000 0.0021 0.0000 
170      170   (0)      3 :  0.2731 0.0096 0.0000 0.5006 0.0497 0.0000 0.1653 0.0017 0.0000 0.0000 
171      171   (0)      3 :  0.1955 0.0000 0.0000 0.1690 0.0235 0.0000 0.3726 0.0000 0.2395 0.0000 
172      172   (0)      3 :  0.2997 0.0353 0.0000 0.3819 0.0254 0.0047 0.2506 0.0000 0.0025 0.0000 
173      173   (0)      3 :  0.1144 0.0072 0.3429 0.0674 0.1239 0.0234 0.3115 0.0000 0.0000 0.0093 
174      174   (0)      9 :  0.1955 0.0000 0.2299 0.0000 0.0170 0.0000 0.3378 0.0000 0.2196 0.0000 
175      175   (0)      9 :  0.0562 0.7962 0.0000 0.0000 0.0987 0.0089 0.0400 0.0000 0.0000 0.0000 
176      176   (0)      9 :  0.2332 0.0136 0.2751 0.3510 0.0502 0.0000 0.0716 0.0005 0.0022 0.0024 
177      177   (0)      9 :  0.1562 0.0799 0.0000 0.1651 0.0263 0.1736 0.1410 0.0000 0.2579 0.0000 
178      178   (0)      9 :  0.3095 0.0040 0.3150 0.0499 0.0716 0.0065 0.0996 0.0000 0.1426 0.0014 
179      179   (0)      9 :  0.2119 0.0143 0.3145 0.0337 0.0738 0.0760 0.2604 0.0000 0.0003 0.0150 
180      180   (0)      9 :  0.3251 0.0943 0.1483 0.0163 0.1044 0.0097 0.0991 0.0015 0.2013 0.0000 
181      181   (0)      1 :  0.0980 0.0000 0.0102 0.5524 0.0567 0.2688 0.0139 0.0000 0.0000 0.0000 
182      182   (0)      1 :  0.0115 0.0000 0.2538 0.1929 0.0242 0.2217 0.0000 0.0217 0.2743 0.0000 
183      183   (0)      1 :  0.0423 0.0000 0.0000 0.5571 0.1271 0.2281 0.0019 0.0000 0.0436 0.0000 
184      184   (0)      1 :  0.0000 0.0000 0.3981 0.1533 0.0261 0.3988 0.0000 0.0238 0.0000 0.0000 
185      185   (0)      1 :  0.0062 0.0000 0.0524 0.7126 0.0155 0.2067 0.0000 0.0000 0.0066 0.0000 
186      186   (0)      1 :  0.2520 0.0040 0.2275 0.1840 0.0434 0.2268 0.0472 0.0000 0.0000 0.0151 
187      187   (0)      1 :  0.0000 0.0000 0.0552 0.5703 0.0341 0.3392 0.0000 0.0000 0.0013 0.0000 
188      188   (0)      1 :  0.0266 0.0000 0.0942 0.7743 0.0403 0.0646 0.0001 0.0000 0.0000 0.0000 
189      189   (0)      2 :  0.0475 0.0000 0.4862 0.1273 0.0380 0.0530 0.0000 0.0000 0.2479 0.0000 
190      190   (0)      2 :  0.2340 0.0013 0.0000 0.5347 0.0476 0.0751 0.1039 0.0020 0.0014 0.0000 
191      191   (0)      2 :  0.1934 0.0048 0.0711 0.5293 0.0540 0.0904 0.0571 0.0000 0.0000 0.0000 
192      192   (0)      2 :  0.0726 0.0000 0.4311 0.0000 0.0113 0.0000 0.2631 0.0000 0.2219 0.0000 
193      193   (0)      2 :  0.0491 0.0434 0.1864 0.6523 0.0664 0.0000 0.0025 0.0000 0.0000 0.0000 
194      194   (0)      2 :  0.1824 0.0017 0.7732 0.0000 0.0075 0.0014 0.0338 0.0000 0.0000 0.0000 
195      195   (0)      2 :  0.0298 0.0000 0.0683 0.2766 0.0260 0.3887 0.0007 0.0000 0.2100 0.0000 
196      196   (0)      2 :  0.1302 0.0000 0.0265 0.0288 0.0644 0.0219 0.2911 0.0000 0.4370 0.0000 
197      197   (0)      1 :  0.0387 0.0000 0.4875 0.2621 0.0902 0.0557 0.0657 0.0000 0.0000 0.0000 
198      198   (0)      1 :  0.0094 0.0000 0.0000 0.1864 0.1009 0.4325 0.0000 0.0000 0.2708 0.0000 
199      199   (0)      1 :  0.0978 0.0394 0.4430 0.0000 0.0485 0.3616 0.0097 0.0000 0.0000 0.0000 
200      200   (0)      1 :  0.0300 0.0000 0.0791 0.0272 0.0143 0.6760 0.0000 0.0000 0.1734 0.0000 
201      201   (0)      1 :  0.0241 0.0000 0.2876 0.0000 0.0189 0.4926 0.0000 0.0054 0.1714 0.0000 
202      202   (0)      1 :  0.0000 0.0000 0.0000 0.0000 0.0032 0.9231 0.0000 0.0000 0.0736 0.0000 
203      203   (0)      2 :  0.1430 0.0560 0.0568 0.0000 0.0142 0.0000 0.0029 0.4797 0.2473 0.0000 
204      204   (0)      2 :  0.0531 0.0000 0.2253 0.0000 0.0312 0.2450 0.0000 0.0000 0.4454 0.0000 
205      205   (0)      2 :  0.1137 0.0089 0.0081 0.0000 0.0025 0.0000 0.0127 0.8406 0.0000 0.0136 
206      206   (0)      2 :  0.0266 0.0371 0.0256 0.6187 0.0979 0.1055 0.0860 0.0000 0.0025 0.0000 
207      207   (0)      2 :  0.0111 0.0000 0.6733 0.0000 0.0122 0.0000 0.0000 0.0459 0.2575 0.0000 
208      208   (0)      2 :  0.0741 0.0002 0.0000 0.7777 0.0558 0.0000 0.0067 0.0720 0.0135 0.0000 
209      209   (0)      2 :  0.0872 0.0000 0.1715 0.0000 0.0479 0.0000 0.0926 0.0000 0.6009 0.0000 
210      210   (0)      1 :  0.0165 0.0000 0.3789 0.0000 0.0197 0.1052 0.0000 0.0000 0.4796 0.0000 
211      211   (0)      1 :  0.2371 0.0384 0.0000 0.0518 0.0113 0.4256 0.0386 0.0000 0.1972 0.0000 
212      212   (0)      1 :  0.1277 0.0035 0.0021 0.0000 0.0439 0.3034 0.0114 0.0000 0.5081 0.0000 
213      213   (0)      1 :  0.0000 0.0000 0.0000 0.3878 0.0381 0.5672 0.0000 0.0000 0.0069 0.0000 
214      214   (0)      1 :  0.0100 0.0000 0.7146 0.0000 0.0155 0.1789 0.0000 0.0000 0.0810 0.0000 
215      215   (0)      1 :  0.0000 0.0000 0.0000 0.1756 0.0000 0.5969 0.0000 0.0000 0.2275 0.0000 
216      216   (0)      1 :  0.0035 0.0000 0.0000 0.2595 0.0840 0.6179 0.0004 0.0000 0.0342 0.0005 
217      217   (0)      1 :  0.0182 0.0316 0.4755 0.0000 0.0129 0.4539 0.0080 0.0000 0.0000 0.0000 
218      218   (0)      2 :  0.0028 0.0000 0.4430 0.3500 0.0110 0.1933 0.0000 0.0000 0.0000 0.0000 
219      219   (0)      2 :  0.2731 0.0000 0.2731 0.0000 0.0204 0.0426 0.0545 0.0000 0.3363 0.0000 
220      220   (0)      2 :  0.0576 0.0148 0.0000 0.4778 0.1177 0.2737 0.0146 0.0000 0.0409 0.0030 
221      221   (0)      2 :  0.1487 0.0000 0.1342 0.3301 0.0325 0.2522 0.1022 0.0000 0.0000 0.0000 
222      222   (0)      2 :  0.0836 0.0068 0.0000 0.4310 0.0424 0.1649 0.0030 0.0596 0.2087 0.0000 
223      223   (0)      2 :  0.0094 0.0000 0.8088 0.0373 0.0791 0.0000 0.0211 0.0443 0.0000 0.0000 
224      224   (0)      2 :  0.0677 0.0000 0.2932 0.1989 0.0381 0.0668 0.0846 0.0000 0.2508 0.0000 
225      225   (0)      2 :  0.1328 0.0000 0.0000 0.5496 0.0320 0.1710 0.0125 0.0000 0.1017 0.0004 
226      226   (0)      2 :  0.0050 0.0000 0.1104 0.7403 0.0122 0.1118 0.0000 0.0034 0.0168 0.0000 
227      227   (0)      2 :  0.0294 0.0000 0.1199 0.7743 0.0175 0.0140 0.0385 0.0000 0.0064 0.0000 
228      228   (0)      2 :  0.0029 0.0000 0.0725 0.6933 0.0919 0.1394 0.0000 0.0000 0.0000 0.0000 
229      229   (0)      2 :  0.0000 0.0000 0.2138 0.0075 0.0561 0.0029 0.0000 0.7082 0.0000 0.0115 
230      230   (0)      2 :  0.1551 0.0384 0.1324 0.3748 0.1369 0.0585 0.0991 0.0023 0.0024 0.0001 
231      231   (0)      2 :  0.0211 0.0019 0.4207 0.4022 0.0511 0.0294 0.0735 0.0000 0.0000 0.0000 
232      232   (0)     10 :  0.0060 0.0037 0.4840 0.3003 0.1808 0.0000 0.0000 0.0206 0.0045 0.0000 
233      233   (0)     10 :  0.0501 0.1280 0.6003 0.0097 0.1449 0.0000 0.0000 0.0000 0.0671 0.0000 
234      234   (0)     10 :  0.0968 0.0184 0.0000 0.1837 0.0131 0.0001 0.0000 0.0000 0.6880 0.0000 
235      235   (0)     10 :  0.0964 0.0347 0.1307 0.0150 0.1208 0.0518 0.0000 0.0000 0.5458 0.0048 
236      236   (0)     10 :  0.0689 0.1258 0.1844 0.0029 0.0326 0.0000 0.0000 0.0000 0.5854 0.0000 
237      237   (0)     10 :  0.1211 0.0011 0.0000 0.2392 0.0177 0.0153 0.0108 0.0000 0.5947 0.0000 
238      238   (0)     10 :  0.0447 0.0300 0.5022 0.2650 0.0788 0.0000 0.0229 0.0000 0.0565 0.0000 
239      239   (0)     10 :  0.0000 0.0000 0.0000 0.3992 0.2929 0.0000 0.0000 0.0000 0.3079 0.0000 
240      240   (0)     10 :  0.0466 0.0000 0.0000 0.0000 0.0261 0.0000 0.0000 0.0000 0.9272 0.0000 
241      241   (0)     10 :  0.0184 0.0643 0.0000 0.8711 0.0383 0.0043 0.0007 0.0000 0.0000 0.0028 
242      242   (0)     10 :  0.1086 0.0434 0.2332 0.0080 0.1469 0.0000 0.2321 0.0000 0.2273 0.0005 
243      243   (0)     10 :  0.0238 0.0000 0.0025 0.8422 0.0241 0.0011 0.0000 0.0000 0.1062 0.0000 
244      244   (0)     10 :  0.0020 0.0033 0.5395 0.0491 0.0838 0.0000 0.0000 0.0245 0.2978 0.0000 
245      245   (0)     10 :  0.0246 0.0000 0.1550 0.7379 0.0250 0.0181 0.0248 0.0000 0.0145 0.0000 
246      246   (0)     10 :  0.0000 0.0000 0.4334 0.3696 0.1863 0.0088 0.0000 0.0000 0.0000 0.0020 
247      247   (0)     10 :  0.0472 0.0015 0.7097 0.0197 0.0668 0.0000 0.0015 0.0000 0.1259 0.0277 
248      248   (0)     10 :  0.0164 0.0180 0.0000 0.6951 0.1496 0.0000 0.0490 0.0000 0.0719 0.0000 
249      249   (0)     10 :  0.0344 0.0031 0.0000 0.9099 0.0422 0.0000 0.0104 0.0000 0.0000 0.0000 
250      250   (0)     10 :  0.0000 0.0059 0.0157 0.4050 0.4477 0.1033 0.0224 0.0000 0.0000 0.0000 
251      251   (0)     10 :  0.0206 0.0017 0.0000 0.0341 0.0226 0.0088 0.0000 0.0000 0.9123 0.0000 
252      252   (0)     10 :  0.0168 0.0000 0.2958 0.6186 0.0234 0.0000 0.0000 0.0177 0.0262 0.0016 
253      253   (0)     10 :  0.0106 0.0004 0.0000 0.7091 0.2337 0.0000 0.0462 0.0000 0.0000 0.0000 
254      254   (0)     10 :  0.0210 0.0000 0.0000 0.5245 0.0197 0.1143 0.0000 0.0000 0.3205 0.0000 
255      255   (0)     10 :  0.0000 0.0072 0.0000 0.4541 0.4500 0.0887 0.0000 0.0000 0.0000 0.0000 
256      256   (0)     10 :  0.0000 0.0000 0.0239 0.0000 0.0000 0.0000 0.0000 0.9761 0.0000 0.0000 
257      257   (0)     10 :  0.0000 0.0000 0.4185 0.3659 0.2155 0.0001 0.0000 0.0000 0.0000 0.0000 
258      258   (0)     10 :  0.0169 0.0000 0.0000 0.0817 0.1985 0.0519 0.0000 0.0000 0.6510 0.0000 
259      259   (0)     10 :  0.0317 0.0000 0.0264 0.7762 0.0381 0.0000 0.0000 0.0000 0.1276 0.0000 
260      260   (0)     10 :  0.0094 0.0000 0.2010 0.4788 0.0195 0.0000 0.0000 0.0000 0.2878 0.0034 
261      261   (0)     10 :  0.0000 0.0358 0.0845 0.3261 0.4714 0.0529 0.0260 0.0000 0.0000 0.0034 
262      262   (0)     11 :  0.0841 0.0305 0.0094 0.1793 0.2638 0.1991 0.0064 0.0000 0.1921 0.0354 
263      263   (0)     11 :  0.0090 0.0000 0.0000 0.7161 0.0501 0.0751 0.0000 0.0000 0.1498 0.0000 
264      264   (0)     11 :  0.0049 0.0000 0.0000 0.9270 0.0628 0.0000 0.0000 0.0000 0.0053 0.0000 
265      265   (0)     11 :  0.0000 0.0000 0.0000 0.0000 0.0000 0.0000 0.0000 0.9976 0.0024 0.0000 
266      266   (0)     11 :  0.0087 0.0000 0.7884 0.0313 0.0770 0.0000 0.0000 0.0225 0.0721 0.0000 
267      267   (0)     11 :  0.0000 0.0000 0.0000 0.0000 0.0000 0.0000 0.0000 1.0000 0.0000 0.0000 
268      268   (0)     11 :  0.0095 0.0011 0.7138 0.0745 0.2011 0.0000 0.0000 0.0000 0.0000 0.0000 
269      269   (0)     11 :  0.0054 0.0448 0.0275 0.6229 0.2606 0.0011 0.0203 0.0000 0.0174 0.0000 
270      270   (0)     11 :  0.0000 0.0000 0.0000 0.5474 0.4336 0.0000 0.0000 0.0000 0.0190 0.0000 
271      271   (0)     11 :  0.0351 0.0000 0.0259 0.0000 0.0378 0.1941 0.0000 0.0000 0.7071 0.0000 
272      272   (0)     11 :  0.0090 0.0000 0.0311 0.1542 0.2433 0.0606 0.0000 0.0000 0.5011 0.0007 
273      273   (0)     11 :  0.1025 0.0731 0.0000 0.0000 0.2638 0.0000 0.0456 0.0000 0.4274 0.0876 
274      274   (0)     11 :  0.0063 0.0000 0.0427 0.0000 0.0215 0.0022 0.0000 0.5644 0.2161 0.1469 
275      275   (0)     11 :  0.0043 0.0232 0.0031 0.3498 0.4611 0.0886 0.0002 0.0000 0.0689 0.0008 
276      276   (0)     11 :  0.0901 0.0364 0.0000 0.1936 0.3978 0.0000 0.0374 0.0000 0.0887 0.1560 
277      277   (0)     11 :  0.0190 0.0158 0.0000 0.5050 0.1275 0.3057 0.0041 0.0099 0.0007 0.0123 
278      278   (0)     11 :  0.0191 0.0024 0.2238 0.1468 0.2487 0.2063 0.1062 0.0000 0.0000 0.0468 
279      279   (0)     11 :  0.0166 0.0000 0.0000 0.0000 0.0697 0.6309 0.0000 0.0000 0.2829 0.0000 
280      280   (0)     11 :  0.0369 0.0003 0.0647 0.2866 0.4880 0.0296 0.0462 0.0361 0.0062 0.0055 
281      281   (0)     11 :  0.0000 0.0000 0.0000 0.2191 0.2423 0.0165 0.0000 0.0000 0.5221 0.0000 
282      282   (0)     11 :  0.0067 0.0000 0.4147 0.1769 0.1700 0.1222 0.0000 0.0020 0.1075 0.0000 
283      283   (0)     11 :  0.0223 0.0000 0.0000 0.0008 0.1844 0.3945 0.2755 0.0000 0.1225 0.0000 
284      284   (0)     11 :  0.0311 0.0462 0.0000 0.0000 0.0687 0.3200 0.0008 0.0001 0.5332 0.0000 
285      285   (0)     11 :  0.0964 0.0158 0.5553 0.0000 0.1849 0.1244 0.0070 0.0000 0.0152 0.0010 
286      286   (0)     11 :  0.0085 0.0000 0.0000 0.0758 0.2225 0.1613 0.0104 0.0000 0.4779 0.0436 
287      287   (0)     11 :  0.0263 0.0148 0.3942 0.0015 0.2304 0.1094 0.0025 0.0000 0.1825 0.0384 
288      288   (0)     11 :  0.0024 0.0012 0.0000 0.5887 0.0880 0.0000 0.0000 0.0000 0.3022 0.0175 
289      289   (0)     11 :  0.0157 0.0038 0.5410 0.0000 0.0836 0.0153 0.0000 0.0407 0.2999 0.0000 
290      290   (0)     11 :  0.0000 0.0000 0.0000 0.1757 0.3696 0.0979 0.0025 0.1119 0.2424 0.0000 
291      291   (0)     11 :  0.0334 0.1865 0.0000 0.0241 0.1251 0.3534 0.0658 0.0010 0.2107 0.0000 
292      292   (0)     12 :  0.0000 0.0000 0.0000 0.0000 0.0000 0.0000 0.0000 0.0000 0.0000 1.0000 
293      293   (0)     12 :  0.1417 0.0293 0.0000 0.0000 0.3651 0.0000 0.3300 0.0000 0.0253 0.1086 
294      294   (0)     12 :  0.0000 0.0000 0.0000 0.0000 0.0000 0.0000 0.0000 0.0000 0.0000 1.0000 
295      295   (0)     12 :  0.0000 0.0000 0.0000 0.0000 0.0000 0.0000 0.0000 0.0000 0.0000 1.0000 
296      296   (0)     12 :  0.0000 0.0000 0.0000 0.0000 0.0000 0.0000 0.0000 0.0000 0.0000 1.0000 
297      297   (0)     12 :  0.0000 0.0000 0.0000 0.0866 0.0000 0.0000 0.0000 0.0510 0.0000 0.8624 
298      298   (0)     12 :  0.0043 0.0000 0.0000 0.0000 0.0000 0.0000 0.0000 0.0000 0.0000 0.9957 
299      299   (0)     12 :  0.0000 0.0000 0.0000 0.0000 0.0000 0.0000 0.0000 0.0000 0.0000 1.0000 
300      300   (0)     12 :  0.1264 0.0000 0.0000 0.2290 0.1706 0.0000 0.0602 0.0000 0.3629 0.0508 
301      301   (0)     12 :  0.1387 0.0136 0.0000 0.0000 0.4061 0.0000 0.4053 0.0000 0.0236 0.0126 
302      302   (0)     12 :  0.0000 0.0000 0.0000 0.0000 0.0000 0.0000 0.0000 0.0000 0.0000 1.0000 
303      303   (0)     12 :  0.0000 0.0000 0.0000 0.0000 0.0013 0.0071 0.0000 0.0000 0.0075 0.9841 
304      304   (0)     12 :  0.0087 0.0000 0.0000 0.4327 0.0108 0.0000 0.0000 0.4568 0.0000 0.0909 
305      305   (0)     12 :  0.0693 0.0000 0.3896 0.0014 0.2832 0.0000 0.2101 0.0000 0.0000 0.0466 
306      306   (0)     12 :  0.0102 0.0000 0.0000 0.0000 0.0793 0.0000 0.1217 0.0315 0.0000 0.7572 
307      307   (0)     12 :  0.0000 0.0000 0.0000 0.0000 0.0000 0.0000 0.0000 0.0000 0.0000 1.0000 
308      308   (0)     12 :  0.0000 0.0000 0.0000 0.0000 0.0034 0.0000 0.0000 0.3466 0.0000 0.6500 
309      309   (0)     12 :  0.1281 0.0000 0.0000 0.0000 0.1871 0.0000 0.3616 0.0000 0.3100 0.0132 
310      310   (0)     12 :  0.0000 0.0000 0.0030 0.0705 0.0000 0.0000 0.0000 0.0872 0.0000 0.8392 
311      311   (0)     12 :  0.0582 0.0000 0.0219 0.0574 0.1247 0.0000 0.0229 0.3032 0.0000 0.4118 
312      312   (0)     12 :  0.1868 0.0779 0.0000 0.0000 0.3862 0.0000 0.2459 0.0000 0.0721 0.0310 
313      313   (0)     12 :  0.0739 0.0000 0.0000 0.2113 0.1642 0.0000 0.5127 0.0000 0.0153 0.0227 
314      314   (0)     12 :  0.0000 0.0000 0.0264 0.0886 0.1263 0.0000 0.0000 0.3864 0.0000 0.3723 
315      315   (0)     12 :  0.0000 0.0000 0.0000 0.0000 0.0000 0.0000 0.0000 0.0000 0.0000 1.0000 
316      316   (0)     12 :  0.0114 0.0000 0.0000 0.0381 0.0266 0.0000 0.0019 0.4953 0.0000 0.4266 
317      317   (0)     12 :  0.0025 0.0000 0.0000 0.0544 0.0027 0.0000 0.0000 0.5915 0.0076 0.3413 
318      318   (0)     12 :  0.1569 0.0000 0.0000 0.0000 0.1874 0.0000 0.2214 0.0000 0.4343 0.0000 
319      319   (0)     12 :  0.0279 0.0000 0.0000 0.0056 0.0570 0.0000 0.0834 0.0444 0.0180 0.7636 
320      320   (0)     12 :  0.1022 0.0000 0.0000 0.0000 0.1002 0.0000 0.3549 0.0000 0.4363 0.0064 
321      321   (0)     12 :  0.0000 0.0000 0.0000 0.0000 0.0000 0.0000 0.0000 0.8182 0.0000 0.1818 
322      322   (0)     13 :  0.0729 0.0048 0.2219 0.6532 0.0342 0.0000 0.0130 0.0000 0.0000 0.0000 
323      323   (0)     13 :  0.0514 0.0000 0.5089 0.2365 0.1692 0.0000 0.0333 0.0000 0.0000 0.0008 
324      324   (0)     13 :  0.0076 0.0000 0.4377 0.5095 0.0452 0.0000 0.0000 0.0000 0.0000 0.0000 
325      325   (0)     13 :  0.0269 0.0000 0.9144 0.0000 0.0231 0.0000 0.0000 0.0000 0.0355 0.0000 
326      326   (0)     13 :  0.0300 0.0004 0.0000 0.2993 0.0840 0.1169 0.0000 0.0000 0.4694 0.0000 
327      327   (0)     13 :  0.0679 0.0000 0.5096 0.3347 0.0785 0.0000 0.0032 0.0000 0.0061 0.0000 
328      328   (0)     13 :  0.0116 0.0000 0.6774 0.0995 0.2114 0.0000 0.0000 0.0000 0.0000 0.0000 
329      329   (0)     13 :  0.0717 0.0018 0.0045 0.6413 0.2390 0.0363 0.0054 0.0000 0.0000 0.0000 
330      330   (0)     13 :  0.0103 0.0572 0.4934 0.2828 0.1356 0.0206 0.0002 0.0000 0.0000 0.0000 
331      331   (0)     13 :  0.0000 1.0000 0.0000 0.0000 0.0000 0.0000 0.0000 0.0000 0.0000 0.0000 
332      332   (0)     13 :  0.0256 0.0000 0.1067 0.8350 0.0289 0.0000 0.0032 0.0000 0.0005 0.0000 
333      333   (0)     13 :  0.3148 0.0171 0.6076 0.0000 0.0281 0.0000 0.0324 0.0000 0.0000 0.0000 
334      334   (0)     13 :  0.0145 0.0000 0.7969 0.0911 0.0686 0.0000 0.0000 0.0000 0.0289 0.0000 
335      335   (0)     13 :  0.1500 0.0000 0.2230 0.0000 0.0743 0.0000 0.0626 0.0000 0.4901 0.0000 
336      336   (0)     13 :  0.0186 0.0041 0.2763 0.5619 0.0317 0.0789 0.0090 0.0000 0.0194 0.0000 
337      337   (0)     13 :  0.0138 0.0000 0.0579 0.2301 0.0193 0.0000 0.0000 0.0204 0.6585 0.0000 
338      338   (0)     13 :  0.0276 0.0268 0.0678 0.7631 0.0416 0.0032 0.0000 0.0000 0.0700 0.0000 
339      339   (0)     13 :  0.1188 0.0000 0.0023 0.0077 0.0995 0.1532 0.1591 0.0000 0.4478 0.0117 
340      340   (0)     13 :  0.0578 0.0000 0.0000 0.5690 0.1146 0.0000 0.1268 0.0000 0.1204 0.0113 
341      341   (0)     13 :  0.0097 0.0000 0.0000 0.8539 0.0329 0.0000 0.0001 0.0000 0.1034 0.0000 
342      342   (0)     13 :  0.0497 0.0000 0.1365 0.1272 0.0365 0.0001 0.0000 0.0000 0.6498 0.0000 
343      343   (0)     13 :  0.0236 0.0000 0.3650 0.1189 0.0257 0.1222 0.0000 0.0000 0.3446 0.0000 
344      344   (0)     13 :  0.0294 0.0000 0.4842 0.3881 0.0269 0.0029 0.0000 0.0000 0.0685 0.0000 
345      345   (0)     13 :  0.0000 0.0000 0.0000 0.2449 0.0000 0.0000 0.0000 0.6053 0.0217 0.1281 
346      346   (0)     13 :  0.0724 0.0000 0.0000 0.5756 0.0497 0.0000 0.1878 0.0000 0.1146 0.0000 
347      347   (0)     13 :  0.0239 0.0000 0.5995 0.3452 0.0305 0.0000 0.0000 0.0000 0.0008 0.0000 
348      348   (0)     13 :  0.0155 0.0458 0.6608 0.0000 0.1098 0.0392 0.0000 0.0000 0.1033 0.0255 
349      349   (0)     13 :  0.0894 0.0783 0.3037 0.1639 0.2953 0.0595 0.0098 0.0000 0.0000 0.0000 
350      350   (0)     13 :  0.0033 0.0056 0.0000 0.2731 0.0014 0.0000 0.0000 0.2395 0.0000 0.4770 
351      351   (0)     13 :  0.0103 0.0000 0.9674 0.0012 0.0166 0.0000 0.0000 0.0000 0.0000 0.0046 
