1        1   (0)      1  : 0.0010 0.0000 0.5255 0.3843 0.0000 0.0076 0.0365 0.0000 0.0451
2        2   (0)      1  : 0.3877 0.0006 0.3207 0.0264 0.0199 0.0194 0.1408 0.0827 0.0017
3        3   (0)      1  : 0.0876 0.0000 0.4728 0.1842 0.1721 0.0000 0.0230 0.0000 0.0604
4        4   (0)      1  : 0.0408 0.0002 0.6052 0.0000 0.0000 0.1361 0.0195 0.1199 0.0783
5        5   (0)      1  : 0.2231 0.0126 0.0897 0.3444 0.0008 0.1424 0.1470 0.0000 0.0400
6        6   (0)      2  : 0.0051 0.0000 0.6377 0.0000 0.1962 0.0000 0.0728 0.0000 0.0883
7        7   (0)      1  : 0.0555 0.0000 0.7449 0.0000 0.0000 0.0000 0.0000 0.0000 0.1996
8        8   (0)      3  : 0.0000 0.4879 0.0000 0.1319 0.2027 0.0000 0.0525 0.1186 0.0064
9        9   (0)      4  : 0.0000 0.0076 0.0000 0.0000 0.1762 0.7230 0.0334 0.0598 0.0000
10       10   (0)      4  : 0.1099 0.0136 0.0180 0.0203 0.1505 0.0000 0.4620 0.1661 0.0597
11       11   (0)      4  : 0.0076 0.1238 0.0170 0.3177 0.1173 0.1332 0.0077 0.2720 0.0037
12       12   (0)      4  : 0.0000 0.0000 0.0000 0.0000 0.0000 1.0000 0.0000 0.0000 0.0000
13       13   (0)      4  : 0.1217 0.2099 0.1677 0.0000 0.0000 0.0161 0.2035 0.2625 0.0187
14       14   (0)      5  : 0.0849 0.0002 0.0078 0.1872 0.0942 0.0000 0.5145 0.1005 0.0106
15       15   (0)      4  : 0.0000 0.1967 0.0000 0.2057 0.1126 0.0128 0.2614 0.1768 0.0341
16       16   (0)      5  : 0.0969 0.2072 0.1284 0.0034 0.0044 0.0000 0.3813 0.1784 0.0000
17       17   (0)      5  : 0.1887 0.1680 0.0000 0.0000 0.1291 0.0000 0.1666 0.3390 0.0086
18       18   (0)      5  : 0.0000 0.2920 0.0000 0.0221 0.3067 0.0000 0.0899 0.2608 0.0285
19       19   (0)      5  : 0.0541 0.2414 0.0000 0.0000 0.0245 0.0000 0.2541 0.4079 0.0179
20       20   (0)      5  : 0.0000 0.1618 0.0039 0.4413 0.0038 0.0438 0.0277 0.2530 0.0648
21       21   (0)      5  : 0.0000 0.3355 0.0000 0.2164 0.0803 0.0000 0.0830 0.2848 0.0000
22       22   (0)      5  : 0.0431 0.0201 0.0001 0.0607 0.1444 0.0639 0.3390 0.2868 0.0418
23       23   (0)      5  : 0.0000 0.1929 0.0000 0.2830 0.0085 0.0169 0.0653 0.4102 0.0233
24       24   (0)      5  : 0.0202 0.1487 0.0000 0.0000 0.1948 0.0000 0.3173 0.3189 0.0000
25       25   (0)      5  : 0.0000 0.0793 0.0000 0.3597 0.0014 0.0275 0.1620 0.3689 0.0011
26       26   (0)      5  : 0.0000 0.2347 0.0000 0.0000 0.0010 0.0975 0.1560 0.4970 0.0139
27       27   (0)      5  : 0.2589 0.1148 0.0000 0.0000 0.0000 0.0000 0.4568 0.0940 0.0754
28       28   (0)      5  : 0.0913 0.1559 0.0000 0.0630 0.1291 0.0000 0.4429 0.1075 0.0104
29       29   (0)      5  : 0.0031 0.0519 0.0000 0.1623 0.0403 0.0654 0.1068 0.5575 0.0127
30       30   (0)      5  : 0.0776 0.0118 0.0000 0.4301 0.0000 0.0000 0.4348 0.0457 0.0000
31       31   (0)      5  : 0.0579 0.2094 0.0000 0.3913 0.0000 0.0000 0.2380 0.1034 0.0000
32       32   (0)      5  : 0.2470 0.0924 0.0000 0.0389 0.0756 0.0000 0.3550 0.1275 0.0635
33       33   (0)      5  : 0.0168 0.3025 0.0000 0.0000 0.0230 0.0000 0.2517 0.3927 0.0133
34       34   (0)      5  : 0.1044 0.5275 0.0000 0.0336 0.0021 0.0000 0.1810 0.1514 0.0000
35       35   (0)      5  : 0.0000 0.3625 0.0147 0.0131 0.0380 0.0138 0.0787 0.3473 0.1320
36       36   (0)      5  : 0.0366 0.3038 0.0080 0.0055 0.0000 0.2713 0.1311 0.1672 0.0766
37       37   (0)      5  : 0.2321 0.1683 0.0000 0.0050 0.0000 0.0484 0.2136 0.3326 0.0000
38       38   (0)      5  : 0.0000 0.2754 0.0000 0.2664 0.0000 0.0315 0.0365 0.3198 0.0703
39       39   (0)      5  : 0.3171 0.0448 0.0000 0.0000 0.0682 0.0000 0.3446 0.1919 0.0334
40       40   (0)      5  : 0.0000 0.1674 0.0071 0.1338 0.0949 0.0598 0.0983 0.2325 0.2062
41       41   (0)      4  : 0.0000 0.0711 0.0000 0.0000 0.0000 0.5062 0.0769 0.3458 0.0000
42       42   (0)      4  : 0.1315 0.0696 0.0000 0.0507 0.1443 0.0770 0.3213 0.1326 0.0731
43       43   (0)      4  : 0.0000 0.0674 0.0000 0.4468 0.0911 0.0000 0.2437 0.1194 0.0316
44       44   (0)      4  : 0.2743 0.0880 0.0000 0.0000 0.0294 0.1246 0.3375 0.0947 0.0516
45       45   (0)      5  : 0.1116 0.0428 0.0174 0.2550 0.0305 0.1293 0.2467 0.1483 0.0184
46       46   (0)      4  : 0.0000 0.2109 0.0000 0.2823 0.3091 0.0000 0.0320 0.1656 0.0000
47       47   (0)      4  : 0.0540 0.0217 0.1626 0.0101 0.0260 0.0000 0.3218 0.2877 0.1161
48       48   (0)      4  : 0.0407 0.1541 0.0639 0.0000 0.0473 0.1472 0.2451 0.2444 0.0574
49       49   (0)      4  : 0.0063 0.3376 0.0083 0.0000 0.0000 0.1688 0.2162 0.2583 0.0045
50       50   (0)      5  : 0.1122 0.0124 0.0374 0.1051 0.0000 0.1356 0.3497 0.2245 0.0231
51       51   (0)      4  : 0.1383 0.0444 0.0049 0.1310 0.0129 0.0057 0.6300 0.0327 0.0000
52       52   (0)      5  : 0.0201 0.2860 0.0183 0.0737 0.1785 0.0006 0.3088 0.0387 0.0753
53       53   (0)      6  : 0.0000 0.0000 0.6667 0.0000 0.0000 0.0292 0.2479 0.0000 0.0561
54       54   (0)      6  : 0.0567 0.0205 0.0980 0.3201 0.0120 0.0000 0.2702 0.2123 0.0100
55       55   (0)      6  : 0.0000 0.0000 0.0000 0.0000 0.0000 1.0000 0.0000 0.0000 0.0000
56       56   (0)      6  : 0.0000 0.0000 0.5810 0.3307 0.0000 0.0000 0.0882 0.0000 0.0000
57       57   (0)      6  : 0.0160 0.0000 0.2721 0.3107 0.0000 0.0000 0.3518 0.0136 0.0358
58       58   (0)      6  : 0.0665 0.0203 0.1032 0.3527 0.0293 0.0000 0.4106 0.0174 0.0000
59       59   (0)      6  : 0.0000 0.1947 0.0894 0.6001 0.0059 0.0043 0.0143 0.0107 0.0806
60       60   (0)      6  : 0.0208 0.0862 0.2729 0.3236 0.0000 0.0000 0.2154 0.0608 0.0204
61       61   (0)      7  : 0.1522 0.1781 0.0267 0.0000 0.0000 0.0211 0.3589 0.1376 0.1253
62       62   (0)      7  : 0.1821 0.0348 0.0013 0.0036 0.1327 0.0000 0.5688 0.0262 0.0506
63       63   (0)      7  : 0.0530 0.0052 0.0314 0.0861 0.0306 0.0660 0.5432 0.1797 0.0048
64       64   (0)      7  : 0.0692 0.0000 0.1273 0.0000 0.0146 0.0069 0.3433 0.2843 0.1543
65       65   (0)      7  : 0.0006 0.0398 0.1068 0.0000 0.0159 0.0000 0.0885 0.6344 0.1141
66       66   (0)      7  : 0.0000 0.0000 0.1688 0.0353 0.0002 0.1796 0.1569 0.3577 0.1015
67       67   (0)      7  : 0.0184 0.0982 0.0580 0.0000 0.1846 0.0000 0.2575 0.2114 0.1719
68       68   (0)      7  : 0.3552 0.0130 0.0000 0.0000 0.0605 0.0000 0.5200 0.0352 0.0161
69       69   (0)      7  : 0.0089 0.0227 0.1450 0.0335 0.0214 0.0018 0.4263 0.2325 0.1079
70       70   (0)      7  : 0.0000 0.0561 0.1231 0.0000 0.0089 0.0486 0.1003 0.5628 0.1003
71       71   (0)      7  : 0.2964 0.0300 0.0421 0.0104 0.0601 0.0558 0.2816 0.0962 0.1274
72       72   (0)      7  : 0.1527 0.1034 0.0310 0.0000 0.0000 0.0000 0.5020 0.1776 0.0333
73       73   (0)      7  : 0.0012 0.0820 0.1333 0.0000 0.0060 0.0033 0.1932 0.5336 0.0473
74       74   (0)      7  : 0.0000 0.0249 0.0609 0.4007 0.0000 0.0000 0.2979 0.1111 0.1045
75       75   (0)      7  : 0.1567 0.0373 0.0000 0.0032 0.0000 0.0239 0.4514 0.3275 0.0000
76       76   (0)      7  : 0.0995 0.0083 0.0037 0.2678 0.0259 0.0000 0.5275 0.0672 0.0000
77       77   (0)      7  : 0.0981 0.0319 0.0754 0.0000 0.0739 0.0000 0.4703 0.2083 0.0421
78       78   (0)      7  : 0.1229 0.0525 0.0871 0.0000 0.0000 0.1435 0.1473 0.4350 0.0118
79       79   (0)      7  : 0.1342 0.2741 0.0556 0.1738 0.0000 0.0062 0.2581 0.0981 0.0000
80       80   (0)      7  : 0.0000 0.0939 0.2347 0.0000 0.0000 0.0067 0.0537 0.5597 0.0514
81       81   (0)      7  : 0.0000 0.0191 0.1558 0.1398 0.0102 0.1041 0.0940 0.4095 0.0675
82       82   (0)      7  : 0.0000 0.1637 0.0416 0.0000 0.0775 0.0832 0.0849 0.4726 0.0765
83       83   (0)      7  : 0.0000 0.0218 0.0709 0.0000 0.0237 0.1182 0.0586 0.6765 0.0303
84       84   (0)      7  : 0.0000 0.0720 0.0918 0.0000 0.0088 0.1197 0.0854 0.5890 0.0333
85       85   (0)      6  : 0.2309 0.0027 0.2870 0.0000 0.0865 0.0100 0.3350 0.0416 0.0064
86       86   (0)      6  : 0.0429 0.1274 0.2444 0.0404 0.1353 0.0657 0.3077 0.0105 0.0258
87       87   (0)      6  : 0.0024 0.0000 0.0817 0.4696 0.0000 0.0482 0.3905 0.0075 0.0000
88       88   (0)      6  : 0.3149 0.0013 0.3612 0.0036 0.0000 0.0000 0.3159 0.0030 0.0000
89       89   (0)      6  : 0.0000 0.0000 0.3394 0.5123 0.0000 0.0101 0.1221 0.0043 0.0119
90       90   (0)      6  : 0.2066 0.1383 0.3288 0.0507 0.0196 0.0754 0.1348 0.0459 0.0000
91       91   (0)      6  : 0.1995 0.0300 0.2979 0.2333 0.0162 0.0000 0.2209 0.0000 0.0023
92       92   (0)      6  : 0.0138 0.0104 0.4733 0.2967 0.0000 0.0000 0.0835 0.0416 0.0806
93       93   (0)      7  : 0.0058 0.0486 0.1326 0.2500 0.0304 0.0001 0.3421 0.1016 0.0888
94       94   (0)      7  : 0.0000 0.0000 0.0000 0.0000 0.0000 1.0000 0.0000 0.0000 0.0000
95       95   (0)      6  : 0.0171 0.0000 0.4561 0.0089 0.0777 0.1964 0.2247 0.0000 0.0191
96       96   (0)      6  : 0.0000 0.0000 0.9068 0.0000 0.0000 0.0000 0.0932 0.0000 0.0000
97       97   (0)      6  : 0.0000 0.0525 0.5845 0.0000 0.0341 0.0125 0.1154 0.1510 0.0501
98       98   (0)      6  : 0.0000 0.1010 0.4487 0.0000 0.1448 0.0315 0.1494 0.0580 0.0665
99       99   (0)      6  : 0.0000 0.0000 0.3671 0.3282 0.1447 0.0000 0.1519 0.0081 0.0000
100      100   (0)      6  : 0.0893 0.0000 0.4782 0.2161 0.0001 0.0000 0.2131 0.0000 0.0032
101      101   (0)      6  : 0.0000 0.0020 0.6181 0.0000 0.0822 0.0158 0.2123 0.0322 0.0374
102      102   (0)      6  : 0.0127 0.0000 0.5006 0.0000 0.1238 0.0000 0.3307 0.0000 0.0322
103      103   (0)      8  : 0.0096 0.2631 0.1029 0.2414 0.0000 0.1292 0.0101 0.1854 0.0584
104      104   (0)      8  : 0.0840 0.3961 0.0021 0.3390 0.0000 0.0014 0.1654 0.0119 0.0000
105      105   (0)      8  : 0.0000 0.1610 0.0017 0.4416 0.0000 0.0862 0.0000 0.1496 0.1600
106      106   (0)      8  : 0.3237 0.3944 0.0000 0.0016 0.0000 0.0032 0.2316 0.0455 0.0000
107      107   (0)      8  : 0.2013 0.3804 0.0000 0.0000 0.0000 0.0650 0.1903 0.1515 0.0114
108      108   (0)      8  : 0.0000 0.2795 0.0000 0.2940 0.1000 0.0933 0.0238 0.2093 0.0001
109      109   (0)      8  : 0.0375 0.2733 0.0000 0.4797 0.0017 0.0509 0.0547 0.0941 0.0082
110      110   (0)      8  : 0.0127 0.5100 0.0000 0.4677 0.0071 0.0000 0.0000 0.0025 0.0000
111      111   (0)      8  : 0.2377 0.3439 0.0108 0.0298 0.0585 0.1296 0.0376 0.1379 0.0142
112      112   (0)      8  : 0.1174 0.5107 0.0000 0.1789 0.1115 0.0000 0.0451 0.0034 0.0330
113      113   (0)      8  : 0.2086 0.1625 0.0000 0.3463 0.0000 0.0459 0.0976 0.1101 0.0290
114      114   (0)      8  : 0.0275 0.4161 0.0000 0.0000 0.2143 0.0060 0.2391 0.0260 0.0709
115      115   (0)      8  : 0.0000 0.0000 0.0000 0.0000 0.0000 1.0000 0.0000 0.0000 0.0000
116      116   (0)      8  : 0.0075 0.1839 0.0000 0.7968 0.0000 0.0000 0.0118 0.0000 0.0000
117      117   (0)      8  : 0.2127 0.2506 0.0092 0.0000 0.0487 0.1356 0.0543 0.1732 0.1157
118      118   (0)      8  : 0.2907 0.4882 0.0252 0.0000 0.0783 0.0008 0.0431 0.0000 0.0738
119      119   (0)      8  : 0.4797 0.3108 0.0000 0.0000 0.0064 0.0000 0.1559 0.0328 0.0145
120      120   (0)      8  : 0.4434 0.3470 0.0763 0.0000 0.0000 0.0296 0.0818 0.0087 0.0132
121      121   (0)      8  : 0.2860 0.4666 0.0000 0.2255 0.0000 0.0042 0.0178 0.0000 0.0000
122      122   (0)      8  : 0.0000 0.4557 0.0218 0.0976 0.1605 0.0000 0.0210 0.1468 0.0966
123      123   (0)      8  : 0.2637 0.3145 0.1553 0.0158 0.0052 0.0000 0.0383 0.0308 0.1764
124      124   (0)      8  : 0.0000 0.0000 0.0000 0.0000 0.0000 1.0000 0.0000 0.0000 0.0000
125      125   (0)      8  : 0.2405 0.2281 0.0000 0.0039 0.2405 0.0346 0.1753 0.0291 0.0480
126      126   (0)      3  : 0.0050 0.2134 0.0000 0.3154 0.0189 0.0630 0.0237 0.2439 0.1167
127      127   (0)      3  : 0.0212 0.0735 0.0000 0.8158 0.0275 0.0000 0.0546 0.0021 0.0053
128      128   (0)      3  : 0.3477 0.3641 0.0000 0.0350 0.0000 0.0101 0.1563 0.0771 0.0098
129      129   (0)      3  : 0.2757 0.1892 0.0000 0.2831 0.0094 0.0000 0.0299 0.1224 0.0904
130      130   (0)      3  : 0.0232 0.5083 0.0000 0.4524 0.0131 0.0000 0.0009 0.0000 0.0021
131      131   (0)      3  : 0.2306 0.5660 0.0040 0.0000 0.0015 0.0130 0.0241 0.0236 0.1372
132      132   (0)      3  : 0.2493 0.5741 0.0000 0.0309 0.0000 0.0589 0.0383 0.0340 0.0145
133      133   (0)      3  : 0.1875 0.3134 0.0011 0.1199 0.0422 0.0000 0.0464 0.2676 0.0218
134      134   (0)      3  : 0.1164 0.3675 0.0192 0.0041 0.0049 0.1337 0.0562 0.1482 0.1497
135      135   (0)      3  : 0.0364 0.2730 0.0170 0.0000 0.0000 0.1744 0.0454 0.2831 0.1707
136      136   (0)      3  : 0.1892 0.2876 0.0029 0.0176 0.0000 0.0699 0.1325 0.1988 0.1016
137      137   (0)      3  : 0.2153 0.4147 0.0159 0.0293 0.0000 0.0625 0.0888 0.0815 0.0920
138      138   (0)      3  : 0.2655 0.4576 0.0639 0.0000 0.0000 0.0000 0.0458 0.1041 0.0631
139      139   (0)      3  : 0.3685 0.4184 0.0000 0.0450 0.1133 0.0039 0.0399 0.0000 0.0110
140      140   (0)      3  : 0.0126 0.3617 0.0084 0.4486 0.0000 0.0692 0.0028 0.0000 0.0966
141      141   (0)      3  : 0.3677 0.2639 0.0000 0.0000 0.0137 0.0026 0.0680 0.1722 0.1119
142      142   (0)      3  : 0.1960 0.2335 0.0000 0.1861 0.0477 0.0000 0.0974 0.2328 0.0065
143      143   (0)      3  : 0.3131 0.6123 0.0000 0.0000 0.0000 0.0007 0.0200 0.0433 0.0106
144      144   (0)      3  : 0.0000 0.4390 0.0148 0.4455 0.0000 0.0300 0.0000 0.0000 0.0707
145      145   (0)      3  : 0.2046 0.3701 0.0000 0.0261 0.1384 0.0000 0.0587 0.1974 0.0047
146      146   (0)      3  : 0.3407 0.1947 0.0000 0.2060 0.0297 0.0000 0.1463 0.0368 0.0458
147      147   (0)      3  : 0.2354 0.3046 0.0035 0.0000 0.0000 0.1089 0.1429 0.1956 0.0090
148      148   (0)      3  : 0.2601 0.1816 0.0098 0.0000 0.0924 0.0244 0.1829 0.2094 0.0395
149      149   (0)      3  : 0.4255 0.2489 0.0000 0.0007 0.0000 0.0118 0.2416 0.0715 0.0000
150      150   (0)      3  : 0.2001 0.3197 0.0000 0.0000 0.1488 0.0000 0.0764 0.1947 0.0602
151      151   (0)      3  : 0.3376 0.3821 0.0000 0.0000 0.0261 0.0290 0.1452 0.0800 0.0000
152      152   (0)      3  : 0.0554 0.3187 0.0408 0.1943 0.0428 0.0140 0.0207 0.1201 0.1932
153      153   (0)      8  : 0.0079 0.4591 0.0000 0.1384 0.2623 0.0000 0.0435 0.0708 0.0180
154      154   (0)      8  : 0.0000 0.0029 0.0000 0.0000 0.0000 0.8502 0.0000 0.1468 0.0000
155      155   (0)      8  : 0.2984 0.2696 0.0000 0.2403 0.0000 0.0126 0.1381 0.0410 0.0000
156      156   (0)      8  : 0.1860 0.2606 0.2032 0.0000 0.1863 0.0659 0.0441 0.0303 0.0237
157      157   (0)      8  : 0.0878 0.3845 0.0088 0.2013 0.0830 0.0027 0.0969 0.0028 0.1323
158      158   (0)      8  : 0.0439 0.4300 0.0395 0.1411 0.0773 0.0160 0.0270 0.0411 0.1841
159      159   (0)      8  : 0.0451 0.4395 0.0078 0.0586 0.1138 0.0646 0.0587 0.0067 0.2051
160      160   (0)      1  : 0.4783 0.0795 0.3254 0.0000 0.0000 0.0000 0.0324 0.0000 0.0844
161      161   (0)      1  : 0.1616 0.0003 0.1661 0.3159 0.1337 0.0000 0.1636 0.0000 0.0589
162      162   (0)      1  : 0.5699 0.0280 0.1717 0.0000 0.0287 0.0000 0.0391 0.0000 0.1625
163      163   (0)      1  : 0.0958 0.0007 0.4346 0.3831 0.0000 0.0050 0.0076 0.0000 0.0732
164      164   (0)      1  : 0.6692 0.0000 0.2348 0.0398 0.0043 0.0000 0.0256 0.0000 0.0262
165      165   (0)      1  : 0.2199 0.2609 0.2454 0.2107 0.0000 0.0032 0.0174 0.0329 0.0095
166      166   (0)      1  : 0.5058 0.0000 0.3594 0.0145 0.0000 0.0000 0.0296 0.0000 0.0907
167      167   (0)      1  : 0.6367 0.0035 0.0151 0.1007 0.0000 0.0000 0.2386 0.0000 0.0054
168      168   (0)      2  : 0.1331 0.0000 0.0365 0.6370 0.1667 0.0000 0.0155 0.0113 0.0000
169      169   (0)      2  : 0.4692 0.1366 0.0706 0.0006 0.0010 0.0000 0.2262 0.0916 0.0043
170      170   (0)      2  : 0.4627 0.1827 0.0855 0.0504 0.0000 0.0000 0.1503 0.0158 0.0526
171      171   (0)      2  : 0.0000 0.2240 0.0000 0.4204 0.1621 0.0000 0.0344 0.1159 0.0431
172      172   (0)      2  : 0.5267 0.0032 0.0000 0.1533 0.0003 0.0159 0.2959 0.0017 0.0031
173      173   (0)      2  : 0.0000 0.2497 0.0168 0.7171 0.0000 0.0000 0.0000 0.0023 0.0141
174      174   (0)      2  : 0.3354 0.0000 0.3839 0.1725 0.0388 0.0004 0.0328 0.0015 0.0347
175      175   (0)      2  : 0.0639 0.0101 0.0041 0.0227 0.6771 0.0000 0.1245 0.0775 0.0200
176      176   (0)      1  : 0.2697 0.1137 0.1188 0.4000 0.0022 0.0005 0.0210 0.0186 0.0554
177      177   (0)      1  : 0.1668 0.0115 0.5102 0.0000 0.1191 0.0000 0.0361 0.0000 0.1563
178      178   (0)      1  : 0.0027 0.1861 0.4114 0.3530 0.0000 0.0057 0.0000 0.0000 0.0411
179      179   (0)      1  : 0.1377 0.0110 0.6890 0.1055 0.0000 0.0000 0.0000 0.0000 0.0569
180      180   (0)      1  : 0.0000 0.0164 0.5113 0.3934 0.0567 0.0000 0.0174 0.0000 0.0049
181      181   (0)      1  : 0.0222 0.0000 0.9526 0.0000 0.0000 0.0000 0.0000 0.0000 0.0253
182      182   (0)      2  : 0.0000 0.0166 0.2205 0.3963 0.2111 0.0000 0.0854 0.0004 0.0697
183      183   (0)      2  : 0.4672 0.0405 0.1317 0.0044 0.0011 0.0183 0.2462 0.0216 0.0690
184      184   (0)      2  : 0.0000 0.0000 0.0000 0.8066 0.1402 0.0000 0.0200 0.0000 0.0331
185      185   (0)      2  : 0.6027 0.0061 0.0000 0.0039 0.0241 0.0000 0.3380 0.0127 0.0125
186      186   (0)      2  : 0.0031 0.0144 0.0000 0.2458 0.6627 0.0000 0.0183 0.0278 0.0279
187      187   (0)      1  : 0.0000 0.0000 0.0874 0.5339 0.2682 0.0000 0.0370 0.0000 0.0735
188      188   (0)      1  : 0.2634 0.2247 0.4092 0.0000 0.0040 0.0613 0.0171 0.0125 0.0077
189      189   (0)      1  : 0.0027 0.1512 0.3345 0.0099 0.2352 0.0000 0.0356 0.0000 0.2309
190      190   (0)      1  : 0.3119 0.0000 0.6016 0.0000 0.0039 0.0000 0.0361 0.0000 0.0465
191      191   (0)      1  : 0.0000 0.0063 0.2190 0.6919 0.0192 0.0000 0.0023 0.0000 0.0612
192      192   (0)      1  : 0.2559 0.0000 0.5666 0.0000 0.0545 0.0000 0.0563 0.0000 0.0668
193      193   (0)      1  : 0.2715 0.0000 0.6619 0.0000 0.0029 0.0000 0.0131 0.0000 0.0506
194      194   (0)      1  : 0.0000 0.0733 0.4630 0.3935 0.0000 0.0328 0.0000 0.0020 0.0354
195      195   (0)      2  : 0.2607 0.0000 0.2475 0.4308 0.0006 0.0000 0.0507 0.0000 0.0097
196      196   (0)      2  : 0.0000 0.3053 0.0844 0.3581 0.1919 0.0000 0.0233 0.0031 0.0339
197      197   (0)      2  : 0.3616 0.0196 0.2632 0.0000 0.0117 0.0334 0.1686 0.0132 0.1287
198      198   (0)      2  : 0.3451 0.1282 0.2587 0.1066 0.0000 0.0000 0.0236 0.1298 0.0080
199      199   (0)      2  : 0.5553 0.0195 0.1264 0.0000 0.0497 0.0016 0.2454 0.0000 0.0021
200      200   (0)      2  : 0.0238 0.0000 0.0019 0.8322 0.0005 0.0000 0.1277 0.0138 0.0000
201      201   (0)      2  : 0.1484 0.0231 0.0762 0.4250 0.2531 0.0009 0.0178 0.0486 0.0068
202      202   (0)      2  : 0.5867 0.1363 0.1576 0.0000 0.0047 0.0000 0.0249 0.0027 0.0871
203      203   (0)      2  : 0.6668 0.0000 0.1142 0.1667 0.0072 0.0000 0.0357 0.0000 0.0094
204      204   (0)      2  : 0.6781 0.0535 0.0127 0.1457 0.0103 0.0000 0.0705 0.0179 0.0112
205      205   (0)      2  : 0.5492 0.0040 0.1507 0.0104 0.0000 0.0000 0.0732 0.0000 0.2125
206      206   (0)      2  : 0.3756 0.0443 0.0304 0.1563 0.0153 0.0585 0.1037 0.2088 0.0071
207      207   (0)      2  : 0.3046 0.0020 0.0033 0.4087 0.0278 0.0014 0.2185 0.0320 0.0016
208      208   (0)      9  : 0.1973 0.0000 0.0000 0.4808 0.0000 0.0043 0.0000 0.0000 0.3176
209      209   (0)      9  : 0.0074 0.0493 0.0001 0.5012 0.0064 0.1344 0.0000 0.0000 0.3012
210      210   (0)      9  : 0.4065 0.0789 0.0000 0.0000 0.2341 0.0117 0.0579 0.0000 0.2108
211      211   (0)      9  : 0.0078 0.1035 0.0505 0.2019 0.2128 0.0170 0.0272 0.0000 0.3794
212      212   (0)      9  : 0.0326 0.0276 0.0000 0.5242 0.2131 0.1296 0.0000 0.0000 0.0729
213      213   (0)      9  : 0.5148 0.1125 0.0135 0.0000 0.1907 0.0014 0.0395 0.0000 0.1275
214      214   (0)      9  : 0.1810 0.0006 0.0000 0.4828 0.1787 0.0235 0.0014 0.0354 0.0965
215      215   (0)      9  : 0.3515 0.0000 0.0000 0.0000 0.1375 0.0000 0.0176 0.0000 0.4933
216      216   (0)      9  : 0.0000 0.0000 0.0000 0.0000 0.8425 0.0000 0.0390 0.0000 0.1184
217      217   (0)      9  : 0.7410 0.0133 0.0168 0.0000 0.0000 0.0592 0.0226 0.0360 0.1111
218      218   (0)      9  : 0.0130 0.0489 0.0000 0.2123 0.3661 0.0641 0.0083 0.2627 0.0245
219      219   (0)      9  : 0.7745 0.0000 0.0167 0.0000 0.0538 0.0000 0.0201 0.0000 0.1349
220      220   (0)      9  : 0.0476 0.0000 0.0000 0.5937 0.1489 0.0042 0.0212 0.0000 0.1844
221      221   (0)      9  : 0.5520 0.0000 0.0229 0.2660 0.0496 0.0000 0.0624 0.0098 0.0372
222      222   (0)      9  : 0.2443 0.0000 0.0129 0.4114 0.0000 0.0012 0.0100 0.0033 0.3169
223      223   (0)      9  : 0.0108 0.0232 0.0000 0.8195 0.0581 0.0070 0.0018 0.0631 0.0166
224      224   (0)      9  : 0.6395 0.0000 0.0000 0.0000 0.0671 0.0138 0.1025 0.0176 0.1595
225      225   (0)      9  : 0.8271 0.0526 0.0000 0.0000 0.0000 0.0000 0.0417 0.0043 0.0743
226      226   (0)      9  : 0.2546 0.0039 0.0792 0.0019 0.0148 0.0000 0.0000 0.0099 0.6358
227      227   (0)      9  : 0.2802 0.0000 0.0249 0.0000 0.4220 0.0033 0.0498 0.0000 0.2199
228      228   (0)      9  : 0.5095 0.0000 0.0000 0.3042 0.0313 0.0000 0.0268 0.0000 0.1282
229      229   (0)      9  : 0.5786 0.0032 0.0000 0.0012 0.0004 0.0000 0.0259 0.0323 0.3584
230      230   (0)      9  : 0.6522 0.0000 0.0509 0.0000 0.1398 0.0000 0.0099 0.0029 0.1444
231      231   (0)      9  : 0.2748 0.0000 0.0156 0.0000 0.0082 0.0000 0.0000 0.0000 0.7014
232      232   (0)      9  : 0.2358 0.0000 0.0055 0.4771 0.0000 0.0000 0.0000 0.0000 0.2816
233      233   (0)      9  : 0.0410 0.0000 0.0000 0.0000 0.2600 0.0000 0.0205 0.0000 0.6785
234      234   (0)      9  : 0.6419 0.0000 0.0000 0.0203 0.0498 0.0000 0.0000 0.0000 0.2880
235      235   (0)      9  : 0.3902 0.0000 0.0000 0.3002 0.1541 0.0000 0.0362 0.0000 0.1193
236      236   (0)      9  : 0.2291 0.0000 0.0082 0.0097 0.0060 0.0072 0.0029 0.0025 0.7344
237      237   (0)     10  : 0.1276 0.0561 0.1159 0.0057 0.1082 0.0567 0.0190 0.0530 0.4580
238      238   (0)     10  : 0.6222 0.0000 0.1065 0.0282 0.1243 0.0000 0.0643 0.0000 0.0544
239      239   (0)     10  : 0.8703 0.0000 0.0000 0.0000 0.0040 0.0000 0.0289 0.0000 0.0968
240      240   (0)     10  : 0.0204 0.0000 0.0000 0.9097 0.0093 0.0000 0.0007 0.0000 0.0599
241      241   (0)     10  : 0.0151 0.0000 0.0008 0.6951 0.0190 0.0170 0.0012 0.0000 0.2517
242      242   (0)     10  : 0.5067 0.0000 0.0000 0.0191 0.0507 0.0163 0.1575 0.0499 0.1999
243      243   (0)     10  : 0.7896 0.0000 0.0023 0.0097 0.0168 0.0000 0.0737 0.0000 0.1078
244      244   (0)     10  : 0.0000 0.0000 0.1943 0.3209 0.3858 0.0000 0.0290 0.0000 0.0700
245      245   (0)     10  : 0.0341 0.0000 0.0311 0.0735 0.3063 0.0000 0.0363 0.0000 0.5187
246      246   (0)     10  : 0.0000 0.0000 0.0098 0.0000 0.2890 0.1338 0.0491 0.2586 0.2597
247      247   (0)     10  : 0.2228 0.0000 0.0412 0.0000 0.0165 0.0068 0.0000 0.0018 0.7109
248      248   (0)     10  : 0.1931 0.0000 0.0000 0.0000 0.0507 0.1147 0.0367 0.3015 0.3032
249      249   (0)     10  : 0.4680 0.0000 0.2579 0.0000 0.0403 0.0173 0.0481 0.0315 0.1369
250      250   (0)     10  : 0.0700 0.0228 0.2096 0.2061 0.0003 0.0082 0.0456 0.1608 0.2767
251      251   (0)     10  : 0.0004 0.0000 0.5613 0.0000 0.2105 0.0007 0.0701 0.0000 0.1570
252      252   (0)     10  : 0.1571 0.0074 0.0003 0.1819 0.0204 0.0213 0.0000 0.1749 0.4367
253      253   (0)     10  : 0.2519 0.0000 0.0049 0.0000 0.3034 0.0000 0.0750 0.0000 0.3648
254      254   (0)     10  : 0.1860 0.0000 0.0866 0.4005 0.0579 0.0006 0.0140 0.0000 0.2543
255      255   (0)     10  : 0.0000 0.0160 0.3133 0.0000 0.2248 0.0086 0.0645 0.1104 0.2624
256      256   (0)     10  : 0.0000 0.0000 0.2959 0.0000 0.2831 0.0281 0.1713 0.0153 0.2062
257      257   (0)     10  : 0.0000 0.1056 0.0963 0.4528 0.0003 0.0038 0.0000 0.0150 0.3264
258      258   (0)     10  : 0.0057 0.0000 0.1148 0.0000 0.2238 0.0000 0.0353 0.0403 0.5801
259      259   (0)     10  : 0.0000 0.0000 0.0945 0.3664 0.1072 0.0423 0.0163 0.0513 0.3219
260      260   (0)     10  : 0.5543 0.0000 0.0000 0.0000 0.1663 0.0005 0.0354 0.0035 0.2400
261      261   (0)     10  : 0.0000 0.0000 0.0097 0.6128 0.2325 0.0005 0.0529 0.0000 0.0917
262      262   (0)     10  : 0.0483 0.0000 0.0519 0.0000 0.2094 0.0000 0.2121 0.0045 0.4738
263      263   (0)     10  : 0.0958 0.0000 0.2700 0.0000 0.1237 0.1991 0.1179 0.0342 0.1593
264      264   (0)     11  : 0.0023 0.0000 0.0000 0.0000 0.2801 0.0701 0.0000 0.6475 0.0000
265      265   (0)     11  : 0.3662 0.0000 0.0000 0.0000 0.4203 0.0000 0.0660 0.1117 0.0358
266      266   (0)     11  : 0.0000 0.0000 0.0000 0.0000 0.1703 0.0101 0.0000 0.8196 0.0000
267      267   (0)     11  : 0.0000 0.0000 0.0000 0.4062 0.1066 0.0024 0.0000 0.4848 0.0000
268      268   (0)     11  : 0.0000 0.0396 0.0000 0.0027 0.5658 0.0000 0.0238 0.3594 0.0086
269      269   (0)     11  : 0.0000 0.0000 0.0000 0.0000 0.3565 0.1089 0.0000 0.5346 0.0000
270      270   (0)     11  : 0.1529 0.0485 0.0000 0.0000 0.2461 0.0000 0.0654 0.4660 0.0211
271      271   (0)     11  : 0.0000 0.0000 0.0000 0.0324 0.7709 0.0000 0.0000 0.1967 0.0000
272      272   (0)     11  : 0.0000 0.0285 0.0000 0.0000 0.6305 0.0000 0.0450 0.2835 0.0125
273      273   (0)     12  : 0.6298 0.0733 0.0030 0.2124 0.0000 0.0005 0.0258 0.0054 0.0499
274      274   (0)     12  : 0.2133 0.0163 0.0000 0.4945 0.0373 0.0000 0.0084 0.0531 0.1772
275      275   (0)     12  : 0.3720 0.0000 0.0000 0.4673 0.0046 0.0000 0.0009 0.0000 0.1552
276      276   (0)     12  : 0.0000 0.0000 0.0000 0.9901 0.0099 0.0000 0.0000 0.0000 0.0000
277      277   (0)     12  : 0.4150 0.0000 0.0639 0.0000 0.2957 0.0000 0.0442 0.0000 0.1813
278      278   (0)     12  : 0.2706 0.1013 0.0002 0.4607 0.0076 0.0000 0.0000 0.0016 0.1581
279      279   (0)     12  : 0.0305 0.0282 0.0000 0.6230 0.0000 0.0000 0.0000 0.0000 0.3183
280      280   (0)     12  : 0.4302 0.0387 0.0076 0.0000 0.0000 0.0002 0.0000 0.0094 0.5139
281      281   (0)     12  : 0.2045 0.0000 0.0031 0.5177 0.0141 0.1074 0.0030 0.0000 0.1500
282      282   (0)     12  : 0.0000 0.0000 0.0000 0.0000 0.0000 1.0000 0.0000 0.0000 0.0000
283      283   (0)     12  : 0.5770 0.0521 0.0022 0.2105 0.0136 0.0000 0.0842 0.0025 0.0580
284      284   (0)     12  : 0.0000 0.3501 0.0004 0.5873 0.0174 0.0060 0.0000 0.0073 0.0315
285      285   (0)     12  : 0.0512 0.0000 0.0000 0.8621 0.0240 0.0000 0.0000 0.0000 0.0627
286      286   (0)     12  : 0.0000 0.0275 0.0000 0.1352 0.7410 0.0000 0.0028 0.0330 0.0605
287      287   (0)     12  : 0.4733 0.0004 0.0426 0.2894 0.0526 0.0000 0.0011 0.0034 0.1369
288      288   (0)     12  : 0.2787 0.0000 0.0000 0.2486 0.2364 0.0000 0.0493 0.0000 0.1870
289      289   (0)     12  : 0.6158 0.0000 0.0000 0.0248 0.0754 0.0000 0.0000 0.0000 0.2840
290      290   (0)     12  : 0.0359 0.0784 0.1319 0.0280 0.3952 0.0000 0.0154 0.0487 0.2665
291      291   (0)     12  : 0.3945 0.0902 0.0000 0.0770 0.0850 0.0021 0.1006 0.0506 0.2000
292      292   (0)     12  : 0.6388 0.0000 0.0016 0.0000 0.1098 0.0000 0.1355 0.0000 0.1142
293      293   (0)     12  : 0.2866 0.0000 0.0007 0.4142 0.1524 0.0000 0.0000 0.0000 0.1461
294      294   (0)     12  : 0.1803 0.0000 0.0641 0.4697 0.1295 0.0000 0.0273 0.0000 0.1291
295      295   (0)     12  : 0.2814 0.0000 0.0000 0.5442 0.0574 0.0000 0.0281 0.0019 0.0871
296      296   (0)     12  : 0.4259 0.0063 0.0000 0.0024 0.2932 0.0000 0.0797 0.0640 0.1286
297      297   (0)     12  : 0.2004 0.0000 0.0000 0.6475 0.0446 0.0000 0.0185 0.0037 0.0853
298      298   (0)     12  : 0.0000 0.0093 0.0283 0.6025 0.0426 0.0836 0.0023 0.0000 0.2314
299      299   (0)     12  : 0.1207 0.0451 0.0588 0.2133 0.0000 0.0825 0.0000 0.0703 0.4093
300      300   (0)     12  : 0.0050 0.0000 0.0007 0.9786 0.0000 0.0000 0.0000 0.0000 0.0157
