1        1   (0)      1  : 0.0408 0.0000 0.5113 0.4058 0.0420
2        2   (0)      1  : 0.4975 0.0907 0.3648 0.0239 0.0231
3        3   (0)      1  : 0.0897 0.0000 0.5969 0.3134 0.0000
4        4   (0)      1  : 0.0105 0.0705 0.7172 0.0000 0.2019
5        5   (0)      1  : 0.3676 0.0000 0.1185 0.3457 0.1682
6        6   (0)      2  : 0.1065 0.0000 0.8935 0.0000 0.0000
7        7   (0)      1  : 0.2705 0.0000 0.7100 0.0000 0.0195
8        8   (0)      3  : 0.0000 0.5573 0.0000 0.4337 0.0090
9        9   (0)      4  : 0.0000 0.2153 0.0000 0.0000 0.7847
10       10   (0)      4  : 0.4144 0.4436 0.0789 0.0632 0.0000
11       11   (0)      4  : 0.0000 0.3764 0.0393 0.4259 0.1584
12       12   (0)      4  : 0.0000 0.0000 0.0000 0.0000 1.0000
13       13   (0)      4  : 0.2734 0.5427 0.1609 0.0000 0.0230
14       14   (0)      5  : 0.3064 0.2926 0.1353 0.2656 0.0000
15       15   (0)      4  : 0.0000 0.4967 0.0686 0.4127 0.0221
16       16   (0)      5  : 0.3559 0.4578 0.1696 0.0000 0.0167
17       17   (0)      5  : 0.3589 0.6411 0.0000 0.0000 0.0000
18       18   (0)      5  : 0.0000 0.6975 0.0043 0.2982 0.0000
19       19   (0)      5  : 0.2239 0.7759 0.0000 0.0000 0.0001
20       20   (0)      5  : 0.0000 0.3552 0.0003 0.5182 0.1264
21       21   (0)      5  : 0.0000 0.6458 0.0000 0.3542 0.0000
22       22   (0)      5  : 0.1776 0.4710 0.1265 0.1491 0.0758
23       23   (0)      5  : 0.0000 0.5673 0.0000 0.3443 0.0884
24       24   (0)      5  : 0.2357 0.7112 0.0531 0.0000 0.0000
25       25   (0)      5  : 0.0001 0.5416 0.0000 0.4150 0.0433
26       26   (0)      5  : 0.0000 0.8229 0.0000 0.0000 0.1771
27       27   (0)      5  : 0.6754 0.3245 0.0000 0.0000 0.0001
28       28   (0)      5  : 0.3799 0.4213 0.0325 0.1663 0.0000
29       29   (0)      5  : 0.0325 0.6746 0.0074 0.1979 0.0876
30       30   (0)      5  : 0.4073 0.1760 0.0000 0.4114 0.0053
31       31   (0)      5  : 0.2620 0.3366 0.0000 0.4014 0.0000
32       32   (0)      5  : 0.5642 0.3702 0.0000 0.0656 0.0000
33       33   (0)      5  : 0.1697 0.7679 0.0000 0.0000 0.0625
34       34   (0)      5  : 0.3296 0.5539 0.0000 0.1012 0.0152
35       35   (0)      5  : 0.0000 0.6765 0.0827 0.1065 0.1343
36       36   (0)      5  : 0.2148 0.3028 0.0000 0.0244 0.4580
37       37   (0)      5  : 0.4084 0.5250 0.0000 0.0000 0.0666
38       38   (0)      5  : 0.0000 0.4987 0.0000 0.3770 0.1243
39       39   (0)      5  : 0.5855 0.4145 0.0000 0.0000 0.0000
40       40   (0)      5  : 0.0000 0.3935 0.1406 0.3304 0.1355
41       41   (0)      4  : 0.0000 0.5103 0.0000 0.0000 0.4897
42       42   (0)      4  : 0.3586 0.2779 0.1419 0.1350 0.0866
43       43   (0)      4  : 0.0000 0.3088 0.0000 0.6912 0.0000
44       44   (0)      4  : 0.5655 0.2857 0.0068 0.0000 0.1420
45       45   (0)      5  : 0.2730 0.2439 0.0712 0.2718 0.1402
46       46   (0)      4  : 0.0000 0.4323 0.0000 0.5677 0.0000
47       47   (0)      4  : 0.1938 0.4958 0.3059 0.0045 0.0000
48       48   (0)      4  : 0.2179 0.4949 0.0938 0.0000 0.1933
49       49   (0)      4  : 0.1698 0.5909 0.0145 0.0000 0.2248
50       50   (0)      5  : 0.3415 0.2645 0.1039 0.1027 0.1876
51       51   (0)      4  : 0.5283 0.2553 0.0218 0.1786 0.0160
52       52   (0)      5  : 0.0654 0.3949 0.1969 0.3429 0.0000
53       53   (0)      6  : 0.0000 0.0000 0.9339 0.0000 0.0661
54       54   (0)      6  : 0.1790 0.3444 0.1509 0.3256 0.0000
55       55   (0)      6  : 0.0000 0.0000 0.0000 0.0000 1.0000
56       56   (0)      6  : 0.0000 0.0000 0.6878 0.3122 0.0000
57       57   (0)      6  : 0.1919 0.0650 0.3875 0.3555 0.0000
58       58   (0)      6  : 0.3127 0.1209 0.1684 0.3980 0.0000
59       59   (0)      6  : 0.0000 0.0763 0.1141 0.7219 0.0877
60       60   (0)      6  : 0.1412 0.1938 0.2963 0.3687 0.0000
61       61   (0)      7  : 0.4725 0.3094 0.0818 0.0000 0.1364
62       62   (0)      7  : 0.5519 0.2350 0.1623 0.0508 0.0000
63       63   (0)      7  : 0.2513 0.3424 0.1846 0.1388 0.0830
64       64   (0)      7  : 0.2897 0.3570 0.3214 0.0000 0.0319
65       65   (0)      7  : 0.0000 0.7926 0.2074 0.0000 0.0000
66       66   (0)      7  : 0.0000 0.3707 0.3394 0.0512 0.2387
67       67   (0)      7  : 0.1302 0.4971 0.3727 0.0000 0.0000
68       68   (0)      7  : 0.7161 0.1885 0.0954 0.0000 0.0000
69       69   (0)      7  : 0.1408 0.4787 0.2852 0.0712 0.0241
70       70   (0)      7  : 0.0000 0.6991 0.1585 0.0000 0.1424
71       71   (0)      7  : 0.5333 0.1587 0.2064 0.0336 0.0679
72       72   (0)      7  : 0.4710 0.4226 0.1064 0.0000 0.0000
73       73   (0)      7  : 0.0000 0.7444 0.2365 0.0000 0.0191
74       74   (0)      7  : 0.0000 0.2701 0.1913 0.5386 0.0000
75       75   (0)      7  : 0.4439 0.4980 0.0000 0.0000 0.0581
76       76   (0)      7  : 0.4420 0.2399 0.0417 0.2763 0.0000
77       77   (0)      7  : 0.3384 0.4853 0.1763 0.0000 0.0000
78       78   (0)      7  : 0.2022 0.4891 0.1441 0.0000 0.1646
79       79   (0)      7  : 0.3572 0.3307 0.0732 0.2100 0.0290
80       80   (0)      7  : 0.0000 0.5844 0.2867 0.0000 0.1289
81       81   (0)      7  : 0.0000 0.4696 0.2285 0.1414 0.1605
82       82   (0)      7  : 0.0000 0.7189 0.1808 0.0000 0.1003
83       83   (0)      7  : 0.0000 0.7025 0.1350 0.0000 0.1626
84       84   (0)      7  : 0.0000 0.7224 0.1158 0.0000 0.1619
85       85   (0)      6  : 0.4326 0.1442 0.4191 0.0000 0.0040
86       86   (0)      6  : 0.2444 0.1437 0.3753 0.1521 0.0844
87       87   (0)      6  : 0.1527 0.0009 0.1250 0.5652 0.1561
88       88   (0)      6  : 0.5620 0.0080 0.4300 0.0000 0.0000
89       89   (0)      6  : 0.0000 0.0000 0.3872 0.5572 0.0556
90       90   (0)      6  : 0.3039 0.1561 0.3833 0.0766 0.0801
91       91   (0)      6  : 0.3537 0.0159 0.3706 0.2511 0.0086
92       92   (0)      6  : 0.0000 0.0240 0.6332 0.3398 0.0030
93       93   (0)      7  : 0.1633 0.2755 0.2194 0.3144 0.0273
94       94   (0)      7  : 0.0000 0.0000 0.0000 0.0000 1.0000
95       95   (0)      6  : 0.1178 0.0000 0.6115 0.0551 0.2156
96       96   (0)      6  : 0.0000 0.0000 1.0000 0.0000 0.0000
97       97   (0)      6  : 0.0000 0.2680 0.6809 0.0000 0.0511
98       98   (0)      6  : 0.0000 0.1878 0.6578 0.0998 0.0546
99       99   (0)      6  : 0.0000 0.0000 0.5157 0.4843 0.0000
100      100   (0)      6  : 0.2174 0.0000 0.5928 0.1898 0.0000
101      101   (0)      6  : 0.0000 0.0906 0.8879 0.0000 0.0214
102      102   (0)      6  : 0.2017 0.0000 0.7983 0.0000 0.0000
103      103   (0)      8  : 0.0000 0.2539 0.1471 0.3588 0.2403
104      104   (0)      8  : 0.3098 0.2354 0.0000 0.4050 0.0498
105      105   (0)      8  : 0.0000 0.1422 0.0000 0.6214 0.2364
106      106   (0)      8  : 0.6033 0.3542 0.0000 0.0170 0.0255
107      107   (0)      8  : 0.4277 0.4724 0.0000 0.0000 0.0999
108      108   (0)      8  : 0.0000 0.4398 0.0000 0.4408 0.1194
109      109   (0)      8  : 0.1558 0.2214 0.0000 0.5282 0.0946
110      110   (0)      8  : 0.0000 0.2002 0.0000 0.7179 0.0819
111      111   (0)      8  : 0.4053 0.2596 0.0066 0.1061 0.2224
112      112   (0)      8  : 0.2470 0.3283 0.0359 0.3888 0.0000
113      113   (0)      8  : 0.4026 0.2019 0.0000 0.3360 0.0595
114      114   (0)      8  : 0.1821 0.4756 0.1110 0.2008 0.0304
115      115   (0)      8  : 0.0000 0.0000 0.0000 0.0000 1.0000
116      116   (0)      8  : 0.0338 0.0543 0.0000 0.9119 0.0000
117      117   (0)      8  : 0.4439 0.3094 0.0030 0.0000 0.2437
118      118   (0)      8  : 0.5296 0.2588 0.1383 0.0228 0.0506
119      119   (0)      8  : 0.7051 0.2822 0.0000 0.0121 0.0006
120      120   (0)      8  : 0.6479 0.2077 0.0537 0.0000 0.0907
121      121   (0)      8  : 0.4421 0.1648 0.0000 0.3144 0.0787
122      122   (0)      8  : 0.0000 0.5202 0.0662 0.3487 0.0649
123      123   (0)      8  : 0.4730 0.2249 0.2253 0.0601 0.0166
124      124   (0)      8  : 0.0202 0.0000 0.0000 0.0000 0.9798
125      125   (0)      8  : 0.4166 0.2745 0.0826 0.1813 0.0450
126      126   (0)      3  : 0.0286 0.3649 0.0000 0.4476 0.1589
127      127   (0)      3  : 0.0576 0.0558 0.0000 0.8866 0.0000
128      128   (0)      3  : 0.5702 0.3219 0.0000 0.0429 0.0650
129      129   (0)      3  : 0.3581 0.2988 0.0000 0.3431 0.0000
130      130   (0)      3  : 0.0446 0.2978 0.0000 0.6232 0.0344
131      131   (0)      3  : 0.5159 0.3186 0.0000 0.0000 0.1655
132      132   (0)      3  : 0.4261 0.2998 0.0000 0.1032 0.1709
133      133   (0)      3  : 0.2284 0.5476 0.0000 0.2240 0.0000
134      134   (0)      3  : 0.3134 0.3925 0.0000 0.0410 0.2532
135      135   (0)      3  : 0.1594 0.4877 0.0103 0.0000 0.3427
136      136   (0)      3  : 0.4357 0.3624 0.0003 0.0192 0.1825
137      137   (0)      3  : 0.4840 0.2324 0.0000 0.0645 0.2192
138      138   (0)      3  : 0.4574 0.4239 0.0887 0.0000 0.0300
139      139   (0)      3  : 0.4864 0.2115 0.0000 0.2086 0.0934
140      140   (0)      3  : 0.0252 0.0838 0.0000 0.6522 0.2389
141      141   (0)      3  : 0.5595 0.3702 0.0000 0.0003 0.0699
142      142   (0)      3  : 0.3066 0.4879 0.0000 0.2054 0.0000
143      143   (0)      3  : 0.5452 0.3903 0.0000 0.0000 0.0645
144      144   (0)      3  : 0.0000 0.0641 0.0000 0.6809 0.2550
145      145   (0)      3  : 0.3192 0.5431 0.0000 0.1377 0.0000
146      146   (0)      3  : 0.5666 0.2032 0.0000 0.2205 0.0096
147      147   (0)      3  : 0.4441 0.3805 0.0000 0.0000 0.1754
148      148   (0)      3  : 0.4646 0.4686 0.0088 0.0000 0.0581
149      149   (0)      3  : 0.6911 0.2752 0.0000 0.0000 0.0337
150      150   (0)      3  : 0.4141 0.5237 0.0620 0.0002 0.0000
151      151   (0)      3  : 0.5671 0.3705 0.0000 0.0000 0.0624
152      152   (0)      3  : 0.1272 0.2981 0.0151 0.3874 0.1723
153      153   (0)      8  : 0.0000 0.5029 0.0000 0.4971 0.0000
154      154   (0)      8  : 0.0000 0.1038 0.0000 0.0000 0.8962
155      155   (0)      8  : 0.4961 0.2108 0.0000 0.2672 0.0259
156      156   (0)      8  : 0.4213 0.2386 0.2320 0.0000 0.1081
157      157   (0)      8  : 0.2304 0.2015 0.0896 0.3814 0.0971
158      158   (0)      8  : 0.1462 0.2922 0.0398 0.3488 0.1730
159      159   (0)      8  : 0.1392 0.2662 0.1143 0.2922 0.1882
160      160   (0)      1  : 0.6310 0.0295 0.3296 0.0000 0.0098
161      161   (0)      1  : 0.3043 0.0000 0.3011 0.3946 0.0000
162      162   (0)      1  : 0.7616 0.0050 0.2326 0.0000 0.0008
163      163   (0)      1  : 0.1711 0.0000 0.4093 0.3898 0.0299
164      164   (0)      1  : 0.7228 0.0000 0.2366 0.0405 0.0000
165      165   (0)      1  : 0.3063 0.1541 0.2206 0.2553 0.0638
166      166   (0)      1  : 0.6673 0.0000 0.3311 0.0016 0.0000
167      167   (0)      1  : 0.8751 0.0000 0.0399 0.0850 0.0000
168      168   (0)      2  : 0.1755 0.0000 0.0582 0.7663 0.0000
169      169   (0)      2  : 0.6714 0.2224 0.0872 0.0000 0.0190
170      170   (0)      2  : 0.6682 0.1280 0.0861 0.0685 0.0492
171      171   (0)      2  : 0.0000 0.3277 0.0565 0.6158 0.0000
172      172   (0)      2  : 0.8064 0.0000 0.0000 0.1402 0.0534
173      173   (0)      2  : 0.0000 0.1084 0.0000 0.8251 0.0665
174      174   (0)      2  : 0.3854 0.0000 0.4084 0.2062 0.0000
175      175   (0)      2  : 0.1940 0.3217 0.1191 0.3652 0.0000
176      176   (0)      1  : 0.3685 0.0700 0.0965 0.4527 0.0123
177      177   (0)      1  : 0.3409 0.0013 0.6578 0.0000 0.0000
178      178   (0)      1  : 0.0000 0.0110 0.3304 0.5140 0.1446
179      179   (0)      1  : 0.1187 0.0000 0.6781 0.2032 0.0000
180      180   (0)      1  : 0.0000 0.0000 0.5078 0.4922 0.0000
181      181   (0)      1  : 0.0000 0.0000 1.0000 0.0000 0.0000
182      182   (0)      2  : 0.0000 0.0346 0.3376 0.6278 0.0000
183      183   (0)      2  : 0.7477 0.0799 0.1273 0.0000 0.0451
184      184   (0)      2  : 0.0495 0.0000 0.0000 0.9505 0.0000
185      185   (0)      2  : 0.9361 0.0639 0.0000 0.0000 0.0000
186      186   (0)      2  : 0.0000 0.1711 0.1168 0.7121 0.0000
187      187   (0)      1  : 0.0000 0.0000 0.2526 0.7474 0.0000
188      188   (0)      1  : 0.3737 0.1120 0.3728 0.0000 0.1415
189      189   (0)      1  : 0.0000 0.0578 0.6180 0.2739 0.0503
190      190   (0)      1  : 0.3830 0.0000 0.6170 0.0000 0.0000
191      191   (0)      1  : 0.0000 0.0000 0.2218 0.7782 0.0000
192      192   (0)      1  : 0.3464 0.0000 0.6536 0.0000 0.0000
193      193   (0)      1  : 0.3040 0.0000 0.6839 0.0121 0.0000
194      194   (0)      1  : 0.0000 0.0000 0.4170 0.4853 0.0977
195      195   (0)      2  : 0.3455 0.0000 0.2336 0.4209 0.0000
196      196   (0)      2  : 0.0000 0.2252 0.1648 0.6096 0.0005
197      197   (0)      2  : 0.5841 0.0298 0.3208 0.0000 0.0653
198      198   (0)      2  : 0.4116 0.2267 0.2323 0.1294 0.0000
199      199   (0)      2  : 0.8029 0.0099 0.1727 0.0000 0.0146
200      200   (0)      2  : 0.1354 0.0210 0.0000 0.8436 0.0000
201      201   (0)      2  : 0.1344 0.1514 0.0833 0.6309 0.0000
202      202   (0)      2  : 0.7107 0.0659 0.2235 0.0000 0.0000
203      203   (0)      2  : 0.7257 0.0000 0.1278 0.1465 0.0000
204      204   (0)      2  : 0.7909 0.0641 0.0003 0.1448 0.0000
205      205   (0)      2  : 0.7901 0.0000 0.1876 0.0224 0.0000
206      206   (0)      2  : 0.4680 0.2561 0.0582 0.1518 0.0659
207      207   (0)      2  : 0.4910 0.0804 0.0205 0.4013 0.0068
208      208   (0)      9  : 0.3709 0.0000 0.0000 0.5704 0.0587
209      209   (0)      9  : 0.0000 0.0000 0.0008 0.7661 0.2331
210      210   (0)      9  : 0.6587 0.0596 0.2389 0.0156 0.0271
211      211   (0)      9  : 0.0414 0.0000 0.2972 0.5481 0.1132
212      212   (0)      9  : 0.0062 0.0000 0.0000 0.8083 0.1855
213      213   (0)      9  : 0.7930 0.0713 0.1112 0.0126 0.0119
214      214   (0)      9  : 0.2941 0.0065 0.0000 0.6233 0.0761
215      215   (0)      9  : 0.7272 0.0000 0.1987 0.0741 0.0000
216      216   (0)      9  : 0.0000 0.1269 0.2458 0.6273 0.0000
217      217   (0)      9  : 0.8926 0.0000 0.0118 0.0000 0.0956
218      218   (0)      9  : 0.0000 0.3876 0.0000 0.5296 0.0828
219      219   (0)      9  : 0.9674 0.0000 0.0128 0.0198 0.0000
220      220   (0)      9  : 0.1281 0.0000 0.0916 0.7599 0.0205
221      221   (0)      9  : 0.7056 0.0344 0.0070 0.2530 0.0000
222      222   (0)      9  : 0.4294 0.0000 0.0712 0.4779 0.0214
223      223   (0)      9  : 0.0000 0.0692 0.0000 0.9167 0.0141
224      224   (0)      9  : 0.9304 0.0539 0.0000 0.0000 0.0157
225      225   (0)      9  : 0.9808 0.0192 0.0000 0.0000 0.0000
226      226   (0)      9  : 0.6778 0.0004 0.1994 0.0464 0.0760
227      227   (0)      9  : 0.5857 0.0000 0.3399 0.0502 0.0242
228      228   (0)      9  : 0.6561 0.0000 0.0000 0.3439 0.0000
229      229   (0)      9  : 0.9450 0.0548 0.0000 0.0002 0.0000
230      230   (0)      9  : 0.8146 0.0000 0.1631 0.0223 0.0000
231      231   (0)      9  : 0.7523 0.0000 0.2112 0.0000 0.0365
232      232   (0)      9  : 0.4687 0.0000 0.0000 0.5312 0.0000
233      233   (0)      9  : 0.3677 0.0000 0.3086 0.3162 0.0074
234      234   (0)      9  : 0.8704 0.0000 0.0000 0.1296 0.0000
235      235   (0)      9  : 0.4644 0.0000 0.0969 0.4387 0.0000
236      236   (0)      9  : 0.6121 0.0003 0.1698 0.1019 0.1158
237      237   (0)     10  : 0.3214 0.0952 0.3594 0.1154 0.1085
238      238   (0)     10  : 0.6796 0.0000 0.2279 0.0925 0.0000
239      239   (0)     10  : 1.0000 0.0000 0.0000 0.0000 0.0000
240      240   (0)     10  : 0.0655 0.0000 0.0000 0.9345 0.0000
241      241   (0)     10  : 0.0000 0.0000 0.0269 0.9087 0.0644
242      242   (0)     10  : 0.7936 0.0735 0.0438 0.0434 0.0458
243      243   (0)     10  : 0.9317 0.0000 0.0683 0.0000 0.0000
244      244   (0)     10  : 0.0000 0.0000 0.3565 0.6435 0.0000
245      245   (0)     10  : 0.2182 0.0103 0.3496 0.4219 0.0000
246      246   (0)     10  : 0.0000 0.3238 0.5145 0.0000 0.1617
247      247   (0)     10  : 0.6572 0.0000 0.2167 0.0783 0.0479
248      248   (0)     10  : 0.4826 0.2443 0.1284 0.0002 0.1445
249      249   (0)     10  : 0.6495 0.0098 0.3108 0.0000 0.0299
250      250   (0)     10  : 0.2921 0.1834 0.3032 0.1836 0.0376
251      251   (0)     10  : 0.0544 0.0000 0.9456 0.0000 0.0000
252      252   (0)     10  : 0.3250 0.2038 0.0796 0.3481 0.0435
253      253   (0)     10  : 0.5651 0.0077 0.4272 0.0000 0.0000
254      254   (0)     10  : 0.3393 0.0000 0.1687 0.4920 0.0000
255      255   (0)     10  : 0.0000 0.3381 0.6327 0.0000 0.0292
256      256   (0)     10  : 0.2340 0.0794 0.6580 0.0121 0.0166
257      257   (0)     10  : 0.0000 0.0000 0.1419 0.7065 0.1516
258      258   (0)     10  : 0.1781 0.0837 0.6145 0.1238 0.0000
259      259   (0)     10  : 0.0000 0.0537 0.2800 0.6184 0.0479
260      260   (0)     10  : 0.7980 0.0093 0.1890 0.0000 0.0037
261      261   (0)     10  : 0.0000 0.0000 0.1829 0.8109 0.0061
262      262   (0)     10  : 0.4441 0.0646 0.4914 0.0000 0.0000
263      263   (0)     10  : 0.2932 0.0821 0.4113 0.0000 0.2133
264      264   (0)     11  : 0.0000 0.7824 0.0461 0.0511 0.1204
265      265   (0)     11  : 0.7428 0.2572 0.0000 0.0000 0.0000
266      266   (0)     11  : 0.0000 0.9490 0.0000 0.0000 0.0510
267      267   (0)     11  : 0.0000 0.4884 0.0000 0.4854 0.0262
268      268   (0)     11  : 0.0000 0.5810 0.0163 0.3523 0.0503
269      269   (0)     11  : 0.0000 0.7603 0.0473 0.0000 0.1924
270      270   (0)     11  : 0.3275 0.6725 0.0000 0.0000 0.0000
271      271   (0)     11  : 0.0000 0.4751 0.0000 0.5249 0.0000
272      272   (0)     11  : 0.0000 0.5884 0.0899 0.3217 0.0000
273      273   (0)     12  : 0.7285 0.0417 0.0000 0.2223 0.0076
274      274   (0)     12  : 0.1632 0.0786 0.0000 0.7582 0.0000
275      275   (0)     12  : 0.5545 0.0000 0.0000 0.4455 0.0000
276      276   (0)     12  : 0.0000 0.0000 0.0000 1.0000 0.0000
277      277   (0)     12  : 0.7597 0.0000 0.2403 0.0000 0.0000
278      278   (0)     12  : 0.3645 0.0265 0.0115 0.5756 0.0219
279      279   (0)     12  : 0.0588 0.0000 0.0000 0.9352 0.0061
280      280   (0)     12  : 0.8485 0.0000 0.0196 0.0000 0.1319
281      281   (0)     12  : 0.3681 0.0000 0.0037 0.5061 0.1220
282      282   (0)     12  : 0.0000 0.0000 0.0000 0.0000 1.0000
283      283   (0)     12  : 0.7834 0.0376 0.0000 0.1790 0.0000
284      284   (0)     12  : 0.0000 0.1531 0.0000 0.7555 0.0915
285      285   (0)     12  : 0.0717 0.0000 0.0000 0.9283 0.0000
286      286   (0)     12  : 0.0000 0.1322 0.0000 0.8678 0.0000
287      287   (0)     12  : 0.6044 0.0000 0.0410 0.3518 0.0028
288      288   (0)     12  : 0.4071 0.0000 0.0910 0.5020 0.0000
289      289   (0)     12  : 0.8852 0.0000 0.0000 0.1061 0.0087
290      290   (0)     12  : 0.0555 0.2536 0.2990 0.3778 0.0141
291      291   (0)     12  : 0.6365 0.1616 0.0155 0.1735 0.0128
292      292   (0)     12  : 0.9632 0.0000 0.0368 0.0000 0.0000
293      293   (0)     12  : 0.3422 0.0000 0.0000 0.6578 0.0000
294      294   (0)     12  : 0.2744 0.0000 0.1274 0.5948 0.0035
295      295   (0)     12  : 0.4470 0.0000 0.0000 0.5530 0.0000
296      296   (0)     12  : 0.7280 0.2171 0.0000 0.0549 0.0000
297      297   (0)     12  : 0.3102 0.0000 0.0000 0.6898 0.0000
298      298   (0)     12  : 0.0000 0.0000 0.0645 0.7942 0.1412
299      299   (0)     12  : 0.3373 0.0000 0.0930 0.3184 0.2512
300      300   (0)     12  : 0.0000 0.0000 0.0000 1.0000 0.0000
