  1        1   (0)      1 :  0.4572 0.5428 0.0000 
  2        2   (0)      1 :  0.4713 0.4088 0.1199 
  3        3   (0)      1 :  0.4219 0.5781 0.0000 
  4        4   (0)      1 :  0.0000 0.8116 0.1884 
  5        5   (0)      1 :  0.6320 0.2738 0.0942 
  6        6   (0)      2 :  0.1113 0.8887 0.0000 
  7        7   (0)      1 :  0.1806 0.8194 0.0000 
  8        8   (0)      3 :  0.4404 0.0000 0.5596 
  9        9   (0)      4 :  0.0000 0.3360 0.6640 
 10       10   (0)      4 :  0.4264 0.1116 0.4621 
 11       11   (0)      4 :  0.4333 0.0630 0.5037 
 12       12   (0)      4 :  0.0000 0.4154 0.5846 
 13       13   (0)      4 :  0.1779 0.2160 0.6061 
 14       14   (0)      5 :  0.5614 0.1458 0.2928 
 15       15   (0)      4 :  0.4277 0.0574 0.5149 
 16       16   (0)      5 :  0.2988 0.1982 0.5030 
 17       17   (0)      5 :  0.3247 0.0000 0.6753 
 18       18   (0)      5 :  0.2892 0.0003 0.7105 
 19       19   (0)      5 :  0.1533 0.0000 0.8467 
 20       20   (0)      5 :  0.4916 0.0490 0.4594 
 21       21   (0)      5 :  0.3567 0.0000 0.6433 
 22       22   (0)      5 :  0.3332 0.1247 0.5421 
 23       23   (0)      5 :  0.3137 0.0000 0.6863 
 24       24   (0)      5 :  0.2402 0.0219 0.7379 
 25       25   (0)      5 :  0.4361 0.0000 0.5639 
 26       26   (0)      5 :  0.0000 0.0000 1.0000 
 27       27   (0)      5 :  0.5642 0.0166 0.4192 
 28       28   (0)      5 :  0.5121 0.0412 0.4468 
 29       29   (0)      5 :  0.2501 0.0000 0.7499 
 30       30   (0)      5 :  0.7874 0.0000 0.2126 
 31       31   (0)      5 :  0.6552 0.0000 0.3448 
 32       32   (0)      5 :  0.5774 0.0221 0.4005 
 33       33   (0)      5 :  0.1571 0.0000 0.8429 
 34       34   (0)      5 :  0.3972 0.0000 0.6028 
 35       35   (0)      5 :  0.1007 0.0989 0.8005 
 36       36   (0)      5 :  0.1418 0.2036 0.6546 
 37       37   (0)      5 :  0.3751 0.0000 0.6249 
 38       38   (0)      5 :  0.3926 0.0000 0.6074 
 39       39   (0)      5 :  0.5240 0.0000 0.4760 
 40       40   (0)      5 :  0.3180 0.1717 0.5102 
 41       41   (0)      4 :  0.0000 0.0018 0.9982 
 42       42   (0)      4 :  0.4491 0.1606 0.3903 
 43       43   (0)      4 :  0.7065 0.0000 0.2935 
 44       44   (0)      4 :  0.4473 0.1032 0.4495 
 45       45   (0)      5 :  0.4952 0.1438 0.3611 
 46       46   (0)      4 :  0.5492 0.0000 0.4508 
 47       47   (0)      4 :  0.1949 0.3133 0.4918 
 48       48   (0)      4 :  0.1472 0.1999 0.6528 
 49       49   (0)      4 :  0.1305 0.0901 0.7793 
 50       50   (0)      5 :  0.3561 0.2175 0.4264 
 51       51   (0)      4 :  0.6173 0.0852 0.2974 
 52       52   (0)      5 :  0.4372 0.1771 0.3857 
 53       53   (0)      6 :  0.0000 1.0000 0.0000 
 54       54   (0)      6 :  0.5185 0.1452 0.3363 
 55       55   (0)      6 :  0.0000 0.5021 0.4979 
 56       56   (0)      6 :  0.3324 0.6676 0.0000 
 57       57   (0)      6 :  0.5457 0.4137 0.0406 
 58       58   (0)      6 :  0.6943 0.1895 0.1162 
 59       59   (0)      6 :  0.6428 0.1950 0.1622 
 60       60   (0)      6 :  0.5356 0.2849 0.1795 
 61       61   (0)      7 :  0.3487 0.1984 0.4530 
 62       62   (0)      7 :  0.5326 0.1931 0.2743 
 63       63   (0)      7 :  0.3380 0.2275 0.4345 
 64       64   (0)      7 :  0.1135 0.4440 0.4425 
 65       65   (0)      7 :  0.0000 0.1867 0.8133 
 66       66   (0)      7 :  0.0660 0.4301 0.5040 
 67       67   (0)      7 :  0.1289 0.3653 0.5058 
 68       68   (0)      7 :  0.6160 0.1661 0.2179 
 69       69   (0)      7 :  0.2014 0.2967 0.5019 
 70       70   (0)      7 :  0.0000 0.2149 0.7851 
 71       71   (0)      7 :  0.4915 0.2481 0.2604 
 72       72   (0)      7 :  0.3241 0.1884 0.4875 
 73       73   (0)      7 :  0.0000 0.2223 0.7777 
 74       74   (0)      7 :  0.5844 0.1831 0.2324 
 75       75   (0)      7 :  0.3703 0.0001 0.6295 
 76       76   (0)      7 :  0.6860 0.0647 0.2494 
 77       77   (0)      7 :  0.2801 0.2098 0.5101 
 78       78   (0)      7 :  0.0339 0.2596 0.7065 
 79       79   (0)      7 :  0.5146 0.1083 0.3771 
 80       80   (0)      7 :  0.0000 0.3284 0.6716 
 81       81   (0)      7 :  0.1614 0.2759 0.5627 
 82       82   (0)      7 :  0.0000 0.1899 0.8101 
 83       83   (0)      7 :  0.0000 0.1525 0.8475 
 84       84   (0)      7 :  0.0000 0.1613 0.8387 
 85       85   (0)      6 :  0.3097 0.5175 0.1728 
 86       86   (0)      6 :  0.3360 0.4575 0.2065 
 87       87   (0)      6 :  0.6746 0.2389 0.0865 
 88       88   (0)      6 :  0.4849 0.5070 0.0082 
 89       89   (0)      6 :  0.5467 0.4439 0.0093 
 90       90   (0)      6 :  0.3135 0.4623 0.2243 
 91       91   (0)      6 :  0.5576 0.4248 0.0176 
 92       92   (0)      6 :  0.3936 0.6064 0.0000 
 93       93   (0)      7 :  0.4691 0.2359 0.2950 
 94       94   (0)      7 :  0.0000 0.5641 0.4359 
 95       95   (0)      6 :  0.1404 0.7763 0.0833 
 96       96   (0)      6 :  0.0000 1.0000 0.0000 
 97       97   (0)      6 :  0.0000 0.7129 0.2871 
 98       98   (0)      6 :  0.1220 0.6641 0.2139 
 99       99   (0)      6 :  0.5023 0.4977 0.0000 
100      100   (0)      6 :  0.3845 0.6155 0.0000 
101      101   (0)      6 :  0.0000 0.9083 0.0917 
102      102   (0)      6 :  0.1948 0.8052 0.0000 
103      103   (0)      8 :  0.3579 0.2394 0.4027 
104      104   (0)      8 :  0.6906 0.0168 0.2926 
105      105   (0)      8 :  0.5662 0.0912 0.3427 
106      106   (0)      8 :  0.5727 0.0000 0.4273 
107      107   (0)      8 :  0.3645 0.0149 0.6206 
108      108   (0)      8 :  0.4268 0.0000 0.5732 
109      109   (0)      8 :  0.6849 0.0000 0.3151 
110      110   (0)      8 :  0.7107 0.0000 0.2893 
111      111   (0)      8 :  0.4461 0.0807 0.4731 
112      112   (0)      8 :  0.6423 0.0168 0.3409 
113      113   (0)      8 :  0.7078 0.0000 0.2922 
114      114   (0)      8 :  0.3767 0.1109 0.5124 
115      115   (0)      8 :  0.0000 0.3398 0.6602 
116      116   (0)      8 :  0.9443 0.0000 0.0557 
117      117   (0)      8 :  0.3436 0.1322 0.5242 
118      118   (0)      8 :  0.5174 0.1543 0.3283 
119      119   (0)      8 :  0.6783 0.0000 0.3217 
120      120   (0)      8 :  0.4954 0.1768 0.3279 
121      121   (0)      8 :  0.7447 0.0000 0.2553 
122      122   (0)      8 :  0.3704 0.0629 0.5667 
123      123   (0)      8 :  0.4925 0.2576 0.2499 
124      124   (0)      8 :  0.0000 0.4335 0.5665 
125      125   (0)      8 :  0.5717 0.0949 0.3334 
126      126   (0)      3 :  0.4836 0.0184 0.4980 
127      127   (0)      3 :  0.9503 0.0000 0.0497 
128      128   (0)      3 :  0.5757 0.0000 0.4243 
129      129   (0)      3 :  0.6941 0.0000 0.3059 
130      130   (0)      3 :  0.6636 0.0000 0.3364 
131      131   (0)      3 :  0.4722 0.0275 0.5003 
132      132   (0)      3 :  0.5177 0.0000 0.4823 
133      133   (0)      3 :  0.4615 0.0000 0.5385 
134      134   (0)      3 :  0.2708 0.1338 0.5955 
135      135   (0)      3 :  0.0637 0.1882 0.7481 
136      136   (0)      3 :  0.3957 0.0819 0.5224 
137      137   (0)      3 :  0.4617 0.1093 0.4291 
138      138   (0)      3 :  0.3901 0.1179 0.4920 
139      139   (0)      3 :  0.6544 0.0219 0.3237 
140      140   (0)      3 :  0.6369 0.0943 0.2688 
141      141   (0)      3 :  0.5116 0.0000 0.4884 
142      142   (0)      3 :  0.5056 0.0000 0.4944 
143      143   (0)      3 :  0.5021 0.0000 0.4979 
144      144   (0)      3 :  0.6541 0.0630 0.2830 
145      145   (0)      3 :  0.4353 0.0000 0.5647 
146      146   (0)      3 :  0.7629 0.0000 0.2371 
147      147   (0)      3 :  0.3964 0.0343 0.5693 
148      148   (0)      3 :  0.3629 0.0537 0.5835 
149      149   (0)      3 :  0.6314 0.0000 0.3686 
150      150   (0)      3 :  0.3723 0.0602 0.5674 
151      151   (0)      3 :  0.5261 0.0002 0.4737 
152      152   (0)      3 :  0.4809 0.1100 0.4091 
153      153   (0)      8 :  0.5339 0.0000 0.4661 
154      154   (0)      8 :  0.0000 0.3523 0.6477 
155      155   (0)      8 :  0.7344 0.0000 0.2656 
156      156   (0)      8 :  0.3501 0.3162 0.3337 
157      157   (0)      8 :  0.5790 0.1312 0.2898 
158      158   (0)      8 :  0.4489 0.1296 0.4215 
159      159   (0)      8 :  0.3992 0.1869 0.4138 
160      160   (0)      1 :  0.5211 0.4401 0.0388 
161      161   (0)      1 :  0.6583 0.3417 0.0000 
162      162   (0)      1 :  0.6242 0.3559 0.0198 
163      163   (0)      1 :  0.5524 0.4476 0.0000 
164      164   (0)      1 :  0.6546 0.3454 0.0000 
165      165   (0)      1 :  0.5251 0.2739 0.2010 
166      166   (0)      1 :  0.5546 0.4454 0.0000 
167      167   (0)      1 :  0.8190 0.1560 0.0250 
168      168   (0)      2 :  0.9183 0.0817 0.0000 
169      169   (0)      2 :  0.5538 0.1563 0.2900 
170      170   (0)      2 :  0.6458 0.1568 0.1975 
171      171   (0)      2 :  0.6141 0.0666 0.3192 
172      172   (0)      2 :  0.8258 0.0800 0.0942 
173      173   (0)      2 :  0.7813 0.0443 0.1744 
174      174   (0)      2 :  0.5492 0.4508 0.0000 
175      175   (0)      2 :  0.5524 0.1129 0.3347 
176      176   (0)      1 :  0.7805 0.1344 0.0851 
177      177   (0)      1 :  0.2710 0.7290 0.0000 
178      178   (0)      1 :  0.5169 0.3766 0.1065 
179      179   (0)      1 :  0.3305 0.6695 0.0000 
180      180   (0)      1 :  0.4986 0.5014 0.0000 
181      181   (0)      1 :  0.0000 1.0000 0.0000 
182      182   (0)      2 :  0.6176 0.3535 0.0289 
183      183   (0)      2 :  0.6330 0.2240 0.1431 
184      184   (0)      2 :  0.9762 0.0238 0.0000 
185      185   (0)      2 :  0.8144 0.0117 0.1740 
186      186   (0)      2 :  0.7183 0.1158 0.1659 
187      187   (0)      1 :  0.7362 0.2638 0.0000 
188      188   (0)      1 :  0.2855 0.4820 0.2325 
189      189   (0)      1 :  0.3129 0.5974 0.0897 
190      190   (0)      1 :  0.3176 0.6824 0.0000 
191      191   (0)      1 :  0.7699 0.2301 0.0000 
192      192   (0)      1 :  0.2600 0.7400 0.0000 
193      193   (0)      1 :  0.2115 0.7885 0.0000 
194      194   (0)      1 :  0.4844 0.4546 0.0610 
195      195   (0)      2 :  0.7359 0.2641 0.0000 
196      196   (0)      2 :  0.6221 0.1491 0.2288 
197      197   (0)      2 :  0.4259 0.4657 0.1084 
198      198   (0)      2 :  0.4908 0.2769 0.2323 
199      199   (0)      2 :  0.6265 0.3090 0.0645 
200      200   (0)      2 :  0.9601 0.0237 0.0161 
201      201   (0)      2 :  0.7688 0.0869 0.1444 
202      202   (0)      2 :  0.6266 0.2840 0.0894 
203      203   (0)      2 :  0.7940 0.2060 0.0000 
204      204   (0)      2 :  0.8904 0.0465 0.0630 
205      205   (0)      2 :  0.7079 0.2921 0.0000 
206      206   (0)      2 :  0.5317 0.1141 0.3542 
207      207   (0)      2 :  0.8378 0.0625 0.0997 
208      208   (0)      9 :  0.9088 0.0912 0.0000 
209      209   (0)      9 :  0.7089 0.1662 0.1250 
210      210   (0)      9 :  0.6416 0.2694 0.0889 
211      211   (0)      9 :  0.5704 0.3573 0.0723 
212      212   (0)      9 :  0.8372 0.0139 0.1488 
213      213   (0)      9 :  0.7559 0.1482 0.0958 
214      214   (0)      9 :  0.8927 0.0030 0.1043 
215      215   (0)      9 :  0.7678 0.2322 0.0000 
216      216   (0)      9 :  0.6860 0.2296 0.0844 
217      217   (0)      9 :  0.7090 0.1444 0.1466 
218      218   (0)      9 :  0.5351 0.0000 0.4649 
219      219   (0)      9 :  0.8659 0.1341 0.0000 
220      220   (0)      9 :  0.8519 0.1481 0.0000 
221      221   (0)      9 :  0.8973 0.0552 0.0475 
222      222   (0)      9 :  0.8608 0.1392 0.0000 
223      223   (0)      9 :  0.9297 0.0000 0.0703 
224      224   (0)      9 :  0.8092 0.0840 0.1069 
225      225   (0)      9 :  0.9525 0.0000 0.0475 
226      226   (0)      9 :  0.6053 0.3345 0.0602 
227      227   (0)      9 :  0.5446 0.4554 0.0000 
228      228   (0)      9 :  1.0000 0.0000 0.0000 
229      229   (0)      9 :  0.8281 0.1030 0.0689 
230      230   (0)      9 :  0.7024 0.2975 0.0002 
231      231   (0)      9 :  0.6241 0.3759 0.0000 
232      232   (0)      9 :  0.9645 0.0355 0.0000 
233      233   (0)      9 :  0.6192 0.3808 0.0000 
234      234   (0)      9 :  0.9505 0.0495 0.0000 
235      235   (0)      9 :  0.8794 0.1206 0.0000 
236      236   (0)      9 :  0.6106 0.3216 0.0678 
237      237   (0)     10 :  0.3910 0.4275 0.1816 
238      238   (0)     10 :  0.7000 0.3000 0.0000 
239      239   (0)     10 :  0.9006 0.0994 0.0000 
240      240   (0)     10 :  0.9731 0.0269 0.0000 
241      241   (0)     10 :  0.8798 0.1202 0.0000 
242      242   (0)     10 :  0.6822 0.1618 0.1560 
243      243   (0)     10 :  0.8395 0.1605 0.0000 
244      244   (0)     10 :  0.5859 0.4141 0.0000 
245      245   (0)     10 :  0.6066 0.3934 0.0000 
246      246   (0)     10 :  0.0000 0.5361 0.4639 
247      247   (0)     10 :  0.6190 0.3573 0.0237 
248      248   (0)     10 :  0.3934 0.1925 0.4141 
249      249   (0)     10 :  0.5093 0.4445 0.0462 
250      250   (0)     10 :  0.4230 0.3709 0.2061 
251      251   (0)     10 :  0.0235 0.9765 0.0000 
252      252   (0)     10 :  0.6304 0.1386 0.2310 
253      253   (0)     10 :  0.4848 0.5052 0.0101 
254      254   (0)     10 :  0.7839 0.2161 0.0000 
255      255   (0)     10 :  0.0000 0.6560 0.3440 
256      256   (0)     10 :  0.1884 0.7278 0.0838 
257      257   (0)     10 :  0.6323 0.2601 0.1075 
258      258   (0)     10 :  0.3072 0.6271 0.0657 
259      259   (0)     10 :  0.6186 0.2889 0.0926 
260      260   (0)     10 :  0.7268 0.2251 0.0480 
261      261   (0)     10 :  0.7680 0.2320 0.0000 
262      262   (0)     10 :  0.3731 0.5644 0.0625 
263      263   (0)     10 :  0.1493 0.6208 0.2300 
264      264   (0)     11 :  0.0725 0.0371 0.8904 
265      265   (0)     11 :  0.5941 0.0897 0.3162 
266      266   (0)     11 :  0.0000 0.0000 1.0000 
267      267   (0)     11 :  0.5170 0.0000 0.4830 
268      268   (0)     11 :  0.3599 0.0164 0.6237 
269      269   (0)     11 :  0.0074 0.0619 0.9306 
270      270   (0)     11 :  0.3119 0.0000 0.6881 
271      271   (0)     11 :  0.5110 0.0000 0.4890 
272      272   (0)     11 :  0.3613 0.0747 0.5640 
273      273   (0)     12 :  0.9173 0.0042 0.0785 
274      274   (0)     12 :  0.9436 0.0000 0.0564 
275      275   (0)     12 :  1.0000 0.0000 0.0000 
276      276   (0)     12 :  1.0000 0.0000 0.0000 
277      277   (0)     12 :  0.6709 0.3291 0.0000 
278      278   (0)     12 :  0.8842 0.0683 0.0475 
279      279   (0)     12 :  0.9118 0.0733 0.0150 
280      280   (0)     12 :  0.7735 0.1641 0.0624 
281      281   (0)     12 :  0.8117 0.1428 0.0455 
282      282   (0)     12 :  0.0000 0.4525 0.5475 
283      283   (0)     12 :  0.9048 0.0220 0.0732 
284      284   (0)     12 :  0.7316 0.0000 0.2684 
285      285   (0)     12 :  1.0000 0.0000 0.0000 
286      286   (0)     12 :  0.7767 0.0391 0.1842 
287      287   (0)     12 :  0.8917 0.1083 0.0000 
288      288   (0)     12 :  0.8962 0.1038 0.0000 
289      289   (0)     12 :  0.9010 0.0861 0.0129 
290      290   (0)     12 :  0.4506 0.2849 0.2646 
291      291   (0)     12 :  0.7647 0.0423 0.1930 
292      292   (0)     12 :  0.8668 0.1332 0.0000 
293      293   (0)     12 :  1.0000 0.0000 0.0000 
294      294   (0)     12 :  0.8298 0.1702 0.0000 
295      295   (0)     12 :  0.9534 0.0466 0.0000 
296      296   (0)     12 :  0.7569 0.0000 0.2431 
297      297   (0)     12 :  0.9825 0.0000 0.0175 
298      298   (0)     12 :  0.7881 0.2100 0.0019 
299      299   (0)     12 :  0.5512 0.2936 0.1552 
300      300   (0)     12 :  0.9901 0.0099 0.0000 
