1        1   (0)      1  : 0.0022 0.0000 0.3238 0.2440 0.0000 0.0031 0.0049 0.0000 0.2264 0.0000 0.1956
2        2   (0)      1  : 0.0985 0.0440 0.1711 0.0324 0.0050 0.0000 0.2605 0.1062 0.0201 0.0003 0.2620
3        3   (0)      1  : 0.0060 0.0097 0.1908 0.1037 0.2225 0.0000 0.0352 0.0000 0.0380 0.0000 0.3940
4        4   (0)      1  : 0.0054 0.0031 0.3706 0.0000 0.0091 0.0547 0.0026 0.2201 0.0713 0.0000 0.2630
5        5   (0)      1  : 0.1552 0.0390 0.0947 0.3227 0.0125 0.1355 0.1548 0.0023 0.0649 0.0000 0.0183
6        6   (0)      2  : 0.0000 0.0000 0.3881 0.0000 0.3298 0.0000 0.0000 0.0000 0.0269 0.0000 0.2552
7        7   (0)      1  : 0.0169 0.0062 0.3079 0.0000 0.0018 0.0000 0.0042 0.0000 0.2325 0.0000 0.4305
8        8   (0)      3  : 0.0003 0.1945 0.0000 0.1517 0.0121 0.0000 0.0081 0.0000 0.0039 0.5075 0.1218
9        9   (0)      4  : 0.0000 0.0000 0.0000 0.0000 0.0533 0.7257 0.0388 0.0108 0.0093 0.1488 0.0134
10       10   (0)      4  : 0.0928 0.0000 0.0446 0.0665 0.0100 0.0000 0.3891 0.0000 0.0563 0.3405 0.0000
11       11   (0)      4  : 0.0026 0.0854 0.0264 0.2560 0.0354 0.0482 0.0128 0.3141 0.0000 0.1197 0.0994
12       12   (0)      4  : 0.0000 0.0000 0.0000 0.0000 0.0000 1.0000 0.0000 0.0000 0.0000 0.0000 0.0000
13       13   (0)      4  : 0.0130 0.1784 0.1258 0.0000 0.0000 0.0191 0.1187 0.0033 0.0109 0.4393 0.0915
14       14   (0)      5  : 0.0058 0.0000 0.0521 0.2045 0.0881 0.0000 0.4814 0.0139 0.0024 0.1411 0.0106
15       15   (0)      4  : 0.0000 0.1666 0.0000 0.2135 0.1569 0.0118 0.1462 0.0000 0.0000 0.3001 0.0050
16       16   (0)      5  : 0.0000 0.2320 0.1701 0.0123 0.0087 0.0000 0.2880 0.0068 0.0038 0.2673 0.0110
17       17   (0)      5  : 0.1399 0.0607 0.0000 0.0000 0.0000 0.0000 0.1322 0.0057 0.0022 0.5968 0.0624
18       18   (0)      5  : 0.0000 0.0683 0.0000 0.0432 0.2004 0.0000 0.0230 0.0000 0.0000 0.5747 0.0904
19       19   (0)      5  : 0.0167 0.0735 0.0000 0.0000 0.0000 0.0000 0.1379 0.0000 0.0202 0.7355 0.0161
20       20   (0)      5  : 0.0000 0.0196 0.0008 0.3525 0.0000 0.0000 0.0091 0.1494 0.1795 0.2800 0.0091
21       21   (0)      5  : 0.0000 0.0846 0.0000 0.1505 0.0000 0.0000 0.0186 0.0000 0.0205 0.6402 0.0855
22       22   (0)      5  : 0.0067 0.0085 0.0186 0.0986 0.1780 0.0000 0.2191 0.2736 0.0020 0.1900 0.0049
23       23   (0)      5  : 0.0000 0.0521 0.0000 0.1074 0.0000 0.0179 0.0048 0.0174 0.1098 0.6187 0.0718
24       24   (0)      5  : 0.0000 0.0703 0.0176 0.0000 0.0980 0.0000 0.2134 0.0143 0.0000 0.5522 0.0342
25       25   (0)      5  : 0.0000 0.0606 0.0000 0.3504 0.0000 0.0000 0.0759 0.1774 0.0000 0.3353 0.0003
26       26   (0)      5  : 0.0000 0.1213 0.0000 0.0000 0.0000 0.0840 0.0629 0.0922 0.0000 0.6348 0.0047
27       27   (0)      5  : 0.2336 0.0825 0.0000 0.0000 0.0000 0.0000 0.3906 0.0045 0.0336 0.2531 0.0020
28       28   (0)      5  : 0.0532 0.1409 0.0086 0.1136 0.1234 0.0000 0.2880 0.0032 0.0000 0.2569 0.0122
29       29   (0)      5  : 0.0000 0.0022 0.0000 0.1056 0.0000 0.0000 0.0536 0.4912 0.0433 0.2983 0.0060
30       30   (0)      5  : 0.0287 0.0055 0.0000 0.4055 0.0000 0.0000 0.4408 0.0038 0.0000 0.1051 0.0106
31       31   (0)      5  : 0.0057 0.2023 0.0001 0.3819 0.0000 0.0000 0.1979 0.0000 0.0022 0.1943 0.0156
32       32   (0)      5  : 0.2467 0.0334 0.0120 0.0562 0.0101 0.0000 0.2830 0.0012 0.0204 0.3351 0.0018
33       33   (0)      5  : 0.0035 0.1184 0.0000 0.0000 0.0000 0.0000 0.0973 0.0046 0.0056 0.7691 0.0015
34       34   (0)      5  : 0.0083 0.5526 0.0000 0.0431 0.0050 0.0000 0.0795 0.0127 0.0000 0.2787 0.0202
35       35   (0)      5  : 0.0000 0.1947 0.0052 0.0130 0.0537 0.0230 0.0255 0.0744 0.1303 0.4561 0.0240
36       36   (0)      5  : 0.0000 0.2890 0.0000 0.0030 0.0000 0.2531 0.0653 0.1222 0.1158 0.1259 0.0256
37       37   (0)      5  : 0.0445 0.2092 0.0000 0.0198 0.0000 0.0000 0.2159 0.2659 0.0000 0.2101 0.0347
38       38   (0)      5  : 0.0000 0.1339 0.0000 0.1593 0.0000 0.0000 0.0000 0.1765 0.2092 0.3133 0.0078
39       39   (0)      5  : 0.2631 0.0166 0.0000 0.0000 0.0000 0.0000 0.2717 0.0000 0.0326 0.3875 0.0285
40       40   (0)      5  : 0.0000 0.0440 0.0029 0.0774 0.1457 0.0001 0.0243 0.1806 0.3093 0.2157 0.0000
41       41   (0)      4  : 0.0000 0.0304 0.0000 0.0000 0.0000 0.4827 0.0331 0.0000 0.0000 0.4539 0.0000
42       42   (0)      4  : 0.0055 0.1664 0.0001 0.0842 0.2812 0.0000 0.2293 0.2266 0.0000 0.0000 0.0068
43       43   (0)      4  : 0.0000 0.0543 0.0000 0.4583 0.1378 0.0000 0.1694 0.0001 0.0000 0.1802 0.0000
44       44   (0)      4  : 0.1697 0.0704 0.0100 0.0000 0.0075 0.1261 0.3489 0.0000 0.0268 0.2202 0.0203
45       45   (0)      5  : 0.0558 0.1070 0.0249 0.2594 0.0450 0.0517 0.1841 0.2374 0.0258 0.0058 0.0031
46       46   (0)      4  : 0.0000 0.0229 0.0000 0.2004 0.0778 0.0000 0.0069 0.0000 0.0160 0.4800 0.1961
47       47   (0)      4  : 0.0000 0.0114 0.1168 0.0309 0.0132 0.0000 0.2864 0.1453 0.1336 0.2009 0.0613
48       48   (0)      4  : 0.0129 0.0421 0.0712 0.0000 0.0000 0.1500 0.1635 0.0075 0.1008 0.4282 0.0237
49       49   (0)      4  : 0.0138 0.2628 0.0064 0.0000 0.0006 0.1726 0.0822 0.0042 0.0000 0.4576 0.0000
50       50   (0)      5  : 0.0272 0.0546 0.0490 0.1193 0.0030 0.0091 0.2605 0.4208 0.0549 0.0000 0.0015
51       51   (0)      4  : 0.0747 0.0744 0.0331 0.1639 0.0226 0.0002 0.5669 0.0012 0.0000 0.0629 0.0000
52       52   (0)      5  : 0.0000 0.2673 0.0227 0.0739 0.3100 0.0000 0.1598 0.0281 0.0336 0.0926 0.0119
53       53   (0)      6  : 0.0000 0.0000 0.8753 0.0000 0.0132 0.0167 0.0528 0.0000 0.0390 0.0029 0.0000
54       54   (0)      6  : 0.0000 0.0154 0.1199 0.2762 0.0000 0.0000 0.2766 0.0128 0.0080 0.2420 0.0491
55       55   (0)      6  : 0.0000 0.0000 0.0000 0.0000 0.0000 1.0000 0.0000 0.0000 0.0000 0.0000 0.0000
56       56   (0)      6  : 0.0000 0.0000 0.6180 0.2714 0.0000 0.0000 0.0000 0.0000 0.0188 0.0072 0.0846
57       57   (0)      6  : 0.0212 0.0000 0.3556 0.2782 0.0000 0.0000 0.2166 0.0000 0.1127 0.0157 0.0000
58       58   (0)      6  : 0.0245 0.0187 0.1736 0.3624 0.0151 0.0000 0.3276 0.0000 0.0000 0.0646 0.0136
59       59   (0)      6  : 0.0000 0.0398 0.0512 0.4966 0.0007 0.0123 0.0093 0.0000 0.2798 0.0961 0.0142
60       60   (0)      6  : 0.0076 0.0107 0.2309 0.2541 0.0000 0.0000 0.1239 0.0000 0.0916 0.1916 0.0897
61       61   (0)      7  : 0.0064 0.1782 0.0135 0.0030 0.0077 0.0141 0.3608 0.0448 0.1904 0.1631 0.0181
62       62   (0)      7  : 0.0165 0.0617 0.0262 0.0368 0.2852 0.0000 0.5181 0.0000 0.0000 0.0423 0.0132
63       63   (0)      7  : 0.0000 0.0190 0.0844 0.1040 0.0799 0.0000 0.4385 0.2516 0.0000 0.0226 0.0000
64       64   (0)      7  : 0.0094 0.0074 0.1023 0.0000 0.1183 0.0233 0.3197 0.2213 0.0561 0.0908 0.0512
65       65   (0)      7  : 0.0000 0.0058 0.0276 0.0000 0.0049 0.0000 0.0637 0.3425 0.0636 0.3950 0.0971
66       66   (0)      7  : 0.0000 0.0000 0.1855 0.0454 0.0110 0.1111 0.1116 0.4323 0.0413 0.0222 0.0396
67       67   (0)      7  : 0.0000 0.0342 0.0444 0.0000 0.3715 0.0000 0.1617 0.0374 0.0523 0.2661 0.0325
68       68   (0)      7  : 0.0734 0.0277 0.0204 0.0069 0.1168 0.0000 0.6442 0.0000 0.0000 0.0759 0.0347
69       69   (0)      7  : 0.0000 0.0000 0.1520 0.0322 0.0059 0.0008 0.2815 0.0053 0.1593 0.3452 0.0177
70       70   (0)      7  : 0.0000 0.0096 0.0409 0.0000 0.0000 0.0563 0.0614 0.2050 0.0368 0.5076 0.0824
71       71   (0)      7  : 0.0954 0.1026 0.0861 0.0613 0.1282 0.0000 0.2442 0.1492 0.1122 0.0000 0.0207
72       72   (0)      7  : 0.0475 0.1329 0.0513 0.0072 0.0000 0.0004 0.4887 0.0294 0.0000 0.2251 0.0175
73       73   (0)      7  : 0.0000 0.0229 0.1470 0.0000 0.0002 0.0079 0.0778 0.1777 0.0000 0.5253 0.0412
74       74   (0)      7  : 0.0000 0.0000 0.0425 0.3052 0.0026 0.0000 0.2661 0.0041 0.2412 0.1383 0.0000
75       75   (0)      7  : 0.0232 0.0714 0.0000 0.0248 0.0000 0.0000 0.4380 0.2754 0.0000 0.1595 0.0077
76       76   (0)      7  : 0.0720 0.0000 0.0223 0.2477 0.0000 0.0000 0.4790 0.0000 0.0000 0.1705 0.0086
77       77   (0)      7  : 0.0215 0.0034 0.0709 0.0018 0.0081 0.0011 0.4607 0.0014 0.0298 0.3562 0.0450
78       78   (0)      7  : 0.0000 0.1940 0.0729 0.0000 0.0000 0.0000 0.0839 0.5773 0.0000 0.0262 0.0458
79       79   (0)      7  : 0.0109 0.3624 0.0747 0.1950 0.0032 0.0000 0.2074 0.0904 0.0000 0.0388 0.0172
80       80   (0)      7  : 0.0000 0.0726 0.1297 0.0000 0.0000 0.0061 0.0131 0.4397 0.0056 0.2209 0.1123
81       81   (0)      7  : 0.0000 0.0000 0.1033 0.0722 0.0014 0.0039 0.0376 0.3953 0.1552 0.1688 0.0623
82       82   (0)      7  : 0.0000 0.0590 0.0366 0.0000 0.1292 0.0713 0.0280 0.2169 0.0011 0.4267 0.0311
83       83   (0)      7  : 0.0000 0.0000 0.0622 0.0000 0.0000 0.0078 0.0262 0.6455 0.0035 0.2073 0.0475
84       84   (0)      7  : 0.0000 0.0198 0.0398 0.0000 0.0000 0.0935 0.0425 0.2641 0.0037 0.4886 0.0481
85       85   (0)      6  : 0.1706 0.0153 0.4154 0.0000 0.0599 0.0026 0.2137 0.0000 0.0000 0.1017 0.0208
86       86   (0)      6  : 0.0120 0.1730 0.3520 0.0498 0.2088 0.0408 0.1182 0.0092 0.0000 0.0214 0.0147
87       87   (0)      6  : 0.0000 0.0000 0.1754 0.4971 0.0000 0.0481 0.2794 0.0000 0.0000 0.0000 0.0000
88       88   (0)      6  : 0.1108 0.0221 0.4192 0.0389 0.0001 0.0000 0.3199 0.0000 0.0000 0.0057 0.0832
89       89   (0)      6  : 0.0000 0.0000 0.3828 0.4256 0.0000 0.0007 0.0261 0.0000 0.1372 0.0059 0.0218
90       90   (0)      6  : 0.0753 0.1849 0.4417 0.0494 0.0000 0.0579 0.0819 0.0340 0.0000 0.0329 0.0420
91       91   (0)      6  : 0.0706 0.0785 0.3945 0.2383 0.0160 0.0000 0.1486 0.0000 0.0059 0.0006 0.0469
92       92   (0)      6  : 0.0000 0.0069 0.5027 0.2418 0.0081 0.0000 0.0229 0.0246 0.1406 0.0000 0.0525
93       93   (0)      7  : 0.0000 0.0082 0.1396 0.2230 0.0074 0.0000 0.2434 0.0000 0.1566 0.2207 0.0010
94       94   (0)      7  : 0.0000 0.0000 0.0000 0.0000 0.0000 1.0000 0.0000 0.0000 0.0000 0.0000 0.0000
95       95   (0)      6  : 0.0080 0.0000 0.5992 0.0456 0.1015 0.1969 0.0373 0.0000 0.0000 0.0000 0.0116
96       96   (0)      6  : 0.0000 0.0000 0.8768 0.0000 0.0000 0.0000 0.0000 0.0000 0.0178 0.0000 0.1054
97       97   (0)      6  : 0.0000 0.0136 0.5579 0.0000 0.0000 0.0012 0.0425 0.0000 0.0396 0.2578 0.0874
98       98   (0)      6  : 0.0000 0.0379 0.5550 0.0068 0.1802 0.0357 0.0116 0.0095 0.0153 0.1240 0.0239
99       99   (0)      6  : 0.0000 0.0000 0.5151 0.3019 0.0679 0.0000 0.0321 0.0015 0.0000 0.0088 0.0727
100      100   (0)      6  : 0.0681 0.0113 0.6116 0.2032 0.0000 0.0000 0.0574 0.0000 0.0273 0.0000 0.0211
101      101   (0)      6  : 0.0000 0.0000 0.8385 0.0000 0.0862 0.0046 0.0265 0.0000 0.0031 0.0362 0.0049
102      102   (0)      6  : 0.0000 0.0044 0.7194 0.0000 0.2155 0.0000 0.0547 0.0000 0.0000 0.0000 0.0061
103      103   (0)      8  : 0.0000 0.2315 0.0559 0.1482 0.0000 0.0176 0.0000 0.3244 0.1862 0.0000 0.0364
104      104   (0)      8  : 0.0151 0.5071 0.0199 0.3510 0.0042 0.0000 0.0636 0.0197 0.0072 0.0120 0.0000
105      105   (0)      8  : 0.0000 0.0111 0.0000 0.2545 0.0000 0.0000 0.0000 0.2553 0.4551 0.0185 0.0055
106      106   (0)      8  : 0.1161 0.4569 0.0000 0.0072 0.0000 0.0001 0.2299 0.0000 0.0000 0.1630 0.0268
107      107   (0)      8  : 0.1228 0.4217 0.0000 0.0000 0.0000 0.0570 0.1113 0.0086 0.0000 0.2786 0.0000
108      108   (0)      8  : 0.0000 0.0750 0.0000 0.2323 0.0077 0.1034 0.0000 0.0659 0.0253 0.3761 0.1143
109      109   (0)      8  : 0.0107 0.3031 0.0000 0.4382 0.0000 0.0000 0.0228 0.1680 0.0472 0.0035 0.0064
110      110   (0)      8  : 0.0000 0.5463 0.0000 0.3486 0.0053 0.0000 0.0000 0.0003 0.0141 0.0146 0.0707
111      111   (0)      8  : 0.0250 0.4749 0.0057 0.0104 0.1120 0.0049 0.0481 0.2618 0.0100 0.0052 0.0421
112      112   (0)      8  : 0.0046 0.5945 0.0000 0.1676 0.1709 0.0000 0.0063 0.0000 0.0048 0.0197 0.0316
113      113   (0)      8  : 0.0987 0.2752 0.0000 0.3500 0.0000 0.0000 0.0908 0.1526 0.0224 0.0078 0.0026
114      114   (0)      8  : 0.0000 0.4774 0.0000 0.0129 0.3330 0.0000 0.1175 0.0000 0.0000 0.0476 0.0115
115      115   (0)      8  : 0.0000 0.0000 0.0000 0.0000 0.0000 1.0000 0.0000 0.0000 0.0000 0.0000 0.0000
116      116   (0)      8  : 0.0000 0.2040 0.0000 0.7377 0.0000 0.0000 0.0055 0.0000 0.0089 0.0023 0.0416
117      117   (0)      8  : 0.1545 0.1798 0.0006 0.0042 0.0000 0.0572 0.0402 0.1970 0.1879 0.1674 0.0112
118      118   (0)      8  : 0.0430 0.6120 0.0132 0.0000 0.1930 0.0000 0.0364 0.0000 0.0589 0.0163 0.0273
119      119   (0)      8  : 0.2433 0.3662 0.0000 0.0015 0.0022 0.0000 0.2357 0.0000 0.0135 0.0920 0.0456
120      120   (0)      8  : 0.1479 0.4383 0.0392 0.0000 0.0002 0.0217 0.1797 0.0015 0.0282 0.0402 0.1031
121      121   (0)      8  : 0.1035 0.5516 0.0000 0.2323 0.0000 0.0015 0.0350 0.0000 0.0035 0.0255 0.0471
122      122   (0)      8  : 0.0000 0.1794 0.0001 0.0532 0.0073 0.0019 0.0244 0.0281 0.2194 0.4092 0.0771
123      123   (0)      8  : 0.0564 0.2987 0.0743 0.0230 0.0468 0.0000 0.0639 0.0000 0.2339 0.1040 0.0989
124      124   (0)      8  : 0.0000 0.0000 0.0000 0.0000 0.0000 1.0000 0.0000 0.0000 0.0000 0.0000 0.0000
125      125   (0)      8  : 0.1033 0.2922 0.0000 0.0326 0.2753 0.0335 0.1358 0.0125 0.0000 0.0575 0.0574
126      126   (0)      3  : 0.0000 0.0906 0.0000 0.2172 0.0000 0.0031 0.0095 0.1974 0.2458 0.2275 0.0089
127      127   (0)      3  : 0.0000 0.0549 0.0000 0.7623 0.0016 0.0000 0.0717 0.0000 0.0180 0.0240 0.0675
128      128   (0)      3  : 0.0733 0.4660 0.0000 0.0667 0.0000 0.0042 0.2346 0.0393 0.0077 0.0676 0.0405
129      129   (0)      3  : 0.0885 0.1706 0.0000 0.1958 0.0000 0.0000 0.1343 0.0074 0.1256 0.1687 0.1090
130      130   (0)      3  : 0.0000 0.4950 0.0000 0.3658 0.0079 0.0000 0.0000 0.0000 0.0201 0.0356 0.0756
131      131   (0)      3  : 0.1093 0.4866 0.0000 0.0000 0.0000 0.0000 0.0140 0.0000 0.2088 0.1778 0.0035
132      132   (0)      3  : 0.0590 0.5868 0.0000 0.0231 0.0000 0.0562 0.0438 0.0000 0.0553 0.1538 0.0220
133      133   (0)      3  : 0.0609 0.2468 0.0000 0.1008 0.0000 0.0000 0.0503 0.0951 0.0253 0.3317 0.0892
134      134   (0)      3  : 0.0081 0.2754 0.0000 0.0032 0.0041 0.1392 0.0485 0.0014 0.2290 0.2740 0.0171
135      135   (0)      3  : 0.0000 0.1453 0.0000 0.0000 0.0081 0.1589 0.0523 0.1217 0.2109 0.2630 0.0398
136      136   (0)      3  : 0.0106 0.3536 0.0016 0.0535 0.0020 0.0001 0.1118 0.2251 0.1845 0.0477 0.0098
137      137   (0)      3  : 0.0156 0.4801 0.0000 0.0389 0.0000 0.0000 0.0690 0.1446 0.2333 0.0080 0.0105
138      138   (0)      3  : 0.0526 0.5655 0.0334 0.0000 0.0068 0.0000 0.0664 0.0272 0.0996 0.0924 0.0562
139      139   (0)      3  : 0.1040 0.4924 0.0102 0.0409 0.0881 0.0000 0.1274 0.0000 0.0118 0.0215 0.1037
140      140   (0)      3  : 0.0000 0.3200 0.0000 0.2712 0.0000 0.0469 0.0009 0.0000 0.3234 0.0231 0.0145
141      141   (0)      3  : 0.2018 0.2034 0.0000 0.0009 0.0028 0.0001 0.1260 0.0008 0.1171 0.3028 0.0442
142      142   (0)      3  : 0.1471 0.0858 0.0000 0.1320 0.0000 0.0000 0.0851 0.0000 0.0061 0.4758 0.0679
143      143   (0)      3  : 0.1370 0.7012 0.0000 0.0000 0.0000 0.0000 0.0238 0.0040 0.0229 0.1051 0.0060
144      144   (0)      3  : 0.0000 0.3314 0.0000 0.2304 0.0000 0.0284 0.0000 0.0000 0.3765 0.0130 0.0204
145      145   (0)      3  : 0.1169 0.2388 0.0000 0.0510 0.0118 0.0000 0.0525 0.0007 0.0104 0.4348 0.0831
146      146   (0)      3  : 0.2549 0.1652 0.0000 0.1898 0.0000 0.0000 0.1874 0.0000 0.0103 0.1441 0.0482
147      147   (0)      3  : 0.0506 0.4379 0.0000 0.0010 0.0000 0.0190 0.1416 0.2940 0.0115 0.0229 0.0215
148      148   (0)      3  : 0.1710 0.0492 0.0024 0.0000 0.0000 0.0162 0.2036 0.0033 0.0469 0.4299 0.0775
149      149   (0)      3  : 0.1419 0.3863 0.0000 0.0104 0.0000 0.0002 0.2921 0.0394 0.0010 0.0848 0.0439
150      150   (0)      3  : 0.0627 0.3123 0.0000 0.0000 0.2080 0.0000 0.0756 0.0556 0.0113 0.2382 0.0363
151      151   (0)      3  : 0.1783 0.3915 0.0000 0.0000 0.0000 0.0284 0.1510 0.0002 0.0075 0.2119 0.0312
152      152   (0)      3  : 0.0138 0.0482 0.0000 0.0588 0.0000 0.0022 0.0487 0.0062 0.4265 0.3341 0.0614
153      153   (0)      8  : 0.0000 0.2831 0.0000 0.1280 0.1568 0.0000 0.0124 0.0000 0.0053 0.3059 0.1084
154      154   (0)      8  : 0.0000 0.0000 0.0000 0.0000 0.0000 0.6927 0.0000 0.3073 0.0000 0.0000 0.0000
155      155   (0)      8  : 0.1233 0.3430 0.0011 0.2631 0.0001 0.0000 0.1546 0.0685 0.0008 0.0226 0.0230
156      156   (0)      8  : 0.1181 0.2007 0.1276 0.0000 0.0979 0.0767 0.0516 0.0000 0.0292 0.1542 0.1439
157      157   (0)      8  : 0.0000 0.3361 0.0000 0.1772 0.1445 0.0000 0.0580 0.0000 0.2127 0.0706 0.0009
158      158   (0)      8  : 0.0021 0.2270 0.0021 0.0749 0.0028 0.0058 0.0333 0.0000 0.3786 0.2554 0.0180
159      159   (0)      8  : 0.0000 0.3528 0.0000 0.0351 0.1854 0.0561 0.0168 0.0008 0.2788 0.0740 0.0001
160      160   (0)      1  : 0.1436 0.1117 0.1320 0.0000 0.0000 0.0000 0.2006 0.0000 0.1522 0.0000 0.2598
161      161   (0)      1  : 0.0354 0.0123 0.1214 0.2900 0.2363 0.0000 0.1585 0.0000 0.0038 0.0000 0.1422
162      162   (0)      1  : 0.1955 0.0613 0.0949 0.0000 0.0192 0.0000 0.2706 0.0000 0.1720 0.0005 0.1859
163      163   (0)      1  : 0.0847 0.0105 0.2163 0.2730 0.0000 0.0025 0.0074 0.0000 0.1503 0.0000 0.2553
164      164   (0)      1  : 0.2848 0.0413 0.0730 0.0245 0.0000 0.0000 0.2021 0.0000 0.0292 0.0000 0.3451
165      165   (0)      1  : 0.0502 0.3652 0.1599 0.1846 0.0000 0.0008 0.0260 0.0182 0.0254 0.0084 0.1612
166      166   (0)      1  : 0.1176 0.0415 0.1331 0.0076 0.0000 0.0000 0.1655 0.0000 0.2236 0.0000 0.3112
167      167   (0)      1  : 0.2342 0.0589 0.0080 0.0871 0.0000 0.0000 0.4757 0.0000 0.0000 0.0000 0.1361
168      168   (0)      2  : 0.0429 0.0206 0.0157 0.4802 0.0591 0.0000 0.1114 0.0069 0.0000 0.0302 0.2330
169      169   (0)      2  : 0.1591 0.2585 0.0195 0.0005 0.0059 0.0000 0.3506 0.0511 0.0048 0.0317 0.1182
170      170   (0)      2  : 0.2827 0.2457 0.0372 0.0418 0.0000 0.0000 0.2086 0.0000 0.0485 0.0379 0.0975
171      171   (0)      2  : 0.0000 0.1406 0.0000 0.3303 0.1755 0.0000 0.0000 0.0082 0.0310 0.2102 0.1043
172      172   (0)      2  : 0.2097 0.0425 0.0056 0.1719 0.0045 0.0096 0.4693 0.0000 0.0000 0.0000 0.0869
173      173   (0)      2  : 0.0000 0.2051 0.0011 0.5805 0.0000 0.0000 0.0000 0.0000 0.1018 0.0309 0.0805
174      174   (0)      2  : 0.1887 0.0260 0.1699 0.1343 0.0011 0.0002 0.1237 0.0000 0.0242 0.0050 0.3268
175      175   (0)      2  : 0.0732 0.0000 0.0000 0.0728 0.2304 0.0000 0.1102 0.0000 0.0368 0.2778 0.1988
176      176   (0)      1  : 0.0909 0.0694 0.0348 0.2869 0.0000 0.0000 0.1404 0.0000 0.0910 0.0776 0.2089
177      177   (0)      1  : 0.0147 0.0332 0.2029 0.0000 0.2655 0.0000 0.0353 0.0000 0.0834 0.0000 0.3650
178      178   (0)      1  : 0.0149 0.1159 0.1740 0.2138 0.0000 0.0174 0.0000 0.0000 0.1480 0.0259 0.2901
179      179   (0)      1  : 0.0000 0.0120 0.2813 0.0300 0.0000 0.0000 0.0313 0.0000 0.1207 0.0053 0.5193
180      180   (0)      1  : 0.0010 0.0025 0.3139 0.2835 0.0160 0.0000 0.0000 0.0000 0.0421 0.0061 0.3349
181      181   (0)      1  : 0.0298 0.0000 0.4369 0.0000 0.0000 0.0000 0.0000 0.0000 0.0667 0.0000 0.4667
182      182   (0)      2  : 0.0000 0.0006 0.1096 0.3102 0.2398 0.0000 0.0474 0.0000 0.0548 0.0140 0.2236
183      183   (0)      2  : 0.2507 0.0872 0.0490 0.0103 0.0023 0.0137 0.3697 0.0031 0.0254 0.0278 0.1608
184      184   (0)      2  : 0.0000 0.0000 0.0000 0.7398 0.1580 0.0000 0.0112 0.0000 0.0000 0.0027 0.0883
185      185   (0)      2  : 0.2640 0.0399 0.0000 0.0042 0.0065 0.0000 0.5755 0.0000 0.0000 0.0070 0.1029
186      186   (0)      2  : 0.0000 0.0000 0.0000 0.2053 0.4294 0.0000 0.0000 0.0008 0.0000 0.1062 0.2583
187      187   (0)      1  : 0.0000 0.0000 0.0345 0.4148 0.3464 0.0000 0.0000 0.0000 0.0036 0.0000 0.2008
188      188   (0)      1  : 0.1086 0.3161 0.2254 0.0000 0.0089 0.0311 0.0071 0.0250 0.0269 0.0147 0.2363
189      189   (0)      1  : 0.0000 0.1106 0.1249 0.0000 0.4203 0.0000 0.0000 0.0000 0.1460 0.0000 0.1982
190      190   (0)      1  : 0.1038 0.0193 0.2534 0.0000 0.0122 0.0000 0.1274 0.0000 0.0563 0.0000 0.4276
191      191   (0)      1  : 0.0111 0.0035 0.0793 0.5199 0.0172 0.0000 0.0000 0.0000 0.1460 0.0000 0.2231
192      192   (0)      1  : 0.0479 0.0233 0.3444 0.0000 0.1157 0.0000 0.0824 0.0000 0.0758 0.0000 0.3104
193      193   (0)      1  : 0.0243 0.0258 0.2595 0.0000 0.0000 0.0000 0.0987 0.0000 0.0586 0.0000 0.5331
194      194   (0)      1  : 0.0057 0.0333 0.1940 0.2431 0.0000 0.0302 0.0000 0.0018 0.1348 0.0233 0.3337
195      195   (0)      2  : 0.0883 0.0276 0.0920 0.3640 0.0000 0.0000 0.1339 0.0000 0.0434 0.0000 0.2508
196      196   (0)      2  : 0.0000 0.3051 0.0262 0.2489 0.2131 0.0000 0.0000 0.0000 0.0161 0.0230 0.1676
197      197   (0)      2  : 0.0677 0.0417 0.0877 0.0000 0.0479 0.0367 0.3420 0.0000 0.1207 0.0045 0.2511
198      198   (0)      2  : 0.0785 0.2112 0.0968 0.0782 0.0000 0.0000 0.1422 0.0951 0.0191 0.0221 0.2569
199      199   (0)      2  : 0.1913 0.0628 0.0459 0.0000 0.1038 0.0090 0.3708 0.0000 0.0112 0.0000 0.2052
200      200   (0)      2  : 0.0078 0.0074 0.0000 0.7274 0.0000 0.0000 0.1612 0.0000 0.0058 0.0142 0.0762
201      201   (0)      2  : 0.0567 0.0181 0.0131 0.3096 0.0585 0.0000 0.1106 0.0076 0.0136 0.1316 0.2806
202      202   (0)      2  : 0.2675 0.2233 0.0485 0.0000 0.0176 0.0000 0.1590 0.0000 0.0875 0.0000 0.1967
203      203   (0)      2  : 0.2910 0.0456 0.0195 0.1328 0.0009 0.0000 0.2764 0.0000 0.0101 0.0000 0.2238
204      204   (0)      2  : 0.3306 0.1591 0.0000 0.1111 0.0000 0.0000 0.2446 0.0000 0.0000 0.0000 0.1546
205      205   (0)      2  : 0.1384 0.0524 0.0111 0.0038 0.0000 0.0000 0.2884 0.0000 0.2838 0.0000 0.2220
206      206   (0)      2  : 0.1579 0.1219 0.0077 0.1436 0.0060 0.0004 0.2060 0.2391 0.0039 0.0184 0.0951
207      207   (0)      2  : 0.1819 0.0275 0.0096 0.3738 0.0000 0.0000 0.2726 0.0326 0.0000 0.0279 0.0741
208      208   (0)      9  : 0.2776 0.0000 0.0000 0.3144 0.0013 0.0005 0.0157 0.0000 0.3621 0.0011 0.0274
209      209   (0)      9  : 0.1039 0.0183 0.0000 0.2370 0.0025 0.1154 0.0000 0.0000 0.5006 0.0000 0.0222
210      210   (0)      9  : 0.5197 0.1137 0.0100 0.0000 0.3449 0.0000 0.0000 0.0000 0.0000 0.0033 0.0084
211      211   (0)      9  : 0.0310 0.0548 0.0175 0.0697 0.3422 0.0082 0.0000 0.0000 0.4068 0.0072 0.0625
212      212   (0)      9  : 0.1748 0.0584 0.0000 0.3572 0.1461 0.1105 0.0003 0.0000 0.0036 0.0092 0.1399
213      213   (0)      9  : 0.5533 0.1817 0.0212 0.0000 0.1906 0.0000 0.0048 0.0000 0.0000 0.0047 0.0438
214      214   (0)      9  : 0.4030 0.0001 0.0000 0.3809 0.0495 0.0133 0.0085 0.0405 0.0009 0.0288 0.0746
215      215   (0)      9  : 0.4820 0.0000 0.0000 0.0000 0.2296 0.0000 0.0190 0.0000 0.2592 0.0000 0.0101
216      216   (0)      9  : 0.0000 0.0000 0.0000 0.0000 0.7856 0.0000 0.0000 0.0000 0.0000 0.0097 0.2048
217      217   (0)      9  : 0.7961 0.0541 0.0056 0.0000 0.0000 0.0000 0.0204 0.0940 0.0043 0.0000 0.0256
218      218   (0)      9  : 0.0445 0.0000 0.0000 0.1517 0.1728 0.0000 0.0000 0.3148 0.0000 0.1389 0.1773
219      219   (0)      9  : 0.8741 0.0252 0.0052 0.0000 0.0047 0.0000 0.0630 0.0000 0.0005 0.0000 0.0272
220      220   (0)      9  : 0.1227 0.0000 0.0000 0.5025 0.2466 0.0000 0.0023 0.0000 0.0852 0.0000 0.0408
221      221   (0)      9  : 0.4059 0.0306 0.0011 0.1977 0.0000 0.0000 0.1590 0.0000 0.0017 0.0536 0.1505
222      222   (0)      9  : 0.2491 0.0033 0.0009 0.2587 0.0071 0.0000 0.0688 0.0000 0.3729 0.0000 0.0392
223      223   (0)      9  : 0.0393 0.0333 0.0000 0.7065 0.0233 0.0000 0.0079 0.0794 0.0030 0.0015 0.1056
224      224   (0)      9  : 0.7848 0.0196 0.0000 0.0000 0.0089 0.0064 0.0890 0.0000 0.0151 0.0645 0.0117
225      225   (0)      9  : 0.5975 0.1298 0.0000 0.0031 0.0000 0.0000 0.1938 0.0000 0.0000 0.0018 0.0739
226      226   (0)      9  : 0.3149 0.0000 0.0142 0.0000 0.0116 0.0000 0.0264 0.0032 0.5787 0.0128 0.0381
227      227   (0)      9  : 0.4140 0.0000 0.0140 0.0000 0.4971 0.0031 0.0080 0.0000 0.0000 0.0000 0.0638
228      228   (0)      9  : 0.7320 0.0000 0.0000 0.2286 0.0000 0.0000 0.0188 0.0000 0.0107 0.0030 0.0070
229      229   (0)      9  : 0.5129 0.0186 0.0000 0.0000 0.0000 0.0000 0.1382 0.0070 0.2405 0.0280 0.0548
230      230   (0)      9  : 0.7347 0.0166 0.0805 0.0000 0.0395 0.0000 0.0710 0.0000 0.0000 0.0056 0.0522
231      231   (0)      9  : 0.3090 0.0000 0.0037 0.0000 0.0297 0.0000 0.0320 0.0000 0.6256 0.0000 0.0000
232      232   (0)      9  : 0.3276 0.0000 0.0000 0.4069 0.0000 0.0000 0.0131 0.0000 0.2201 0.0000 0.0323
233      233   (0)      9  : 0.1259 0.0000 0.0000 0.0000 0.5114 0.0000 0.0000 0.0000 0.3287 0.0000 0.0340
234      234   (0)      9  : 0.9750 0.0000 0.0000 0.0206 0.0000 0.0000 0.0000 0.0000 0.0000 0.0045 0.0000
235      235   (0)      9  : 0.3846 0.0163 0.0000 0.2509 0.2046 0.0000 0.0493 0.0000 0.0310 0.0000 0.0633
236      236   (0)      9  : 0.2936 0.0000 0.0000 0.0100 0.0333 0.0058 0.0155 0.0000 0.6335 0.0065 0.0018
237      237   (0)     10  : 0.0153 0.0355 0.0461 0.0139 0.2825 0.0281 0.0365 0.0845 0.3770 0.0000 0.0806
238      238   (0)     10  : 0.3346 0.0246 0.0365 0.0222 0.1336 0.0000 0.2493 0.0000 0.0230 0.0000 0.1761
239      239   (0)     10  : 0.7409 0.0287 0.0000 0.0000 0.0000 0.0000 0.1596 0.0000 0.0000 0.0000 0.0707
240      240   (0)     10  : 0.0733 0.0000 0.0000 0.8424 0.0129 0.0000 0.0104 0.0000 0.0119 0.0000 0.0491
241      241   (0)     10  : 0.0950 0.0000 0.0014 0.5747 0.0206 0.0035 0.0033 0.0000 0.2721 0.0036 0.0257
242      242   (0)     10  : 0.3447 0.0132 0.0015 0.0234 0.0514 0.0205 0.3446 0.0112 0.1103 0.0156 0.0636
243      243   (0)     10  : 0.3167 0.0476 0.0029 0.0024 0.0461 0.0000 0.3173 0.0000 0.1289 0.0000 0.1382
244      244   (0)     10  : 0.0122 0.0000 0.2088 0.2321 0.3339 0.0000 0.0000 0.0000 0.0000 0.0000 0.2131
245      245   (0)     10  : 0.0480 0.0000 0.0085 0.0289 0.5795 0.0000 0.0120 0.0000 0.2833 0.0000 0.0397
246      246   (0)     10  : 0.0000 0.0000 0.0000 0.0000 0.4944 0.0006 0.0000 0.4861 0.0190 0.0000 0.0000
247      247   (0)     10  : 0.3572 0.0000 0.0354 0.0000 0.0856 0.0104 0.0076 0.0003 0.5034 0.0000 0.0000
248      248   (0)     10  : 0.0031 0.0195 0.0000 0.0000 0.1454 0.0000 0.0575 0.5750 0.1905 0.0000 0.0090
249      249   (0)     10  : 0.3292 0.0215 0.2430 0.0000 0.0029 0.0041 0.1480 0.0592 0.0701 0.0000 0.1221
250      250   (0)     10  : 0.0119 0.0112 0.1575 0.1558 0.0194 0.0098 0.0558 0.1298 0.3692 0.0148 0.0648
251      251   (0)     10  : 0.0112 0.0000 0.4904 0.0000 0.3140 0.0013 0.0000 0.0000 0.0598 0.0002 0.1231
252      252   (0)     10  : 0.1208 0.0000 0.0000 0.1168 0.0338 0.0000 0.0636 0.1897 0.4266 0.0018 0.0468
253      253   (0)     10  : 0.1070 0.0000 0.0021 0.0000 0.6192 0.0000 0.0867 0.0000 0.1351 0.0000 0.0499
254      254   (0)     10  : 0.3649 0.0000 0.0626 0.3474 0.1124 0.0006 0.0024 0.0000 0.0596 0.0000 0.0501
255      255   (0)     10  : 0.0015 0.0000 0.2123 0.0000 0.2308 0.0093 0.0596 0.0000 0.1854 0.2057 0.0955
256      256   (0)     10  : 0.0000 0.0030 0.2765 0.0000 0.5471 0.0148 0.0392 0.0227 0.0247 0.0000 0.0720
257      257   (0)     10  : 0.0048 0.0333 0.0176 0.2216 0.0036 0.0095 0.0000 0.0028 0.6381 0.0173 0.0514
258      258   (0)     10  : 0.0200 0.0000 0.0616 0.0000 0.6192 0.0000 0.0000 0.0213 0.2388 0.0000 0.0391
259      259   (0)     10  : 0.0144 0.0000 0.0423 0.2108 0.2233 0.0000 0.0000 0.0894 0.3940 0.0000 0.0257
260      260   (0)     10  : 0.5204 0.0191 0.0013 0.0000 0.2899 0.0000 0.0765 0.0084 0.0497 0.0000 0.0348
261      261   (0)     10  : 0.0000 0.0000 0.0190 0.5691 0.3233 0.0000 0.0280 0.0000 0.0076 0.0034 0.0495
262      262   (0)     10  : 0.0162 0.0000 0.0228 0.0000 0.4862 0.0000 0.1820 0.0000 0.2802 0.0000 0.0125
263      263   (0)     10  : 0.0608 0.0000 0.1612 0.0000 0.1147 0.2167 0.1458 0.0095 0.1232 0.0364 0.1316
264      264   (0)     11  : 0.0000 0.0000 0.0000 0.0000 0.0843 0.0000 0.0500 0.7538 0.0000 0.0589 0.0529
265      265   (0)     11  : 0.1977 0.0110 0.0000 0.0000 0.1646 0.0000 0.3208 0.1364 0.0000 0.0573 0.1122
266      266   (0)     11  : 0.0000 0.0000 0.0000 0.0000 0.0000 0.0000 0.0667 0.8270 0.0000 0.0309 0.0754
267      267   (0)     11  : 0.0000 0.0000 0.0000 0.3910 0.0037 0.0000 0.0332 0.4850 0.0000 0.0219 0.0652
268      268   (0)     11  : 0.0000 0.0000 0.0000 0.0349 0.2377 0.0000 0.0522 0.2715 0.0000 0.2579 0.1457
269      269   (0)     11  : 0.0000 0.0000 0.0000 0.0000 0.0962 0.0000 0.0503 0.7614 0.0000 0.0675 0.0246
270      270   (0)     11  : 0.1657 0.0088 0.0000 0.0000 0.0508 0.0000 0.0977 0.2174 0.0092 0.3990 0.0515
271      271   (0)     11  : 0.0000 0.0000 0.0000 0.0875 0.2993 0.0000 0.0354 0.2487 0.0000 0.1266 0.2024
272      272   (0)     11  : 0.0000 0.0000 0.0000 0.0113 0.3830 0.0000 0.0465 0.1592 0.0000 0.2724 0.1277
273      273   (0)     12  : 0.4640 0.1585 0.0000 0.1828 0.0000 0.0005 0.1222 0.0000 0.0000 0.0018 0.0703
274      274   (0)     12  : 0.1053 0.0390 0.0000 0.2358 0.0000 0.0000 0.1583 0.0475 0.2578 0.0287 0.1276
275      275   (0)     12  : 0.5837 0.0000 0.0000 0.3897 0.0000 0.0000 0.0111 0.0000 0.0000 0.0000 0.0156
276      276   (0)     12  : 0.0122 0.0000 0.0000 0.8702 0.0000 0.0000 0.0000 0.0000 0.0000 0.0058 0.1118
277      277   (0)     12  : 0.3586 0.0000 0.0339 0.0000 0.3719 0.0000 0.0965 0.0000 0.0311 0.0000 0.1079
278      278   (0)     12  : 0.3103 0.1039 0.0000 0.3406 0.0000 0.0000 0.0168 0.0000 0.1636 0.0073 0.0576
279      279   (0)     12  : 0.1542 0.0067 0.0000 0.3693 0.0003 0.0000 0.0023 0.0000 0.4508 0.0000 0.0164
280      280   (0)     12  : 0.4906 0.0192 0.0000 0.0000 0.0000 0.0000 0.0058 0.0000 0.4844 0.0000 0.0000
281      281   (0)     12  : 0.3307 0.0000 0.0029 0.4385 0.0000 0.0907 0.0124 0.0000 0.1052 0.0041 0.0155
282      282   (0)     12  : 0.0000 0.0000 0.0000 0.0000 0.0000 1.0000 0.0000 0.0000 0.0000 0.0000 0.0000
283      283   (0)     12  : 0.5386 0.1488 0.0024 0.1777 0.0000 0.0000 0.0998 0.0000 0.0000 0.0000 0.0327
284      284   (0)     12  : 0.0000 0.3030 0.0000 0.3625 0.0046 0.0061 0.0000 0.0051 0.1753 0.0404 0.1030
285      285   (0)     12  : 0.1442 0.0000 0.0000 0.7444 0.0000 0.0000 0.0063 0.0000 0.0020 0.0091 0.0940
286      286   (0)     12  : 0.0088 0.0000 0.0006 0.2137 0.3016 0.0000 0.0000 0.0000 0.0034 0.1392 0.3327
287      287   (0)     12  : 0.6926 0.0097 0.0077 0.1810 0.0013 0.0000 0.0023 0.0000 0.0426 0.0108 0.0519
288      288   (0)     12  : 0.3963 0.0000 0.0000 0.1650 0.3548 0.0000 0.0013 0.0000 0.0000 0.0000 0.0826
289      289   (0)     12  : 0.9735 0.0000 0.0000 0.0177 0.0015 0.0001 0.0000 0.0000 0.0030 0.0042 0.0000
290      290   (0)     12  : 0.0848 0.0000 0.0398 0.0000 0.1857 0.0000 0.0332 0.0044 0.2756 0.1914 0.1852
291      291   (0)     12  : 0.4992 0.1328 0.0000 0.0465 0.1109 0.0000 0.1044 0.0036 0.0460 0.0556 0.0010
292      292   (0)     12  : 0.7013 0.0239 0.0000 0.0000 0.0680 0.0000 0.1876 0.0000 0.0000 0.0000 0.0192
293      293   (0)     12  : 0.5246 0.0000 0.0000 0.2757 0.0578 0.0000 0.0000 0.0000 0.0000 0.0127 0.1292
294      294   (0)     12  : 0.4026 0.0000 0.0319 0.3253 0.1014 0.0000 0.0000 0.0000 0.0000 0.0000 0.1388
295      295   (0)     12  : 0.4222 0.0000 0.0155 0.4862 0.0187 0.0000 0.0207 0.0000 0.0000 0.0000 0.0367
296      296   (0)     12  : 0.6141 0.0000 0.0000 0.0042 0.0154 0.0000 0.0370 0.0000 0.0268 0.2357 0.0667
297      297   (0)     12  : 0.3133 0.0071 0.0000 0.5183 0.0000 0.0000 0.0403 0.0006 0.0000 0.0104 0.1099
298      298   (0)     12  : 0.0178 0.0000 0.0037 0.3453 0.0446 0.0562 0.0000 0.0000 0.4381 0.0048 0.0895
299      299   (0)     12  : 0.2008 0.0066 0.0088 0.1161 0.0017 0.0390 0.0000 0.1087 0.4849 0.0004 0.0331
300      300   (0)     12  : 0.0529 0.0000 0.0000 0.8314 0.0000 0.0000 0.0000 0.0000 0.0300 0.0000 0.0856
