  1        1   (0)      1 :  0.0099 0.0186 0.0000 0.4135 0.5580 0.0000 0.0000 
  2        2   (0)      1 :  0.0112 0.1308 0.3889 0.0291 0.3683 0.0642 0.0076 
  3        3   (0)      1 :  0.0000 0.0415 0.0880 0.2098 0.4570 0.0000 0.2037 
  4        4   (0)      1 :  0.1138 0.1263 0.0394 0.0000 0.6425 0.0782 0.0000 
  5        5   (0)      1 :  0.1431 0.0875 0.2787 0.3596 0.1310 0.0000 0.0000 
  6        6   (0)      2 :  0.0000 0.0371 0.0015 0.0000 0.7016 0.0000 0.2598 
  7        7   (0)      1 :  0.0000 0.0917 0.1672 0.0000 0.7411 0.0000 0.0000 
  8        8   (0)      3 :  0.0095 0.0809 0.0015 0.3263 0.0000 0.4823 0.0994 
  9        9   (0)      4 :  0.7424 0.0000 0.0000 0.0000 0.0002 0.0696 0.1878 
 10       10   (0)      4 :  0.0000 0.1437 0.2645 0.0179 0.0766 0.3618 0.1356 
 11       11   (0)      4 :  0.1038 0.0931 0.0000 0.3744 0.0294 0.3023 0.0970 
 12       12   (0)      4 :  0.9999 0.0000 0.0000 0.0000 0.0001 0.0000 0.0000 
 13       13   (0)      4 :  0.0185 0.1333 0.1559 0.0000 0.1915 0.5008 0.0000 
 14       14   (0)      5 :  0.0000 0.1709 0.1940 0.2224 0.0828 0.2232 0.1067 
 15       15   (0)      4 :  0.0255 0.1449 0.0000 0.3023 0.0020 0.3817 0.1436 
 16       16   (0)      5 :  0.0063 0.2041 0.1982 0.0100 0.1860 0.3952 0.0002 
 17       17   (0)      5 :  0.0000 0.1025 0.2229 0.0000 0.0000 0.5703 0.1043 
 18       18   (0)      5 :  0.0011 0.0232 0.0000 0.1283 0.0000 0.5579 0.2896 
 19       19   (0)      5 :  0.0057 0.1249 0.1314 0.0000 0.0000 0.7380 0.0000 
 20       20   (0)      5 :  0.0275 0.0938 0.0000 0.5171 0.0132 0.3483 0.0000 
 21       21   (0)      5 :  0.0021 0.0220 0.0000 0.3579 0.0000 0.6178 0.0002 
 22       22   (0)      5 :  0.0358 0.2240 0.1145 0.0778 0.0237 0.3316 0.1926 
 23       23   (0)      5 :  0.0491 0.0050 0.0000 0.3476 0.0000 0.5959 0.0024 
 24       24   (0)      5 :  0.0014 0.1396 0.0855 0.0000 0.0060 0.5683 0.1992 
 25       25   (0)      5 :  0.0182 0.0726 0.0000 0.4161 0.0000 0.4931 0.0000 
 26       26   (0)      5 :  0.1190 0.0898 0.0094 0.0000 0.0000 0.7818 0.0000 
 27       27   (0)      5 :  0.0031 0.2258 0.4928 0.0000 0.0000 0.2782 0.0000 
 28       28   (0)      5 :  0.0026 0.2694 0.2069 0.0930 0.0018 0.2881 0.1384 
 29       29   (0)      5 :  0.0383 0.1745 0.0095 0.1882 0.0000 0.5684 0.0210 
 30       30   (0)      5 :  0.0021 0.1770 0.2043 0.4608 0.0000 0.1526 0.0032 
 31       31   (0)      5 :  0.0001 0.1561 0.1084 0.4524 0.0008 0.2823 0.0000 
 32       32   (0)      5 :  0.0001 0.1687 0.3960 0.0432 0.0035 0.3169 0.0715 
 33       33   (0)      5 :  0.0234 0.1645 0.0831 0.0000 0.0000 0.7290 0.0000 
 34       34   (0)      5 :  0.0041 0.2968 0.1588 0.0939 0.0000 0.4465 0.0000 
 35       35   (0)      5 :  0.0710 0.1255 0.0000 0.0975 0.0626 0.6192 0.0242 
 36       36   (0)      5 :  0.3402 0.3059 0.0822 0.0319 0.0015 0.2384 0.0000 
 37       37   (0)      5 :  0.0274 0.2589 0.2723 0.0008 0.0000 0.4406 0.0000 
 38       38   (0)      5 :  0.0305 0.1248 0.0000 0.3774 0.0000 0.4673 0.0000 
 39       39   (0)      5 :  0.0000 0.1311 0.4542 0.0000 0.0000 0.3913 0.0234 
 40       40   (0)      5 :  0.0505 0.2007 0.0000 0.2691 0.0646 0.3158 0.0993 
 41       41   (0)      4 :  0.5298 0.0000 0.0000 0.0000 0.0000 0.4702 0.0000 
 42       42   (0)      4 :  0.0444 0.3403 0.2257 0.0629 0.0000 0.1233 0.2034 
 43       43   (0)      4 :  0.0000 0.0870 0.0000 0.5519 0.0000 0.2375 0.1236 
 44       44   (0)      4 :  0.1448 0.2161 0.3875 0.0000 0.0141 0.2152 0.0223 
 45       45   (0)      5 :  0.0773 0.2499 0.1506 0.2690 0.0587 0.1511 0.0434 
 46       46   (0)      4 :  0.0000 0.0000 0.0000 0.4104 0.0000 0.3597 0.2299 
 47       47   (0)      4 :  0.0000 0.2047 0.1061 0.0197 0.2709 0.3745 0.0240 
 48       48   (0)      4 :  0.1736 0.1445 0.1091 0.0000 0.1170 0.4484 0.0074 
 49       49   (0)      4 :  0.2112 0.1703 0.0629 0.0034 0.0139 0.5382 0.0001 
 50       50   (0)      5 :  0.0728 0.3389 0.1823 0.1178 0.1088 0.1783 0.0011 
 51       51   (0)      4 :  0.0081 0.3057 0.3035 0.1573 0.0332 0.1526 0.0396 
 52       52   (0)      5 :  0.0097 0.2489 0.0284 0.2116 0.0734 0.2343 0.1935 
 53       53   (0)      6 :  0.0532 0.0382 0.0000 0.0000 0.9049 0.0037 0.0000 
 54       54   (0)      6 :  0.0000 0.0714 0.1053 0.3416 0.1581 0.3236 0.0000 
 55       55   (0)      6 :  0.9944 0.0000 0.0000 0.0000 0.0056 0.0000 0.0000 
 56       56   (0)      6 :  0.0000 0.0000 0.0000 0.3303 0.6697 0.0000 0.0000 
 57       57   (0)      6 :  0.0000 0.0968 0.0610 0.3797 0.4121 0.0504 0.0000 
 58       58   (0)      6 :  0.0000 0.1787 0.1414 0.3942 0.1709 0.0846 0.0301 
 59       59   (0)      6 :  0.0433 0.0472 0.0000 0.7189 0.1022 0.0876 0.0009 
 60       60   (0)      6 :  0.0001 0.0919 0.0215 0.3950 0.3160 0.1755 0.0000 
 61       61   (0)      7 :  0.0445 0.3227 0.2650 0.0000 0.1043 0.2635 0.0000 
 62       62   (0)      7 :  0.0000 0.3021 0.3436 0.0067 0.0482 0.1277 0.1716 
 63       63   (0)      7 :  0.0342 0.2611 0.1327 0.1344 0.1582 0.2397 0.0398 
 64       64   (0)      7 :  0.0065 0.2302 0.2166 0.0000 0.2675 0.2739 0.0052 
 65       65   (0)      7 :  0.0000 0.1201 0.0022 0.0000 0.1777 0.6974 0.0025 
 66       66   (0)      7 :  0.1345 0.2087 0.0000 0.0426 0.3176 0.2928 0.0038 
 67       67   (0)      7 :  0.0000 0.1856 0.0457 0.0000 0.1661 0.3393 0.2632 
 68       68   (0)      7 :  0.0000 0.2336 0.5148 0.0000 0.0408 0.1299 0.0809 
 69       69   (0)      7 :  0.0048 0.1302 0.0350 0.0849 0.2893 0.4526 0.0031 
 70       70   (0)      7 :  0.0431 0.0902 0.0000 0.0000 0.1845 0.6821 0.0000 
 71       71   (0)      7 :  0.0280 0.2682 0.3895 0.0279 0.1182 0.0881 0.0801 
 72       72   (0)      7 :  0.0006 0.1904 0.3280 0.0000 0.1088 0.3722 0.0000 
 73       73   (0)      7 :  0.0060 0.0531 0.0008 0.0000 0.2347 0.7055 0.0000 
 74       74   (0)      7 :  0.0000 0.0867 0.0000 0.5248 0.1588 0.2297 0.0000 
 75       75   (0)      7 :  0.0247 0.2888 0.2848 0.0002 0.0005 0.4009 0.0000 
 76       76   (0)      7 :  0.0000 0.1910 0.2490 0.2902 0.0448 0.1954 0.0296 
 77       77   (0)      7 :  0.0000 0.1416 0.1982 0.0000 0.1681 0.4223 0.0699 
 78       78   (0)      7 :  0.0673 0.2864 0.1122 0.0000 0.1628 0.3713 0.0000 
 79       79   (0)      7 :  0.0082 0.2647 0.1833 0.2198 0.0910 0.2331 0.0000 
 80       80   (0)      7 :  0.0095 0.1515 0.0000 0.0000 0.3022 0.5367 0.0000 
 81       81   (0)      7 :  0.0495 0.1646 0.0000 0.1496 0.2522 0.3841 0.0000 
 82       82   (0)      7 :  0.0819 0.1130 0.0000 0.0000 0.0885 0.6012 0.1154 
 83       83   (0)      7 :  0.0715 0.1778 0.0000 0.0000 0.1351 0.6010 0.0146 
 84       84   (0)      7 :  0.1135 0.0644 0.0000 0.0000 0.1395 0.6826 0.0000 
 85       85   (0)      6 :  0.0141 0.1261 0.2757 0.0000 0.3875 0.0893 0.1073 
 86       86   (0)      6 :  0.0851 0.1553 0.1121 0.1035 0.3425 0.0860 0.1155 
 87       87   (0)      6 :  0.1130 0.1028 0.0139 0.5725 0.1768 0.0210 0.0000 
 88       88   (0)      6 :  0.0000 0.1480 0.3713 0.0030 0.4590 0.0187 0.0000 
 89       89   (0)      6 :  0.0210 0.0107 0.0000 0.5370 0.4288 0.0024 0.0000 
 90       90   (0)      6 :  0.0817 0.1203 0.1929 0.0898 0.4004 0.1131 0.0018 
 91       91   (0)      6 :  0.0000 0.1135 0.2192 0.2503 0.3792 0.0123 0.0255 
 92       92   (0)      6 :  0.0000 0.0547 0.0000 0.3326 0.5965 0.0161 0.0000 
 93       93   (0)      7 :  0.0029 0.1299 0.0447 0.3313 0.2280 0.2607 0.0026 
 94       94   (0)      7 :  0.9795 0.0000 0.0000 0.0000 0.0205 0.0000 0.0000 
 95       95   (0)      6 :  0.2024 0.0495 0.0293 0.0359 0.5752 0.0000 0.1077 
 96       96   (0)      6 :  0.0000 0.0127 0.0000 0.0000 0.9873 0.0000 0.0000 
 97       97   (0)      6 :  0.0314 0.0196 0.0000 0.0000 0.6581 0.2615 0.0295 
 98       98   (0)      6 :  0.0449 0.0310 0.0000 0.0183 0.5721 0.1389 0.1948 
 99       99   (0)      6 :  0.0000 0.0136 0.0000 0.3612 0.4513 0.0000 0.1739 
100      100   (0)      6 :  0.0000 0.0606 0.1103 0.2392 0.5899 0.0000 0.0000 
101      101   (0)      6 :  0.0239 0.0216 0.0000 0.0000 0.7848 0.0478 0.1219 
102      102   (0)      6 :  0.0000 0.0727 0.0486 0.0021 0.6842 0.0000 0.1925 
103      103   (0)      8 :  0.1046 0.2660 0.0000 0.3263 0.1368 0.1664 0.0000 
104      104   (0)      8 :  0.0064 0.2971 0.1208 0.4233 0.0039 0.1485 0.0000 
105      105   (0)      8 :  0.0678 0.2025 0.0000 0.5760 0.0137 0.1399 0.0000 
106      106   (0)      8 :  0.0248 0.2950 0.3872 0.0237 0.0000 0.2693 0.0000 
107      107   (0)      8 :  0.0883 0.2292 0.2783 0.0000 0.0000 0.4042 0.0000 
108      108   (0)      8 :  0.1151 0.0216 0.0000 0.4031 0.0000 0.4061 0.0541 
109      109   (0)      8 :  0.0318 0.2220 0.0511 0.5343 0.0000 0.1582 0.0027 
110      110   (0)      8 :  0.0496 0.2014 0.0000 0.6204 0.0000 0.1286 0.0000 
111      111   (0)      8 :  0.1261 0.3280 0.2308 0.0829 0.0044 0.1741 0.0537 
112      112   (0)      8 :  0.0014 0.3000 0.1206 0.2841 0.0000 0.1893 0.1046 
113      113   (0)      8 :  0.0241 0.1967 0.2710 0.3602 0.0000 0.1453 0.0026 
114      114   (0)      8 :  0.0426 0.2772 0.0853 0.0395 0.0000 0.2834 0.2719 
115      115   (0)      8 :  1.0000 0.0000 0.0000 0.0000 0.0000 0.0000 0.0000 
116      116   (0)      8 :  0.0000 0.0878 0.0048 0.8753 0.0000 0.0321 0.0000 
117      117   (0)      8 :  0.1492 0.2565 0.2873 0.0049 0.0196 0.2588 0.0237 
118      118   (0)      8 :  0.0408 0.3377 0.3304 0.0128 0.0380 0.1481 0.0923 
119      119   (0)      8 :  0.0055 0.2547 0.5199 0.0072 0.0000 0.1994 0.0132 
120      120   (0)      8 :  0.0565 0.2577 0.4586 0.0000 0.0784 0.1488 0.0000 
121      121   (0)      8 :  0.0632 0.2512 0.2472 0.3244 0.0000 0.1136 0.0004 
122      122   (0)      8 :  0.0286 0.1270 0.0000 0.2867 0.0407 0.4490 0.0680 
123      123   (0)      8 :  0.0012 0.2623 0.3019 0.0613 0.1931 0.1660 0.0142 
124      124   (0)      8 :  1.0000 0.0000 0.0000 0.0000 0.0000 0.0000 0.0000 
125      125   (0)      8 :  0.0439 0.2493 0.2772 0.0274 0.0000 0.1261 0.2761 
126      126   (0)      3 :  0.0713 0.1410 0.0099 0.4408 0.0011 0.3358 0.0000 
127      127   (0)      3 :  0.0000 0.0580 0.0134 0.8670 0.0000 0.0400 0.0217 
128      128   (0)      3 :  0.0370 0.2772 0.3799 0.0619 0.0000 0.2441 0.0000 
129      129   (0)      3 :  0.0001 0.1070 0.2884 0.3464 0.0000 0.2548 0.0034 
130      130   (0)      3 :  0.0345 0.1612 0.0004 0.5945 0.0000 0.2043 0.0051 
131      131   (0)      3 :  0.1136 0.2768 0.3488 0.0000 0.0000 0.2608 0.0000 
132      132   (0)      3 :  0.1388 0.2735 0.2399 0.1165 0.0000 0.2313 0.0000 
133      133   (0)      3 :  0.0000 0.1181 0.1815 0.2174 0.0000 0.4747 0.0083 
134      134   (0)      3 :  0.2022 0.1972 0.1850 0.0385 0.0206 0.3566 0.0000 
135      135   (0)      3 :  0.2420 0.2287 0.0562 0.0000 0.0320 0.4287 0.0124 
136      136   (0)      3 :  0.0739 0.3168 0.2570 0.0550 0.0196 0.2777 0.0000 
137      137   (0)      3 :  0.0885 0.3855 0.2475 0.0892 0.0270 0.1623 0.0000 
138      138   (0)      3 :  0.0053 0.3198 0.2950 0.0017 0.0780 0.3001 0.0000 
139      139   (0)      3 :  0.0692 0.2431 0.3382 0.1441 0.0008 0.1292 0.0754 
140      140   (0)      3 :  0.1621 0.1536 0.0000 0.6054 0.0014 0.0775 0.0000 
141      141   (0)      3 :  0.0269 0.1550 0.4542 0.0032 0.0000 0.3591 0.0016 
142      142   (0)      3 :  0.0000 0.0883 0.2162 0.2334 0.0000 0.4586 0.0035 
143      143   (0)      3 :  0.0256 0.3303 0.3494 0.0001 0.0000 0.2946 0.0000 
144      144   (0)      3 :  0.1492 0.1151 0.0000 0.6481 0.0010 0.0865 0.0000 
145      145   (0)      3 :  0.0011 0.1450 0.2027 0.0965 0.0000 0.4623 0.0924 
146      146   (0)      3 :  0.0069 0.1568 0.4194 0.2387 0.0000 0.1712 0.0070 
147      147   (0)      3 :  0.0970 0.3273 0.2824 0.0038 0.0005 0.2890 0.0000 
148      148   (0)      3 :  0.0429 0.1667 0.2975 0.0000 0.0151 0.4041 0.0737 
149      149   (0)      3 :  0.0117 0.2719 0.4901 0.0021 0.0000 0.2241 0.0000 
150      150   (0)      3 :  0.0024 0.1697 0.2364 0.0000 0.0000 0.4008 0.1907 
151      151   (0)      3 :  0.0635 0.2629 0.3728 0.0000 0.0000 0.2933 0.0076 
152      152   (0)      3 :  0.0740 0.1587 0.0280 0.3925 0.0459 0.2997 0.0012 
153      153   (0)      8 :  0.0015 0.1228 0.0000 0.3136 0.0000 0.3613 0.2008 
154      154   (0)      8 :  0.8438 0.0673 0.0000 0.0000 0.0046 0.0842 0.0000 
155      155   (0)      8 :  0.0094 0.2312 0.3126 0.2942 0.0000 0.1525 0.0000 
156      156   (0)      8 :  0.1078 0.1764 0.2029 0.0000 0.1893 0.1321 0.1916 
157      157   (0)      8 :  0.0599 0.2637 0.1028 0.3344 0.0305 0.1207 0.0879 
158      158   (0)      8 :  0.0925 0.2119 0.0431 0.3187 0.0596 0.2635 0.0107 
159      159   (0)      8 :  0.1479 0.2911 0.0559 0.1957 0.0230 0.1566 0.1299 
160      160   (0)      1 :  0.0011 0.1218 0.5127 0.0008 0.3388 0.0248 0.0000 
161      161   (0)      1 :  0.0000 0.0653 0.2304 0.3111 0.2160 0.0000 0.1772 
162      162   (0)      1 :  0.0003 0.1055 0.6461 0.0000 0.1926 0.0054 0.0502 
163      163   (0)      1 :  0.0141 0.0322 0.1274 0.3961 0.4234 0.0000 0.0068 
164      164   (0)      1 :  0.0000 0.0639 0.6721 0.0389 0.2103 0.0000 0.0148 
165      165   (0)      1 :  0.0274 0.1987 0.1935 0.2677 0.2329 0.0785 0.0013 
166      166   (0)      1 :  0.0000 0.0857 0.5353 0.0260 0.3529 0.0001 0.0000 
167      167   (0)      1 :  0.0000 0.1264 0.7088 0.1019 0.0535 0.0053 0.0040 
168      168   (0)      2 :  0.0000 0.0079 0.1136 0.6605 0.0347 0.0001 0.1833 
169      169   (0)      2 :  0.0029 0.2166 0.5351 0.0000 0.0842 0.1611 0.0000 
170      170   (0)      2 :  0.0187 0.1888 0.5212 0.0722 0.0945 0.1016 0.0030 
171      171   (0)      2 :  0.0000 0.0372 0.0000 0.5118 0.0000 0.2607 0.1903 
172      172   (0)      2 :  0.0405 0.1653 0.6136 0.1679 0.0008 0.0078 0.0041 
173      173   (0)      2 :  0.0206 0.0630 0.0000 0.8133 0.0002 0.0990 0.0040 
174      174   (0)      2 :  0.0004 0.0431 0.3559 0.1743 0.3807 0.0000 0.0456 
175      175   (0)      2 :  0.0001 0.0677 0.0932 0.0620 0.0133 0.1500 0.6137 
176      176   (0)      1 :  0.0040 0.0738 0.3006 0.4458 0.1030 0.0662 0.0066 
177      177   (0)      1 :  0.0000 0.1094 0.2229 0.0000 0.5241 0.0008 0.1427 
178      178   (0)      1 :  0.0968 0.0662 0.0057 0.4583 0.3450 0.0197 0.0084 
179      179   (0)      1 :  0.0000 0.0512 0.1154 0.1854 0.6404 0.0000 0.0075 
180      180   (0)      1 :  0.0000 0.0243 0.0000 0.4249 0.4807 0.0000 0.0701 
181      181   (0)      1 :  0.0000 0.0453 0.0215 0.0000 0.8939 0.0000 0.0394 
182      182   (0)      2 :  0.0000 0.0559 0.0000 0.4827 0.2528 0.0054 0.2033 
183      183   (0)      2 :  0.0271 0.1726 0.5910 0.0016 0.1328 0.0709 0.0040 
184      184   (0)      2 :  0.0000 0.0063 0.0000 0.8078 0.0000 0.0000 0.1859 
185      185   (0)      2 :  0.0004 0.1809 0.7290 0.0022 0.0000 0.0497 0.0377 
186      186   (0)      2 :  0.0000 0.0067 0.0000 0.3411 0.0000 0.0142 0.6380 
187      187   (0)      1 :  0.0000 0.0159 0.0000 0.5618 0.1001 0.0000 0.3222 
188      188   (0)      1 :  0.1243 0.1148 0.3015 0.0000 0.3589 0.0942 0.0063 
189      189   (0)      1 :  0.0415 0.1416 0.0050 0.1176 0.3877 0.0226 0.2841 
190      190   (0)      1 :  0.0000 0.0357 0.3534 0.0000 0.6076 0.0000 0.0033 
191      191   (0)      1 :  0.0000 0.0289 0.0005 0.7423 0.2033 0.0000 0.0250 
192      192   (0)      1 :  0.0000 0.0731 0.2619 0.0000 0.5923 0.0000 0.0727 
193      193   (0)      1 :  0.0000 0.0684 0.2885 0.0029 0.6296 0.0000 0.0106 
194      194   (0)      1 :  0.0745 0.0459 0.0000 0.4530 0.4157 0.0043 0.0065 
195      195   (0)      2 :  0.0000 0.0598 0.2674 0.4301 0.2349 0.0000 0.0079 
196      196   (0)      2 :  0.0062 0.0910 0.0000 0.4980 0.0889 0.1417 0.1742 
197      197   (0)      2 :  0.0485 0.1838 0.4433 0.0000 0.2902 0.0283 0.0058 
198      198   (0)      2 :  0.0000 0.1248 0.3246 0.1362 0.2478 0.1638 0.0027 
199      199   (0)      2 :  0.0127 0.1783 0.6004 0.0000 0.1486 0.0138 0.0462 
200      200   (0)      2 :  0.0000 0.0298 0.0908 0.8377 0.0078 0.0244 0.0096 
201      201   (0)      2 :  0.0000 0.0104 0.1166 0.4857 0.0621 0.0819 0.2434 
202      202   (0)      2 :  0.0000 0.2012 0.5871 0.0000 0.1619 0.0307 0.0191 
203      203   (0)      2 :  0.0000 0.0404 0.6774 0.1452 0.1112 0.0000 0.0258 
204      204   (0)      2 :  0.0000 0.1168 0.6891 0.1351 0.0022 0.0412 0.0156 
205      205   (0)      2 :  0.0000 0.1650 0.6254 0.0350 0.1746 0.0000 0.0000 
206      206   (0)      2 :  0.0319 0.1359 0.4171 0.1501 0.0501 0.2087 0.0063 
207      207   (0)      2 :  0.0018 0.1174 0.3659 0.4042 0.0279 0.0628 0.0200 
208      208   (0)      9 :  0.0301 0.0644 0.3718 0.5150 0.0000 0.0000 0.0186 
209      209   (0)      9 :  0.2000 0.0541 0.0589 0.6588 0.0006 0.0000 0.0276 
210      210   (0)      9 :  0.0504 0.0737 0.5361 0.0000 0.0000 0.0004 0.3394 
211      211   (0)      9 :  0.0766 0.1058 0.0781 0.3368 0.1073 0.0000 0.2954 
212      212   (0)      9 :  0.1344 0.0082 0.0316 0.5327 0.0000 0.0000 0.2931 
213      213   (0)      9 :  0.0176 0.1081 0.6002 0.0000 0.0039 0.0258 0.2444 
214      214   (0)      9 :  0.0395 0.0000 0.2602 0.4564 0.0000 0.0029 0.2410 
215      215   (0)      9 :  0.0000 0.1011 0.6595 0.0000 0.0000 0.0000 0.2394 
216      216   (0)      9 :  0.0000 0.0187 0.0000 0.0000 0.0000 0.0000 0.9813 
217      217   (0)      9 :  0.0587 0.1168 0.7874 0.0000 0.0192 0.0074 0.0104 
218      218   (0)      9 :  0.0346 0.0781 0.0151 0.2339 0.0000 0.2543 0.3839 
219      219   (0)      9 :  0.0000 0.0566 0.8192 0.0000 0.0000 0.0000 0.1242 
220      220   (0)      9 :  0.0085 0.0357 0.1389 0.6057 0.0000 0.0000 0.2112 
221      221   (0)      9 :  0.0000 0.0510 0.6001 0.2528 0.0155 0.0277 0.0530 
222      222   (0)      9 :  0.0053 0.0705 0.4161 0.4446 0.0525 0.0000 0.0110 
223      223   (0)      9 :  0.0043 0.0420 0.0233 0.7872 0.0000 0.0347 0.1085 
224      224   (0)      9 :  0.0230 0.0683 0.7552 0.0000 0.0000 0.0163 0.1373 
225      225   (0)      9 :  0.0015 0.1110 0.8629 0.0000 0.0000 0.0187 0.0059 
226      226   (0)      9 :  0.0148 0.1421 0.5951 0.0111 0.1684 0.0268 0.0416 
227      227   (0)      9 :  0.0013 0.0207 0.4017 0.0000 0.0273 0.0000 0.5491 
228      228   (0)      9 :  0.0000 0.0129 0.6217 0.2738 0.0000 0.0000 0.0916 
229      229   (0)      9 :  0.0008 0.0886 0.8540 0.0000 0.0016 0.0457 0.0093 
230      230   (0)      9 :  0.0000 0.0076 0.7021 0.0000 0.0632 0.0000 0.2271 
231      231   (0)      9 :  0.0121 0.1493 0.6606 0.0000 0.1650 0.0000 0.0129 
232      232   (0)      9 :  0.0000 0.0624 0.4688 0.4310 0.0042 0.0000 0.0335 
233      233   (0)      9 :  0.0000 0.1190 0.3197 0.0323 0.1315 0.0000 0.3974 
234      234   (0)      9 :  0.0000 0.0059 0.8666 0.0169 0.0000 0.0000 0.1106 
235      235   (0)      9 :  0.0000 0.0423 0.4555 0.2754 0.0000 0.0000 0.2268 
236      236   (0)      9 :  0.0760 0.1552 0.5832 0.0423 0.1086 0.0083 0.0263 
237      237   (0)     10 :  0.0683 0.2207 0.2728 0.0356 0.1985 0.0531 0.1511 
238      238   (0)     10 :  0.0000 0.0253 0.6647 0.0118 0.1413 0.0000 0.1570 
239      239   (0)     10 :  0.0000 0.0514 0.9240 0.0000 0.0000 0.0000 0.0246 
240      240   (0)     10 :  0.0000 0.0185 0.0997 0.8455 0.0000 0.0000 0.0363 
241      241   (0)     10 :  0.0417 0.0448 0.0740 0.7293 0.0220 0.0000 0.0882 
242      242   (0)     10 :  0.0336 0.1080 0.6943 0.0076 0.0058 0.0501 0.1007 
243      243   (0)     10 :  0.0000 0.1166 0.8524 0.0000 0.0097 0.0000 0.0212 
244      244   (0)     10 :  0.0000 0.0053 0.0018 0.2981 0.2581 0.0000 0.4367 
245      245   (0)     10 :  0.0000 0.1003 0.2458 0.1399 0.1136 0.0000 0.4003 
246      246   (0)     10 :  0.1171 0.2509 0.0092 0.0000 0.0427 0.1386 0.4416 
247      247   (0)     10 :  0.0368 0.1464 0.5595 0.0000 0.1207 0.0000 0.1365 
248      248   (0)     10 :  0.0699 0.2997 0.3639 0.0000 0.0178 0.1854 0.0633 
249      249   (0)     10 :  0.0192 0.0623 0.5568 0.0000 0.3157 0.0105 0.0356 
250      250   (0)     10 :  0.0080 0.1342 0.1886 0.2275 0.3012 0.1404 0.0000 
251      251   (0)     10 :  0.0000 0.0367 0.0031 0.0000 0.6749 0.0000 0.2853 
252      252   (0)     10 :  0.0157 0.1752 0.3550 0.2036 0.0246 0.1433 0.0826 
253      253   (0)     10 :  0.0000 0.1062 0.4851 0.0000 0.0184 0.0000 0.3903 
254      254   (0)     10 :  0.0007 0.0375 0.3430 0.3714 0.1190 0.0000 0.1284 
255      255   (0)     10 :  0.0094 0.0626 0.0001 0.0000 0.4251 0.1990 0.3037 
256      256   (0)     10 :  0.0238 0.1087 0.0372 0.0000 0.4340 0.0043 0.3919 
257      257   (0)     10 :  0.0741 0.1114 0.0212 0.6306 0.1360 0.0150 0.0117 
258      258   (0)     10 :  0.0000 0.1784 0.1356 0.0000 0.3231 0.0170 0.3460 
259      259   (0)     10 :  0.0208 0.1100 0.0234 0.4682 0.1729 0.0419 0.1628 
260      260   (0)     10 :  0.0034 0.0537 0.6797 0.0000 0.0050 0.0000 0.2583 
261      261   (0)     10 :  0.0006 0.0213 0.0020 0.6421 0.0334 0.0000 0.3005 
262      262   (0)     10 :  0.0000 0.1970 0.3186 0.0000 0.1942 0.0093 0.2808 
263      263   (0)     10 :  0.2110 0.0717 0.1570 0.0000 0.3379 0.0397 0.1828 
264      264   (0)     11 :  0.0414 0.1620 0.0000 0.0000 0.0000 0.4359 0.3607 
265      265   (0)     11 :  0.0000 0.0473 0.3103 0.0000 0.0000 0.0213 0.6211 
266      266   (0)     11 :  0.0172 0.1761 0.0000 0.0000 0.0000 0.5981 0.2086 
267      267   (0)     11 :  0.0097 0.1167 0.0240 0.3686 0.0000 0.3396 0.1414 
268      268   (0)     11 :  0.0000 0.0080 0.0000 0.0002 0.0000 0.3783 0.6135 
269      269   (0)     11 :  0.0648 0.1394 0.0000 0.0000 0.0000 0.3356 0.4601 
270      270   (0)     11 :  0.0000 0.0204 0.1425 0.0000 0.0000 0.5387 0.2984 
271      271   (0)     11 :  0.0000 0.0000 0.0000 0.0027 0.0000 0.1391 0.8582 
272      272   (0)     11 :  0.0000 0.0055 0.0000 0.0000 0.0000 0.3208 0.6737 
273      273   (0)     12 :  0.0045 0.1121 0.6407 0.2177 0.0000 0.0142 0.0107 
274      274   (0)     12 :  0.0000 0.0776 0.1995 0.6331 0.0000 0.0456 0.0442 
275      275   (0)     12 :  0.0000 0.0117 0.5342 0.4354 0.0000 0.0000 0.0187 
276      276   (0)     12 :  0.0000 0.0000 0.0027 0.9611 0.0000 0.0000 0.0362 
277      277   (0)     12 :  0.0000 0.0279 0.5394 0.0000 0.0947 0.0000 0.3379 
278      278   (0)     12 :  0.0000 0.0816 0.3307 0.5200 0.0000 0.0180 0.0497 
279      279   (0)     12 :  0.0000 0.0641 0.1108 0.8149 0.0000 0.0000 0.0102 
280      280   (0)     12 :  0.0550 0.1288 0.7692 0.0000 0.0395 0.0076 0.0000 
281      281   (0)     12 :  0.1042 0.0227 0.3309 0.4607 0.0141 0.0000 0.0674 
282      282   (0)     12 :  1.0000 0.0000 0.0000 0.0000 0.0000 0.0000 0.0000 
283      283   (0)     12 :  0.0002 0.1333 0.6468 0.1790 0.0003 0.0227 0.0177 
284      284   (0)     12 :  0.0578 0.0942 0.0000 0.7147 0.0000 0.1220 0.0113 
285      285   (0)     12 :  0.0000 0.0129 0.1035 0.8513 0.0000 0.0000 0.0324 
286      286   (0)     12 :  0.0000 0.0000 0.0000 0.2771 0.0000 0.0065 0.7164 
287      287   (0)     12 :  0.0012 0.0166 0.5946 0.2599 0.0335 0.0002 0.0940 
288      288   (0)     12 :  0.0000 0.0099 0.4159 0.2292 0.0000 0.0000 0.3451 
289      289   (0)     12 :  0.0003 0.0508 0.7868 0.0262 0.0011 0.0000 0.1347 
290      290   (0)     12 :  0.0000 0.0950 0.0466 0.0449 0.1885 0.1153 0.5096 
291      291   (0)     12 :  0.0077 0.1028 0.5658 0.0542 0.0000 0.1140 0.1554 
292      292   (0)     12 :  0.0000 0.0871 0.7453 0.0000 0.0000 0.0000 0.1676 
293      293   (0)     12 :  0.0000 0.0000 0.3184 0.3922 0.0000 0.0000 0.2895 
294      294   (0)     12 :  0.0000 0.0102 0.2992 0.4049 0.0749 0.0000 0.2109 
295      295   (0)     12 :  0.0000 0.0100 0.4093 0.4610 0.0027 0.0000 0.1169 
296      296   (0)     12 :  0.0000 0.0657 0.5129 0.0011 0.0000 0.1059 0.3144 
297      297   (0)     12 :  0.0000 0.0042 0.3023 0.6147 0.0000 0.0002 0.0786 
298      298   (0)     12 :  0.1138 0.0405 0.0023 0.7028 0.0454 0.0000 0.0953 
299      299   (0)     12 :  0.1565 0.1357 0.2970 0.2658 0.1014 0.0328 0.0108 
300      300   (0)     12 :  0.0000 0.0037 0.0134 0.9543 0.0000 0.0000 0.0286 
