1        1   (0)      1  : 0.0000 0.0000 0.5587 0.4182 0.0000 0.0231 0.0000
2        2   (0)      1  : 0.4400 0.0389 0.3872 0.0351 0.0067 0.0000 0.0921
3        3   (0)      1  : 0.0820 0.0000 0.4961 0.2200 0.2019 0.0000 0.0000
4        4   (0)      1  : 0.0178 0.0000 0.6764 0.0000 0.0000 0.0685 0.2373
5        5   (0)      1  : 0.3274 0.0000 0.1223 0.3724 0.0000 0.1594 0.0186
6        6   (0)      2  : 0.0000 0.0000 0.7409 0.0000 0.2591 0.0000 0.0000
7        7   (0)      1  : 0.1794 0.0000 0.8206 0.0000 0.0000 0.0000 0.0000
8        8   (0)      3  : 0.0000 0.6047 0.0000 0.3114 0.0839 0.0000 0.0000
9        9   (0)      4  : 0.0000 0.1225 0.0000 0.0000 0.1599 0.7177 0.0000
10       10   (0)      4  : 0.3111 0.4609 0.0993 0.0133 0.1155 0.0000 0.0000
11       11   (0)      4  : 0.0000 0.1901 0.0064 0.3595 0.0998 0.0559 0.2883
12       12   (0)      4  : 0.0000 0.0000 0.0000 0.0000 0.0000 1.0000 0.0000
13       13   (0)      4  : 0.1883 0.5893 0.1940 0.0000 0.0000 0.0285 0.0000
14       14   (0)      5  : 0.2750 0.2864 0.0896 0.2333 0.0883 0.0000 0.0274
15       15   (0)      4  : 0.0000 0.4741 0.0000 0.3374 0.1369 0.0332 0.0184
16       16   (0)      5  : 0.2925 0.4936 0.1991 0.0028 0.0000 0.0000 0.0121
17       17   (0)      5  : 0.2542 0.6669 0.0000 0.0000 0.0789 0.0000 0.0000
18       18   (0)      5  : 0.0000 0.6318 0.0000 0.0835 0.2848 0.0000 0.0000
19       19   (0)      5  : 0.1199 0.8801 0.0000 0.0000 0.0000 0.0000 0.0000
20       20   (0)      5  : 0.0000 0.2830 0.0029 0.4980 0.0000 0.0000 0.2161
21       21   (0)      5  : 0.0000 0.6975 0.0000 0.3025 0.0000 0.0000 0.0000
22       22   (0)      5  : 0.1683 0.2437 0.0032 0.0791 0.1966 0.0000 0.3091
23       23   (0)      5  : 0.0000 0.5933 0.0000 0.3148 0.0000 0.0790 0.0130
24       24   (0)      5  : 0.1165 0.6946 0.0075 0.0000 0.1814 0.0000 0.0000
25       25   (0)      5  : 0.0000 0.4563 0.0000 0.3814 0.0000 0.0000 0.1622
26       26   (0)      5  : 0.0000 0.7975 0.0000 0.0000 0.0000 0.1218 0.0808
27       27   (0)      5  : 0.6100 0.3796 0.0000 0.0000 0.0000 0.0000 0.0104
28       28   (0)      5  : 0.3048 0.4259 0.0000 0.1274 0.1133 0.0000 0.0286
29       29   (0)      5  : 0.0000 0.3636 0.0000 0.1427 0.0373 0.0000 0.4563
30       30   (0)      5  : 0.2747 0.2487 0.0000 0.4619 0.0000 0.0000 0.0147
31       31   (0)      5  : 0.1571 0.3629 0.0000 0.4661 0.0000 0.0000 0.0139
32       32   (0)      5  : 0.4743 0.4151 0.0003 0.0307 0.0779 0.0000 0.0016
33       33   (0)      5  : 0.0909 0.8949 0.0000 0.0000 0.0000 0.0142 0.0000
34       34   (0)      5  : 0.2452 0.5415 0.0000 0.0999 0.0000 0.0003 0.1132
35       35   (0)      5  : 0.0000 0.5935 0.0544 0.0824 0.0188 0.0719 0.1789
36       36   (0)      5  : 0.1445 0.1910 0.0000 0.0473 0.0000 0.3066 0.3106
37       37   (0)      5  : 0.3444 0.3844 0.0000 0.0000 0.0000 0.0000 0.2712
38       38   (0)      5  : 0.0000 0.3865 0.0000 0.3581 0.0000 0.0000 0.2554
39       39   (0)      5  : 0.4952 0.5048 0.0000 0.0000 0.0000 0.0000 0.0000
40       40   (0)      5  : 0.0000 0.2216 0.0537 0.2606 0.1027 0.0110 0.3504
41       41   (0)      4  : 0.0000 0.5145 0.0000 0.0000 0.0000 0.4855 0.0000
42       42   (0)      4  : 0.3403 0.0191 0.0000 0.0905 0.1853 0.0111 0.3537
43       43   (0)      4  : 0.0000 0.3019 0.0000 0.5781 0.1201 0.0000 0.0000
44       44   (0)      4  : 0.4936 0.3256 0.0242 0.0000 0.0113 0.1409 0.0044
45       45   (0)      5  : 0.2307 0.0602 0.0127 0.3036 0.0308 0.0422 0.3197
46       46   (0)      4  : 0.0000 0.4124 0.0000 0.3655 0.2221 0.0000 0.0000
47       47   (0)      4  : 0.1643 0.3399 0.2483 0.0320 0.0045 0.0000 0.2110
48       48   (0)      4  : 0.1403 0.5342 0.1419 0.0000 0.0000 0.1811 0.0026
49       49   (0)      4  : 0.0937 0.6644 0.0271 0.0019 0.0000 0.2069 0.0060
50       50   (0)      5  : 0.2666 0.0000 0.0232 0.1188 0.0036 0.0043 0.5835
51       51   (0)      4  : 0.4372 0.2692 0.0374 0.2141 0.0000 0.0099 0.0322
52       52   (0)      5  : 0.0395 0.3323 0.0983 0.2654 0.1740 0.0000 0.0904
53       53   (0)      6  : 0.0000 0.0000 0.9406 0.0000 0.0000 0.0594 0.0000
54       54   (0)      6  : 0.1362 0.3550 0.1595 0.3260 0.0000 0.0000 0.0234
55       55   (0)      6  : 0.0000 0.0000 0.0000 0.0000 0.0000 1.0000 0.0000
56       56   (0)      6  : 0.0000 0.0000 0.6804 0.3196 0.0000 0.0000 0.0000
57       57   (0)      6  : 0.0858 0.0892 0.4297 0.3953 0.0000 0.0000 0.0000
58       58   (0)      6  : 0.1986 0.1766 0.1987 0.4251 0.0010 0.0000 0.0000
59       59   (0)      6  : 0.0000 0.1207 0.1261 0.6985 0.0000 0.0421 0.0125
60       60   (0)      6  : 0.0094 0.2429 0.3453 0.4024 0.0000 0.0000 0.0000
61       61   (0)      7  : 0.4032 0.2740 0.1025 0.0000 0.0000 0.0281 0.1923
62       62   (0)      7  : 0.5170 0.2348 0.0734 0.0048 0.1542 0.0000 0.0158
63       63   (0)      7  : 0.1894 0.1711 0.1613 0.1620 0.0199 0.0002 0.2961
64       64   (0)      7  : 0.3197 0.1275 0.2027 0.0000 0.0034 0.0056 0.3411
65       65   (0)      7  : 0.0000 0.5327 0.1400 0.0000 0.0000 0.0000 0.3273
66       66   (0)      7  : 0.0000 0.0588 0.2503 0.0460 0.0046 0.0939 0.5464
67       67   (0)      7  : 0.0730 0.3661 0.1884 0.0000 0.2546 0.0000 0.1178
68       68   (0)      7  : 0.6582 0.2278 0.0574 0.0000 0.0566 0.0000 0.0000
69       69   (0)      7  : 0.0448 0.5111 0.3223 0.0900 0.0000 0.0096 0.0223
70       70   (0)      7  : 0.0000 0.5664 0.1307 0.0000 0.0000 0.0515 0.2514
71       71   (0)      7  : 0.4968 0.0000 0.1065 0.0489 0.0789 0.0000 0.2689
72       72   (0)      7  : 0.4149 0.4222 0.1100 0.0000 0.0000 0.0000 0.0530
73       73   (0)      7  : 0.0000 0.6484 0.2024 0.0000 0.0000 0.0050 0.1441
74       74   (0)      7  : 0.0000 0.2439 0.1799 0.5331 0.0000 0.0000 0.0431
75       75   (0)      7  : 0.3875 0.3598 0.0000 0.0000 0.0000 0.0066 0.2461
76       76   (0)      7  : 0.3320 0.3069 0.0589 0.3022 0.0000 0.0000 0.0000
77       77   (0)      7  : 0.2349 0.5196 0.1953 0.0000 0.0502 0.0000 0.0000
78       78   (0)      7  : 0.1569 0.0921 0.0969 0.0000 0.0000 0.0000 0.6541
79       79   (0)      7  : 0.2795 0.2685 0.0829 0.2382 0.0000 0.0003 0.1307
80       80   (0)      7  : 0.0000 0.3150 0.2042 0.0000 0.0000 0.0035 0.4774
81       81   (0)      7  : 0.0000 0.1683 0.1728 0.1538 0.0000 0.0047 0.5004
82       82   (0)      7  : 0.0000 0.5083 0.0278 0.0000 0.1142 0.0563 0.2934
83       83   (0)      7  : 0.0000 0.3310 0.0500 0.0000 0.0130 0.0132 0.5928
84       84   (0)      7  : 0.0000 0.5904 0.0901 0.0000 0.0000 0.1048 0.2147
85       85   (0)      6  : 0.3635 0.1460 0.4009 0.0000 0.0757 0.0139 0.0000
86       86   (0)      6  : 0.1732 0.1546 0.3731 0.1258 0.0763 0.0721 0.0248
87       87   (0)      6  : 0.0144 0.0523 0.1864 0.6164 0.0000 0.1305 0.0000
88       88   (0)      6  : 0.4804 0.0511 0.4685 0.0000 0.0000 0.0000 0.0000
89       89   (0)      6  : 0.0000 0.0000 0.4240 0.5392 0.0000 0.0368 0.0000
90       90   (0)      6  : 0.2520 0.1447 0.4005 0.0876 0.0000 0.0769 0.0383
91       91   (0)      6  : 0.2974 0.0377 0.3904 0.2619 0.0060 0.0000 0.0067
92       92   (0)      6  : 0.0000 0.0000 0.5658 0.3294 0.0000 0.0000 0.1048
93       93   (0)      7  : 0.0663 0.3334 0.2563 0.3439 0.0000 0.0000 0.0000
94       94   (0)      7  : 0.0000 0.0000 0.0000 0.0000 0.0000 1.0000 0.0000
95       95   (0)      6  : 0.0429 0.0000 0.5876 0.0493 0.0987 0.2215 0.0000
96       96   (0)      6  : 0.0000 0.0000 1.0000 0.0000 0.0000 0.0000 0.0000
97       97   (0)      6  : 0.0000 0.2876 0.6708 0.0000 0.0157 0.0259 0.0000
98       98   (0)      6  : 0.0000 0.1705 0.5840 0.0083 0.1867 0.0431 0.0074
99       99   (0)      6  : 0.0000 0.0000 0.4709 0.3715 0.1576 0.0000 0.0000
100      100   (0)      6  : 0.1474 0.0000 0.6114 0.2411 0.0000 0.0000 0.0000
101      101   (0)      6  : 0.0000 0.0731 0.8170 0.0000 0.0904 0.0195 0.0000
102      102   (0)      6  : 0.0812 0.0000 0.7325 0.0000 0.1863 0.0000 0.0000
103      103   (0)      8  : 0.0000 0.0000 0.0531 0.3583 0.0000 0.0347 0.5538
104      104   (0)      8  : 0.2115 0.2114 0.0004 0.4473 0.0000 0.0000 0.1295
105      105   (0)      8  : 0.0000 0.0000 0.0000 0.5655 0.0000 0.0000 0.4345
106      106   (0)      8  : 0.5168 0.4274 0.0000 0.0299 0.0000 0.0046 0.0212
107      107   (0)      8  : 0.3759 0.5166 0.0000 0.0000 0.0000 0.0881 0.0193
108      108   (0)      8  : 0.0000 0.4152 0.0000 0.3653 0.0741 0.1166 0.0287
109      109   (0)      8  : 0.0698 0.1179 0.0000 0.5652 0.0030 0.0000 0.2441
110      110   (0)      8  : 0.0000 0.1904 0.0000 0.6691 0.0000 0.0348 0.1058
111      111   (0)      8  : 0.3289 0.0845 0.0000 0.0893 0.0429 0.0674 0.3870
112      112   (0)      8  : 0.1865 0.2760 0.0000 0.3320 0.0927 0.0000 0.1129
113      113   (0)      8  : 0.3250 0.0865 0.0000 0.3796 0.0000 0.0000 0.2089
114      114   (0)      8  : 0.1402 0.4504 0.0000 0.0453 0.2734 0.0299 0.0608
115      115   (0)      8  : 0.0000 0.0000 0.0000 0.0000 0.0000 1.0000 0.0000
116      116   (0)      8  : 0.0000 0.0785 0.0000 0.9127 0.0000 0.0000 0.0088
117      117   (0)      8  : 0.3539 0.2130 0.0069 0.0140 0.0235 0.1149 0.2738
118      118   (0)      8  : 0.4823 0.2350 0.0502 0.0141 0.0815 0.0265 0.1104
119      119   (0)      8  : 0.6486 0.3181 0.0000 0.0130 0.0000 0.0000 0.0202
120      120   (0)      8  : 0.5777 0.2379 0.0823 0.0000 0.0000 0.0487 0.0533
121      121   (0)      8  : 0.3519 0.2074 0.0000 0.3380 0.0000 0.0598 0.0430
122      122   (0)      8  : 0.0000 0.4705 0.0501 0.2562 0.0930 0.0294 0.1008
123      123   (0)      8  : 0.4031 0.2083 0.1903 0.0809 0.0000 0.0000 0.1175
124      124   (0)      8  : 0.0000 0.0000 0.0000 0.0000 0.0000 1.0000 0.0000
125      125   (0)      8  : 0.4049 0.2170 0.0000 0.0391 0.2445 0.0433 0.0513
126      126   (0)      3  : 0.0000 0.2636 0.0000 0.4507 0.0000 0.0391 0.2466
127      127   (0)      3  : 0.0207 0.0884 0.0000 0.8826 0.0083 0.0000 0.0000
128      128   (0)      3  : 0.4894 0.2893 0.0000 0.0663 0.0000 0.0346 0.1203
129      129   (0)      3  : 0.3311 0.2732 0.0000 0.3401 0.0000 0.0000 0.0556
130      130   (0)      3  : 0.0000 0.3191 0.0000 0.6189 0.0000 0.0208 0.0412
131      131   (0)      3  : 0.4431 0.3797 0.0000 0.0000 0.0000 0.1220 0.0552
132      132   (0)      3  : 0.3338 0.3598 0.0000 0.1300 0.0000 0.1324 0.0440
133      133   (0)      3  : 0.1990 0.4739 0.0000 0.2098 0.0067 0.0000 0.1106
134      134   (0)      3  : 0.2558 0.4297 0.0096 0.0438 0.0000 0.2148 0.0463
135      135   (0)      3  : 0.1128 0.4030 0.0077 0.0000 0.0136 0.2362 0.2268
136      136   (0)      3  : 0.3445 0.2000 0.0025 0.0759 0.0000 0.0342 0.3429
137      137   (0)      3  : 0.3729 0.1151 0.0014 0.1228 0.0000 0.0563 0.3316
138      138   (0)      3  : 0.4133 0.3378 0.0632 0.0004 0.0000 0.0000 0.1853
139      139   (0)      3  : 0.4444 0.2251 0.0000 0.1623 0.0487 0.0672 0.0523
140      140   (0)      3  : 0.0000 0.1163 0.0000 0.6377 0.0000 0.1667 0.0792
141      141   (0)      3  : 0.5071 0.4038 0.0000 0.0047 0.0000 0.0494 0.0350
142      142   (0)      3  : 0.2493 0.5364 0.0000 0.2144 0.0000 0.0000 0.0000
143      143   (0)      3  : 0.4784 0.3684 0.0000 0.0000 0.0000 0.0201 0.1331
144      144   (0)      3  : 0.0000 0.1260 0.0000 0.6600 0.0000 0.1643 0.0497
145      145   (0)      3  : 0.2627 0.5791 0.0000 0.1016 0.0566 0.0000 0.0000
146      146   (0)      3  : 0.4617 0.2870 0.0000 0.2513 0.0000 0.0000 0.0000
147      147   (0)      3  : 0.3827 0.2333 0.0000 0.0064 0.0000 0.0403 0.3373
148      148   (0)      3  : 0.3601 0.4989 0.0370 0.0000 0.0502 0.0471 0.0067
149      149   (0)      3  : 0.6198 0.2980 0.0000 0.0000 0.0000 0.0055 0.0767
150      150   (0)      3  : 0.2903 0.4657 0.0000 0.0000 0.1919 0.0000 0.0521
151      151   (0)      3  : 0.4994 0.4124 0.0000 0.0000 0.0000 0.0650 0.0232
152      152   (0)      3  : 0.0360 0.3077 0.0513 0.4059 0.0000 0.0758 0.1233
153      153   (0)      8  : 0.0000 0.4627 0.0000 0.3208 0.1892 0.0000 0.0274
154      154   (0)      8  : 0.0000 0.0000 0.0000 0.0000 0.0000 0.7756 0.2244
155      155   (0)      8  : 0.3936 0.1860 0.0000 0.3031 0.0000 0.0000 0.1172
156      156   (0)      8  : 0.2960 0.2410 0.2127 0.0000 0.1484 0.0957 0.0062
157      157   (0)      8  : 0.1648 0.1953 0.0455 0.3650 0.0732 0.0498 0.1063
158      158   (0)      8  : 0.0581 0.3285 0.0815 0.3443 0.0000 0.0925 0.0952
159      159   (0)      8  : 0.1008 0.2077 0.0329 0.2327 0.1194 0.1371 0.1694
160      160   (0)      1  : 0.5836 0.0497 0.3592 0.0013 0.0000 0.0000 0.0062
161      161   (0)      1  : 0.2641 0.0000 0.2374 0.3161 0.1823 0.0000 0.0000
162      162   (0)      1  : 0.7079 0.0121 0.2183 0.0000 0.0617 0.0000 0.0000
163      163   (0)      1  : 0.1236 0.0000 0.4444 0.4069 0.0000 0.0251 0.0000
164      164   (0)      1  : 0.7222 0.0000 0.2237 0.0395 0.0147 0.0000 0.0000
165      165   (0)      1  : 0.2607 0.0379 0.2100 0.2815 0.0000 0.0324 0.1775
166      166   (0)      1  : 0.5995 0.0000 0.3691 0.0315 0.0000 0.0000 0.0000
167      167   (0)      1  : 0.8071 0.0177 0.0656 0.1096 0.0000 0.0000 0.0000
168      168   (0)      2  : 0.1068 0.0000 0.0430 0.6684 0.1817 0.0000 0.0000
169      169   (0)      2  : 0.6422 0.1840 0.0777 0.0000 0.0000 0.0000 0.0962
170      170   (0)      2  : 0.5959 0.1780 0.1099 0.0834 0.0000 0.0132 0.0194
171      171   (0)      2  : 0.0000 0.3095 0.0000 0.4939 0.1896 0.0000 0.0070
172      172   (0)      2  : 0.7284 0.0225 0.0000 0.1905 0.0000 0.0533 0.0054
173      173   (0)      2  : 0.0000 0.1315 0.0001 0.8202 0.0000 0.0201 0.0281
174      174   (0)      2  : 0.3738 0.0000 0.4004 0.1708 0.0536 0.0012 0.0002
175      175   (0)      2  : 0.0897 0.2448 0.0423 0.0969 0.5263 0.0000 0.0000
176      176   (0)      1  : 0.3296 0.0925 0.1144 0.4564 0.0000 0.0049 0.0022
177      177   (0)      1  : 0.2842 0.0025 0.5727 0.0000 0.1402 0.0000 0.0004
178      178   (0)      1  : 0.0000 0.0281 0.3700 0.4795 0.0000 0.1225 0.0000
179      179   (0)      1  : 0.1067 0.0000 0.6908 0.2025 0.0000 0.0000 0.0000
180      180   (0)      1  : 0.0000 0.0000 0.5131 0.4271 0.0598 0.0000 0.0000
181      181   (0)      1  : 0.0000 0.0000 0.9666 0.0000 0.0334 0.0000 0.0000
182      182   (0)      2  : 0.0000 0.0178 0.2859 0.5115 0.1841 0.0000 0.0006
183      183   (0)      2  : 0.6859 0.1370 0.1505 0.0000 0.0000 0.0267 0.0000
184      184   (0)      2  : 0.0000 0.0000 0.0000 0.8050 0.1950 0.0000 0.0000
185      185   (0)      2  : 0.8549 0.1009 0.0000 0.0017 0.0425 0.0000 0.0000
186      186   (0)      2  : 0.0000 0.0122 0.0000 0.3670 0.6208 0.0000 0.0000
187      187   (0)      1  : 0.0000 0.0000 0.1148 0.5620 0.3232 0.0000 0.0000
188      188   (0)      1  : 0.3419 0.1366 0.3833 0.0000 0.0000 0.1298 0.0084
189      189   (0)      1  : 0.0000 0.0243 0.4393 0.1338 0.2926 0.0438 0.0663
190      190   (0)      1  : 0.3585 0.0000 0.6413 0.0000 0.0002 0.0000 0.0000
191      191   (0)      1  : 0.0000 0.0000 0.2283 0.7540 0.0177 0.0000 0.0000
192      192   (0)      1  : 0.3057 0.0000 0.6209 0.0000 0.0734 0.0000 0.0000
193      193   (0)      1  : 0.3074 0.0000 0.6691 0.0040 0.0194 0.0000 0.0000
194      194   (0)      1  : 0.0000 0.0009 0.4516 0.4603 0.0000 0.0855 0.0017
195      195   (0)      2  : 0.3129 0.0000 0.2481 0.4390 0.0000 0.0000 0.0000
196      196   (0)      2  : 0.0000 0.1940 0.1051 0.5001 0.1622 0.0000 0.0386
197      197   (0)      2  : 0.5440 0.0545 0.3152 0.0000 0.0041 0.0631 0.0191
198      198   (0)      2  : 0.3778 0.1263 0.2383 0.1419 0.0000 0.0000 0.1158
199      199   (0)      2  : 0.7461 0.0442 0.1654 0.0000 0.0213 0.0230 0.0000
200      200   (0)      2  : 0.0771 0.0510 0.0165 0.8538 0.0016 0.0000 0.0000
201      201   (0)      2  : 0.0998 0.1082 0.0755 0.4902 0.2263 0.0000 0.0000
202      202   (0)      2  : 0.6944 0.0342 0.1818 0.0000 0.0080 0.0000 0.0817
203      203   (0)      2  : 0.7107 0.0000 0.1161 0.1437 0.0296 0.0000 0.0000
204      204   (0)      2  : 0.7655 0.0762 0.0022 0.1414 0.0146 0.0000 0.0000
205      205   (0)      2  : 0.7427 0.0000 0.2093 0.0429 0.0000 0.0000 0.0052
206      206   (0)      2  : 0.4428 0.1186 0.0536 0.1552 0.0000 0.0058 0.2239
207      207   (0)      2  : 0.4280 0.0831 0.0385 0.4143 0.0000 0.0000 0.0361
208      208   (0)      9  : 0.3673 0.0000 0.0000 0.5561 0.0204 0.0562 0.0000
209      209   (0)      9  : 0.0000 0.0000 0.0000 0.7331 0.0413 0.2256 0.0000
210      210   (0)      9  : 0.5678 0.0000 0.0000 0.0000 0.3570 0.0726 0.0027
211      211   (0)      9  : 0.0564 0.0000 0.1388 0.3845 0.3023 0.0910 0.0270
212      212   (0)      9  : 0.0000 0.0000 0.0000 0.5489 0.3083 0.1428 0.0000
213      213   (0)      9  : 0.6539 0.0540 0.0064 0.0000 0.2521 0.0194 0.0143
214      214   (0)      9  : 0.2318 0.0000 0.0000 0.4629 0.2630 0.0422 0.0000
215      215   (0)      9  : 0.7269 0.0000 0.0000 0.0000 0.2731 0.0000 0.0000
216      216   (0)      9  : 0.0000 0.0000 0.0000 0.0000 1.0000 0.0000 0.0000
217      217   (0)      9  : 0.8511 0.0000 0.0211 0.0000 0.0000 0.0375 0.0903
218      218   (0)      9  : 0.0000 0.1095 0.0000 0.2222 0.4078 0.0000 0.2605
219      219   (0)      9  : 0.8448 0.0000 0.0000 0.0000 0.1552 0.0000 0.0000
220      220   (0)      9  : 0.1059 0.0000 0.0000 0.6441 0.2317 0.0183 0.0000
221      221   (0)      9  : 0.6392 0.0531 0.0258 0.2479 0.0342 0.0000 0.0000
222      222   (0)      9  : 0.4371 0.0000 0.0679 0.4677 0.0078 0.0162 0.0033
223      223   (0)      9  : 0.0000 0.0000 0.0000 0.8017 0.1033 0.0000 0.0950
224      224   (0)      9  : 0.7684 0.0103 0.0000 0.0000 0.1879 0.0334 0.0000
225      225   (0)      9  : 0.9586 0.0414 0.0000 0.0000 0.0000 0.0000 0.0000
226      226   (0)      9  : 0.6268 0.0038 0.2300 0.0046 0.0817 0.0231 0.0300
227      227   (0)      9  : 0.3761 0.0000 0.0517 0.0000 0.5723 0.0000 0.0000
228      228   (0)      9  : 0.5984 0.0000 0.0000 0.2689 0.1326 0.0000 0.0000
229      229   (0)      9  : 0.9197 0.0353 0.0001 0.0001 0.0101 0.0000 0.0346
230      230   (0)      9  : 0.6740 0.0000 0.0688 0.0000 0.2572 0.0000 0.0000
231      231   (0)      9  : 0.7010 0.0000 0.2374 0.0000 0.0370 0.0246 0.0000
232      232   (0)      9  : 0.4406 0.0000 0.0130 0.4930 0.0534 0.0000 0.0000
233      233   (0)      9  : 0.3207 0.0000 0.2039 0.0458 0.4297 0.0000 0.0000
234      234   (0)      9  : 0.8187 0.0000 0.0000 0.0117 0.1697 0.0000 0.0000
235      235   (0)      9  : 0.4937 0.0000 0.0000 0.2678 0.2383 0.0000 0.0002
236      236   (0)      9  : 0.5863 0.0028 0.1715 0.0555 0.0756 0.1020 0.0063
237      237   (0)     10  : 0.3074 0.0000 0.2178 0.0515 0.1688 0.0486 0.2060
238      238   (0)     10  : 0.6790 0.0000 0.1375 0.0033 0.1802 0.0000 0.0000
239      239   (0)     10  : 0.9691 0.0000 0.0000 0.0000 0.0309 0.0000 0.0000
240      240   (0)     10  : 0.0421 0.0000 0.0000 0.9089 0.0490 0.0000 0.0000
241      241   (0)     10  : 0.0000 0.0000 0.0199 0.7774 0.1479 0.0547 0.0000
242      242   (0)     10  : 0.7267 0.0214 0.0028 0.0016 0.1540 0.0500 0.0437
243      243   (0)     10  : 0.9554 0.0000 0.0045 0.0000 0.0402 0.0000 0.0000
244      244   (0)     10  : 0.0000 0.0000 0.2699 0.2819 0.4482 0.0000 0.0000
245      245   (0)     10  : 0.2438 0.0000 0.1527 0.1753 0.4282 0.0000 0.0000
246      246   (0)     10  : 0.0000 0.0000 0.0000 0.0000 0.4030 0.0000 0.5970
247      247   (0)     10  : 0.5762 0.0000 0.1738 0.0000 0.2054 0.0369 0.0078
248      248   (0)     10  : 0.2823 0.0000 0.0000 0.0000 0.0572 0.0061 0.6544
249      249   (0)     10  : 0.5894 0.0009 0.3198 0.0000 0.0363 0.0132 0.0405
250      250   (0)     10  : 0.2004 0.0469 0.2802 0.2561 0.0000 0.0107 0.2057
251      251   (0)     10  : 0.0000 0.0000 0.7011 0.0000 0.2989 0.0000 0.0000
252      252   (0)     10  : 0.3254 0.0490 0.0240 0.2663 0.1150 0.0088 0.2115
253      253   (0)     10  : 0.5414 0.0000 0.0187 0.0000 0.4399 0.0000 0.0000
254      254   (0)     10  : 0.2965 0.0000 0.1422 0.3835 0.1778 0.0000 0.0000
255      255   (0)     10  : 0.0000 0.2101 0.4668 0.0000 0.3179 0.0052 0.0000
256      256   (0)     10  : 0.0741 0.0000 0.4432 0.0000 0.3948 0.0090 0.0790
257      257   (0)     10  : 0.0000 0.0000 0.1650 0.6766 0.0041 0.0758 0.0785
258      258   (0)     10  : 0.1133 0.0000 0.3711 0.0000 0.3861 0.0000 0.1295
259      259   (0)     10  : 0.0000 0.0000 0.1776 0.4860 0.1898 0.0000 0.1467
260      260   (0)     10  : 0.6899 0.0000 0.0116 0.0000 0.2784 0.0000 0.0201
261      261   (0)     10  : 0.0000 0.0000 0.0420 0.6410 0.3170 0.0000 0.0000
262      262   (0)     10  : 0.4094 0.0042 0.2306 0.0000 0.3156 0.0000 0.0401
263      263   (0)     10  : 0.1651 0.0584 0.3674 0.0000 0.1937 0.2142 0.0012
264      264   (0)     11  : 0.0000 0.1088 0.0000 0.0000 0.3511 0.0000 0.5400
265      265   (0)     11  : 0.3590 0.0000 0.0000 0.0000 0.6393 0.0000 0.0017
266      266   (0)     11  : 0.0000 0.2350 0.0000 0.0000 0.1780 0.0000 0.5870
267      267   (0)     11  : 0.0000 0.1305 0.0000 0.3695 0.1470 0.0000 0.3530
268      268   (0)     11  : 0.0000 0.3625 0.0000 0.0000 0.6113 0.0000 0.0261
269      269   (0)     11  : 0.0000 0.0742 0.0000 0.0000 0.4611 0.0000 0.4647
270      270   (0)     11  : 0.0841 0.5133 0.0000 0.0000 0.3346 0.0000 0.0679
271      271   (0)     11  : 0.0000 0.1434 0.0000 0.0000 0.8566 0.0000 0.0000
272      272   (0)     11  : 0.0000 0.3263 0.0000 0.0000 0.6737 0.0000 0.0000
273      273   (0)     12  : 0.7118 0.0086 0.0000 0.2295 0.0000 0.0093 0.0408
274      274   (0)     12  : 0.1596 0.0000 0.0000 0.6777 0.0535 0.0000 0.1091
275      275   (0)     12  : 0.5402 0.0000 0.0000 0.4543 0.0055 0.0000 0.0000
276      276   (0)     12  : 0.0000 0.0000 0.0000 0.9531 0.0469 0.0000 0.0000
277      277   (0)     12  : 0.5098 0.0000 0.1121 0.0000 0.3781 0.0000 0.0000
278      278   (0)     12  : 0.3365 0.0070 0.0000 0.5244 0.0707 0.0000 0.0613
279      279   (0)     12  : 0.0658 0.0000 0.0000 0.9290 0.0000 0.0000 0.0052
280      280   (0)     12  : 0.8296 0.0000 0.0516 0.0000 0.0000 0.0869 0.0318
281      281   (0)     12  : 0.3117 0.0000 0.0185 0.4627 0.0963 0.1109 0.0000
282      282   (0)     12  : 0.0000 0.0000 0.0000 0.0000 0.0000 1.0000 0.0000
283      283   (0)     12  : 0.7332 0.0559 0.0000 0.1934 0.0043 0.0004 0.0128
284      284   (0)     12  : 0.0000 0.1331 0.0000 0.7236 0.0000 0.0644 0.0790
285      285   (0)     12  : 0.0437 0.0000 0.0000 0.9058 0.0505 0.0000 0.0000
286      286   (0)     12  : 0.0000 0.0000 0.0000 0.2820 0.7180 0.0000 0.0000
287      287   (0)     12  : 0.5766 0.0007 0.0479 0.2504 0.1235 0.0009 0.0000
288      288   (0)     12  : 0.4133 0.0000 0.0000 0.2165 0.3703 0.0000 0.0000
289      289   (0)     12  : 0.8084 0.0000 0.0000 0.0127 0.1777 0.0011 0.0000
290      290   (0)     12  : 0.0000 0.1413 0.2356 0.0479 0.5341 0.0000 0.0411
291      291   (0)     12  : 0.5904 0.1568 0.0000 0.0543 0.1852 0.0085 0.0047
292      292   (0)     12  : 0.8083 0.0000 0.0000 0.0000 0.1917 0.0000 0.0000
293      293   (0)     12  : 0.2560 0.0000 0.0000 0.4161 0.3280 0.0000 0.0000
294      294   (0)     12  : 0.2506 0.0000 0.0936 0.4274 0.2284 0.0000 0.0000
295      295   (0)     12  : 0.3954 0.0000 0.0000 0.4565 0.1481 0.0000 0.0000
296      296   (0)     12  : 0.5397 0.1673 0.0000 0.0000 0.2930 0.0000 0.0000
297      297   (0)     12  : 0.2728 0.0004 0.0000 0.6088 0.1180 0.0000 0.0000
298      298   (0)     12  : 0.0000 0.0000 0.0497 0.7121 0.1030 0.1299 0.0053
299      299   (0)     12  : 0.2950 0.0000 0.1164 0.3012 0.0051 0.1362 0.1460
300      300   (0)     12  : 0.0000 0.0000 0.0000 0.9708 0.0292 0.0000 0.0000
