  1        1   (0)      1 :  0.4652 0.0509 0.0000 0.0214 0.0010 0.4564 0.0051 
  2        2   (0)      1 :  0.3575 0.3780 0.0990 0.0243 0.0040 0.0706 0.0667 
  3        3   (0)      1 :  0.0148 0.0000 0.0324 0.1873 0.6519 0.0509 0.0627 
  4        4   (0)      1 :  0.5434 0.0137 0.0000 0.0000 0.0000 0.1982 0.2447 
  5        5   (0)      1 :  0.7324 0.0033 0.0748 0.0609 0.0387 0.0000 0.0898 
  6        6   (0)      1 :  0.0750 0.1929 0.0000 0.0408 0.3203 0.3456 0.0255 
  7        7   (0)      2 :  0.7422 0.0209 0.0000 0.0000 0.0000 0.0000 0.2369 
  8        8   (0)      1 :  0.6744 0.3061 0.0000 0.0137 0.0000 0.0013 0.0044 
  9        9   (0)      3 :  0.0000 0.0093 0.5457 0.0000 0.0000 0.4360 0.0090 
 10       10   (0)      4 :  0.1169 0.0000 0.3317 0.0071 0.2014 0.0000 0.3430 
 11       11   (0)      4 :  0.0917 0.4354 0.4036 0.0000 0.0000 0.0652 0.0041 
 12       12   (0)      4 :  0.0988 0.0000 0.3192 0.0496 0.0474 0.3369 0.1479 
 13       13   (0)      4 :  0.1484 0.0000 0.1860 0.0000 0.3156 0.0000 0.3500 
 14       14   (0)      4 :  0.1774 0.2738 0.5072 0.0000 0.0219 0.0000 0.0197 
 15       15   (0)      4 :  0.0000 0.0268 0.0000 0.1100 0.5933 0.2698 0.0000 
 16       16   (0)      5 :  0.1031 0.3603 0.2393 0.0000 0.0141 0.2113 0.0718 
 17       17   (0)      4 :  0.0146 0.0000 0.4372 0.0017 0.1115 0.3454 0.0896 
 18       18   (0)      5 :  0.2054 0.3277 0.4152 0.0000 0.0101 0.0372 0.0044 
 19       19   (0)      5 :  0.0095 0.3392 0.6214 0.0000 0.0000 0.0000 0.0298 
 20       20   (0)      5 :  0.0212 0.0000 0.6239 0.0000 0.0000 0.1866 0.1683 
 21       21   (0)      5 :  0.0000 0.2805 0.7195 0.0000 0.0000 0.0000 0.0000 
 22       22   (0)      5 :  0.0054 0.0000 0.3681 0.0319 0.0155 0.5443 0.0347 
 23       23   (0)      5 :  0.0000 0.0000 0.6275 0.0000 0.0000 0.3725 0.0000 
 24       24   (0)      5 :  0.0572 0.1695 0.4114 0.0367 0.0213 0.1129 0.1909 
 25       25   (0)      5 :  0.0000 0.0000 0.6171 0.0197 0.0017 0.3578 0.0036 
 26       26   (0)      5 :  0.0465 0.0977 0.6860 0.0000 0.0067 0.0000 0.1631 
 27       27   (0)      5 :  0.0000 0.0000 0.5370 0.0000 0.0126 0.4198 0.0307 
 28       28   (0)      5 :  0.0000 0.0497 0.8508 0.0000 0.0358 0.0000 0.0638 
 29       29   (0)      5 :  0.0000 0.7473 0.2527 0.0000 0.0000 0.0000 0.0000 
 30       30   (0)      5 :  0.0359 0.3104 0.4056 0.0000 0.0005 0.1285 0.1191 
 31       31   (0)      5 :  0.0000 0.0107 0.6438 0.0593 0.0243 0.2144 0.0475 
 32       32   (0)      5 :  0.0000 0.4684 0.1184 0.0000 0.0048 0.4018 0.0066 
 33       33   (0)      5 :  0.0000 0.3206 0.3054 0.0000 0.0000 0.3740 0.0000 
 34       34   (0)      5 :  0.0035 0.6214 0.2857 0.0000 0.0000 0.0682 0.0212 
 35       35   (0)      5 :  0.0000 0.1996 0.7915 0.0000 0.0037 0.0000 0.0052 
 36       36   (0)      5 :  0.0000 0.2791 0.5496 0.0098 0.0013 0.1569 0.0033 
 37       37   (0)      5 :  0.0919 0.0000 0.7246 0.0000 0.0115 0.1326 0.0393 
 38       38   (0)      5 :  0.0363 0.2677 0.4817 0.0000 0.0720 0.0307 0.1115 
 39       39   (0)      5 :  0.0000 0.4254 0.4916 0.0142 0.0191 0.0010 0.0487 
 40       40   (0)      5 :  0.0000 0.0000 0.5444 0.0000 0.0120 0.4106 0.0330 
 41       41   (0)      5 :  0.0000 0.5997 0.3931 0.0000 0.0000 0.0000 0.0072 
 42       42   (0)      5 :  0.0217 0.0000 0.0000 0.1546 0.7311 0.0400 0.0526 
 43       43   (0)      5 :  0.0978 0.0000 0.4249 0.0107 0.0189 0.3101 0.1376 
 44       44   (0)      4 :  0.0244 0.0000 0.6621 0.0000 0.1485 0.0000 0.1650 
 45       45   (0)      4 :  0.0514 0.3163 0.2436 0.0261 0.0675 0.0759 0.2193 
 46       46   (0)      4 :  0.0000 0.0000 0.2696 0.0023 0.0747 0.5988 0.0546 
 47       47   (0)      4 :  0.0318 0.5821 0.2952 0.0000 0.0401 0.0000 0.0509 
 48       48   (0)      5 :  0.0367 0.2729 0.2068 0.0410 0.0620 0.2855 0.0951 
 49       49   (0)      4 :  0.0000 0.0000 0.3918 0.0000 0.0000 0.4338 0.1744 
 50       50   (0)      4 :  0.0000 0.0276 0.0000 0.1028 0.7090 0.1373 0.0233 
 51       51   (0)      4 :  0.1908 0.3015 0.4170 0.0711 0.0000 0.0196 0.0000 
 52       52   (0)      4 :  0.0000 0.0000 0.0044 0.1937 0.6527 0.0968 0.0524 
 53       53   (0)      4 :  0.1181 0.2537 0.5534 0.0000 0.0280 0.0000 0.0469 
 54       54   (0)      4 :  0.0000 0.0326 0.0031 0.1324 0.7608 0.0710 0.0001 
 55       55   (0)      4 :  0.0009 0.1640 0.0676 0.0956 0.6196 0.0523 0.0000 
 56       56   (0)      4 :  0.0566 0.0811 0.6444 0.0000 0.0669 0.0744 0.0764 
 57       57   (0)      5 :  0.0659 0.4088 0.2276 0.0689 0.0347 0.1101 0.0840 
 58       58   (0)      4 :  0.0045 0.1823 0.0000 0.1670 0.4084 0.2378 0.0000 
 59       59   (0)      4 :  0.0000 0.0000 0.0575 0.1256 0.7032 0.0656 0.0482 
 60       60   (0)      4 :  0.0454 0.4684 0.2238 0.0002 0.0540 0.2034 0.0046 
 61       61   (0)      5 :  0.1284 0.0543 0.3416 0.0000 0.0411 0.2594 0.1751 
 62       62   (0)      6 :  0.1082 0.0000 0.0522 0.0847 0.6004 0.0890 0.0655 
 63       63   (0)      6 :  0.0220 0.0000 0.0000 0.2544 0.6006 0.1230 0.0000 
 64       64   (0)      6 :  0.9483 0.0000 0.0005 0.0000 0.0156 0.0000 0.0356 
 65       65   (0)      6 :  0.1449 0.2537 0.3165 0.0000 0.0000 0.2850 0.0000 
 66       66   (0)      6 :  0.2100 0.0000 0.1735 0.0000 0.2665 0.0000 0.3500 
 67       67   (0)      6 :  0.6589 0.0000 0.0000 0.0000 0.0000 0.3411 0.0000 
 68       68   (0)      6 :  0.3962 0.1819 0.0399 0.0000 0.0077 0.3743 0.0000 
 69       69   (0)      6 :  0.1436 0.2633 0.0984 0.0000 0.0321 0.4626 0.0000 
 70       70   (0)      6 :  0.1408 0.0000 0.1023 0.0000 0.0017 0.7491 0.0061 
 71       71   (0)      6 :  0.2804 0.1712 0.1554 0.0000 0.0000 0.3930 0.0000 
 72       72   (0)      7 :  0.1074 0.4951 0.3637 0.0000 0.0061 0.0000 0.0277 
 73       73   (0)      7 :  0.1145 0.5185 0.1487 0.0012 0.0670 0.0073 0.1429 
 74       74   (0)      7 :  0.2009 0.2442 0.2663 0.0179 0.0485 0.0799 0.1423 
 75       75   (0)      7 :  0.2401 0.3548 0.3132 0.0238 0.0668 0.0000 0.0013 
 76       76   (0)      7 :  0.1471 0.0668 0.7787 0.0074 0.0000 0.0000 0.0000 
 77       77   (0)      7 :  0.3101 0.0662 0.3737 0.0830 0.0327 0.0525 0.0817 
 78       78   (0)      7 :  0.2179 0.1354 0.4076 0.0000 0.0227 0.0000 0.2165 
 79       79   (0)      7 :  0.0674 0.7219 0.1471 0.0000 0.0000 0.0000 0.0636 
 80       80   (0)      7 :  0.2471 0.2320 0.4756 0.0000 0.0000 0.0449 0.0004 
 81       81   (0)      7 :  0.2056 0.0002 0.7593 0.0000 0.0000 0.0000 0.0348 
 82       82   (0)      7 :  0.1126 0.5255 0.1187 0.0702 0.0563 0.0208 0.0959 
 83       83   (0)      7 :  0.1228 0.0412 0.0000 0.1853 0.6297 0.0196 0.0014 
 84       84   (0)      7 :  0.1183 0.4567 0.4187 0.0000 0.0063 0.0000 0.0000 
 85       85   (0)      7 :  0.2336 0.0258 0.7347 0.0006 0.0000 0.0000 0.0054 
 86       86   (0)      7 :  0.0016 0.1841 0.0000 0.1101 0.5997 0.1045 0.0000 
 87       87   (0)      7 :  0.1387 0.0947 0.2549 0.0000 0.0000 0.5116 0.0000 
 88       88   (0)      7 :  0.0145 0.0000 0.0003 0.1192 0.6805 0.1679 0.0177 
 89       89   (0)      7 :  0.0000 0.4500 0.4888 0.0039 0.0247 0.0001 0.0325 
 90       90   (0)      7 :  0.0417 0.3865 0.2203 0.0000 0.0069 0.3445 0.0000 
 91       91   (0)      7 :  0.0928 0.4383 0.4459 0.0000 0.0000 0.0000 0.0229 
 92       92   (0)      7 :  0.1543 0.1983 0.4614 0.0664 0.0344 0.0000 0.0852 
 93       93   (0)      7 :  0.0880 0.3442 0.3069 0.0000 0.0415 0.2111 0.0083 
 94       94   (0)      7 :  0.2966 0.0117 0.6435 0.0000 0.0033 0.0000 0.0450 
 95       95   (0)      7 :  0.1818 0.0172 0.4674 0.0626 0.0265 0.1738 0.0706 
 96       96   (0)      7 :  0.1415 0.0000 0.7257 0.0000 0.0140 0.0000 0.1187 
 97       97   (0)      7 :  0.1154 0.0000 0.7463 0.0310 0.0305 0.0000 0.0769 
 98       98   (0)      7 :  0.1158 0.0000 0.7666 0.0000 0.0389 0.0000 0.0788 
 99       99   (0)      7 :  0.2417 0.0361 0.0228 0.1329 0.5645 0.0000 0.0020 
100      100   (0)      6 :  0.4245 0.3681 0.1157 0.0000 0.0040 0.0000 0.0878 
101      101   (0)      6 :  0.4336 0.0986 0.1744 0.0000 0.0465 0.0834 0.1636 
102      102   (0)      6 :  0.2001 0.0771 0.0148 0.0000 0.0668 0.5894 0.0518 
103      103   (0)      6 :  0.4669 0.5300 0.0024 0.0000 0.0000 0.0000 0.0007 
104      104   (0)      6 :  0.3610 0.0000 0.0000 0.0000 0.0091 0.6157 0.0142 
105      105   (0)      6 :  0.5001 0.2150 0.1427 0.0000 0.0219 0.0817 0.0386 
106      106   (0)      6 :  0.3760 0.2913 0.0044 0.0000 0.0304 0.2539 0.0440 
107      107   (0)      6 :  0.5695 0.0451 0.0137 0.0469 0.0000 0.3222 0.0026 
108      108   (0)      6 :  0.1346 0.0012 0.0000 0.1296 0.6898 0.0448 0.0000 
109      109   (0)      7 :  0.2028 0.1872 0.2853 0.0002 0.0119 0.3125 0.0001 
110      110   (0)      7 :  0.2011 0.0000 0.1473 0.0000 0.3015 0.0000 0.3500 
111      111   (0)      8 :  0.6390 0.0269 0.0173 0.0000 0.1179 0.0031 0.1959 
112      112   (0)      6 :  1.0000 0.0000 0.0000 0.0000 0.0000 0.0000 0.0000 
113      113   (0)      6 :  0.0974 0.0000 0.0000 0.1231 0.7346 0.0000 0.0449 
114      114   (0)      6 :  0.6911 0.0000 0.3009 0.0000 0.0000 0.0000 0.0080 
115      115   (0)      6 :  0.3050 0.0000 0.0239 0.2408 0.3740 0.0000 0.0564 
116      116   (0)      6 :  0.5651 0.0000 0.1630 0.0187 0.0200 0.0758 0.1574 
117      117   (0)      6 :  0.5417 0.0000 0.0000 0.0000 0.0000 0.3261 0.1323 
118      118   (0)      6 :  0.6275 0.1846 0.0000 0.0000 0.0000 0.1879 0.0000 
119      119   (0)      6 :  0.8384 0.0000 0.0796 0.0000 0.0000 0.0000 0.0820 
120      120   (0)      6 :  0.7474 0.0448 0.0000 0.0000 0.0164 0.0003 0.1911 
121      121   (0)      6 :  0.2334 0.0000 0.0000 0.1600 0.6066 0.0000 0.0001 
122      122   (0)      9 :  0.1393 0.0000 0.2683 0.0806 0.0331 0.3931 0.0855 
123      123   (0)      9 :  0.0000 0.2565 0.2290 0.0015 0.0523 0.4459 0.0147 
124      124   (0)      9 :  0.0056 0.0000 0.1640 0.0733 0.0295 0.6623 0.0653 
125      125   (0)      9 :  0.0000 0.5931 0.3351 0.0000 0.0237 0.0432 0.0050 
126      126   (0)      9 :  0.0000 0.4676 0.4795 0.0000 0.0218 0.0000 0.0310 
127      127   (0)      9 :  0.0000 0.0000 0.5019 0.0000 0.0208 0.4340 0.0433 
128      128   (0)      9 :  0.0000 0.1564 0.2101 0.0172 0.0191 0.5522 0.0449 
129      129   (0)      9 :  0.0000 0.0000 0.2206 0.0000 0.0629 0.6816 0.0349 
130      130   (0)      9 :  0.0371 0.3143 0.2975 0.0129 0.0483 0.0740 0.2160 
131      131   (0)      9 :  0.0268 0.2267 0.3071 0.0000 0.0045 0.3551 0.0799 
132      132   (0)      9 :  0.0000 0.3807 0.1788 0.0188 0.0168 0.3636 0.0412 
133      133   (0)      9 :  0.0612 0.1784 0.4375 0.0000 0.0220 0.1059 0.1951 
134      134   (0)      9 :  0.1383 0.0000 0.2383 0.0088 0.2645 0.0000 0.3500 
135      135   (0)      9 :  0.0000 0.0540 0.0187 0.0000 0.0000 0.9273 0.0000 
136      136   (0)      9 :  0.0659 0.4229 0.3426 0.0460 0.0365 0.0051 0.0811 
137      137   (0)      9 :  0.0767 0.5322 0.2572 0.0000 0.0115 0.0263 0.0962 
138      138   (0)      9 :  0.0000 0.7105 0.2573 0.0004 0.0102 0.0217 0.0000 
139      139   (0)      9 :  0.0641 0.6886 0.2225 0.0000 0.0093 0.0000 0.0154 
140      140   (0)      9 :  0.0000 0.3849 0.2116 0.0000 0.0091 0.3853 0.0091 
141      141   (0)      9 :  0.0341 0.0000 0.5564 0.0000 0.0000 0.3893 0.0202 
142      142   (0)      9 :  0.1699 0.5307 0.2063 0.0096 0.0014 0.0733 0.0087 
143      143   (0)      9 :  0.1437 0.0000 0.1709 0.0000 0.3252 0.0000 0.3602 
144      144   (0)      9 :  0.0377 0.3549 0.2412 0.0071 0.0458 0.0957 0.2176 
145      145   (0)      3 :  0.0100 0.0251 0.3839 0.0298 0.0227 0.4751 0.0535 
146      146   (0)      3 :  0.0000 0.1425 0.0284 0.1574 0.4130 0.2588 0.0000 
147      147   (0)      3 :  0.0000 0.0449 0.0627 0.0000 0.0000 0.8712 0.0213 
148      148   (0)      3 :  0.0000 0.5583 0.3035 0.0178 0.0683 0.0431 0.0089 
149      149   (0)      3 :  0.0000 0.4449 0.2745 0.0000 0.0000 0.2806 0.0000 
150      150   (0)      3 :  0.0000 0.0000 0.2573 0.0008 0.0954 0.6005 0.0460 
151      151   (0)      3 :  0.0000 0.5637 0.3794 0.0000 0.0207 0.0082 0.0280 
152      152   (0)      3 :  0.0000 0.4429 0.3382 0.0000 0.0281 0.1492 0.0416 
153      153   (0)      3 :  0.0000 0.2239 0.5022 0.0214 0.0000 0.2476 0.0048 
154      154   (0)      3 :  0.0411 0.2959 0.4597 0.0120 0.0545 0.0599 0.0768 
155      155   (0)      3 :  0.0256 0.2007 0.5665 0.0501 0.0817 0.0000 0.0753 
156      156   (0)      3 :  0.0064 0.4188 0.3791 0.0944 0.0176 0.0446 0.0390 
157      157   (0)      3 :  0.0287 0.4879 0.2804 0.0343 0.0272 0.0749 0.0665 
158      158   (0)      3 :  0.0624 0.5035 0.4191 0.0089 0.0000 0.0041 0.0020 
159      159   (0)      3 :  0.0000 0.3235 0.0000 0.2597 0.4168 0.0000 0.0000 
160      160   (0)      3 :  0.0145 0.4560 0.1999 0.0000 0.0239 0.1618 0.1440 
161      161   (0)      3 :  0.0166 0.0001 0.1799 0.0000 0.0331 0.7161 0.0542 
162      162   (0)      3 :  0.0002 0.6059 0.3797 0.0000 0.0021 0.0085 0.0037 
163      163   (0)      3 :  0.0000 0.3094 0.4492 0.0000 0.0000 0.2414 0.0000 
164      164   (0)      3 :  0.0000 0.5589 0.4224 0.0050 0.0048 0.0000 0.0089 
165      165   (0)      3 :  0.0090 0.0000 0.1805 0.0000 0.0333 0.7273 0.0499 
166      166   (0)      3 :  0.0000 0.3333 0.5088 0.0000 0.0000 0.1195 0.0385 
167      167   (0)      3 :  0.0000 0.5641 0.1695 0.0000 0.0044 0.2605 0.0015 
168      168   (0)      3 :  0.0028 0.4471 0.3815 0.0298 0.0381 0.0268 0.0739 
169      169   (0)      3 :  0.0067 0.5105 0.4670 0.0000 0.0013 0.0000 0.0145 
170      170   (0)      3 :  0.0000 0.7160 0.2538 0.0000 0.0160 0.0000 0.0141 
171      171   (0)      3 :  0.0413 0.3479 0.4573 0.0000 0.0000 0.0054 0.1481 
172      172   (0)      3 :  0.0034 0.5908 0.3706 0.0000 0.0174 0.0000 0.0178 
173      173   (0)      3 :  0.0361 0.1728 0.3568 0.0122 0.0043 0.3939 0.0239 
174      174   (0)      9 :  0.0224 0.0000 0.4281 0.0000 0.0000 0.4047 0.1448 
175      175   (0)      9 :  0.1586 0.0000 0.2815 0.0235 0.2038 0.0000 0.3326 
176      176   (0)      9 :  0.0000 0.4857 0.1886 0.0065 0.0097 0.2873 0.0222 
177      177   (0)      9 :  0.2304 0.3190 0.2062 0.0000 0.0255 0.0000 0.2190 
178      178   (0)      9 :  0.0529 0.2361 0.2284 0.0036 0.0093 0.4019 0.0679 
179      179   (0)      9 :  0.0871 0.1412 0.3404 0.0184 0.0069 0.3852 0.0207 
180      180   (0)      9 :  0.0899 0.1371 0.3035 0.0000 0.0601 0.2820 0.1273 
181      181   (0)      1 :  0.2839 0.6635 0.0360 0.0000 0.0000 0.0166 0.0000 
182      182   (0)      1 :  0.2622 0.2432 0.0000 0.0000 0.0250 0.3037 0.1660 
183      183   (0)      1 :  0.2632 0.6616 0.0013 0.0000 0.0018 0.0000 0.0722 
184      184   (0)      1 :  0.4006 0.1604 0.0000 0.0035 0.0238 0.4099 0.0019 
185      185   (0)      1 :  0.2178 0.7100 0.0000 0.0000 0.0000 0.0505 0.0217 
186      186   (0)      1 :  0.2307 0.2688 0.1809 0.0268 0.0035 0.2748 0.0145 
187      187   (0)      1 :  0.3462 0.6214 0.0000 0.0000 0.0000 0.0324 0.0000 
188      188   (0)      1 :  0.0467 0.8709 0.0000 0.0000 0.0000 0.0824 0.0000 
189      189   (0)      2 :  0.0728 0.1348 0.0000 0.0029 0.0020 0.5781 0.2095 
190      190   (0)      2 :  0.0786 0.6924 0.2096 0.0000 0.0138 0.0001 0.0055 
191      191   (0)      2 :  0.0969 0.6580 0.1325 0.0000 0.0089 0.0910 0.0127 
192      192   (0)      2 :  0.0419 0.0000 0.2908 0.0000 0.0000 0.5322 0.1352 
193      193   (0)      2 :  0.0051 0.8063 0.0165 0.0000 0.0148 0.1352 0.0221 
194      194   (0)      2 :  0.0000 0.0000 0.1283 0.0000 0.0000 0.8673 0.0043 
195      195   (0)      2 :  0.4197 0.2615 0.0010 0.0000 0.0000 0.1634 0.1543 
196      196   (0)      2 :  0.1133 0.0356 0.2776 0.0000 0.0000 0.1884 0.3851 
197      197   (0)      1 :  0.0702 0.3584 0.0710 0.0000 0.0000 0.5003 0.0000 
198      198   (0)      1 :  0.5143 0.3191 0.0000 0.0000 0.0000 0.0000 0.1666 
199      199   (0)      1 :  0.3775 0.0000 0.0475 0.0000 0.0143 0.5281 0.0326 
200      200   (0)      1 :  0.7145 0.0001 0.0000 0.0000 0.0000 0.2348 0.0507 
201      201   (0)      1 :  0.4946 0.0000 0.0000 0.0000 0.0096 0.3948 0.1011 
202      202   (0)      1 :  0.9294 0.0000 0.0000 0.0000 0.0000 0.0000 0.0706 
203      203   (0)      2 :  0.0000 0.0000 0.0482 0.0541 0.4694 0.2492 0.1790 
204      204   (0)      2 :  0.2906 0.0000 0.0111 0.0000 0.0000 0.4285 0.2698 
205      205   (0)      2 :  0.0000 0.0000 0.0590 0.1367 0.6989 0.0938 0.0115 
206      206   (0)      2 :  0.1320 0.7581 0.0737 0.0000 0.0115 0.0019 0.0228 
207      207   (0)      2 :  0.0000 0.0000 0.0000 0.0000 0.0799 0.7548 0.1653 
208      208   (0)      2 :  0.0000 0.8976 0.0052 0.0003 0.0621 0.0000 0.0346 
209      209   (0)      2 :  0.0717 0.0000 0.0978 0.0000 0.0000 0.3909 0.4396 
210      210   (0)      1 :  0.1799 0.0000 0.0000 0.0000 0.0000 0.5224 0.2976 
211      211   (0)      1 :  0.4550 0.2015 0.1621 0.0000 0.0291 0.0000 0.1524 
212      212   (0)      1 :  0.4697 0.0000 0.0700 0.0000 0.0093 0.1529 0.2980 
213      213   (0)      1 :  0.5735 0.4000 0.0000 0.0000 0.0000 0.0000 0.0264 
214      214   (0)      1 :  0.1773 0.0000 0.0000 0.0000 0.0000 0.7639 0.0588 
215      215   (0)      1 :  0.6381 0.2308 0.0000 0.0000 0.0000 0.0000 0.1311 
216      216   (0)      1 :  0.6638 0.2798 0.0000 0.0014 0.0000 0.0025 0.0524 
217      217   (0)      1 :  0.4460 0.0000 0.0257 0.0000 0.0042 0.5018 0.0223 
218      218   (0)      2 :  0.1934 0.3556 0.0000 0.0000 0.0000 0.4510 0.0000 
219      219   (0)      2 :  0.1090 0.0000 0.1991 0.0000 0.0000 0.5165 0.1755 
220      220   (0)      2 :  0.3245 0.5780 0.0280 0.0049 0.0044 0.0000 0.0602 
221      221   (0)      2 :  0.2369 0.4117 0.2024 0.0000 0.0000 0.1490 0.0000 
222      222   (0)      2 :  0.2097 0.6245 0.0015 0.0000 0.0734 0.0000 0.0909 
223      223   (0)      2 :  0.0056 0.1235 0.0091 0.0000 0.0430 0.8160 0.0029 
224      224   (0)      2 :  0.0825 0.1639 0.0928 0.0000 0.0000 0.4253 0.2355 
225      225   (0)      2 :  0.2060 0.6566 0.0513 0.0031 0.0000 0.0000 0.0831 
226      226   (0)      2 :  0.1271 0.7312 0.0000 0.0000 0.0000 0.1154 0.0263 
227      227   (0)      2 :  0.0074 0.8149 0.0279 0.0000 0.0000 0.1233 0.0265 
228      228   (0)      2 :  0.1605 0.7768 0.0000 0.0000 0.0000 0.0627 0.0000 
229      229   (0)      2 :  0.0095 0.0661 0.0000 0.1188 0.5469 0.2586 0.0000 
230      230   (0)      2 :  0.0762 0.4572 0.2527 0.0106 0.0163 0.1461 0.0410 
231      231   (0)      2 :  0.0316 0.4622 0.0842 0.0005 0.0059 0.4120 0.0036 
232      232   (0)     10 :  0.0003 0.3991 0.0000 0.0026 0.0214 0.5330 0.0436 
233      233   (0)     10 :  0.0386 0.0015 0.0350 0.0000 0.0401 0.7439 0.1410 
234      234   (0)     10 :  0.1269 0.3576 0.0421 0.0000 0.0226 0.0345 0.4162 
235      235   (0)     10 :  0.2080 0.0035 0.0312 0.0160 0.0199 0.3791 0.3424 
236      236   (0)     10 :  0.0000 0.0000 0.0250 0.0000 0.0512 0.5150 0.4089 
237      237   (0)     10 :  0.0924 0.4079 0.0544 0.0000 0.0064 0.0903 0.3485 
238      238   (0)     10 :  0.0000 0.2292 0.0240 0.0000 0.0062 0.5651 0.1755 
239      239   (0)     10 :  0.0877 0.6324 0.0000 0.0000 0.0000 0.0220 0.2580 
240      240   (0)     10 :  0.1267 0.0000 0.0341 0.0000 0.0000 0.1893 0.6500 
241      241   (0)     10 :  0.0335 0.8784 0.0039 0.0173 0.0232 0.0000 0.0438 
242      242   (0)     10 :  0.0000 0.0000 0.3488 0.0232 0.0171 0.3552 0.2557 
243      243   (0)     10 :  0.0146 0.7873 0.0000 0.0000 0.0000 0.0370 0.1610 
244      244   (0)     10 :  0.0307 0.0538 0.0000 0.0000 0.0672 0.6537 0.1946 
245      245   (0)     10 :  0.0266 0.7035 0.0204 0.0000 0.0000 0.1909 0.0586 
246      246   (0)     10 :  0.0419 0.5075 0.0000 0.0124 0.0000 0.4362 0.0019 
247      247   (0)     10 :  0.0000 0.0040 0.0174 0.0527 0.0022 0.7886 0.1351 
248      248   (0)     10 :  0.0000 0.7931 0.0367 0.0000 0.0072 0.0000 0.1629 
249      249   (0)     10 :  0.0000 0.9795 0.0128 0.0000 0.0050 0.0000 0.0027 
250      250   (0)     10 :  0.2191 0.6821 0.0215 0.0027 0.0008 0.0311 0.0428 
251      251   (0)     10 :  0.1960 0.1144 0.0000 0.0000 0.0043 0.0454 0.6400 
252      252   (0)     10 :  0.0000 0.5633 0.0000 0.0028 0.0179 0.3128 0.1032 
253      253   (0)     10 :  0.0335 0.9123 0.0529 0.0000 0.0000 0.0000 0.0013 
254      254   (0)     10 :  0.1891 0.5335 0.0000 0.0000 0.0000 0.0047 0.2728 
255      255   (0)     10 :  0.2055 0.7886 0.0000 0.0000 0.0000 0.0000 0.0059 
256      256   (0)     10 :  0.0000 0.0000 0.0000 0.1361 0.7424 0.1215 0.0000 
257      257   (0)     10 :  0.0243 0.4657 0.0000 0.0000 0.0000 0.4574 0.0527 
258      258   (0)     10 :  0.2117 0.1970 0.0000 0.0000 0.0000 0.1344 0.4570 
259      259   (0)     10 :  0.0005 0.7024 0.0000 0.0000 0.0000 0.1030 0.1941 
260      260   (0)     10 :  0.0490 0.4754 0.0000 0.0085 0.0000 0.2538 0.2133 
261      261   (0)     10 :  0.1677 0.6290 0.0268 0.0139 0.0107 0.1175 0.0343 
262      262   (0)     11 :  0.2878 0.3722 0.0835 0.0581 0.0105 0.0368 0.1511 
263      263   (0)     11 :  0.1481 0.7076 0.0000 0.0000 0.0000 0.0146 0.1297 
264      264   (0)     11 :  0.0000 0.9386 0.0000 0.0000 0.0000 0.0000 0.0614 
265      265   (0)     11 :  0.0093 0.0037 0.0000 0.1352 0.7770 0.0000 0.0747 
266      266   (0)     11 :  0.0000 0.0072 0.0000 0.0000 0.0277 0.8569 0.1082 
267      267   (0)     11 :  0.0000 0.0000 0.0000 0.1679 0.7504 0.0000 0.0817 
268      268   (0)     11 :  0.0232 0.0400 0.0000 0.0014 0.0000 0.8343 0.1011 
269      269   (0)     11 :  0.0649 0.7763 0.0331 0.0033 0.0090 0.0192 0.0941 
270      270   (0)     11 :  0.0216 0.9373 0.0000 0.0000 0.0000 0.0000 0.0410 
271      271   (0)     11 :  0.2794 0.0000 0.0000 0.0000 0.0000 0.2149 0.5057 
272      272   (0)     11 :  0.2325 0.2408 0.0000 0.0002 0.0048 0.1851 0.3366 
273      273   (0)     11 :  0.1709 0.0000 0.1761 0.2080 0.0368 0.0000 0.4082 
274      274   (0)     11 :  0.0445 0.0000 0.0000 0.2280 0.4428 0.1468 0.1378 
275      275   (0)     11 :  0.2247 0.5565 0.0000 0.0065 0.0071 0.0357 0.1695 
276      276   (0)     11 :  0.0292 0.4963 0.0744 0.2737 0.0282 0.0000 0.0982 
277      277   (0)     11 :  0.3386 0.5939 0.0000 0.0342 0.0047 0.0000 0.0287 
278      278   (0)     11 :  0.2439 0.3161 0.1579 0.0704 0.0000 0.2091 0.0025 
279      279   (0)     11 :  0.7796 0.0000 0.0000 0.0000 0.0000 0.0000 0.2204 
280      280   (0)     11 :  0.1085 0.4562 0.1480 0.0538 0.0229 0.1301 0.0806 
281      281   (0)     11 :  0.1998 0.4531 0.0000 0.0003 0.0000 0.0000 0.3468 
282      282   (0)     11 :  0.1719 0.2375 0.0000 0.0000 0.0061 0.4586 0.1259 
283      283   (0)     11 :  0.5205 0.0048 0.3143 0.0017 0.0000 0.0000 0.1585 
284      284   (0)     11 :  0.4976 0.0705 0.0383 0.0000 0.0290 0.0071 0.3576 
285      285   (0)     11 :  0.1658 0.0000 0.0491 0.0124 0.0051 0.7078 0.0597 
286      286   (0)     11 :  0.3560 0.1456 0.0316 0.0678 0.0000 0.0464 0.3525 
287      287   (0)     11 :  0.2127 0.0000 0.0128 0.0763 0.0114 0.5293 0.1575 
288      288   (0)     11 :  0.0771 0.6658 0.0000 0.0235 0.0045 0.0000 0.2291 
289      289   (0)     11 :  0.1003 0.0000 0.0000 0.0000 0.0610 0.6196 0.2191 
290      290   (0)     11 :  0.2799 0.4054 0.0057 0.0118 0.1041 0.0000 0.1931 
291      291   (0)     11 :  0.4849 0.0946 0.1171 0.0003 0.0569 0.0001 0.2461 
292      292   (0)     12 :  0.0000 0.0000 0.0000 1.0000 0.0000 0.0000 0.0000 
293      293   (0)     12 :  0.0000 0.0000 0.6191 0.2164 0.0183 0.0000 0.1463 
294      294   (0)     12 :  0.0000 0.0000 0.0000 1.0000 0.0000 0.0000 0.0000 
295      295   (0)     12 :  0.0000 0.0000 0.0000 0.9932 0.0068 0.0000 0.0000 
296      296   (0)     12 :  0.0000 0.0000 0.0000 1.0000 0.0000 0.0000 0.0000 
297      297   (0)     12 :  0.0000 0.0512 0.0000 0.8440 0.1048 0.0000 0.0000 
298      298   (0)     12 :  0.0000 0.0000 0.0074 0.9821 0.0105 0.0000 0.0000 
299      299   (0)     12 :  0.0000 0.0000 0.0000 1.0000 0.0000 0.0000 0.0000 
300      300   (0)     12 :  0.0176 0.2901 0.1279 0.0905 0.0000 0.0000 0.4738 
301      301   (0)     12 :  0.0000 0.0000 0.8273 0.0618 0.0076 0.0000 0.1032 
302      302   (0)     12 :  0.0000 0.0000 0.0000 1.0000 0.0000 0.0000 0.0000 
303      303   (0)     12 :  0.0305 0.0000 0.0000 0.9576 0.0000 0.0000 0.0120 
304      304   (0)     12 :  0.0000 0.4830 0.0000 0.1698 0.3473 0.0000 0.0000 
305      305   (0)     12 :  0.0000 0.0000 0.4043 0.1098 0.0000 0.4364 0.0496 
306      306   (0)     12 :  0.0000 0.0000 0.1915 0.7694 0.0390 0.0000 0.0000 
307      307   (0)     12 :  0.0000 0.0000 0.0009 0.9991 0.0000 0.0000 0.0000 
308      308   (0)     12 :  0.0000 0.0228 0.0000 0.7025 0.2746 0.0000 0.0000 
309      309   (0)     12 :  0.0229 0.0000 0.4869 0.0476 0.0000 0.1006 0.3421 
310      310   (0)     12 :  0.0000 0.0457 0.0018 0.8257 0.1268 0.0000 0.0000 
311      311   (0)     12 :  0.0000 0.1640 0.0797 0.4634 0.2503 0.0427 0.0000 
312      312   (0)     12 :  0.0069 0.0000 0.5490 0.1064 0.0407 0.0000 0.2970 
313      313   (0)     12 :  0.0000 0.2587 0.5791 0.0557 0.0000 0.0000 0.1065 
314      314   (0)     12 :  0.0000 0.2298 0.0000 0.4234 0.3200 0.0267 0.0000 
315      315   (0)     12 :  0.0000 0.0000 0.0000 0.9993 0.0007 0.0000 0.0000 
316      316   (0)     12 :  0.0000 0.0685 0.0003 0.5121 0.4192 0.0000 0.0000 
317      317   (0)     12 :  0.0000 0.0534 0.0000 0.4339 0.4712 0.0000 0.0415 
318      318   (0)     12 :  0.0000 0.0000 0.3528 0.0161 0.0000 0.1768 0.4543 
319      319   (0)     12 :  0.0000 0.0414 0.0821 0.7376 0.1183 0.0000 0.0207 
320      320   (0)     12 :  0.0539 0.0000 0.4206 0.0265 0.0002 0.0895 0.4093 
321      321   (0)     12 :  0.0000 0.0537 0.0000 0.3034 0.6300 0.0000 0.0130 
322      322   (0)     13 :  0.0000 0.7008 0.0421 0.0000 0.0056 0.2459 0.0056 
323      323   (0)     13 :  0.0000 0.4100 0.0751 0.0085 0.0000 0.4595 0.0469 
324      324   (0)     13 :  0.0000 0.5183 0.0000 0.0000 0.0000 0.4650 0.0167 
325      325   (0)     13 :  0.0000 0.0000 0.0000 0.0000 0.0000 0.9348 0.0652 
326      326   (0)     13 :  0.2275 0.4105 0.0000 0.0000 0.0000 0.0000 0.3620 
327      327   (0)     13 :  0.0000 0.3710 0.0172 0.0063 0.0000 0.5506 0.0549 
328      328   (0)     13 :  0.0000 0.1623 0.0000 0.0000 0.0000 0.8367 0.0010 
329      329   (0)     13 :  0.0898 0.8097 0.0441 0.0000 0.0000 0.0459 0.0105 
330      330   (0)     13 :  0.0810 0.3404 0.0053 0.0044 0.0100 0.4802 0.0786 
331      331   (0)     13 :  0.1561 0.0000 0.1883 0.0000 0.2685 0.0000 0.3871 
332      332   (0)     13 :  0.0036 0.8753 0.0019 0.0000 0.0000 0.1038 0.0154 
333      333   (0)     13 :  0.0000 0.0000 0.1835 0.0000 0.0141 0.7854 0.0170 
334      334   (0)     13 :  0.0000 0.0745 0.0000 0.0000 0.0000 0.8706 0.0549 
335      335   (0)     13 :  0.0000 0.0000 0.0450 0.0000 0.0000 0.5132 0.4418 
336      336   (0)     13 :  0.0938 0.5191 0.0018 0.0000 0.0000 0.3151 0.0702 
337      337   (0)     13 :  0.0522 0.2749 0.0000 0.0000 0.0367 0.2603 0.3759 
338      338   (0)     13 :  0.0276 0.6991 0.0000 0.0000 0.0018 0.1177 0.1538 
339      339   (0)     13 :  0.2234 0.0001 0.2043 0.0206 0.0000 0.1320 0.4194 
340      340   (0)     13 :  0.0174 0.6665 0.1373 0.0133 0.0000 0.0330 0.1324 
341      341   (0)     13 :  0.0270 0.8499 0.0000 0.0000 0.0000 0.0000 0.1230 
342      342   (0)     13 :  0.0408 0.0769 0.0000 0.0000 0.0000 0.4353 0.4470 
343      343   (0)     13 :  0.1725 0.0554 0.0000 0.0000 0.0000 0.5274 0.2447 
344      344   (0)     13 :  0.0106 0.3388 0.0000 0.0000 0.0000 0.5294 0.1213 
345      345   (0)     13 :  0.0000 0.2684 0.0000 0.2184 0.4775 0.0000 0.0358 
346      346   (0)     13 :  0.0000 0.6077 0.1775 0.0000 0.0000 0.0261 0.1886 
347      347   (0)     13 :  0.0000 0.3438 0.0000 0.0000 0.0009 0.6233 0.0319 
348      348   (0)     13 :  0.1127 0.0000 0.0000 0.0290 0.0076 0.7207 0.1300 
349      349   (0)     13 :  0.1482 0.3210 0.0868 0.0048 0.0219 0.3448 0.0724 
350      350   (0)     13 :  0.0000 0.2584 0.0000 0.5039 0.2371 0.0000 0.0006 
351      351   (0)     13 :  0.0000 0.0000 0.0000 0.0106 0.0000 0.9648 0.0246 
