  1        1   (0)      1 :  0.0000 0.0525 0.9475 
  2        2   (0)      1 :  0.1730 0.0117 0.8153 
  3        3   (0)      1 :  0.1059 0.6329 0.2612 
  4        4   (0)      1 :  0.0000 0.0000 1.0000 
  5        5   (0)      1 :  0.2568 0.1055 0.6378 
  6        6   (0)      1 :  0.0343 0.2127 0.7531 
  7        7   (0)      2 :  0.0000 0.0697 0.9303 
  8        8   (0)      1 :  0.0295 0.0541 0.9164 
  9        9   (0)      3 :  0.6717 0.0000 0.3283 
 10       10   (0)      4 :  0.8620 0.1362 0.0018 
 11       11   (0)      4 :  0.5272 0.0000 0.4728 
 12       12   (0)      4 :  0.4858 0.0563 0.4579 
 13       13   (0)      4 :  0.6963 0.1920 0.1117 
 14       14   (0)      4 :  0.6883 0.0085 0.3033 
 15       15   (0)      4 :  0.0000 0.4752 0.5248 
 16       16   (0)      5 :  0.3173 0.0000 0.6827 
 17       17   (0)      4 :  0.5328 0.0189 0.4483 
 18       18   (0)      5 :  0.5520 0.0000 0.4480 
 19       19   (0)      5 :  0.7584 0.0000 0.2416 
 20       20   (0)      5 :  0.7607 0.0000 0.2393 
 21       21   (0)      5 :  0.9726 0.0000 0.0274 
 22       22   (0)      5 :  0.5122 0.0144 0.4734 
 23       23   (0)      5 :  0.7635 0.0000 0.2365 
 24       24   (0)      5 :  0.5862 0.0401 0.3737 
 25       25   (0)      5 :  0.7862 0.0189 0.1949 
 26       26   (0)      5 :  0.8527 0.0000 0.1473 
 27       27   (0)      5 :  0.6891 0.0000 0.3109 
 28       28   (0)      5 :  1.0000 0.0000 0.0000 
 29       29   (0)      5 :  0.4060 0.0000 0.5940 
 30       30   (0)      5 :  0.5105 0.0000 0.4895 
 31       31   (0)      5 :  0.8819 0.0205 0.0976 
 32       32   (0)      5 :  0.2474 0.0000 0.7526 
 33       33   (0)      5 :  0.4013 0.0000 0.5987 
 34       34   (0)      5 :  0.4048 0.0000 0.5952 
 35       35   (0)      5 :  0.9993 0.0000 0.0007 
 36       36   (0)      5 :  0.7050 0.0000 0.2950 
 37       37   (0)      5 :  0.8860 0.0000 0.1140 
 38       38   (0)      5 :  0.8055 0.0000 0.1945 
 39       39   (0)      5 :  0.7527 0.0004 0.2469 
 40       40   (0)      5 :  0.6923 0.0000 0.3077 
 41       41   (0)      5 :  0.5662 0.0000 0.4338 
 42       42   (0)      5 :  0.0000 0.7117 0.2883 
 43       43   (0)      5 :  0.5809 0.0000 0.4191 
 44       44   (0)      4 :  0.9874 0.0126 0.0000 
 45       45   (0)      4 :  0.4045 0.0648 0.5307 
 46       46   (0)      4 :  0.3331 0.0145 0.6524 
 47       47   (0)      4 :  0.5151 0.0000 0.4849 
 48       48   (0)      5 :  0.3966 0.0540 0.5494 
 49       49   (0)      4 :  0.5104 0.0000 0.4896 
 50       50   (0)      4 :  0.0000 0.5008 0.4992 
 51       51   (0)      4 :  0.5750 0.0821 0.3429 
 52       52   (0)      4 :  0.0277 0.6032 0.3691 
 53       53   (0)      4 :  0.7879 0.0000 0.2121 
 54       54   (0)      4 :  0.0375 0.5854 0.3770 
 55       55   (0)      4 :  0.1237 0.4665 0.4099 
 56       56   (0)      4 :  0.8880 0.0000 0.1120 
 57       57   (0)      5 :  0.4904 0.0604 0.4492 
 58       58   (0)      4 :  0.0009 0.4287 0.5704 
 59       59   (0)      4 :  0.1135 0.5767 0.3098 
 60       60   (0)      4 :  0.3337 0.0028 0.6635 
 61       61   (0)      5 :  0.4191 0.0000 0.5809 
 62       62   (0)      6 :  0.1678 0.4447 0.3875 
 63       63   (0)      6 :  0.0000 0.6541 0.3459 
 64       64   (0)      6 :  0.1891 0.0241 0.7867 
 65       65   (0)      6 :  0.3849 0.0000 0.6151 
 66       66   (0)      6 :  0.6852 0.2035 0.1114 
 67       67   (0)      6 :  0.0000 0.0000 1.0000 
 68       68   (0)      6 :  0.0953 0.0187 0.8860 
 69       69   (0)      6 :  0.1271 0.0118 0.8612 
 70       70   (0)      6 :  0.1762 0.0000 0.8238 
 71       71   (0)      6 :  0.2145 0.0000 0.7855 
 72       72   (0)      7 :  0.5376 0.0000 0.4624 
 73       73   (0)      7 :  0.2472 0.0185 0.7344 
 74       74   (0)      7 :  0.4515 0.0369 0.5115 
 75       75   (0)      7 :  0.4731 0.0943 0.4325 
 76       76   (0)      7 :  0.9642 0.0000 0.0358 
 77       77   (0)      7 :  0.6050 0.0914 0.3036 
 78       78   (0)      7 :  0.4945 0.0556 0.4499 
 79       79   (0)      7 :  0.2395 0.0000 0.7605 
 80       80   (0)      7 :  0.6210 0.0000 0.3790 
 81       81   (0)      7 :  1.0000 0.0000 0.0000 
 82       82   (0)      7 :  0.2683 0.1050 0.6267 
 83       83   (0)      7 :  0.0000 0.6325 0.3675 
 84       84   (0)      7 :  0.5810 0.0008 0.4182 
 85       85   (0)      7 :  0.9122 0.0026 0.0852 
 86       86   (0)      7 :  0.0000 0.4895 0.5105 
 87       87   (0)      7 :  0.2937 0.0000 0.7063 
 88       88   (0)      7 :  0.0262 0.5727 0.4011 
 89       89   (0)      7 :  0.7206 0.0138 0.2655 
 90       90   (0)      7 :  0.2970 0.0000 0.7030 
 91       91   (0)      7 :  0.5962 0.0000 0.4038 
 92       92   (0)      7 :  0.8074 0.0546 0.1380 
 93       93   (0)      7 :  0.4397 0.0000 0.5603 
 94       94   (0)      7 :  0.8685 0.0000 0.1314 
 95       95   (0)      7 :  0.6991 0.0643 0.2365 
 96       96   (0)      7 :  0.9288 0.0712 0.0000 
 97       97   (0)      7 :  1.0000 0.0000 0.0000 
 98       98   (0)      7 :  1.0000 0.0000 0.0000 
 99       99   (0)      7 :  0.0412 0.5513 0.4075 
100      100   (0)      6 :  0.2008 0.0000 0.7992 
101      101   (0)      6 :  0.2579 0.0000 0.7421 
102      102   (0)      6 :  0.0973 0.0102 0.8925 
103      103   (0)      6 :  0.0411 0.0001 0.9588 
104      104   (0)      6 :  0.0365 0.0281 0.9354 
105      105   (0)      6 :  0.2731 0.0164 0.7105 
106      106   (0)      6 :  0.0258 0.0205 0.9537 
107      107   (0)      6 :  0.0466 0.0565 0.8969 
108      108   (0)      6 :  0.0000 0.6102 0.3898 
109      109   (0)      7 :  0.3763 0.0033 0.6204 
110      110   (0)      7 :  0.6688 0.2737 0.0575 
111      111   (0)      8 :  0.1293 0.1285 0.7421 
112      112   (0)      6 :  0.0001 0.1128 0.8871 
113      113   (0)      6 :  0.0000 0.6767 0.3233 
114      114   (0)      6 :  0.4029 0.0121 0.5849 
115      115   (0)      6 :  0.1652 0.6132 0.2216 
116      116   (0)      6 :  0.2615 0.0946 0.6439 
117      117   (0)      6 :  0.0548 0.0149 0.9303 
118      118   (0)      6 :  0.0000 0.0000 1.0000 
119      119   (0)      6 :  0.2179 0.0511 0.7310 
120      120   (0)      6 :  0.0021 0.0695 0.9284 
121      121   (0)      6 :  0.0181 0.6841 0.2978 
122      122   (0)      9 :  0.4842 0.0712 0.4446 
123      123   (0)      9 :  0.3309 0.0142 0.6549 
124      124   (0)      9 :  0.3730 0.0395 0.5876 
125      125   (0)      9 :  0.4847 0.0000 0.5153 
126      126   (0)      9 :  0.6763 0.0000 0.3237 
127      127   (0)      9 :  0.6898 0.0000 0.3102 
128      128   (0)      9 :  0.3590 0.0009 0.6400 
129      129   (0)      9 :  0.3299 0.0293 0.6408 
130      130   (0)      9 :  0.5530 0.0000 0.4470 
131      131   (0)      9 :  0.3882 0.0000 0.6118 
132      132   (0)      9 :  0.3369 0.0002 0.6628 
133      133   (0)      9 :  0.5310 0.0004 0.4687 
134      134   (0)      9 :  0.8352 0.1648 0.0000 
135      135   (0)      9 :  0.0611 0.0000 0.9389 
136      136   (0)      9 :  0.5873 0.0244 0.3883 
137      137   (0)      9 :  0.3559 0.0000 0.6441 
138      138   (0)      9 :  0.3673 0.0081 0.6247 
139      139   (0)      9 :  0.3693 0.0000 0.6307 
140      140   (0)      9 :  0.3162 0.0000 0.6838 
141      141   (0)      9 :  0.6581 0.0000 0.3419 
142      142   (0)      9 :  0.3060 0.0119 0.6822 
143      143   (0)      9 :  0.6227 0.1723 0.2050 
144      144   (0)      9 :  0.3512 0.0390 0.6098 
145      145   (0)      3 :  0.5739 0.0000 0.4261 
146      146   (0)      3 :  0.0605 0.4279 0.5116 
147      147   (0)      3 :  0.0783 0.0000 0.9217 
148      148   (0)      3 :  0.4581 0.0603 0.4817 
149      149   (0)      3 :  0.3719 0.0000 0.6281 
150      150   (0)      3 :  0.3730 0.0158 0.6112 
151      151   (0)      3 :  0.5583 0.0000 0.4417 
152      152   (0)      3 :  0.5513 0.0000 0.4487 
153      153   (0)      3 :  0.6389 0.0046 0.3565 
154      154   (0)      3 :  0.7248 0.0164 0.2588 
155      155   (0)      3 :  0.8771 0.0874 0.0355 
156      156   (0)      3 :  0.5973 0.0706 0.3321 
157      157   (0)      3 :  0.4963 0.0241 0.4797 
158      158   (0)      3 :  0.5874 0.0006 0.4120 
159      159   (0)      3 :  0.0153 0.5918 0.3929 
160      160   (0)      3 :  0.3191 0.0000 0.6809 
161      161   (0)      3 :  0.3055 0.0000 0.6945 
162      162   (0)      3 :  0.5384 0.0000 0.4616 
163      163   (0)      3 :  0.5614 0.0000 0.4386 
164      164   (0)      3 :  0.5988 0.0000 0.4012 
165      165   (0)      3 :  0.3268 0.0062 0.6669 
166      166   (0)      3 :  0.6483 0.0000 0.3517 
167      167   (0)      3 :  0.2676 0.0000 0.7324 
168      168   (0)      3 :  0.6301 0.0178 0.3520 
169      169   (0)      3 :  0.6259 0.0000 0.3741 
170      170   (0)      3 :  0.4166 0.0095 0.5739 
171      171   (0)      3 :  0.5899 0.0000 0.4101 
172      172   (0)      3 :  0.5062 0.0000 0.4938 
173      173   (0)      3 :  0.4778 0.0000 0.5222 
174      174   (0)      9 :  0.5084 0.0000 0.4916 
175      175   (0)      9 :  0.7919 0.1301 0.0779 
176      176   (0)      9 :  0.3009 0.0000 0.6991 
177      177   (0)      9 :  0.3631 0.0000 0.6369 
178      178   (0)      9 :  0.3210 0.0000 0.6790 
179      179   (0)      9 :  0.4628 0.0192 0.5180 
180      180   (0)      9 :  0.4364 0.0182 0.5454 
181      181   (0)      1 :  0.0772 0.0000 0.9228 
182      182   (0)      1 :  0.0000 0.0223 0.9777 
183      183   (0)      1 :  0.0296 0.0000 0.9704 
184      184   (0)      1 :  0.0000 0.0339 0.9661 
185      185   (0)      1 :  0.0000 0.0000 1.0000 
186      186   (0)      1 :  0.2880 0.0188 0.6932 
187      187   (0)      1 :  0.0005 0.0000 0.9995 
188      188   (0)      1 :  0.0034 0.0000 0.9966 
189      189   (0)      2 :  0.0077 0.0105 0.9818 
190      190   (0)      2 :  0.3416 0.0017 0.6567 
191      191   (0)      2 :  0.2333 0.0000 0.7667 
192      192   (0)      2 :  0.3642 0.0000 0.6358 
193      193   (0)      2 :  0.1061 0.0000 0.8939 
194      194   (0)      2 :  0.2055 0.0000 0.7945 
195      195   (0)      2 :  0.0226 0.0000 0.9774 
196      196   (0)      2 :  0.3629 0.0000 0.6371 
197      197   (0)      1 :  0.0979 0.0000 0.9021 
198      198   (0)      1 :  0.0000 0.0000 1.0000 
199      199   (0)      1 :  0.1465 0.0000 0.8535 
200      200   (0)      1 :  0.0001 0.0414 0.9586 
201      201   (0)      1 :  0.0000 0.0146 0.9854 
202      202   (0)      1 :  0.0000 0.0069 0.9931 
203      203   (0)      2 :  0.1272 0.3001 0.5727 
204      204   (0)      2 :  0.0230 0.0000 0.9770 
205      205   (0)      2 :  0.0957 0.5989 0.3054 
206      206   (0)      2 :  0.1848 0.0000 0.8152 
207      207   (0)      2 :  0.0030 0.0100 0.9870 
208      208   (0)      2 :  0.1170 0.0394 0.8436 
209      209   (0)      2 :  0.1679 0.0000 0.8321 
210      210   (0)      1 :  0.0000 0.0000 1.0000 
211      211   (0)      1 :  0.2632 0.0194 0.7174 
212      212   (0)      1 :  0.1116 0.0110 0.8774 
213      213   (0)      1 :  0.0098 0.0045 0.9857 
214      214   (0)      1 :  0.0000 0.0000 1.0000 
215      215   (0)      1 :  0.0000 0.0239 0.9761 
216      216   (0)      1 :  0.0044 0.0247 0.9709 
217      217   (0)      1 :  0.0942 0.0028 0.9031 
218      218   (0)      2 :  0.0000 0.0000 1.0000 
219      219   (0)      2 :  0.2544 0.0000 0.7456 
220      220   (0)      2 :  0.1149 0.0202 0.8649 
221      221   (0)      2 :  0.2842 0.0000 0.7158 
222      222   (0)      2 :  0.0581 0.0394 0.9024 
223      223   (0)      2 :  0.0145 0.0000 0.9855 
224      224   (0)      2 :  0.1334 0.0000 0.8666 
225      225   (0)      2 :  0.1192 0.0000 0.8808 
226      226   (0)      2 :  0.0208 0.0000 0.9792 
227      227   (0)      2 :  0.0697 0.0000 0.9303 
228      228   (0)      2 :  0.0000 0.0000 1.0000 
229      229   (0)      2 :  0.0000 0.4636 0.5364 
230      230   (0)      2 :  0.4203 0.0018 0.5779 
231      231   (0)      2 :  0.1315 0.0000 0.8685 
232      232   (0)     10 :  0.0000 0.0133 0.9867 
233      233   (0)     10 :  0.1689 0.0000 0.8311 
234      234   (0)     10 :  0.1041 0.0000 0.8959 
235      235   (0)     10 :  0.0863 0.0318 0.8819 
236      236   (0)     10 :  0.1398 0.0179 0.8423 
237      237   (0)     10 :  0.0955 0.0000 0.9045 
238      238   (0)     10 :  0.0786 0.0000 0.9214 
239      239   (0)     10 :  0.0000 0.0000 1.0000 
240      240   (0)     10 :  0.0810 0.0095 0.9095 
241      241   (0)     10 :  0.1692 0.0000 0.8308 
242      242   (0)     10 :  0.5382 0.0000 0.4618 
243      243   (0)     10 :  0.0000 0.0000 1.0000 
244      244   (0)     10 :  0.0000 0.0017 0.9983 
245      245   (0)     10 :  0.0581 0.0000 0.9419 
246      246   (0)     10 :  0.0000 0.0011 0.9989 
247      247   (0)     10 :  0.0982 0.0106 0.8912 
248      248   (0)     10 :  0.1073 0.0001 0.8926 
249      249   (0)     10 :  0.0553 0.0000 0.9447 
250      250   (0)     10 :  0.0884 0.0000 0.9116 
251      251   (0)     10 :  0.0000 0.0023 0.9977 
252      252   (0)     10 :  0.0000 0.0193 0.9807 
253      253   (0)     10 :  0.0916 0.0000 0.9084 
254      254   (0)     10 :  0.0059 0.0000 0.9941 
255      255   (0)     10 :  0.0000 0.0000 1.0000 
256      256   (0)     10 :  0.0000 0.5916 0.4084 
257      257   (0)     10 :  0.0000 0.0000 1.0000 
258      258   (0)     10 :  0.0000 0.0000 1.0000 
259      259   (0)     10 :  0.0000 0.0000 1.0000 
260      260   (0)     10 :  0.0000 0.0238 0.9762 
261      261   (0)     10 :  0.0951 0.0192 0.8857 
262      262   (0)     11 :  0.1890 0.0611 0.7499 
263      263   (0)     11 :  0.0000 0.0012 0.9988 
264      264   (0)     11 :  0.0000 0.0000 1.0000 
265      265   (0)     11 :  0.0000 0.6721 0.3279 
266      266   (0)     11 :  0.0000 0.0093 0.9907 
267      267   (0)     11 :  0.0000 0.7857 0.2143 
268      268   (0)     11 :  0.0000 0.0000 1.0000 
269      269   (0)     11 :  0.1576 0.0000 0.8424 
270      270   (0)     11 :  0.0000 0.0000 1.0000 
271      271   (0)     11 :  0.0000 0.0000 1.0000 
272      272   (0)     11 :  0.0000 0.0393 0.9607 
273      273   (0)     11 :  0.5125 0.3015 0.1860 
274      274   (0)     11 :  0.0000 0.5357 0.4643 
275      275   (0)     11 :  0.0379 0.0000 0.9621 
276      276   (0)     11 :  0.3852 0.2402 0.3745 
277      277   (0)     11 :  0.0410 0.0789 0.8800 
278      278   (0)     11 :  0.2418 0.0777 0.6804 
279      279   (0)     11 :  0.0000 0.0752 0.9248 
280      280   (0)     11 :  0.2017 0.0618 0.7365 
281      281   (0)     11 :  0.0000 0.0219 0.9781 
282      282   (0)     11 :  0.0000 0.0181 0.9819 
283      283   (0)     11 :  0.4036 0.0223 0.5741 
284      284   (0)     11 :  0.1039 0.0704 0.8257 
285      285   (0)     11 :  0.1482 0.0000 0.8518 
286      286   (0)     11 :  0.0892 0.0661 0.8447 
287      287   (0)     11 :  0.0744 0.0778 0.8479 
288      288   (0)     11 :  0.0058 0.0385 0.9557 
289      289   (0)     11 :  0.0119 0.0181 0.9700 
290      290   (0)     11 :  0.0381 0.0965 0.8654 
291      291   (0)     11 :  0.2807 0.0540 0.6653 
292      292   (0)     12 :  0.0000 1.0000 0.0000 
293      293   (0)     12 :  0.8602 0.1398 0.0000 
294      294   (0)     12 :  0.0000 1.0000 0.0000 
295      295   (0)     12 :  0.0000 1.0000 0.0000 
296      296   (0)     12 :  0.0000 1.0000 0.0000 
297      297   (0)     12 :  0.0000 1.0000 0.0000 
298      298   (0)     12 :  0.0000 1.0000 0.0000 
299      299   (0)     12 :  0.0000 1.0000 0.0000 
300      300   (0)     12 :  0.3518 0.0952 0.5531 
301      301   (0)     12 :  1.0000 0.0000 0.0000 
302      302   (0)     12 :  0.0000 1.0000 0.0000 
303      303   (0)     12 :  0.0000 1.0000 0.0000 
304      304   (0)     12 :  0.0000 0.4605 0.5395 
305      305   (0)     12 :  0.5072 0.0753 0.4174 
306      306   (0)     12 :  0.1291 0.8709 0.0000 
307      307   (0)     12 :  0.0000 1.0000 0.0000 
308      308   (0)     12 :  0.0000 0.9895 0.0105 
309      309   (0)     12 :  0.6479 0.0569 0.2952 
310      310   (0)     12 :  0.0000 1.0000 0.0000 
311      311   (0)     12 :  0.1518 0.6685 0.1796 
312      312   (0)     12 :  0.9081 0.0919 0.0000 
313      313   (0)     12 :  0.7644 0.0313 0.2043 
314      314   (0)     12 :  0.0000 0.6805 0.3195 
315      315   (0)     12 :  0.0000 1.0000 0.0000 
316      316   (0)     12 :  0.0105 0.8568 0.1327 
317      317   (0)     12 :  0.0000 0.8216 0.1784 
318      318   (0)     12 :  0.5434 0.0000 0.4566 
319      319   (0)     12 :  0.1257 0.8743 0.0000 
320      320   (0)     12 :  0.5324 0.0934 0.3742 
321      321   (0)     12 :  0.0000 0.8334 0.1666 
322      322   (0)     13 :  0.1035 0.0000 0.8965 
323      323   (0)     13 :  0.1185 0.0000 0.8815 
324      324   (0)     13 :  0.0000 0.0000 1.0000 
325      325   (0)     13 :  0.0000 0.0000 1.0000 
326      326   (0)     13 :  0.0000 0.0076 0.9924 
327      327   (0)     13 :  0.0547 0.0000 0.9453 
328      328   (0)     13 :  0.0373 0.0000 0.9627 
329      329   (0)     13 :  0.0895 0.0000 0.9105 
330      330   (0)     13 :  0.0433 0.0000 0.9567 
331      331   (0)     13 :  0.7159 0.1554 0.1287 
332      332   (0)     13 :  0.0485 0.0000 0.9515 
333      333   (0)     13 :  0.3267 0.0000 0.6733 
334      334   (0)     13 :  0.0000 0.0000 1.0000 
335      335   (0)     13 :  0.1690 0.0000 0.8310 
336      336   (0)     13 :  0.0201 0.0000 0.9799 
337      337   (0)     13 :  0.0000 0.0185 0.9815 
338      338   (0)     13 :  0.0161 0.0000 0.9839 
339      339   (0)     13 :  0.3275 0.0063 0.6662 
340      340   (0)     13 :  0.2081 0.0157 0.7762 
341      341   (0)     13 :  0.0000 0.0000 1.0000 
342      342   (0)     13 :  0.0000 0.0000 1.0000 
343      343   (0)     13 :  0.0000 0.0000 1.0000 
344      344   (0)     13 :  0.0001 0.0000 0.9999 
345      345   (0)     13 :  0.0000 0.5451 0.4549 
346      346   (0)     13 :  0.2885 0.0000 0.7115 
347      347   (0)     13 :  0.0351 0.0000 0.9649 
348      348   (0)     13 :  0.0121 0.0000 0.9879 
349      349   (0)     13 :  0.2170 0.0000 0.7830 
350      350   (0)     13 :  0.0000 0.8003 0.1997 
351      351   (0)     13 :  0.0000 0.0126 0.9874 
