1        1   (0)      1  : 0.0561 0.0213 0.0000 0.4503 0.4660 0.0000 0.0000 0.0032 0.0000 0.0031 0.0000
2        2   (0)      1  : 0.3471 0.0000 0.0174 0.3314 0.0474 0.0000 0.1084 0.0168 0.0972 0.0000 0.0342
3        3   (0)      1  : 0.0000 0.0992 0.0097 0.0100 0.0048 0.6788 0.0000 0.1951 0.0023 0.0000 0.0000
4        4   (0)      1  : 0.0039 0.0000 0.0000 0.4399 0.0933 0.0000 0.3244 0.0000 0.0000 0.0000 0.1386
5        5   (0)      1  : 0.0059 0.0000 0.0000 0.6237 0.0000 0.0000 0.0000 0.0390 0.2465 0.0850 0.0000
6        6   (0)      1  : 0.1234 0.0000 0.0000 0.0630 0.3329 0.3554 0.0000 0.0500 0.0000 0.0753 0.0000
7        7   (0)      2  : 0.0000 0.0000 0.0000 0.5156 0.0000 0.0000 0.4844 0.0000 0.0000 0.0000 0.0000
8        8   (0)      1  : 0.0356 0.0010 0.0000 0.6292 0.0027 0.0000 0.0000 0.0000 0.0000 0.3316 0.0000
9        9   (0)      3  : 0.0000 0.0000 0.5157 0.0000 0.2560 0.0000 0.0000 0.0524 0.0000 0.0000 0.1759
10       10   (0)      4  : 0.0000 0.0021 0.2073 0.0553 0.0000 0.0066 0.0000 0.5850 0.0000 0.0000 0.1437
11       11   (0)      4  : 0.2795 0.0000 0.3828 0.0816 0.0364 0.0000 0.0000 0.0000 0.0033 0.1121 0.1043
12       12   (0)      4  : 0.0096 0.0000 0.1104 0.0685 0.2298 0.0668 0.0081 0.0367 0.2790 0.0000 0.1911
13       13   (0)      4  : 0.0000 0.0000 0.0983 0.0847 0.0000 0.0137 0.0000 0.8000 0.0000 0.0000 0.0032
14       14   (0)      4  : 0.2744 0.0000 0.4853 0.1742 0.0000 0.0015 0.0000 0.0593 0.0053 0.0000 0.0000
15       15   (0)      4  : 0.0000 0.0000 0.0000 0.0000 0.2569 0.7431 0.0000 0.0000 0.0000 0.0000 0.0000
16       16   (0)      5  : 0.1752 0.0000 0.2129 0.0386 0.2091 0.0013 0.1682 0.0000 0.0228 0.1140 0.0578
17       17   (0)      4  : 0.0000 0.0000 0.4217 0.0000 0.2828 0.0307 0.2380 0.0268 0.0000 0.0000 0.0000
18       18   (0)      5  : 0.2218 0.0000 0.4000 0.1729 0.0442 0.0000 0.0732 0.0598 0.0000 0.0281 0.0000
19       19   (0)      5  : 0.2575 0.0000 0.5629 0.0092 0.0000 0.0000 0.0000 0.0000 0.0225 0.0000 0.1478
20       20   (0)      5  : 0.0000 0.0000 0.5747 0.0000 0.0837 0.0000 0.1938 0.0000 0.0000 0.0000 0.1477
21       21   (0)      5  : 0.1634 0.0000 0.7907 0.0000 0.0000 0.0000 0.0000 0.0000 0.0000 0.0459 0.0000
22       22   (0)      5  : 0.0000 0.0000 0.2257 0.0000 0.5204 0.0000 0.0000 0.0000 0.2090 0.0449 0.0000
23       23   (0)      5  : 0.0000 0.0000 0.6019 0.0000 0.2781 0.0000 0.0000 0.0097 0.0000 0.0000 0.1103
24       24   (0)      5  : 0.0496 0.0000 0.1602 0.0000 0.1215 0.0000 0.3173 0.0000 0.3514 0.0000 0.0000
25       25   (0)      5  : 0.0000 0.0319 0.6057 0.0000 0.2700 0.0000 0.0000 0.0074 0.0000 0.0000 0.0850
26       26   (0)      5  : 0.0000 0.0000 0.6113 0.0000 0.0000 0.0000 0.2849 0.0000 0.0030 0.0000 0.1008
27       27   (0)      5  : 0.0000 0.0000 0.4581 0.0000 0.4105 0.0000 0.0000 0.0181 0.1133 0.0000 0.0000
28       28   (0)      5  : 0.0121 0.0000 0.8256 0.0000 0.0000 0.0000 0.0000 0.1382 0.0242 0.0000 0.0000
29       29   (0)      5  : 0.5521 0.0000 0.2648 0.0000 0.0000 0.0000 0.0000 0.0000 0.0077 0.1754 0.0000
30       30   (0)      5  : 0.1792 0.0000 0.3554 0.0000 0.1026 0.0000 0.3084 0.0004 0.0150 0.0000 0.0391
31       31   (0)      5  : 0.0000 0.0000 0.2447 0.0000 0.1126 0.0000 0.0000 0.0000 0.5646 0.0000 0.0780
32       32   (0)      5  : 0.3182 0.0000 0.1619 0.0000 0.4568 0.0000 0.0000 0.0000 0.0171 0.0395 0.0064
33       33   (0)      5  : 0.2293 0.0000 0.2944 0.0000 0.3894 0.0000 0.0185 0.0389 0.0000 0.0195 0.0100
34       34   (0)      5  : 0.5109 0.0000 0.2927 0.0000 0.0045 0.0000 0.0064 0.0000 0.0000 0.0832 0.1023
35       35   (0)      5  : 0.0990 0.0000 0.8315 0.0000 0.0000 0.0000 0.0000 0.0004 0.0000 0.0386 0.0305
36       36   (0)      5  : 0.2552 0.0014 0.3712 0.0000 0.1264 0.0000 0.0000 0.0996 0.1462 0.0000 0.0000
37       37   (0)      5  : 0.0000 0.0000 0.6780 0.0125 0.0788 0.0000 0.0749 0.0886 0.0000 0.0673 0.0000
38       38   (0)      5  : 0.1388 0.0000 0.4318 0.0000 0.0322 0.0000 0.0000 0.2890 0.0000 0.1083 0.0000
39       39   (0)      5  : 0.3761 0.0000 0.3204 0.0000 0.0131 0.0000 0.0000 0.0176 0.2728 0.0000 0.0000
40       40   (0)      5  : 0.0000 0.0000 0.4163 0.0000 0.3307 0.0000 0.0000 0.0459 0.1376 0.0695 0.0000
41       41   (0)      5  : 0.4396 0.0000 0.4175 0.0000 0.0000 0.0000 0.0000 0.0000 0.0000 0.0488 0.0940
42       42   (0)      5  : 0.0000 0.0000 0.0000 0.0000 0.0000 0.9390 0.0512 0.0000 0.0000 0.0000 0.0098
43       43   (0)      5  : 0.0000 0.0000 0.2587 0.0000 0.2355 0.0000 0.1881 0.0101 0.2366 0.0710 0.0000
44       44   (0)      4  : 0.0000 0.0000 0.6233 0.0128 0.0000 0.0070 0.0000 0.3569 0.0000 0.0000 0.0000
45       45   (0)      4  : 0.0533 0.0000 0.0000 0.0000 0.0698 0.0000 0.5347 0.0000 0.3423 0.0000 0.0000
46       46   (0)      4  : 0.0000 0.0000 0.2594 0.0000 0.5430 0.0209 0.1767 0.0000 0.0000 0.0000 0.0000
47       47   (0)      4  : 0.5037 0.0000 0.2895 0.0134 0.0000 0.0000 0.0204 0.1204 0.0000 0.0369 0.0156
48       48   (0)      5  : 0.2358 0.0000 0.0000 0.0000 0.3067 0.0032 0.0977 0.0340 0.3225 0.0000 0.0000
49       49   (0)      4  : 0.0000 0.0000 0.3351 0.0000 0.1820 0.0000 0.0000 0.0000 0.0000 0.0000 0.4829
50       50   (0)      4  : 0.0000 0.0000 0.0000 0.0000 0.0496 0.8637 0.0000 0.0000 0.0000 0.0345 0.0522
51       51   (0)      4  : 0.2591 0.0324 0.2617 0.1247 0.0156 0.0022 0.0000 0.0000 0.1661 0.0894 0.0488
52       52   (0)      4  : 0.0000 0.0694 0.0000 0.0000 0.0031 0.7955 0.0000 0.0000 0.0000 0.0000 0.1319
53       53   (0)      4  : 0.2074 0.0000 0.5007 0.0909 0.0000 0.0000 0.0000 0.1054 0.0001 0.0253 0.0703
54       54   (0)      4  : 0.0011 0.0000 0.0139 0.0000 0.0000 0.9850 0.0000 0.0000 0.0000 0.0000 0.0000
55       55   (0)      4  : 0.1127 0.0000 0.0882 0.0000 0.0170 0.7517 0.0000 0.0304 0.0000 0.0000 0.0000
56       56   (0)      4  : 0.0000 0.0000 0.6439 0.0258 0.0127 0.0000 0.0753 0.2192 0.0000 0.0231 0.0000
57       57   (0)      5  : 0.3886 0.0000 0.0000 0.0000 0.0920 0.0000 0.0219 0.0000 0.4975 0.0000 0.0000
58       58   (0)      4  : 0.1634 0.1069 0.0042 0.0000 0.2331 0.4884 0.0000 0.0000 0.0000 0.0039 0.0000
59       59   (0)      4  : 0.0000 0.0000 0.0419 0.0000 0.0180 0.8536 0.0000 0.0639 0.0000 0.0000 0.0226
60       60   (0)      4  : 0.3587 0.0000 0.2008 0.0267 0.2077 0.0304 0.1446 0.0212 0.0000 0.0037 0.0061
61       61   (0)      5  : 0.0000 0.0000 0.2669 0.0071 0.1433 0.0000 0.5168 0.0659 0.0000 0.0000 0.0000
62       62   (0)      6  : 0.0000 0.0000 0.0073 0.0309 0.0733 0.6487 0.0259 0.1851 0.0074 0.0215 0.0000
63       63   (0)      6  : 0.0000 0.1552 0.0000 0.0000 0.0683 0.6970 0.0796 0.0000 0.0000 0.0000 0.0000
64       64   (0)      6  : 0.0000 0.0000 0.0000 0.7753 0.0000 0.0000 0.0000 0.0589 0.0000 0.1659 0.0000
65       65   (0)      6  : 0.1900 0.0000 0.2677 0.1423 0.2611 0.0000 0.0000 0.0000 0.0360 0.0401 0.0629
66       66   (0)      6  : 0.0000 0.0000 0.0914 0.1086 0.0000 0.0000 0.0000 0.8000 0.0000 0.0000 0.0000
67       67   (0)      6  : 0.0000 0.0000 0.0000 0.6268 0.3279 0.0000 0.0000 0.0000 0.0000 0.0000 0.0453
68       68   (0)      6  : 0.0016 0.0000 0.0566 0.3599 0.4256 0.0000 0.0000 0.0000 0.0000 0.1563 0.0000
69       69   (0)      6  : 0.2171 0.0000 0.1037 0.1359 0.4780 0.0027 0.0626 0.0000 0.0000 0.0000 0.0000
70       70   (0)      6  : 0.0000 0.0000 0.0899 0.1187 0.7237 0.0000 0.0085 0.0307 0.0000 0.0285 0.0000
71       71   (0)      6  : 0.1270 0.0000 0.1654 0.2970 0.4054 0.0000 0.0000 0.0000 0.0000 0.0051 0.0000
72       72   (0)      7  : 0.4228 0.0000 0.3184 0.0531 0.0000 0.0000 0.0000 0.0390 0.0691 0.0976 0.0000
73       73   (0)      7  : 0.2934 0.0000 0.1049 0.0000 0.0000 0.0061 0.5956 0.0000 0.0000 0.0000 0.0000
74       74   (0)      7  : 0.0531 0.0000 0.0162 0.0384 0.0241 0.0057 0.5321 0.0000 0.3304 0.0000 0.0000
75       75   (0)      7  : 0.0984 0.0094 0.3076 0.1226 0.0000 0.0504 0.1511 0.0000 0.0083 0.2522 0.0000
76       76   (0)      7  : 0.0000 0.0000 0.6006 0.0645 0.0000 0.0000 0.0000 0.0000 0.1622 0.1536 0.0191
77       77   (0)      7  : 0.0240 0.0000 0.0191 0.1955 0.0170 0.0000 0.0000 0.0055 0.6004 0.1385 0.0000
78       78   (0)      7  : 0.0000 0.0000 0.3011 0.0145 0.0000 0.0000 0.6022 0.0000 0.0490 0.0332 0.0000
79       79   (0)      7  : 0.5885 0.0000 0.1594 0.0036 0.0000 0.0000 0.2349 0.0000 0.0000 0.0135 0.0000
80       80   (0)      7  : 0.0656 0.0000 0.4870 0.2114 0.0363 0.0000 0.0000 0.0000 0.0000 0.1856 0.0140
81       81   (0)      7  : 0.0000 0.0000 0.7330 0.1690 0.0000 0.0000 0.0000 0.0087 0.0000 0.0892 0.0000
82       82   (0)      7  : 0.3745 0.0063 0.0000 0.0132 0.0301 0.0422 0.2100 0.0000 0.2326 0.0911 0.0000
83       83   (0)      7  : 0.0000 0.0736 0.0000 0.0472 0.0000 0.7489 0.1302 0.0000 0.0000 0.0000 0.0000
84       84   (0)      7  : 0.4021 0.0000 0.4526 0.1157 0.0000 0.0031 0.0000 0.0000 0.0000 0.0265 0.0000
85       85   (0)      7  : 0.0000 0.0000 0.7298 0.2019 0.0000 0.0000 0.0000 0.0000 0.0058 0.0625 0.0000
86       86   (0)      7  : 0.1587 0.0000 0.0000 0.0000 0.0995 0.7417 0.0000 0.0000 0.0000 0.0000 0.0000
87       87   (0)      7  : 0.0153 0.0000 0.2519 0.0770 0.5158 0.0000 0.0000 0.0000 0.0000 0.1400 0.0000
88       88   (0)      7  : 0.0000 0.0000 0.0042 0.0000 0.1423 0.8000 0.0000 0.0535 0.0000 0.0000 0.0000
89       89   (0)      7  : 0.4105 0.0000 0.3480 0.0000 0.0196 0.0000 0.0000 0.0397 0.1822 0.0000 0.0000
90       90   (0)      7  : 0.3382 0.0000 0.2298 0.0470 0.3416 0.0000 0.0000 0.0000 0.0000 0.0001 0.0433
91       91   (0)      7  : 0.3593 0.0000 0.4497 0.0876 0.0000 0.0000 0.0053 0.0000 0.0000 0.0277 0.0704
92       92   (0)      7  : 0.1963 0.0000 0.1085 0.1183 0.0000 0.0000 0.0000 0.0000 0.5768 0.0000 0.0000
93       93   (0)      7  : 0.3098 0.0000 0.2376 0.0756 0.1806 0.0276 0.0287 0.1069 0.0331 0.0000 0.0000
94       94   (0)      7  : 0.0000 0.0000 0.5736 0.2610 0.0000 0.0000 0.0000 0.0401 0.1143 0.0111 0.0000
95       95   (0)      7  : 0.0880 0.0000 0.1564 0.1028 0.1610 0.0000 0.0000 0.0000 0.4919 0.0000 0.0000
96       96   (0)      7  : 0.0000 0.0000 0.5526 0.0111 0.0000 0.0000 0.2043 0.0128 0.2193 0.0000 0.0000
97       97   (0)      7  : 0.0000 0.0000 0.3272 0.0485 0.0000 0.0000 0.0000 0.0000 0.6243 0.0000 0.0000
98       98   (0)      7  : 0.0000 0.0000 0.6394 0.0822 0.0018 0.0000 0.0000 0.1070 0.1697 0.0000 0.0000
99       99   (0)      7  : 0.0377 0.0090 0.0108 0.1863 0.0000 0.7235 0.0000 0.0096 0.0231 0.0000 0.0000
100      100   (0)      6  : 0.2835 0.0000 0.1398 0.3705 0.0000 0.0000 0.2042 0.0021 0.0000 0.0000 0.0000
101      101   (0)      6  : 0.0243 0.0000 0.1427 0.3491 0.0092 0.0049 0.3436 0.0493 0.0073 0.0000 0.0696
102      102   (0)      6  : 0.0003 0.0000 0.0089 0.2090 0.6600 0.0033 0.0000 0.1084 0.0000 0.0102 0.0000
103      103   (0)      6  : 0.5475 0.0000 0.0031 0.4495 0.0000 0.0000 0.0000 0.0000 0.0000 0.0000 0.0000
104      104   (0)      6  : 0.0000 0.0000 0.0000 0.3696 0.6263 0.0000 0.0000 0.0040 0.0000 0.0000 0.0000
105      105   (0)      6  : 0.2628 0.0000 0.0513 0.4480 0.0306 0.0000 0.0000 0.1035 0.0531 0.0000 0.0507
106      106   (0)      6  : 0.2463 0.0000 0.0025 0.3417 0.2214 0.0158 0.1277 0.0111 0.0000 0.0000 0.0334
107      107   (0)      6  : 0.0858 0.0078 0.0000 0.4838 0.3032 0.0000 0.0000 0.0000 0.0979 0.0050 0.0165
108      108   (0)      6  : 0.0000 0.0000 0.0000 0.0895 0.0000 0.8784 0.0000 0.0000 0.0000 0.0321 0.0000
109      109   (0)      7  : 0.0677 0.0000 0.2952 0.1634 0.3057 0.0076 0.0420 0.0000 0.0000 0.1034 0.0151
110      110   (0)      7  : 0.0000 0.0000 0.0819 0.1016 0.0000 0.0164 0.0000 0.8000 0.0000 0.0000 0.0000
111      111   (0)      8  : 0.0000 0.0000 0.0101 0.4850 0.0000 0.0000 0.2987 0.2063 0.0000 0.0000 0.0000
112      112   (0)      6  : 0.0000 0.0000 0.0000 1.0000 0.0000 0.0000 0.0000 0.0000 0.0000 0.0000 0.0000
113      113   (0)      6  : 0.0000 0.0000 0.0000 0.0737 0.0000 0.8867 0.0000 0.0395 0.0000 0.0000 0.0000
114      114   (0)      6  : 0.0000 0.0000 0.3195 0.6384 0.0000 0.0000 0.0000 0.0000 0.0000 0.0421 0.0000
115      115   (0)      6  : 0.0000 0.1620 0.0134 0.2697 0.0000 0.4222 0.0000 0.0931 0.0396 0.0000 0.0000
116      116   (0)      6  : 0.0000 0.0192 0.1319 0.4344 0.0413 0.0000 0.2945 0.0752 0.0036 0.0000 0.0000
117      117   (0)      6  : 0.0000 0.0000 0.0000 0.4994 0.2552 0.0000 0.0815 0.0000 0.0000 0.0000 0.1639
118      118   (0)      6  : 0.1264 0.0000 0.0000 0.5442 0.2055 0.0000 0.1239 0.0000 0.0000 0.0000 0.0000
119      119   (0)      6  : 0.0000 0.0000 0.0895 0.7356 0.0000 0.0000 0.1749 0.0000 0.0000 0.0000 0.0000
120      120   (0)      6  : 0.0000 0.0000 0.0000 0.5244 0.0000 0.0000 0.4756 0.0000 0.0000 0.0000 0.0000
121      121   (0)      6  : 0.0000 0.0399 0.0000 0.1963 0.0000 0.7639 0.0000 0.0000 0.0000 0.0000 0.0000
122      122   (0)      9  : 0.0000 0.0000 0.0000 0.0441 0.3636 0.0000 0.0000 0.0614 0.5309 0.0000 0.0000
123      123   (0)      9  : 0.2329 0.0000 0.1497 0.0000 0.4203 0.0301 0.0200 0.0966 0.0505 0.0000 0.0000
124      124   (0)      9  : 0.0000 0.0000 0.0000 0.0000 0.5724 0.0000 0.0000 0.0000 0.3737 0.0540 0.0000
125      125   (0)      9  : 0.5372 0.0000 0.3336 0.0000 0.0363 0.0045 0.0000 0.0868 0.0000 0.0016 0.0000
126      126   (0)      9  : 0.3485 0.0000 0.4460 0.0000 0.0000 0.0000 0.0354 0.1220 0.0163 0.0319 0.0000
127      127   (0)      9  : 0.0000 0.0000 0.4093 0.0000 0.3191 0.0000 0.0000 0.0839 0.0336 0.0000 0.1540
128      128   (0)      9  : 0.1241 0.0000 0.0204 0.0000 0.5587 0.0000 0.0000 0.0593 0.2375 0.0000 0.0000
129      129   (0)      9  : 0.0000 0.0000 0.1170 0.0000 0.5586 0.0000 0.0502 0.1582 0.0685 0.0000 0.0475
130      130   (0)      9  : 0.1903 0.0000 0.0141 0.0000 0.0176 0.0000 0.1930 0.1433 0.3646 0.0000 0.0771
131      131   (0)      9  : 0.1440 0.0000 0.1545 0.0000 0.2892 0.0000 0.2216 0.1134 0.0755 0.0000 0.0018
132      132   (0)      9  : 0.2114 0.0000 0.0137 0.0000 0.3620 0.0000 0.0000 0.0477 0.2097 0.1502 0.0053
133      133   (0)      9  : 0.0303 0.0000 0.3339 0.0000 0.0807 0.0000 0.4374 0.1178 0.0000 0.0000 0.0000
134      134   (0)      9  : 0.0000 0.0049 0.1066 0.0665 0.0000 0.0000 0.0000 0.8194 0.0013 0.0014 0.0000
135      135   (0)      9  : 0.0388 0.0000 0.0203 0.0000 0.8979 0.0000 0.0000 0.0403 0.0000 0.0000 0.0027
136      136   (0)      9  : 0.3427 0.0000 0.1206 0.0119 0.0160 0.0000 0.0000 0.0633 0.3442 0.0689 0.0324
137      137   (0)      9  : 0.3666 0.0000 0.1861 0.0000 0.0149 0.0000 0.2831 0.1152 0.0114 0.0227 0.0000
138      138   (0)      9  : 0.6795 0.0000 0.2127 0.0000 0.0001 0.0067 0.0020 0.0606 0.0016 0.0011 0.0356
139      139   (0)      9  : 0.6179 0.0000 0.1840 0.0467 0.0000 0.0000 0.0227 0.1060 0.0017 0.0209 0.0000
140      140   (0)      9  : 0.3157 0.0000 0.1847 0.0000 0.3429 0.0000 0.0000 0.1383 0.0000 0.0015 0.0170
141      141   (0)      9  : 0.0000 0.0000 0.4448 0.0130 0.2186 0.0000 0.0000 0.0604 0.0343 0.0658 0.1630
142      142   (0)      9  : 0.4600 0.0013 0.1128 0.0971 0.0379 0.0000 0.0265 0.0433 0.0763 0.1225 0.0225
143      143   (0)      9  : 0.0000 0.0000 0.0769 0.0726 0.0000 0.0205 0.0000 0.8272 0.0000 0.0000 0.0028
144      144   (0)      9  : 0.2841 0.0070 0.1107 0.0000 0.0109 0.0000 0.3187 0.0681 0.0605 0.0000 0.1401
145      145   (0)      3  : 0.0000 0.0000 0.2250 0.0000 0.3849 0.0000 0.0000 0.0357 0.1953 0.1193 0.0397
146      146   (0)      3  : 0.0701 0.0807 0.0325 0.0000 0.2362 0.5063 0.0000 0.0152 0.0000 0.0590 0.0000
147      147   (0)      3  : 0.0540 0.0000 0.0072 0.0000 0.7551 0.0000 0.0000 0.0000 0.0000 0.0228 0.1609
148      148   (0)      3  : 0.5218 0.0208 0.2496 0.0000 0.0422 0.0453 0.0000 0.0944 0.0259 0.0000 0.0000
149      149   (0)      3  : 0.4204 0.0000 0.2029 0.0000 0.1725 0.0000 0.0000 0.0337 0.0165 0.0513 0.1028
150      150   (0)      3  : 0.0011 0.0000 0.2062 0.0000 0.4222 0.0747 0.0079 0.1488 0.0000 0.0000 0.1391
151      151   (0)      3  : 0.3605 0.0000 0.3542 0.0000 0.0035 0.0000 0.0000 0.1390 0.0000 0.1428 0.0000
152      152   (0)      3  : 0.3636 0.0000 0.2923 0.0000 0.1283 0.0000 0.0000 0.2158 0.0000 0.0000 0.0000
153      153   (0)      3  : 0.2131 0.0231 0.4360 0.0000 0.0838 0.0000 0.0000 0.0431 0.0323 0.0147 0.1540
154      154   (0)      3  : 0.1386 0.0106 0.4195 0.0039 0.0566 0.0000 0.0000 0.2300 0.0000 0.1408 0.0000
155      155   (0)      3  : 0.1067 0.0464 0.5202 0.0000 0.0000 0.0300 0.0000 0.1601 0.0195 0.1172 0.0000
156      156   (0)      3  : 0.3151 0.0477 0.1806 0.0000 0.1043 0.0000 0.0000 0.0617 0.2659 0.0248 0.0000
157      157   (0)      3  : 0.4472 0.0006 0.0661 0.0001 0.0916 0.0000 0.0000 0.1007 0.2730 0.0207 0.0000
158      158   (0)      3  : 0.4884 0.0022 0.2680 0.0269 0.0037 0.0000 0.0000 0.0689 0.1276 0.0142 0.0000
159      159   (0)      3  : 0.2947 0.1888 0.0000 0.0000 0.0000 0.5165 0.0000 0.0000 0.0000 0.0000 0.0000
160      160   (0)      3  : 0.3719 0.0000 0.1437 0.0000 0.0519 0.0000 0.1361 0.1527 0.0000 0.0000 0.1437
161      161   (0)      3  : 0.0000 0.0000 0.1227 0.0000 0.6230 0.0000 0.0000 0.1869 0.0000 0.0673 0.0000
162      162   (0)      3  : 0.4036 0.0000 0.3752 0.0000 0.0000 0.0000 0.0000 0.0303 0.0000 0.1909 0.0000
163      163   (0)      3  : 0.2747 0.0000 0.4402 0.0000 0.1668 0.0000 0.0000 0.0047 0.0000 0.0000 0.1135
164      164   (0)      3  : 0.4921 0.0000 0.2634 0.0000 0.0000 0.0000 0.0000 0.1144 0.1301 0.0000 0.0000
165      165   (0)      3  : 0.0000 0.0000 0.1388 0.0000 0.6251 0.0000 0.0000 0.2132 0.0000 0.0221 0.0007
166      166   (0)      3  : 0.3206 0.0000 0.4334 0.0000 0.0371 0.0000 0.0011 0.0379 0.0194 0.0000 0.1505
167      167   (0)      3  : 0.4718 0.0000 0.1785 0.0000 0.2042 0.0000 0.0000 0.0324 0.0000 0.0732 0.0400
168      168   (0)      3  : 0.4148 0.0000 0.1621 0.0000 0.0117 0.0000 0.0000 0.1067 0.3047 0.0000 0.0000
169      169   (0)      3  : 0.3948 0.0000 0.4377 0.0029 0.0000 0.0000 0.0000 0.0182 0.0000 0.0654 0.0810
170      170   (0)      3  : 0.6784 0.0000 0.2323 0.0000 0.0000 0.0000 0.0000 0.0544 0.0350 0.0000 0.0000
171      171   (0)      3  : 0.2520 0.0000 0.4090 0.0000 0.0000 0.0000 0.2471 0.0364 0.0240 0.0000 0.0316
172      172   (0)      3  : 0.5174 0.0000 0.3192 0.0020 0.0000 0.0000 0.0012 0.1341 0.0000 0.0000 0.0261
173      173   (0)      3  : 0.1366 0.0049 0.2744 0.0126 0.2595 0.0000 0.0000 0.0498 0.0385 0.1437 0.0800
174      174   (0)      9  : 0.0090 0.0000 0.3627 0.0000 0.2497 0.0000 0.1759 0.0463 0.0000 0.0000 0.1564
175      175   (0)      9  : 0.0000 0.0027 0.0878 0.0720 0.0000 0.0000 0.0000 0.5863 0.2511 0.0000 0.0000
176      176   (0)      9  : 0.4127 0.0000 0.1100 0.0000 0.3037 0.0000 0.0098 0.0550 0.0981 0.0108 0.0000
177      177   (0)      9  : 0.2555 0.0000 0.1351 0.1580 0.0000 0.0000 0.1234 0.1095 0.0000 0.0000 0.2186
178      178   (0)      9  : 0.1023 0.0047 0.1810 0.0000 0.3614 0.0000 0.2040 0.0773 0.0000 0.0693 0.0000
179      179   (0)      9  : 0.1036 0.0163 0.2867 0.0700 0.3149 0.0000 0.0000 0.0900 0.0000 0.0857 0.0328
180      180   (0)      9  : 0.0310 0.0000 0.2035 0.0000 0.1964 0.0000 0.2595 0.1804 0.0116 0.1176 0.0000
181      181   (0)      1  : 0.6099 0.0000 0.0331 0.2502 0.0014 0.0000 0.0000 0.0212 0.0000 0.0775 0.0066
182      182   (0)      1  : 0.1178 0.0000 0.0000 0.1689 0.2445 0.0000 0.3728 0.0020 0.0000 0.0169 0.0771
183      183   (0)      1  : 0.4951 0.0000 0.0000 0.2122 0.0000 0.0000 0.0074 0.0073 0.0000 0.2321 0.0458
184      184   (0)      1  : 0.0861 0.0000 0.0000 0.3913 0.3563 0.0220 0.0000 0.0000 0.0000 0.1204 0.0238
185      185   (0)      1  : 0.6465 0.0000 0.0000 0.2073 0.0075 0.0000 0.0000 0.0000 0.0000 0.0484 0.0904
186      186   (0)      1  : 0.2909 0.0015 0.0155 0.1874 0.2171 0.0000 0.0000 0.0794 0.1698 0.0000 0.0383
187      187   (0)      1  : 0.5683 0.0000 0.0000 0.3168 0.0425 0.0000 0.0027 0.0000 0.0000 0.0697 0.0000
188      188   (0)      1  : 0.7967 0.0000 0.0000 0.0519 0.0481 0.0000 0.0000 0.0000 0.0000 0.0701 0.0333
189      189   (0)      2  : 0.2190 0.0000 0.0000 0.0404 0.3434 0.0000 0.0000 0.0000 0.0032 0.0000 0.3941
190      190   (0)      2  : 0.6511 0.0000 0.1916 0.0763 0.0000 0.0000 0.0180 0.0472 0.0053 0.0105 0.0000
191      191   (0)      2  : 0.5548 0.0000 0.1255 0.0871 0.0697 0.0000 0.0000 0.0561 0.0000 0.0966 0.0102
192      192   (0)      2  : 0.0000 0.0000 0.2692 0.0000 0.4640 0.0000 0.2180 0.0160 0.0000 0.0000 0.0328
193      193   (0)      2  : 0.6879 0.0000 0.0048 0.0059 0.1892 0.0000 0.0000 0.0503 0.0000 0.0620 0.0000
194      194   (0)      2  : 0.0000 0.0000 0.1016 0.0057 0.8290 0.0000 0.0000 0.0589 0.0000 0.0000 0.0048
195      195   (0)      2  : 0.3215 0.0000 0.0000 0.3768 0.0269 0.0000 0.0000 0.0000 0.0000 0.0237 0.2511
196      196   (0)      2  : 0.0672 0.0000 0.2129 0.0859 0.0219 0.0000 0.0001 0.0000 0.0000 0.0117 0.6003
197      197   (0)      1  : 0.1982 0.0000 0.0559 0.0560 0.4490 0.0000 0.0000 0.0167 0.0000 0.1754 0.0487
198      198   (0)      1  : 0.0913 0.0000 0.0000 0.3386 0.0000 0.0000 0.4043 0.0000 0.0000 0.1659 0.0000
199      199   (0)      1  : 0.0000 0.0000 0.0525 0.3473 0.3534 0.0000 0.0000 0.0714 0.0000 0.0987 0.0765
200      200   (0)      1  : 0.0590 0.0000 0.0000 0.6548 0.0852 0.0000 0.0000 0.0120 0.0000 0.0000 0.1890
201      201   (0)      1  : 0.0000 0.0000 0.0000 0.4998 0.2863 0.0026 0.0000 0.0008 0.0000 0.0000 0.2105
202      202   (0)      1  : 0.0000 0.0000 0.0000 0.9528 0.0000 0.0000 0.0000 0.0000 0.0000 0.0039 0.0433
203      203   (0)      2  : 0.0000 0.0000 0.0053 0.0000 0.0849 0.4687 0.1444 0.1332 0.0000 0.0000 0.1635
204      204   (0)      2  : 0.0000 0.0000 0.0000 0.1945 0.2053 0.0000 0.3395 0.0000 0.0000 0.0000 0.2608
205      205   (0)      2  : 0.0000 0.0162 0.0435 0.0000 0.0437 0.8315 0.0000 0.0552 0.0099 0.0000 0.0000
206      206   (0)      2  : 0.5905 0.0000 0.0853 0.1047 0.0110 0.0000 0.0094 0.0331 0.0000 0.1639 0.0021
207      207   (0)      2  : 0.0000 0.0000 0.0000 0.0000 0.6360 0.0187 0.2420 0.0000 0.0000 0.0000 0.1033
208      208   (0)      2  : 0.8035 0.0000 0.0117 0.0000 0.0000 0.0531 0.0281 0.0000 0.0000 0.0246 0.0789
209      209   (0)      2  : 0.0000 0.0000 0.0277 0.0000 0.1234 0.0000 0.2927 0.0000 0.0000 0.0000 0.5562
210      210   (0)      1  : 0.0000 0.0000 0.0000 0.0799 0.3233 0.0000 0.4024 0.0000 0.0000 0.0000 0.1944
211      211   (0)      1  : 0.0290 0.0000 0.1120 0.4065 0.0000 0.0000 0.2357 0.1457 0.0041 0.0066 0.0605
212      212   (0)      1  : 0.0000 0.0000 0.0136 0.2249 0.0204 0.0000 0.6668 0.0315 0.0000 0.0272 0.0156
213      213   (0)      1  : 0.3275 0.0000 0.0000 0.5243 0.0000 0.0000 0.0175 0.0000 0.0000 0.1146 0.0161
214      214   (0)      1  : 0.0000 0.0000 0.0000 0.1884 0.6580 0.0000 0.0259 0.0000 0.0000 0.0001 0.1276
215      215   (0)      1  : 0.1864 0.0000 0.0000 0.5332 0.0000 0.0000 0.2685 0.0000 0.0000 0.0005 0.0115
216      216   (0)      1  : 0.2889 0.0000 0.0000 0.6031 0.0000 0.0000 0.0000 0.0000 0.0000 0.0697 0.0382
217      217   (0)      1  : 0.0000 0.0000 0.0138 0.4511 0.4555 0.0000 0.0000 0.0396 0.0002 0.0189 0.0209
218      218   (0)      2  : 0.3610 0.0000 0.0000 0.1904 0.3864 0.0000 0.0000 0.0000 0.0000 0.0126 0.0496
219      219   (0)      2  : 0.0000 0.0000 0.1379 0.0265 0.3134 0.0000 0.2880 0.0825 0.0014 0.0000 0.1503
220      220   (0)      2  : 0.4851 0.0006 0.0054 0.2395 0.0000 0.0000 0.0628 0.0231 0.0074 0.1370 0.0391
221      221   (0)      2  : 0.4231 0.0000 0.1329 0.2386 0.1169 0.0000 0.0000 0.0372 0.0418 0.0000 0.0095
222      222   (0)      2  : 0.4233 0.0000 0.0000 0.1063 0.0000 0.0186 0.3818 0.0253 0.0000 0.0000 0.0447
223      223   (0)      2  : 0.0506 0.0000 0.0004 0.0055 0.7286 0.0336 0.0000 0.0000 0.0000 0.0980 0.0835
224      224   (0)      2  : 0.2387 0.0000 0.0291 0.0744 0.2036 0.0000 0.0000 0.0000 0.0000 0.0000 0.4541
225      225   (0)      2  : 0.6256 0.0000 0.0000 0.1518 0.0000 0.0000 0.0632 0.0221 0.0327 0.0251 0.0796
226      226   (0)      2  : 0.7191 0.0000 0.0000 0.1207 0.0427 0.0000 0.0068 0.0000 0.0000 0.0296 0.0812
227      227   (0)      2  : 0.8082 0.0000 0.0028 0.0049 0.0385 0.0000 0.0000 0.0000 0.0026 0.0023 0.1406
228      228   (0)      2  : 0.7563 0.0000 0.0000 0.1209 0.0344 0.0000 0.0000 0.0000 0.0000 0.0884 0.0000
229      229   (0)      2  : 0.0261 0.0093 0.0000 0.0019 0.1971 0.6870 0.0000 0.0000 0.0000 0.0786 0.0000
230      230   (0)      2  : 0.3828 0.0000 0.1071 0.0634 0.1212 0.0000 0.0000 0.0341 0.1963 0.0950 0.0000
231      231   (0)      2  : 0.4537 0.0000 0.0129 0.0298 0.3440 0.0000 0.0000 0.0000 0.0382 0.0144 0.1070
232      232   (0)     10  : 0.0485 0.0000 0.0000 0.0000 0.4073 0.0081 0.0000 0.0000 0.0000 0.4652 0.0710
233      233   (0)     10  : 0.0000 0.0000 0.0000 0.0000 0.4287 0.0000 0.0329 0.1473 0.0000 0.3247 0.0664
234      234   (0)     10  : 0.0000 0.0000 0.0000 0.0000 0.0000 0.0000 0.7377 0.0208 0.0000 0.1137 0.1277
235      235   (0)     10  : 0.0000 0.0000 0.0000 0.0003 0.0980 0.0000 0.4147 0.0725 0.0000 0.2205 0.1941
236      236   (0)     10  : 0.0000 0.0000 0.0000 0.0000 0.2509 0.0000 0.0955 0.1641 0.0000 0.0666 0.4229
237      237   (0)     10  : 0.0278 0.0000 0.0064 0.0000 0.0000 0.0000 0.6121 0.0279 0.0000 0.1008 0.2250
238      238   (0)     10  : 0.1104 0.0000 0.0145 0.0000 0.3664 0.0000 0.0000 0.0174 0.0000 0.2101 0.2813
239      239   (0)     10  : 0.0000 0.0000 0.0000 0.0000 0.0000 0.0000 0.2654 0.0000 0.0000 0.7119 0.0227
240      240   (0)     10  : 0.0000 0.0000 0.0000 0.0000 0.0000 0.0000 0.5745 0.0000 0.0000 0.0000 0.4255
241      241   (0)     10  : 0.6967 0.0000 0.0000 0.0110 0.0000 0.0000 0.0000 0.0109 0.1001 0.1507 0.0306
242      242   (0)     10  : 0.0000 0.0000 0.1401 0.0000 0.1376 0.0000 0.0101 0.0000 0.2602 0.0529 0.3992
243      243   (0)     10  : 0.6004 0.0000 0.0000 0.0017 0.0000 0.0000 0.0179 0.0000 0.0000 0.2012 0.1788
244      244   (0)     10  : 0.0000 0.0000 0.0000 0.0000 0.4700 0.0000 0.2989 0.0000 0.0000 0.1615 0.0696
245      245   (0)     10  : 0.7160 0.0000 0.0000 0.0035 0.0424 0.0000 0.0000 0.0000 0.0000 0.0293 0.2088
246      246   (0)     10  : 0.2009 0.0014 0.0000 0.0001 0.3640 0.0000 0.0000 0.0000 0.0000 0.4287 0.0050
247      247   (0)     10  : 0.0325 0.0000 0.0000 0.0000 0.5654 0.0000 0.0119 0.0000 0.0940 0.0441 0.2521
248      248   (0)     10  : 0.3933 0.0000 0.0456 0.0000 0.0000 0.0000 0.0013 0.0065 0.0000 0.4420 0.1113
249      249   (0)     10  : 0.8048 0.0000 0.0204 0.0000 0.0000 0.0000 0.0000 0.0100 0.0000 0.1485 0.0162
250      250   (0)     10  : 0.0000 0.0000 0.0154 0.0118 0.0000 0.0000 0.0000 0.0000 0.0000 0.9728 0.0000
251      251   (0)     10  : 0.0000 0.0000 0.0000 0.0008 0.0000 0.0000 0.5934 0.0009 0.0000 0.0827 0.3222
252      252   (0)     10  : 0.4492 0.0000 0.0000 0.0000 0.2361 0.0219 0.0000 0.0000 0.0000 0.1662 0.1265
253      253   (0)     10  : 0.3697 0.0000 0.0377 0.0000 0.0000 0.0000 0.0000 0.0084 0.0000 0.5695 0.0146
254      254   (0)     10  : 0.2888 0.0000 0.0000 0.0989 0.0000 0.0000 0.2416 0.0000 0.0000 0.1834 0.1873
255      255   (0)     10  : 0.0000 0.0000 0.0000 0.0000 0.0000 0.0000 0.0000 0.0000 0.0000 1.0000 0.0000
256      256   (0)     10  : 0.0000 0.0000 0.0000 0.0000 0.0260 0.9740 0.0000 0.0000 0.0000 0.0000 0.0000
257      257   (0)     10  : 0.0337 0.0000 0.0000 0.0000 0.3582 0.0000 0.0000 0.0000 0.0000 0.5510 0.0571
258      258   (0)     10  : 0.0000 0.0000 0.0000 0.0000 0.0000 0.0000 0.3365 0.0000 0.0000 0.4382 0.2253
259      259   (0)     10  : 0.3667 0.0000 0.0000 0.0000 0.0000 0.0000 0.0000 0.0000 0.0000 0.4234 0.2099
260      260   (0)     10  : 0.3239 0.0022 0.0000 0.0000 0.1608 0.0000 0.2783 0.0000 0.0000 0.1103 0.1245
261      261   (0)     10  : 0.0000 0.0000 0.0057 0.0000 0.0000 0.0000 0.0000 0.0000 0.0000 0.9943 0.0000
262      262   (0)     11  : 0.0646 0.0064 0.0000 0.1273 0.0222 0.0000 0.2604 0.0188 0.1468 0.3535 0.0000
263      263   (0)     11  : 0.5871 0.0000 0.0000 0.0871 0.0000 0.0000 0.1056 0.0000 0.0000 0.1224 0.0978
264      264   (0)     11  : 0.6598 0.0000 0.0000 0.0000 0.0000 0.0000 0.0000 0.0000 0.0000 0.2560 0.0842
265      265   (0)     11  : 0.0000 0.0000 0.0000 0.0000 0.0000 1.0000 0.0000 0.0000 0.0000 0.0000 0.0000
266      266   (0)     11  : 0.0000 0.0000 0.0000 0.0041 0.6472 0.0150 0.0187 0.0000 0.0000 0.1886 0.1264
267      267   (0)     11  : 0.0000 0.0000 0.0000 0.0000 0.0000 1.0000 0.0000 0.0000 0.0000 0.0000 0.0000
268      268   (0)     11  : 0.0000 0.0000 0.0000 0.0000 0.4801 0.0000 0.0000 0.0000 0.0000 0.4433 0.0766
269      269   (0)     11  : 0.4140 0.0000 0.0097 0.0047 0.0000 0.0000 0.0164 0.0323 0.0040 0.4949 0.0240
270      270   (0)     11  : 0.2684 0.0000 0.0000 0.0000 0.0000 0.0000 0.0106 0.0000 0.0000 0.7183 0.0026
271      271   (0)     11  : 0.0000 0.0000 0.0000 0.2543 0.0474 0.0000 0.1052 0.0000 0.0000 0.0210 0.5722
272      272   (0)     11  : 0.0000 0.0000 0.0000 0.0000 0.0008 0.0000 0.4528 0.0000 0.0000 0.4594 0.0870
273      273   (0)     11  : 0.0000 0.0000 0.0000 0.0000 0.0000 0.0000 0.3634 0.0000 0.6366 0.0000 0.0000
274      274   (0)     11  : 0.0000 0.1444 0.0000 0.0007 0.0330 0.5733 0.0938 0.0000 0.0000 0.0369 0.1178
275      275   (0)     11  : 0.0000 0.0000 0.0000 0.0326 0.0000 0.0000 0.0126 0.0074 0.0000 0.9474 0.0000
276      276   (0)     11  : 0.1059 0.0673 0.0000 0.0000 0.0000 0.0000 0.0897 0.0000 0.5145 0.2226 0.0000
277      277   (0)     11  : 0.3783 0.0102 0.0000 0.2780 0.0000 0.0141 0.0000 0.0072 0.0171 0.2047 0.0905
278      278   (0)     11  : 0.0442 0.0257 0.0312 0.1725 0.2104 0.0000 0.0000 0.0000 0.1488 0.3672 0.0000
279      279   (0)     11  : 0.0000 0.0000 0.0000 0.6312 0.0000 0.0000 0.1331 0.0000 0.0000 0.1107 0.1250
280      280   (0)     11  : 0.0276 0.0000 0.0095 0.0000 0.0191 0.0209 0.0000 0.0013 0.1436 0.7146 0.0634
281      281   (0)     11  : 0.0421 0.0000 0.0000 0.0000 0.0000 0.0000 0.6244 0.0000 0.0000 0.3335 0.0000
282      282   (0)     11  : 0.0167 0.0000 0.0000 0.0892 0.3162 0.0019 0.0683 0.0000 0.0000 0.4129 0.0948
283      283   (0)     11  : 0.0000 0.0000 0.2327 0.3569 0.0000 0.0000 0.0635 0.0000 0.0000 0.3106 0.0363
284      284   (0)     11  : 0.0000 0.0000 0.0000 0.2664 0.0000 0.0000 0.6676 0.0072 0.0076 0.0067 0.0445
285      285   (0)     11  : 0.0000 0.0000 0.0298 0.0944 0.4257 0.0000 0.0000 0.0487 0.0101 0.3082 0.0831
286      286   (0)     11  : 0.0000 0.0197 0.0000 0.0454 0.0000 0.0000 0.5016 0.0000 0.0720 0.3375 0.0239
287      287   (0)     11  : 0.0000 0.0023 0.0000 0.0516 0.2752 0.0000 0.1647 0.0000 0.1402 0.3660 0.0000
288      288   (0)     11  : 0.3578 0.0072 0.0000 0.0000 0.0000 0.0000 0.3037 0.0000 0.0176 0.2755 0.0382
289      289   (0)     11  : 0.0000 0.0000 0.0000 0.0088 0.4573 0.0103 0.2796 0.0011 0.0000 0.1269 0.1162
290      290   (0)     11  : 0.0000 0.0000 0.0000 0.0365 0.0000 0.0523 0.3744 0.0000 0.0000 0.5368 0.0000
291      291   (0)     11  : 0.0000 0.0000 0.0602 0.3479 0.0000 0.0024 0.1223 0.1572 0.0053 0.1648 0.1400
292      292   (0)     12  : 0.0000 1.0000 0.0000 0.0000 0.0000 0.0000 0.0000 0.0000 0.0000 0.0000 0.0000
293      293   (0)     12  : 0.0000 0.0211 0.0903 0.0000 0.0000 0.0000 0.0000 0.0000 0.6369 0.0000 0.2517
294      294   (0)     12  : 0.0000 1.0000 0.0000 0.0000 0.0000 0.0000 0.0000 0.0000 0.0000 0.0000 0.0000
295      295   (0)     12  : 0.0000 1.0000 0.0000 0.0000 0.0000 0.0000 0.0000 0.0000 0.0000 0.0000 0.0000
296      296   (0)     12  : 0.0000 1.0000 0.0000 0.0000 0.0000 0.0000 0.0000 0.0000 0.0000 0.0000 0.0000
297      297   (0)     12  : 0.1040 0.8960 0.0000 0.0000 0.0000 0.0000 0.0000 0.0000 0.0000 0.0000 0.0000
298      298   (0)     12  : 0.0000 0.9512 0.0000 0.0000 0.0000 0.0000 0.0000 0.0000 0.0488 0.0000 0.0000
299      299   (0)     12  : 0.0000 1.0000 0.0000 0.0000 0.0000 0.0000 0.0000 0.0000 0.0000 0.0000 0.0000
300      300   (0)     12  : 0.2112 0.0376 0.0653 0.0000 0.0000 0.0000 0.0000 0.0000 0.0461 0.0000 0.6397
301      301   (0)     12  : 0.0000 0.0000 0.2284 0.0000 0.0000 0.0000 0.0000 0.0000 0.5708 0.0000 0.2007
302      302   (0)     12  : 0.0000 1.0000 0.0000 0.0000 0.0000 0.0000 0.0000 0.0000 0.0000 0.0000 0.0000
303      303   (0)     12  : 0.0000 0.9852 0.0000 0.0000 0.0000 0.0000 0.0148 0.0000 0.0000 0.0000 0.0000
304      304   (0)     12  : 0.3812 0.0925 0.0000 0.0000 0.0000 0.4502 0.0000 0.0000 0.0000 0.0218 0.0543
305      305   (0)     12  : 0.0000 0.0606 0.2390 0.0000 0.2874 0.0000 0.0000 0.0000 0.1135 0.0941 0.2053
306      306   (0)     12  : 0.0000 0.7779 0.1798 0.0000 0.0000 0.0069 0.0000 0.0000 0.0354 0.0000 0.0000
307      307   (0)     12  : 0.0000 1.0000 0.0000 0.0000 0.0000 0.0000 0.0000 0.0000 0.0000 0.0000 0.0000
308      308   (0)     12  : 0.0000 0.6613 0.0000 0.0000 0.0000 0.3383 0.0000 0.0000 0.0000 0.0004 0.0000
309      309   (0)     12  : 0.0000 0.0062 0.3103 0.0000 0.0000 0.0000 0.0097 0.0000 0.0823 0.0000 0.5914
310      310   (0)     12  : 0.1040 0.8664 0.0000 0.0000 0.0000 0.0296 0.0000 0.0000 0.0000 0.0000 0.0000
311      311   (0)     12  : 0.0337 0.4258 0.0469 0.0000 0.0473 0.2839 0.0000 0.0143 0.0196 0.1285 0.0000
312      312   (0)     12  : 0.0000 0.0000 0.0558 0.0000 0.0000 0.0000 0.0000 0.0000 0.6577 0.0000 0.2865
313      313   (0)     12  : 0.0674 0.0249 0.4628 0.0000 0.0000 0.0000 0.0000 0.0000 0.0762 0.1105 0.2582
314      314   (0)     12  : 0.0314 0.3832 0.0000 0.0000 0.0609 0.3541 0.0000 0.0000 0.0000 0.1703 0.0000
315      315   (0)     12  : 0.0000 1.0000 0.0000 0.0000 0.0000 0.0000 0.0000 0.0000 0.0000 0.0000 0.0000
316      316   (0)     12  : 0.0000 0.4282 0.0000 0.0000 0.0000 0.4725 0.0000 0.0000 0.0000 0.0483 0.0510
317      317   (0)     12  : 0.0000 0.3454 0.0000 0.0000 0.0000 0.5796 0.0000 0.0000 0.0000 0.0393 0.0358
318      318   (0)     12  : 0.0000 0.0000 0.1398 0.0000 0.0000 0.0000 0.0000 0.0000 0.0743 0.0000 0.7859
319      319   (0)     12  : 0.0002 0.7837 0.0763 0.0000 0.0000 0.0037 0.0895 0.0000 0.0000 0.0048 0.0419
320      320   (0)     12  : 0.0000 0.0058 0.3058 0.0000 0.0000 0.0000 0.1424 0.0000 0.0287 0.0000 0.5174
321      321   (0)     12  : 0.0000 0.1891 0.0000 0.0000 0.0000 0.8109 0.0000 0.0000 0.0000 0.0000 0.0000
322      322   (0)     13  : 0.6080 0.0000 0.0023 0.0000 0.1520 0.0000 0.0000 0.0214 0.0236 0.1021 0.0907
323      323   (0)     13  : 0.2390 0.0000 0.0000 0.0000 0.3804 0.0000 0.0000 0.0000 0.0625 0.1532 0.1650
324      324   (0)     13  : 0.2544 0.0000 0.0000 0.0000 0.3589 0.0000 0.0000 0.0000 0.0000 0.2591 0.1276
325      325   (0)     13  : 0.0000 0.0000 0.0000 0.0000 0.7433 0.0000 0.0000 0.0000 0.0000 0.0000 0.2567
326      326   (0)     13  : 0.1139 0.0000 0.0000 0.1233 0.0000 0.0005 0.2825 0.0000 0.0000 0.1788 0.3009
327      327   (0)     13  : 0.2559 0.0000 0.0005 0.0000 0.4333 0.0000 0.0000 0.0208 0.0031 0.1579 0.1285
328      328   (0)     13  : 0.0000 0.0000 0.0000 0.0000 0.5084 0.0000 0.0000 0.0000 0.0000 0.4688 0.0228
329      329   (0)     13  : 0.3068 0.0000 0.0231 0.0000 0.0000 0.0000 0.0000 0.0136 0.0000 0.6565 0.0000
330      330   (0)     13  : 0.1028 0.0000 0.0000 0.0298 0.4084 0.0000 0.0000 0.0266 0.0000 0.3341 0.0983
331      331   (0)     13  : 0.0000 0.0000 0.1027 0.0815 0.0000 0.0000 0.0000 0.8000 0.0000 0.0000 0.0158
332      332   (0)     13  : 0.7397 0.0000 0.0000 0.0000 0.0353 0.0000 0.0000 0.0000 0.0002 0.1276 0.0972
333      333   (0)     13  : 0.0033 0.0000 0.0963 0.0000 0.6279 0.0000 0.0000 0.1595 0.0316 0.0004 0.0810
334      334   (0)     13  : 0.0235 0.0000 0.0000 0.0000 0.5971 0.0000 0.0000 0.0000 0.0000 0.1864 0.1931
335      335   (0)     13  : 0.0000 0.0000 0.0000 0.0000 0.0000 0.0000 0.0000 0.0000 0.0000 0.0000 1.0000
336      336   (0)     13  : 0.3739 0.0000 0.0000 0.0850 0.1903 0.0000 0.0000 0.0000 0.0000 0.2071 0.1437
337      337   (0)     13  : 0.0000 0.0000 0.0000 0.0000 0.0402 0.0021 0.5836 0.0000 0.0000 0.1610 0.2132
338      338   (0)     13  : 0.3957 0.0000 0.0000 0.0050 0.0057 0.0000 0.0000 0.0005 0.0000 0.4162 0.1769
339      339   (0)     13  : 0.0239 0.0028 0.0734 0.1736 0.0000 0.0000 0.0000 0.0000 0.0504 0.1021 0.5739
340      340   (0)     13  : 0.3415 0.0095 0.1418 0.0000 0.0000 0.0000 0.0981 0.0095 0.0000 0.3219 0.0776
341      341   (0)     13  : 0.6369 0.0000 0.0000 0.0000 0.0000 0.0000 0.0990 0.0000 0.0000 0.1732 0.0909
342      342   (0)     13  : 0.0691 0.0000 0.0000 0.0000 0.1107 0.0000 0.0918 0.0000 0.0000 0.1902 0.5382
343      343   (0)     13  : 0.0645 0.0000 0.0000 0.1400 0.2862 0.0000 0.0904 0.0000 0.0000 0.1323 0.2865
344      344   (0)     13  : 0.3301 0.0000 0.0000 0.0005 0.3292 0.0000 0.0000 0.0000 0.0000 0.1034 0.2368
345      345   (0)     13  : 0.1948 0.1376 0.0000 0.0000 0.0000 0.5644 0.0833 0.0000 0.0000 0.0198 0.0000
346      346   (0)     13  : 0.3485 0.0000 0.1132 0.0000 0.0000 0.0000 0.0000 0.0000 0.0000 0.1452 0.3932
347      347   (0)     13  : 0.1852 0.0000 0.0000 0.0000 0.4676 0.0000 0.0000 0.0000 0.0000 0.1532 0.1940
348      348   (0)     13  : 0.0000 0.0185 0.0000 0.0464 0.4859 0.0000 0.0284 0.0328 0.0000 0.1968 0.1911
349      349   (0)     13  : 0.0000 0.0000 0.0000 0.0217 0.2323 0.0000 0.0000 0.0927 0.0841 0.5308 0.0383
350      350   (0)     13  : 0.2747 0.5035 0.0000 0.0000 0.0000 0.2078 0.0000 0.0030 0.0000 0.0000 0.0110
351      351   (0)     13  : 0.0000 0.0049 0.0000 0.0000 0.8041 0.0000 0.0000 0.0000 0.0000 0.0523 0.1387
