1        1   (0)      1  : 0.5137 0.0223 0.0000 0.4472 0.0168
2        2   (0)      1  : 0.3679 0.0084 0.1344 0.4466 0.0427
3        3   (0)      1  : 0.1774 0.5562 0.0000 0.0743 0.1921
4        4   (0)      1  : 0.2959 0.0000 0.0000 0.7041 0.0000
5        5   (0)      1  : 0.0000 0.0000 0.0000 0.7168 0.2832
6        6   (0)      1  : 0.6334 0.1889 0.0000 0.0860 0.0916
7        7   (0)      2  : 0.0000 0.0000 0.0000 1.0000 0.0000
8        8   (0)      1  : 0.2589 0.0141 0.0041 0.7049 0.0180
9        9   (0)      3  : 0.3709 0.0000 0.6291 0.0000 0.0000
10       10   (0)      4  : 0.0000 0.0000 0.1681 0.0000 0.8319
11       11   (0)      4  : 0.3059 0.0000 0.5566 0.1375 0.0000
12       12   (0)      4  : 0.3683 0.0279 0.2375 0.1031 0.2632
13       13   (0)      4  : 0.0000 0.0000 0.0000 0.0000 1.0000
14       14   (0)      4  : 0.0351 0.0000 0.6606 0.2443 0.0600
15       15   (0)      4  : 0.5146 0.4854 0.0000 0.0000 0.0000
16       16   (0)      5  : 0.4338 0.0000 0.3481 0.2181 0.0000
17       17   (0)      4  : 0.3330 0.0168 0.5118 0.1246 0.0138
18       18   (0)      5  : 0.1699 0.0000 0.5307 0.2994 0.0000
19       19   (0)      5  : 0.1234 0.0000 0.7784 0.0982 0.0000
20       20   (0)      5  : 0.1691 0.0000 0.7470 0.0839 0.0000
21       21   (0)      5  : 0.0336 0.0000 0.9664 0.0000 0.0000
22       22   (0)      5  : 0.4821 0.0000 0.3251 0.0000 0.1928
23       23   (0)      5  : 0.2813 0.0000 0.7187 0.0000 0.0000
24       24   (0)      5  : 0.2349 0.0132 0.3926 0.1569 0.2024
25       25   (0)      5  : 0.2578 0.0161 0.6157 0.0000 0.1103
26       26   (0)      5  : 0.0000 0.0000 0.8480 0.1520 0.0000
27       27   (0)      5  : 0.3525 0.0000 0.5104 0.0000 0.1371
28       28   (0)      5  : 0.0000 0.0000 0.8058 0.0000 0.1942
29       29   (0)      5  : 0.5589 0.0000 0.4216 0.0098 0.0097
30       30   (0)      5  : 0.3293 0.0000 0.5257 0.1450 0.0000
31       31   (0)      5  : 0.1457 0.0049 0.6051 0.0000 0.2443
32       32   (0)      5  : 0.7525 0.0000 0.2188 0.0000 0.0287
33       33   (0)      5  : 0.5866 0.0000 0.4134 0.0000 0.0000
34       34   (0)      5  : 0.4993 0.0000 0.4424 0.0584 0.0000
35       35   (0)      5  : 0.0000 0.0000 1.0000 0.0000 0.0000
36       36   (0)      5  : 0.2934 0.0000 0.6869 0.0000 0.0198
37       37   (0)      5  : 0.0322 0.0000 0.7910 0.1190 0.0578
38       38   (0)      5  : 0.1902 0.0000 0.4476 0.0000 0.3622
39       39   (0)      5  : 0.2888 0.0000 0.5003 0.0000 0.2109
40       40   (0)      5  : 0.3403 0.0000 0.5121 0.0000 0.1476
41       41   (0)      5  : 0.3537 0.0000 0.6463 0.0000 0.0000
42       42   (0)      5  : 0.1076 0.6708 0.0000 0.2217 0.0000
43       43   (0)      5  : 0.2775 0.0000 0.3740 0.1569 0.1916
44       44   (0)      4  : 0.0000 0.0000 0.5330 0.0000 0.4670
45       45   (0)      4  : 0.3468 0.0273 0.2162 0.2121 0.1976
46       46   (0)      4  : 0.5619 0.0239 0.3512 0.0630 0.0000
47       47   (0)      4  : 0.3894 0.0000 0.4148 0.0657 0.1301
48       48   (0)      5  : 0.5113 0.0166 0.1636 0.0449 0.2635
49       49   (0)      4  : 0.4078 0.0000 0.5212 0.0710 0.0000
50       50   (0)      4  : 0.3958 0.4869 0.0000 0.0964 0.0208
51       51   (0)      4  : 0.0907 0.0586 0.5976 0.2531 0.0000
52       52   (0)      4  : 0.3035 0.6058 0.0563 0.0344 0.0000
53       53   (0)      4  : 0.0936 0.0000 0.6445 0.1240 0.1379
54       54   (0)      4  : 0.3019 0.5817 0.0694 0.0469 0.0000
55       55   (0)      4  : 0.3611 0.4647 0.1417 0.0325 0.0000
56       56   (0)      4  : 0.0320 0.0000 0.6808 0.0572 0.2300
57       57   (0)      5  : 0.4547 0.0313 0.1758 0.0119 0.3262
58       58   (0)      4  : 0.5060 0.4366 0.0372 0.0203 0.0000
59       59   (0)      4  : 0.2251 0.5587 0.0615 0.1008 0.0539
60       60   (0)      4  : 0.5464 0.0067 0.3323 0.0952 0.0193
61       61   (0)      5  : 0.2976 0.0000 0.4079 0.2944 0.0000
62       62   (0)      6  : 0.2144 0.3656 0.0137 0.2142 0.1920
63       63   (0)      6  : 0.2203 0.6353 0.0000 0.1445 0.0000
64       64   (0)      6  : 0.0000 0.0000 0.0000 0.9222 0.0778
65       65   (0)      6  : 0.4076 0.0000 0.4143 0.1780 0.0000
66       66   (0)      6  : 0.0000 0.0000 0.0000 0.0000 1.0000
67       67   (0)      6  : 0.2845 0.0000 0.0000 0.7155 0.0000
68       68   (0)      6  : 0.4724 0.0000 0.1017 0.4259 0.0000
69       69   (0)      6  : 0.6257 0.0098 0.1611 0.2035 0.0000
70       70   (0)      6  : 0.6074 0.0000 0.1356 0.2127 0.0443
71       71   (0)      6  : 0.4722 0.0000 0.2247 0.3032 0.0000
72       72   (0)      7  : 0.2938 0.0000 0.4540 0.1629 0.0892
73       73   (0)      7  : 0.3936 0.0097 0.2776 0.3191 0.0000
74       74   (0)      7  : 0.2549 0.0029 0.2563 0.2849 0.2010
75       75   (0)      7  : 0.0861 0.0595 0.4661 0.3883 0.0000
76       76   (0)      7  : 0.0000 0.0000 0.8806 0.1194 0.0000
77       77   (0)      7  : 0.0990 0.0012 0.3153 0.2370 0.3476
78       78   (0)      7  : 0.0000 0.0000 0.5442 0.4558 0.0000
79       79   (0)      7  : 0.4672 0.0000 0.3045 0.2284 0.0000
80       80   (0)      7  : 0.0990 0.0000 0.6001 0.3009 0.0000
81       81   (0)      7  : 0.0000 0.0000 0.7552 0.0826 0.1622
82       82   (0)      7  : 0.4567 0.0752 0.1051 0.2064 0.1566
83       83   (0)      7  : 0.0961 0.5873 0.0000 0.3166 0.0000
84       84   (0)      7  : 0.2025 0.0000 0.5718 0.2258 0.0000
85       85   (0)      7  : 0.0000 0.0000 0.7691 0.1833 0.0476
86       86   (0)      7  : 0.4379 0.4885 0.0001 0.0735 0.0000
87       87   (0)      7  : 0.5043 0.0000 0.3149 0.1808 0.0000
88       88   (0)      7  : 0.3565 0.5467 0.0000 0.0153 0.0814
89       89   (0)      7  : 0.2787 0.0077 0.5640 0.0000 0.1496
90       90   (0)      7  : 0.5820 0.0000 0.3405 0.0775 0.0000
91       91   (0)      7  : 0.1983 0.0000 0.6319 0.1698 0.0000
92       92   (0)      7  : 0.0004 0.0197 0.4488 0.1519 0.3793
93       93   (0)      7  : 0.4334 0.0000 0.3793 0.1134 0.0739
94       94   (0)      7  : 0.0000 0.0000 0.6036 0.1948 0.2016
95       95   (0)      7  : 0.2147 0.0000 0.3892 0.0456 0.3505
96       96   (0)      7  : 0.0000 0.0000 0.7116 0.1755 0.1129
97       97   (0)      7  : 0.0000 0.0000 0.6308 0.0000 0.3692
98       98   (0)      7  : 0.0000 0.0000 0.7273 0.0000 0.2727
99       99   (0)      7  : 0.0000 0.5226 0.0423 0.4351 0.0000
100      100   (0)      6  : 0.1536 0.0000 0.2153 0.6311 0.0000
101      101   (0)      6  : 0.1561 0.0000 0.2213 0.6003 0.0223
102      102   (0)      6  : 0.6768 0.0000 0.0000 0.1782 0.1450
103      103   (0)      6  : 0.3842 0.0000 0.0552 0.5606 0.0000
104      104   (0)      6  : 0.6102 0.0000 0.0000 0.3212 0.0687
105      105   (0)      6  : 0.1723 0.0000 0.1672 0.5695 0.0910
106      106   (0)      6  : 0.4770 0.0000 0.0383 0.4848 0.0000
107      107   (0)      6  : 0.3225 0.0204 0.0592 0.5979 0.0000
108      108   (0)      6  : 0.1257 0.5561 0.0000 0.3181 0.0000
109      109   (0)      7  : 0.3842 0.0007 0.3697 0.2455 0.0000
110      110   (0)      7  : 0.0000 0.0000 0.0000 0.0000 1.0000
111      111   (0)      8  : 0.0337 0.0000 0.0000 0.7095 0.2568
112      112   (0)      6  : 0.0000 0.0000 0.0000 1.0000 0.0000
113      113   (0)      6  : 0.0000 0.6009 0.0000 0.3912 0.0079
114      114   (0)      6  : 0.0000 0.0000 0.3002 0.6654 0.0344
115      115   (0)      6  : 0.0000 0.4735 0.0000 0.3470 0.1795
116      116   (0)      6  : 0.0652 0.0191 0.1871 0.6555 0.0730
117      117   (0)      6  : 0.3289 0.0000 0.0026 0.6684 0.0001
118      118   (0)      6  : 0.2864 0.0000 0.0000 0.7136 0.0000
119      119   (0)      6  : 0.0000 0.0000 0.1011 0.8989 0.0000
120      120   (0)      6  : 0.0000 0.0000 0.0000 1.0000 0.0000
121      121   (0)      6  : 0.0000 0.5810 0.0000 0.4190 0.0000
122      122   (0)      9  : 0.4161 0.0085 0.1830 0.0008 0.3916
123      123   (0)      9  : 0.6422 0.0119 0.2469 0.0000 0.0991
124      124   (0)      9  : 0.6445 0.0000 0.0422 0.0000 0.3133
125      125   (0)      9  : 0.4993 0.0000 0.4590 0.0157 0.0260
126      126   (0)      9  : 0.3079 0.0000 0.5513 0.0000 0.1408
127      127   (0)      9  : 0.3626 0.0000 0.4921 0.0000 0.1453
128      128   (0)      9  : 0.6657 0.0000 0.1422 0.0000 0.1921
129      129   (0)      9  : 0.6251 0.0125 0.1999 0.0000 0.1625
130      130   (0)      9  : 0.3682 0.0000 0.1952 0.0702 0.3664
131      131   (0)      9  : 0.4982 0.0000 0.3947 0.1071 0.0000
132      132   (0)      9  : 0.6710 0.0000 0.1481 0.0000 0.1809
133      133   (0)      9  : 0.2378 0.0000 0.5458 0.2165 0.0000
134      134   (0)      9  : 0.0000 0.0000 0.0000 0.0000 1.0000
135      135   (0)      9  : 0.9316 0.0000 0.0684 0.0000 0.0000
136      136   (0)      9  : 0.3672 0.0000 0.2963 0.0000 0.3364
137      137   (0)      9  : 0.4277 0.0000 0.3195 0.2123 0.0406
138      138   (0)      9  : 0.5905 0.0082 0.4013 0.0000 0.0000
139      139   (0)      9  : 0.4601 0.0000 0.3558 0.1504 0.0337
140      140   (0)      9  : 0.6929 0.0000 0.2713 0.0000 0.0358
141      141   (0)      9  : 0.3030 0.0000 0.5992 0.0378 0.0599
142      142   (0)      9  : 0.4532 0.0000 0.3012 0.2325 0.0131
143      143   (0)      9  : 0.0000 0.0000 0.0000 0.0000 1.0000
144      144   (0)      9  : 0.4311 0.0295 0.3200 0.1676 0.0518
145      145   (0)      3  : 0.4420 0.0000 0.3379 0.0000 0.2200
146      146   (0)      3  : 0.5117 0.4219 0.0664 0.0000 0.0000
147      147   (0)      3  : 0.8774 0.0000 0.1226 0.0000 0.0000
148      148   (0)      3  : 0.4877 0.0612 0.3997 0.0000 0.0515
149      149   (0)      3  : 0.6074 0.0000 0.3926 0.0000 0.0000
150      150   (0)      3  : 0.5981 0.0157 0.3191 0.0000 0.0670
151      151   (0)      3  : 0.4476 0.0000 0.4485 0.0000 0.1039
152      152   (0)      3  : 0.4776 0.0000 0.3915 0.0000 0.1309
153      153   (0)      3  : 0.3562 0.0189 0.6232 0.0000 0.0017
154      154   (0)      3  : 0.2547 0.0000 0.5110 0.0000 0.2343
155      155   (0)      3  : 0.0603 0.0647 0.6145 0.0000 0.2605
156      156   (0)      3  : 0.3428 0.0456 0.4031 0.0000 0.2085
157      157   (0)      3  : 0.4872 0.0063 0.2479 0.0000 0.2587
158      158   (0)      3  : 0.2717 0.0000 0.5940 0.1344 0.0000
159      159   (0)      3  : 0.3636 0.5822 0.0542 0.0000 0.0000
160      160   (0)      3  : 0.5374 0.0000 0.2644 0.1284 0.0698
161      161   (0)      3  : 0.6858 0.0000 0.1317 0.0000 0.1824
162      162   (0)      3  : 0.4510 0.0000 0.5138 0.0101 0.0251
163      163   (0)      3  : 0.4172 0.0000 0.5828 0.0000 0.0000
164      164   (0)      3  : 0.4073 0.0000 0.5323 0.0000 0.0604
165      165   (0)      3  : 0.6625 0.0000 0.1450 0.0000 0.1925
166      166   (0)      3  : 0.3461 0.0000 0.6539 0.0000 0.0000
167      167   (0)      3  : 0.7130 0.0000 0.2870 0.0000 0.0000
168      168   (0)      3  : 0.3610 0.0000 0.3471 0.0000 0.2919
169      169   (0)      3  : 0.2928 0.0000 0.6253 0.0777 0.0042
170      170   (0)      3  : 0.5641 0.0047 0.3627 0.0000 0.0686
171      171   (0)      3  : 0.1988 0.0000 0.6267 0.1745 0.0000
172      172   (0)      3  : 0.4198 0.0000 0.4669 0.0547 0.0586
173      173   (0)      3  : 0.4974 0.0000 0.3785 0.0000 0.1240
174      174   (0)      9  : 0.4018 0.0000 0.5260 0.0723 0.0000
175      175   (0)      9  : 0.0000 0.0000 0.0000 0.0000 1.0000
176      176   (0)      9  : 0.6772 0.0000 0.2202 0.0135 0.0891
177      177   (0)      9  : 0.2650 0.0000 0.2874 0.3666 0.0810
178      178   (0)      9  : 0.5525 0.0000 0.2666 0.1249 0.0561
179      179   (0)      9  : 0.4554 0.0000 0.3526 0.0415 0.1506
180      180   (0)      9  : 0.3825 0.0000 0.3130 0.1725 0.1320
181      181   (0)      1  : 0.5346 0.0000 0.0907 0.3747 0.0000
182      182   (0)      1  : 0.5634 0.0093 0.0000 0.4273 0.0000
183      183   (0)      1  : 0.4868 0.0000 0.0404 0.4728 0.0000
184      184   (0)      1  : 0.5502 0.0205 0.0000 0.4179 0.0114
185      185   (0)      1  : 0.5542 0.0000 0.0288 0.4171 0.0000
186      186   (0)      1  : 0.4373 0.0000 0.2413 0.2485 0.0729
187      187   (0)      1  : 0.5389 0.0000 0.0153 0.4458 0.0000
188      188   (0)      1  : 0.7794 0.0000 0.0403 0.1802 0.0000
189      189   (0)      2  : 0.7974 0.0001 0.0000 0.1772 0.0254
190      190   (0)      2  : 0.5028 0.0043 0.3442 0.1463 0.0025
191      191   (0)      2  : 0.6123 0.0000 0.2168 0.1433 0.0276
192      192   (0)      2  : 0.4668 0.0000 0.3755 0.1577 0.0000
193      193   (0)      2  : 0.8305 0.0000 0.0685 0.0195 0.0815
194      194   (0)      2  : 0.8004 0.0000 0.1433 0.0000 0.0563
195      195   (0)      2  : 0.4071 0.0000 0.0096 0.5834 0.0000
196      196   (0)      2  : 0.3572 0.0000 0.3915 0.2513 0.0000
197      197   (0)      1  : 0.7688 0.0000 0.1241 0.1071 0.0000
198      198   (0)      1  : 0.2709 0.0000 0.0007 0.7284 0.0000
199      199   (0)      1  : 0.5181 0.0000 0.0387 0.3403 0.1029
200      200   (0)      1  : 0.2038 0.0015 0.0000 0.7947 0.0000
201      201   (0)      1  : 0.3997 0.0000 0.0000 0.6003 0.0000
202      202   (0)      1  : 0.0000 0.0000 0.0000 1.0000 0.0000
203      203   (0)      2  : 0.4727 0.2772 0.0539 0.0893 0.1068
204      204   (0)      2  : 0.4958 0.0000 0.0459 0.4584 0.0000
205      205   (0)      2  : 0.3139 0.5941 0.0400 0.0000 0.0520
206      206   (0)      2  : 0.5939 0.0000 0.1771 0.1957 0.0334
207      207   (0)      2  : 0.8505 0.0232 0.0140 0.1123 0.0000
208      208   (0)      2  : 0.7430 0.0424 0.1630 0.0516 0.0000
209      209   (0)      2  : 0.5348 0.0000 0.2064 0.2589 0.0000
210      210   (0)      1  : 0.5915 0.0000 0.0000 0.4085 0.0000
211      211   (0)      1  : 0.1409 0.0000 0.1420 0.5751 0.1421
212      212   (0)      1  : 0.2381 0.0000 0.0690 0.6656 0.0273
213      213   (0)      1  : 0.3130 0.0000 0.0000 0.6721 0.0148
214      214   (0)      1  : 0.7549 0.0000 0.0000 0.2451 0.0000
215      215   (0)      1  : 0.1140 0.0000 0.0000 0.8860 0.0000
216      216   (0)      1  : 0.1082 0.0000 0.0198 0.8720 0.0000
217      217   (0)      1  : 0.4782 0.0000 0.0000 0.4329 0.0888
218      218   (0)      2  : 0.7481 0.0000 0.0000 0.2519 0.0000
219      219   (0)      2  : 0.5040 0.0000 0.2576 0.2384 0.0000
220      220   (0)      2  : 0.3163 0.0093 0.1486 0.5257 0.0000
221      221   (0)      2  : 0.4009 0.0000 0.3047 0.2945 0.0000
222      222   (0)      2  : 0.4609 0.0309 0.0740 0.4342 0.0000
223      223   (0)      2  : 0.9075 0.0000 0.0507 0.0418 0.0000
224      224   (0)      2  : 0.6611 0.0000 0.1664 0.1725 0.0000
225      225   (0)      2  : 0.4797 0.0000 0.1507 0.3695 0.0000
226      226   (0)      2  : 0.7363 0.0000 0.0327 0.2310 0.0000
227      227   (0)      2  : 0.7614 0.0000 0.1554 0.0833 0.0000
228      228   (0)      2  : 0.7430 0.0000 0.0000 0.2570 0.0000
229      229   (0)      2  : 0.4830 0.4622 0.0000 0.0547 0.0000
230      230   (0)      2  : 0.4707 0.0000 0.2549 0.1091 0.1653
231      231   (0)      2  : 0.7657 0.0015 0.1473 0.0699 0.0158
232      232   (0)     10  : 0.9540 0.0148 0.0000 0.0000 0.0312
233      233   (0)     10  : 0.7799 0.0000 0.0000 0.0178 0.2023
234      234   (0)     10  : 0.4571 0.0000 0.0752 0.4370 0.0307
235      235   (0)     10  : 0.4999 0.0029 0.0369 0.3943 0.0660
236      236   (0)     10  : 0.7561 0.0000 0.0000 0.0450 0.1989
237      237   (0)     10  : 0.5979 0.0000 0.1047 0.2974 0.0000
238      238   (0)     10  : 0.8937 0.0000 0.0276 0.0000 0.0786
239      239   (0)     10  : 0.6934 0.0000 0.0000 0.3066 0.0000
240      240   (0)     10  : 0.4755 0.0000 0.1128 0.4118 0.0000
241      241   (0)     10  : 0.7702 0.0000 0.0000 0.0389 0.1909
242      242   (0)     10  : 0.4884 0.0000 0.3155 0.0000 0.1961
243      243   (0)     10  : 0.8439 0.0000 0.0000 0.1561 0.0000
244      244   (0)     10  : 0.8092 0.0018 0.0000 0.1890 0.0000
245      245   (0)     10  : 0.8320 0.0000 0.0917 0.0763 0.0000
246      246   (0)     10  : 0.9035 0.0000 0.0000 0.0677 0.0288
247      247   (0)     10  : 0.8709 0.0259 0.0749 0.0000 0.0283
248      248   (0)     10  : 0.7384 0.0007 0.1351 0.1258 0.0000
249      249   (0)     10  : 0.9318 0.0000 0.0682 0.0000 0.0000
250      250   (0)     10  : 0.6268 0.0000 0.0879 0.2718 0.0135
251      251   (0)     10  : 0.3270 0.0000 0.0000 0.6730 0.0000
252      252   (0)     10  : 0.9811 0.0189 0.0000 0.0000 0.0000
253      253   (0)     10  : 0.7891 0.0000 0.1121 0.0988 0.0000
254      254   (0)     10  : 0.5054 0.0000 0.0274 0.4672 0.0000
255      255   (0)     10  : 0.7152 0.0000 0.0000 0.2687 0.0161
256      256   (0)     10  : 0.4150 0.5850 0.0000 0.0000 0.0000
257      257   (0)     10  : 0.9382 0.0000 0.0000 0.0618 0.0000
258      258   (0)     10  : 0.5894 0.0000 0.0000 0.4106 0.0000
259      259   (0)     10  : 0.9075 0.0000 0.0000 0.0925 0.0000
260      260   (0)     10  : 0.7625 0.0234 0.0203 0.1937 0.0000
261      261   (0)     10  : 0.6588 0.0163 0.0815 0.2111 0.0323
262      262   (0)     11  : 0.3324 0.0184 0.1309 0.4375 0.0808
263      263   (0)     11  : 0.6742 0.0000 0.0016 0.3242 0.0000
264      264   (0)     11  : 0.8695 0.0000 0.0000 0.1305 0.0000
265      265   (0)     11  : 0.0000 0.6077 0.0000 0.3923 0.0000
266      266   (0)     11  : 0.9472 0.0128 0.0000 0.0400 0.0000
267      267   (0)     11  : 0.0000 0.7233 0.0000 0.2767 0.0000
268      268   (0)     11  : 0.9537 0.0000 0.0000 0.0000 0.0463
269      269   (0)     11  : 0.6604 0.0000 0.1634 0.1493 0.0270
270      270   (0)     11  : 0.8147 0.0000 0.0097 0.1755 0.0000
271      271   (0)     11  : 0.4524 0.0000 0.0000 0.5476 0.0000
272      272   (0)     11  : 0.5129 0.0035 0.0085 0.4752 0.0000
273      273   (0)     11  : 0.0000 0.1329 0.1660 0.4115 0.2897
274      274   (0)     11  : 0.3230 0.5123 0.0000 0.1647 0.0000
275      275   (0)     11  : 0.6194 0.0000 0.0000 0.3387 0.0419
276      276   (0)     11  : 0.3969 0.1850 0.0976 0.0348 0.2856
277      277   (0)     11  : 0.4904 0.0491 0.0362 0.3995 0.0247
278      278   (0)     11  : 0.4196 0.0611 0.2474 0.2719 0.0000
279      279   (0)     11  : 0.0000 0.0000 0.0000 1.0000 0.0000
280      280   (0)     11  : 0.5378 0.0686 0.2331 0.1605 0.0000
281      281   (0)     11  : 0.3273 0.0000 0.0670 0.6057 0.0000
282      282   (0)     11  : 0.7451 0.0059 0.0000 0.2411 0.0079
283      283   (0)     11  : 0.0000 0.0000 0.3737 0.6263 0.0000
284      284   (0)     11  : 0.0857 0.0000 0.0824 0.7979 0.0340
285      285   (0)     11  : 0.6825 0.0000 0.0194 0.1566 0.1415
286      286   (0)     11  : 0.2310 0.0211 0.1450 0.6029 0.0000
287      287   (0)     11  : 0.5878 0.0130 0.0000 0.2817 0.1174
288      288   (0)     11  : 0.6890 0.0279 0.0019 0.2626 0.0186
289      289   (0)     11  : 0.6665 0.0006 0.0131 0.3198 0.0000
290      290   (0)     11  : 0.3185 0.0508 0.0803 0.5504 0.0000
291      291   (0)     11  : 0.0354 0.0000 0.1600 0.6605 0.1440
292      292   (0)     12  : 0.0000 1.0000 0.0000 0.0000 0.0000
293      293   (0)     12  : 0.0000 0.1215 0.6545 0.0000 0.2240
294      294   (0)     12  : 0.0000 1.0000 0.0000 0.0000 0.0000
295      295   (0)     12  : 0.0000 0.9404 0.0000 0.0000 0.0596
296      296   (0)     12  : 0.0000 1.0000 0.0000 0.0000 0.0000
297      297   (0)     12  : 0.0187 0.9813 0.0000 0.0000 0.0000
298      298   (0)     12  : 0.0000 0.8994 0.0000 0.0000 0.1006
299      299   (0)     12  : 0.0000 1.0000 0.0000 0.0000 0.0000
300      300   (0)     12  : 0.3752 0.0875 0.3874 0.1499 0.0000
301      301   (0)     12  : 0.0000 0.0000 0.8589 0.0000 0.1411
302      302   (0)     12  : 0.0000 1.0000 0.0000 0.0000 0.0000
303      303   (0)     12  : 0.0000 0.9655 0.0000 0.0345 0.0000
304      304   (0)     12  : 0.5411 0.4588 0.0001 0.0000 0.0000
305      305   (0)     12  : 0.4467 0.0873 0.4661 0.0000 0.0000
306      306   (0)     12  : 0.0000 0.8533 0.1467 0.0000 0.0000
307      307   (0)     12  : 0.0000 1.0000 0.0000 0.0000 0.0000
308      308   (0)     12  : 0.0479 0.9521 0.0000 0.0000 0.0000
309      309   (0)     12  : 0.2265 0.0528 0.5795 0.0754 0.0658
310      310   (0)     12  : 0.0439 0.9561 0.0000 0.0000 0.0000
311      311   (0)     12  : 0.2269 0.6581 0.1150 0.0000 0.0000
312      312   (0)     12  : 0.0000 0.0218 0.4813 0.0000 0.4969
313      313   (0)     12  : 0.2128 0.0380 0.7491 0.0000 0.0000
314      314   (0)     12  : 0.3278 0.6722 0.0000 0.0000 0.0000
315      315   (0)     12  : 0.0000 0.9995 0.0000 0.0000 0.0005
316      316   (0)     12  : 0.1701 0.8095 0.0204 0.0000 0.0000
317      317   (0)     12  : 0.1877 0.8123 0.0000 0.0000 0.0000
318      318   (0)     12  : 0.3915 0.0000 0.5442 0.0643 0.0000
319      319   (0)     12  : 0.0000 0.8505 0.1495 0.0000 0.0000
320      320   (0)     12  : 0.1948 0.0705 0.5697 0.1650 0.0000
321      321   (0)     12  : 0.1815 0.8185 0.0000 0.0000 0.0000
322      322   (0)     13  : 0.8643 0.0000 0.1245 0.0000 0.0111
323      323   (0)     13  : 0.8068 0.0000 0.1932 0.0000 0.0000
324      324   (0)     13  : 1.0000 0.0000 0.0000 0.0000 0.0000
325      325   (0)     13  : 1.0000 0.0000 0.0000 0.0000 0.0000
326      326   (0)     13  : 0.4971 0.0025 0.0057 0.4947 0.0000
327      327   (0)     13  : 0.8968 0.0000 0.0739 0.0293 0.0000
328      328   (0)     13  : 0.9796 0.0000 0.0204 0.0000 0.0000
329      329   (0)     13  : 0.8634 0.0000 0.0481 0.0417 0.0468
330      330   (0)     13  : 0.8320 0.0000 0.0000 0.0690 0.0990
331      331   (0)     13  : 0.0000 0.0000 0.0000 0.0000 1.0000
332      332   (0)     13  : 0.8547 0.0000 0.0979 0.0365 0.0110
333      333   (0)     13  : 0.7204 0.0000 0.1936 0.0000 0.0860
334      334   (0)     13  : 1.0000 0.0000 0.0000 0.0000 0.0000
335      335   (0)     13  : 0.6577 0.0000 0.2054 0.1369 0.0000
336      336   (0)     13  : 0.8139 0.0000 0.0422 0.1439 0.0000
337      337   (0)     13  : 0.7408 0.0183 0.0000 0.2409 0.0000
338      338   (0)     13  : 0.8673 0.0000 0.0000 0.0780 0.0548
339      339   (0)     13  : 0.3118 0.0026 0.3140 0.3716 0.0000
340      340   (0)     13  : 0.6640 0.0192 0.2353 0.0816 0.0000
341      341   (0)     13  : 0.7907 0.0000 0.0208 0.1885 0.0000
342      342   (0)     13  : 0.8234 0.0000 0.0000 0.1766 0.0000
343      343   (0)     13  : 0.7217 0.0000 0.0000 0.2783 0.0000
344      344   (0)     13  : 0.9091 0.0000 0.0419 0.0490 0.0000
345      345   (0)     13  : 0.3390 0.5423 0.0000 0.1187 0.0000
346      346   (0)     13  : 0.6649 0.0000 0.3329 0.0022 0.0000
347      347   (0)     13  : 0.9727 0.0000 0.0110 0.0000 0.0163
348      348   (0)     13  : 0.7700 0.0000 0.0000 0.1351 0.0949
349      349   (0)     13  : 0.6597 0.0000 0.0470 0.0901 0.2032
350      350   (0)     13  : 0.2336 0.7664 0.0000 0.0000 0.0000
351      351   (0)     13  : 0.9865 0.0118 0.0000 0.0000 0.0017
