  1        1   (0)      1 :  0.0155 0.9845 
  2        2   (0)      1 :  0.1540 0.8460 
  3        3   (0)      1 :  0.0000 1.0000 
  4        4   (0)      1 :  0.3133 0.6867 
  5        5   (0)      1 :  0.1424 0.8576 
  6        6   (0)      2 :  0.0004 0.9996 
  7        7   (0)      1 :  0.0354 0.9646 
  8        8   (0)      3 :  0.6659 0.3341 
  9        9   (0)      4 :  0.9998 0.0002 
 10       10   (0)      4 :  0.5363 0.4637 
 11       11   (0)      4 :  0.5590 0.4410 
 12       12   (0)      4 :  0.8400 0.1600 
 13       13   (0)      4 :  0.6970 0.3030 
 14       14   (0)      5 :  0.3258 0.6742 
 15       15   (0)      4 :  0.5651 0.4349 
 16       16   (0)      5 :  0.5836 0.4164 
 17       17   (0)      5 :  0.7549 0.2451 
 18       18   (0)      5 :  0.7667 0.2333 
 19       19   (0)      5 :  0.9992 0.0008 
 20       20   (0)      5 :  0.5115 0.4885 
 21       21   (0)      5 :  0.7463 0.2537 
 22       22   (0)      5 :  0.6150 0.3850 
 23       23   (0)      5 :  0.7664 0.2336 
 24       24   (0)      5 :  0.8238 0.1762 
 25       25   (0)      5 :  0.6460 0.3540 
 26       26   (0)      5 :  1.0000 0.0000 
 27       27   (0)      5 :  0.4721 0.5279 
 28       28   (0)      5 :  0.4897 0.5103 
 29       29   (0)      5 :  0.8476 0.1524 
 30       30   (0)      5 :  0.2523 0.7477 
 31       31   (0)      5 :  0.3963 0.6037 
 32       32   (0)      5 :  0.4452 0.5548 
 33       33   (0)      5 :  0.9996 0.0004 
 34       34   (0)      5 :  0.6949 0.3051 
 35       35   (0)      5 :  0.9139 0.0861 
 36       36   (0)      5 :  0.7978 0.2022 
 37       37   (0)      5 :  0.7382 0.2618 
 38       38   (0)      5 :  0.6740 0.3260 
 39       39   (0)      5 :  0.5431 0.4569 
 40       40   (0)      5 :  0.5903 0.4097 
 41       41   (0)      4 :  1.0000 0.0000 
 42       42   (0)      4 :  0.4389 0.5611 
 43       43   (0)      4 :  0.3185 0.6815 
 44       44   (0)      4 :  0.5250 0.4750 
 45       45   (0)      5 :  0.4367 0.5633 
 46       46   (0)      4 :  0.5002 0.4998 
 47       47   (0)      4 :  0.6194 0.3806 
 48       48   (0)      4 :  0.7868 0.2132 
 49       49   (0)      4 :  0.9028 0.0972 
 50       50   (0)      5 :  0.5448 0.4552 
 51       51   (0)      4 :  0.3374 0.6626 
 52       52   (0)      5 :  0.4389 0.5611 
 53       53   (0)      6 :  0.2401 0.7599 
 54       54   (0)      6 :  0.3819 0.6181 
 55       55   (0)      6 :  0.8514 0.1486 
 56       56   (0)      6 :  0.0005 0.9995 
 57       57   (0)      6 :  0.0990 0.9010 
 58       58   (0)      6 :  0.1281 0.8719 
 59       59   (0)      6 :  0.1924 0.8076 
 60       60   (0)      6 :  0.2196 0.7804 
 61       61   (0)      7 :  0.5426 0.4574 
 62       62   (0)      7 :  0.3122 0.6878 
 63       63   (0)      7 :  0.5206 0.4794 
 64       64   (0)      7 :  0.5678 0.4322 
 65       65   (0)      7 :  0.9709 0.0291 
 66       66   (0)      7 :  0.6977 0.3023 
 67       67   (0)      7 :  0.5755 0.4245 
 68       68   (0)      7 :  0.2499 0.7501 
 69       69   (0)      7 :  0.6214 0.3786 
 70       70   (0)      7 :  1.0000 0.0000 
 71       71   (0)      7 :  0.3097 0.6903 
 72       72   (0)      7 :  0.5761 0.4239 
 73       73   (0)      7 :  0.9455 0.0545 
 74       74   (0)      7 :  0.2719 0.7281 
 75       75   (0)      7 :  0.7107 0.2893 
 76       76   (0)      7 :  0.2786 0.7214 
 77       77   (0)      7 :  0.5996 0.4004 
 78       78   (0)      7 :  0.8226 0.1774 
 79       79   (0)      7 :  0.4348 0.5652 
 80       80   (0)      7 :  0.9040 0.0960 
 81       81   (0)      7 :  0.7388 0.2612 
 82       82   (0)      7 :  1.0000 0.0000 
 83       83   (0)      7 :  1.0000 0.0000 
 84       84   (0)      7 :  1.0000 0.0000 
 85       85   (0)      6 :  0.2287 0.7713 
 86       86   (0)      6 :  0.2737 0.7263 
 87       87   (0)      6 :  0.1203 0.8797 
 88       88   (0)      6 :  0.0410 0.9590 
 89       89   (0)      6 :  0.0755 0.9245 
 90       90   (0)      6 :  0.2989 0.7011 
 91       91   (0)      6 :  0.0527 0.9473 
 92       92   (0)      6 :  0.0850 0.9150 
 93       93   (0)      7 :  0.3649 0.6351 
 94       94   (0)      7 :  0.8409 0.1591 
 95       95   (0)      6 :  0.2023 0.7977 
 96       96   (0)      6 :  0.0861 0.9139 
 97       97   (0)      6 :  0.4294 0.5706 
 98       98   (0)      6 :  0.3260 0.6740 
 99       99   (0)      6 :  0.0526 0.9474 
100      100   (0)      6 :  0.0001 0.9999 
101      101   (0)      6 :  0.2835 0.7165 
102      102   (0)      6 :  0.0393 0.9607 
103      103   (0)      8 :  0.5183 0.4817 
104      104   (0)      8 :  0.3287 0.6713 
105      105   (0)      8 :  0.3899 0.6101 
106      106   (0)      8 :  0.4957 0.5043 
107      107   (0)      8 :  0.7202 0.2798 
108      108   (0)      8 :  0.6620 0.3380 
109      109   (0)      8 :  0.3477 0.6523 
110      110   (0)      8 :  0.3320 0.6680 
111      111   (0)      8 :  0.5419 0.4581 
112      112   (0)      8 :  0.3769 0.6231 
113      113   (0)      8 :  0.3228 0.6772 
114      114   (0)      8 :  0.5676 0.4324 
115      115   (0)      8 :  1.0000 0.0000 
116      116   (0)      8 :  0.0663 0.9337 
117      117   (0)      8 :  0.6114 0.3886 
118      118   (0)      8 :  0.3781 0.6219 
119      119   (0)      8 :  0.3690 0.6310 
120      120   (0)      8 :  0.3953 0.6047 
121      121   (0)      8 :  0.3047 0.6953 
122      122   (0)      8 :  0.6389 0.3611 
123      123   (0)      8 :  0.3271 0.6729 
124      124   (0)      8 :  0.7825 0.2175 
125      125   (0)      8 :  0.3756 0.6244 
126      126   (0)      3 :  0.5643 0.4357 
127      127   (0)      3 :  0.0469 0.9531 
128      128   (0)      3 :  0.4976 0.5024 
129      129   (0)      3 :  0.3588 0.6412 
130      130   (0)      3 :  0.3950 0.6050 
131      131   (0)      3 :  0.5818 0.4182 
132      132   (0)      3 :  0.5702 0.4298 
133      133   (0)      3 :  0.6330 0.3670 
134      134   (0)      3 :  0.7297 0.2703 
135      135   (0)      3 :  0.9266 0.0734 
136      136   (0)      3 :  0.6068 0.3932 
137      137   (0)      3 :  0.5034 0.4966 
138      138   (0)      3 :  0.5752 0.4248 
139      139   (0)      3 :  0.3587 0.6413 
140      140   (0)      3 :  0.3078 0.6922 
141      141   (0)      3 :  0.5526 0.4474 
142      142   (0)      3 :  0.5726 0.4274 
143      143   (0)      3 :  0.5827 0.4173 
144      144   (0)      3 :  0.3248 0.6752 
145      145   (0)      3 :  0.6461 0.3539 
146      146   (0)      3 :  0.2885 0.7115 
147      147   (0)      3 :  0.6567 0.3433 
148      148   (0)      3 :  0.6546 0.3454 
149      149   (0)      3 :  0.4248 0.5752 
150      150   (0)      3 :  0.6418 0.3582 
151      151   (0)      3 :  0.5387 0.4613 
152      152   (0)      3 :  0.4786 0.5214 
153      153   (0)      8 :  0.5280 0.4720 
154      154   (0)      8 :  0.9504 0.0496 
155      155   (0)      8 :  0.2952 0.7048 
156      156   (0)      8 :  0.4175 0.5825 
157      157   (0)      8 :  0.3313 0.6687 
158      158   (0)      8 :  0.4960 0.5040 
159      159   (0)      8 :  0.4901 0.5099 
160      160   (0)      1 :  0.0771 0.9229 
161      161   (0)      1 :  0.0009 0.9991 
162      162   (0)      1 :  0.0337 0.9663 
163      163   (0)      1 :  0.0000 1.0000 
164      164   (0)      1 :  0.0000 1.0000 
165      165   (0)      1 :  0.2555 0.7445 
166      166   (0)      1 :  0.0117 0.9883 
167      167   (0)      1 :  0.0229 0.9771 
168      168   (0)      2 :  0.0000 1.0000 
169      169   (0)      2 :  0.3435 0.6565 
170      170   (0)      2 :  0.2362 0.7638 
171      171   (0)      2 :  0.3566 0.6434 
172      172   (0)      2 :  0.0788 0.9212 
173      173   (0)      2 :  0.2008 0.7992 
174      174   (0)      2 :  0.0179 0.9821 
175      175   (0)      2 :  0.3750 0.6250 
176      176   (0)      1 :  0.0896 0.9104 
177      177   (0)      1 :  0.0119 0.9881 
178      178   (0)      1 :  0.1515 0.8485 
179      179   (0)      1 :  0.0000 1.0000 
180      180   (0)      1 :  0.0000 1.0000 
181      181   (0)      1 :  0.0000 1.0000 
182      182   (0)      2 :  0.0488 0.9512 
183      183   (0)      2 :  0.1820 0.8180 
184      184   (0)      2 :  0.0000 1.0000 
185      185   (0)      2 :  0.1702 0.8298 
186      186   (0)      2 :  0.1624 0.8376 
187      187   (0)      1 :  0.0000 1.0000 
188      188   (0)      1 :  0.2866 0.7134 
189      189   (0)      1 :  0.1429 0.8571 
190      190   (0)      1 :  0.0000 1.0000 
191      191   (0)      1 :  0.0000 1.0000 
192      192   (0)      1 :  0.0000 1.0000 
193      193   (0)      1 :  0.0051 0.9949 
194      194   (0)      1 :  0.0958 0.9042 
195      195   (0)      2 :  0.0000 1.0000 
196      196   (0)      2 :  0.2559 0.7441 
197      197   (0)      2 :  0.1852 0.8148 
198      198   (0)      2 :  0.2801 0.7199 
199      199   (0)      2 :  0.0873 0.9127 
200      200   (0)      2 :  0.0080 0.9920 
201      201   (0)      2 :  0.1481 0.8519 
202      202   (0)      2 :  0.1101 0.8899 
203      203   (0)      2 :  0.0041 0.9959 
204      204   (0)      2 :  0.0601 0.9399 
205      205   (0)      2 :  0.0000 1.0000 
206      206   (0)      2 :  0.3985 0.6015 
207      207   (0)      2 :  0.1014 0.8986 
208      208   (0)      9 :  0.0000 1.0000 
209      209   (0)      9 :  0.1623 0.8377 
210      210   (0)      9 :  0.1069 0.8931 
211      211   (0)      9 :  0.0965 0.9035 
212      212   (0)      9 :  0.1580 0.8420 
213      213   (0)      9 :  0.1097 0.8903 
214      214   (0)      9 :  0.0741 0.9259 
215      215   (0)      9 :  0.0000 1.0000 
216      216   (0)      9 :  0.0850 0.9150 
217      217   (0)      9 :  0.1694 0.8306 
218      218   (0)      9 :  0.5266 0.4734 
219      219   (0)      9 :  0.0000 1.0000 
220      220   (0)      9 :  0.0000 1.0000 
221      221   (0)      9 :  0.0462 0.9538 
222      222   (0)      9 :  0.0000 1.0000 
223      223   (0)      9 :  0.0802 0.9198 
224      224   (0)      9 :  0.1137 0.8863 
225      225   (0)      9 :  0.0604 0.9396 
226      226   (0)      9 :  0.0989 0.9011 
227      227   (0)      9 :  0.0032 0.9968 
228      228   (0)      9 :  0.0000 1.0000 
229      229   (0)      9 :  0.0775 0.9225 
230      230   (0)      9 :  0.0058 0.9942 
231      231   (0)      9 :  0.0000 1.0000 
232      232   (0)      9 :  0.0000 1.0000 
233      233   (0)      9 :  0.0000 1.0000 
234      234   (0)      9 :  0.0000 1.0000 
235      235   (0)      9 :  0.0000 1.0000 
236      236   (0)      9 :  0.1082 0.8918 
237      237   (0)     10 :  0.2429 0.7571 
238      238   (0)     10 :  0.0000 1.0000 
239      239   (0)     10 :  0.0000 1.0000 
240      240   (0)     10 :  0.0000 1.0000 
241      241   (0)     10 :  0.0036 0.9964 
242      242   (0)     10 :  0.1849 0.8151 
243      243   (0)     10 :  0.0000 1.0000 
244      244   (0)     10 :  0.0000 1.0000 
245      245   (0)     10 :  0.0126 0.9874 
246      246   (0)     10 :  0.6904 0.3096 
247      247   (0)     10 :  0.0433 0.9567 
248      248   (0)     10 :  0.4922 0.5078 
249      249   (0)     10 :  0.0784 0.9216 
250      250   (0)     10 :  0.2860 0.7140 
251      251   (0)     10 :  0.0139 0.9861 
252      252   (0)     10 :  0.2569 0.7431 
253      253   (0)     10 :  0.0206 0.9794 
254      254   (0)     10 :  0.0000 1.0000 
255      255   (0)     10 :  0.4590 0.5410 
256      256   (0)     10 :  0.1683 0.8317 
257      257   (0)     10 :  0.1390 0.8610 
258      258   (0)     10 :  0.1321 0.8679 
259      259   (0)     10 :  0.1207 0.8793 
260      260   (0)     10 :  0.0513 0.9487 
261      261   (0)     10 :  0.0042 0.9958 
262      262   (0)     10 :  0.1132 0.8868 
263      263   (0)     10 :  0.3582 0.6418 
264      264   (0)     11 :  1.0000 0.0000 
265      265   (0)     11 :  0.3507 0.6493 
266      266   (0)     11 :  1.0000 0.0000 
267      267   (0)     11 :  0.5478 0.4522 
268      268   (0)     11 :  0.6796 0.3204 
269      269   (0)     11 :  1.0000 0.0000 
270      270   (0)     11 :  0.7850 0.2150 
271      271   (0)     11 :  0.5221 0.4779 
272      272   (0)     11 :  0.6122 0.3878 
273      273   (0)     12 :  0.0768 0.9232 
274      274   (0)     12 :  0.0767 0.9233 
275      275   (0)     12 :  0.0000 1.0000 
276      276   (0)     12 :  0.0000 1.0000 
277      277   (0)     12 :  0.0003 0.9997 
278      278   (0)     12 :  0.0445 0.9555 
279      279   (0)     12 :  0.0325 0.9675 
280      280   (0)     12 :  0.0845 0.9155 
281      281   (0)     12 :  0.0490 0.9510 
282      282   (0)     12 :  0.8265 0.1735 
283      283   (0)     12 :  0.0494 0.9506 
284      284   (0)     12 :  0.3212 0.6788 
285      285   (0)     12 :  0.0000 1.0000 
286      286   (0)     12 :  0.2000 0.8000 
287      287   (0)     12 :  0.0015 0.9985 
288      288   (0)     12 :  0.0000 1.0000 
289      289   (0)     12 :  0.0153 0.9847 
290      290   (0)     12 :  0.3377 0.6623 
291      291   (0)     12 :  0.2197 0.7803 
292      292   (0)     12 :  0.0000 1.0000 
293      293   (0)     12 :  0.0000 1.0000 
294      294   (0)     12 :  0.0000 1.0000 
295      295   (0)     12 :  0.0000 1.0000 
296      296   (0)     12 :  0.2699 0.7301 
297      297   (0)     12 :  0.0278 0.9722 
298      298   (0)     12 :  0.0264 0.9736 
299      299   (0)     12 :  0.2116 0.7884 
300      300   (0)     12 :  0.0000 1.0000 
