1        1   (0)      1  : 0.0020 0.0194 0.0000 0.4848 0.4891 0.0000 0.0000 0.0046 0.0000 0.0000
2        2   (0)      1  : 0.2552 0.0059 0.0072 0.3494 0.0073 0.0000 0.1183 0.0010 0.1701 0.0856
3        3   (0)      1  : 0.0000 0.0981 0.0000 0.0000 0.0000 0.6767 0.0000 0.2184 0.0000 0.0067
4        4   (0)      1  : 0.0029 0.0000 0.0000 0.4885 0.0204 0.0000 0.4576 0.0000 0.0000 0.0307
5        5   (0)      1  : 0.0137 0.0125 0.0141 0.6942 0.0000 0.0000 0.0000 0.0856 0.0000 0.1800
6        6   (0)      1  : 0.1283 0.0000 0.0000 0.0685 0.3377 0.3643 0.0000 0.0373 0.0637 0.0000
7        7   (0)      2  : 0.0000 0.0000 0.0000 0.6048 0.0000 0.0000 0.3952 0.0000 0.0000 0.0000
8        8   (0)      1  : 0.2924 0.0129 0.0000 0.6945 0.0002 0.0000 0.0000 0.0000 0.0000 0.0000
9        9   (0)      3  : 0.0000 0.0000 0.4852 0.0000 0.2502 0.0000 0.0000 0.0000 0.2092 0.0554
10       10   (0)      4  : 0.0000 0.0000 0.1847 0.0000 0.0000 0.0000 0.0341 0.7425 0.0000 0.0386
11       11   (0)      4  : 0.3177 0.0000 0.4946 0.1041 0.0665 0.0000 0.0000 0.0000 0.0000 0.0172
12       12   (0)      4  : 0.0000 0.0046 0.1128 0.0682 0.2103 0.0503 0.1364 0.0375 0.1126 0.2674
13       13   (0)      4  : 0.0000 0.0000 0.0000 0.0000 0.0000 0.0000 0.0000 1.0000 0.0000 0.0000
14       14   (0)      4  : 0.0434 0.0000 0.4894 0.1993 0.0000 0.0048 0.0000 0.0446 0.2184 0.0000
15       15   (0)      4  : 0.0000 0.0000 0.0002 0.0000 0.2396 0.7602 0.0000 0.0000 0.0000 0.0000
16       16   (0)      5  : 0.2493 0.0000 0.3016 0.0787 0.2205 0.0196 0.1103 0.0000 0.0000 0.0200
17       17   (0)      4  : 0.0000 0.0000 0.3646 0.0000 0.1745 0.0631 0.1775 0.0045 0.2158 0.0000
18       18   (0)      5  : 0.0696 0.0000 0.2923 0.2153 0.0031 0.0000 0.0201 0.0014 0.3982 0.0000
19       19   (0)      5  : 0.2357 0.0000 0.7047 0.0000 0.0000 0.0000 0.0000 0.0000 0.0164 0.0431
20       20   (0)      5  : 0.0000 0.0000 0.6506 0.0000 0.0183 0.0000 0.2683 0.0000 0.0174 0.0453
21       21   (0)      5  : 0.0881 0.0000 0.8112 0.0000 0.0000 0.0000 0.0000 0.0000 0.1007 0.0000
22       22   (0)      5  : 0.0000 0.0042 0.3004 0.0000 0.5461 0.0000 0.0000 0.0145 0.0000 0.1348
23       23   (0)      5  : 0.0000 0.0000 0.6645 0.0000 0.2598 0.0000 0.0000 0.0000 0.0382 0.0375
24       24   (0)      5  : 0.0426 0.0035 0.3034 0.0000 0.1446 0.0042 0.2340 0.0223 0.0165 0.2287
25       25   (0)      5  : 0.0000 0.0277 0.6493 0.0000 0.2965 0.0000 0.0000 0.0102 0.0000 0.0164
26       26   (0)      5  : 0.0000 0.0000 0.6924 0.0000 0.0000 0.0000 0.2023 0.0000 0.0767 0.0286
27       27   (0)      5  : 0.0000 0.0000 0.4239 0.0000 0.3213 0.0000 0.0000 0.0140 0.1524 0.0884
28       28   (0)      5  : 0.0000 0.0000 0.7048 0.0000 0.0000 0.0000 0.0000 0.1065 0.1551 0.0336
29       29   (0)      5  : 0.5838 0.0000 0.2581 0.0000 0.0000 0.0000 0.0000 0.0000 0.1576 0.0005
30       30   (0)      5  : 0.0548 0.0000 0.3665 0.0000 0.0818 0.0000 0.2537 0.0000 0.2247 0.0184
31       31   (0)      5  : 0.0000 0.0086 0.3934 0.0000 0.1707 0.0000 0.0000 0.0243 0.0000 0.4030
32       32   (0)      5  : 0.2783 0.0000 0.2595 0.0000 0.4525 0.0000 0.0000 0.0000 0.0000 0.0098
33       33   (0)      5  : 0.1295 0.0000 0.2246 0.0000 0.3426 0.0000 0.0131 0.0000 0.2875 0.0027
34       34   (0)      5  : 0.4885 0.0000 0.4022 0.0014 0.0827 0.0000 0.0178 0.0000 0.0026 0.0047
35       35   (0)      5  : 0.0090 0.0000 0.8283 0.0000 0.0000 0.0000 0.0000 0.0000 0.1628 0.0000
36       36   (0)      5  : 0.0000 0.0000 0.2717 0.0000 0.0743 0.0000 0.0000 0.0000 0.5503 0.1037
37       37   (0)      5  : 0.0000 0.0000 0.6385 0.0248 0.0357 0.0000 0.0487 0.0592 0.1931 0.0000
38       38   (0)      5  : 0.0142 0.0000 0.2621 0.0000 0.0103 0.0000 0.0000 0.2302 0.4831 0.0000
39       39   (0)      5  : 0.2463 0.0003 0.2929 0.0000 0.0050 0.0000 0.0000 0.0227 0.2374 0.1955
40       40   (0)      5  : 0.0000 0.0000 0.3556 0.0000 0.3167 0.0000 0.0000 0.0124 0.1889 0.1264
41       41   (0)      5  : 0.4534 0.0000 0.5437 0.0000 0.0000 0.0000 0.0000 0.0000 0.0000 0.0029
42       42   (0)      5  : 0.0000 0.0000 0.0000 0.0000 0.0000 0.9441 0.0559 0.0000 0.0000 0.0000
43       43   (0)      5  : 0.0000 0.0013 0.2678 0.0269 0.2268 0.0000 0.1870 0.0195 0.1022 0.1685
44       44   (0)      4  : 0.0000 0.0000 0.5249 0.0000 0.0000 0.0000 0.0000 0.4751 0.0000 0.0000
45       45   (0)      4  : 0.1047 0.0004 0.0547 0.0000 0.0192 0.0267 0.3549 0.0248 0.2220 0.1926
46       46   (0)      4  : 0.0000 0.0000 0.2575 0.0000 0.4605 0.0515 0.1146 0.0000 0.1153 0.0007
47       47   (0)      4  : 0.4203 0.0000 0.3024 0.0003 0.0000 0.0000 0.0131 0.1311 0.1328 0.0000
48       48   (0)      5  : 0.1364 0.0053 0.0462 0.0004 0.3310 0.0356 0.0488 0.0800 0.1320 0.1842
49       49   (0)      4  : 0.0000 0.0000 0.4326 0.0000 0.1592 0.0000 0.2902 0.0000 0.0000 0.1180
50       50   (0)      4  : 0.0000 0.0000 0.0000 0.0000 0.0910 0.8841 0.0212 0.0000 0.0000 0.0037
51       51   (0)      4  : 0.1880 0.0396 0.4291 0.1823 0.0236 0.0070 0.0000 0.0000 0.0011 0.1293
52       52   (0)      4  : 0.0000 0.0763 0.0038 0.0000 0.0000 0.8157 0.0731 0.0000 0.0000 0.0311
53       53   (0)      4  : 0.1232 0.0000 0.5406 0.0987 0.0000 0.0000 0.0000 0.1319 0.0875 0.0182
54       54   (0)      4  : 0.0000 0.0000 0.0193 0.0000 0.0000 0.9807 0.0000 0.0000 0.0000 0.0000
55       55   (0)      4  : 0.0225 0.0000 0.0266 0.0000 0.0000 0.7722 0.0000 0.0000 0.1787 0.0000
56       56   (0)      4  : 0.0000 0.0000 0.4889 0.0000 0.0000 0.0000 0.0039 0.2033 0.3011 0.0028
57       57   (0)      5  : 0.2085 0.0120 0.0513 0.0194 0.1390 0.0000 0.0196 0.0377 0.2251 0.2873
58       58   (0)      4  : 0.0624 0.1014 0.0088 0.0000 0.2775 0.5167 0.0000 0.0000 0.0332 0.0000
59       59   (0)      4  : 0.0000 0.0000 0.0000 0.0000 0.0000 0.8413 0.0398 0.0428 0.0697 0.0064
60       60   (0)      4  : 0.2691 0.0000 0.1725 0.0443 0.2062 0.0434 0.0141 0.0011 0.2493 0.0000
61       61   (0)      5  : 0.0000 0.0000 0.1538 0.0408 0.0291 0.0000 0.3915 0.0000 0.3849 0.0000
62       62   (0)      6  : 0.0000 0.0000 0.0000 0.0616 0.0379 0.6472 0.0042 0.1394 0.1096 0.0000
63       63   (0)      6  : 0.0000 0.1530 0.0000 0.0020 0.0736 0.7412 0.0126 0.0000 0.0176 0.0000
64       64   (0)      6  : 0.0037 0.0000 0.0038 0.9186 0.0000 0.0000 0.0000 0.0739 0.0000 0.0000
65       65   (0)      6  : 0.1844 0.0000 0.3563 0.1573 0.2758 0.0000 0.0000 0.0000 0.0000 0.0263
66       66   (0)      6  : 0.0000 0.0000 0.0000 0.0000 0.0000 0.0000 0.0000 1.0000 0.0000 0.0000
67       67   (0)      6  : 0.0000 0.0000 0.0000 0.6525 0.3366 0.0000 0.0000 0.0000 0.0000 0.0109
68       68   (0)      6  : 0.0570 0.0000 0.0972 0.4082 0.4376 0.0000 0.0000 0.0000 0.0000 0.0000
69       69   (0)      6  : 0.1194 0.0000 0.1324 0.1689 0.4924 0.0277 0.0062 0.0000 0.0531 0.0000
70       70   (0)      6  : 0.0000 0.0000 0.0747 0.1048 0.7181 0.0000 0.0101 0.0112 0.0730 0.0080
71       71   (0)      6  : 0.0555 0.0000 0.2193 0.3080 0.4142 0.0000 0.0000 0.0000 0.0028 0.0000
72       72   (0)      7  : 0.2583 0.0000 0.2645 0.1272 0.0000 0.0000 0.0000 0.0009 0.3203 0.0288
73       73   (0)      7  : 0.2016 0.0000 0.1062 0.0533 0.0094 0.0510 0.3252 0.0000 0.2533 0.0000
74       74   (0)      7  : 0.0000 0.0005 0.0659 0.1573 0.0225 0.0273 0.2791 0.0211 0.2276 0.1987
75       75   (0)      7  : 0.2254 0.0040 0.1950 0.1984 0.0000 0.0875 0.0343 0.0000 0.1421 0.1133
76       76   (0)      7  : 0.0094 0.0000 0.6537 0.0862 0.0000 0.0000 0.0000 0.0000 0.0000 0.2506
77       77   (0)      7  : 0.0099 0.0167 0.0933 0.2806 0.0958 0.0000 0.0100 0.0731 0.0000 0.4206
78       78   (0)      7  : 0.0000 0.0000 0.3842 0.1132 0.0000 0.0224 0.3738 0.0000 0.0755 0.0309
79       79   (0)      7  : 0.6081 0.0000 0.2463 0.0345 0.0000 0.0000 0.1110 0.0000 0.0000 0.0000
80       80   (0)      7  : 0.0964 0.0000 0.5942 0.2539 0.0555 0.0000 0.0000 0.0000 0.0000 0.0000
81       81   (0)      7  : 0.0000 0.0000 0.7441 0.1339 0.0000 0.0000 0.0000 0.0808 0.0000 0.0412
82       82   (0)      7  : 0.3037 0.0206 0.0261 0.0797 0.0464 0.0707 0.1149 0.0154 0.2002 0.1225
83       83   (0)      7  : 0.0000 0.0709 0.0000 0.1022 0.0000 0.8013 0.0252 0.0004 0.0000 0.0000
84       84   (0)      7  : 0.2638 0.0000 0.3760 0.1259 0.0000 0.0000 0.0000 0.0000 0.2343 0.0000
85       85   (0)      7  : 0.0039 0.0000 0.7445 0.2063 0.0000 0.0000 0.0000 0.0049 0.0000 0.0404
86       86   (0)      7  : 0.0344 0.0000 0.0000 0.0000 0.1619 0.7718 0.0000 0.0000 0.0318 0.0000
87       87   (0)      7  : 0.0003 0.0000 0.3324 0.1171 0.5502 0.0000 0.0000 0.0000 0.0000 0.0000
88       88   (0)      7  : 0.0000 0.0000 0.0064 0.0000 0.1348 0.7984 0.0000 0.0604 0.0000 0.0000
89       89   (0)      7  : 0.2381 0.0001 0.3026 0.0000 0.0110 0.0012 0.0000 0.0434 0.2460 0.1575
90       90   (0)      7  : 0.2140 0.0000 0.3293 0.0430 0.4137 0.0000 0.0000 0.0000 0.0000 0.0000
91       91   (0)      7  : 0.3251 0.0000 0.5858 0.0850 0.0000 0.0000 0.0029 0.0000 0.0000 0.0011
92       92   (0)      7  : 0.0327 0.0133 0.1139 0.1503 0.0000 0.0000 0.0000 0.0373 0.2400 0.4126
93       93   (0)      7  : 0.0270 0.0000 0.0244 0.0959 0.1473 0.0332 0.0009 0.0000 0.6367 0.0345
94       94   (0)      7  : 0.0000 0.0000 0.3154 0.2042 0.0000 0.0000 0.0000 0.0191 0.2454 0.2159
95       95   (0)      7  : 0.0000 0.0123 0.3148 0.1688 0.1879 0.0000 0.0000 0.0288 0.0000 0.2874
96       96   (0)      7  : 0.0000 0.0000 0.5458 0.0199 0.0000 0.0000 0.1416 0.0753 0.0323 0.1851
97       97   (0)      7  : 0.0000 0.0000 0.3819 0.0527 0.0000 0.0000 0.0000 0.0387 0.0000 0.5267
98       98   (0)      7  : 0.0000 0.0000 0.6060 0.0368 0.0000 0.0000 0.0000 0.1814 0.0000 0.1758
99       99   (0)      7  : 0.0000 0.0246 0.0036 0.2150 0.0000 0.6941 0.0000 0.0000 0.0627 0.0000
100      100   (0)      6  : 0.2997 0.0000 0.1558 0.4162 0.0000 0.0000 0.1204 0.0078 0.0000 0.0000
101      101   (0)      6  : 0.0000 0.0000 0.0448 0.3733 0.0000 0.0092 0.2956 0.0093 0.2487 0.0191
102      102   (0)      6  : 0.0022 0.0000 0.0038 0.1807 0.6783 0.0129 0.0000 0.1221 0.0000 0.0000
103      103   (0)      6  : 0.4046 0.0000 0.0160 0.5002 0.0077 0.0000 0.0000 0.0000 0.0716 0.0000
104      104   (0)      6  : 0.0000 0.0000 0.0018 0.3512 0.6307 0.0013 0.0000 0.0151 0.0000 0.0000
105      105   (0)      6  : 0.0554 0.0000 0.0026 0.5026 0.0010 0.0000 0.0838 0.0356 0.2480 0.0711
106      106   (0)      6  : 0.1678 0.0000 0.0000 0.3748 0.2037 0.0244 0.1015 0.0000 0.1218 0.0060
107      107   (0)      6  : 0.0000 0.0198 0.0000 0.5573 0.3382 0.0000 0.0088 0.0000 0.0053 0.0706
108      108   (0)      6  : 0.0000 0.0000 0.0000 0.1158 0.0000 0.8842 0.0000 0.0000 0.0000 0.0000
109      109   (0)      7  : 0.0301 0.0000 0.3528 0.2061 0.3581 0.0143 0.0089 0.0000 0.0296 0.0000
110      110   (0)      7  : 0.0000 0.0000 0.0000 0.0000 0.0000 0.0000 0.0000 1.0000 0.0000 0.0000
111      111   (0)      8  : 0.0000 0.0000 0.0000 0.5180 0.0001 0.0079 0.2109 0.2631 0.0000 0.0000
112      112   (0)      6  : 0.0000 0.0000 0.0000 1.0000 0.0000 0.0000 0.0000 0.0000 0.0000 0.0000
113      113   (0)      6  : 0.0000 0.0000 0.0000 0.0537 0.0000 0.8960 0.0000 0.0503 0.0000 0.0000
114      114   (0)      6  : 0.0000 0.0000 0.3365 0.6635 0.0000 0.0000 0.0000 0.0000 0.0000 0.0000
115      115   (0)      6  : 0.0000 0.1733 0.0000 0.2641 0.0000 0.4057 0.0000 0.1380 0.0000 0.0190
116      116   (0)      6  : 0.0000 0.0180 0.1159 0.4800 0.0090 0.0000 0.2299 0.0783 0.0646 0.0043
117      117   (0)      6  : 0.0000 0.0000 0.0000 0.5305 0.1941 0.0000 0.2254 0.0000 0.0014 0.0486
118      118   (0)      6  : 0.1217 0.0000 0.0000 0.6133 0.2385 0.0000 0.0265 0.0000 0.0000 0.0000
119      119   (0)      6  : 0.0000 0.0000 0.0880 0.8052 0.0000 0.0000 0.0973 0.0000 0.0000 0.0095
120      120   (0)      6  : 0.0000 0.0000 0.0000 0.6689 0.0000 0.0000 0.3180 0.0000 0.0131 0.0000
121      121   (0)      6  : 0.0000 0.0433 0.0000 0.1983 0.0000 0.7584 0.0000 0.0000 0.0000 0.0000
122      122   (0)      9  : 0.0000 0.0250 0.0176 0.1035 0.2564 0.0000 0.0000 0.0317 0.3066 0.2593
123      123   (0)      9  : 0.0053 0.0000 0.0009 0.0007 0.3638 0.0297 0.0120 0.0000 0.5781 0.0096
124      124   (0)      9  : 0.0000 0.0149 0.0252 0.0000 0.6599 0.0000 0.0000 0.0259 0.0217 0.2524
125      125   (0)      9  : 0.3255 0.0000 0.1869 0.0000 0.0000 0.0008 0.0000 0.0000 0.4867 0.0000
126      126   (0)      9  : 0.1944 0.0000 0.2958 0.0000 0.0000 0.0000 0.0026 0.0664 0.4343 0.0065
127      127   (0)      9  : 0.0000 0.0000 0.3787 0.0000 0.3567 0.0000 0.0000 0.1003 0.0603 0.1040
128      128   (0)      9  : 0.0008 0.0024 0.0186 0.0000 0.5067 0.0000 0.0001 0.0184 0.3268 0.1263
129      129   (0)      9  : 0.0000 0.0000 0.0000 0.0000 0.2393 0.0000 0.1205 0.0000 0.6149 0.0253
130      130   (0)      9  : 0.0000 0.0000 0.0310 0.0000 0.0000 0.0000 0.2523 0.0384 0.4644 0.2139
131      131   (0)      9  : 0.0000 0.0000 0.0509 0.0000 0.1509 0.0000 0.2099 0.0000 0.5599 0.0283
132      132   (0)      9  : 0.2192 0.0032 0.0214 0.0000 0.3514 0.0000 0.0000 0.0178 0.2453 0.1417
133      133   (0)      9  : 0.0000 0.0000 0.0291 0.0000 0.0060 0.0000 0.3231 0.0000 0.6418 0.0000
134      134   (0)      9  : 0.0000 0.0000 0.0000 0.0000 0.0000 0.0000 0.0000 1.0000 0.0000 0.0000
135      135   (0)      9  : 0.0000 0.0000 0.0000 0.0000 0.8000 0.0000 0.0000 0.0000 0.1854 0.0146
136      136   (0)      9  : 0.2490 0.0083 0.1614 0.0716 0.0075 0.0000 0.0050 0.0609 0.2287 0.2076
137      137   (0)      9  : 0.1440 0.0000 0.0000 0.0052 0.0000 0.0000 0.2128 0.0000 0.6381 0.0000
138      138   (0)      9  : 0.4653 0.0000 0.1213 0.0000 0.0107 0.0063 0.0000 0.0000 0.3789 0.0175
139      139   (0)      9  : 0.3862 0.0000 0.0451 0.0787 0.0000 0.0000 0.0000 0.0000 0.4900 0.0000
140      140   (0)      9  : 0.1562 0.0000 0.0266 0.0000 0.2826 0.0000 0.0000 0.0000 0.5234 0.0112
141      141   (0)      9  : 0.0000 0.0000 0.4048 0.0109 0.2619 0.0000 0.0000 0.0080 0.1982 0.1161
142      142   (0)      9  : 0.3441 0.0056 0.1353 0.1701 0.0735 0.0000 0.0086 0.0018 0.2358 0.0252
143      143   (0)      9  : 0.0000 0.0000 0.0000 0.0000 0.0000 0.0000 0.0000 1.0000 0.0000 0.0000
144      144   (0)      9  : 0.1751 0.0089 0.1103 0.0000 0.0054 0.0005 0.3295 0.0472 0.2542 0.0689
145      145   (0)      3  : 0.0000 0.0033 0.2192 0.0000 0.4278 0.0000 0.0000 0.0350 0.1195 0.1952
146      146   (0)      3  : 0.0389 0.0832 0.0000 0.0000 0.2493 0.5189 0.0000 0.0000 0.1097 0.0000
147      147   (0)      3  : 0.0230 0.0000 0.0619 0.0000 0.8356 0.0000 0.0224 0.0000 0.0154 0.0416
148      148   (0)      3  : 0.3142 0.0237 0.0879 0.0000 0.0200 0.0557 0.0000 0.0035 0.4815 0.0136
149      149   (0)      3  : 0.3272 0.0000 0.1748 0.0000 0.2470 0.0000 0.0000 0.0000 0.1770 0.0740
150      150   (0)      3  : 0.0000 0.0000 0.0000 0.0000 0.2320 0.0577 0.1492 0.0000 0.5199 0.0411
151      151   (0)      3  : 0.2663 0.0000 0.1802 0.0000 0.0000 0.0000 0.0000 0.0241 0.5294 0.0000
152      152   (0)      3  : 0.1254 0.0000 0.0703 0.0000 0.0550 0.0000 0.0000 0.0456 0.7037 0.0000
153      153   (0)      3  : 0.1083 0.0172 0.3755 0.0000 0.1499 0.0000 0.0025 0.0000 0.2412 0.1054
154      154   (0)      3  : 0.0978 0.0167 0.3002 0.0000 0.0265 0.0000 0.0000 0.1871 0.3717 0.0000
155      155   (0)      3  : 0.0749 0.0485 0.4732 0.0000 0.0000 0.0285 0.0000 0.1925 0.1514 0.0311
156      156   (0)      3  : 0.1476 0.0667 0.0994 0.0000 0.0757 0.0000 0.0000 0.0132 0.4225 0.1748
157      157   (0)      3  : 0.1838 0.0088 0.0204 0.0375 0.0957 0.0000 0.0000 0.0216 0.4863 0.1459
158      158   (0)      3  : 0.2329 0.0002 0.1429 0.0590 0.0000 0.0000 0.0000 0.0000 0.4784 0.0866
159      159   (0)      3  : 0.1529 0.1831 0.0000 0.0000 0.0000 0.5366 0.0000 0.0000 0.1274 0.0000
160      160   (0)      3  : 0.1334 0.0000 0.0000 0.0000 0.0000 0.0000 0.2848 0.0000 0.5510 0.0307
161      161   (0)      3  : 0.0000 0.0000 0.0000 0.0025 0.5594 0.0000 0.0000 0.0775 0.3495 0.0112
162      162   (0)      3  : 0.4493 0.0000 0.3413 0.0000 0.0000 0.0000 0.0000 0.0004 0.2063 0.0028
163      163   (0)      3  : 0.1903 0.0000 0.4788 0.0000 0.2128 0.0000 0.0000 0.0000 0.0930 0.0250
164      164   (0)      3  : 0.1643 0.0000 0.0836 0.0000 0.0000 0.0000 0.0000 0.0000 0.6580 0.0941
165      165   (0)      3  : 0.0000 0.0000 0.0000 0.0029 0.4852 0.0000 0.0000 0.0404 0.4563 0.0151
166      166   (0)      3  : 0.1727 0.0000 0.4622 0.0000 0.0467 0.0000 0.0552 0.0000 0.2119 0.0514
167      167   (0)      3  : 0.4355 0.0000 0.1452 0.0015 0.2304 0.0000 0.0000 0.0000 0.1778 0.0096
168      168   (0)      3  : 0.1837 0.0060 0.0556 0.0000 0.0045 0.0000 0.0000 0.0409 0.4907 0.2186
169      169   (0)      3  : 0.3959 0.0000 0.5370 0.0206 0.0000 0.0000 0.0000 0.0034 0.0285 0.0146
170      170   (0)      3  : 0.4401 0.0000 0.1337 0.0000 0.0000 0.0012 0.0000 0.0042 0.4024 0.0185
171      171   (0)      3  : 0.1181 0.0000 0.3460 0.0000 0.0000 0.0000 0.2346 0.0000 0.2635 0.0378
172      172   (0)      3  : 0.3105 0.0000 0.2103 0.0015 0.0000 0.0000 0.0022 0.0305 0.4317 0.0131
173      173   (0)      3  : 0.0757 0.0123 0.3277 0.0431 0.3660 0.0000 0.0000 0.0062 0.1202 0.0489
174      174   (0)      9  : 0.0000 0.0000 0.3311 0.0000 0.1759 0.0000 0.2221 0.0000 0.2286 0.0423
175      175   (0)      9  : 0.0000 0.0000 0.0257 0.0000 0.0000 0.0000 0.0000 0.7606 0.0000 0.2137
176      176   (0)      9  : 0.3155 0.0016 0.0316 0.0000 0.2636 0.0000 0.0013 0.0061 0.3175 0.0629
177      177   (0)      9  : 0.0921 0.0000 0.1570 0.1802 0.0000 0.0000 0.2744 0.0716 0.1786 0.0461
178      178   (0)      9  : 0.0043 0.0009 0.0715 0.0153 0.3204 0.0000 0.1563 0.0000 0.4312 0.0000
179      179   (0)      9  : 0.0005 0.0154 0.2621 0.0959 0.3304 0.0000 0.0000 0.0080 0.2705 0.0171
180      180   (0)      9  : 0.0000 0.0000 0.0634 0.0217 0.1587 0.0002 0.2128 0.1061 0.4372 0.0000
181      181   (0)      1  : 0.5386 0.0000 0.0000 0.2917 0.0182 0.0000 0.0000 0.0000 0.1514 0.0000
182      182   (0)      1  : 0.1840 0.0000 0.0000 0.2294 0.2437 0.0258 0.2826 0.0000 0.0177 0.0167
183      183   (0)      1  : 0.6284 0.0000 0.0000 0.2592 0.0000 0.0000 0.0455 0.0000 0.0650 0.0019
184      184   (0)      1  : 0.1647 0.0000 0.0000 0.4028 0.3955 0.0240 0.0000 0.0000 0.0000 0.0130
185      185   (0)      1  : 0.7226 0.0000 0.0000 0.2063 0.0527 0.0000 0.0000 0.0000 0.0000 0.0183
186      186   (0)      1  : 0.1402 0.0031 0.0000 0.2254 0.2012 0.0000 0.0000 0.0000 0.3215 0.1086
187      187   (0)      1  : 0.5638 0.0000 0.0000 0.3586 0.0754 0.0000 0.0021 0.0000 0.0000 0.0000
188      188   (0)      1  : 0.7531 0.0000 0.0000 0.0811 0.1048 0.0000 0.0000 0.0000 0.0611 0.0000
189      189   (0)      2  : 0.1305 0.0000 0.0000 0.0524 0.4553 0.0000 0.2756 0.0000 0.0000 0.0862
190      190   (0)      2  : 0.5040 0.0000 0.0584 0.0801 0.0000 0.0011 0.0022 0.0003 0.3540 0.0000
191      191   (0)      2  : 0.4964 0.0000 0.0302 0.1012 0.0814 0.0000 0.0000 0.0000 0.2907 0.0000
192      192   (0)      2  : 0.0000 0.0000 0.2756 0.0000 0.3843 0.0000 0.2319 0.0000 0.0924 0.0158
193      193   (0)      2  : 0.6535 0.0000 0.0000 0.0000 0.2068 0.0000 0.0000 0.0364 0.1033 0.0000
194      194   (0)      2  : 0.0000 0.0000 0.0000 0.0000 0.7237 0.0000 0.0000 0.0000 0.2593 0.0170
195      195   (0)      2  : 0.2787 0.0000 0.0017 0.3998 0.0563 0.0000 0.2241 0.0000 0.0000 0.0393
196      196   (0)      2  : 0.0246 0.0000 0.3815 0.0208 0.0226 0.0000 0.4469 0.0000 0.0000 0.1035
197      197   (0)      1  : 0.3344 0.0000 0.0693 0.0626 0.4640 0.0000 0.0000 0.0000 0.0503 0.0194
198      198   (0)      1  : 0.2387 0.0000 0.0000 0.4628 0.0000 0.0000 0.2784 0.0000 0.0201 0.0000
199      199   (0)      1  : 0.0000 0.0000 0.0000 0.3712 0.4329 0.0000 0.0000 0.0372 0.1250 0.0337
200      200   (0)      1  : 0.0001 0.0000 0.0000 0.6914 0.0239 0.0000 0.2283 0.0000 0.0206 0.0356
201      201   (0)      1  : 0.0000 0.0000 0.0000 0.4951 0.2392 0.0083 0.2103 0.0000 0.0000 0.0472
202      202   (0)      1  : 0.0000 0.0000 0.0000 0.9207 0.0000 0.0000 0.0712 0.0000 0.0000 0.0081
203      203   (0)      2  : 0.0000 0.0000 0.0000 0.0000 0.0113 0.4673 0.2669 0.0324 0.1865 0.0355
204      204   (0)      2  : 0.0000 0.0000 0.0000 0.2419 0.1765 0.0000 0.4951 0.0000 0.0334 0.0531
205      205   (0)      2  : 0.0000 0.0187 0.0000 0.0000 0.0000 0.8245 0.0000 0.0000 0.1568 0.0000
206      206   (0)      2  : 0.6439 0.0000 0.0948 0.1182 0.0449 0.0000 0.0017 0.0401 0.0565 0.0000
207      207   (0)      2  : 0.0000 0.0000 0.0000 0.0000 0.6419 0.0441 0.2769 0.0000 0.0066 0.0305
208      208   (0)      2  : 0.7682 0.0000 0.0000 0.0000 0.0000 0.0814 0.0145 0.0005 0.1264 0.0089
209      209   (0)      2  : 0.0000 0.0000 0.1327 0.0000 0.1163 0.0000 0.6313 0.0000 0.0000 0.1197
210      210   (0)      1  : 0.0000 0.0000 0.0000 0.0985 0.3331 0.0000 0.5191 0.0000 0.0000 0.0493
211      211   (0)      1  : 0.0000 0.0000 0.0000 0.4315 0.0000 0.0000 0.1919 0.0167 0.3379 0.0220
212      212   (0)      1  : 0.0000 0.0000 0.0000 0.3205 0.0000 0.0000 0.4943 0.0000 0.1750 0.0102
213      213   (0)      1  : 0.4012 0.0000 0.0000 0.5930 0.0000 0.0000 0.0058 0.0000 0.0000 0.0000
214      214   (0)      1  : 0.0000 0.0000 0.0000 0.1691 0.6978 0.0000 0.0943 0.0000 0.0000 0.0388
215      215   (0)      1  : 0.1366 0.0000 0.0000 0.6218 0.0000 0.0000 0.2415 0.0000 0.0000 0.0000
216      216   (0)      1  : 0.3064 0.0013 0.0000 0.6431 0.0000 0.0000 0.0422 0.0000 0.0000 0.0071
217      217   (0)      1  : 0.0000 0.0000 0.0000 0.4538 0.4628 0.0000 0.0000 0.0340 0.0300 0.0195
218      218   (0)      2  : 0.3397 0.0000 0.0000 0.1912 0.4575 0.0000 0.0000 0.0000 0.0000 0.0116
219      219   (0)      2  : 0.0000 0.0000 0.0000 0.0251 0.1698 0.0000 0.3787 0.0000 0.3754 0.0510
220      220   (0)      2  : 0.5050 0.0037 0.0065 0.2982 0.0000 0.0000 0.0641 0.0215 0.0984 0.0026
221      221   (0)      2  : 0.3044 0.0000 0.0195 0.2572 0.1226 0.0000 0.0000 0.0000 0.2293 0.0670
222      222   (0)      2  : 0.3639 0.0000 0.0000 0.1709 0.0000 0.0661 0.2429 0.0031 0.1529 0.0002
223      223   (0)      2  : 0.0728 0.0000 0.0401 0.0000 0.8271 0.0443 0.0000 0.0000 0.0000 0.0156
224      224   (0)      2  : 0.2009 0.0000 0.1070 0.0628 0.2622 0.0000 0.2720 0.0000 0.0000 0.0952
225      225   (0)      2  : 0.4986 0.0000 0.0000 0.1815 0.0000 0.0000 0.1128 0.0000 0.1802 0.0269
226      226   (0)      2  : 0.7529 0.0000 0.0000 0.1080 0.1049 0.0005 0.0199 0.0000 0.0094 0.0043
227      227   (0)      2  : 0.7843 0.0000 0.0344 0.0125 0.1128 0.0000 0.0056 0.0000 0.0194 0.0310
228      228   (0)      2  : 0.7147 0.0000 0.0000 0.1770 0.1011 0.0000 0.0000 0.0000 0.0072 0.0000
229      229   (0)      2  : 0.0076 0.0229 0.0000 0.0031 0.2614 0.7050 0.0000 0.0000 0.0000 0.0000
230      230   (0)      2  : 0.3923 0.0000 0.0538 0.0640 0.1307 0.0005 0.0005 0.0198 0.1702 0.1684
231      231   (0)      2  : 0.3911 0.0000 0.0940 0.0355 0.4418 0.0000 0.0000 0.0008 0.0000 0.0368
232      232   (0)     10  : 0.4342 0.0000 0.0000 0.0000 0.5002 0.0225 0.0112 0.0073 0.0000 0.0246
233      233   (0)     10  : 0.0000 0.0000 0.0000 0.0000 0.6797 0.0000 0.0830 0.1398 0.0716 0.0259
234      234   (0)     10  : 0.1354 0.0000 0.0000 0.0000 0.0000 0.0000 0.6965 0.0021 0.1334 0.0327
235      235   (0)     10  : 0.0000 0.0117 0.0000 0.0930 0.1362 0.0000 0.5712 0.0321 0.1050 0.0507
236      236   (0)     10  : 0.0000 0.0000 0.0000 0.0000 0.0681 0.0000 0.6720 0.1217 0.0567 0.0815
237      237   (0)     10  : 0.2053 0.0000 0.0000 0.0092 0.0000 0.0000 0.5849 0.0000 0.1565 0.0441
238      238   (0)     10  : 0.3301 0.0000 0.0184 0.0000 0.5116 0.0000 0.0306 0.0333 0.0000 0.0760
239      239   (0)     10  : 0.6477 0.0000 0.0000 0.0000 0.0000 0.0000 0.3352 0.0000 0.0000 0.0171
240      240   (0)     10  : 0.0000 0.0000 0.0000 0.0000 0.0000 0.0000 0.9347 0.0000 0.0000 0.0653
241      241   (0)     10  : 0.8817 0.0010 0.0000 0.0000 0.0000 0.0000 0.0000 0.0636 0.0000 0.0537
242      242   (0)     10  : 0.0030 0.0000 0.2208 0.0000 0.2298 0.0000 0.2085 0.0214 0.0000 0.3164
243      243   (0)     10  : 0.8691 0.0000 0.0000 0.0021 0.0031 0.0000 0.0940 0.0000 0.0000 0.0317
244      244   (0)     10  : 0.0764 0.0000 0.0000 0.0000 0.5542 0.0253 0.3156 0.0059 0.0000 0.0227
245      245   (0)     10  : 0.7311 0.0000 0.0410 0.0248 0.1670 0.0000 0.0000 0.0000 0.0000 0.0362
246      246   (0)     10  : 0.4957 0.0016 0.0000 0.0153 0.4811 0.0000 0.0000 0.0000 0.0000 0.0062
247      247   (0)     10  : 0.0025 0.0055 0.0000 0.0000 0.7017 0.0000 0.1189 0.0012 0.0085 0.1618
248      248   (0)     10  : 0.8427 0.0000 0.0731 0.0000 0.0000 0.0000 0.0423 0.0246 0.0000 0.0174
249      249   (0)     10  : 0.9321 0.0000 0.0071 0.0000 0.0000 0.0000 0.0000 0.0024 0.0584 0.0000
250      250   (0)     10  : 0.6987 0.0000 0.0372 0.1912 0.0369 0.0000 0.0000 0.0125 0.0000 0.0234
251      251   (0)     10  : 0.0356 0.0000 0.0000 0.0029 0.0000 0.0000 0.9007 0.0043 0.0000 0.0565
252      252   (0)     10  : 0.6280 0.0000 0.0000 0.0000 0.3292 0.0200 0.0000 0.0000 0.0000 0.0228
253      253   (0)     10  : 0.9178 0.0000 0.0747 0.0000 0.0000 0.0000 0.0000 0.0009 0.0066 0.0000
254      254   (0)     10  : 0.5332 0.0000 0.0000 0.1181 0.0000 0.0000 0.3200 0.0000 0.0000 0.0287
255      255   (0)     10  : 0.8211 0.0000 0.0000 0.1660 0.0000 0.0000 0.0000 0.0129 0.0000 0.0000
256      256   (0)     10  : 0.0000 0.0000 0.0000 0.0000 0.0298 0.9702 0.0000 0.0000 0.0000 0.0000
257      257   (0)     10  : 0.5842 0.0000 0.0000 0.0001 0.3948 0.0000 0.0000 0.0000 0.0000 0.0209
258      258   (0)     10  : 0.1173 0.0000 0.0000 0.1007 0.0000 0.0000 0.7345 0.0000 0.0000 0.0476
259      259   (0)     10  : 0.8128 0.0000 0.0000 0.0000 0.0288 0.0000 0.1154 0.0000 0.0000 0.0431
260      260   (0)     10  : 0.4953 0.0002 0.0000 0.0000 0.1901 0.0000 0.2855 0.0000 0.0000 0.0289
261      261   (0)     10  : 0.6004 0.0057 0.0650 0.1036 0.1680 0.0000 0.0000 0.0573 0.0000 0.0000
262      262   (0)     11  : 0.3303 0.0300 0.0008 0.2295 0.0148 0.0000 0.2049 0.0264 0.0703 0.0930
263      263   (0)     11  : 0.7640 0.0000 0.0000 0.0794 0.0000 0.0000 0.1466 0.0000 0.0000 0.0100
264      264   (0)     11  : 0.9931 0.0000 0.0000 0.0000 0.0000 0.0000 0.0000 0.0000 0.0000 0.0069
265      265   (0)     11  : 0.0000 0.0000 0.0000 0.0000 0.0000 0.9980 0.0020 0.0000 0.0000 0.0000
266      266   (0)     11  : 0.0297 0.0000 0.0000 0.0000 0.8194 0.0229 0.0878 0.0000 0.0000 0.0402
267      267   (0)     11  : 0.0000 0.0000 0.0000 0.0000 0.0000 1.0000 0.0000 0.0000 0.0000 0.0000
268      268   (0)     11  : 0.1203 0.0000 0.0000 0.0000 0.8441 0.0000 0.0000 0.0000 0.0000 0.0356
269      269   (0)     11  : 0.7984 0.0000 0.0398 0.0027 0.0526 0.0000 0.0216 0.0718 0.0000 0.0131
270      270   (0)     11  : 0.9700 0.0000 0.0000 0.0000 0.0000 0.0000 0.0300 0.0000 0.0000 0.0000
271      271   (0)     11  : 0.0000 0.0000 0.0000 0.1807 0.0248 0.0000 0.7001 0.0000 0.0000 0.0944
272      272   (0)     11  : 0.2710 0.0018 0.0000 0.1132 0.0608 0.0000 0.5261 0.0000 0.0000 0.0271
273      273   (0)     11  : 0.0000 0.0361 0.0213 0.0000 0.0000 0.0000 0.4094 0.0307 0.0000 0.5025
274      274   (0)     11  : 0.0000 0.1520 0.0000 0.0001 0.0413 0.5561 0.2323 0.0000 0.0000 0.0182
275      275   (0)     11  : 0.6250 0.0019 0.0000 0.1645 0.0060 0.0000 0.1342 0.0406 0.0000 0.0278
276      276   (0)     11  : 0.3609 0.1262 0.0200 0.0000 0.0000 0.0000 0.0812 0.0193 0.0000 0.3924
277      277   (0)     11  : 0.5824 0.0122 0.0027 0.3395 0.0000 0.0051 0.0000 0.0120 0.0000 0.0461
278      278   (0)     11  : 0.2685 0.0447 0.0849 0.2218 0.2557 0.0000 0.0000 0.0061 0.0053 0.1130
279      279   (0)     11  : 0.0000 0.0000 0.0000 0.6716 0.0000 0.0000 0.3180 0.0000 0.0000 0.0104
280      280   (0)     11  : 0.5141 0.0056 0.0191 0.0483 0.1255 0.0681 0.0015 0.0000 0.0000 0.2178
281      281   (0)     11  : 0.4019 0.0000 0.0000 0.0288 0.0000 0.0000 0.5692 0.0000 0.0000 0.0000
282      282   (0)     11  : 0.2953 0.0000 0.0000 0.1460 0.4232 0.0020 0.1045 0.0000 0.0000 0.0290
283      283   (0)     11  : 0.0014 0.0000 0.3814 0.4559 0.0000 0.0000 0.1555 0.0000 0.0000 0.0059
284      284   (0)     11  : 0.0000 0.0000 0.0000 0.3379 0.0000 0.0000 0.5483 0.0438 0.0371 0.0329
285      285   (0)     11  : 0.0000 0.0009 0.0000 0.1546 0.6367 0.0000 0.0331 0.0114 0.1174 0.0459
286      286   (0)     11  : 0.1290 0.0434 0.0000 0.2054 0.0000 0.0000 0.5197 0.0000 0.0000 0.1024
287      287   (0)     11  : 0.0000 0.0322 0.0000 0.1531 0.5078 0.0000 0.2077 0.0080 0.0000 0.0912
288      288   (0)     11  : 0.6647 0.0191 0.0000 0.0000 0.0000 0.0000 0.2956 0.0018 0.0000 0.0188
289      289   (0)     11  : 0.0000 0.0000 0.0000 0.0152 0.5923 0.0490 0.3113 0.0084 0.0000 0.0236
290      290   (0)     11  : 0.3740 0.0000 0.0063 0.1893 0.0000 0.1480 0.2630 0.0000 0.0000 0.0194
291      291   (0)     11  : 0.0461 0.0000 0.1061 0.3805 0.0000 0.0004 0.2510 0.1938 0.0000 0.0222
292      292   (0)     12  : 0.0000 1.0000 0.0000 0.0000 0.0000 0.0000 0.0000 0.0000 0.0000 0.0000
293      293   (0)     12  : 0.0000 0.0283 0.1369 0.0000 0.0000 0.0000 0.0000 0.0176 0.0000 0.8171
294      294   (0)     12  : 0.0000 1.0000 0.0000 0.0000 0.0000 0.0000 0.0000 0.0000 0.0000 0.0000
295      295   (0)     12  : 0.0000 1.0000 0.0000 0.0000 0.0000 0.0000 0.0000 0.0000 0.0000 0.0000
296      296   (0)     12  : 0.0000 1.0000 0.0000 0.0000 0.0000 0.0000 0.0000 0.0000 0.0000 0.0000
297      297   (0)     12  : 0.1014 0.8845 0.0000 0.0000 0.0000 0.0141 0.0000 0.0000 0.0000 0.0000
298      298   (0)     12  : 0.0000 1.0000 0.0000 0.0000 0.0000 0.0000 0.0000 0.0000 0.0000 0.0000
299      299   (0)     12  : 0.0000 1.0000 0.0000 0.0000 0.0000 0.0000 0.0000 0.0000 0.0000 0.0000
300      300   (0)     12  : 0.2739 0.0322 0.0243 0.0000 0.0000 0.0000 0.2845 0.0000 0.0000 0.3851
301      301   (0)     12  : 0.0000 0.0000 0.1062 0.0000 0.0000 0.0000 0.0000 0.0000 0.0000 0.8938
302      302   (0)     12  : 0.0000 1.0000 0.0000 0.0000 0.0000 0.0000 0.0000 0.0000 0.0000 0.0000
303      303   (0)     12  : 0.0000 0.9917 0.0000 0.0000 0.0000 0.0000 0.0083 0.0000 0.0000 0.0000
304      304   (0)     12  : 0.4475 0.0877 0.0000 0.0000 0.0000 0.4630 0.0000 0.0000 0.0000 0.0017
305      305   (0)     12  : 0.0035 0.0144 0.0753 0.0000 0.4238 0.0000 0.0000 0.0000 0.0000 0.4831
306      306   (0)     12  : 0.0000 0.7427 0.0373 0.0000 0.0000 0.0455 0.0000 0.0000 0.0000 0.1746
307      307   (0)     12  : 0.0000 1.0000 0.0000 0.0000 0.0000 0.0000 0.0000 0.0000 0.0000 0.0000
308      308   (0)     12  : 0.0000 0.6595 0.0000 0.0000 0.0000 0.3405 0.0000 0.0000 0.0000 0.0000
309      309   (0)     12  : 0.0000 0.0020 0.3052 0.0000 0.0000 0.0000 0.2802 0.0000 0.0000 0.4125
310      310   (0)     12  : 0.0786 0.8548 0.0000 0.0000 0.0000 0.0666 0.0000 0.0000 0.0000 0.0000
311      311   (0)     12  : 0.1006 0.4163 0.0115 0.0000 0.0364 0.3000 0.0000 0.0000 0.0800 0.0553
312      312   (0)     12  : 0.0000 0.0070 0.0955 0.0000 0.0000 0.0000 0.0000 0.0323 0.0000 0.8653
313      313   (0)     12  : 0.2479 0.0147 0.4670 0.0000 0.0000 0.0000 0.0000 0.0000 0.0000 0.2704
314      314   (0)     12  : 0.1865 0.3857 0.0000 0.0000 0.0468 0.3810 0.0000 0.0000 0.0000 0.0000
315      315   (0)     12  : 0.0000 1.0000 0.0000 0.0000 0.0000 0.0000 0.0000 0.0000 0.0000 0.0000
316      316   (0)     12  : 0.0659 0.4321 0.0000 0.0000 0.0000 0.4873 0.0000 0.0000 0.0000 0.0147
317      317   (0)     12  : 0.0719 0.3491 0.0000 0.0000 0.0000 0.5768 0.0000 0.0000 0.0000 0.0022
318      318   (0)     12  : 0.0000 0.0000 0.1743 0.0000 0.0000 0.0000 0.3929 0.0000 0.0000 0.4328
319      319   (0)     12  : 0.0000 0.7806 0.1282 0.0000 0.0000 0.0245 0.0404 0.0000 0.0086 0.0177
320      320   (0)     12  : 0.0000 0.0138 0.3660 0.0000 0.0000 0.0000 0.4128 0.0000 0.0000 0.2074
321      321   (0)     12  : 0.0000 0.1884 0.0000 0.0000 0.0000 0.8116 0.0000 0.0000 0.0000 0.0000
322      322   (0)     13  : 0.6442 0.0000 0.0000 0.0000 0.2167 0.0000 0.0000 0.0000 0.1122 0.0270
323      323   (0)     13  : 0.3743 0.0003 0.0024 0.0000 0.4800 0.0000 0.0000 0.0000 0.0209 0.1221
324      324   (0)     13  : 0.5588 0.0000 0.0000 0.0000 0.4047 0.0000 0.0000 0.0000 0.0000 0.0365
325      325   (0)     13  : 0.0000 0.0000 0.0000 0.0000 0.8970 0.0000 0.0452 0.0000 0.0000 0.0579
326      326   (0)     13  : 0.3788 0.0000 0.0000 0.1172 0.0000 0.0000 0.4639 0.0002 0.0000 0.0399
327      327   (0)     13  : 0.3614 0.0000 0.0000 0.0000 0.5095 0.0000 0.0064 0.0000 0.0749 0.0479
328      328   (0)     13  : 0.1519 0.0000 0.0000 0.0000 0.8042 0.0000 0.0000 0.0000 0.0229 0.0211
329      329   (0)     13  : 0.7840 0.0000 0.0000 0.0904 0.0050 0.0000 0.0000 0.0000 0.1206 0.0000
330      330   (0)     13  : 0.3644 0.0000 0.0000 0.0343 0.5122 0.0000 0.0000 0.0652 0.0000 0.0239
331      331   (0)     13  : 0.0000 0.0000 0.0000 0.0000 0.0000 0.0000 0.0000 1.0000 0.0000 0.0000
332      332   (0)     13  : 0.8070 0.0000 0.0000 0.0000 0.1243 0.0000 0.0000 0.0000 0.0216 0.0471
333      333   (0)     13  : 0.0000 0.0000 0.0000 0.0000 0.5211 0.0000 0.0000 0.0000 0.4382 0.0407
334      334   (0)     13  : 0.1226 0.0000 0.0000 0.0000 0.7779 0.0000 0.0514 0.0000 0.0000 0.0481
335      335   (0)     13  : 0.0000 0.0000 0.1038 0.0000 0.2194 0.0000 0.4912 0.0000 0.0000 0.1857
336      336   (0)     13  : 0.5675 0.0000 0.0179 0.0818 0.2899 0.0000 0.0109 0.0054 0.0000 0.0266
337      337   (0)     13  : 0.2299 0.0000 0.0000 0.0000 0.0184 0.0179 0.6856 0.0000 0.0000 0.0482
338      338   (0)     13  : 0.7844 0.0000 0.0000 0.0040 0.0858 0.0000 0.0473 0.0427 0.0000 0.0359
339      339   (0)     13  : 0.0000 0.0174 0.2065 0.1694 0.0057 0.0000 0.4668 0.0000 0.0115 0.1226
340      340   (0)     13  : 0.6534 0.0120 0.1338 0.0000 0.0000 0.0000 0.1117 0.0000 0.0668 0.0224
341      341   (0)     13  : 0.9015 0.0000 0.0000 0.0000 0.0000 0.0000 0.0907 0.0000 0.0000 0.0078
342      342   (0)     13  : 0.1241 0.0000 0.0000 0.0003 0.0493 0.0000 0.7350 0.0000 0.0000 0.0913
343      343   (0)     13  : 0.1421 0.0000 0.0000 0.1193 0.3148 0.0000 0.3597 0.0000 0.0000 0.0642
344      344   (0)     13  : 0.3934 0.0000 0.0000 0.0000 0.4761 0.0000 0.0632 0.0000 0.0000 0.0673
345      345   (0)     13  : 0.2436 0.1325 0.0000 0.0000 0.0000 0.6049 0.0189 0.0000 0.0000 0.0000
346      346   (0)     13  : 0.6190 0.0000 0.2349 0.0000 0.0000 0.0000 0.0663 0.0000 0.0000 0.0798
347      347   (0)     13  : 0.3840 0.0000 0.0000 0.0000 0.5721 0.0000 0.0000 0.0000 0.0000 0.0439
348      348   (0)     13  : 0.0000 0.0296 0.0000 0.0552 0.7131 0.0000 0.1038 0.0493 0.0000 0.0490
349      349   (0)     13  : 0.2783 0.0000 0.0014 0.1101 0.3434 0.0000 0.0000 0.0793 0.1016 0.0860
350      350   (0)     13  : 0.2669 0.4914 0.0000 0.0000 0.0000 0.2234 0.0000 0.0113 0.0037 0.0034
351      351   (0)     13  : 0.0000 0.0009 0.0000 0.0000 0.9580 0.0000 0.0000 0.0000 0.0000 0.0412
