1        1   (0)      1  : 0.0000 0.0000 0.5610 0.4390 0.0000 0.0000
2        2   (0)      1  : 0.3391 0.0502 0.3244 0.0263 0.0144 0.2456
3        3   (0)      1  : 0.1510 0.0000 0.4326 0.2323 0.1841 0.0000
4        4   (0)      1  : 0.1256 0.2086 0.6658 0.0000 0.0000 0.0000
5        5   (0)      1  : 0.2191 0.0468 0.2094 0.3388 0.0000 0.1859
6        6   (0)      2  : 0.0012 0.0000 0.7136 0.0000 0.2852 0.0000
7        7   (0)      1  : 0.2726 0.0000 0.7274 0.0000 0.0000 0.0000
8        8   (0)      3  : 0.0000 0.4966 0.0000 0.4437 0.0597 0.0000
9        9   (0)      4  : 0.0000 0.6437 0.2601 0.0000 0.0963 0.0000
10       10   (0)      4  : 0.0097 0.0564 0.0256 0.0000 0.2696 0.6388
11       11   (0)      4  : 0.0000 0.4429 0.0591 0.4090 0.0891 0.0000
12       12   (0)      4  : 0.0002 0.6047 0.3951 0.0000 0.0000 0.0000
13       13   (0)      4  : 0.0526 0.3563 0.1522 0.0000 0.0000 0.4389
14       14   (0)      5  : 0.0000 0.0000 0.0000 0.1185 0.2192 0.6623
15       15   (0)      4  : 0.0000 0.2448 0.0000 0.2099 0.1802 0.3650
16       16   (0)      5  : 0.0029 0.2325 0.1430 0.0101 0.0293 0.5822
17       17   (0)      5  : 0.0746 0.3593 0.0000 0.0000 0.2023 0.3638
18       18   (0)      5  : 0.0000 0.4513 0.0000 0.1670 0.3500 0.0317
19       19   (0)      5  : 0.0000 0.5150 0.0000 0.0000 0.0300 0.4550
20       20   (0)      5  : 0.0000 0.4102 0.0000 0.5898 0.0000 0.0000
21       21   (0)      5  : 0.0000 0.5724 0.0000 0.4276 0.0000 0.0000
22       22   (0)      5  : 0.0000 0.2783 0.0114 0.0320 0.2387 0.4396
23       23   (0)      5  : 0.0000 0.6119 0.0000 0.3881 0.0000 0.0000
24       24   (0)      5  : 0.0000 0.3439 0.0000 0.0000 0.2320 0.4241
25       25   (0)      5  : 0.0000 0.4119 0.0000 0.3669 0.0000 0.2211
26       26   (0)      5  : 0.0000 0.7952 0.0000 0.0000 0.0000 0.2048
27       27   (0)      5  : 0.2095 0.1166 0.0000 0.0000 0.0000 0.6740
28       28   (0)      5  : 0.0066 0.1063 0.0000 0.0533 0.1753 0.6585
29       29   (0)      5  : 0.0000 0.5469 0.0000 0.1358 0.0497 0.2675
30       30   (0)      5  : 0.0000 0.0000 0.0000 0.4035 0.0000 0.5965
31       31   (0)      5  : 0.0000 0.1554 0.0000 0.4262 0.0000 0.4184
32       32   (0)      5  : 0.1854 0.1161 0.0000 0.0331 0.0943 0.5710
33       33   (0)      5  : 0.0000 0.5565 0.0000 0.0000 0.0000 0.4435
34       34   (0)      5  : 0.0708 0.3902 0.0000 0.1127 0.0000 0.4262
35       35   (0)      5  : 0.0000 0.6584 0.0286 0.1393 0.0506 0.1231
36       36   (0)      5  : 0.0045 0.5057 0.1209 0.0448 0.0000 0.3241
37       37   (0)      5  : 0.1072 0.4088 0.0000 0.0000 0.0000 0.4839
38       38   (0)      5  : 0.0000 0.5477 0.0000 0.4523 0.0000 0.0000
39       39   (0)      5  : 0.1617 0.0490 0.0000 0.0000 0.1451 0.6442
40       40   (0)      5  : 0.0000 0.3793 0.0644 0.2930 0.1195 0.1438
41       41   (0)      4  : 0.0456 0.8874 0.0258 0.0000 0.0038 0.0373
42       42   (0)      4  : 0.0879 0.1869 0.0000 0.0563 0.2173 0.4517
43       43   (0)      4  : 0.0000 0.0720 0.0000 0.4017 0.1784 0.3480
44       44   (0)      4  : 0.2370 0.2096 0.0341 0.0000 0.0298 0.4895
45       45   (0)      5  : 0.0357 0.2071 0.1013 0.2552 0.0540 0.3468
46       46   (0)      4  : 0.0000 0.2723 0.0000 0.4608 0.2669 0.0000
47       47   (0)      4  : 0.0000 0.1720 0.2237 0.0000 0.1156 0.4888
48       48   (0)      4  : 0.0322 0.4577 0.1436 0.0000 0.0058 0.3607
49       49   (0)      4  : 0.0036 0.5745 0.0478 0.0037 0.0000 0.3705
50       50   (0)      5  : 0.0154 0.2652 0.1609 0.1253 0.0000 0.4332
51       51   (0)      4  : 0.0000 0.0000 0.0000 0.1221 0.0762 0.8017
52       52   (0)      5  : 0.0000 0.1445 0.0402 0.1868 0.1984 0.4301
53       53   (0)      6  : 0.0000 0.0172 0.8902 0.0000 0.0000 0.0926
54       54   (0)      6  : 0.0002 0.1245 0.1115 0.2706 0.0781 0.4151
55       55   (0)      6  : 0.0000 0.5460 0.4540 0.0000 0.0000 0.0000
56       56   (0)      6  : 0.0000 0.0000 0.6336 0.3664 0.0000 0.0000
57       57   (0)      6  : 0.0000 0.0000 0.3450 0.3235 0.0000 0.3315
58       58   (0)      6  : 0.0000 0.0000 0.1129 0.3451 0.0435 0.4985
59       59   (0)      6  : 0.0000 0.1114 0.1120 0.7765 0.0000 0.0000
60       60   (0)      6  : 0.0000 0.0604 0.2544 0.3778 0.0000 0.3073
61       61   (0)      7  : 0.0926 0.2391 0.1050 0.0000 0.0000 0.5633
62       62   (0)      7  : 0.0674 0.0000 0.0000 0.0000 0.1930 0.7396
63       63   (0)      7  : 0.0000 0.1745 0.0958 0.0605 0.0915 0.5777
64       64   (0)      7  : 0.0012 0.1829 0.2598 0.0000 0.0406 0.5154
65       65   (0)      7  : 0.0074 0.6400 0.1240 0.0000 0.0424 0.1863
66       66   (0)      7  : 0.0000 0.4134 0.3648 0.0413 0.0244 0.1561
67       67   (0)      7  : 0.0000 0.1943 0.1129 0.0000 0.3232 0.3696
68       68   (0)      7  : 0.1808 0.0000 0.0000 0.0000 0.1045 0.7147
69       69   (0)      7  : 0.0000 0.2178 0.2037 0.0224 0.0506 0.5056
70       70   (0)      7  : 0.0000 0.6836 0.2052 0.0000 0.0000 0.1111
71       71   (0)      7  : 0.2693 0.1274 0.1129 0.0097 0.0922 0.3885
72       72   (0)      7  : 0.0534 0.1927 0.0426 0.0000 0.0000 0.7114
73       73   (0)      7  : 0.0000 0.6145 0.1659 0.0000 0.0151 0.2045
74       74   (0)      7  : 0.0000 0.0863 0.1165 0.4619 0.0000 0.3353
75       75   (0)      7  : 0.0142 0.3029 0.0000 0.0000 0.0000 0.6829
76       76   (0)      7  : 0.0000 0.0000 0.0089 0.2310 0.0729 0.6871
77       77   (0)      7  : 0.0000 0.1400 0.0872 0.0000 0.1493 0.6235
78       78   (0)      7  : 0.0263 0.5039 0.1733 0.0000 0.0000 0.2966
79       79   (0)      7  : 0.0448 0.1882 0.0689 0.2330 0.0000 0.4652
80       80   (0)      7  : 0.0000 0.5825 0.2971 0.0000 0.0000 0.1205
81       81   (0)      7  : 0.0000 0.4546 0.2629 0.1510 0.0000 0.1314
82       82   (0)      7  : 0.0000 0.6592 0.1212 0.0000 0.1632 0.0564
83       83   (0)      7  : 0.0000 0.7499 0.1572 0.0000 0.0929 0.0000
84       84   (0)      7  : 0.0000 0.7817 0.2183 0.0000 0.0000 0.0000
85       85   (0)      6  : 0.1167 0.0000 0.3486 0.0000 0.1529 0.3818
86       86   (0)      6  : 0.0051 0.0893 0.3687 0.1232 0.0902 0.3236
87       87   (0)      6  : 0.0000 0.0000 0.1823 0.4077 0.0000 0.4099
88       88   (0)      6  : 0.1993 0.0000 0.3925 0.0000 0.0000 0.4083
89       89   (0)      6  : 0.0000 0.0000 0.4196 0.5367 0.0000 0.0437
90       90   (0)      6  : 0.1408 0.1472 0.4078 0.1067 0.0000 0.1975
91       91   (0)      6  : 0.1383 0.0000 0.3440 0.2585 0.0259 0.2333
92       92   (0)      6  : 0.0000 0.0000 0.5782 0.3457 0.0000 0.0761
93       93   (0)      7  : 0.0000 0.0987 0.1780 0.2497 0.0453 0.4282
94       94   (0)      7  : 0.0000 0.4607 0.5393 0.0000 0.0000 0.0000
95       95   (0)      6  : 0.0000 0.0005 0.6818 0.0035 0.1482 0.1660
96       96   (0)      6  : 0.0000 0.0000 1.0000 0.0000 0.0000 0.0000
97       97   (0)      6  : 0.0000 0.2327 0.6469 0.0000 0.0738 0.0465
98       98   (0)      6  : 0.0000 0.1200 0.5400 0.0110 0.2377 0.0913
99       99   (0)      6  : 0.0000 0.0000 0.4212 0.3799 0.1936 0.0053
100      100   (0)      6  : 0.0848 0.0000 0.5544 0.2371 0.0000 0.1238
101      101   (0)      6  : 0.0000 0.0004 0.7335 0.0000 0.1876 0.0785
102      102   (0)      6  : 0.0000 0.0000 0.5932 0.0000 0.1890 0.2178
103      103   (0)      8  : 0.0000 0.3664 0.2158 0.3529 0.0000 0.0649
104      104   (0)      8  : 0.0435 0.1404 0.0000 0.4364 0.0000 0.3797
105      105   (0)      8  : 0.0000 0.3293 0.0236 0.6471 0.0000 0.0000
106      106   (0)      8  : 0.2387 0.2030 0.0000 0.0313 0.0000 0.5270
107      107   (0)      8  : 0.1889 0.4075 0.0000 0.0000 0.0000 0.4036
108      108   (0)      8  : 0.0000 0.5077 0.0000 0.4703 0.0220 0.0000
109      109   (0)      8  : 0.0357 0.2331 0.0000 0.5579 0.0000 0.1733
110      110   (0)      8  : 0.0000 0.2123 0.0000 0.7154 0.0000 0.0723
111      111   (0)      8  : 0.2420 0.3879 0.0533 0.1383 0.0034 0.1750
112      112   (0)      8  : 0.0829 0.1701 0.0000 0.3155 0.1019 0.3296
113      113   (0)      8  : 0.2049 0.1901 0.0000 0.3556 0.0000 0.2494
114      114   (0)      8  : 0.0000 0.2378 0.0000 0.0341 0.2926 0.4355
115      115   (0)      8  : 0.0000 0.7020 0.2980 0.0000 0.0000 0.0000
116      116   (0)      8  : 0.0000 0.0000 0.0000 0.8692 0.0000 0.1308
117      117   (0)      8  : 0.3357 0.4483 0.0670 0.0011 0.0000 0.1479
118      118   (0)      8  : 0.3225 0.2072 0.0328 0.0290 0.0836 0.3249
119      119   (0)      8  : 0.3829 0.1304 0.0000 0.0086 0.0225 0.4555
120      120   (0)      8  : 0.3658 0.1807 0.0797 0.0000 0.0000 0.3738
121      121   (0)      8  : 0.2294 0.1776 0.0000 0.3716 0.0000 0.2214
122      122   (0)      8  : 0.0000 0.5316 0.0134 0.4337 0.0214 0.0000
123      123   (0)      8  : 0.2617 0.1456 0.1832 0.0805 0.0320 0.2970
124      124   (0)      8  : 0.1610 0.5602 0.2788 0.0000 0.0000 0.0000
125      125   (0)      8  : 0.2188 0.1237 0.0000 0.0422 0.2720 0.3434
126      126   (0)      3  : 0.0015 0.4145 0.0000 0.4768 0.0000 0.1072
127      127   (0)      3  : 0.0000 0.0000 0.0000 0.8408 0.0425 0.1167
128      128   (0)      3  : 0.2513 0.2474 0.0000 0.0719 0.0000 0.4293
129      129   (0)      3  : 0.2769 0.2251 0.0000 0.3623 0.0000 0.1357
130      130   (0)      3  : 0.0000 0.2627 0.0000 0.6813 0.0000 0.0560
131      131   (0)      3  : 0.4110 0.4025 0.0000 0.0000 0.0000 0.1865
132      132   (0)      3  : 0.2405 0.3803 0.0000 0.1723 0.0000 0.2069
133      133   (0)      3  : 0.1654 0.4299 0.0000 0.2646 0.0000 0.1401
134      134   (0)      3  : 0.1599 0.4833 0.0941 0.0585 0.0000 0.2042
135      135   (0)      3  : 0.0751 0.6253 0.1292 0.0000 0.0133 0.1571
136      136   (0)      3  : 0.1849 0.3702 0.0422 0.0673 0.0000 0.3354
137      137   (0)      3  : 0.1782 0.3177 0.0507 0.1524 0.0000 0.3010
138      138   (0)      3  : 0.2265 0.2881 0.0510 0.0064 0.0000 0.4281
139      139   (0)      3  : 0.3175 0.2179 0.0041 0.2204 0.0360 0.2040
140      140   (0)      3  : 0.0000 0.2458 0.0448 0.6724 0.0000 0.0369
141      141   (0)      3  : 0.4146 0.3554 0.0000 0.0128 0.0000 0.2172
142      142   (0)      3  : 0.1462 0.3389 0.0000 0.2442 0.0178 0.2527
143      143   (0)      3  : 0.3649 0.3636 0.0000 0.0000 0.0000 0.2715
144      144   (0)      3  : 0.0000 0.2418 0.0030 0.7552 0.0000 0.0000
145      145   (0)      3  : 0.1735 0.3845 0.0000 0.1154 0.1140 0.2126
146      146   (0)      3  : 0.3412 0.1068 0.0000 0.2278 0.0000 0.3242
147      147   (0)      3  : 0.2247 0.4121 0.0000 0.0130 0.0000 0.3502
148      148   (0)      3  : 0.2227 0.3409 0.0000 0.0000 0.0797 0.3567
149      149   (0)      3  : 0.3211 0.1480 0.0000 0.0000 0.0000 0.5309
150      150   (0)      3  : 0.2110 0.3471 0.0000 0.0000 0.1959 0.2461
151      151   (0)      3  : 0.2930 0.2882 0.0000 0.0000 0.0000 0.4188
152      152   (0)      3  : 0.0831 0.3899 0.0479 0.4397 0.0000 0.0394
153      153   (0)      8  : 0.0000 0.3116 0.0000 0.3719 0.2085 0.1080
154      154   (0)      8  : 0.0000 0.6731 0.3269 0.0000 0.0000 0.0000
155      155   (0)      8  : 0.2167 0.1365 0.0000 0.3068 0.0000 0.3400
156      156   (0)      8  : 0.2637 0.2034 0.2165 0.0000 0.1500 0.1664
157      157   (0)      8  : 0.0714 0.1876 0.0445 0.3849 0.0798 0.2318
158      158   (0)      8  : 0.0629 0.3591 0.0751 0.3765 0.0000 0.1264
159      159   (0)      8  : 0.0483 0.3141 0.0836 0.2527 0.1132 0.1882
160      160   (0)      1  : 0.5051 0.0140 0.3175 0.0024 0.0000 0.1611
161      161   (0)      1  : 0.2096 0.0000 0.2003 0.3233 0.1586 0.1082
162      162   (0)      1  : 0.6924 0.0037 0.1969 0.0000 0.0304 0.0767
163      163   (0)      1  : 0.1725 0.0000 0.4208 0.4067 0.0000 0.0000
164      164   (0)      1  : 0.7147 0.0000 0.1653 0.0398 0.0004 0.0798
165      165   (0)      1  : 0.2010 0.1368 0.2379 0.2717 0.0000 0.1526
166      166   (0)      1  : 0.5497 0.0000 0.3374 0.0264 0.0000 0.0866
167      167   (0)      1  : 0.5394 0.0000 0.0299 0.0961 0.0000 0.3346
168      168   (0)      2  : 0.1293 0.0000 0.0296 0.6661 0.1750 0.0000
169      169   (0)      2  : 0.3715 0.1089 0.0665 0.0000 0.0000 0.4531
170      170   (0)      2  : 0.4373 0.0852 0.0750 0.0756 0.0000 0.3269
171      171   (0)      2  : 0.0000 0.2064 0.0000 0.5675 0.2262 0.0000
172      172   (0)      2  : 0.4125 0.0000 0.0000 0.1511 0.0000 0.4363
173      173   (0)      2  : 0.0000 0.1314 0.0000 0.8686 0.0000 0.0000
174      174   (0)      2  : 0.3624 0.0000 0.3562 0.2175 0.0137 0.0502
175      175   (0)      2  : 0.0433 0.0000 0.0000 0.0643 0.6891 0.2032
176      176   (0)      1  : 0.3048 0.0666 0.1100 0.4613 0.0000 0.0573
177      177   (0)      1  : 0.3125 0.0000 0.5048 0.0000 0.1463 0.0364
178      178   (0)      1  : 0.0170 0.0864 0.3878 0.5087 0.0000 0.0000
179      179   (0)      1  : 0.2028 0.0000 0.6105 0.1867 0.0000 0.0000
180      180   (0)      1  : 0.0000 0.0000 0.4834 0.4936 0.0231 0.0000
181      181   (0)      1  : 0.1086 0.0000 0.8846 0.0000 0.0069 0.0000
182      182   (0)      2  : 0.0000 0.0000 0.2453 0.5131 0.1958 0.0458
183      183   (0)      2  : 0.4465 0.0023 0.1392 0.0005 0.0000 0.4115
184      184   (0)      2  : 0.0000 0.0000 0.0000 0.8130 0.1870 0.0000
185      185   (0)      2  : 0.4897 0.0000 0.0000 0.0000 0.0204 0.4898
186      186   (0)      2  : 0.0000 0.0000 0.0000 0.3527 0.6473 0.0000
187      187   (0)      1  : 0.0000 0.0000 0.0986 0.6037 0.2978 0.0000
188      188   (0)      1  : 0.3753 0.2073 0.3835 0.0000 0.0000 0.0339
189      189   (0)      1  : 0.0700 0.0756 0.4052 0.1841 0.2651 0.0000
190      190   (0)      1  : 0.3874 0.0000 0.5849 0.0000 0.0000 0.0277
191      191   (0)      1  : 0.0000 0.0000 0.2019 0.7919 0.0062 0.0000
192      192   (0)      1  : 0.3000 0.0000 0.5838 0.0000 0.0684 0.0478
193      193   (0)      1  : 0.3963 0.0000 0.5859 0.0178 0.0000 0.0000
194      194   (0)      1  : 0.0000 0.0582 0.4380 0.5038 0.0000 0.0000
195      195   (0)      2  : 0.2276 0.0000 0.2169 0.4548 0.0000 0.1008
196      196   (0)      2  : 0.0000 0.1590 0.0836 0.5887 0.1671 0.0017
197      197   (0)      2  : 0.3618 0.0045 0.3191 0.0000 0.0084 0.3063
198      198   (0)      2  : 0.3060 0.1491 0.2189 0.1450 0.0000 0.1810
199      199   (0)      2  : 0.4822 0.0000 0.1548 0.0000 0.0276 0.3355
200      200   (0)      2  : 0.0108 0.0000 0.0000 0.8154 0.0117 0.1621
201      201   (0)      2  : 0.1504 0.0419 0.0527 0.4942 0.2607 0.0000
202      202   (0)      2  : 0.5976 0.0449 0.1552 0.0000 0.0107 0.1916
203      203   (0)      2  : 0.6457 0.0000 0.1015 0.1535 0.0176 0.0817
204      204   (0)      2  : 0.5938 0.0000 0.0000 0.1218 0.0106 0.2739
205      205   (0)      2  : 0.5376 0.0000 0.1778 0.0436 0.0000 0.2409
206      206   (0)      2  : 0.3346 0.2380 0.0394 0.1566 0.0000 0.2314
207      207   (0)      2  : 0.2270 0.0008 0.0000 0.3919 0.0392 0.3410
208      208   (0)      9  : 0.5026 0.0000 0.0042 0.4932 0.0000 0.0000
209      209   (0)      9  : 0.1536 0.1071 0.1029 0.6293 0.0071 0.0000
210      210   (0)      9  : 0.6246 0.0427 0.0000 0.0000 0.2905 0.0422
211      211   (0)      9  : 0.2375 0.0440 0.1573 0.3112 0.2500 0.0000
212      212   (0)      9  : 0.1841 0.0902 0.0000 0.5107 0.2151 0.0000
213      213   (0)      9  : 0.6524 0.0368 0.0040 0.0000 0.1874 0.1194
214      214   (0)      9  : 0.3182 0.0291 0.0000 0.4518 0.2009 0.0000
215      215   (0)      9  : 0.7863 0.0000 0.0000 0.0000 0.2137 0.0000
216      216   (0)      9  : 0.0000 0.0000 0.0000 0.0000 1.0000 0.0000
217      217   (0)      9  : 0.7682 0.0793 0.0386 0.0000 0.0000 0.1138
218      218   (0)      9  : 0.0222 0.3211 0.0000 0.2895 0.3672 0.0000
219      219   (0)      9  : 0.8644 0.0000 0.0000 0.0000 0.0626 0.0730
220      220   (0)      9  : 0.2383 0.0000 0.0031 0.5715 0.1872 0.0000
221      221   (0)      9  : 0.5236 0.0000 0.0048 0.2639 0.0435 0.1642
222      222   (0)      9  : 0.4924 0.0000 0.0657 0.4419 0.0000 0.0000
223      223   (0)      9  : 0.0659 0.0447 0.0000 0.7832 0.1063 0.0000
224      224   (0)      9  : 0.7089 0.0154 0.0000 0.0000 0.1077 0.1680
225      225   (0)      9  : 0.7937 0.0156 0.0000 0.0000 0.0000 0.1907
226      226   (0)      9  : 0.7228 0.0678 0.1781 0.0019 0.0289 0.0005
227      227   (0)      9  : 0.5306 0.0000 0.0657 0.0000 0.4037 0.0000
228      228   (0)      9  : 0.6615 0.0000 0.0000 0.2836 0.0549 0.0000
229      229   (0)      9  : 0.8770 0.0404 0.0000 0.0000 0.0000 0.0826
230      230   (0)      9  : 0.7679 0.0000 0.0741 0.0000 0.1580 0.0000
231      231   (0)      9  : 0.7728 0.0000 0.2043 0.0000 0.0068 0.0160
232      232   (0)      9  : 0.6009 0.0000 0.0062 0.3868 0.0061 0.0000
233      233   (0)      9  : 0.4907 0.0000 0.1568 0.0559 0.2966 0.0000
234      234   (0)      9  : 0.9477 0.0000 0.0000 0.0000 0.0523 0.0000
235      235   (0)      9  : 0.4661 0.0000 0.0000 0.2806 0.2102 0.0431
236      236   (0)      9  : 0.6571 0.0420 0.1652 0.0326 0.0099 0.0932
237      237   (0)     10  : 0.3378 0.1365 0.2391 0.0521 0.1893 0.0451
238      238   (0)     10  : 0.6727 0.0000 0.1440 0.0217 0.1615 0.0001
239      239   (0)     10  : 0.9014 0.0000 0.0000 0.0000 0.0000 0.0986
240      240   (0)     10  : 0.1721 0.0000 0.0000 0.8258 0.0021 0.0000
241      241   (0)     10  : 0.1323 0.0000 0.0664 0.6979 0.1034 0.0000
242      242   (0)     10  : 0.5728 0.0144 0.0185 0.0000 0.1214 0.2728
243      243   (0)     10  : 0.9542 0.0000 0.0065 0.0000 0.0393 0.0000
244      244   (0)     10  : 0.0000 0.0000 0.2829 0.3642 0.3530 0.0000
245      245   (0)     10  : 0.3441 0.0000 0.1324 0.1511 0.3725 0.0000
246      246   (0)     10  : 0.0000 0.3123 0.1854 0.0000 0.5023 0.0000
247      247   (0)     10  : 0.7173 0.0238 0.1572 0.0000 0.1016 0.0000
248      248   (0)     10  : 0.4902 0.3747 0.0452 0.0000 0.0899 0.0000
249      249   (0)     10  : 0.5561 0.0286 0.3237 0.0000 0.0407 0.0510
250      250   (0)     10  : 0.1492 0.1234 0.3057 0.2108 0.0108 0.2001
251      251   (0)     10  : 0.0000 0.0000 0.7089 0.0000 0.2911 0.0000
252      252   (0)     10  : 0.4430 0.1684 0.0285 0.2053 0.1405 0.0142
253      253   (0)     10  : 0.5811 0.0000 0.0196 0.0000 0.3993 0.0000
254      254   (0)     10  : 0.4076 0.0000 0.1385 0.3839 0.0700 0.0000
255      255   (0)     10  : 0.0000 0.1510 0.4376 0.0000 0.3685 0.0430
256      256   (0)     10  : 0.0000 0.0000 0.4609 0.0000 0.4174 0.1217
257      257   (0)     10  : 0.0000 0.0883 0.1960 0.7157 0.0000 0.0000
258      258   (0)     10  : 0.2411 0.0062 0.3565 0.0000 0.3962 0.0000
259      259   (0)     10  : 0.0381 0.0717 0.1954 0.5274 0.1674 0.0000
260      260   (0)     10  : 0.7429 0.0000 0.0010 0.0000 0.2561 0.0000
261      261   (0)     10  : 0.0000 0.0000 0.0412 0.6502 0.3086 0.0000
262      262   (0)     10  : 0.1676 0.0000 0.1981 0.0000 0.3191 0.3152
263      263   (0)     10  : 0.1590 0.1354 0.4236 0.0000 0.1815 0.1004
264      264   (0)     11  : 0.0000 0.5435 0.0000 0.0000 0.4565 0.0000
265      265   (0)     11  : 0.2906 0.0000 0.0000 0.0000 0.6534 0.0560
266      266   (0)     11  : 0.0000 0.8056 0.0000 0.0000 0.1944 0.0000
267      267   (0)     11  : 0.0228 0.4007 0.0000 0.3952 0.1813 0.0000
268      268   (0)     11  : 0.0000 0.3316 0.0000 0.0000 0.6684 0.0000
269      269   (0)     11  : 0.0000 0.4460 0.0000 0.0000 0.5540 0.0000
270      270   (0)     11  : 0.1021 0.4114 0.0000 0.0000 0.3588 0.1277
271      271   (0)     11  : 0.0000 0.0009 0.0000 0.0000 0.9991 0.0000
272      272   (0)     11  : 0.0000 0.2164 0.0000 0.0000 0.7836 0.0000
273      273   (0)     12  : 0.6309 0.0281 0.0000 0.2007 0.0000 0.1403
274      274   (0)     12  : 0.2388 0.0174 0.0000 0.6844 0.0594 0.0000
275      275   (0)     12  : 0.5826 0.0000 0.0000 0.4174 0.0000 0.0000
276      276   (0)     12  : 0.0000 0.0000 0.0000 0.9876 0.0124 0.0000
277      277   (0)     12  : 0.6264 0.0000 0.1243 0.0000 0.2493 0.0000
278      278   (0)     12  : 0.3942 0.0355 0.0000 0.5522 0.0181 0.0000
279      279   (0)     12  : 0.2302 0.0000 0.0000 0.7698 0.0000 0.0000
280      280   (0)     12  : 0.8923 0.0738 0.0340 0.0000 0.0000 0.0000
281      281   (0)     12  : 0.3522 0.0217 0.0926 0.4477 0.0693 0.0165
282      282   (0)     12  : 0.0350 0.5712 0.3509 0.0000 0.0428 0.0000
283      283   (0)     12  : 0.5864 0.0074 0.0000 0.1662 0.0019 0.2380
284      284   (0)     12  : 0.0000 0.2244 0.0000 0.7756 0.0000 0.0000
285      285   (0)     12  : 0.1972 0.0000 0.0000 0.8028 0.0000 0.0000
286      286   (0)     12  : 0.0000 0.0000 0.0000 0.3153 0.6847 0.0000
287      287   (0)     12  : 0.6100 0.0000 0.0409 0.2788 0.0700 0.0002
288      288   (0)     12  : 0.4986 0.0000 0.0000 0.2185 0.2829 0.0000
289      289   (0)     12  : 0.8949 0.0000 0.0048 0.0269 0.0606 0.0128
290      290   (0)     12  : 0.1954 0.1033 0.1779 0.0726 0.4507 0.0000
291      291   (0)     12  : 0.5095 0.0674 0.0000 0.0428 0.1527 0.2276
292      292   (0)     12  : 0.7039 0.0000 0.0000 0.0000 0.1216 0.1745
293      293   (0)     12  : 0.4794 0.0000 0.0000 0.3635 0.1571 0.0000
294      294   (0)     12  : 0.4059 0.0000 0.0931 0.3871 0.1138 0.0000
295      295   (0)     12  : 0.4569 0.0000 0.0080 0.4503 0.0816 0.0032
296      296   (0)     12  : 0.4399 0.0000 0.0000 0.0000 0.3548 0.2053
297      297   (0)     12  : 0.3052 0.0000 0.0000 0.6294 0.0421 0.0233
298      298   (0)     12  : 0.0000 0.0000 0.1513 0.7537 0.0950 0.0000
299      299   (0)     12  : 0.4117 0.1624 0.2007 0.2253 0.0000 0.0000
300      300   (0)     12  : 0.0247 0.0000 0.0000 0.9653 0.0100 0.0000
