1        1   (0)      1  : 0.0076 0.0225 0.0000 0.4867 0.4757 0.0000 0.0000 0.0052 0.0023
2        2   (0)      1  : 0.2645 0.0140 0.0223 0.3576 0.0261 0.0000 0.1204 0.0074 0.1877
3        3   (0)      1  : 0.0000 0.0943 0.0035 0.0004 0.0000 0.6957 0.0000 0.2035 0.0026
4        4   (0)      1  : 0.0128 0.0000 0.0000 0.4902 0.0809 0.0000 0.4162 0.0000 0.0000
5        5   (0)      1  : 0.0285 0.0358 0.0271 0.6694 0.0000 0.0000 0.0188 0.1413 0.0791
6        6   (0)      1  : 0.1429 0.0000 0.0000 0.0750 0.3212 0.3793 0.0000 0.0403 0.0413
7        7   (0)      2  : 0.0007 0.0000 0.0000 0.6458 0.0000 0.0000 0.3535 0.0000 0.0000
8        8   (0)      1  : 0.2912 0.0129 0.0000 0.6915 0.0013 0.0000 0.0000 0.0031 0.0000
9        9   (0)      3  : 0.0006 0.0000 0.4981 0.0000 0.3678 0.0000 0.0027 0.0000 0.1308
10       10   (0)      4  : 0.0000 0.0008 0.2132 0.0142 0.0000 0.0022 0.0577 0.6963 0.0156
11       11   (0)      4  : 0.3546 0.0000 0.4341 0.0956 0.0629 0.0000 0.0072 0.0020 0.0437
12       12   (0)      4  : 0.0000 0.0136 0.1999 0.0617 0.2380 0.0425 0.1855 0.0909 0.1679
13       13   (0)      4  : 0.0000 0.0000 0.0376 0.0183 0.0000 0.0066 0.0000 0.9375 0.0000
14       14   (0)      4  : 0.1055 0.0000 0.4478 0.1966 0.0000 0.0075 0.0000 0.0435 0.1991
15       15   (0)      4  : 0.0000 0.0000 0.0000 0.0000 0.2240 0.7760 0.0000 0.0000 0.0000
16       16   (0)      5  : 0.2598 0.0000 0.2499 0.0929 0.2100 0.0204 0.0949 0.0041 0.0680
17       17   (0)      4  : 0.0000 0.0000 0.3586 0.0021 0.2247 0.0844 0.1447 0.0044 0.1811
18       18   (0)      5  : 0.1245 0.0000 0.3044 0.2152 0.0087 0.0000 0.0208 0.0037 0.3227
19       19   (0)      5  : 0.2750 0.0000 0.6418 0.0043 0.0000 0.0000 0.0097 0.0094 0.0599
20       20   (0)      5  : 0.0000 0.0000 0.6177 0.0000 0.1155 0.0000 0.2416 0.0034 0.0218
21       21   (0)      5  : 0.1558 0.0000 0.7303 0.0000 0.0000 0.0000 0.0000 0.0000 0.1139
22       22   (0)      5  : 0.0000 0.0176 0.3055 0.0030 0.5352 0.0000 0.0103 0.0444 0.0840
23       23   (0)      5  : 0.0000 0.0000 0.6282 0.0000 0.3382 0.0000 0.0000 0.0015 0.0321
24       24   (0)      5  : 0.0451 0.0154 0.3186 0.0161 0.0984 0.0022 0.2455 0.0691 0.1896
25       25   (0)      5  : 0.0000 0.0210 0.6260 0.0000 0.3479 0.0003 0.0000 0.0047 0.0000
26       26   (0)      5  : 0.0000 0.0000 0.6432 0.0072 0.0000 0.0039 0.2019 0.0053 0.1386
27       27   (0)      5  : 0.0000 0.0000 0.4286 0.0000 0.3516 0.0000 0.0076 0.0369 0.1754
28       28   (0)      5  : 0.0004 0.0000 0.7310 0.0000 0.0000 0.0000 0.0036 0.0971 0.1678
29       29   (0)      5  : 0.6024 0.0000 0.1990 0.0000 0.0000 0.0000 0.0005 0.0000 0.1981
30       30   (0)      5  : 0.1122 0.0000 0.3008 0.0069 0.0695 0.0000 0.2211 0.0025 0.2870
31       31   (0)      5  : 0.0000 0.0313 0.5019 0.0000 0.1678 0.0000 0.0315 0.0857 0.1818
32       32   (0)      5  : 0.3303 0.0000 0.1673 0.0000 0.4509 0.0000 0.0007 0.0050 0.0457
33       33   (0)      5  : 0.1724 0.0000 0.2189 0.0000 0.3550 0.0000 0.0108 0.0000 0.2429
34       34   (0)      5  : 0.5037 0.0000 0.3149 0.0046 0.0875 0.0000 0.0193 0.0000 0.0699
35       35   (0)      5  : 0.0537 0.0000 0.7781 0.0000 0.0000 0.0000 0.0000 0.0129 0.1553
36       36   (0)      5  : 0.0652 0.0020 0.3496 0.0000 0.1128 0.0000 0.0099 0.0173 0.4434
37       37   (0)      5  : 0.0000 0.0000 0.6247 0.0515 0.0706 0.0000 0.0414 0.0661 0.1458
38       38   (0)      5  : 0.0639 0.0000 0.2660 0.0036 0.0157 0.0000 0.0000 0.2280 0.4228
39       39   (0)      5  : 0.2621 0.0007 0.3414 0.0000 0.0001 0.0000 0.0168 0.0643 0.3146
40       40   (0)      5  : 0.0000 0.0000 0.4071 0.0000 0.3420 0.0000 0.0116 0.0377 0.2017
41       41   (0)      5  : 0.5141 0.0000 0.4474 0.0000 0.0000 0.0000 0.0019 0.0000 0.0366
42       42   (0)      5  : 0.0000 0.0000 0.0000 0.0026 0.0000 0.9482 0.0491 0.0000 0.0000
43       43   (0)      5  : 0.0000 0.0004 0.2969 0.0374 0.2183 0.0000 0.1808 0.0613 0.2050
44       44   (0)      4  : 0.0000 0.0000 0.5454 0.0000 0.0000 0.0000 0.0000 0.4546 0.0000
45       45   (0)      4  : 0.1044 0.0086 0.0765 0.0098 0.0086 0.0190 0.3378 0.0642 0.3712
46       46   (0)      4  : 0.0000 0.0000 0.2240 0.0000 0.4921 0.0705 0.0861 0.0019 0.1253
47       47   (0)      4  : 0.4464 0.0000 0.2584 0.0072 0.0000 0.0000 0.0094 0.1280 0.1506
48       48   (0)      5  : 0.1530 0.0200 0.0688 0.0218 0.2753 0.0238 0.0656 0.1190 0.2527
49       49   (0)      4  : 0.0000 0.0000 0.3981 0.0000 0.3244 0.0000 0.2576 0.0000 0.0199
50       50   (0)      4  : 0.0000 0.0000 0.0000 0.0000 0.0756 0.8942 0.0299 0.0000 0.0002
51       51   (0)      4  : 0.1994 0.0455 0.4175 0.1976 0.0157 0.0041 0.0133 0.0189 0.0879
52       52   (0)      4  : 0.0000 0.0708 0.0082 0.0000 0.0040 0.8327 0.0766 0.0000 0.0078
53       53   (0)      4  : 0.1468 0.0000 0.5202 0.1120 0.0000 0.0000 0.0000 0.1081 0.1129
54       54   (0)      4  : 0.0000 0.0000 0.0016 0.0000 0.0000 0.9970 0.0000 0.0000 0.0014
55       55   (0)      4  : 0.0527 0.0000 0.0380 0.0000 0.0000 0.7791 0.0000 0.0000 0.1302
56       56   (0)      4  : 0.0055 0.0000 0.4979 0.0102 0.0105 0.0000 0.0148 0.2002 0.2609
57       57   (0)      5  : 0.2175 0.0367 0.0791 0.0577 0.0760 0.0005 0.0288 0.0895 0.4141
58       58   (0)      4  : 0.0805 0.0956 0.0023 0.0000 0.2407 0.5341 0.0000 0.0000 0.0467
59       59   (0)      4  : 0.0000 0.0000 0.0157 0.0000 0.0000 0.8568 0.0400 0.0491 0.0384
60       60   (0)      4  : 0.3003 0.0000 0.1216 0.0481 0.1745 0.0451 0.0082 0.0010 0.3012
61       61   (0)      5  : 0.0003 0.0000 0.1259 0.0505 0.0478 0.0052 0.3654 0.0043 0.4006
62       62   (0)      6  : 0.0000 0.0000 0.0084 0.0734 0.0150 0.6723 0.0000 0.1351 0.0957
63       63   (0)      6  : 0.0000 0.1431 0.0000 0.0069 0.0612 0.7705 0.0017 0.0000 0.0165
64       64   (0)      6  : 0.0000 0.0000 0.0034 0.9315 0.0000 0.0000 0.0000 0.0638 0.0013
65       65   (0)      6  : 0.1908 0.0000 0.3177 0.1547 0.2909 0.0000 0.0037 0.0097 0.0325
66       66   (0)      6  : 0.0000 0.0000 0.0343 0.0282 0.0000 0.0000 0.0000 0.9375 0.0000
67       67   (0)      6  : 0.0000 0.0000 0.0000 0.6580 0.3420 0.0000 0.0000 0.0000 0.0000
68       68   (0)      6  : 0.0880 0.0000 0.0645 0.4160 0.4073 0.0012 0.0000 0.0012 0.0218
69       69   (0)      6  : 0.1356 0.0000 0.0862 0.1637 0.4751 0.0298 0.0042 0.0000 0.1053
70       70   (0)      6  : 0.0000 0.0000 0.0762 0.1156 0.7517 0.0000 0.0057 0.0178 0.0331
71       71   (0)      6  : 0.0825 0.0000 0.1650 0.3059 0.4156 0.0000 0.0000 0.0000 0.0311
72       72   (0)      7  : 0.2860 0.0000 0.2516 0.1240 0.0000 0.0000 0.0026 0.0072 0.3286
73       73   (0)      7  : 0.2383 0.0000 0.0705 0.0699 0.0000 0.0594 0.2589 0.0000 0.3031
74       74   (0)      7  : 0.0430 0.0031 0.0970 0.1744 0.0090 0.0287 0.2464 0.0591 0.3392
75       75   (0)      7  : 0.2344 0.0013 0.2479 0.2285 0.0000 0.1041 0.0182 0.0095 0.1561
76       76   (0)      7  : 0.0198 0.0004 0.7630 0.1283 0.0000 0.0000 0.0250 0.0246 0.0389
77       77   (0)      7  : 0.0160 0.0594 0.2524 0.3009 0.0367 0.0000 0.0324 0.1235 0.1789
78       78   (0)      7  : 0.0062 0.0000 0.3572 0.1516 0.0000 0.0230 0.3155 0.0095 0.1369
79       79   (0)      7  : 0.6026 0.0000 0.1634 0.0475 0.0000 0.0000 0.0877 0.0010 0.0978
80       80   (0)      7  : 0.1351 0.0000 0.5145 0.2586 0.0588 0.0000 0.0000 0.0031 0.0298
81       81   (0)      7  : 0.0000 0.0000 0.7561 0.1734 0.0000 0.0000 0.0077 0.0547 0.0082
82       82   (0)      7  : 0.3409 0.0363 0.0360 0.0859 0.0070 0.0593 0.1084 0.0407 0.2855
83       83   (0)      7  : 0.0000 0.0656 0.0000 0.1113 0.0000 0.8171 0.0023 0.0022 0.0016
84       84   (0)      7  : 0.2909 0.0000 0.3489 0.1275 0.0000 0.0015 0.0020 0.0010 0.2282
85       85   (0)      7  : 0.0052 0.0000 0.7441 0.2312 0.0000 0.0000 0.0078 0.0061 0.0056
86       86   (0)      7  : 0.0748 0.0000 0.0000 0.0000 0.0986 0.7834 0.0000 0.0000 0.0431
87       87   (0)      7  : 0.0119 0.0000 0.2803 0.1453 0.5371 0.0000 0.0000 0.0000 0.0254
88       88   (0)      7  : 0.0000 0.0000 0.0056 0.0000 0.1167 0.8238 0.0000 0.0539 0.0000
89       89   (0)      7  : 0.2554 0.0006 0.3550 0.0000 0.0000 0.0020 0.0130 0.0632 0.3108
90       90   (0)      7  : 0.2616 0.0000 0.2521 0.0477 0.3896 0.0036 0.0045 0.0000 0.0409
91       91   (0)      7  : 0.3555 0.0000 0.4976 0.0980 0.0000 0.0000 0.0074 0.0000 0.0415
92       92   (0)      7  : 0.0355 0.0332 0.2555 0.1674 0.0000 0.0000 0.0354 0.1068 0.3662
93       93   (0)      7  : 0.0868 0.0000 0.0738 0.0981 0.1543 0.0347 0.0043 0.0000 0.5479
94       94   (0)      7  : 0.0000 0.0000 0.4660 0.2438 0.0000 0.0000 0.0286 0.0339 0.2276
95       95   (0)      7  : 0.0000 0.0379 0.3561 0.1836 0.1553 0.0000 0.0223 0.0868 0.1580
96       96   (0)      7  : 0.0000 0.0000 0.6121 0.0720 0.0000 0.0000 0.1379 0.0805 0.0975
97       97   (0)      7  : 0.0000 0.0085 0.5759 0.0871 0.0000 0.0000 0.0442 0.1215 0.1627
98       98   (0)      7  : 0.0000 0.0000 0.6852 0.0729 0.0000 0.0000 0.0163 0.1786 0.0470
99       99   (0)      7  : 0.0000 0.0200 0.0138 0.2171 0.0000 0.7094 0.0000 0.0001 0.0396
100      100   (0)      6  : 0.3008 0.0000 0.1321 0.4220 0.0000 0.0000 0.1135 0.0036 0.0280
101      101   (0)      6  : 0.0027 0.0000 0.0786 0.3842 0.0058 0.0157 0.3062 0.0165 0.1904
102      102   (0)      6  : 0.0083 0.0000 0.0065 0.1918 0.6429 0.0222 0.0000 0.1144 0.0140
103      103   (0)      6  : 0.4146 0.0000 0.0072 0.4987 0.0000 0.0000 0.0000 0.0000 0.0794
104      104   (0)      6  : 0.0000 0.0000 0.0000 0.3651 0.6210 0.0011 0.0000 0.0128 0.0000
105      105   (0)      6  : 0.0844 0.0000 0.0373 0.4978 0.0343 0.0000 0.0807 0.0578 0.2078
106      106   (0)      6  : 0.1929 0.0000 0.0025 0.3796 0.2214 0.0313 0.0853 0.0000 0.0870
107      107   (0)      6  : 0.0011 0.0395 0.0037 0.5747 0.3402 0.0000 0.0048 0.0063 0.0297
108      108   (0)      6  : 0.0000 0.0000 0.0000 0.1127 0.0000 0.8873 0.0000 0.0000 0.0000
109      109   (0)      7  : 0.0758 0.0000 0.2913 0.2119 0.3330 0.0136 0.0018 0.0000 0.0726
110      110   (0)      7  : 0.0000 0.0000 0.0306 0.0265 0.0000 0.0054 0.0000 0.9375 0.0000
111      111   (0)      8  : 0.0012 0.0000 0.0067 0.5508 0.0025 0.0164 0.1795 0.2407 0.0022
112      112   (0)      6  : 0.0000 0.0000 0.0000 1.0000 0.0000 0.0000 0.0000 0.0000 0.0000
113      113   (0)      6  : 0.0000 0.0000 0.0000 0.0586 0.0000 0.8989 0.0000 0.0425 0.0000
114      114   (0)      6  : 0.0000 0.0000 0.3113 0.6773 0.0000 0.0000 0.0000 0.0096 0.0019
115      115   (0)      6  : 0.0000 0.1752 0.0000 0.2716 0.0000 0.4118 0.0007 0.1393 0.0013
116      116   (0)      6  : 0.0000 0.0188 0.1206 0.5083 0.0171 0.0000 0.2134 0.0731 0.0486
117      117   (0)      6  : 0.0000 0.0000 0.0000 0.5247 0.2508 0.0000 0.2154 0.0001 0.0090
118      118   (0)      6  : 0.1470 0.0000 0.0000 0.6292 0.2190 0.0000 0.0000 0.0000 0.0048
119      119   (0)      6  : 0.0000 0.0000 0.0827 0.8142 0.0000 0.0000 0.0944 0.0026 0.0062
120      120   (0)      6  : 0.0000 0.0000 0.0000 0.6963 0.0001 0.0027 0.2741 0.0000 0.0268
121      121   (0)      6  : 0.0000 0.0388 0.0000 0.1954 0.0000 0.7650 0.0000 0.0009 0.0000
122      122   (0)      9  : 0.0000 0.0623 0.0510 0.1053 0.2704 0.0000 0.0200 0.0873 0.4038
123      123   (0)      9  : 0.0585 0.0000 0.0507 0.0000 0.3881 0.0369 0.0013 0.0030 0.4616
124      124   (0)      9  : 0.0000 0.0433 0.0597 0.0012 0.6260 0.0000 0.0171 0.0772 0.1754
125      125   (0)      9  : 0.3872 0.0000 0.2052 0.0000 0.0185 0.0049 0.0000 0.0113 0.3729
126      126   (0)      9  : 0.2529 0.0000 0.3198 0.0000 0.0000 0.0000 0.0007 0.0585 0.3681
127      127   (0)      9  : 0.0000 0.0000 0.4331 0.0000 0.4213 0.0000 0.0059 0.0953 0.0444
128      128   (0)      9  : 0.0202 0.0071 0.0559 0.0000 0.5236 0.0000 0.0094 0.0468 0.3369
129      129   (0)      9  : 0.0000 0.0023 0.0476 0.0000 0.4201 0.0036 0.0790 0.0108 0.4365
130      130   (0)      9  : 0.0397 0.0009 0.0814 0.0098 0.0056 0.0000 0.2805 0.1064 0.4756
131      131   (0)      9  : 0.0438 0.0000 0.1002 0.0045 0.2233 0.0000 0.1735 0.0059 0.4488
132      132   (0)      9  : 0.2614 0.0075 0.0567 0.0000 0.3547 0.0000 0.0107 0.0474 0.2616
133      133   (0)      9  : 0.0180 0.0000 0.1279 0.0116 0.0115 0.0000 0.3112 0.0116 0.5083
134      134   (0)      9  : 0.0000 0.0020 0.0440 0.0166 0.0000 0.0000 0.0000 0.9375 0.0000
135      135   (0)      9  : 0.0010 0.0000 0.0121 0.0000 0.8730 0.0000 0.0000 0.0000 0.1139
136      136   (0)      9  : 0.2795 0.0268 0.2043 0.0555 0.0022 0.0000 0.0197 0.1134 0.2986
137      137   (0)      9  : 0.2297 0.0000 0.0564 0.0235 0.0007 0.0000 0.1780 0.0068 0.5050
138      138   (0)      9  : 0.5203 0.0000 0.1604 0.0000 0.0133 0.0105 0.0021 0.0034 0.2899
139      139   (0)      9  : 0.4446 0.0000 0.0726 0.0761 0.0000 0.0000 0.0000 0.0065 0.4002
140      140   (0)      9  : 0.1987 0.0000 0.0636 0.0000 0.3419 0.0000 0.0000 0.0084 0.3874
141      141   (0)      9  : 0.0000 0.0000 0.4750 0.0270 0.3515 0.0000 0.0041 0.0174 0.1250
142      142   (0)      9  : 0.3849 0.0036 0.1395 0.1710 0.0815 0.0004 0.0011 0.0116 0.2063
143      143   (0)      9  : 0.0000 0.0000 0.0352 0.0191 0.0000 0.0083 0.0000 0.9375 0.0000
144      144   (0)      9  : 0.2102 0.0087 0.1232 0.0058 0.0204 0.0056 0.3212 0.0550 0.2499
145      145   (0)      3  : 0.0011 0.0133 0.2869 0.0002 0.4545 0.0000 0.0137 0.0768 0.1535
146      146   (0)      3  : 0.0574 0.0799 0.0102 0.0000 0.2405 0.5368 0.0000 0.0000 0.0754
147      147   (0)      3  : 0.0345 0.0000 0.0565 0.0000 0.8773 0.0000 0.0133 0.0026 0.0158
148      148   (0)      3  : 0.3542 0.0204 0.1293 0.0000 0.0271 0.0609 0.0024 0.0146 0.3911
149      149   (0)      3  : 0.3356 0.0000 0.2331 0.0000 0.3044 0.0000 0.0036 0.0092 0.1141
150      150   (0)      3  : 0.0000 0.0000 0.0761 0.0000 0.3895 0.0656 0.1226 0.0148 0.3313
151      151   (0)      3  : 0.3549 0.0000 0.2148 0.0000 0.0000 0.0000 0.0000 0.0430 0.3872
152      152   (0)      3  : 0.1906 0.0000 0.1149 0.0000 0.1071 0.0000 0.0000 0.0730 0.5144
153      153   (0)      3  : 0.1300 0.0205 0.4251 0.0000 0.2151 0.0000 0.0086 0.0077 0.1930
154      154   (0)      3  : 0.1454 0.0121 0.3114 0.0090 0.0406 0.0000 0.0000 0.1865 0.2951
155      155   (0)      3  : 0.1015 0.0427 0.4617 0.0010 0.0000 0.0380 0.0018 0.1773 0.1761
156      156   (0)      3  : 0.2134 0.0861 0.1740 0.0028 0.0329 0.0000 0.0160 0.0439 0.4308
157      157   (0)      3  : 0.2570 0.0215 0.0672 0.0231 0.0495 0.0000 0.0123 0.0625 0.5069
158      158   (0)      3  : 0.2802 0.0019 0.2305 0.0670 0.0000 0.0000 0.0109 0.0127 0.3967
159      159   (0)      3  : 0.1707 0.1746 0.0006 0.0000 0.0000 0.5550 0.0000 0.0000 0.0990
160      160   (0)      3  : 0.2241 0.0000 0.0443 0.0051 0.0285 0.0000 0.2789 0.0184 0.4006
161      161   (0)      3  : 0.0000 0.0000 0.0430 0.0013 0.6235 0.0000 0.0000 0.0906 0.2416
162      162   (0)      3  : 0.4907 0.0000 0.3358 0.0006 0.0030 0.0000 0.0000 0.0021 0.1679
163      163   (0)      3  : 0.2162 0.0000 0.4493 0.0000 0.2450 0.0000 0.0000 0.0000 0.0894
164      164   (0)      3  : 0.2510 0.0003 0.1947 0.0000 0.0000 0.0000 0.0072 0.0132 0.5336
165      165   (0)      3  : 0.0000 0.0000 0.0460 0.0004 0.6003 0.0000 0.0000 0.0629 0.2903
166      166   (0)      3  : 0.2143 0.0000 0.4634 0.0000 0.1033 0.0000 0.0505 0.0072 0.1614
167      167   (0)      3  : 0.4665 0.0000 0.1390 0.0008 0.2545 0.0000 0.0000 0.0036 0.1356
168      168   (0)      3  : 0.2280 0.0164 0.1556 0.0002 0.0053 0.0000 0.0180 0.1013 0.4751
169      169   (0)      3  : 0.4185 0.0000 0.4664 0.0180 0.0000 0.0000 0.0020 0.0111 0.0840
170      170   (0)      3  : 0.4981 0.0000 0.1419 0.0000 0.0000 0.0067 0.0019 0.0121 0.3394
171      171   (0)      3  : 0.1757 0.0000 0.3697 0.0056 0.0000 0.0000 0.2262 0.0038 0.2189
172      172   (0)      3  : 0.3772 0.0000 0.2457 0.0031 0.0000 0.0000 0.0050 0.0358 0.3334
173      173   (0)      3  : 0.0994 0.0137 0.3270 0.0415 0.4101 0.0000 0.0007 0.0163 0.0912
174      174   (0)      9  : 0.0000 0.0000 0.3348 0.0022 0.2712 0.0000 0.2132 0.0026 0.1760
175      175   (0)      9  : 0.0000 0.0014 0.0792 0.0254 0.0000 0.0000 0.0164 0.7890 0.0888
176      176   (0)      9  : 0.3467 0.0046 0.0696 0.0000 0.2667 0.0008 0.0059 0.0190 0.2868
177      177   (0)      9  : 0.1442 0.0000 0.1527 0.1827 0.0000 0.0000 0.2970 0.0798 0.1437
178      178   (0)      9  : 0.0591 0.0027 0.0745 0.0174 0.3369 0.0000 0.1268 0.0077 0.3750
179      179   (0)      9  : 0.0378 0.0158 0.2604 0.0887 0.3646 0.0000 0.0000 0.0214 0.2112
180      180   (0)      9  : 0.0260 0.0011 0.0808 0.0250 0.1883 0.0026 0.1854 0.1065 0.3842
181      181   (0)      1  : 0.5694 0.0000 0.0100 0.2912 0.0116 0.0000 0.0000 0.0000 0.1178
182      182   (0)      1  : 0.2012 0.0000 0.0000 0.2434 0.2619 0.0323 0.2462 0.0000 0.0151
183      183   (0)      1  : 0.6261 0.0000 0.0004 0.2483 0.0000 0.0000 0.0765 0.0041 0.0446
184      184   (0)      1  : 0.1691 0.0000 0.0000 0.3999 0.4044 0.0251 0.0000 0.0015 0.0000
185      185   (0)      1  : 0.7277 0.0000 0.0000 0.2073 0.0587 0.0000 0.0006 0.0000 0.0056
186      186   (0)      1  : 0.1623 0.0235 0.0463 0.2303 0.2418 0.0000 0.0066 0.0131 0.2760
187      187   (0)      1  : 0.5783 0.0000 0.0000 0.3616 0.0587 0.0000 0.0000 0.0000 0.0015
188      188   (0)      1  : 0.7654 0.0000 0.0000 0.0754 0.0982 0.0000 0.0000 0.0000 0.0611
189      189   (0)      2  : 0.1105 0.0000 0.0000 0.0527 0.5139 0.0007 0.3065 0.0011 0.0147
190      190   (0)      2  : 0.5304 0.0000 0.0819 0.0813 0.0000 0.0027 0.0008 0.0037 0.2992
191      191   (0)      2  : 0.5317 0.0000 0.0419 0.0990 0.0781 0.0000 0.0000 0.0081 0.2411
192      192   (0)      2  : 0.0000 0.0000 0.2694 0.0064 0.4650 0.0000 0.2066 0.0010 0.0517
193      193   (0)      2  : 0.6706 0.0000 0.0003 0.0000 0.1783 0.0000 0.0000 0.0384 0.1124
194      194   (0)      2  : 0.0000 0.0000 0.0352 0.0000 0.7885 0.0000 0.0000 0.0000 0.1763
195      195   (0)      2  : 0.2568 0.0000 0.0015 0.4021 0.0962 0.0000 0.2376 0.0000 0.0059
196      196   (0)      2  : 0.0356 0.0000 0.3087 0.0450 0.0678 0.0000 0.4972 0.0000 0.0457
197      197   (0)      1  : 0.3505 0.0000 0.0684 0.0627 0.4920 0.0000 0.0000 0.0000 0.0264
198      198   (0)      1  : 0.2623 0.0000 0.0000 0.4845 0.0000 0.0000 0.2406 0.0000 0.0126
199      199   (0)      1  : 0.0024 0.0000 0.0188 0.3644 0.5058 0.0000 0.0000 0.0658 0.0428
200      200   (0)      1  : 0.0057 0.0000 0.0000 0.6866 0.1180 0.0000 0.1863 0.0000 0.0034
201      201   (0)      1  : 0.0000 0.0000 0.0000 0.4843 0.3103 0.0097 0.1956 0.0000 0.0000
202      202   (0)      1  : 0.0000 0.0000 0.0000 0.9126 0.0000 0.0000 0.0874 0.0000 0.0000
203      203   (0)      2  : 0.0000 0.0000 0.0069 0.0000 0.0473 0.4900 0.2817 0.0572 0.1170
204      204   (0)      2  : 0.0000 0.0000 0.0043 0.2550 0.2663 0.0000 0.4502 0.0000 0.0243
205      205   (0)      2  : 0.0000 0.0144 0.0170 0.0000 0.0029 0.8489 0.0000 0.0102 0.1065
206      206   (0)      2  : 0.6590 0.0000 0.0672 0.1244 0.0223 0.0000 0.0004 0.0393 0.0875
207      207   (0)      2  : 0.0000 0.0000 0.0000 0.0000 0.6935 0.0589 0.2471 0.0000 0.0004
208      208   (0)      2  : 0.7760 0.0000 0.0101 0.0000 0.0000 0.0785 0.0208 0.0004 0.1141
209      209   (0)      2  : 0.0000 0.0000 0.1084 0.0120 0.2339 0.0000 0.6225 0.0000 0.0232
210      210   (0)      1  : 0.0000 0.0000 0.0000 0.1195 0.4059 0.0000 0.4746 0.0000 0.0000
211      211   (0)      1  : 0.0658 0.0000 0.0390 0.4176 0.0000 0.0000 0.2063 0.0594 0.2118
212      212   (0)      1  : 0.0000 0.0000 0.0122 0.3565 0.0251 0.0000 0.4639 0.0106 0.1318
213      213   (0)      1  : 0.3909 0.0000 0.0000 0.6022 0.0000 0.0000 0.0031 0.0000 0.0039
214      214   (0)      1  : 0.0000 0.0000 0.0000 0.1720 0.7446 0.0000 0.0834 0.0000 0.0000
215      215   (0)      1  : 0.1481 0.0000 0.0000 0.6207 0.0000 0.0000 0.2237 0.0000 0.0075
216      216   (0)      1  : 0.2911 0.0010 0.0000 0.6506 0.0000 0.0000 0.0552 0.0000 0.0020
217      217   (0)      1  : 0.0000 0.0000 0.0126 0.4496 0.4908 0.0000 0.0000 0.0327 0.0143
218      218   (0)      2  : 0.3389 0.0000 0.0000 0.1941 0.4609 0.0000 0.0000 0.0000 0.0060
219      219   (0)      2  : 0.0000 0.0000 0.0519 0.0496 0.3246 0.0000 0.3239 0.0000 0.2500
220      220   (0)      2  : 0.5147 0.0041 0.0144 0.3073 0.0000 0.0000 0.0481 0.0195 0.0919
221      221   (0)      2  : 0.3191 0.0000 0.1233 0.2557 0.1392 0.0000 0.0062 0.0063 0.1502
222      222   (0)      2  : 0.4316 0.0000 0.0000 0.1868 0.0000 0.0720 0.1828 0.0101 0.1168
223      223   (0)      2  : 0.0962 0.0000 0.0207 0.0014 0.8260 0.0537 0.0000 0.0000 0.0021
224      224   (0)      2  : 0.1714 0.0000 0.0999 0.0614 0.3456 0.0000 0.3019 0.0000 0.0198
225      225   (0)      2  : 0.5284 0.0007 0.0105 0.1859 0.0000 0.0000 0.1133 0.0032 0.1580
226      226   (0)      2  : 0.7488 0.0000 0.0000 0.1131 0.1119 0.0049 0.0177 0.0000 0.0037
227      227   (0)      2  : 0.7719 0.0000 0.0304 0.0129 0.1305 0.0000 0.0062 0.0035 0.0445
228      228   (0)      2  : 0.7125 0.0000 0.0000 0.1749 0.0821 0.0000 0.0000 0.0000 0.0306
229      229   (0)      2  : 0.0136 0.0131 0.0000 0.0064 0.2384 0.7270 0.0000 0.0000 0.0016
230      230   (0)      2  : 0.3989 0.0000 0.1293 0.0719 0.1238 0.0056 0.0143 0.0531 0.2032
231      231   (0)      2  : 0.4015 0.0000 0.0768 0.0387 0.4374 0.0017 0.0015 0.0047 0.0378
232      232   (0)     10  : 0.4446 0.0000 0.0000 0.0000 0.5139 0.0243 0.0085 0.0074 0.0012
233      233   (0)     10  : 0.0276 0.0000 0.0016 0.0040 0.7170 0.0000 0.0673 0.1539 0.0285
234      234   (0)     10  : 0.2056 0.0000 0.0033 0.0210 0.0013 0.0000 0.6511 0.0319 0.0858
235      235   (0)     10  : 0.0175 0.0138 0.0001 0.1036 0.2252 0.0000 0.5323 0.0514 0.0560
236      236   (0)     10  : 0.0000 0.0000 0.0000 0.0000 0.2353 0.0000 0.6177 0.1303 0.0167
237      237   (0)     10  : 0.2610 0.0000 0.0111 0.0256 0.0114 0.0000 0.5663 0.0038 0.1207
238      238   (0)     10  : 0.3090 0.0000 0.0328 0.0000 0.5409 0.0000 0.0722 0.0324 0.0127
239      239   (0)     10  : 0.6567 0.0000 0.0000 0.0140 0.0002 0.0000 0.3291 0.0000 0.0000
240      240   (0)     10  : 0.0000 0.0000 0.0103 0.0195 0.0327 0.0000 0.9322 0.0000 0.0053
241      241   (0)     10  : 0.8420 0.0045 0.0000 0.0132 0.0000 0.0000 0.0038 0.0695 0.0671
242      242   (0)     10  : 0.0101 0.0001 0.2734 0.0000 0.2634 0.0000 0.2783 0.0654 0.1092
243      243   (0)     10  : 0.8553 0.0000 0.0000 0.0008 0.0051 0.0000 0.1260 0.0000 0.0129
244      244   (0)     10  : 0.0908 0.0000 0.0000 0.0050 0.5741 0.0425 0.2836 0.0040 0.0000
245      245   (0)     10  : 0.7077 0.0000 0.0360 0.0307 0.2010 0.0000 0.0106 0.0000 0.0140
246      246   (0)     10  : 0.5040 0.0082 0.0000 0.0266 0.4605 0.0000 0.0000 0.0008 0.0000
247      247   (0)     10  : 0.0174 0.0403 0.0045 0.0000 0.7502 0.0000 0.1504 0.0097 0.0275
248      248   (0)     10  : 0.8391 0.0000 0.0510 0.0000 0.0000 0.0000 0.0760 0.0233 0.0106
249      249   (0)     10  : 0.9172 0.0000 0.0051 0.0000 0.0000 0.0000 0.0000 0.0120 0.0657
250      250   (0)     10  : 0.7199 0.0006 0.0380 0.1904 0.0298 0.0000 0.0000 0.0149 0.0063
251      251   (0)     10  : 0.0472 0.0000 0.0000 0.0363 0.0038 0.0003 0.9102 0.0022 0.0000
252      252   (0)     10  : 0.6309 0.0009 0.0000 0.0000 0.3130 0.0200 0.0278 0.0000 0.0075
253      253   (0)     10  : 0.9149 0.0000 0.0650 0.0123 0.0000 0.0000 0.0000 0.0000 0.0077
254      254   (0)     10  : 0.5326 0.0000 0.0009 0.1286 0.0003 0.0000 0.3338 0.0000 0.0037
255      255   (0)     10  : 0.8201 0.0000 0.0000 0.1671 0.0000 0.0000 0.0000 0.0128 0.0000
256      256   (0)     10  : 0.0000 0.0000 0.0000 0.0000 0.0085 0.9915 0.0000 0.0000 0.0000
257      257   (0)     10  : 0.5727 0.0000 0.0000 0.0108 0.4135 0.0000 0.0031 0.0000 0.0000
258      258   (0)     10  : 0.1383 0.0000 0.0000 0.1277 0.0193 0.0000 0.7130 0.0017 0.0000
259      259   (0)     10  : 0.8305 0.0000 0.0000 0.0000 0.0331 0.0000 0.1364 0.0000 0.0000
260      260   (0)     10  : 0.4955 0.0046 0.0000 0.0075 0.2141 0.0011 0.2725 0.0000 0.0048
261      261   (0)     10  : 0.6508 0.0058 0.0331 0.1169 0.1275 0.0053 0.0000 0.0606 0.0000
262      262   (0)     11  : 0.3514 0.0513 0.0097 0.2439 0.0113 0.0000 0.1768 0.0439 0.1116
263      263   (0)     11  : 0.7441 0.0000 0.0000 0.1075 0.0025 0.0000 0.1420 0.0000 0.0039
264      264   (0)     11  : 0.9898 0.0000 0.0000 0.0000 0.0000 0.0000 0.0084 0.0000 0.0018
265      265   (0)     11  : 0.0000 0.0000 0.0000 0.0000 0.0000 1.0000 0.0000 0.0000 0.0000
266      266   (0)     11  : 0.0507 0.0000 0.0000 0.0000 0.8241 0.0275 0.0977 0.0000 0.0000
267      267   (0)     11  : 0.0000 0.0000 0.0000 0.0000 0.0000 1.0000 0.0000 0.0000 0.0000
268      268   (0)     11  : 0.1454 0.0000 0.0000 0.0026 0.8433 0.0000 0.0027 0.0061 0.0000
269      269   (0)     11  : 0.7892 0.0000 0.0521 0.0257 0.0362 0.0000 0.0291 0.0476 0.0200
270      270   (0)     11  : 0.9688 0.0000 0.0000 0.0017 0.0000 0.0000 0.0295 0.0000 0.0000
271      271   (0)     11  : 0.0000 0.0000 0.0000 0.2011 0.0500 0.0000 0.7489 0.0000 0.0000
272      272   (0)     11  : 0.2789 0.0038 0.0016 0.1393 0.0789 0.0010 0.4965 0.0000 0.0000
273      273   (0)     11  : 0.0000 0.1422 0.0565 0.0215 0.0000 0.0000 0.4851 0.1380 0.1568
274      274   (0)     11  : 0.0000 0.1458 0.0000 0.0105 0.0619 0.5780 0.2038 0.0000 0.0000
275      275   (0)     11  : 0.6203 0.0043 0.0012 0.1749 0.0079 0.0000 0.1508 0.0406 0.0000
276      276   (0)     11  : 0.3917 0.2154 0.0455 0.0000 0.0000 0.0014 0.1182 0.0682 0.1596
277      277   (0)     11  : 0.5880 0.0225 0.0057 0.3418 0.0000 0.0060 0.0037 0.0230 0.0094
278      278   (0)     11  : 0.2840 0.0564 0.1364 0.2364 0.2337 0.0000 0.0101 0.0168 0.0263
279      279   (0)     11  : 0.0052 0.0000 0.0000 0.6810 0.0000 0.0000 0.3115 0.0000 0.0024
280      280   (0)     11  : 0.5085 0.0229 0.1283 0.0848 0.0955 0.0548 0.0560 0.0144 0.0349
281      281   (0)     11  : 0.4335 0.0003 0.0000 0.0646 0.0000 0.0000 0.5016 0.0000 0.0000
282      282   (0)     11  : 0.2996 0.0000 0.0000 0.1544 0.4352 0.0057 0.1051 0.0000 0.0000
283      283   (0)     11  : 0.0265 0.0003 0.3388 0.4717 0.0000 0.0000 0.1485 0.0000 0.0142
284      284   (0)     11  : 0.0132 0.0000 0.0008 0.3761 0.0014 0.0006 0.4988 0.0442 0.0650
285      285   (0)     11  : 0.0000 0.0102 0.0127 0.1586 0.7051 0.0000 0.0139 0.0334 0.0661
286      286   (0)     11  : 0.1266 0.0611 0.0282 0.2638 0.0068 0.0000 0.4741 0.0089 0.0305
287      287   (0)     11  : 0.0065 0.0620 0.0000 0.1735 0.4998 0.0000 0.1925 0.0218 0.0439
288      288   (0)     11  : 0.6638 0.0211 0.0000 0.0109 0.0000 0.0011 0.2887 0.0091 0.0052
289      289   (0)     11  : 0.0000 0.0000 0.0008 0.0368 0.6064 0.0601 0.2873 0.0060 0.0026
290      290   (0)     11  : 0.3794 0.0000 0.0102 0.2176 0.0000 0.1557 0.2293 0.0014 0.0064
291      291   (0)     11  : 0.0393 0.0000 0.0990 0.4038 0.0000 0.0028 0.2578 0.1742 0.0231
292      292   (0)     12  : 0.0000 1.0000 0.0000 0.0000 0.0000 0.0000 0.0000 0.0000 0.0000
293      293   (0)     12  : 0.0000 0.1734 0.5167 0.0000 0.0000 0.0000 0.0853 0.0958 0.1288
294      294   (0)     12  : 0.0000 1.0000 0.0000 0.0000 0.0000 0.0000 0.0000 0.0000 0.0000
295      295   (0)     12  : 0.0000 1.0000 0.0000 0.0000 0.0000 0.0000 0.0000 0.0000 0.0000
296      296   (0)     12  : 0.0000 1.0000 0.0000 0.0000 0.0000 0.0000 0.0000 0.0000 0.0000
297      297   (0)     12  : 0.0734 0.8414 0.0000 0.0000 0.0000 0.0853 0.0000 0.0000 0.0000
298      298   (0)     12  : 0.0000 0.9958 0.0000 0.0000 0.0000 0.0000 0.0000 0.0000 0.0042
299      299   (0)     12  : 0.0000 1.0000 0.0000 0.0000 0.0000 0.0000 0.0000 0.0000 0.0000
300      300   (0)     12  : 0.1854 0.0661 0.1258 0.0000 0.0000 0.0000 0.5296 0.0178 0.0753
301      301   (0)     12  : 0.0000 0.0356 0.6570 0.0000 0.0000 0.0000 0.1162 0.0811 0.1102
302      302   (0)     12  : 0.0000 1.0000 0.0000 0.0000 0.0000 0.0000 0.0000 0.0000 0.0000
303      303   (0)     12  : 0.0000 0.9798 0.0000 0.0189 0.0000 0.0000 0.0013 0.0000 0.0000
304      304   (0)     12  : 0.4321 0.0889 0.0000 0.0000 0.0000 0.4711 0.0000 0.0000 0.0079
305      305   (0)     12  : 0.0000 0.0767 0.3483 0.0000 0.4430 0.0000 0.0380 0.0330 0.0609
306      306   (0)     12  : 0.0000 0.7621 0.1642 0.0000 0.0000 0.0252 0.0132 0.0137 0.0215
307      307   (0)     12  : 0.0000 1.0000 0.0000 0.0000 0.0000 0.0000 0.0000 0.0000 0.0000
308      308   (0)     12  : 0.0000 0.6415 0.0000 0.0000 0.0000 0.3585 0.0000 0.0000 0.0000
309      309   (0)     12  : 0.0000 0.0251 0.4663 0.0006 0.0174 0.0000 0.3898 0.0228 0.0779
310      310   (0)     12  : 0.0577 0.8236 0.0000 0.0000 0.0000 0.1183 0.0000 0.0000 0.0004
311      311   (0)     12  : 0.1167 0.4137 0.0364 0.0000 0.0215 0.3231 0.0050 0.0037 0.0799
312      312   (0)     12  : 0.0000 0.0675 0.4366 0.0000 0.0000 0.0000 0.1895 0.1432 0.1632
313      313   (0)     12  : 0.2818 0.0278 0.5810 0.0000 0.0000 0.0000 0.0295 0.0211 0.0588
314      314   (0)     12  : 0.2010 0.3670 0.0000 0.0000 0.0148 0.4150 0.0000 0.0000 0.0020
315      315   (0)     12  : 0.0000 1.0000 0.0000 0.0000 0.0000 0.0000 0.0000 0.0000 0.0000
316      316   (0)     12  : 0.0461 0.4268 0.0031 0.0000 0.0000 0.5166 0.0000 0.0000 0.0074
317      317   (0)     12  : 0.0593 0.3346 0.0000 0.0000 0.0000 0.6018 0.0044 0.0000 0.0000
318      318   (0)     12  : 0.0000 0.0000 0.3148 0.0000 0.0275 0.0000 0.5407 0.0271 0.0899
319      319   (0)     12  : 0.0137 0.7433 0.0774 0.0000 0.0000 0.0939 0.0175 0.0000 0.0542
320      320   (0)     12  : 0.0000 0.0034 0.4154 0.0051 0.0146 0.0015 0.4939 0.0112 0.0550
321      321   (0)     12  : 0.0000 0.1773 0.0000 0.0000 0.0000 0.8227 0.0000 0.0000 0.0000
322      322   (0)     13  : 0.6530 0.0000 0.0111 0.0000 0.2360 0.0000 0.0000 0.0098 0.0901
323      323   (0)     13  : 0.3730 0.0024 0.0659 0.0000 0.5144 0.0000 0.0063 0.0070 0.0310
324      324   (0)     13  : 0.5620 0.0000 0.0000 0.0000 0.4380 0.0000 0.0000 0.0000 0.0000
325      325   (0)     13  : 0.0000 0.0000 0.0000 0.0000 0.9572 0.0000 0.0386 0.0000 0.0041
326      326   (0)     13  : 0.3772 0.0000 0.0000 0.1383 0.0000 0.0000 0.4786 0.0000 0.0059
327      327   (0)     13  : 0.3820 0.0020 0.0084 0.0000 0.5443 0.0000 0.0101 0.0022 0.0510
328      328   (0)     13  : 0.1794 0.0000 0.0000 0.0000 0.8119 0.0000 0.0000 0.0000 0.0088
329      329   (0)     13  : 0.8062 0.0000 0.0157 0.0787 0.0177 0.0000 0.0000 0.0014 0.0803
330      330   (0)     13  : 0.3729 0.0001 0.0018 0.0514 0.5082 0.0000 0.0000 0.0612 0.0045
331      331   (0)     13  : 0.0000 0.0000 0.0407 0.0192 0.0000 0.0000 0.0026 0.9375 0.0000
332      332   (0)     13  : 0.8098 0.0000 0.0000 0.0004 0.1193 0.0000 0.0011 0.0056 0.0638
333      333   (0)     13  : 0.0000 0.0000 0.0458 0.0000 0.6595 0.0000 0.0000 0.0142 0.2805
334      334   (0)     13  : 0.1023 0.0000 0.0000 0.0000 0.8681 0.0000 0.0295 0.0000 0.0000
335      335   (0)     13  : 0.0000 0.0000 0.0720 0.0000 0.3428 0.0000 0.5538 0.0000 0.0313
336      336   (0)     13  : 0.5719 0.0000 0.0072 0.0842 0.3128 0.0000 0.0156 0.0055 0.0027
337      337   (0)     13  : 0.2603 0.0000 0.0000 0.0079 0.0683 0.0260 0.6375 0.0000 0.0000
338      338   (0)     13  : 0.7812 0.0000 0.0007 0.0110 0.0820 0.0000 0.0837 0.0303 0.0111
339      339   (0)     13  : 0.0085 0.0137 0.1843 0.1713 0.0218 0.0000 0.5577 0.0085 0.0343
340      340   (0)     13  : 0.6722 0.0095 0.1402 0.0013 0.0022 0.0000 0.1193 0.0000 0.0554
341      341   (0)     13  : 0.8820 0.0000 0.0000 0.0037 0.0000 0.0000 0.0987 0.0000 0.0156
342      342   (0)     13  : 0.0955 0.0000 0.0000 0.0039 0.1628 0.0000 0.7378 0.0000 0.0000
343      343   (0)     13  : 0.1080 0.0000 0.0000 0.1273 0.4060 0.0000 0.3585 0.0003 0.0000
344      344   (0)     13  : 0.3823 0.0000 0.0000 0.0026 0.5228 0.0000 0.0835 0.0010 0.0078
345      345   (0)     13  : 0.2370 0.1233 0.0000 0.0000 0.0000 0.6306 0.0090 0.0000 0.0000
346      346   (0)     13  : 0.6400 0.0000 0.2039 0.0000 0.0018 0.0000 0.1170 0.0000 0.0374
347      347   (0)     13  : 0.3761 0.0000 0.0000 0.0000 0.6217 0.0000 0.0002 0.0000 0.0020
348      348   (0)     13  : 0.0000 0.0357 0.0000 0.0694 0.7574 0.0000 0.0968 0.0407 0.0000
349      349   (0)     13  : 0.3110 0.0001 0.0192 0.1161 0.3509 0.0000 0.0040 0.1086 0.0902
350      350   (0)     13  : 0.2588 0.4609 0.0000 0.0000 0.0000 0.2710 0.0000 0.0085 0.0008
351      351   (0)     13  : 0.0066 0.0055 0.0000 0.0000 0.9869 0.0000 0.0000 0.0000 0.0011
