1        1   (0)      1  : 0.0000 0.0219 0.0000 0.4683 0.4748 0.0000 0.0000 0.0110 0.0000 0.0240
2        2   (0)      1  : 0.2577 0.0105 0.0366 0.3483 0.0321 0.0000 0.0782 0.0000 0.1247 0.1118
3        3   (0)      1  : 0.0000 0.0988 0.0000 0.0000 0.0000 0.6668 0.0000 0.2345 0.0000 0.0000
4        4   (0)      1  : 0.0971 0.0000 0.0000 0.4820 0.0921 0.0000 0.3289 0.0000 0.0000 0.0000
5        5   (0)      1  : 0.0404 0.0362 0.0844 0.6617 0.0000 0.0000 0.0000 0.0618 0.1156 0.0000
6        6   (0)      1  : 0.0909 0.0000 0.0000 0.0643 0.3258 0.3591 0.0000 0.0502 0.0101 0.0996
7        7   (0)      2  : 0.0000 0.0000 0.0000 0.6612 0.0000 0.0000 0.3388 0.0000 0.0000 0.0000
8        8   (0)      1  : 0.2995 0.0123 0.0000 0.6779 0.0000 0.0000 0.0000 0.0000 0.0000 0.0103
9        9   (0)      3  : 0.0000 0.0000 0.3902 0.0000 0.3387 0.0000 0.0439 0.0000 0.2271 0.0000
10       10   (0)      4  : 0.0000 0.0000 0.1756 0.0000 0.0000 0.0000 0.0974 0.7270 0.0000 0.0000
11       11   (0)      4  : 0.0793 0.0000 0.2564 0.0425 0.0213 0.0000 0.0357 0.0000 0.0000 0.5647
12       12   (0)      4  : 0.0000 0.0000 0.2611 0.0766 0.2112 0.0670 0.1879 0.0075 0.1887 0.0000
13       13   (0)      4  : 0.0000 0.0000 0.0000 0.0000 0.0000 0.0000 0.0000 1.0000 0.0000 0.0000
14       14   (0)      4  : 0.0344 0.0000 0.3405 0.1767 0.0000 0.0053 0.0000 0.0437 0.1935 0.2059
15       15   (0)      4  : 0.0000 0.0000 0.0000 0.0000 0.1919 0.7336 0.0000 0.0000 0.0000 0.0745
16       16   (0)      5  : 0.0000 0.0000 0.0615 0.0162 0.1383 0.0000 0.1377 0.0000 0.0000 0.6463
17       17   (0)      4  : 0.0000 0.0000 0.2567 0.0000 0.1779 0.0492 0.1571 0.0202 0.1180 0.2210
18       18   (0)      5  : 0.0000 0.0000 0.2059 0.1978 0.0000 0.0000 0.0092 0.0000 0.2457 0.3414
19       19   (0)      5  : 0.1843 0.0000 0.5440 0.0000 0.0000 0.0000 0.0332 0.0000 0.0643 0.1742
20       20   (0)      5  : 0.0000 0.0000 0.5098 0.0000 0.0902 0.0000 0.3015 0.0000 0.0986 0.0000
21       21   (0)      5  : 0.0127 0.0000 0.5743 0.0000 0.0000 0.0000 0.0000 0.0000 0.1095 0.3035
22       22   (0)      5  : 0.0000 0.0079 0.3314 0.0020 0.5471 0.0000 0.0000 0.0000 0.1117 0.0000
23       23   (0)      5  : 0.0000 0.0000 0.5601 0.0000 0.3565 0.0000 0.0000 0.0000 0.0834 0.0000
24       24   (0)      5  : 0.0000 0.0136 0.2774 0.0000 0.0066 0.0000 0.2360 0.0000 0.1399 0.3265
25       25   (0)      5  : 0.0000 0.0090 0.6176 0.0000 0.3734 0.0000 0.0000 0.0000 0.0000 0.0000
26       26   (0)      5  : 0.0000 0.0000 0.5371 0.0000 0.0000 0.0000 0.1659 0.0000 0.0000 0.2970
27       27   (0)      5  : 0.0000 0.0000 0.4366 0.0000 0.3634 0.0000 0.0000 0.0000 0.1267 0.0732
28       28   (0)      5  : 0.0000 0.0000 0.7067 0.0000 0.0000 0.0000 0.0000 0.0762 0.1381 0.0790
29       29   (0)      5  : 0.1697 0.0000 0.0657 0.0000 0.0000 0.0000 0.0000 0.0000 0.1079 0.6567
30       30   (0)      5  : 0.0000 0.0000 0.1595 0.0000 0.0000 0.0000 0.2013 0.0000 0.0640 0.5752
31       31   (0)      5  : 0.0000 0.0248 0.5662 0.0000 0.1576 0.0000 0.0000 0.0000 0.1818 0.0696
32       32   (0)      5  : 0.0000 0.0000 0.0079 0.0000 0.3750 0.0000 0.0000 0.0000 0.0000 0.6171
33       33   (0)      5  : 0.0145 0.0000 0.1270 0.0000 0.3393 0.0000 0.0110 0.0000 0.1759 0.3324
34       34   (0)      5  : 0.1953 0.0000 0.1664 0.0000 0.0603 0.0000 0.0326 0.0000 0.0000 0.5454
35       35   (0)      5  : 0.0000 0.0000 0.6543 0.0000 0.0000 0.0000 0.0000 0.0000 0.1490 0.1967
36       36   (0)      5  : 0.0187 0.0000 0.2834 0.0000 0.0938 0.0000 0.0000 0.0000 0.4558 0.1483
37       37   (0)      5  : 0.0000 0.0000 0.5354 0.0447 0.0455 0.0000 0.0560 0.0623 0.2223 0.0338
38       38   (0)      5  : 0.0000 0.0000 0.1892 0.0000 0.0000 0.0000 0.0000 0.2249 0.3325 0.2535
39       39   (0)      5  : 0.1488 0.0000 0.3540 0.0000 0.0000 0.0000 0.0000 0.0000 0.2624 0.2348
40       40   (0)      5  : 0.0000 0.0000 0.4075 0.0000 0.3284 0.0000 0.0000 0.0000 0.2642 0.0000
41       41   (0)      5  : 0.2723 0.0000 0.2595 0.0000 0.0000 0.0000 0.0092 0.0000 0.0000 0.4591
42       42   (0)      5  : 0.0000 0.0000 0.0000 0.0000 0.0000 0.9387 0.0613 0.0000 0.0000 0.0000
43       43   (0)      5  : 0.0000 0.0000 0.2994 0.0377 0.2141 0.0000 0.1764 0.0000 0.2725 0.0000
44       44   (0)      4  : 0.0000 0.0000 0.5124 0.0000 0.0000 0.0000 0.0000 0.4876 0.0000 0.0000
45       45   (0)      4  : 0.0000 0.0132 0.0839 0.0000 0.0006 0.0000 0.2693 0.0000 0.2059 0.4270
46       46   (0)      4  : 0.0000 0.0000 0.1291 0.0000 0.3531 0.0348 0.0967 0.0000 0.0581 0.3281
47       47   (0)      4  : 0.1635 0.0000 0.0841 0.0000 0.0000 0.0000 0.0037 0.1650 0.0623 0.5214
48       48   (0)      5  : 0.0000 0.0337 0.0819 0.0125 0.2455 0.0000 0.0621 0.0710 0.1426 0.3507
49       49   (0)      4  : 0.0000 0.0000 0.3412 0.0000 0.3299 0.0000 0.3145 0.0000 0.0144 0.0000
50       50   (0)      4  : 0.0000 0.0000 0.0000 0.0000 0.0675 0.8626 0.0306 0.0000 0.0000 0.0393
51       51   (0)      4  : 0.0000 0.0662 0.3030 0.1724 0.0000 0.0000 0.0000 0.0000 0.0254 0.4329
52       52   (0)      4  : 0.0000 0.0761 0.0000 0.0000 0.0000 0.7673 0.0685 0.0000 0.0000 0.0881
53       53   (0)      4  : 0.0256 0.0000 0.4182 0.0714 0.0000 0.0000 0.0000 0.1211 0.0382 0.3255
54       54   (0)      4  : 0.0000 0.0000 0.0000 0.0000 0.0000 0.9078 0.0000 0.0000 0.0000 0.0922
55       55   (0)      4  : 0.0013 0.0000 0.0233 0.0000 0.0000 0.7643 0.0000 0.0000 0.1141 0.0970
56       56   (0)      4  : 0.0000 0.0000 0.3755 0.0000 0.0000 0.0000 0.0000 0.2034 0.2153 0.2058
57       57   (0)      5  : 0.0187 0.0426 0.1134 0.0807 0.0464 0.0000 0.0038 0.0000 0.2257 0.4688
58       58   (0)      4  : 0.0000 0.0961 0.0000 0.0000 0.1452 0.4240 0.0000 0.0000 0.0000 0.3348
59       59   (0)      4  : 0.0000 0.0000 0.0000 0.0000 0.0000 0.8258 0.0732 0.0631 0.0380 0.0000
60       60   (0)      4  : 0.0000 0.0000 0.0000 0.0000 0.0245 0.0000 0.0000 0.0000 0.0000 0.9755
61       61   (0)      5  : 0.0000 0.0000 0.0000 0.0192 0.0000 0.0000 0.3349 0.0005 0.3100 0.3354
62       62   (0)      6  : 0.0000 0.0000 0.0000 0.0649 0.0000 0.6537 0.0000 0.1418 0.1018 0.0379
63       63   (0)      6  : 0.0000 0.1467 0.0000 0.0000 0.0191 0.7100 0.0000 0.0000 0.0000 0.1242
64       64   (0)      6  : 0.0000 0.0000 0.0000 0.7785 0.0000 0.0000 0.0000 0.0707 0.0000 0.1508
65       65   (0)      6  : 0.0876 0.0000 0.2611 0.1312 0.2600 0.0000 0.0000 0.0000 0.0155 0.2446
66       66   (0)      6  : 0.0000 0.0000 0.0000 0.0000 0.0000 0.0000 0.0000 1.0000 0.0000 0.0000
67       67   (0)      6  : 0.0000 0.0000 0.0000 0.6525 0.3475 0.0000 0.0000 0.0000 0.0000 0.0000
68       68   (0)      6  : 0.0000 0.0000 0.0000 0.3151 0.2627 0.0000 0.0000 0.0000 0.0000 0.4222
69       69   (0)      6  : 0.0000 0.0000 0.0000 0.0986 0.3569 0.0000 0.0042 0.0000 0.0000 0.5403
70       70   (0)      6  : 0.0000 0.0000 0.0344 0.1157 0.7372 0.0000 0.0087 0.0121 0.0919 0.0000
71       71   (0)      6  : 0.0060 0.0000 0.0953 0.2824 0.3778 0.0000 0.0000 0.0000 0.0251 0.2133
72       72   (0)      7  : 0.0764 0.0000 0.1278 0.0695 0.0000 0.0000 0.0000 0.0051 0.2737 0.4475
73       73   (0)      7  : 0.0000 0.0000 0.0000 0.0000 0.0000 0.0000 0.2459 0.0000 0.0000 0.7541
74       74   (0)      7  : 0.0000 0.0000 0.0906 0.0732 0.0000 0.0000 0.1521 0.0000 0.1165 0.5676
75       75   (0)      7  : 0.0451 0.0215 0.2306 0.1947 0.0000 0.0357 0.0147 0.0000 0.0000 0.4577
76       76   (0)      7  : 0.0462 0.0000 0.8140 0.1398 0.0000 0.0000 0.0000 0.0000 0.0000 0.0000
77       77   (0)      7  : 0.0000 0.0719 0.3140 0.2638 0.0057 0.0000 0.0000 0.0307 0.0771 0.2368
78       78   (0)      7  : 0.0000 0.0000 0.2655 0.1242 0.0000 0.0007 0.3107 0.0000 0.0787 0.2202
79       79   (0)      7  : 0.2212 0.0000 0.0244 0.0000 0.0000 0.0000 0.0863 0.0000 0.0000 0.6681
80       80   (0)      7  : 0.0000 0.0000 0.3356 0.1936 0.0127 0.0000 0.0000 0.0000 0.0000 0.4581
81       81   (0)      7  : 0.0000 0.0000 0.7752 0.1973 0.0000 0.0000 0.0000 0.0275 0.0000 0.0000
82       82   (0)      7  : 0.2209 0.0362 0.0575 0.0669 0.0000 0.0465 0.0915 0.0000 0.1864 0.2940
83       83   (0)      7  : 0.0000 0.0657 0.0000 0.1083 0.0000 0.7996 0.0000 0.0000 0.0000 0.0265
84       84   (0)      7  : 0.0135 0.0000 0.2226 0.0826 0.0000 0.0000 0.0000 0.0000 0.0953 0.5860
85       85   (0)      7  : 0.0215 0.0000 0.7481 0.2185 0.0000 0.0000 0.0000 0.0000 0.0000 0.0119
86       86   (0)      7  : 0.0000 0.0000 0.0000 0.0000 0.0741 0.7329 0.0000 0.0000 0.0000 0.1929
87       87   (0)      7  : 0.0000 0.0000 0.1115 0.0873 0.3989 0.0000 0.0000 0.0000 0.0000 0.4023
88       88   (0)      7  : 0.0000 0.0000 0.0000 0.0000 0.0907 0.7740 0.0000 0.0611 0.0000 0.0743
89       89   (0)      7  : 0.0000 0.0000 0.2933 0.0000 0.0000 0.0000 0.0000 0.0029 0.0512 0.6526
90       90   (0)      7  : 0.0000 0.0000 0.0407 0.0000 0.2170 0.0000 0.0000 0.0000 0.0000 0.7423
91       91   (0)      7  : 0.0870 0.0000 0.2809 0.0411 0.0000 0.0000 0.0228 0.0000 0.0000 0.5681
92       92   (0)      7  : 0.0147 0.0260 0.3915 0.1981 0.0000 0.0000 0.0000 0.0000 0.3396 0.0301
93       93   (0)      7  : 0.0000 0.0000 0.0114 0.0843 0.1288 0.0192 0.0000 0.0000 0.4477 0.3086
94       94   (0)      7  : 0.0000 0.0000 0.5700 0.2754 0.0000 0.0000 0.0000 0.0016 0.1530 0.0000
95       95   (0)      7  : 0.0000 0.0413 0.3971 0.2038 0.1228 0.0000 0.0000 0.0000 0.1301 0.1049
96       96   (0)      7  : 0.0000 0.0000 0.6142 0.0846 0.0000 0.0000 0.1394 0.0438 0.1181 0.0000
97       97   (0)      7  : 0.0000 0.0074 0.7247 0.1325 0.0000 0.0000 0.0000 0.0000 0.1354 0.0000
98       98   (0)      7  : 0.0000 0.0000 0.7423 0.0922 0.0000 0.0000 0.0000 0.1382 0.0272 0.0000
99       99   (0)      7  : 0.0000 0.0081 0.0052 0.2152 0.0000 0.7105 0.0000 0.0000 0.0610 0.0000
100      100   (0)      6  : 0.1610 0.0000 0.0680 0.3924 0.0000 0.0000 0.1040 0.0093 0.0000 0.2654
101      101   (0)      6  : 0.0000 0.0000 0.0212 0.3340 0.0000 0.0000 0.2541 0.0297 0.1475 0.2135
102      102   (0)      6  : 0.0000 0.0000 0.0000 0.0897 0.3682 0.0000 0.0000 0.0471 0.0000 0.4949
103      103   (0)      6  : 0.2596 0.0000 0.0000 0.4552 0.0000 0.0000 0.0000 0.0000 0.0000 0.2851
104      104   (0)      6  : 0.0000 0.0000 0.0000 0.3341 0.6051 0.0000 0.0000 0.0177 0.0000 0.0432
105      105   (0)      6  : 0.1116 0.0000 0.0707 0.5039 0.0634 0.0000 0.0123 0.0511 0.1712 0.0157
106      106   (0)      6  : 0.1482 0.0000 0.0000 0.3708 0.2244 0.0257 0.0488 0.0000 0.0359 0.1462
107      107   (0)      6  : 0.0249 0.0453 0.0121 0.5606 0.3150 0.0000 0.0000 0.0000 0.0421 0.0000
108      108   (0)      6  : 0.0000 0.0000 0.0000 0.1139 0.0000 0.8861 0.0000 0.0000 0.0000 0.0000
109      109   (0)      7  : 0.0000 0.0000 0.1523 0.1544 0.2329 0.0000 0.0048 0.0000 0.0000 0.4557
110      110   (0)      7  : 0.0000 0.0000 0.0000 0.0000 0.0000 0.0000 0.0000 1.0000 0.0000 0.0000
111      111   (0)      8  : 0.0000 0.0000 0.0000 0.5139 0.0000 0.0000 0.1562 0.2509 0.0000 0.0790
112      112   (0)      6  : 0.0000 0.0000 0.0000 1.0000 0.0000 0.0000 0.0000 0.0000 0.0000 0.0000
113      113   (0)      6  : 0.0000 0.0000 0.0000 0.0568 0.0000 0.8771 0.0000 0.0661 0.0000 0.0000
114      114   (0)      6  : 0.0000 0.0000 0.3062 0.6889 0.0000 0.0000 0.0000 0.0049 0.0000 0.0000
115      115   (0)      6  : 0.0000 0.1807 0.0000 0.2755 0.0000 0.3969 0.0000 0.1468 0.0000 0.0000
116      116   (0)      6  : 0.0000 0.0178 0.0666 0.4949 0.0109 0.0000 0.2235 0.0803 0.0944 0.0117
117      117   (0)      6  : 0.0000 0.0000 0.0000 0.5223 0.2693 0.0000 0.2085 0.0000 0.0000 0.0000
118      118   (0)      6  : 0.0797 0.0000 0.0000 0.6048 0.1963 0.0000 0.0000 0.0000 0.0000 0.1192
119      119   (0)      6  : 0.0000 0.0000 0.0866 0.8159 0.0000 0.0000 0.0975 0.0000 0.0000 0.0000
120      120   (0)      6  : 0.0000 0.0000 0.0000 0.6202 0.0000 0.0000 0.2172 0.0000 0.0000 0.1626
121      121   (0)      6  : 0.0000 0.0379 0.0000 0.2026 0.0000 0.7568 0.0000 0.0027 0.0000 0.0000
122      122   (0)      9  : 0.0000 0.0570 0.0925 0.1502 0.2280 0.0000 0.0000 0.0000 0.4723 0.0000
123      123   (0)      9  : 0.0000 0.0000 0.0000 0.0000 0.3511 0.0285 0.0000 0.0000 0.4051 0.2154
124      124   (0)      9  : 0.0000 0.0370 0.1105 0.0000 0.5688 0.0000 0.0000 0.0000 0.2838 0.0000
125      125   (0)      9  : 0.2144 0.0000 0.0913 0.0000 0.0127 0.0000 0.0000 0.0073 0.3316 0.3428
126      126   (0)      9  : 0.1299 0.0000 0.2351 0.0000 0.0000 0.0000 0.0000 0.0473 0.3100 0.2777
127      127   (0)      9  : 0.0000 0.0000 0.4160 0.0000 0.4210 0.0000 0.0071 0.0734 0.0826 0.0000
128      128   (0)      9  : 0.0000 0.0026 0.0800 0.0000 0.5113 0.0000 0.0000 0.0000 0.3349 0.0711
129      129   (0)      9  : 0.0000 0.0000 0.0000 0.0000 0.4165 0.0000 0.0543 0.0000 0.5292 0.0000
130      130   (0)      9  : 0.0477 0.0000 0.1218 0.0369 0.0000 0.0000 0.2373 0.0134 0.5429 0.0000
131      131   (0)      9  : 0.0361 0.0000 0.0422 0.0000 0.2198 0.0000 0.1634 0.0000 0.5036 0.0349
132      132   (0)      9  : 0.2026 0.0010 0.0866 0.0000 0.3398 0.0000 0.0000 0.0000 0.2688 0.1012
133      133   (0)      9  : 0.0000 0.0000 0.0000 0.0000 0.0000 0.0000 0.2908 0.0071 0.3914 0.3107
134      134   (0)      9  : 0.0000 0.0000 0.0000 0.0000 0.0000 0.0000 0.0000 1.0000 0.0000 0.0000
135      135   (0)      9  : 0.0000 0.0000 0.0000 0.0000 0.8534 0.0000 0.0000 0.0000 0.0871 0.0594
136      136   (0)      9  : 0.2396 0.0156 0.2387 0.0722 0.0000 0.0000 0.0000 0.0269 0.3327 0.0743
137      137   (0)      9  : 0.2636 0.0000 0.0000 0.0084 0.0000 0.0000 0.1554 0.0000 0.5488 0.0238
138      138   (0)      9  : 0.4034 0.0000 0.0943 0.0000 0.0076 0.0099 0.0000 0.0000 0.2886 0.1963
139      139   (0)      9  : 0.3743 0.0000 0.0242 0.0686 0.0000 0.0000 0.0000 0.0000 0.4233 0.1097
140      140   (0)      9  : 0.1572 0.0000 0.0110 0.0000 0.3163 0.0000 0.0000 0.0000 0.4175 0.0981
141      141   (0)      9  : 0.0000 0.0000 0.3816 0.0161 0.2921 0.0000 0.0353 0.0000 0.2749 0.0000
142      142   (0)      9  : 0.3402 0.0000 0.0870 0.1674 0.0398 0.0021 0.0261 0.0018 0.2696 0.0662
143      143   (0)      9  : 0.0000 0.0000 0.0000 0.0000 0.0000 0.0000 0.0000 1.0000 0.0000 0.0000
144      144   (0)      9  : 0.1199 0.0116 0.0657 0.0000 0.0000 0.0000 0.3259 0.0491 0.1812 0.2468
145      145   (0)      3  : 0.0000 0.0055 0.3217 0.0000 0.4585 0.0000 0.0000 0.0062 0.2080 0.0000
146      146   (0)      3  : 0.0595 0.0718 0.0000 0.0000 0.2451 0.5397 0.0000 0.0000 0.0839 0.0000
147      147   (0)      3  : 0.0202 0.0000 0.0373 0.0000 0.8728 0.0000 0.0115 0.0000 0.0532 0.0049
148      148   (0)      3  : 0.2447 0.0165 0.0683 0.0000 0.0125 0.0606 0.0000 0.0036 0.3820 0.2120
149      149   (0)      3  : 0.3275 0.0000 0.2049 0.0000 0.3035 0.0000 0.0000 0.0000 0.1640 0.0000
150      150   (0)      3  : 0.0000 0.0000 0.0108 0.0000 0.3886 0.0750 0.0994 0.0000 0.4262 0.0000
151      151   (0)      3  : 0.3259 0.0000 0.0964 0.0000 0.0000 0.0000 0.0000 0.0000 0.5777 0.0000
152      152   (0)      3  : 0.1979 0.0000 0.0666 0.0000 0.0683 0.0000 0.0000 0.0302 0.5961 0.0409
153      153   (0)      3  : 0.1369 0.0102 0.3984 0.0000 0.2246 0.0000 0.0002 0.0000 0.2296 0.0000
154      154   (0)      3  : 0.0954 0.0087 0.2101 0.0000 0.0183 0.0000 0.0000 0.1855 0.3465 0.1355
155      155   (0)      3  : 0.0793 0.0225 0.3965 0.0000 0.0000 0.0575 0.0000 0.1438 0.2556 0.0447
156      156   (0)      3  : 0.1506 0.0819 0.1717 0.0000 0.0000 0.0000 0.0000 0.0000 0.3999 0.1959
157      157   (0)      3  : 0.1448 0.0252 0.0510 0.0218 0.0000 0.0000 0.0000 0.0000 0.5033 0.2539
158      158   (0)      3  : 0.2280 0.0000 0.1772 0.0547 0.0000 0.0000 0.0000 0.0000 0.4310 0.1091
159      159   (0)      3  : 0.1120 0.1714 0.0000 0.0000 0.0000 0.5440 0.0000 0.0000 0.0608 0.1118
160      160   (0)      3  : 0.2348 0.0000 0.0000 0.0000 0.0000 0.0000 0.2507 0.0007 0.4122 0.1015
161      161   (0)      3  : 0.0000 0.0000 0.0000 0.0000 0.5928 0.0000 0.0000 0.0763 0.3309 0.0000
162      162   (0)      3  : 0.4465 0.0000 0.2897 0.0000 0.0000 0.0000 0.0000 0.0000 0.2179 0.0460
163      163   (0)      3  : 0.1618 0.0000 0.3968 0.0000 0.2653 0.0000 0.0000 0.0000 0.1069 0.0691
164      164   (0)      3  : 0.2414 0.0000 0.1072 0.0000 0.0000 0.0000 0.0000 0.0000 0.6513 0.0000
165      165   (0)      3  : 0.0000 0.0000 0.0000 0.0000 0.5597 0.0000 0.0000 0.0357 0.4046 0.0000
166      166   (0)      3  : 0.1976 0.0000 0.3898 0.0000 0.0808 0.0000 0.0800 0.0000 0.2080 0.0438
167      167   (0)      3  : 0.3125 0.0000 0.0779 0.0000 0.2240 0.0000 0.0000 0.0000 0.1080 0.2776
168      168   (0)      3  : 0.1220 0.0125 0.1697 0.0000 0.0000 0.0000 0.0000 0.0222 0.4304 0.2431
169      169   (0)      3  : 0.2885 0.0000 0.3609 0.0097 0.0000 0.0000 0.0098 0.0135 0.0840 0.2336
170      170   (0)      3  : 0.3519 0.0000 0.0739 0.0000 0.0000 0.0006 0.0000 0.0000 0.2746 0.2989
171      171   (0)      3  : 0.1770 0.0000 0.3068 0.0000 0.0000 0.0000 0.2230 0.0000 0.2407 0.0525
172      172   (0)      3  : 0.2581 0.0000 0.1399 0.0000 0.0000 0.0000 0.0153 0.0257 0.3601 0.2009
173      173   (0)      3  : 0.1233 0.0000 0.2670 0.0285 0.3447 0.0000 0.0000 0.0000 0.2365 0.0000
174      174   (0)      9  : 0.0000 0.0000 0.2220 0.0000 0.2449 0.0000 0.2613 0.0000 0.2706 0.0012
175      175   (0)      9  : 0.0000 0.0000 0.1346 0.0507 0.0000 0.0000 0.0000 0.6712 0.1435 0.0000
176      176   (0)      9  : 0.2379 0.0023 0.0449 0.0000 0.2498 0.0000 0.0000 0.0000 0.2625 0.2027
177      177   (0)      9  : 0.1232 0.0000 0.0772 0.1742 0.0000 0.0000 0.2996 0.0806 0.1665 0.0787
178      178   (0)      9  : 0.0101 0.0013 0.0081 0.0035 0.2989 0.0000 0.1322 0.0000 0.3837 0.1623
179      179   (0)      9  : 0.0301 0.0057 0.1791 0.0741 0.3328 0.0000 0.0034 0.0096 0.3323 0.0329
180      180   (0)      9  : 0.0000 0.0000 0.0000 0.0101 0.1292 0.0000 0.2043 0.0880 0.4295 0.1390
181      181   (0)      1  : 0.5406 0.0000 0.0000 0.2950 0.0104 0.0000 0.0000 0.0000 0.1358 0.0183
182      182   (0)      1  : 0.1213 0.0000 0.0000 0.2172 0.2523 0.0084 0.2262 0.0000 0.0000 0.1746
183      183   (0)      1  : 0.6197 0.0000 0.0000 0.2477 0.0000 0.0000 0.0481 0.0000 0.0522 0.0324
184      184   (0)      1  : 0.2085 0.0000 0.0000 0.3839 0.3824 0.0251 0.0000 0.0000 0.0000 0.0000
185      185   (0)      1  : 0.7698 0.0000 0.0000 0.1846 0.0456 0.0000 0.0000 0.0000 0.0000 0.0000
186      186   (0)      1  : 0.1783 0.0156 0.0479 0.2380 0.2213 0.0000 0.0000 0.0000 0.2988 0.0000
187      187   (0)      1  : 0.6034 0.0000 0.0000 0.3491 0.0475 0.0000 0.0000 0.0000 0.0000 0.0000
188      188   (0)      1  : 0.6113 0.0000 0.0000 0.0347 0.0774 0.0000 0.0000 0.0000 0.0000 0.2766
189      189   (0)      2  : 0.1018 0.0000 0.0000 0.0489 0.5140 0.0000 0.2998 0.0000 0.0000 0.0355
190      190   (0)      2  : 0.3423 0.0000 0.0247 0.0509 0.0000 0.0000 0.0000 0.0000 0.2127 0.3694
191      191   (0)      2  : 0.3966 0.0000 0.0000 0.0722 0.0571 0.0000 0.0000 0.0000 0.1941 0.2801
192      192   (0)      2  : 0.0000 0.0000 0.2231 0.0000 0.4618 0.0000 0.2300 0.0000 0.0851 0.0000
193      193   (0)      2  : 0.2958 0.0000 0.0000 0.0000 0.1269 0.0000 0.0000 0.0000 0.0000 0.5773
194      194   (0)      2  : 0.0000 0.0000 0.0000 0.0000 0.7878 0.0000 0.0000 0.0000 0.2122 0.0000
195      195   (0)      2  : 0.2095 0.0000 0.0000 0.3967 0.1188 0.0000 0.1718 0.0000 0.0000 0.1032
196      196   (0)      2  : 0.0000 0.0000 0.1358 0.0000 0.0198 0.0000 0.6145 0.0000 0.0000 0.2298
197      197   (0)      1  : 0.3447 0.0000 0.0683 0.0668 0.4761 0.0000 0.0000 0.0000 0.0442 0.0000
198      198   (0)      1  : 0.2975 0.0000 0.0000 0.4889 0.0000 0.0000 0.2047 0.0000 0.0089 0.0000
199      199   (0)      1  : 0.0000 0.0000 0.0000 0.3803 0.4713 0.0000 0.0000 0.0286 0.1198 0.0000
200      200   (0)      1  : 0.1016 0.0000 0.0000 0.7083 0.1693 0.0000 0.0000 0.0000 0.0208 0.0000
201      201   (0)      1  : 0.0000 0.0000 0.0000 0.4916 0.3404 0.0081 0.1599 0.0000 0.0000 0.0000
202      202   (0)      1  : 0.0000 0.0000 0.0000 0.9486 0.0000 0.0000 0.0514 0.0000 0.0000 0.0000
203      203   (0)      2  : 0.0000 0.0000 0.0000 0.0000 0.0662 0.4899 0.2644 0.0706 0.1090 0.0000
204      204   (0)      2  : 0.0000 0.0000 0.0000 0.2416 0.2490 0.0000 0.4094 0.0000 0.0000 0.1000
205      205   (0)      2  : 0.0000 0.0056 0.0001 0.0000 0.0000 0.8587 0.0000 0.0000 0.1356 0.0000
206      206   (0)      2  : 0.4109 0.0000 0.0000 0.0776 0.0000 0.0000 0.0000 0.0482 0.0059 0.4574
207      207   (0)      2  : 0.0000 0.0000 0.0000 0.0000 0.7119 0.0504 0.2377 0.0000 0.0000 0.0000
208      208   (0)      2  : 0.4340 0.0000 0.0000 0.0000 0.0000 0.0333 0.0102 0.0000 0.0000 0.5225
209      209   (0)      2  : 0.0000 0.0000 0.0502 0.0000 0.2056 0.0000 0.7441 0.0000 0.0000 0.0000
210      210   (0)      1  : 0.0000 0.0000 0.0000 0.1208 0.4470 0.0000 0.4322 0.0000 0.0000 0.0000
211      211   (0)      1  : 0.1835 0.0000 0.0256 0.4212 0.0000 0.0000 0.0916 0.0386 0.2395 0.0000
212      212   (0)      1  : 0.0000 0.0000 0.0000 0.3625 0.0000 0.0000 0.4551 0.0000 0.1824 0.0000
213      213   (0)      1  : 0.2947 0.0000 0.0000 0.5699 0.0000 0.0000 0.0000 0.0000 0.0000 0.1354
214      214   (0)      1  : 0.0000 0.0000 0.0000 0.1804 0.7679 0.0000 0.0516 0.0000 0.0000 0.0000
215      215   (0)      1  : 0.2043 0.0000 0.0000 0.6286 0.0000 0.0000 0.1671 0.0000 0.0000 0.0000
216      216   (0)      1  : 0.3289 0.0000 0.0038 0.6390 0.0000 0.0000 0.0282 0.0000 0.0000 0.0000
217      217   (0)      1  : 0.0000 0.0000 0.0231 0.4493 0.4894 0.0000 0.0000 0.0165 0.0218 0.0000
218      218   (0)      2  : 0.2719 0.0000 0.0000 0.1877 0.4770 0.0000 0.0000 0.0000 0.0000 0.0634
219      219   (0)      2  : 0.0000 0.0000 0.0000 0.0637 0.3254 0.0000 0.3088 0.0000 0.3021 0.0000
220      220   (0)      2  : 0.3372 0.0032 0.0000 0.2970 0.0000 0.0000 0.0260 0.0000 0.0295 0.3071
221      221   (0)      2  : 0.3201 0.0000 0.1392 0.2580 0.1365 0.0000 0.0000 0.0000 0.1463 0.0000
222      222   (0)      2  : 0.2383 0.0000 0.0000 0.1699 0.0000 0.0180 0.1507 0.0002 0.0000 0.4228
223      223   (0)      2  : 0.0116 0.0000 0.0000 0.0000 0.8082 0.0337 0.0000 0.0000 0.0000 0.1465
224      224   (0)      2  : 0.2006 0.0000 0.0754 0.0622 0.3346 0.0000 0.3273 0.0000 0.0000 0.0000
225      225   (0)      2  : 0.5488 0.0000 0.0091 0.1844 0.0000 0.0000 0.0737 0.0000 0.1834 0.0006
226      226   (0)      2  : 0.7436 0.0000 0.0000 0.1006 0.1241 0.0277 0.0015 0.0000 0.0025 0.0000
227      227   (0)      2  : 0.7035 0.0000 0.0315 0.0167 0.1335 0.0000 0.0000 0.0000 0.0643 0.0505
228      228   (0)      2  : 0.5597 0.0000 0.0000 0.1592 0.0739 0.0000 0.0000 0.0000 0.0000 0.2073
229      229   (0)      2  : 0.0376 0.0044 0.0000 0.0166 0.2166 0.7248 0.0000 0.0000 0.0000 0.0000
230      230   (0)      2  : 0.3126 0.0000 0.1721 0.0672 0.1268 0.0107 0.0000 0.0000 0.1777 0.1330
231      231   (0)      2  : 0.1972 0.0000 0.0233 0.0000 0.4225 0.0000 0.0000 0.0000 0.0060 0.3510
232      232   (0)     10  : 0.4873 0.0000 0.0000 0.0000 0.4864 0.0216 0.0000 0.0046 0.0000 0.0000
233      233   (0)     10  : 0.0867 0.0000 0.0000 0.0000 0.7060 0.0000 0.0178 0.1545 0.0351 0.0000
234      234   (0)     10  : 0.3703 0.0000 0.0000 0.0005 0.0000 0.0000 0.5160 0.0343 0.0789 0.0000
235      235   (0)     10  : 0.1495 0.0005 0.0000 0.1187 0.1602 0.0000 0.4488 0.0078 0.1146 0.0000
236      236   (0)     10  : 0.0000 0.0000 0.0000 0.0000 0.3566 0.0000 0.4915 0.1383 0.0137 0.0000
237      237   (0)     10  : 0.3861 0.0000 0.0000 0.0351 0.0000 0.0000 0.4561 0.0000 0.1227 0.0000
238      238   (0)     10  : 0.3252 0.0000 0.0542 0.0000 0.5644 0.0000 0.0275 0.0288 0.0000 0.0000
239      239   (0)     10  : 0.7210 0.0000 0.0000 0.0000 0.0000 0.0000 0.2790 0.0000 0.0000 0.0000
240      240   (0)     10  : 0.0000 0.0000 0.0000 0.0000 0.0000 0.0000 1.0000 0.0000 0.0000 0.0000
241      241   (0)     10  : 0.7528 0.0036 0.0074 0.0018 0.0000 0.0000 0.0000 0.0466 0.0711 0.1166
242      242   (0)     10  : 0.0237 0.0000 0.3213 0.0000 0.2265 0.0000 0.3125 0.0000 0.1160 0.0000
243      243   (0)     10  : 0.7952 0.0000 0.0000 0.0000 0.0131 0.0000 0.0772 0.0000 0.0000 0.1145
244      244   (0)     10  : 0.1410 0.0000 0.0000 0.0000 0.5682 0.0343 0.2470 0.0095 0.0000 0.0000
245      245   (0)     10  : 0.5861 0.0000 0.0286 0.0265 0.2378 0.0000 0.0169 0.0000 0.0000 0.1040
246      246   (0)     10  : 0.5089 0.0115 0.0000 0.0200 0.4596 0.0000 0.0000 0.0000 0.0000 0.0000
247      247   (0)     10  : 0.1309 0.0380 0.0152 0.0000 0.6611 0.0000 0.1170 0.0000 0.0379 0.0000
248      248   (0)     10  : 0.6916 0.0000 0.0218 0.0000 0.0000 0.0000 0.0505 0.0223 0.0000 0.2139
249      249   (0)     10  : 0.7311 0.0000 0.0010 0.0000 0.0000 0.0000 0.0000 0.0000 0.0368 0.2311
250      250   (0)     10  : 0.7445 0.0000 0.0724 0.1699 0.0092 0.0000 0.0000 0.0039 0.0000 0.0000
251      251   (0)     10  : 0.1667 0.0000 0.0000 0.0512 0.0000 0.0000 0.7821 0.0000 0.0000 0.0000
252      252   (0)     10  : 0.5310 0.0000 0.0000 0.0000 0.3085 0.0182 0.0000 0.0000 0.0000 0.1423
253      253   (0)     10  : 0.9197 0.0000 0.0803 0.0000 0.0000 0.0000 0.0000 0.0000 0.0000 0.0000
254      254   (0)     10  : 0.6261 0.0000 0.0000 0.1340 0.0000 0.0000 0.2399 0.0000 0.0000 0.0000
255      255   (0)     10  : 0.8469 0.0000 0.0000 0.1468 0.0000 0.0000 0.0000 0.0063 0.0000 0.0000
256      256   (0)     10  : 0.0000 0.0000 0.0000 0.0000 0.0272 0.9728 0.0000 0.0000 0.0000 0.0000
257      257   (0)     10  : 0.6234 0.0000 0.0000 0.0000 0.3766 0.0000 0.0000 0.0000 0.0000 0.0000
258      258   (0)     10  : 0.3115 0.0000 0.0000 0.1166 0.0000 0.0000 0.5719 0.0000 0.0000 0.0000
259      259   (0)     10  : 0.9248 0.0000 0.0000 0.0000 0.0752 0.0000 0.0000 0.0000 0.0000 0.0000
260      260   (0)     10  : 0.5330 0.0000 0.0000 0.0000 0.2235 0.0000 0.2435 0.0000 0.0000 0.0000
261      261   (0)     10  : 0.5430 0.0057 0.0000 0.0713 0.0868 0.0000 0.0000 0.0791 0.0000 0.2141
262      262   (0)     11  : 0.3593 0.0509 0.0126 0.2307 0.0000 0.0000 0.1732 0.0117 0.1617 0.0000
263      263   (0)     11  : 0.7539 0.0000 0.0000 0.1044 0.0000 0.0000 0.1417 0.0000 0.0000 0.0000
264      264   (0)     11  : 1.0000 0.0000 0.0000 0.0000 0.0000 0.0000 0.0000 0.0000 0.0000 0.0000
265      265   (0)     11  : 0.0000 0.0000 0.0000 0.0000 0.0000 1.0000 0.0000 0.0000 0.0000 0.0000
266      266   (0)     11  : 0.0946 0.0000 0.0000 0.0000 0.8448 0.0251 0.0355 0.0000 0.0000 0.0000
267      267   (0)     11  : 0.0000 0.0000 0.0000 0.0000 0.0000 1.0000 0.0000 0.0000 0.0000 0.0000
268      268   (0)     11  : 0.1667 0.0000 0.0000 0.0000 0.8222 0.0000 0.0000 0.0111 0.0000 0.0000
269      269   (0)     11  : 0.6269 0.0000 0.0166 0.0000 0.0224 0.0000 0.0229 0.0554 0.0000 0.2557
270      270   (0)     11  : 0.9711 0.0000 0.0000 0.0000 0.0000 0.0000 0.0289 0.0000 0.0000 0.0000
271      271   (0)     11  : 0.0000 0.0000 0.0000 0.2371 0.0403 0.0000 0.7225 0.0000 0.0000 0.0000
272      272   (0)     11  : 0.3606 0.0000 0.0000 0.1296 0.0510 0.0000 0.4589 0.0000 0.0000 0.0000
273      273   (0)     11  : 0.0000 0.1692 0.1018 0.0000 0.0000 0.0000 0.4815 0.0510 0.1964 0.0000
274      274   (0)     11  : 0.0000 0.1416 0.0000 0.0207 0.0849 0.5834 0.1694 0.0000 0.0000 0.0000
275      275   (0)     11  : 0.6875 0.0000 0.0023 0.1602 0.0075 0.0000 0.0927 0.0498 0.0000 0.0000
276      276   (0)     11  : 0.3574 0.2277 0.1309 0.0000 0.0000 0.0000 0.0869 0.0000 0.1970 0.0000
277      277   (0)     11  : 0.5899 0.0144 0.0304 0.3272 0.0000 0.0237 0.0000 0.0124 0.0020 0.0000
278      278   (0)     11  : 0.2642 0.0588 0.1718 0.2364 0.2435 0.0000 0.0000 0.0000 0.0252 0.0000
279      279   (0)     11  : 0.0000 0.0000 0.0000 0.6618 0.0000 0.0000 0.3382 0.0000 0.0000 0.0000
280      280   (0)     11  : 0.5537 0.0201 0.1817 0.0721 0.0832 0.0634 0.0259 0.0000 0.0000 0.0000
281      281   (0)     11  : 0.4539 0.0000 0.0000 0.0497 0.0000 0.0000 0.4596 0.0000 0.0000 0.0368
282      282   (0)     11  : 0.3211 0.0000 0.0000 0.1524 0.4524 0.0086 0.0614 0.0000 0.0000 0.0041
283      283   (0)     11  : 0.0000 0.0000 0.3037 0.4480 0.0000 0.0000 0.1944 0.0000 0.0000 0.0539
284      284   (0)     11  : 0.0000 0.0000 0.0000 0.3451 0.0000 0.0000 0.4730 0.0599 0.0105 0.1115
285      285   (0)     11  : 0.0000 0.0060 0.0000 0.1713 0.6724 0.0000 0.0098 0.0000 0.1405 0.0000
286      286   (0)     11  : 0.2417 0.0647 0.0271 0.2556 0.0000 0.0000 0.4009 0.0000 0.0100 0.0000
287      287   (0)     11  : 0.0151 0.0612 0.0247 0.1882 0.4939 0.0000 0.1538 0.0000 0.0630 0.0000
288      288   (0)     11  : 0.6952 0.0164 0.0000 0.0000 0.0000 0.0000 0.2802 0.0000 0.0083 0.0000
289      289   (0)     11  : 0.0000 0.0000 0.0000 0.0158 0.5891 0.0421 0.3104 0.0033 0.0000 0.0393
290      290   (0)     11  : 0.1253 0.0000 0.0000 0.1588 0.0000 0.0807 0.2733 0.0000 0.0000 0.3620
291      291   (0)     11  : 0.0011 0.0000 0.0056 0.3214 0.0000 0.0000 0.2336 0.2089 0.0000 0.2295
292      292   (0)     12  : 0.0000 1.0000 0.0000 0.0000 0.0000 0.0000 0.0000 0.0000 0.0000 0.0000
293      293   (0)     12  : 0.0000 0.2017 0.7154 0.0000 0.0000 0.0000 0.0828 0.0000 0.0000 0.0000
294      294   (0)     12  : 0.0000 1.0000 0.0000 0.0000 0.0000 0.0000 0.0000 0.0000 0.0000 0.0000
295      295   (0)     12  : 0.0000 1.0000 0.0000 0.0000 0.0000 0.0000 0.0000 0.0000 0.0000 0.0000
296      296   (0)     12  : 0.0000 1.0000 0.0000 0.0000 0.0000 0.0000 0.0000 0.0000 0.0000 0.0000
297      297   (0)     12  : 0.0787 0.8456 0.0000 0.0000 0.0000 0.0757 0.0000 0.0000 0.0000 0.0000
298      298   (0)     12  : 0.0000 1.0000 0.0000 0.0000 0.0000 0.0000 0.0000 0.0000 0.0000 0.0000
299      299   (0)     12  : 0.0000 1.0000 0.0000 0.0000 0.0000 0.0000 0.0000 0.0000 0.0000 0.0000
300      300   (0)     12  : 0.1289 0.0740 0.0960 0.0000 0.0000 0.0000 0.5985 0.0000 0.0000 0.1026
301      301   (0)     12  : 0.0000 0.0234 0.9264 0.0000 0.0000 0.0000 0.0502 0.0000 0.0000 0.0000
302      302   (0)     12  : 0.0000 1.0000 0.0000 0.0000 0.0000 0.0000 0.0000 0.0000 0.0000 0.0000
303      303   (0)     12  : 0.0000 0.9800 0.0000 0.0071 0.0000 0.0000 0.0000 0.0000 0.0000 0.0129
304      304   (0)     12  : 0.3533 0.0862 0.0000 0.0000 0.0000 0.4592 0.0000 0.0000 0.0000 0.1013
305      305   (0)     12  : 0.0000 0.0807 0.4724 0.0000 0.4469 0.0000 0.0000 0.0000 0.0000 0.0000
306      306   (0)     12  : 0.0000 0.7635 0.2104 0.0000 0.0000 0.0261 0.0000 0.0000 0.0000 0.0000
307      307   (0)     12  : 0.0000 1.0000 0.0000 0.0000 0.0000 0.0000 0.0000 0.0000 0.0000 0.0000
308      308   (0)     12  : 0.0000 0.6425 0.0000 0.0000 0.0000 0.3238 0.0000 0.0000 0.0000 0.0337
309      309   (0)     12  : 0.0000 0.0166 0.5260 0.0000 0.0000 0.0000 0.4573 0.0000 0.0000 0.0000
310      310   (0)     12  : 0.0566 0.8223 0.0000 0.0000 0.0000 0.1211 0.0000 0.0000 0.0000 0.0000
311      311   (0)     12  : 0.0797 0.4160 0.0632 0.0000 0.0280 0.3009 0.0000 0.0000 0.0241 0.0881
312      312   (0)     12  : 0.0000 0.0786 0.6561 0.0000 0.0000 0.0000 0.2119 0.0040 0.0493 0.0000
313      313   (0)     12  : 0.3217 0.0207 0.6537 0.0000 0.0000 0.0000 0.0000 0.0000 0.0000 0.0039
314      314   (0)     12  : 0.0592 0.3679 0.0000 0.0000 0.0076 0.3717 0.0000 0.0000 0.0000 0.1937
315      315   (0)     12  : 0.0000 1.0000 0.0000 0.0000 0.0000 0.0000 0.0000 0.0000 0.0000 0.0000
316      316   (0)     12  : 0.0716 0.4235 0.0063 0.0000 0.0000 0.4985 0.0000 0.0000 0.0000 0.0000
317      317   (0)     12  : 0.0908 0.3241 0.0000 0.0000 0.0000 0.5851 0.0000 0.0000 0.0000 0.0000
318      318   (0)     12  : 0.0000 0.0000 0.3491 0.0000 0.0000 0.0000 0.6509 0.0000 0.0000 0.0000
319      319   (0)     12  : 0.0000 0.7832 0.0000 0.0000 0.0000 0.0003 0.0104 0.0000 0.0000 0.2060
320      320   (0)     12  : 0.0000 0.0000 0.4019 0.0000 0.0000 0.0000 0.5981 0.0000 0.0000 0.0000
321      321   (0)     12  : 0.0000 0.1675 0.0000 0.0000 0.0000 0.8325 0.0000 0.0000 0.0000 0.0000
322      322   (0)     13  : 0.6127 0.0000 0.0232 0.0000 0.2083 0.0000 0.0000 0.0000 0.0632 0.0926
323      323   (0)     13  : 0.4857 0.0000 0.0654 0.0000 0.3740 0.0000 0.0000 0.0000 0.0750 0.0000
324      324   (0)     13  : 0.5699 0.0000 0.0000 0.0000 0.4301 0.0000 0.0000 0.0000 0.0000 0.0000
325      325   (0)     13  : 0.0000 0.0000 0.0000 0.0000 0.9754 0.0000 0.0246 0.0000 0.0000 0.0000
326      326   (0)     13  : 0.4387 0.0000 0.0000 0.1371 0.0000 0.0000 0.4216 0.0026 0.0000 0.0000
327      327   (0)     13  : 0.3756 0.0000 0.0000 0.0000 0.5330 0.0000 0.0000 0.0000 0.0914 0.0000
328      328   (0)     13  : 0.2420 0.0000 0.0000 0.0000 0.7333 0.0000 0.0000 0.0000 0.0248 0.0000
329      329   (0)     13  : 0.8776 0.0000 0.0000 0.0001 0.0000 0.0000 0.0000 0.0000 0.1224 0.0000
330      330   (0)     13  : 0.3714 0.0000 0.0019 0.0366 0.5184 0.0000 0.0000 0.0718 0.0000 0.0000
331      331   (0)     13  : 0.0000 0.0000 0.0000 0.0000 0.0000 0.0000 0.0000 1.0000 0.0000 0.0000
332      332   (0)     13  : 0.7244 0.0000 0.0000 0.0000 0.1210 0.0000 0.0000 0.0000 0.0543 0.1004
333      333   (0)     13  : 0.0000 0.0000 0.0000 0.0000 0.6147 0.0000 0.0000 0.0000 0.3853 0.0000
334      334   (0)     13  : 0.1973 0.0000 0.0000 0.0000 0.7929 0.0000 0.0097 0.0000 0.0000 0.0000
335      335   (0)     13  : 0.0000 0.0000 0.0311 0.0000 0.3095 0.0000 0.6594 0.0000 0.0000 0.0000
336      336   (0)     13  : 0.5431 0.0000 0.0072 0.0688 0.3106 0.0000 0.0086 0.0103 0.0000 0.0515
337      337   (0)     13  : 0.3812 0.0000 0.0000 0.0000 0.1170 0.0326 0.4692 0.0000 0.0000 0.0000
338      338   (0)     13  : 0.7356 0.0000 0.0000 0.0040 0.1034 0.0000 0.0228 0.0392 0.0000 0.0951
339      339   (0)     13  : 0.0325 0.0129 0.1082 0.1734 0.0000 0.0000 0.5859 0.0000 0.0871 0.0000
340      340   (0)     13  : 0.6223 0.0061 0.1135 0.0000 0.0000 0.0000 0.1018 0.0000 0.0483 0.1080
341      341   (0)     13  : 0.6736 0.0000 0.0000 0.0000 0.0000 0.0000 0.0716 0.0000 0.0000 0.2548
342      342   (0)     13  : 0.3353 0.0000 0.0000 0.0000 0.2045 0.0000 0.4602 0.0000 0.0000 0.0000
343      343   (0)     13  : 0.1804 0.0000 0.0000 0.1317 0.4099 0.0000 0.2780 0.0000 0.0000 0.0000
344      344   (0)     13  : 0.4279 0.0000 0.0000 0.0000 0.5134 0.0000 0.0586 0.0000 0.0000 0.0000
345      345   (0)     13  : 0.2447 0.1145 0.0000 0.0000 0.0000 0.6409 0.0000 0.0000 0.0000 0.0000
346      346   (0)     13  : 0.4938 0.0000 0.1280 0.0000 0.0000 0.0000 0.2003 0.0000 0.0000 0.1778
347      347   (0)     13  : 0.2740 0.0000 0.0000 0.0000 0.6447 0.0000 0.0000 0.0000 0.0000 0.0813
348      348   (0)     13  : 0.0000 0.0332 0.0000 0.0706 0.7608 0.0000 0.0838 0.0515 0.0000 0.0000
349      349   (0)     13  : 0.3533 0.0000 0.0421 0.1080 0.3048 0.0000 0.0000 0.0880 0.1038 0.0000
350      350   (0)     13  : 0.2683 0.4463 0.0000 0.0000 0.0000 0.2714 0.0000 0.0000 0.0139 0.0000
351      351   (0)     13  : 0.0000 0.0000 0.0000 0.0000 1.0000 0.0000 0.0000 0.0000 0.0000 0.0000
