1        1   (0)      1  : 0.0000 0.0000 0.5652 0.4348 0.0000
2        2   (0)      1  : 0.5043 0.0902 0.3311 0.0291 0.0453
3        3   (0)      1  : 0.0965 0.0000 0.4288 0.2412 0.2336
4        4   (0)      1  : 0.0524 0.1860 0.7616 0.0000 0.0000
5        5   (0)      1  : 0.3300 0.0751 0.2307 0.3643 0.0000
6        6   (0)      2  : 0.0000 0.0000 0.6912 0.0000 0.3088
7        7   (0)      1  : 0.2424 0.0000 0.7566 0.0010 0.0000
8        8   (0)      3  : 0.0000 0.5124 0.0000 0.4187 0.0689
9        9   (0)      4  : 0.0000 0.5347 0.2781 0.0000 0.1872
10       10   (0)      4  : 0.4217 0.3350 0.0566 0.0201 0.1666
11       11   (0)      4  : 0.0000 0.4437 0.0608 0.4043 0.0913
12       12   (0)      4  : 0.0000 0.5228 0.4462 0.0000 0.0309
13       13   (0)      4  : 0.3395 0.4929 0.1677 0.0000 0.0000
14       14   (0)      5  : 0.3854 0.2169 0.0465 0.2393 0.1119
15       15   (0)      4  : 0.0047 0.4429 0.0000 0.4150 0.1374
16       16   (0)      5  : 0.4011 0.4123 0.1516 0.0350 0.0000
17       17   (0)      5  : 0.3532 0.5460 0.0000 0.0000 0.1008
18       18   (0)      5  : 0.0000 0.5547 0.0000 0.1875 0.2578
19       19   (0)      5  : 0.3050 0.6950 0.0000 0.0000 0.0000
20       20   (0)      5  : 0.0000 0.4167 0.0176 0.5657 0.0000
21       21   (0)      5  : 0.0000 0.6008 0.0000 0.3992 0.0000
22       22   (0)      5  : 0.2531 0.4379 0.0237 0.0995 0.1857
23       23   (0)      5  : 0.0000 0.6162 0.0000 0.3838 0.0000
24       24   (0)      5  : 0.2518 0.5794 0.0000 0.0000 0.1689
25       25   (0)      5  : 0.0000 0.5315 0.0000 0.4685 0.0000
26       26   (0)      5  : 0.0993 0.9007 0.0000 0.0000 0.0000
27       27   (0)      5  : 0.7156 0.2844 0.0000 0.0000 0.0000
28       28   (0)      5  : 0.4112 0.3459 0.0000 0.1357 0.1071
29       29   (0)      5  : 0.1271 0.6721 0.0000 0.1995 0.0013
30       30   (0)      5  : 0.4145 0.1427 0.0000 0.4428 0.0000
31       31   (0)      5  : 0.2472 0.2863 0.0000 0.4665 0.0000
32       32   (0)      5  : 0.5764 0.2973 0.0000 0.0582 0.0680
33       33   (0)      5  : 0.2710 0.7290 0.0000 0.0000 0.0000
34       34   (0)      5  : 0.3531 0.5227 0.0000 0.1242 0.0000
35       35   (0)      5  : 0.0000 0.7209 0.0904 0.1685 0.0202
36       36   (0)      5  : 0.2150 0.5600 0.1741 0.0509 0.0000
37       37   (0)      5  : 0.4749 0.5251 0.0000 0.0000 0.0000
38       38   (0)      5  : 0.0000 0.5566 0.0000 0.4434 0.0000
39       39   (0)      5  : 0.6363 0.3284 0.0000 0.0000 0.0352
40       40   (0)      5  : 0.0000 0.4487 0.1059 0.3494 0.0961
41       41   (0)      4  : 0.0000 0.8754 0.0831 0.0000 0.0415
42       42   (0)      4  : 0.4209 0.3011 0.0000 0.0896 0.1885
43       43   (0)      4  : 0.0000 0.2298 0.0000 0.6386 0.1317
44       44   (0)      4  : 0.5869 0.3359 0.0640 0.0000 0.0133
45       45   (0)      5  : 0.2701 0.3007 0.1133 0.2738 0.0422
46       46   (0)      4  : 0.0000 0.3431 0.0000 0.4754 0.1815
47       47   (0)      4  : 0.2682 0.3960 0.2771 0.0478 0.0108
48       48   (0)      4  : 0.2455 0.5594 0.1951 0.0000 0.0000
49       49   (0)      4  : 0.2021 0.6973 0.0772 0.0233 0.0000
50       50   (0)      5  : 0.3169 0.3629 0.1852 0.1351 0.0000
51       51   (0)      4  : 0.5307 0.2321 0.0331 0.2042 0.0000
52       52   (0)      5  : 0.1324 0.3216 0.0680 0.3124 0.1656
53       53   (0)      6  : 0.0000 0.0176 0.9824 0.0000 0.0000
54       54   (0)      6  : 0.2195 0.2967 0.1358 0.3479 0.0000
55       55   (0)      6  : 0.0000 0.4631 0.5369 0.0000 0.0000
56       56   (0)      6  : 0.0000 0.0000 0.6329 0.3671 0.0000
57       57   (0)      6  : 0.1757 0.0269 0.3937 0.4037 0.0000
58       58   (0)      6  : 0.3221 0.0864 0.1482 0.4188 0.0245
59       59   (0)      6  : 0.0000 0.1141 0.1159 0.7701 0.0000
60       60   (0)      6  : 0.1586 0.1471 0.2719 0.4224 0.0000
61       61   (0)      7  : 0.4973 0.3644 0.1383 0.0000 0.0000
62       62   (0)      7  : 0.6193 0.1731 0.0336 0.0067 0.1673
63       63   (0)      7  : 0.2730 0.3642 0.1762 0.1556 0.0310
64       64   (0)      7  : 0.3451 0.3283 0.2899 0.0000 0.0367
65       65   (0)      7  : 0.0446 0.7220 0.1852 0.0000 0.0482
66       66   (0)      7  : 0.0000 0.4832 0.4440 0.0728 0.0000
67       67   (0)      7  : 0.2096 0.3657 0.1447 0.0000 0.2800
68       68   (0)      7  : 0.7823 0.1149 0.0096 0.0000 0.0932
69       69   (0)      7  : 0.1783 0.4364 0.2765 0.1089 0.0000
70       70   (0)      7  : 0.0000 0.7373 0.2627 0.0000 0.0000
71       71   (0)      7  : 0.5406 0.1972 0.1296 0.0383 0.0943
72       72   (0)      7  : 0.5046 0.3912 0.1042 0.0000 0.0000
73       73   (0)      7  : 0.0356 0.7131 0.2328 0.0000 0.0185
74       74   (0)      7  : 0.0352 0.2187 0.1501 0.5961 0.0000
75       75   (0)      7  : 0.5016 0.4984 0.0000 0.0000 0.0000
76       76   (0)      7  : 0.4725 0.1925 0.0257 0.3093 0.0000
77       77   (0)      7  : 0.3887 0.3977 0.1443 0.0000 0.0693
78       78   (0)      7  : 0.2478 0.5669 0.1854 0.0000 0.0000
79       79   (0)      7  : 0.3581 0.3020 0.0837 0.2562 0.0000
80       80   (0)      7  : 0.0000 0.6372 0.3628 0.0000 0.0000
81       81   (0)      7  : 0.0000 0.5150 0.3079 0.1771 0.0000
82       82   (0)      7  : 0.0000 0.7214 0.1510 0.0000 0.1276
83       83   (0)      7  : 0.0000 0.7663 0.1834 0.0000 0.0503
84       84   (0)      7  : 0.0000 0.7805 0.2195 0.0000 0.0000
85       85   (0)      6  : 0.4217 0.0876 0.3603 0.0000 0.1304
86       86   (0)      6  : 0.2222 0.1651 0.3745 0.1406 0.0976
87       87   (0)      6  : 0.0943 0.0756 0.2564 0.5737 0.0000
88       88   (0)      6  : 0.5876 0.0000 0.4116 0.0007 0.0000
89       89   (0)      6  : 0.0000 0.0000 0.4428 0.5572 0.0000
90       90   (0)      6  : 0.3010 0.1813 0.4115 0.1063 0.0000
91       91   (0)      6  : 0.3394 0.0007 0.3552 0.2619 0.0428
92       92   (0)      6  : 0.0000 0.0000 0.6186 0.3814 0.0000
93       93   (0)      7  : 0.1672 0.2583 0.2213 0.3532 0.0000
94       94   (0)      7  : 0.0000 0.3976 0.6024 0.0000 0.0000
95       95   (0)      6  : 0.0798 0.0477 0.7052 0.0371 0.1304
96       96   (0)      6  : 0.0000 0.0000 1.0000 0.0000 0.0000
97       97   (0)      6  : 0.0000 0.2601 0.6879 0.0000 0.0520
98       98   (0)      6  : 0.0000 0.1631 0.5683 0.0702 0.1984
99       99   (0)      6  : 0.0000 0.0000 0.4278 0.4087 0.1635
100      100   (0)      6  : 0.2079 0.0000 0.5598 0.2323 0.0000
101      101   (0)      6  : 0.0000 0.0526 0.7997 0.0000 0.1477
102      102   (0)      6  : 0.1586 0.0000 0.6406 0.0000 0.2009
103      103   (0)      8  : 0.0000 0.3748 0.2477 0.3776 0.0000
104      104   (0)      8  : 0.2844 0.2406 0.0071 0.4679 0.0000
105      105   (0)      8  : 0.0000 0.3025 0.0646 0.6329 0.0000
106      106   (0)      8  : 0.6284 0.3370 0.0000 0.0346 0.0000
107      107   (0)      8  : 0.4901 0.5099 0.0000 0.0000 0.0000
108      108   (0)      8  : 0.0000 0.5122 0.0000 0.4449 0.0428
109      109   (0)      8  : 0.1457 0.2826 0.0000 0.5717 0.0000
110      110   (0)      8  : 0.0000 0.2399 0.0000 0.7601 0.0000
111      111   (0)      8  : 0.4137 0.3948 0.0397 0.1127 0.0391
112      112   (0)      8  : 0.2843 0.2663 0.0000 0.3651 0.0843
113      113   (0)      8  : 0.3944 0.2433 0.0000 0.3624 0.0000
114      114   (0)      8  : 0.2425 0.4117 0.0000 0.1018 0.2441
115      115   (0)      8  : 0.0000 0.6024 0.3976 0.0000 0.0000
116      116   (0)      8  : 0.0314 0.0255 0.0000 0.9431 0.0000
117      117   (0)      8  : 0.4079 0.4422 0.1169 0.0128 0.0201
118      118   (0)      8  : 0.5723 0.2625 0.0417 0.0361 0.0873
119      119   (0)      8  : 0.7374 0.2426 0.0000 0.0200 0.0000
120      120   (0)      8  : 0.6712 0.2385 0.0903 0.0000 0.0000
121      121   (0)      8  : 0.4213 0.2108 0.0000 0.3679 0.0000
122      122   (0)      8  : 0.0000 0.5041 0.0488 0.3686 0.0785
123      123   (0)      8  : 0.4760 0.2144 0.2031 0.1059 0.0007
124      124   (0)      8  : 0.0876 0.4793 0.3909 0.0000 0.0422
125      125   (0)      8  : 0.4639 0.2326 0.0000 0.0592 0.2444
126      126   (0)      3  : 0.0477 0.4419 0.0267 0.4837 0.0000
127      127   (0)      3  : 0.0708 0.0229 0.0000 0.8811 0.0252
128      128   (0)      3  : 0.5858 0.3439 0.0000 0.0703 0.0000
129      129   (0)      3  : 0.3898 0.2536 0.0000 0.3566 0.0000
130      130   (0)      3  : 0.0001 0.2912 0.0000 0.7087 0.0000
131      131   (0)      3  : 0.5611 0.4245 0.0144 0.0000 0.0000
132      132   (0)      3  : 0.4271 0.4065 0.0000 0.1664 0.0000
133      133   (0)      3  : 0.2783 0.4709 0.0000 0.2460 0.0047
134      134   (0)      3  : 0.2997 0.5092 0.1271 0.0639 0.0000
135      135   (0)      3  : 0.1702 0.6364 0.1864 0.0000 0.0070
136      136   (0)      3  : 0.4220 0.4414 0.0676 0.0690 0.0000
137      137   (0)      3  : 0.4325 0.3579 0.0791 0.1305 0.0000
138      138   (0)      3  : 0.5184 0.3905 0.0747 0.0164 0.0000
139      139   (0)      3  : 0.4891 0.2508 0.0000 0.1994 0.0607
140      140   (0)      3  : 0.0000 0.2383 0.0755 0.6862 0.0000
141      141   (0)      3  : 0.5798 0.3959 0.0000 0.0243 0.0000
142      142   (0)      3  : 0.3369 0.4247 0.0000 0.2384 0.0000
143      143   (0)      3  : 0.5960 0.4040 0.0000 0.0000 0.0000
144      144   (0)      3  : 0.0000 0.2284 0.0262 0.7455 0.0000
145      145   (0)      3  : 0.3421 0.4722 0.0000 0.1308 0.0549
146      146   (0)      3  : 0.5336 0.1913 0.0000 0.2751 0.0000
147      147   (0)      3  : 0.4914 0.4816 0.0148 0.0122 0.0000
148      148   (0)      3  : 0.4860 0.4554 0.0000 0.0000 0.0585
149      149   (0)      3  : 0.7208 0.2792 0.0000 0.0000 0.0000
150      150   (0)      3  : 0.3882 0.4179 0.0000 0.0000 0.1940
151      151   (0)      3  : 0.6094 0.3906 0.0000 0.0000 0.0000
152      152   (0)      3  : 0.0936 0.3738 0.0898 0.4429 0.0000
153      153   (0)      8  : 0.0000 0.3929 0.0000 0.4269 0.1803
154      154   (0)      8  : 0.0000 0.6169 0.3831 0.0000 0.0000
155      155   (0)      8  : 0.4720 0.2123 0.0000 0.3157 0.0000
156      156   (0)      8  : 0.3546 0.2399 0.2357 0.0000 0.1698
157      157   (0)      8  : 0.2250 0.2399 0.0594 0.4063 0.0694
158      158   (0)      8  : 0.1297 0.3702 0.1154 0.3847 0.0000
159      159   (0)      8  : 0.1494 0.3552 0.1125 0.2807 0.1022
160      160   (0)      1  : 0.6287 0.0219 0.3375 0.0119 0.0000
161      161   (0)      1  : 0.2855 0.0000 0.2003 0.3125 0.2016
162      162   (0)      1  : 0.7008 0.0000 0.1898 0.0000 0.1093
163      163   (0)      1  : 0.1187 0.0000 0.4494 0.4319 0.0000
164      164   (0)      1  : 0.7560 0.0000 0.1693 0.0353 0.0394
165      165   (0)      1  : 0.2988 0.1595 0.2517 0.2900 0.0000
166      166   (0)      1  : 0.6333 0.0000 0.3404 0.0263 0.0000
167      167   (0)      1  : 0.8712 0.0000 0.0355 0.0933 0.0000
168      168   (0)      2  : 0.1163 0.0000 0.0275 0.6654 0.1909
169      169   (0)      2  : 0.7117 0.2048 0.0835 0.0000 0.0000
170      170   (0)      2  : 0.6569 0.1477 0.1054 0.0899 0.0000
171      171   (0)      2  : 0.0000 0.2466 0.0000 0.5649 0.1885
172      172   (0)      2  : 0.7735 0.0433 0.0200 0.1632 0.0000
173      173   (0)      2  : 0.0000 0.1310 0.0000 0.8690 0.0000
174      174   (0)      2  : 0.3804 0.0000 0.3501 0.1864 0.0831
175      175   (0)      2  : 0.1235 0.1647 0.0000 0.1546 0.5572
176      176   (0)      1  : 0.3573 0.0652 0.1076 0.4697 0.0002
177      177   (0)      1  : 0.3308 0.0000 0.4901 0.0000 0.1791
178      178   (0)      1  : 0.0000 0.0725 0.4050 0.5226 0.0000
179      179   (0)      1  : 0.1350 0.0000 0.6317 0.2332 0.0000
180      180   (0)      1  : 0.0000 0.0000 0.4719 0.4609 0.0672
181      181   (0)      1  : 0.0000 0.0000 0.8885 0.0000 0.1115
182      182   (0)      2  : 0.0000 0.0000 0.2554 0.5456 0.1990
183      183   (0)      2  : 0.7462 0.0907 0.1507 0.0002 0.0122
184      184   (0)      2  : 0.0000 0.0000 0.0000 0.8019 0.1981
185      185   (0)      2  : 0.8918 0.0429 0.0000 0.0000 0.0653
186      186   (0)      2  : 0.0000 0.0000 0.0000 0.4110 0.5890
187      187   (0)      1  : 0.0000 0.0000 0.0670 0.5892 0.3438
188      188   (0)      1  : 0.3772 0.1953 0.4023 0.0000 0.0252
189      189   (0)      1  : 0.0000 0.0710 0.4117 0.2031 0.3142
190      190   (0)      1  : 0.3994 0.0000 0.5600 0.0000 0.0406
191      191   (0)      1  : 0.0000 0.0000 0.1883 0.7697 0.0420
192      192   (0)      1  : 0.3244 0.0000 0.5765 0.0000 0.0992
193      193   (0)      1  : 0.3443 0.0000 0.6060 0.0159 0.0337
194      194   (0)      1  : 0.0000 0.0446 0.4539 0.5015 0.0000
195      195   (0)      2  : 0.3556 0.0000 0.2175 0.4268 0.0000
196      196   (0)      2  : 0.0000 0.1769 0.0673 0.5767 0.1791
197      197   (0)      2  : 0.5584 0.0528 0.3389 0.0000 0.0499
198      198   (0)      2  : 0.4500 0.1804 0.2218 0.1478 0.0000
199      199   (0)      2  : 0.7564 0.0000 0.1630 0.0000 0.0806
200      200   (0)      2  : 0.1402 0.0000 0.0000 0.8476 0.0122
201      201   (0)      2  : 0.1013 0.0761 0.0494 0.5261 0.2471
202      202   (0)      2  : 0.7336 0.0460 0.1759 0.0000 0.0445
203      203   (0)      2  : 0.7196 0.0000 0.0928 0.1338 0.0538
204      204   (0)      2  : 0.8285 0.0030 0.0000 0.1201 0.0484
205      205   (0)      2  : 0.7643 0.0000 0.1920 0.0436 0.0000
206      206   (0)      2  : 0.4898 0.2866 0.0541 0.1591 0.0104
207      207   (0)      2  : 0.4943 0.0667 0.0108 0.4046 0.0237
208      208   (0)      9  : 0.3380 0.0000 0.0294 0.5652 0.0674
209      209   (0)      9  : 0.0000 0.0853 0.1360 0.7001 0.0786
210      210   (0)      9  : 0.5499 0.0434 0.0000 0.0000 0.4067
211      211   (0)      9  : 0.0001 0.0307 0.1828 0.4519 0.3345
212      212   (0)      9  : 0.0000 0.0699 0.0000 0.5643 0.3658
213      213   (0)      9  : 0.6524 0.0499 0.0001 0.0000 0.2976
214      214   (0)      9  : 0.2013 0.0264 0.0000 0.4814 0.2909
215      215   (0)      9  : 0.6729 0.0000 0.0000 0.0000 0.3271
216      216   (0)      9  : 0.0000 0.0000 0.0000 0.0000 1.0000
217      217   (0)      9  : 0.8129 0.0530 0.0694 0.0000 0.0647
218      218   (0)      9  : 0.0000 0.3433 0.0000 0.2725 0.3842
219      219   (0)      9  : 0.7882 0.0000 0.0000 0.0000 0.2118
220      220   (0)      9  : 0.0818 0.0000 0.0008 0.6571 0.2603
221      221   (0)      9  : 0.6634 0.0000 0.0023 0.2387 0.0956
222      222   (0)      9  : 0.3841 0.0000 0.0875 0.4773 0.0511
223      223   (0)      9  : 0.0000 0.0488 0.0000 0.8118 0.1394
224      224   (0)      9  : 0.7321 0.0140 0.0000 0.0000 0.2539
225      225   (0)      9  : 0.9777 0.0223 0.0000 0.0000 0.0000
226      226   (0)      9  : 0.6010 0.0194 0.2477 0.0025 0.1294
227      227   (0)      9  : 0.2973 0.0000 0.0023 0.0000 0.7004
228      228   (0)      9  : 0.5605 0.0000 0.0000 0.2566 0.1829
229      229   (0)      9  : 0.8728 0.0398 0.0031 0.0000 0.0843
230      230   (0)      9  : 0.6048 0.0000 0.0808 0.0000 0.3144
231      231   (0)      9  : 0.6372 0.0000 0.2689 0.0000 0.0939
232      232   (0)      9  : 0.3825 0.0000 0.0027 0.5015 0.1133
233      233   (0)      9  : 0.2301 0.0000 0.2005 0.0941 0.4753
234      234   (0)      9  : 0.7523 0.0000 0.0000 0.0000 0.2477
235      235   (0)      9  : 0.4667 0.0000 0.0000 0.2772 0.2561
236      236   (0)      9  : 0.5209 0.0293 0.2442 0.0663 0.1393
237      237   (0)     10  : 0.3288 0.1392 0.2691 0.0691 0.1937
238      238   (0)     10  : 0.6623 0.0000 0.1228 0.0000 0.2149
239      239   (0)     10  : 0.9275 0.0000 0.0000 0.0000 0.0725
240      240   (0)     10  : 0.0027 0.0000 0.0000 0.8829 0.1143
241      241   (0)     10  : 0.0000 0.0000 0.0683 0.7444 0.1873
242      242   (0)     10  : 0.6956 0.0513 0.0424 0.0000 0.2107
243      243   (0)     10  : 0.9297 0.0000 0.0001 0.0000 0.0702
244      244   (0)     10  : 0.0000 0.0000 0.2345 0.2859 0.4796
245      245   (0)     10  : 0.1802 0.0000 0.1452 0.2116 0.4630
246      246   (0)     10  : 0.0000 0.2872 0.1315 0.0000 0.5813
247      247   (0)     10  : 0.5156 0.0037 0.2037 0.0000 0.2770
248      248   (0)     10  : 0.4426 0.3349 0.0788 0.0000 0.1437
249      249   (0)     10  : 0.5450 0.0089 0.3358 0.0000 0.1103
250      250   (0)     10  : 0.2468 0.1743 0.3407 0.2382 0.0000
251      251   (0)     10  : 0.0000 0.0000 0.6796 0.0000 0.3204
252      252   (0)     10  : 0.3105 0.1756 0.0794 0.2803 0.1542
253      253   (0)     10  : 0.4923 0.0000 0.0025 0.0000 0.5052
254      254   (0)     10  : 0.2447 0.0000 0.1427 0.3854 0.2272
255      255   (0)     10  : 0.0000 0.2027 0.4576 0.0000 0.3397
256      256   (0)     10  : 0.0707 0.0319 0.4640 0.0000 0.4334
257      257   (0)     10  : 0.0000 0.0719 0.2163 0.7046 0.0072
258      258   (0)     10  : 0.1274 0.0030 0.3841 0.0000 0.4854
259      259   (0)     10  : 0.0000 0.0712 0.1890 0.5187 0.2212
260      260   (0)     10  : 0.6526 0.0000 0.0223 0.0000 0.3250
261      261   (0)     10  : 0.0000 0.0000 0.0333 0.6375 0.3292
262      262   (0)     10  : 0.4198 0.0000 0.2165 0.0000 0.3637
263      263   (0)     10  : 0.1394 0.1517 0.4676 0.0000 0.2413
264      264   (0)     11  : 0.0000 0.6103 0.0000 0.0000 0.3897
265      265   (0)     11  : 0.3203 0.0000 0.0000 0.0000 0.6797
266      266   (0)     11  : 0.0000 0.7664 0.0000 0.0000 0.2336
267      267   (0)     11  : 0.0000 0.3982 0.0000 0.3903 0.2115
268      268   (0)     11  : 0.0000 0.3931 0.0000 0.0000 0.6069
269      269   (0)     11  : 0.0000 0.5230 0.0000 0.0000 0.4770
270      270   (0)     11  : 0.1517 0.5101 0.0000 0.0000 0.3382
271      271   (0)     11  : 0.0000 0.1671 0.0000 0.0000 0.8329
272      272   (0)     11  : 0.0000 0.3107 0.0000 0.0000 0.6893
273      273   (0)     12  : 0.7001 0.0353 0.0000 0.2220 0.0426
274      274   (0)     12  : 0.1843 0.0107 0.0000 0.7087 0.0963
275      275   (0)     12  : 0.5132 0.0000 0.0000 0.4476 0.0392
276      276   (0)     12  : 0.0000 0.0000 0.0000 0.9401 0.0599
277      277   (0)     12  : 0.4340 0.0000 0.1131 0.0000 0.4529
278      278   (0)     12  : 0.3223 0.0175 0.0013 0.5469 0.1120
279      279   (0)     12  : 0.0423 0.0000 0.0000 0.9577 0.0000
280      280   (0)     12  : 0.7906 0.0504 0.1589 0.0001 0.0000
281      281   (0)     12  : 0.2624 0.0001 0.1114 0.4573 0.1688
282      282   (0)     12  : 0.0000 0.4579 0.3814 0.0000 0.1607
283      283   (0)     12  : 0.7814 0.0198 0.0000 0.1644 0.0344
284      284   (0)     12  : 0.0000 0.2079 0.0000 0.7921 0.0000
285      285   (0)     12  : 0.0232 0.0000 0.0000 0.9293 0.0475
286      286   (0)     12  : 0.0000 0.0000 0.0000 0.3130 0.6870
287      287   (0)     12  : 0.5439 0.0000 0.0482 0.2673 0.1406
288      288   (0)     12  : 0.3551 0.0000 0.0000 0.2337 0.4113
289      289   (0)     12  : 0.7591 0.0000 0.0115 0.0110 0.2184
290      290   (0)     12  : 0.0000 0.1310 0.2049 0.1547 0.5095
291      291   (0)     12  : 0.5956 0.1164 0.0000 0.0688 0.2192
292      292   (0)     12  : 0.7690 0.0000 0.0000 0.0000 0.2310
293      293   (0)     12  : 0.1416 0.0000 0.0000 0.4631 0.3953
294      294   (0)     12  : 0.1835 0.0000 0.1038 0.4496 0.2631
295      295   (0)     12  : 0.3878 0.0000 0.0054 0.4388 0.1680
296      296   (0)     12  : 0.5600 0.0828 0.0000 0.0000 0.3573
297      297   (0)     12  : 0.2483 0.0000 0.0000 0.6100 0.1417
298      298   (0)     12  : 0.0000 0.0000 0.1484 0.7223 0.1293
299      299   (0)     12  : 0.2367 0.1300 0.2562 0.3152 0.0620
300      300   (0)     12  : 0.0000 0.0000 0.0000 0.9440 0.0560
