1        1   (0)      1  : 0.1078 0.0235 0.0000 0.4231 0.4279 0.0178
2        2   (0)      1  : 0.3901 0.0055 0.1180 0.3783 0.0836 0.0245
3        3   (0)      1  : 0.0000 0.4978 0.0000 0.0274 0.1768 0.2980
4        4   (0)      1  : 0.0344 0.0000 0.0000 0.6787 0.2869 0.0000
5        5   (0)      1  : 0.0006 0.0179 0.0676 0.7200 0.0000 0.1939
6        6   (0)      1  : 0.2935 0.1719 0.0000 0.0521 0.3756 0.1068
7        7   (0)      2  : 0.0516 0.0000 0.0000 0.9484 0.0000 0.0000
8        8   (0)      1  : 0.3503 0.0078 0.0000 0.6360 0.0000 0.0059
9        9   (0)      3  : 0.0105 0.0000 0.5568 0.0000 0.4322 0.0006
10       10   (0)      4  : 0.0000 0.0000 0.2089 0.0135 0.0000 0.7776
11       11   (0)      4  : 0.4522 0.0000 0.4281 0.0619 0.0579 0.0000
12       12   (0)      4  : 0.0000 0.0376 0.3080 0.1134 0.3815 0.1595
13       13   (0)      4  : 0.0000 0.0000 0.0000 0.0000 0.0000 1.0000
14       14   (0)      4  : 0.2690 0.0000 0.5146 0.1471 0.0000 0.0693
15       15   (0)      4  : 0.1738 0.4576 0.0000 0.0000 0.3521 0.0165
16       16   (0)      5  : 0.3614 0.0000 0.2605 0.1572 0.2209 0.0000
17       17   (0)      4  : 0.0000 0.0188 0.4547 0.0989 0.3989 0.0286
18       18   (0)      5  : 0.3389 0.0000 0.4173 0.1925 0.0156 0.0356
19       19   (0)      5  : 0.3407 0.0000 0.6515 0.0078 0.0000 0.0000
20       20   (0)      5  : 0.0000 0.0000 0.6682 0.0640 0.2679 0.0000
21       21   (0)      5  : 0.2646 0.0000 0.7354 0.0000 0.0000 0.0000
22       22   (0)      5  : 0.0000 0.0050 0.3794 0.0000 0.5238 0.0919
23       23   (0)      5  : 0.0000 0.0000 0.6420 0.0000 0.3580 0.0000
24       24   (0)      5  : 0.1493 0.0158 0.4192 0.1508 0.1537 0.1113
25       25   (0)      5  : 0.0000 0.0125 0.6350 0.0000 0.3421 0.0103
26       26   (0)      5  : 0.1530 0.0000 0.7311 0.1159 0.0000 0.0000
27       27   (0)      5  : 0.0011 0.0000 0.5309 0.0000 0.3964 0.0716
28       28   (0)      5  : 0.0143 0.0000 0.8200 0.0000 0.0000 0.1657
29       29   (0)      5  : 0.7413 0.0000 0.2586 0.0000 0.0000 0.0001
30       30   (0)      5  : 0.3050 0.0000 0.4266 0.0988 0.1695 0.0000
31       31   (0)      5  : 0.0001 0.0160 0.6499 0.0000 0.1992 0.1348
32       32   (0)      5  : 0.4927 0.0000 0.1087 0.0000 0.3784 0.0203
33       33   (0)      5  : 0.3367 0.0000 0.3206 0.0000 0.3428 0.0000
34       34   (0)      5  : 0.6145 0.0000 0.2950 0.0118 0.0786 0.0000
35       35   (0)      5  : 0.1728 0.0000 0.8212 0.0000 0.0000 0.0060
36       36   (0)      5  : 0.2613 0.0000 0.5797 0.0000 0.1497 0.0093
37       37   (0)      5  : 0.0000 0.0000 0.7452 0.1127 0.1072 0.0349
38       38   (0)      5  : 0.2803 0.0000 0.4154 0.0000 0.0007 0.3035
39       39   (0)      5  : 0.4102 0.0000 0.4779 0.0000 0.0000 0.1118
40       40   (0)      5  : 0.0000 0.0000 0.5487 0.0000 0.3798 0.0715
41       41   (0)      5  : 0.5815 0.0000 0.4185 0.0000 0.0000 0.0000
42       42   (0)      5  : 0.0000 0.6375 0.0000 0.1734 0.1461 0.0430
43       43   (0)      5  : 0.0000 0.0000 0.4272 0.1626 0.3157 0.0944
44       44   (0)      4  : 0.0000 0.0000 0.5182 0.0000 0.0000 0.4818
45       45   (0)      4  : 0.3128 0.0347 0.2329 0.1777 0.1277 0.1143
46       46   (0)      4  : 0.0000 0.0251 0.2923 0.0310 0.6516 0.0000
47       47   (0)      4  : 0.5801 0.0000 0.2658 0.0090 0.0000 0.1451
48       48   (0)      5  : 0.2828 0.0277 0.1825 0.0373 0.2893 0.1805
49       49   (0)      4  : 0.0000 0.0000 0.4325 0.0000 0.5675 0.0000
50       50   (0)      4  : 0.1720 0.4372 0.0000 0.0246 0.2620 0.1043
51       51   (0)      4  : 0.2709 0.0559 0.4815 0.1917 0.0000 0.0000
52       52   (0)      4  : 0.0061 0.5825 0.0263 0.0066 0.3214 0.0570
53       53   (0)      4  : 0.2525 0.0000 0.5443 0.0728 0.0000 0.1304
54       54   (0)      4  : 0.1946 0.5441 0.0220 0.0112 0.1885 0.0396
55       55   (0)      4  : 0.3342 0.4058 0.0568 0.0000 0.1127 0.0905
56       56   (0)      4  : 0.0827 0.0000 0.5997 0.0286 0.0646 0.2243
57       57   (0)      5  : 0.4228 0.0376 0.2060 0.0405 0.0992 0.1939
58       58   (0)      4  : 0.2922 0.4036 0.0010 0.0000 0.2816 0.0215
59       59   (0)      4  : 0.0000 0.5333 0.0300 0.0564 0.2609 0.1195
60       60   (0)      4  : 0.5021 0.0042 0.2169 0.0205 0.2052 0.0511
61       61   (0)      5  : 0.0640 0.0000 0.3655 0.2572 0.3075 0.0057
62       62   (0)      6  : 0.0137 0.3404 0.0169 0.1889 0.1998 0.2403
63       63   (0)      6  : 0.0031 0.6146 0.0000 0.1247 0.2250 0.0325
64       64   (0)      6  : 0.0000 0.0000 0.0000 0.8998 0.0000 0.1002
65       65   (0)      6  : 0.2490 0.0000 0.3400 0.1312 0.2797 0.0000
66       66   (0)      6  : 0.0000 0.0000 0.0000 0.0000 0.0000 1.0000
67       67   (0)      6  : 0.0000 0.0000 0.0000 0.6810 0.3190 0.0000
68       68   (0)      6  : 0.2140 0.0000 0.0672 0.3709 0.3416 0.0064
69       69   (0)      6  : 0.2874 0.0004 0.1064 0.1472 0.4585 0.0000
70       70   (0)      6  : 0.0000 0.0000 0.1125 0.1562 0.7110 0.0203
71       71   (0)      6  : 0.1972 0.0000 0.1829 0.2636 0.3563 0.0000
72       72   (0)      7  : 0.4977 0.0000 0.3630 0.0784 0.0000 0.0609
73       73   (0)      7  : 0.5499 0.0071 0.1615 0.2327 0.0488 0.0000
74       74   (0)      7  : 0.2699 0.0073 0.2506 0.2257 0.1089 0.1376
75       75   (0)      7  : 0.3585 0.0429 0.3269 0.2623 0.0000 0.0094
76       76   (0)      7  : 0.0202 0.0000 0.8290 0.1508 0.0000 0.0000
77       77   (0)      7  : 0.0836 0.0163 0.3726 0.2804 0.0369 0.2103
78       78   (0)      7  : 0.1540 0.0000 0.4531 0.3929 0.0000 0.0000
79       79   (0)      7  : 0.7141 0.0000 0.1656 0.1204 0.0000 0.0000
80       80   (0)      7  : 0.2329 0.0000 0.5057 0.2367 0.0247 0.0000
81       81   (0)      7  : 0.0000 0.0000 0.7703 0.1608 0.0000 0.0689
82       82   (0)      7  : 0.5427 0.0715 0.1118 0.1679 0.0168 0.0894
83       83   (0)      7  : 0.1581 0.5452 0.0000 0.2343 0.0146 0.0478
84       84   (0)      7  : 0.4664 0.0000 0.4271 0.1059 0.0000 0.0006
85       85   (0)      7  : 0.0063 0.0000 0.7557 0.2214 0.0000 0.0166
86       86   (0)      7  : 0.2996 0.4492 0.0000 0.0221 0.1959 0.0332
87       87   (0)      7  : 0.1019 0.0000 0.2903 0.1348 0.4731 0.0000
88       88   (0)      7  : 0.0150 0.5074 0.0000 0.0062 0.3175 0.1539
89       89   (0)      7  : 0.4328 0.0049 0.4738 0.0000 0.0000 0.0885
90       90   (0)      7  : 0.3928 0.0000 0.2335 0.0331 0.3407 0.0000
91       91   (0)      7  : 0.4422 0.0000 0.4690 0.0889 0.0000 0.0000
92       92   (0)      7  : 0.2032 0.0227 0.4488 0.1097 0.0000 0.2156
93       93   (0)      7  : 0.3812 0.0000 0.3028 0.0716 0.1929 0.0515
94       94   (0)      7  : 0.0062 0.0000 0.6365 0.2508 0.0000 0.1065
95       95   (0)      7  : 0.0314 0.0185 0.4684 0.1346 0.1596 0.1876
96       96   (0)      7  : 0.0000 0.0000 0.7452 0.2162 0.0000 0.0386
97       97   (0)      7  : 0.0000 0.0000 0.7397 0.0768 0.0000 0.1835
98       98   (0)      7  : 0.0000 0.0000 0.7428 0.0516 0.0000 0.2056
99       99   (0)      7  : 0.1606 0.4816 0.0148 0.2941 0.0000 0.0488
100      100   (0)      6  : 0.3936 0.0000 0.1267 0.4666 0.0000 0.0131
101      101   (0)      6  : 0.1387 0.0000 0.1690 0.4930 0.1416 0.0577
102      102   (0)      6  : 0.1245 0.0000 0.0000 0.1142 0.5893 0.1719
103      103   (0)      6  : 0.5431 0.0000 0.0024 0.4458 0.0000 0.0087
104      104   (0)      6  : 0.0000 0.0014 0.0000 0.3130 0.6405 0.0450
105      105   (0)      6  : 0.2255 0.0000 0.1339 0.4718 0.0691 0.0998
106      106   (0)      6  : 0.3201 0.0000 0.0098 0.3939 0.2629 0.0132
107      107   (0)      6  : 0.0304 0.0275 0.0524 0.5866 0.2961 0.0069
108      108   (0)      6  : 0.0719 0.5184 0.0000 0.2696 0.0757 0.0644
109      109   (0)      7  : 0.2101 0.0015 0.3037 0.1914 0.2918 0.0015
110      110   (0)      7  : 0.0000 0.0000 0.0000 0.0000 0.0000 1.0000
111      111   (0)      8  : 0.0607 0.0000 0.0000 0.6434 0.0138 0.2820
112      112   (0)      6  : 0.0000 0.0000 0.0000 0.9975 0.0000 0.0025
113      113   (0)      6  : 0.0000 0.5318 0.0000 0.3003 0.0087 0.1592
114      114   (0)      6  : 0.0000 0.0000 0.3115 0.6617 0.0000 0.0268
115      115   (0)      6  : 0.0000 0.4512 0.0000 0.3385 0.0000 0.2104
116      116   (0)      6  : 0.0000 0.0150 0.1742 0.6237 0.1056 0.0815
117      117   (0)      6  : 0.0000 0.0000 0.0000 0.5994 0.3985 0.0021
118      118   (0)      6  : 0.1876 0.0000 0.0000 0.6467 0.1657 0.0000
119      119   (0)      6  : 0.0000 0.0000 0.1020 0.8822 0.0000 0.0158
120      120   (0)      6  : 0.0793 0.0000 0.0000 0.8722 0.0484 0.0000
121      121   (0)      6  : 0.0000 0.5428 0.0000 0.3709 0.0000 0.0863
122      122   (0)      9  : 0.0000 0.0274 0.2700 0.1029 0.3827 0.2170
123      123   (0)      9  : 0.2856 0.0089 0.2162 0.0000 0.4265 0.0627
124      124   (0)      9  : 0.0000 0.0149 0.1727 0.0067 0.6390 0.1666
125      125   (0)      9  : 0.6042 0.0000 0.3335 0.0000 0.0302 0.0322
126      126   (0)      9  : 0.4489 0.0000 0.4614 0.0000 0.0000 0.0897
127      127   (0)      9  : 0.0000 0.0000 0.4837 0.0000 0.4285 0.0878
128      128   (0)      9  : 0.1711 0.0000 0.1941 0.0000 0.5287 0.1061
129      129   (0)      9  : 0.0000 0.0051 0.2070 0.0000 0.7065 0.0814
130      130   (0)      9  : 0.3359 0.0000 0.2568 0.0512 0.1182 0.2379
131      131   (0)      9  : 0.2093 0.0000 0.3315 0.0808 0.3785 0.0000
132      132   (0)      9  : 0.3883 0.0000 0.1636 0.0000 0.3514 0.0967
133      133   (0)      9  : 0.1950 0.0000 0.4463 0.1843 0.1601 0.0144
134      134   (0)      9  : 0.0000 0.0000 0.0000 0.0000 0.0000 1.0000
135      135   (0)      9  : 0.0589 0.0000 0.0246 0.0000 0.9165 0.0000
136      136   (0)      9  : 0.4351 0.0065 0.3265 0.0384 0.0000 0.1936
137      137   (0)      9  : 0.5343 0.0000 0.2675 0.1668 0.0169 0.0146
138      138   (0)      9  : 0.7063 0.0017 0.2738 0.0000 0.0182 0.0000
139      139   (0)      9  : 0.6900 0.0000 0.2259 0.0454 0.0000 0.0386
140      140   (0)      9  : 0.4227 0.0000 0.2066 0.0000 0.3426 0.0280
141      141   (0)      9  : 0.0000 0.0000 0.5972 0.0397 0.3631 0.0000
142      142   (0)      9  : 0.5232 0.0000 0.2298 0.1780 0.0599 0.0091
143      143   (0)      9  : 0.0000 0.0000 0.0000 0.0000 0.0000 1.0000
144      144   (0)      9  : 0.3402 0.0276 0.2504 0.1203 0.2061 0.0554
145      145   (0)      3  : 0.0205 0.0000 0.3928 0.0000 0.4634 0.1233
146      146   (0)      3  : 0.2877 0.4021 0.0354 0.0000 0.2670 0.0077
147      147   (0)      3  : 0.0388 0.0000 0.0816 0.0000 0.8795 0.0000
148      148   (0)      3  : 0.5773 0.0435 0.2977 0.0000 0.0359 0.0457
149      149   (0)      3  : 0.4288 0.0000 0.3003 0.0000 0.2709 0.0000
150      150   (0)      3  : 0.0000 0.0103 0.2498 0.0000 0.6675 0.0723
151      151   (0)      3  : 0.5595 0.0000 0.3709 0.0000 0.0000 0.0696
152      152   (0)      3  : 0.4833 0.0000 0.3155 0.0000 0.0879 0.1133
153      153   (0)      3  : 0.1976 0.0114 0.5356 0.0000 0.2554 0.0000
154      154   (0)      3  : 0.3203 0.0000 0.4285 0.0000 0.0353 0.2159
155      155   (0)      3  : 0.1908 0.0609 0.5570 0.0000 0.0000 0.1913
156      156   (0)      3  : 0.4418 0.0568 0.3953 0.0000 0.0000 0.1060
157      157   (0)      3  : 0.5186 0.0103 0.2710 0.0115 0.0386 0.1499
158      158   (0)      3  : 0.4941 0.0000 0.4550 0.0456 0.0000 0.0053
159      159   (0)      3  : 0.4664 0.5336 0.0000 0.0000 0.0000 0.0000
160      160   (0)      3  : 0.4700 0.0000 0.1858 0.0390 0.2186 0.0867
161      161   (0)      3  : 0.0061 0.0000 0.1665 0.0000 0.6925 0.1348
162      162   (0)      3  : 0.6021 0.0000 0.3977 0.0000 0.0000 0.0002
163      163   (0)      3  : 0.2925 0.0000 0.4740 0.0000 0.2335 0.0000
164      164   (0)      3  : 0.5415 0.0000 0.4410 0.0000 0.0000 0.0175
165      165   (0)      3  : 0.0000 0.0000 0.1569 0.0000 0.7063 0.1368
166      166   (0)      3  : 0.3270 0.0000 0.5397 0.0000 0.1333 0.0000
167      167   (0)      3  : 0.5902 0.0000 0.1681 0.0000 0.2279 0.0138
168      168   (0)      3  : 0.4507 0.0003 0.3534 0.0000 0.0094 0.1862
169      169   (0)      3  : 0.5114 0.0000 0.4867 0.0000 0.0000 0.0019
170      170   (0)      3  : 0.7210 0.0000 0.2473 0.0000 0.0000 0.0317
171      171   (0)      3  : 0.3665 0.0000 0.4919 0.1246 0.0170 0.0000
172      172   (0)      3  : 0.5817 0.0000 0.3640 0.0000 0.0000 0.0542
173      173   (0)      3  : 0.2102 0.0000 0.3843 0.0272 0.3381 0.0401
174      174   (0)      9  : 0.0000 0.0000 0.4698 0.0603 0.4699 0.0000
175      175   (0)      9  : 0.0000 0.0000 0.1083 0.0000 0.0000 0.8917
176      176   (0)      9  : 0.5106 0.0006 0.1821 0.0000 0.2627 0.0441
177      177   (0)      9  : 0.4040 0.0000 0.2144 0.2859 0.0000 0.0957
178      178   (0)      9  : 0.2583 0.0000 0.2430 0.1046 0.3762 0.0179
179      179   (0)      9  : 0.1589 0.0031 0.3536 0.0642 0.3574 0.0629
180      180   (0)      9  : 0.1569 0.0000 0.3091 0.1591 0.2873 0.0875
181      181   (0)      1  : 0.6799 0.0000 0.0452 0.2749 0.0000 0.0000
182      182   (0)      1  : 0.2691 0.0056 0.0000 0.3400 0.3840 0.0013
183      183   (0)      1  : 0.6927 0.0000 0.0032 0.2991 0.0000 0.0050
184      184   (0)      1  : 0.1988 0.0201 0.0000 0.3823 0.3932 0.0056
185      185   (0)      1  : 0.6999 0.0000 0.0000 0.2477 0.0524 0.0000
186      186   (0)      1  : 0.2515 0.0000 0.2102 0.2129 0.2818 0.0436
187      187   (0)      1  : 0.6535 0.0000 0.0000 0.3321 0.0144 0.0000
188      188   (0)      1  : 0.8971 0.0000 0.0000 0.0276 0.0753 0.0000
189      189   (0)      2  : 0.1725 0.0028 0.0000 0.1161 0.6941 0.0146
190      190   (0)      2  : 0.7019 0.0000 0.2115 0.0615 0.0000 0.0251
191      191   (0)      2  : 0.6799 0.0000 0.1289 0.0757 0.0812 0.0343
192      192   (0)      2  : 0.0000 0.0000 0.3159 0.1162 0.5679 0.0000
193      193   (0)      2  : 0.8445 0.0000 0.0000 0.0000 0.1012 0.0543
194      194   (0)      2  : 0.0000 0.0000 0.1380 0.0000 0.8498 0.0122
195      195   (0)      2  : 0.2759 0.0000 0.0043 0.4795 0.2403 0.0000
196      196   (0)      2  : 0.0940 0.0000 0.3261 0.2174 0.3625 0.0000
197      197   (0)      1  : 0.3617 0.0000 0.0858 0.0646 0.4878 0.0000
198      198   (0)      1  : 0.3673 0.0000 0.0000 0.6327 0.0000 0.0000
199      199   (0)      1  : 0.0000 0.0000 0.0434 0.3368 0.5346 0.0852
200      200   (0)      1  : 0.0000 0.0000 0.0000 0.7657 0.2343 0.0000
201      201   (0)      1  : 0.0000 0.0000 0.0000 0.5275 0.4690 0.0035
202      202   (0)      1  : 0.0000 0.0000 0.0000 1.0000 0.0000 0.0000
203      203   (0)      2  : 0.0060 0.2569 0.0152 0.0257 0.5029 0.1934
204      204   (0)      2  : 0.0000 0.0000 0.0259 0.3853 0.5888 0.0000
205      205   (0)      2  : 0.0000 0.5552 0.0245 0.0000 0.3045 0.1158
206      206   (0)      2  : 0.7745 0.0000 0.0617 0.1019 0.0001 0.0618
207      207   (0)      2  : 0.0220 0.0322 0.0000 0.0558 0.8901 0.0000
208      208   (0)      2  : 0.9697 0.0132 0.0055 0.0000 0.0000 0.0116
209      209   (0)      2  : 0.0000 0.0000 0.1669 0.2064 0.6266 0.0000
210      210   (0)      1  : 0.0000 0.0000 0.0000 0.3335 0.6665 0.0000
211      211   (0)      1  : 0.2503 0.0000 0.1367 0.4868 0.0000 0.1262
212      212   (0)      1  : 0.0000 0.0000 0.0891 0.6649 0.2459 0.0000
213      213   (0)      1  : 0.4072 0.0000 0.0000 0.5854 0.0000 0.0075
214      214   (0)      1  : 0.0000 0.0000 0.0000 0.1953 0.8047 0.0000
215      215   (0)      1  : 0.2600 0.0000 0.0000 0.7400 0.0000 0.0000
216      216   (0)      1  : 0.2704 0.0000 0.0000 0.7260 0.0036 0.0000
217      217   (0)      1  : 0.0000 0.0000 0.0332 0.4256 0.4962 0.0451
218      218   (0)      2  : 0.3559 0.0000 0.0000 0.1924 0.4517 0.0000
219      219   (0)      2  : 0.0000 0.0000 0.2155 0.1952 0.5893 0.0000
220      220   (0)      2  : 0.5954 0.0000 0.0434 0.3499 0.0000 0.0113
221      221   (0)      2  : 0.4159 0.0000 0.2267 0.2173 0.1401 0.0000
222      222   (0)      2  : 0.7056 0.0009 0.0015 0.2444 0.0000 0.0476
223      223   (0)      2  : 0.1479 0.0000 0.0161 0.0000 0.8360 0.0000
224      224   (0)      2  : 0.1958 0.0000 0.1280 0.1227 0.5535 0.0000
225      225   (0)      2  : 0.6752 0.0000 0.0776 0.2472 0.0000 0.0000
226      226   (0)      2  : 0.7492 0.0000 0.0000 0.1290 0.1218 0.0000
227      227   (0)      2  : 0.8035 0.0000 0.0520 0.0021 0.1423 0.0000
228      228   (0)      2  : 0.8046 0.0000 0.0000 0.1497 0.0457 0.0000
229      229   (0)      2  : 0.2021 0.4387 0.0000 0.0321 0.3126 0.0145
230      230   (0)      2  : 0.4578 0.0002 0.2331 0.0690 0.1455 0.0944
231      231   (0)      2  : 0.4614 0.0000 0.0865 0.0209 0.4224 0.0089
232      232   (0)     10  : 0.4163 0.0113 0.0000 0.0000 0.5657 0.0067
233      233   (0)     10  : 0.0196 0.0000 0.0000 0.0033 0.7933 0.1839
234      234   (0)     10  : 0.4954 0.0000 0.0543 0.3686 0.0494 0.0323
235      235   (0)     10  : 0.0284 0.0090 0.0707 0.3936 0.4981 0.0003
236      236   (0)     10  : 0.0000 0.0000 0.0000 0.0000 0.8023 0.1977
237      237   (0)     10  : 0.4975 0.0000 0.0607 0.2184 0.2181 0.0052
238      238   (0)     10  : 0.2712 0.0000 0.0307 0.0000 0.6564 0.0417
239      239   (0)     10  : 0.7173 0.0000 0.0000 0.2683 0.0144 0.0000
240      240   (0)     10  : 0.0000 0.0000 0.0985 0.3687 0.5329 0.0000
241      241   (0)     10  : 0.8896 0.0000 0.0101 0.0082 0.0000 0.0920
242      242   (0)     10  : 0.0000 0.0000 0.3671 0.0000 0.5253 0.1076
243      243   (0)     10  : 0.8474 0.0000 0.0000 0.0444 0.1083 0.0000
244      244   (0)     10  : 0.1234 0.0231 0.0000 0.1307 0.7176 0.0053
245      245   (0)     10  : 0.7091 0.0000 0.0284 0.0220 0.2405 0.0000
246      246   (0)     10  : 0.5212 0.0000 0.0000 0.0551 0.4237 0.0000
247      247   (0)     10  : 0.0010 0.0227 0.0751 0.0000 0.8865 0.0147
248      248   (0)     10  : 0.9284 0.0000 0.0492 0.0034 0.0000 0.0190
249      249   (0)     10  : 0.9747 0.0000 0.0139 0.0000 0.0000 0.0114
250      250   (0)     10  : 0.7239 0.0000 0.0342 0.2246 0.0122 0.0052
251      251   (0)     10  : 0.3408 0.0000 0.0000 0.5481 0.0965 0.0147
252      252   (0)     10  : 0.5860 0.0123 0.0000 0.0000 0.4016 0.0000
253      253   (0)     10  : 0.9443 0.0000 0.0555 0.0000 0.0000 0.0002
254      254   (0)     10  : 0.6901 0.0000 0.0000 0.3023 0.0076 0.0000
255      255   (0)     10  : 0.8181 0.0000 0.0000 0.1819 0.0000 0.0000
256      256   (0)     10  : 0.0350 0.5722 0.0000 0.0000 0.3928 0.0000
257      257   (0)     10  : 0.5111 0.0000 0.0000 0.0135 0.4753 0.0000
258      258   (0)     10  : 0.3041 0.0000 0.0000 0.3372 0.3587 0.0000
259      259   (0)     10  : 0.7620 0.0000 0.0000 0.0089 0.2291 0.0000
260      260   (0)     10  : 0.4784 0.0145 0.0000 0.1411 0.3660 0.0000
261      261   (0)     10  : 0.6524 0.0123 0.0215 0.1485 0.1137 0.0517
262      262   (0)     11  : 0.3709 0.0214 0.1241 0.3778 0.0620 0.0438
263      263   (0)     11  : 0.7526 0.0000 0.0000 0.2095 0.0379 0.0000
264      264   (0)     11  : 1.0000 0.0000 0.0000 0.0000 0.0000 0.0000
265      265   (0)     11  : 0.0959 0.5547 0.0000 0.2832 0.0000 0.0662
266      266   (0)     11  : 0.0474 0.0000 0.0000 0.0000 0.9526 0.0000
267      267   (0)     11  : 0.0037 0.7137 0.0000 0.2825 0.0000 0.0001
268      268   (0)     11  : 0.0684 0.0000 0.0000 0.0219 0.9037 0.0060
269      269   (0)     11  : 0.8238 0.0000 0.0363 0.0599 0.0426 0.0373
270      270   (0)     11  : 0.9516 0.0000 0.0000 0.0484 0.0000 0.0000
271      271   (0)     11  : 0.0000 0.0000 0.0000 0.4084 0.5916 0.0000
272      272   (0)     11  : 0.2643 0.0012 0.0008 0.4201 0.3136 0.0000
273      273   (0)     11  : 0.0000 0.1510 0.2487 0.4407 0.0000 0.1595
274      274   (0)     11  : 0.0000 0.5039 0.0000 0.1606 0.3355 0.0000
275      275   (0)     11  : 0.6332 0.0000 0.0000 0.2489 0.0870 0.0309
276      276   (0)     11  : 0.5010 0.2007 0.1234 0.0216 0.0000 0.1533
277      277   (0)     11  : 0.6320 0.0353 0.0000 0.3011 0.0000 0.0316
278      278   (0)     11  : 0.3453 0.0558 0.1935 0.2211 0.1741 0.0102
279      279   (0)     11  : 0.0000 0.0000 0.0000 1.0000 0.0000 0.0000
280      280   (0)     11  : 0.4771 0.0553 0.1836 0.1114 0.1724 0.0000
281      281   (0)     11  : 0.5090 0.0000 0.0000 0.4910 0.0000 0.0000
282      282   (0)     11  : 0.2829 0.0034 0.0000 0.2015 0.5122 0.0000
283      283   (0)     11  : 0.0013 0.0000 0.3790 0.6197 0.0000 0.0000
284      284   (0)     11  : 0.1930 0.0000 0.0503 0.6905 0.0177 0.0485
285      285   (0)     11  : 0.0000 0.0000 0.0673 0.1601 0.7236 0.0490
286      286   (0)     11  : 0.2043 0.0282 0.1098 0.5407 0.1170 0.0000
287      287   (0)     11  : 0.0049 0.0262 0.0413 0.2953 0.5695 0.0628
288      288   (0)     11  : 0.7691 0.0243 0.0000 0.1997 0.0000 0.0070
289      289   (0)     11  : 0.0000 0.0145 0.0000 0.2367 0.7339 0.0149
290      290   (0)     11  : 0.4700 0.0485 0.0226 0.4587 0.0002 0.0000
291      291   (0)     11  : 0.1950 0.0000 0.0956 0.5231 0.0004 0.1858
292      292   (0)     12  : 0.0000 1.0000 0.0000 0.0000 0.0000 0.0000
293      293   (0)     12  : 0.0000 0.1482 0.7343 0.0000 0.0000 0.1175
294      294   (0)     12  : 0.0000 1.0000 0.0000 0.0000 0.0000 0.0000
295      295   (0)     12  : 0.0000 0.9661 0.0000 0.0000 0.0000 0.0339
296      296   (0)     12  : 0.0000 1.0000 0.0000 0.0000 0.0000 0.0000
297      297   (0)     12  : 0.0478 0.9522 0.0000 0.0000 0.0000 0.0000
298      298   (0)     12  : 0.0000 0.9247 0.0169 0.0000 0.0000 0.0584
299      299   (0)     12  : 0.0000 1.0000 0.0000 0.0000 0.0000 0.0000
300      300   (0)     12  : 0.5961 0.0903 0.2697 0.0439 0.0000 0.0000
301      301   (0)     12  : 0.0000 0.0000 0.9471 0.0000 0.0000 0.0529
302      302   (0)     12  : 0.0000 1.0000 0.0000 0.0000 0.0000 0.0000
303      303   (0)     12  : 0.0000 0.9554 0.0000 0.0446 0.0000 0.0000
304      304   (0)     12  : 0.6175 0.3825 0.0000 0.0000 0.0000 0.0000
305      305   (0)     12  : 0.0000 0.0801 0.4703 0.0000 0.4495 0.0000
306      306   (0)     12  : 0.0000 0.8173 0.1827 0.0000 0.0000 0.0000
307      307   (0)     12  : 0.0000 1.0000 0.0000 0.0000 0.0000 0.0000
308      308   (0)     12  : 0.0735 0.9265 0.0000 0.0000 0.0000 0.0000
309      309   (0)     12  : 0.0000 0.0483 0.5564 0.0619 0.2959 0.0375
310      310   (0)     12  : 0.0573 0.9313 0.0114 0.0000 0.0000 0.0000
311      311   (0)     12  : 0.2162 0.6289 0.1125 0.0000 0.0424 0.0000
312      312   (0)     12  : 0.0000 0.0400 0.6405 0.0417 0.0000 0.2778
313      313   (0)     12  : 0.3274 0.0250 0.6476 0.0000 0.0000 0.0000
314      314   (0)     12  : 0.3306 0.6405 0.0000 0.0000 0.0289 0.0000
315      315   (0)     12  : 0.0000 0.9998 0.0000 0.0000 0.0000 0.0002
316      316   (0)     12  : 0.2179 0.7790 0.0031 0.0000 0.0000 0.0000
317      317   (0)     12  : 0.2281 0.7719 0.0000 0.0000 0.0000 0.0000
318      318   (0)     12  : 0.0000 0.0000 0.4935 0.0000 0.5065 0.0000
319      319   (0)     12  : 0.0273 0.8290 0.1369 0.0018 0.0050 0.0000
320      320   (0)     12  : 0.0000 0.0768 0.5186 0.1398 0.2647 0.0000
321      321   (0)     12  : 0.2470 0.7267 0.0000 0.0000 0.0000 0.0263
322      322   (0)     13  : 0.6929 0.0000 0.0486 0.0000 0.2494 0.0091
323      323   (0)     13  : 0.3626 0.0000 0.1358 0.0000 0.5016 0.0000
324      324   (0)     13  : 0.5194 0.0000 0.0000 0.0000 0.4806 0.0000
325      325   (0)     13  : 0.0000 0.0000 0.0000 0.0000 1.0000 0.0000
326      326   (0)     13  : 0.6328 0.0000 0.0000 0.3672 0.0000 0.0000
327      327   (0)     13  : 0.3801 0.0000 0.0398 0.0000 0.5801 0.0000
328      328   (0)     13  : 0.1938 0.0000 0.0000 0.0000 0.8062 0.0000
329      329   (0)     13  : 0.8654 0.0000 0.0541 0.0686 0.0083 0.0035
330      330   (0)     13  : 0.3928 0.0000 0.0000 0.0546 0.4924 0.0601
331      331   (0)     13  : 0.0000 0.0000 0.0000 0.0000 0.0000 1.0000
332      332   (0)     13  : 0.8674 0.0000 0.0112 0.0000 0.1214 0.0000
333      333   (0)     13  : 0.0000 0.0000 0.1930 0.0000 0.7677 0.0394
334      334   (0)     13  : 0.0892 0.0000 0.0000 0.0000 0.9108 0.0000
335      335   (0)     13  : 0.0000 0.0000 0.1167 0.0009 0.8824 0.0000
336      336   (0)     13  : 0.5573 0.0000 0.0044 0.0784 0.3558 0.0041
337      337   (0)     13  : 0.3428 0.0164 0.0000 0.1775 0.4632 0.0000
338      338   (0)     13  : 0.7380 0.0000 0.0000 0.0067 0.2211 0.0342
339      339   (0)     13  : 0.0041 0.0026 0.2887 0.3444 0.3601 0.0000
340      340   (0)     13  : 0.6946 0.0155 0.1567 0.0487 0.0845 0.0000
341      341   (0)     13  : 0.9301 0.0000 0.0000 0.0699 0.0000 0.0000
342      342   (0)     13  : 0.2150 0.0000 0.0000 0.1268 0.6582 0.0000
343      343   (0)     13  : 0.1012 0.0000 0.0000 0.2307 0.6681 0.0000
344      344   (0)     13  : 0.3669 0.0000 0.0000 0.0000 0.6331 0.0000
345      345   (0)     13  : 0.4097 0.5140 0.0000 0.0753 0.0010 0.0000
346      346   (0)     13  : 0.7098 0.0000 0.2179 0.0000 0.0724 0.0000
347      347   (0)     13  : 0.3407 0.0000 0.0000 0.0000 0.6542 0.0051
348      348   (0)     13  : 0.0000 0.0000 0.0000 0.1427 0.8079 0.0494
349      349   (0)     13  : 0.3653 0.0000 0.0764 0.1101 0.3254 0.1229
350      350   (0)     13  : 0.2722 0.7259 0.0000 0.0000 0.0000 0.0018
351      351   (0)     13  : 0.0000 0.0043 0.0000 0.0000 0.9957 0.0000
