1        1   (0)      1  : 0.0244 0.0182 0.0000 0.4795 0.4780 0.0000 0.0000 0.0000 0.0000
2        2   (0)      1  : 0.2705 0.0172 0.0677 0.3319 0.0532 0.0000 0.0271 0.0417 0.1908
3        3   (0)      1  : 0.0000 0.0820 0.0158 0.0040 0.0049 0.7401 0.0000 0.1533 0.0000
4        4   (0)      1  : 0.0000 0.0000 0.0000 0.4317 0.0631 0.0000 0.1656 0.0000 0.3396
5        5   (0)      1  : 0.0090 0.0401 0.0168 0.6794 0.0000 0.0000 0.0052 0.2216 0.0279
6        6   (0)      1  : 0.1835 0.0000 0.0000 0.0891 0.3414 0.3653 0.0000 0.0208 0.0000
7        7   (0)      2  : 0.0000 0.0000 0.0000 0.5256 0.0000 0.0000 0.0000 0.0000 0.4744
8        8   (0)      1  : 0.2735 0.0067 0.0000 0.7198 0.0000 0.0000 0.0000 0.0000 0.0000
9        9   (0)      3  : 0.0074 0.0000 0.5245 0.0000 0.3116 0.0000 0.1565 0.0000 0.0000
10       10   (0)      4  : 0.0000 0.0032 0.2902 0.0603 0.0000 0.0066 0.0778 0.5618 0.0000
11       11   (0)      4  : 0.3962 0.0000 0.3810 0.1060 0.0094 0.0000 0.0888 0.0187 0.0000
12       12   (0)      4  : 0.0000 0.0230 0.2070 0.0509 0.2650 0.0323 0.1293 0.1996 0.0928
13       13   (0)      4  : 0.0000 0.0000 0.1611 0.0686 0.0000 0.0203 0.0000 0.7500 0.0000
14       14   (0)      4  : 0.2823 0.0000 0.4625 0.1823 0.0000 0.0107 0.0000 0.0604 0.0018
15       15   (0)      4  : 0.0000 0.0000 0.0000 0.0000 0.2559 0.7441 0.0000 0.0000 0.0000
16       16   (0)      5  : 0.2655 0.0000 0.1967 0.0519 0.2281 0.0000 0.0000 0.0331 0.2247
17       17   (0)      4  : 0.0000 0.0000 0.4008 0.0000 0.3295 0.0350 0.0000 0.0000 0.2347
18       18   (0)      5  : 0.1968 0.0000 0.3976 0.1468 0.0737 0.0000 0.0000 0.0075 0.1776
19       19   (0)      5  : 0.2910 0.0000 0.5688 0.0219 0.0000 0.0000 0.0633 0.0550 0.0000
20       20   (0)      5  : 0.0000 0.0000 0.5674 0.0000 0.1539 0.0000 0.0723 0.0221 0.1844
21       21   (0)      5  : 0.2643 0.0000 0.7357 0.0000 0.0000 0.0000 0.0000 0.0000 0.0000
22       22   (0)      5  : 0.0000 0.0206 0.2535 0.0055 0.5879 0.0000 0.0000 0.1325 0.0000
23       23   (0)      5  : 0.0000 0.0000 0.5876 0.0000 0.3816 0.0000 0.0136 0.0172 0.0000
24       24   (0)      5  : 0.0422 0.0204 0.2531 0.0000 0.1538 0.0000 0.0000 0.2003 0.3302
25       25   (0)      5  : 0.0000 0.0221 0.5859 0.0000 0.3274 0.0000 0.0647 0.0000 0.0000
26       26   (0)      5  : 0.0000 0.0000 0.5949 0.0000 0.0000 0.0000 0.0000 0.0377 0.3674
27       27   (0)      5  : 0.0000 0.0000 0.4360 0.0000 0.4566 0.0000 0.0000 0.1074 0.0000
28       28   (0)      5  : 0.0577 0.0000 0.8100 0.0000 0.0000 0.0000 0.0000 0.1323 0.0000
29       29   (0)      5  : 0.7222 0.0000 0.2674 0.0000 0.0000 0.0000 0.0034 0.0063 0.0006
30       30   (0)      5  : 0.1023 0.0000 0.3490 0.0000 0.1656 0.0000 0.0000 0.0153 0.3678
31       31   (0)      5  : 0.0041 0.0422 0.4389 0.0000 0.2046 0.0000 0.0308 0.2794 0.0000
32       32   (0)      5  : 0.4636 0.0000 0.1013 0.0000 0.3888 0.0000 0.0256 0.0208 0.0000
33       33   (0)      5  : 0.2738 0.0000 0.2664 0.0000 0.4102 0.0000 0.0000 0.0000 0.0497
34       34   (0)      5  : 0.5764 0.0000 0.2843 0.0000 0.0000 0.0000 0.1239 0.0044 0.0111
35       35   (0)      5  : 0.1955 0.0000 0.7932 0.0000 0.0000 0.0000 0.0000 0.0113 0.0000
36       36   (0)      5  : 0.2582 0.0037 0.4687 0.0000 0.1983 0.0000 0.0000 0.0711 0.0000
37       37   (0)      5  : 0.0000 0.0000 0.6630 0.0497 0.1660 0.0000 0.0000 0.0551 0.0662
38       38   (0)      5  : 0.2430 0.0000 0.4317 0.0085 0.0978 0.0000 0.0000 0.2190 0.0000
39       39   (0)      5  : 0.4270 0.0022 0.3704 0.0000 0.0137 0.0000 0.0000 0.1867 0.0000
40       40   (0)      5  : 0.0000 0.0000 0.4315 0.0000 0.4353 0.0000 0.0181 0.1150 0.0000
41       41   (0)      5  : 0.5345 0.0000 0.4046 0.0000 0.0000 0.0000 0.0608 0.0000 0.0000
42       42   (0)      5  : 0.0000 0.0000 0.0000 0.0093 0.0000 0.9512 0.0099 0.0000 0.0296
43       43   (0)      5  : 0.0000 0.0013 0.3112 0.0095 0.3071 0.0000 0.0000 0.1562 0.2147
44       44   (0)      4  : 0.0000 0.0000 0.6460 0.0000 0.0000 0.0000 0.0000 0.3540 0.0000
45       45   (0)      4  : 0.0206 0.0081 0.1070 0.0000 0.1131 0.0000 0.0000 0.1742 0.5771
46       46   (0)      4  : 0.0000 0.0000 0.2019 0.0000 0.5661 0.0281 0.0000 0.0138 0.1901
47       47   (0)      4  : 0.5452 0.0000 0.2888 0.0105 0.0000 0.0000 0.0000 0.1124 0.0431
48       48   (0)      5  : 0.1968 0.0232 0.0909 0.0099 0.3201 0.0063 0.0000 0.2189 0.1338
49       49   (0)      4  : 0.0000 0.0000 0.3778 0.0000 0.2365 0.0000 0.3857 0.0000 0.0000
50       50   (0)      4  : 0.0000 0.0000 0.0000 0.0000 0.0689 0.8799 0.0512 0.0000 0.0000
51       51   (0)      4  : 0.2939 0.0476 0.3177 0.1948 0.0385 0.0063 0.0000 0.1013 0.0000
52       52   (0)      4  : 0.0000 0.0612 0.0000 0.0000 0.0140 0.8387 0.0861 0.0000 0.0000
53       53   (0)      4  : 0.2363 0.0000 0.5243 0.1263 0.0000 0.0000 0.0098 0.1033 0.0000
54       54   (0)      4  : 0.0061 0.0000 0.0000 0.0000 0.0000 0.9939 0.0000 0.0000 0.0000
55       55   (0)      4  : 0.1427 0.0000 0.0774 0.0000 0.0354 0.7445 0.0000 0.0000 0.0000
56       56   (0)      4  : 0.0278 0.0000 0.6413 0.0403 0.0746 0.0000 0.0000 0.1444 0.0715
57       57   (0)      5  : 0.3533 0.0435 0.1019 0.0283 0.1470 0.0000 0.0000 0.2435 0.0825
58       58   (0)      4  : 0.1362 0.0956 0.0000 0.0000 0.2665 0.5017 0.0000 0.0000 0.0000
59       59   (0)      4  : 0.0000 0.0000 0.0605 0.0000 0.0394 0.8602 0.0082 0.0316 0.0000
60       60   (0)      4  : 0.3732 0.0000 0.1959 0.0358 0.2227 0.0372 0.0000 0.0032 0.1320
61       61   (0)      5  : 0.0000 0.0000 0.2475 0.0000 0.2202 0.0000 0.0000 0.0002 0.5321
62       62   (0)      6  : 0.0000 0.0000 0.0287 0.0365 0.1427 0.6486 0.0000 0.1306 0.0130
63       63   (0)      6  : 0.0000 0.1415 0.0000 0.0000 0.0899 0.7115 0.0000 0.0000 0.0572
64       64   (0)      6  : 0.0030 0.0000 0.0126 0.9254 0.0000 0.0000 0.0000 0.0493 0.0097
65       65   (0)      6  : 0.2378 0.0000 0.2603 0.1684 0.2702 0.0000 0.0125 0.0507 0.0000
66       66   (0)      6  : 0.0000 0.0000 0.1465 0.1035 0.0000 0.0000 0.0000 0.7500 0.0000
67       67   (0)      6  : 0.0000 0.0000 0.0000 0.6553 0.3447 0.0000 0.0000 0.0000 0.0000
68       68   (0)      6  : 0.1605 0.0000 0.0238 0.4141 0.4009 0.0000 0.0000 0.0007 0.0000
69       69   (0)      6  : 0.2329 0.0000 0.0822 0.1413 0.4815 0.0011 0.0000 0.0000 0.0611
70       70   (0)      6  : 0.0000 0.0000 0.0545 0.1146 0.8271 0.0000 0.0000 0.0000 0.0038
71       71   (0)      6  : 0.1589 0.0000 0.1189 0.3062 0.4160 0.0000 0.0000 0.0000 0.0000
72       72   (0)      7  : 0.4997 0.0000 0.3291 0.1075 0.0000 0.0000 0.0000 0.0637 0.0000
73       73   (0)      7  : 0.2195 0.0000 0.0927 0.0000 0.0000 0.0000 0.0000 0.0000 0.6878
74       74   (0)      7  : 0.0000 0.0058 0.1237 0.0287 0.0531 0.0000 0.0000 0.1662 0.6225
75       75   (0)      7  : 0.3053 0.0131 0.2506 0.1943 0.0000 0.0481 0.0000 0.0634 0.1251
76       76   (0)      7  : 0.0375 0.0000 0.6651 0.1598 0.0000 0.0000 0.0073 0.1302 0.0000
77       77   (0)      7  : 0.0723 0.0629 0.2392 0.2763 0.0649 0.0000 0.0000 0.2639 0.0205
78       78   (0)      7  : 0.0000 0.0000 0.2575 0.0366 0.0000 0.0000 0.0000 0.0694 0.6365
79       79   (0)      7  : 0.5927 0.0000 0.1342 0.0065 0.0000 0.0000 0.0000 0.0072 0.2595
80       80   (0)      7  : 0.2151 0.0000 0.4293 0.2534 0.0649 0.0000 0.0000 0.0372 0.0000
81       81   (0)      7  : 0.0159 0.0000 0.6923 0.2201 0.0000 0.0000 0.0000 0.0716 0.0000
82       82   (0)      7  : 0.4038 0.0572 0.0386 0.0314 0.0747 0.0030 0.0000 0.1263 0.2650
83       83   (0)      7  : 0.0000 0.0711 0.0000 0.0363 0.0000 0.7445 0.0000 0.0000 0.1482
84       84   (0)      7  : 0.4542 0.0000 0.4042 0.1234 0.0000 0.0009 0.0000 0.0173 0.0000
85       85   (0)      7  : 0.0298 0.0000 0.6739 0.2382 0.0000 0.0000 0.0000 0.0581 0.0000
86       86   (0)      7  : 0.1447 0.0000 0.0000 0.0000 0.1164 0.7389 0.0000 0.0000 0.0000
87       87   (0)      7  : 0.1120 0.0000 0.1949 0.1280 0.5439 0.0000 0.0000 0.0213 0.0000
88       88   (0)      7  : 0.0000 0.0000 0.0005 0.0016 0.1461 0.8246 0.0000 0.0273 0.0000
89       89   (0)      7  : 0.4271 0.0029 0.4095 0.0000 0.0290 0.0020 0.0000 0.1296 0.0000
90       90   (0)      7  : 0.3898 0.0000 0.2124 0.0580 0.3134 0.0000 0.0264 0.0000 0.0000
91       91   (0)      7  : 0.4160 0.0000 0.4391 0.1030 0.0000 0.0000 0.0335 0.0000 0.0084
92       92   (0)      7  : 0.2413 0.0408 0.2816 0.1357 0.0000 0.0000 0.0000 0.3006 0.0000
93       93   (0)      7  : 0.2750 0.0000 0.2658 0.0727 0.2764 0.0223 0.0000 0.0234 0.0645
94       94   (0)      7  : 0.0281 0.0000 0.5814 0.3164 0.0000 0.0000 0.0000 0.0742 0.0000
95       95   (0)      7  : 0.0342 0.0422 0.2946 0.1732 0.2058 0.0000 0.0000 0.2500 0.0000
96       96   (0)      7  : 0.0000 0.0000 0.5988 0.0508 0.0000 0.0000 0.0000 0.1419 0.2085
97       97   (0)      7  : 0.0000 0.0083 0.5395 0.1062 0.0000 0.0000 0.0000 0.3461 0.0000
98       98   (0)      7  : 0.0000 0.0000 0.6748 0.1115 0.0033 0.0000 0.0000 0.2105 0.0000
99       99   (0)      7  : 0.0000 0.0133 0.0252 0.2164 0.0000 0.7376 0.0000 0.0075 0.0000
100      100   (0)      6  : 0.2284 0.0000 0.1325 0.3689 0.0000 0.0000 0.0000 0.0003 0.2698
101      101   (0)      6  : 0.0000 0.0000 0.1476 0.3128 0.0357 0.0009 0.0604 0.0188 0.4237
102      102   (0)      6  : 0.0629 0.0000 0.0175 0.2324 0.5859 0.0250 0.0000 0.0764 0.0000
103      103   (0)      6  : 0.5085 0.0000 0.0053 0.4676 0.0000 0.0000 0.0000 0.0000 0.0186
104      104   (0)      6  : 0.0000 0.0000 0.0000 0.3874 0.6126 0.0000 0.0000 0.0000 0.0000
105      105   (0)      6  : 0.1556 0.0000 0.0998 0.4525 0.0862 0.0000 0.0000 0.0874 0.1185
106      106   (0)      6  : 0.1625 0.0000 0.0000 0.3322 0.2504 0.0182 0.0035 0.0000 0.2332
107      107   (0)      6  : 0.0139 0.0381 0.0000 0.5312 0.3358 0.0000 0.0000 0.0206 0.0604
108      108   (0)      6  : 0.0000 0.0000 0.0000 0.1099 0.0000 0.8901 0.0000 0.0000 0.0000
109      109   (0)      7  : 0.1654 0.0000 0.2676 0.1932 0.3262 0.0099 0.0020 0.0000 0.0357
110      110   (0)      7  : 0.0000 0.0000 0.1218 0.1038 0.0000 0.0245 0.0000 0.7500 0.0000
111      111   (0)      8  : 0.0000 0.0000 0.0185 0.4809 0.0000 0.0122 0.0000 0.1748 0.3137
112      112   (0)      6  : 0.0000 0.0000 0.0000 1.0000 0.0000 0.0000 0.0000 0.0000 0.0000
113      113   (0)      6  : 0.0000 0.0000 0.0000 0.0680 0.0000 0.9211 0.0000 0.0109 0.0000
114      114   (0)      6  : 0.0000 0.0000 0.3058 0.6942 0.0000 0.0000 0.0000 0.0000 0.0000
115      115   (0)      6  : 0.0000 0.1583 0.0000 0.2752 0.0000 0.4455 0.0000 0.1209 0.0000
116      116   (0)      6  : 0.0000 0.0181 0.1241 0.4335 0.0885 0.0000 0.0000 0.0553 0.2805
117      117   (0)      6  : 0.0000 0.0000 0.0000 0.4665 0.2237 0.0000 0.1344 0.0000 0.1754
118      118   (0)      6  : 0.0884 0.0000 0.0000 0.5457 0.1882 0.0000 0.0000 0.0000 0.1777
119      119   (0)      6  : 0.0000 0.0000 0.0604 0.7337 0.0000 0.0000 0.0000 0.0192 0.1866
120      120   (0)      6  : 0.0000 0.0000 0.0000 0.5061 0.0000 0.0000 0.0000 0.0000 0.4939
121      121   (0)      6  : 0.0000 0.0291 0.0000 0.1876 0.0000 0.7833 0.0000 0.0000 0.0000
122      122   (0)      9  : 0.0000 0.0656 0.1229 0.1041 0.4602 0.0000 0.0000 0.2471 0.0000
123      123   (0)      9  : 0.1843 0.0000 0.1718 0.0000 0.4956 0.0247 0.0000 0.0303 0.0934
124      124   (0)      9  : 0.0000 0.0436 0.0463 0.0000 0.7057 0.0000 0.0076 0.1969 0.0000
125      125   (0)      9  : 0.5591 0.0000 0.3418 0.0000 0.0606 0.0116 0.0000 0.0180 0.0089
126      126   (0)      9  : 0.4124 0.0000 0.4718 0.0000 0.0000 0.0000 0.0000 0.0632 0.0526
127      127   (0)      9  : 0.0000 0.0000 0.4347 0.0000 0.3503 0.0000 0.1318 0.0833 0.0000
128      128   (0)      9  : 0.1490 0.0070 0.0948 0.0000 0.5862 0.0000 0.0000 0.1436 0.0193
129      129   (0)      9  : 0.0000 0.0000 0.1550 0.0000 0.6855 0.0000 0.0000 0.0423 0.1172
130      130   (0)      9  : 0.0387 0.0000 0.1642 0.0000 0.0961 0.0000 0.0000 0.2453 0.4557
131      131   (0)      9  : 0.0899 0.0000 0.2120 0.0000 0.4009 0.0000 0.0000 0.0350 0.2623
132      132   (0)      9  : 0.3919 0.0095 0.0924 0.0000 0.2954 0.0000 0.0795 0.1313 0.0000
133      133   (0)      9  : 0.0000 0.0000 0.3401 0.0000 0.1693 0.0000 0.0000 0.0186 0.4720
134      134   (0)      9  : 0.0000 0.0075 0.1827 0.0598 0.0000 0.0000 0.0000 0.7500 0.0000
135      135   (0)      9  : 0.0733 0.0000 0.0000 0.0000 0.9267 0.0000 0.0000 0.0000 0.0000
136      136   (0)      9  : 0.3468 0.0327 0.2407 0.0377 0.0683 0.0000 0.0059 0.2320 0.0360
137      137   (0)      9  : 0.3123 0.0000 0.2026 0.0000 0.1107 0.0000 0.0000 0.0226 0.3519
138      138   (0)      9  : 0.6611 0.0000 0.2474 0.0000 0.0245 0.0120 0.0132 0.0128 0.0290
139      139   (0)      9  : 0.6431 0.0000 0.2086 0.0579 0.0000 0.0000 0.0000 0.0314 0.0590
140      140   (0)      9  : 0.3475 0.0000 0.1983 0.0000 0.4055 0.0000 0.0259 0.0228 0.0000
141      141   (0)      9  : 0.0000 0.0000 0.4668 0.0288 0.3723 0.0000 0.0844 0.0477 0.0000
142      142   (0)      9  : 0.4807 0.0035 0.1640 0.1581 0.1079 0.0000 0.0000 0.0399 0.0459
143      143   (0)      9  : 0.0000 0.0000 0.1552 0.0681 0.0000 0.0267 0.0000 0.7500 0.0000
144      144   (0)      9  : 0.2138 0.0128 0.1871 0.0000 0.0484 0.0000 0.0966 0.0658 0.3755
145      145   (0)      3  : 0.0135 0.0174 0.2657 0.0028 0.4931 0.0000 0.0362 0.1713 0.0000
146      146   (0)      3  : 0.1331 0.0808 0.0064 0.0000 0.2596 0.5200 0.0000 0.0000 0.0000
147      147   (0)      3  : 0.0721 0.0000 0.0123 0.0000 0.7282 0.0000 0.1786 0.0087 0.0000
148      148   (0)      3  : 0.5396 0.0066 0.2872 0.0000 0.0645 0.0620 0.0000 0.0402 0.0000
149      149   (0)      3  : 0.4410 0.0000 0.2149 0.0000 0.2410 0.0000 0.0586 0.0445 0.0000
150      150   (0)      3  : 0.0000 0.0000 0.2281 0.0000 0.5376 0.0786 0.1015 0.0246 0.0297
151      151   (0)      3  : 0.4889 0.0000 0.3652 0.0000 0.0743 0.0000 0.0092 0.0624 0.0000
152      152   (0)      3  : 0.3939 0.0000 0.3065 0.0000 0.2153 0.0000 0.0000 0.0843 0.0000
153      153   (0)      3  : 0.2209 0.0205 0.4503 0.0000 0.1478 0.0000 0.1234 0.0372 0.0000
154      154   (0)      3  : 0.2526 0.0153 0.4345 0.0215 0.1185 0.0000 0.0000 0.1576 0.0000
155      155   (0)      3  : 0.2237 0.0472 0.5155 0.0067 0.0000 0.0383 0.0000 0.1685 0.0000
156      156   (0)      3  : 0.3188 0.0858 0.2706 0.0000 0.1890 0.0000 0.0000 0.1358 0.0000
157      157   (0)      3  : 0.3874 0.0220 0.1720 0.0071 0.2210 0.0000 0.0000 0.1760 0.0145
158      158   (0)      3  : 0.4775 0.0014 0.3513 0.0768 0.0290 0.0000 0.0000 0.0641 0.0000
159      159   (0)      3  : 0.2976 0.1753 0.0000 0.0000 0.0000 0.5271 0.0000 0.0000 0.0000
160      160   (0)      3  : 0.2704 0.0000 0.1794 0.0000 0.1306 0.0000 0.1060 0.0409 0.2727
161      161   (0)      3  : 0.0000 0.0000 0.1333 0.0101 0.7613 0.0000 0.0000 0.0952 0.0000
162      162   (0)      3  : 0.5778 0.0000 0.3787 0.0057 0.0190 0.0000 0.0121 0.0066 0.0000
163      163   (0)      3  : 0.3252 0.0000 0.4198 0.0000 0.1682 0.0000 0.0766 0.0101 0.0000
164      164   (0)      3  : 0.5470 0.0000 0.3822 0.0000 0.0000 0.0000 0.0000 0.0626 0.0083
165      165   (0)      3  : 0.0000 0.0000 0.1214 0.0027 0.7851 0.0000 0.0000 0.0908 0.0000
166      166   (0)      3  : 0.3048 0.0000 0.4535 0.0000 0.1263 0.0000 0.0467 0.0400 0.0287
167      167   (0)      3  : 0.5443 0.0000 0.1727 0.0150 0.1619 0.0000 0.1024 0.0037 0.0000
168      168   (0)      3  : 0.4124 0.0110 0.2808 0.0000 0.0769 0.0000 0.0000 0.2188 0.0001
169      169   (0)      3  : 0.4585 0.0000 0.4588 0.0267 0.0000 0.0000 0.0432 0.0129 0.0000
170      170   (0)      3  : 0.7132 0.0000 0.2245 0.0000 0.0010 0.0000 0.0000 0.0614 0.0000
171      171   (0)      3  : 0.2626 0.0000 0.4198 0.0000 0.0000 0.0000 0.0340 0.0233 0.2602
172      172   (0)      3  : 0.5546 0.0000 0.3687 0.0068 0.0014 0.0000 0.0000 0.0489 0.0196
173      173   (0)      3  : 0.1809 0.0070 0.2973 0.0496 0.3777 0.0000 0.0446 0.0428 0.0000
174      174   (0)      9  : 0.0000 0.0000 0.3585 0.0000 0.3227 0.0000 0.1069 0.0182 0.1937
175      175   (0)      9  : 0.0000 0.0074 0.1658 0.0776 0.0000 0.0000 0.0000 0.7492 0.0000
176      176   (0)      9  : 0.4531 0.0023 0.1325 0.0000 0.3254 0.0000 0.0000 0.0647 0.0220
177      177   (0)      9  : 0.1852 0.0000 0.1973 0.1558 0.0000 0.0000 0.1294 0.0743 0.2581
178      178   (0)      9  : 0.1117 0.0039 0.1667 0.0000 0.4784 0.0000 0.0000 0.0048 0.2345
179      179   (0)      9  : 0.1214 0.0074 0.3077 0.0972 0.4468 0.0000 0.0000 0.0194 0.0000
180      180   (0)      9  : 0.0413 0.0032 0.2222 0.0097 0.3420 0.0000 0.0000 0.1025 0.2792
181      181   (0)      1  : 0.6290 0.0000 0.0349 0.3001 0.0293 0.0000 0.0048 0.0000 0.0021
182      182   (0)      1  : 0.1098 0.0000 0.0000 0.1776 0.2083 0.0000 0.1394 0.0000 0.3649
183      183   (0)      1  : 0.5630 0.0000 0.0028 0.2590 0.0000 0.0000 0.0543 0.0000 0.1208
184      184   (0)      1  : 0.1793 0.0000 0.0000 0.4129 0.2994 0.0226 0.0858 0.0000 0.0000
185      185   (0)      1  : 0.6680 0.0000 0.0000 0.2215 0.0000 0.0000 0.1105 0.0000 0.0000
186      186   (0)      1  : 0.2495 0.0191 0.1285 0.2448 0.2772 0.0000 0.0305 0.0504 0.0000
187      187   (0)      1  : 0.5970 0.0000 0.0000 0.3557 0.0315 0.0000 0.0000 0.0000 0.0157
188      188   (0)      1  : 0.8225 0.0000 0.0000 0.0797 0.0099 0.0000 0.0880 0.0000 0.0000
189      189   (0)      2  : 0.1636 0.0000 0.0000 0.0557 0.3677 0.0000 0.3411 0.0034 0.0685
190      190   (0)      2  : 0.6673 0.0000 0.2025 0.0859 0.0007 0.0000 0.0000 0.0160 0.0276
191      191   (0)      2  : 0.6082 0.0000 0.1352 0.1105 0.0798 0.0000 0.0490 0.0174 0.0000
192      192   (0)      2  : 0.0000 0.0000 0.2314 0.0000 0.5408 0.0000 0.0000 0.0076 0.2202
193      193   (0)      2  : 0.7721 0.0000 0.0115 0.0127 0.1475 0.0000 0.0000 0.0562 0.0000
194      194   (0)      2  : 0.0000 0.0000 0.0723 0.0000 0.8827 0.0000 0.0449 0.0000 0.0000
195      195   (0)      2  : 0.3140 0.0000 0.0000 0.4135 0.0000 0.0000 0.2724 0.0000 0.0001
196      196   (0)      2  : 0.0260 0.0000 0.2917 0.0813 0.0000 0.0000 0.4990 0.0000 0.1021
197      197   (0)      1  : 0.3571 0.0000 0.0353 0.0922 0.3940 0.0000 0.1214 0.0000 0.0000
198      198   (0)      1  : 0.1880 0.0000 0.0000 0.3944 0.0000 0.0000 0.0000 0.0000 0.4176
199      199   (0)      1  : 0.0000 0.0000 0.0419 0.3945 0.3734 0.0000 0.1756 0.0147 0.0000
200      200   (0)      1  : 0.0008 0.0000 0.0000 0.7053 0.1532 0.0000 0.1357 0.0000 0.0049
201      201   (0)      1  : 0.0000 0.0000 0.0000 0.4876 0.2593 0.0134 0.2316 0.0000 0.0081
202      202   (0)      1  : 0.0000 0.0000 0.0000 0.9175 0.0000 0.0000 0.0825 0.0000 0.0000
203      203   (0)      2  : 0.0000 0.0000 0.0333 0.0000 0.1174 0.4713 0.1097 0.0561 0.2123
204      204   (0)      2  : 0.0000 0.0000 0.0000 0.1781 0.2081 0.0000 0.2185 0.0000 0.3954
205      205   (0)      2  : 0.0000 0.0112 0.0596 0.0000 0.0662 0.8389 0.0000 0.0241 0.0000
206      206   (0)      2  : 0.6797 0.0000 0.0841 0.1371 0.0000 0.0000 0.0496 0.0308 0.0188
207      207   (0)      2  : 0.0000 0.0000 0.0000 0.0000 0.5786 0.0247 0.1518 0.0000 0.2448
208      208   (0)      2  : 0.7364 0.0000 0.0228 0.0000 0.0000 0.0575 0.0714 0.0042 0.1077
209      209   (0)      2  : 0.0000 0.0000 0.0777 0.0000 0.1252 0.0000 0.4471 0.0000 0.3500
210      210   (0)      1  : 0.0000 0.0000 0.0000 0.0619 0.2292 0.0000 0.3145 0.0000 0.3945
211      211   (0)      1  : 0.0201 0.0000 0.1582 0.4079 0.0000 0.0000 0.0820 0.0612 0.2707
212      212   (0)      1  : 0.0000 0.0000 0.0110 0.2624 0.1200 0.0000 0.0141 0.0063 0.5863
213      213   (0)      1  : 0.3625 0.0000 0.0000 0.5921 0.0000 0.0000 0.0348 0.0000 0.0106
214      214   (0)      1  : 0.0000 0.0000 0.0000 0.1752 0.5909 0.0000 0.2182 0.0000 0.0158
215      215   (0)      1  : 0.0740 0.0000 0.0000 0.5539 0.0000 0.0000 0.0000 0.0000 0.3720
216      216   (0)      1  : 0.2800 0.0000 0.0000 0.6471 0.0000 0.0000 0.0458 0.0000 0.0271
217      217   (0)      1  : 0.0000 0.0000 0.0035 0.4797 0.4715 0.0000 0.0274 0.0179 0.0000
218      218   (0)      2  : 0.3651 0.0000 0.0000 0.1959 0.3285 0.0000 0.1105 0.0000 0.0000
219      219   (0)      2  : 0.0000 0.0000 0.1406 0.0181 0.3893 0.0000 0.1487 0.0016 0.3017
220      220   (0)      2  : 0.3850 0.0073 0.0229 0.2664 0.0000 0.0000 0.0443 0.0129 0.2612
221      221   (0)      2  : 0.4012 0.0000 0.1441 0.2680 0.1457 0.0000 0.0000 0.0410 0.0000
222      222   (0)      2  : 0.1797 0.0000 0.0000 0.0647 0.0000 0.0191 0.0000 0.0049 0.7317
223      223   (0)      2  : 0.1676 0.0000 0.0000 0.0120 0.6093 0.0385 0.1726 0.0000 0.0000
224      224   (0)      2  : 0.1966 0.0000 0.0727 0.0671 0.2102 0.0000 0.3856 0.0053 0.0626
225      225   (0)      2  : 0.5014 0.0040 0.0269 0.1570 0.0000 0.0000 0.0233 0.0131 0.2742
226      226   (0)      2  : 0.7266 0.0000 0.0000 0.1223 0.0000 0.0000 0.1339 0.0000 0.0171
227      227   (0)      2  : 0.8122 0.0000 0.0247 0.0016 0.0098 0.0000 0.1429 0.0088 0.0000
228      228   (0)      2  : 0.7595 0.0000 0.0000 0.1796 0.0609 0.0000 0.0000 0.0000 0.0000
229      229   (0)      2  : 0.0571 0.0125 0.0000 0.0092 0.2384 0.6828 0.0000 0.0000 0.0000
230      230   (0)      2  : 0.4489 0.0000 0.1728 0.0766 0.0796 0.0033 0.0814 0.1363 0.0011
231      231   (0)      2  : 0.4501 0.0000 0.0495 0.0433 0.3152 0.0004 0.1220 0.0195 0.0000
232      232   (0)     10  : 0.3979 0.0000 0.0000 0.0000 0.3145 0.0206 0.2655 0.0015 0.0000
233      233   (0)     10  : 0.0001 0.0000 0.0241 0.0340 0.5826 0.0000 0.2475 0.0921 0.0197
234      234   (0)     10  : 0.0000 0.0000 0.0059 0.0000 0.0000 0.0000 0.2634 0.0006 0.7301
235      235   (0)     10  : 0.0000 0.0072 0.0092 0.0731 0.1874 0.0000 0.2757 0.0267 0.4209
236      236   (0)     10  : 0.0000 0.0000 0.0263 0.0000 0.2693 0.0051 0.5346 0.1059 0.0587
237      237   (0)     10  : 0.0380 0.0000 0.0088 0.0000 0.0000 0.0000 0.3201 0.0000 0.6330
238      238   (0)     10  : 0.2400 0.0000 0.0118 0.0000 0.2836 0.0000 0.4480 0.0166 0.0000
239      239   (0)     10  : 0.4368 0.0000 0.0000 0.0000 0.0000 0.0000 0.2762 0.0000 0.2870
240      240   (0)     10  : 0.0000 0.0000 0.0000 0.0000 0.0000 0.0000 0.4978 0.0000 0.5022
241      241   (0)     10  : 0.7676 0.0045 0.0000 0.0309 0.0000 0.0000 0.0886 0.1084 0.0000
242      242   (0)     10  : 0.0000 0.0000 0.2492 0.0000 0.0923 0.0000 0.4853 0.1732 0.0000
243      243   (0)     10  : 0.6654 0.0000 0.0000 0.0000 0.0000 0.0000 0.3346 0.0000 0.0000
244      244   (0)     10  : 0.0047 0.0000 0.0000 0.0000 0.4771 0.0000 0.2055 0.0000 0.3128
245      245   (0)     10  : 0.6997 0.0000 0.0000 0.0275 0.0000 0.0000 0.2728 0.0000 0.0000
246      246   (0)     10  : 0.4763 0.0095 0.0000 0.0442 0.3037 0.0000 0.1664 0.0000 0.0000
247      247   (0)     10  : 0.0636 0.0372 0.0000 0.0000 0.4888 0.0000 0.3745 0.0251 0.0107
248      248   (0)     10  : 0.6442 0.0000 0.0346 0.0000 0.0000 0.0000 0.3034 0.0179 0.0000
249      249   (0)     10  : 0.8797 0.0000 0.0245 0.0000 0.0000 0.0000 0.0833 0.0126 0.0000
250      250   (0)     10  : 0.5387 0.0000 0.0265 0.2105 0.0000 0.0000 0.2195 0.0048 0.0000
251      251   (0)     10  : 0.0000 0.0000 0.0000 0.0000 0.0000 0.0000 0.4402 0.0000 0.5598
252      252   (0)     10  : 0.5685 0.0000 0.0000 0.0000 0.1347 0.0249 0.2720 0.0000 0.0000
253      253   (0)     10  : 0.7224 0.0000 0.0536 0.0492 0.0000 0.0000 0.1747 0.0002 0.0000
254      254   (0)     10  : 0.2930 0.0000 0.0000 0.1041 0.0000 0.0000 0.3015 0.0000 0.3014
255      255   (0)     10  : 0.6245 0.0000 0.0000 0.2185 0.0000 0.0000 0.1537 0.0034 0.0000
256      256   (0)     10  : 0.0000 0.0000 0.0000 0.0000 0.0187 0.9813 0.0000 0.0000 0.0000
257      257   (0)     10  : 0.5194 0.0000 0.0000 0.0262 0.1138 0.0000 0.3406 0.0000 0.0000
258      258   (0)     10  : 0.0000 0.0000 0.0000 0.0978 0.0000 0.0000 0.4519 0.0004 0.4499
259      259   (0)     10  : 0.5386 0.0000 0.0000 0.0000 0.0000 0.0000 0.4614 0.0000 0.0000
260      260   (0)     10  : 0.4218 0.0000 0.0000 0.0000 0.0523 0.0000 0.2527 0.0000 0.2732
261      261   (0)     10  : 0.4988 0.0028 0.0406 0.1832 0.0000 0.0127 0.2451 0.0169 0.0000
262      262   (0)     11  : 0.2806 0.0579 0.0092 0.2000 0.0568 0.0000 0.0150 0.0863 0.2942
263      263   (0)     11  : 0.6110 0.0000 0.0000 0.1213 0.0000 0.0000 0.1590 0.0000 0.1088
264      264   (0)     11  : 0.7942 0.0000 0.0000 0.0000 0.0000 0.0000 0.2058 0.0000 0.0000
265      265   (0)     11  : 0.0000 0.0000 0.0000 0.0000 0.0000 1.0000 0.0000 0.0000 0.0000
266      266   (0)     11  : 0.0564 0.0000 0.0000 0.0000 0.5298 0.0231 0.3907 0.0000 0.0000
267      267   (0)     11  : 0.0000 0.0000 0.0000 0.0000 0.0000 1.0000 0.0000 0.0000 0.0000
268      268   (0)     11  : 0.0682 0.0000 0.0000 0.0132 0.4984 0.0000 0.4201 0.0000 0.0000
269      269   (0)     11  : 0.6737 0.0000 0.0324 0.0561 0.0000 0.0000 0.1871 0.0397 0.0109
270      270   (0)     11  : 0.8303 0.0000 0.0000 0.0291 0.0000 0.0000 0.1094 0.0000 0.0311
271      271   (0)     11  : 0.0000 0.0000 0.0000 0.2271 0.0000 0.0000 0.7729 0.0000 0.0000
272      272   (0)     11  : 0.1568 0.0000 0.0000 0.1030 0.0286 0.0000 0.2812 0.0000 0.4304
273      273   (0)     11  : 0.0000 0.1247 0.0663 0.0000 0.0000 0.0000 0.0000 0.2381 0.5709
274      274   (0)     11  : 0.0000 0.1285 0.0000 0.0135 0.0002 0.6156 0.2068 0.0000 0.0354
275      275   (0)     11  : 0.4249 0.0000 0.0000 0.1920 0.0000 0.0000 0.2867 0.0289 0.0674
276      276   (0)     11  : 0.3737 0.2431 0.0271 0.0000 0.0000 0.0000 0.0000 0.1725 0.1835
277      277   (0)     11  : 0.4814 0.0203 0.0002 0.3494 0.0000 0.0070 0.1168 0.0248 0.0000
278      278   (0)     11  : 0.2842 0.0572 0.1114 0.2734 0.1871 0.0000 0.0427 0.0440 0.0000
279      279   (0)     11  : 0.0000 0.0000 0.0000 0.6615 0.0000 0.0000 0.1641 0.0000 0.1744
280      280   (0)     11  : 0.3952 0.0215 0.1024 0.1137 0.0000 0.0502 0.2737 0.0433 0.0000
281      281   (0)     11  : 0.2345 0.0000 0.0000 0.0001 0.0000 0.0000 0.0748 0.0000 0.6906
282      282   (0)     11  : 0.2838 0.0000 0.0000 0.1523 0.2019 0.0100 0.3520 0.0000 0.0000
283      283   (0)     11  : 0.0051 0.0000 0.2818 0.4764 0.0000 0.0000 0.1503 0.0144 0.0718
284      284   (0)     11  : 0.0000 0.0000 0.0000 0.2712 0.0000 0.0000 0.0842 0.0069 0.6377
285      285   (0)     11  : 0.0000 0.0000 0.0138 0.1578 0.5772 0.0000 0.2422 0.0090 0.0000
286      286   (0)     11  : 0.0058 0.0691 0.0039 0.1949 0.0000 0.0000 0.2293 0.0292 0.4678
287      287   (0)     11  : 0.0000 0.0701 0.0000 0.1577 0.4229 0.0000 0.1225 0.0461 0.1807
288      288   (0)     11  : 0.4837 0.0233 0.0000 0.0037 0.0000 0.0000 0.1593 0.0225 0.3076
289      289   (0)     11  : 0.0000 0.0000 0.0000 0.0228 0.4312 0.0363 0.2569 0.0000 0.2528
290      290   (0)     11  : 0.2708 0.0000 0.0014 0.1983 0.0000 0.0980 0.0171 0.0053 0.4091
291      291   (0)     11  : 0.0000 0.0018 0.1164 0.3954 0.0000 0.0035 0.0891 0.1174 0.2765
292      292   (0)     12  : 0.0000 1.0000 0.0000 0.0000 0.0000 0.0000 0.0000 0.0000 0.0000
293      293   (0)     12  : 0.0000 0.1550 0.4213 0.0000 0.0000 0.0000 0.1423 0.2814 0.0000
294      294   (0)     12  : 0.0000 1.0000 0.0000 0.0000 0.0000 0.0000 0.0000 0.0000 0.0000
295      295   (0)     12  : 0.0000 1.0000 0.0000 0.0000 0.0000 0.0000 0.0000 0.0000 0.0000
296      296   (0)     12  : 0.0000 1.0000 0.0000 0.0000 0.0000 0.0000 0.0000 0.0000 0.0000
297      297   (0)     12  : 0.0836 0.8477 0.0000 0.0000 0.0000 0.0686 0.0000 0.0000 0.0000
298      298   (0)     12  : 0.0000 1.0000 0.0000 0.0000 0.0000 0.0000 0.0000 0.0000 0.0000
299      299   (0)     12  : 0.0000 1.0000 0.0000 0.0000 0.0000 0.0000 0.0000 0.0000 0.0000
300      300   (0)     12  : 0.2376 0.0672 0.1288 0.0000 0.0000 0.0000 0.4681 0.0699 0.0283
301      301   (0)     12  : 0.0000 0.0301 0.5937 0.0000 0.0000 0.0000 0.1083 0.2679 0.0000
302      302   (0)     12  : 0.0000 1.0000 0.0000 0.0000 0.0000 0.0000 0.0000 0.0000 0.0000
303      303   (0)     12  : 0.0000 0.9729 0.0000 0.0000 0.0000 0.0000 0.0000 0.0000 0.0271
304      304   (0)     12  : 0.3965 0.0896 0.0000 0.0000 0.0000 0.4648 0.0491 0.0000 0.0000
305      305   (0)     12  : 0.0099 0.0734 0.2789 0.0000 0.2993 0.0000 0.2205 0.1180 0.0000
306      306   (0)     12  : 0.0000 0.7572 0.1517 0.0000 0.0000 0.0369 0.0000 0.0542 0.0000
307      307   (0)     12  : 0.0000 1.0000 0.0000 0.0000 0.0000 0.0000 0.0000 0.0000 0.0000
308      308   (0)     12  : 0.0000 0.6402 0.0000 0.0000 0.0000 0.3598 0.0000 0.0000 0.0000
309      309   (0)     12  : 0.0000 0.0154 0.3901 0.0000 0.0000 0.0000 0.4669 0.0957 0.0319
310      310   (0)     12  : 0.0803 0.8259 0.0000 0.0000 0.0000 0.0938 0.0000 0.0000 0.0000
311      311   (0)     12  : 0.1276 0.4207 0.0534 0.0000 0.0739 0.3048 0.0000 0.0197 0.0000
312      312   (0)     12  : 0.0000 0.0501 0.3216 0.0000 0.0000 0.0000 0.2224 0.4059 0.0000
313      313   (0)     12  : 0.1564 0.0285 0.4889 0.0000 0.0000 0.0000 0.2256 0.1006 0.0000
314      314   (0)     12  : 0.2302 0.3703 0.0000 0.0000 0.0241 0.3754 0.0000 0.0000 0.0000
315      315   (0)     12  : 0.0000 1.0000 0.0000 0.0000 0.0000 0.0000 0.0000 0.0000 0.0000
316      316   (0)     12  : 0.0137 0.4248 0.0000 0.0000 0.0000 0.5285 0.0330 0.0000 0.0000
317      317   (0)     12  : 0.0000 0.3242 0.0000 0.0000 0.0000 0.6145 0.0613 0.0000 0.0000
318      318   (0)     12  : 0.0000 0.0000 0.2441 0.0000 0.0000 0.0000 0.6527 0.1032 0.0000
319      319   (0)     12  : 0.0025 0.7489 0.0603 0.0000 0.0000 0.0694 0.0000 0.0000 0.1189
320      320   (0)     12  : 0.0000 0.0038 0.3581 0.0000 0.0000 0.0000 0.3942 0.0581 0.1858
321      321   (0)     12  : 0.0000 0.1705 0.0000 0.0000 0.0000 0.8295 0.0000 0.0000 0.0000
322      322   (0)     13  : 0.6135 0.0000 0.0155 0.0000 0.1715 0.0000 0.1805 0.0190 0.0000
323      323   (0)     13  : 0.4715 0.0023 0.0448 0.0000 0.2116 0.0000 0.2453 0.0245 0.0000
324      324   (0)     13  : 0.5092 0.0000 0.0000 0.0000 0.1644 0.0000 0.3265 0.0000 0.0000
325      325   (0)     13  : 0.0000 0.0000 0.0000 0.0000 0.6192 0.0000 0.3808 0.0000 0.0000
326      326   (0)     13  : 0.0674 0.0000 0.0000 0.1042 0.0000 0.0000 0.4355 0.0000 0.3930
327      327   (0)     13  : 0.3532 0.0000 0.0000 0.0000 0.4197 0.0000 0.2211 0.0060 0.0000
328      328   (0)     13  : 0.2205 0.0000 0.0000 0.0000 0.5318 0.0000 0.2477 0.0000 0.0000
329      329   (0)     13  : 0.7046 0.0000 0.0495 0.1174 0.0244 0.0000 0.1041 0.0000 0.0000
330      330   (0)     13  : 0.3177 0.0000 0.0000 0.0912 0.2876 0.0000 0.2821 0.0214 0.0000
331      331   (0)     13  : 0.0000 0.0000 0.1649 0.0681 0.0000 0.0000 0.0169 0.7500 0.0000
332      332   (0)     13  : 0.8041 0.0000 0.0000 0.0000 0.0000 0.0000 0.1892 0.0067 0.0000
333      333   (0)     13  : 0.0000 0.0000 0.1247 0.0000 0.7295 0.0000 0.1150 0.0307 0.0000
334      334   (0)     13  : 0.2085 0.0000 0.0000 0.0000 0.4184 0.0000 0.3731 0.0000 0.0000
335      335   (0)     13  : 0.0000 0.0000 0.0000 0.0000 0.0000 0.0000 1.0000 0.0000 0.0000
336      336   (0)     13  : 0.5299 0.0000 0.0000 0.1045 0.0803 0.0000 0.2853 0.0000 0.0000
337      337   (0)     13  : 0.0611 0.0000 0.0000 0.0000 0.0000 0.0113 0.4210 0.0000 0.5067
338      338   (0)     13  : 0.5846 0.0000 0.0000 0.0315 0.0000 0.0000 0.3793 0.0046 0.0000
339      339   (0)     13  : 0.0089 0.0002 0.1824 0.2252 0.0000 0.0000 0.5368 0.0465 0.0000
340      340   (0)     13  : 0.5546 0.0140 0.1339 0.0000 0.0000 0.0000 0.2208 0.0000 0.0767
341      341   (0)     13  : 0.6829 0.0000 0.0000 0.0037 0.0000 0.0000 0.2186 0.0000 0.0947
342      342   (0)     13  : 0.1658 0.0000 0.0000 0.0000 0.0267 0.0000 0.7253 0.0000 0.0822
343      343   (0)     13  : 0.1591 0.0000 0.0000 0.1607 0.1759 0.0000 0.5043 0.0000 0.0000
344      344   (0)     13  : 0.4157 0.0000 0.0000 0.0022 0.1979 0.0000 0.3842 0.0000 0.0000
345      345   (0)     13  : 0.1915 0.1309 0.0000 0.0000 0.0000 0.5894 0.0000 0.0000 0.0882
346      346   (0)     13  : 0.4287 0.0000 0.1666 0.0000 0.0000 0.0000 0.4047 0.0000 0.0000
347      347   (0)     13  : 0.3455 0.0000 0.0000 0.0000 0.2773 0.0000 0.3772 0.0000 0.0000
348      348   (0)     13  : 0.0000 0.0253 0.0000 0.0988 0.5186 0.0000 0.3420 0.0064 0.0089
349      349   (0)     13  : 0.2702 0.0000 0.0445 0.1445 0.2553 0.0000 0.1878 0.0977 0.0000
350      350   (0)     13  : 0.1880 0.4585 0.0000 0.0000 0.0000 0.2839 0.0691 0.0005 0.0000
351      351   (0)     13  : 0.0000 0.0023 0.0000 0.0000 0.6752 0.0000 0.3225 0.0000 0.0000
