1        1   (0)      1  : 0.0000 0.0000 0.5311 0.4217 0.0000 0.0473 0.0000 0.0000
2        2   (0)      1  : 0.3161 0.0095 0.3446 0.0188 0.0126 0.0000 0.2200 0.0784
3        3   (0)      1  : 0.0976 0.0000 0.4857 0.1977 0.1743 0.0000 0.0447 0.0000
4        4   (0)      1  : 0.0319 0.0000 0.6552 0.0000 0.0000 0.0697 0.0000 0.2432
5        5   (0)      1  : 0.2161 0.0086 0.1061 0.3463 0.0000 0.1527 0.1696 0.0006
6        6   (0)      2  : 0.0000 0.0000 0.7029 0.0000 0.2123 0.0000 0.0848 0.0000
7        7   (0)      1  : 0.1844 0.0000 0.7726 0.0000 0.0000 0.0286 0.0125 0.0020
8        8   (0)      3  : 0.0000 0.5963 0.0000 0.2808 0.1148 0.0000 0.0000 0.0082
9        9   (0)      4  : 0.0000 0.2234 0.0385 0.0000 0.1236 0.6045 0.0000 0.0100
10       10   (0)      4  : 0.0824 0.2345 0.0390 0.0056 0.1682 0.0369 0.4136 0.0197
11       11   (0)      4  : 0.0000 0.1890 0.0291 0.3472 0.0988 0.0477 0.0142 0.2740
12       12   (0)      4  : 0.0000 0.1206 0.0612 0.0000 0.0000 0.8182 0.0000 0.0000
13       13   (0)      4  : 0.0982 0.4565 0.1700 0.0000 0.0000 0.0283 0.1832 0.0638
14       14   (0)      5  : 0.0540 0.0912 0.0169 0.1511 0.1258 0.0273 0.5168 0.0169
15       15   (0)      4  : 0.0000 0.3267 0.0000 0.2013 0.1357 0.0059 0.3013 0.0291
16       16   (0)      5  : 0.0402 0.3464 0.1525 0.0066 0.0000 0.0085 0.4112 0.0345
17       17   (0)      5  : 0.1664 0.4968 0.0000 0.0000 0.1051 0.0000 0.1504 0.0814
18       18   (0)      5  : 0.0000 0.5389 0.0000 0.0734 0.3076 0.0000 0.0324 0.0477
19       19   (0)      5  : 0.0456 0.6999 0.0000 0.0000 0.0027 0.0000 0.1726 0.0791
20       20   (0)      5  : 0.0000 0.2376 0.0041 0.5031 0.0000 0.0022 0.0008 0.2522
21       21   (0)      5  : 0.0000 0.6018 0.0000 0.3213 0.0103 0.0000 0.0000 0.0666
22       22   (0)      5  : 0.0047 0.0958 0.0000 0.0379 0.1822 0.0000 0.3841 0.2952
23       23   (0)      5  : 0.0000 0.4838 0.0000 0.3282 0.0168 0.0304 0.0000 0.1409
24       24   (0)      5  : 0.0000 0.4645 0.0000 0.0000 0.1535 0.0000 0.3187 0.0633
25       25   (0)      5  : 0.0000 0.3478 0.0000 0.3553 0.0000 0.0059 0.1117 0.1793
26       26   (0)      5  : 0.0000 0.6715 0.0000 0.0000 0.0000 0.0983 0.0819 0.1483
27       27   (0)      5  : 0.2853 0.2384 0.0000 0.0000 0.0000 0.0004 0.4663 0.0096
28       28   (0)      5  : 0.0265 0.2399 0.0000 0.0500 0.1277 0.0000 0.5524 0.0036
29       29   (0)      5  : 0.0059 0.2806 0.0000 0.1271 0.0407 0.0000 0.0563 0.4893
30       30   (0)      5  : 0.0692 0.0848 0.0000 0.3757 0.0140 0.0020 0.4498 0.0045
31       31   (0)      5  : 0.0353 0.2633 0.0000 0.4199 0.0000 0.0018 0.2652 0.0145
32       32   (0)      5  : 0.2420 0.2588 0.0031 0.0208 0.0869 0.0235 0.3463 0.0186
33       33   (0)      5  : 0.0188 0.6998 0.0000 0.0000 0.0000 0.0000 0.2048 0.0766
34       34   (0)      5  : 0.0859 0.4588 0.0000 0.0888 0.0000 0.0000 0.2637 0.1028
35       35   (0)      5  : 0.0000 0.5310 0.0365 0.0675 0.0362 0.0901 0.0211 0.2177
36       36   (0)      5  : 0.0313 0.2995 0.0000 0.0287 0.0000 0.3119 0.2090 0.1197
37       37   (0)      5  : 0.1930 0.3065 0.0000 0.0009 0.0000 0.0000 0.2383 0.2613
38       38   (0)      5  : 0.0000 0.3582 0.0000 0.3550 0.0000 0.0140 0.0044 0.2684
39       39   (0)      5  : 0.3161 0.3112 0.0000 0.0000 0.0254 0.0000 0.3153 0.0319
40       40   (0)      5  : 0.0000 0.1359 0.0241 0.2023 0.1060 0.0242 0.1266 0.3808
41       41   (0)      4  : 0.0085 0.5079 0.0000 0.0000 0.0000 0.3974 0.0000 0.0862
42       42   (0)      4  : 0.0075 0.0074 0.0000 0.0380 0.1673 0.0000 0.5270 0.2528
43       43   (0)      4  : 0.0000 0.1600 0.0000 0.4241 0.1177 0.0008 0.2755 0.0218
44       44   (0)      4  : 0.2568 0.2126 0.0162 0.0000 0.0032 0.1228 0.3813 0.0071
45       45   (0)      5  : 0.0431 0.0052 0.0189 0.2598 0.0326 0.0482 0.3258 0.2664
46       46   (0)      4  : 0.0000 0.3411 0.0000 0.3455 0.2816 0.0000 0.0000 0.0318
47       47   (0)      4  : 0.0420 0.1294 0.1538 0.0127 0.0243 0.0924 0.3085 0.2368
48       48   (0)      4  : 0.0393 0.4164 0.1076 0.0000 0.0045 0.1607 0.2122 0.0592
49       49   (0)      4  : 0.0002 0.5588 0.0123 0.0000 0.0000 0.1508 0.2269 0.0511
50       50   (0)      5  : 0.0469 0.0000 0.0274 0.0743 0.0000 0.0384 0.3902 0.4228
51       51   (0)      4  : 0.0678 0.0447 0.0000 0.0958 0.0288 0.0119 0.7511 0.0000
52       52   (0)      5  : 0.0000 0.1895 0.0219 0.1296 0.1773 0.0077 0.4301 0.0439
53       53   (0)      6  : 0.0000 0.0000 0.7791 0.0000 0.0000 0.1274 0.0935 0.0000
54       54   (0)      6  : 0.0397 0.2120 0.1223 0.3077 0.0052 0.0276 0.2207 0.0648
55       55   (0)      6  : 0.0000 0.1033 0.0785 0.0000 0.0000 0.8182 0.0000 0.0000
56       56   (0)      6  : 0.0000 0.0000 0.6428 0.3314 0.0000 0.0259 0.0000 0.0000
57       57   (0)      6  : 0.0215 0.0221 0.3094 0.3266 0.0000 0.0605 0.2599 0.0000
58       58   (0)      6  : 0.0353 0.0362 0.1100 0.3310 0.0351 0.0000 0.4523 0.0000
59       59   (0)      6  : 0.0000 0.1206 0.1113 0.7195 0.0009 0.0246 0.0000 0.0231
60       60   (0)      6  : 0.0111 0.1615 0.2942 0.3530 0.0000 0.0021 0.1741 0.0040
61       61   (0)      7  : 0.1355 0.1670 0.0440 0.0013 0.0000 0.0545 0.4215 0.1761
62       62   (0)      7  : 0.0439 0.0285 0.0041 0.0000 0.1540 0.0042 0.7653 0.0000
63       63   (0)      7  : 0.0000 0.0078 0.0224 0.0377 0.0646 0.0306 0.6187 0.2181
64       64   (0)      7  : 0.0732 0.1163 0.1635 0.0000 0.0052 0.1684 0.2923 0.1810
65       65   (0)      7  : 0.0000 0.4325 0.1224 0.0000 0.0000 0.0964 0.0000 0.3487
66       66   (0)      7  : 0.0000 0.0107 0.1698 0.0329 0.0000 0.2160 0.0892 0.4814
67       67   (0)      7  : 0.0000 0.1768 0.0734 0.0000 0.2315 0.0410 0.3117 0.1656
68       68   (0)      7  : 0.2594 0.0514 0.0045 0.0000 0.0660 0.0169 0.6017 0.0000
69       69   (0)      7  : 0.0084 0.2597 0.1711 0.0425 0.0054 0.0937 0.3238 0.0954
70       70   (0)      7  : 0.0000 0.4813 0.1339 0.0000 0.0000 0.1221 0.0000 0.2626
71       71   (0)      7  : 0.2818 0.0051 0.0686 0.0215 0.0628 0.0106 0.3483 0.2013
72       72   (0)      7  : 0.1170 0.2500 0.0435 0.0000 0.0000 0.0493 0.4853 0.0549
73       73   (0)      7  : 0.0000 0.5398 0.1700 0.0000 0.0008 0.0720 0.0234 0.1941
74       74   (0)      7  : 0.0000 0.0947 0.0894 0.4568 0.0000 0.0614 0.2333 0.0643
75       75   (0)      7  : 0.0903 0.2276 0.0000 0.0001 0.0000 0.0088 0.4987 0.1746
76       76   (0)      7  : 0.0868 0.1132 0.0163 0.2363 0.0186 0.0109 0.5179 0.0000
77       77   (0)      7  : 0.0629 0.2833 0.1011 0.0000 0.0775 0.0443 0.3923 0.0386
78       78   (0)      7  : 0.0543 0.1307 0.1096 0.0000 0.0000 0.0356 0.1573 0.5124
79       79   (0)      7  : 0.0703 0.2381 0.0653 0.2184 0.0000 0.0085 0.3541 0.0452
80       80   (0)      7  : 0.0000 0.3510 0.2159 0.0000 0.0000 0.0987 0.0227 0.3118
81       81   (0)      7  : 0.0000 0.0778 0.1296 0.1325 0.0028 0.0865 0.0200 0.5509
82       82   (0)      7  : 0.0000 0.4498 0.0315 0.0000 0.1046 0.0847 0.0278 0.3018
83       83   (0)      7  : 0.0000 0.2793 0.0576 0.0000 0.0226 0.0438 0.0000 0.5968
84       84   (0)      7  : 0.0000 0.5128 0.0974 0.0000 0.0000 0.1221 0.0000 0.2677
85       85   (0)      6  : 0.1372 0.0646 0.3401 0.0000 0.0872 0.0087 0.3622 0.0000
86       86   (0)      6  : 0.0000 0.0967 0.2939 0.0724 0.0906 0.0635 0.3793 0.0036
87       87   (0)      6  : 0.0075 0.0103 0.0999 0.4346 0.0000 0.0799 0.3679 0.0000
88       88   (0)      6  : 0.2258 0.0065 0.4058 0.0027 0.0000 0.0000 0.3592 0.0000
89       89   (0)      6  : 0.0000 0.0000 0.3532 0.5054 0.0000 0.0836 0.0573 0.0005
90       90   (0)      6  : 0.1460 0.1381 0.3855 0.0812 0.0010 0.0623 0.1597 0.0262
91       91   (0)      6  : 0.1389 0.0063 0.3419 0.2427 0.0125 0.0000 0.2576 0.0000
92       92   (0)      6  : 0.0000 0.0000 0.5141 0.3296 0.0000 0.0595 0.0000 0.0968
93       93   (0)      7  : 0.0115 0.1861 0.1689 0.2734 0.0097 0.0459 0.2877 0.0168
94       94   (0)      7  : 0.0000 0.0868 0.0726 0.0000 0.0000 0.8405 0.0000 0.0000
95       95   (0)      6  : 0.0000 0.0126 0.5338 0.0013 0.0822 0.1669 0.2032 0.0000
96       96   (0)      6  : 0.0000 0.0000 0.9769 0.0000 0.0000 0.0231 0.0000 0.0000
97       97   (0)      6  : 0.0000 0.2460 0.6346 0.0000 0.0226 0.0635 0.0000 0.0332
98       98   (0)      6  : 0.0000 0.1264 0.5031 0.0099 0.1682 0.0609 0.1001 0.0314
99       99   (0)      6  : 0.0000 0.0000 0.3938 0.2934 0.1651 0.0000 0.1477 0.0000
100      100   (0)      6  : 0.0509 0.0000 0.5507 0.2101 0.0000 0.0000 0.1884 0.0000
101      101   (0)      6  : 0.0000 0.0284 0.6845 0.0000 0.1087 0.0503 0.1229 0.0053
102      102   (0)      6  : 0.0000 0.0000 0.5589 0.0000 0.1265 0.0000 0.3146 0.0000
103      103   (0)      8  : 0.0000 0.0499 0.0567 0.3135 0.0000 0.0565 0.0234 0.5000
104      104   (0)      8  : 0.0391 0.1870 0.0000 0.4015 0.0000 0.0000 0.3203 0.0521
105      105   (0)      8  : 0.0000 0.0395 0.0083 0.5368 0.0000 0.0000 0.0000 0.4153
106      106   (0)      8  : 0.2843 0.3512 0.0000 0.0207 0.0000 0.0035 0.3404 0.0000
107      107   (0)      8  : 0.2049 0.4547 0.0000 0.0000 0.0000 0.0591 0.2542 0.0270
108      108   (0)      8  : 0.0000 0.3959 0.0000 0.3691 0.0746 0.0778 0.0000 0.0826
109      109   (0)      8  : 0.0183 0.0969 0.0000 0.5222 0.0006 0.0000 0.1508 0.2113
110      110   (0)      8  : 0.0000 0.2311 0.0000 0.6264 0.0067 0.0087 0.0637 0.0634
111      111   (0)      8  : 0.2270 0.1384 0.0110 0.0626 0.0260 0.0448 0.1532 0.3370
112      112   (0)      8  : 0.0631 0.2340 0.0000 0.2719 0.0925 0.0000 0.2510 0.0875
113      113   (0)      8  : 0.2238 0.0683 0.0000 0.3497 0.0028 0.0043 0.1771 0.1741
114      114   (0)      8  : 0.0000 0.3146 0.0000 0.0212 0.2331 0.0142 0.4112 0.0058
115      115   (0)      8  : 0.0000 0.1114 0.0410 0.0000 0.0000 0.8253 0.0000 0.0223
116      116   (0)      8  : 0.0047 0.0604 0.0000 0.8638 0.0000 0.0000 0.0711 0.0000
117      117   (0)      8  : 0.2699 0.2022 0.0177 0.0155 0.0154 0.0753 0.1067 0.2972
118      118   (0)      8  : 0.3024 0.2478 0.0412 0.0222 0.0680 0.0124 0.2365 0.0694
119      119   (0)      8  : 0.4499 0.2552 0.0000 0.0071 0.0069 0.0000 0.2650 0.0159
120      120   (0)      8  : 0.4242 0.2402 0.0791 0.0000 0.0000 0.0393 0.1925 0.0246
121      121   (0)      8  : 0.2403 0.2484 0.0000 0.3233 0.0008 0.0294 0.1459 0.0118
122      122   (0)      8  : 0.0000 0.4415 0.0247 0.2583 0.0910 0.0099 0.0000 0.1746
123      123   (0)      8  : 0.3045 0.1668 0.1371 0.0638 0.0146 0.0386 0.1330 0.1416
124      124   (0)      8  : 0.0139 0.1130 0.0549 0.0000 0.0000 0.8182 0.0000 0.0000
125      125   (0)      8  : 0.1955 0.1374 0.0000 0.0110 0.2357 0.0291 0.3407 0.0505
126      126   (0)      3  : 0.0000 0.2541 0.0020 0.4371 0.0073 0.0381 0.0088 0.2526
127      127   (0)      3  : 0.0111 0.0466 0.0000 0.8274 0.0378 0.0000 0.0756 0.0015
128      128   (0)      3  : 0.3012 0.2704 0.0000 0.0651 0.0000 0.0189 0.2690 0.0754
129      129   (0)      3  : 0.3028 0.2365 0.0000 0.3256 0.0091 0.0122 0.0392 0.0746
130      130   (0)      3  : 0.0000 0.3411 0.0000 0.5883 0.0122 0.0022 0.0497 0.0066
131      131   (0)      3  : 0.3725 0.4303 0.0000 0.0015 0.0000 0.0661 0.0839 0.0456
132      132   (0)      3  : 0.2402 0.4195 0.0000 0.1222 0.0000 0.0813 0.1192 0.0175
133      133   (0)      3  : 0.1804 0.4424 0.0000 0.1843 0.0240 0.0064 0.0455 0.1170
134      134   (0)      3  : 0.1811 0.4287 0.0207 0.0460 0.0000 0.1837 0.0677 0.0722
135      135   (0)      3  : 0.0749 0.3818 0.0242 0.0000 0.0018 0.2049 0.0236 0.2888
136      136   (0)      3  : 0.1829 0.1788 0.0103 0.0608 0.0000 0.0254 0.2426 0.2992
137      137   (0)      3  : 0.1890 0.1459 0.0202 0.1010 0.0000 0.0190 0.2494 0.2756
138      138   (0)      3  : 0.2704 0.3004 0.0467 0.0057 0.0000 0.0168 0.1940 0.1660
139      139   (0)      3  : 0.3072 0.2535 0.0053 0.1407 0.0615 0.0283 0.1951 0.0084
140      140   (0)      3  : 0.0000 0.1628 0.0001 0.6155 0.0000 0.1141 0.0297 0.0777
141      141   (0)      3  : 0.4491 0.3845 0.0000 0.0005 0.0059 0.0176 0.0620 0.0804
142      142   (0)      3  : 0.2093 0.4496 0.0000 0.1976 0.0215 0.0000 0.0724 0.0497
143      143   (0)      3  : 0.3700 0.4024 0.0000 0.0007 0.0000 0.0071 0.1092 0.1106
144      144   (0)      3  : 0.0000 0.1980 0.0000 0.6495 0.0000 0.0932 0.0275 0.0317
145      145   (0)      3  : 0.2163 0.5100 0.0000 0.0821 0.0803 0.0000 0.0558 0.0554
146      146   (0)      3  : 0.3660 0.2294 0.0000 0.2069 0.0229 0.0000 0.1747 0.0000
147      147   (0)      3  : 0.2135 0.2170 0.0000 0.0073 0.0000 0.0265 0.2438 0.2919
148      148   (0)      3  : 0.2546 0.3967 0.0173 0.0000 0.0553 0.0301 0.1797 0.0663
149      149   (0)      3  : 0.3824 0.2192 0.0000 0.0044 0.0000 0.0043 0.3483 0.0413
150      150   (0)      3  : 0.2233 0.4162 0.0000 0.0000 0.1689 0.0000 0.1136 0.0780
151      151   (0)      3  : 0.3196 0.3756 0.0000 0.0000 0.0006 0.0420 0.2508 0.0113
152      152   (0)      3  : 0.0612 0.2888 0.0368 0.3659 0.0003 0.0295 0.0155 0.2019
153      153   (0)      8  : 0.0000 0.4306 0.0000 0.2663 0.2166 0.0000 0.0623 0.0242
154      154   (0)      8  : 0.0000 0.1426 0.0527 0.0000 0.0000 0.6134 0.0000 0.1913
155      155   (0)      8  : 0.2538 0.1475 0.0000 0.2811 0.0000 0.0000 0.2285 0.0890
156      156   (0)      8  : 0.2247 0.2521 0.2115 0.0000 0.1383 0.0709 0.0979 0.0046
157      157   (0)      8  : 0.0648 0.1707 0.0210 0.3303 0.0740 0.0246 0.2124 0.1022
158      158   (0)      8  : 0.0493 0.3175 0.0527 0.3016 0.0334 0.0542 0.0566 0.1347
159      159   (0)      8  : 0.0197 0.1924 0.0161 0.1882 0.1154 0.0968 0.2022 0.1692
160      160   (0)      1  : 0.5227 0.0550 0.3304 0.0016 0.0000 0.0386 0.0476 0.0040
161      161   (0)      1  : 0.1556 0.0000 0.1923 0.2935 0.1502 0.0000 0.2085 0.0000
162      162   (0)      1  : 0.6843 0.0310 0.2288 0.0000 0.0220 0.0000 0.0338 0.0000
163      163   (0)      1  : 0.1520 0.0000 0.4244 0.3790 0.0117 0.0329 0.0000 0.0000
164      164   (0)      1  : 0.6952 0.0000 0.2246 0.0323 0.0132 0.0000 0.0347 0.0000
165      165   (0)      1  : 0.1965 0.0925 0.2321 0.2652 0.0000 0.0174 0.0697 0.1264
166      166   (0)      1  : 0.5486 0.0028 0.3600 0.0285 0.0000 0.0206 0.0375 0.0019
167      167   (0)      1  : 0.5827 0.0000 0.0317 0.0883 0.0105 0.0000 0.2869 0.0000
168      168   (0)      2  : 0.1178 0.0000 0.0438 0.6284 0.1899 0.0000 0.0201 0.0000
169      169   (0)      2  : 0.4338 0.1509 0.0651 0.0000 0.0000 0.0167 0.2916 0.0420
170      170   (0)      2  : 0.4559 0.1445 0.0899 0.0689 0.0036 0.0092 0.2216 0.0064
171      171   (0)      2  : 0.0000 0.2562 0.0000 0.4852 0.1826 0.0000 0.0443 0.0317
172      172   (0)      2  : 0.4352 0.0000 0.0041 0.1370 0.0011 0.0148 0.4077 0.0000
173      173   (0)      2  : 0.0000 0.1442 0.0029 0.8055 0.0064 0.0033 0.0184 0.0192
174      174   (0)      2  : 0.3315 0.0005 0.3854 0.1643 0.0431 0.0071 0.0681 0.0000
175      175   (0)      2  : 0.0435 0.1135 0.0176 0.0167 0.6325 0.0000 0.1763 0.0000
176      176   (0)      1  : 0.2978 0.0982 0.1274 0.4235 0.0146 0.0002 0.0336 0.0048
177      177   (0)      1  : 0.2372 0.0065 0.5464 0.0000 0.1088 0.0067 0.0944 0.0000
178      178   (0)      1  : 0.0052 0.1070 0.3943 0.4350 0.0221 0.0364 0.0000 0.0000
179      179   (0)      1  : 0.1374 0.0000 0.6868 0.1740 0.0018 0.0000 0.0000 0.0000
180      180   (0)      1  : 0.0000 0.0000 0.5092 0.4199 0.0709 0.0000 0.0000 0.0000
181      181   (0)      1  : 0.0142 0.0000 0.9726 0.0000 0.0132 0.0000 0.0000 0.0000
182      182   (0)      2  : 0.0000 0.0000 0.2370 0.4157 0.1922 0.0000 0.1550 0.0000
183      183   (0)      2  : 0.4811 0.0605 0.1311 0.0019 0.0034 0.0263 0.2956 0.0000
184      184   (0)      2  : 0.0000 0.0000 0.0000 0.7719 0.1802 0.0000 0.0479 0.0000
185      185   (0)      2  : 0.5309 0.0160 0.0000 0.0000 0.0211 0.0000 0.4320 0.0000
186      186   (0)      2  : 0.0000 0.0127 0.0000 0.2640 0.6637 0.0000 0.0596 0.0000
187      187   (0)      1  : 0.0000 0.0000 0.1056 0.5178 0.3028 0.0000 0.0738 0.0000
188      188   (0)      1  : 0.2824 0.1907 0.4014 0.0000 0.0033 0.0642 0.0530 0.0051
189      189   (0)      1  : 0.0070 0.0490 0.4141 0.0955 0.2365 0.0115 0.1071 0.0793
190      190   (0)      1  : 0.3224 0.0000 0.6068 0.0000 0.0000 0.0000 0.0707 0.0000
191      191   (0)      1  : 0.0044 0.0000 0.2238 0.7316 0.0357 0.0000 0.0044 0.0000
192      192   (0)      1  : 0.2757 0.0000 0.6060 0.0000 0.0535 0.0000 0.0649 0.0000
193      193   (0)      1  : 0.3235 0.0000 0.6434 0.0001 0.0105 0.0033 0.0192 0.0000
194      194   (0)      1  : 0.0000 0.0381 0.4572 0.4453 0.0098 0.0461 0.0000 0.0034
195      195   (0)      2  : 0.2291 0.0000 0.2345 0.4296 0.0162 0.0036 0.0871 0.0000
196      196   (0)      2  : 0.0000 0.1927 0.0886 0.4571 0.1644 0.0005 0.0870 0.0096
197      197   (0)      2  : 0.3813 0.0146 0.2708 0.0000 0.0024 0.0774 0.2252 0.0282
198      198   (0)      2  : 0.3192 0.1494 0.2511 0.1309 0.0000 0.0104 0.0623 0.0766
199      199   (0)      2  : 0.4090 0.0000 0.1239 0.0000 0.0237 0.0018 0.4415 0.0000
200      200   (0)      2  : 0.0361 0.0058 0.0002 0.7949 0.0353 0.0021 0.1255 0.0000
201      201   (0)      2  : 0.1358 0.0835 0.0790 0.4356 0.2559 0.0000 0.0066 0.0035
202      202   (0)      2  : 0.6174 0.0490 0.1626 0.0000 0.0007 0.0000 0.0830 0.0874
203      203   (0)      2  : 0.6639 0.0000 0.1268 0.1415 0.0251 0.0000 0.0427 0.0000
204      204   (0)      2  : 0.6633 0.0454 0.0058 0.1204 0.0213 0.0000 0.1339 0.0099
205      205   (0)      2  : 0.5840 0.0013 0.1973 0.0385 0.0000 0.0089 0.1693 0.0007
206      206   (0)      2  : 0.3610 0.1171 0.0514 0.1377 0.0118 0.0033 0.1334 0.1842
207      207   (0)      2  : 0.2777 0.0147 0.0139 0.3730 0.0382 0.0000 0.2518 0.0307
208      208   (0)      9  : 0.4227 0.0000 0.0000 0.4814 0.0448 0.0511 0.0000 0.0000
209      209   (0)      9  : 0.0587 0.0105 0.0043 0.6689 0.0492 0.1941 0.0000 0.0143
210      210   (0)      9  : 0.4972 0.0320 0.0022 0.0000 0.2891 0.0285 0.1509 0.0000
211      211   (0)      9  : 0.1448 0.0215 0.1324 0.2797 0.2571 0.0545 0.0715 0.0385
212      212   (0)      9  : 0.0782 0.0233 0.0000 0.4925 0.2718 0.1126 0.0215 0.0000
213      213   (0)      9  : 0.5797 0.0737 0.0186 0.0000 0.2008 0.0025 0.1221 0.0027
214      214   (0)      9  : 0.2695 0.0064 0.0000 0.4282 0.2600 0.0315 0.0000 0.0044
215      215   (0)      9  : 0.7289 0.0000 0.0000 0.0000 0.2225 0.0000 0.0487 0.0000
216      216   (0)      9  : 0.0000 0.0000 0.0000 0.0000 0.9248 0.0000 0.0752 0.0000
217      217   (0)      9  : 0.7638 0.0015 0.0218 0.0000 0.0132 0.0222 0.0795 0.0980
218      218   (0)      9  : 0.0075 0.1053 0.0000 0.1901 0.4198 0.0000 0.0000 0.2772
219      219   (0)      9  : 0.8379 0.0000 0.0089 0.0000 0.1026 0.0000 0.0507 0.0000
220      220   (0)      9  : 0.1454 0.0000 0.0021 0.5802 0.1992 0.0181 0.0549 0.0000
221      221   (0)      9  : 0.5743 0.0358 0.0240 0.2319 0.0544 0.0000 0.0796 0.0000
222      222   (0)      9  : 0.4407 0.0000 0.0435 0.4265 0.0349 0.0348 0.0000 0.0196
223      223   (0)      9  : 0.0236 0.0000 0.0000 0.7753 0.1026 0.0000 0.0000 0.0986
224      224   (0)      9  : 0.7096 0.0254 0.0000 0.0000 0.1110 0.0280 0.1261 0.0000
225      225   (0)      9  : 0.8568 0.0465 0.0000 0.0000 0.0167 0.0017 0.0783 0.0000
226      226   (0)      9  : 0.6549 0.0016 0.1687 0.0099 0.0483 0.0565 0.0000 0.0601
227      227   (0)      9  : 0.4072 0.0000 0.0620 0.0000 0.4251 0.0119 0.0938 0.0000
228      228   (0)      9  : 0.6129 0.0000 0.0000 0.2529 0.0864 0.0000 0.0478 0.0000
229      229   (0)      9  : 0.8344 0.0335 0.0069 0.0000 0.0371 0.0623 0.0000 0.0258
230      230   (0)      9  : 0.7195 0.0000 0.0753 0.0000 0.1901 0.0000 0.0150 0.0000
231      231   (0)      9  : 0.6848 0.0000 0.1839 0.0000 0.0393 0.0831 0.0010 0.0080
232      232   (0)      9  : 0.5329 0.0000 0.0088 0.3948 0.0533 0.0102 0.0000 0.0000
233      233   (0)      9  : 0.3772 0.0000 0.1594 0.0341 0.3433 0.0220 0.0618 0.0021
234      234   (0)      9  : 0.8719 0.0000 0.0000 0.0277 0.1004 0.0000 0.0000 0.0000
235      235   (0)      9  : 0.4616 0.0000 0.0000 0.2589 0.2059 0.0018 0.0718 0.0000
236      236   (0)      9  : 0.5667 0.0043 0.1140 0.0456 0.0501 0.1784 0.0102 0.0308
237      237   (0)     10  : 0.3087 0.0198 0.1868 0.0272 0.1273 0.0861 0.0494 0.1946
238      238   (0)     10  : 0.6338 0.0000 0.1346 0.0157 0.1487 0.0236 0.0437 0.0000
239      239   (0)     10  : 0.9341 0.0000 0.0000 0.0000 0.0296 0.0000 0.0363 0.0000
240      240   (0)     10  : 0.0911 0.0000 0.0000 0.8509 0.0579 0.0000 0.0000 0.0000
241      241   (0)     10  : 0.0391 0.0000 0.0121 0.7332 0.1267 0.0851 0.0000 0.0038
242      242   (0)     10  : 0.5963 0.0066 0.0024 0.0113 0.0969 0.0972 0.1604 0.0289
243      243   (0)     10  : 0.8757 0.0000 0.0336 0.0026 0.0191 0.0647 0.0042 0.0000
244      244   (0)     10  : 0.0176 0.0000 0.2734 0.2790 0.4299 0.0000 0.0000 0.0000
245      245   (0)     10  : 0.2811 0.0000 0.1114 0.1170 0.3656 0.0477 0.0772 0.0000
246      246   (0)     10  : 0.0034 0.0000 0.0298 0.0000 0.2453 0.0350 0.0649 0.6216
247      247   (0)     10  : 0.6197 0.0000 0.1343 0.0000 0.1362 0.0804 0.0066 0.0227
248      248   (0)     10  : 0.3162 0.0000 0.0073 0.0000 0.0223 0.0403 0.0208 0.5931
249      249   (0)     10  : 0.5503 0.0000 0.3066 0.0000 0.0239 0.0597 0.0186 0.0409
250      250   (0)     10  : 0.1686 0.0291 0.2364 0.2431 0.0014 0.1196 0.0060 0.1957
251      251   (0)     10  : 0.0106 0.0000 0.6714 0.0000 0.2502 0.0421 0.0257 0.0000
252      252   (0)     10  : 0.3773 0.0232 0.0285 0.1956 0.0965 0.0809 0.0000 0.1980
253      253   (0)     10  : 0.5073 0.0000 0.0280 0.0000 0.3182 0.0340 0.1126 0.0000
254      254   (0)     10  : 0.3598 0.0000 0.1236 0.3684 0.1207 0.0274 0.0000 0.0002
255      255   (0)     10  : 0.0000 0.1302 0.4075 0.0000 0.3045 0.0888 0.0106 0.0585
256      256   (0)     10  : 0.0095 0.0000 0.3647 0.0000 0.3219 0.0763 0.2074 0.0202
257      257   (0)     10  : 0.0151 0.0250 0.1364 0.6322 0.0398 0.0705 0.0000 0.0811
258      258   (0)     10  : 0.1452 0.0000 0.2829 0.0000 0.2790 0.1003 0.0601 0.1325
259      259   (0)     10  : 0.0150 0.0000 0.1515 0.4618 0.1493 0.0437 0.0278 0.1510
260      260   (0)     10  : 0.6790 0.0000 0.0033 0.0000 0.2294 0.0053 0.0649 0.0180
261      261   (0)     10  : 0.0000 0.0000 0.0124 0.6001 0.2940 0.0154 0.0781 0.0000
262      262   (0)     10  : 0.1572 0.0000 0.1531 0.0000 0.2399 0.1229 0.3096 0.0173
263      263   (0)     10  : 0.1367 0.0521 0.3099 0.0000 0.1426 0.2323 0.1199 0.0065
264      264   (0)     11  : 0.0000 0.1113 0.0000 0.0000 0.3252 0.0000 0.0000 0.5635
265      265   (0)     11  : 0.2593 0.0000 0.0000 0.0000 0.5356 0.0000 0.1597 0.0455
266      266   (0)     11  : 0.0000 0.3767 0.0000 0.0000 0.1463 0.0000 0.0000 0.4770
267      267   (0)     11  : 0.0039 0.1764 0.0000 0.3770 0.1487 0.0134 0.0000 0.2806
268      268   (0)     11  : 0.0000 0.2901 0.0000 0.0000 0.6014 0.0000 0.0039 0.1045
269      269   (0)     11  : 0.0000 0.0406 0.0000 0.0000 0.4550 0.0000 0.0000 0.5043
270      270   (0)     11  : 0.1332 0.3955 0.0000 0.0000 0.2850 0.0060 0.0248 0.1556
271      271   (0)     11  : 0.0000 0.0584 0.0000 0.0000 0.8858 0.0000 0.0000 0.0558
272      272   (0)     11  : 0.0000 0.2621 0.0000 0.0000 0.6592 0.0000 0.0207 0.0580
273      273   (0)     12  : 0.6394 0.0402 0.0000 0.1964 0.0237 0.0009 0.0851 0.0144
274      274   (0)     12  : 0.3476 0.0079 0.0000 0.4670 0.0531 0.0000 0.0180 0.1064
275      275   (0)     12  : 0.5427 0.0000 0.0000 0.4033 0.0498 0.0000 0.0042 0.0000
276      276   (0)     12  : 0.0108 0.0000 0.0000 0.9241 0.0651 0.0000 0.0000 0.0000
277      277   (0)     12  : 0.5453 0.0000 0.1163 0.0000 0.2920 0.0035 0.0429 0.0000
278      278   (0)     12  : 0.3612 0.0305 0.0000 0.4928 0.0392 0.0002 0.0137 0.0624
279      279   (0)     12  : 0.1112 0.0097 0.0000 0.7918 0.0422 0.0452 0.0000 0.0000
280      280   (0)     12  : 0.8261 0.0224 0.0336 0.0000 0.0045 0.0508 0.0000 0.0627
281      281   (0)     12  : 0.3252 0.0005 0.0163 0.4538 0.0812 0.1133 0.0064 0.0033
282      282   (0)     12  : 0.0041 0.1185 0.0592 0.0000 0.0000 0.8182 0.0000 0.0000
283      283   (0)     12  : 0.6049 0.0190 0.0000 0.1728 0.0243 0.0007 0.1587 0.0198
284      284   (0)     12  : 0.0091 0.1823 0.0000 0.6763 0.0258 0.0198 0.0183 0.0683
285      285   (0)     12  : 0.1234 0.0000 0.0000 0.8165 0.0601 0.0000 0.0000 0.0000
286      286   (0)     12  : 0.0000 0.0048 0.0000 0.2276 0.7675 0.0000 0.0000 0.0000
287      287   (0)     12  : 0.5850 0.0031 0.0509 0.2334 0.1005 0.0011 0.0260 0.0000
288      288   (0)     12  : 0.4028 0.0000 0.0000 0.1897 0.3063 0.0000 0.1012 0.0000
289      289   (0)     12  : 0.7832 0.0000 0.0019 0.0327 0.1163 0.0033 0.0626 0.0000
290      290   (0)     12  : 0.1048 0.0963 0.1748 0.0071 0.4853 0.0171 0.0000 0.1146
291      291   (0)     12  : 0.5492 0.1298 0.0000 0.0403 0.1467 0.0071 0.1165 0.0105
292      292   (0)     12  : 0.6677 0.0000 0.0000 0.0000 0.1284 0.0000 0.2039 0.0000
293      293   (0)     12  : 0.4054 0.0000 0.0000 0.3357 0.2590 0.0000 0.0000 0.0000
294      294   (0)     12  : 0.3133 0.0000 0.0893 0.3778 0.1991 0.0000 0.0205 0.0000
295      295   (0)     12  : 0.4002 0.0000 0.0000 0.4450 0.1243 0.0034 0.0271 0.0000
296      296   (0)     12  : 0.4789 0.1120 0.0000 0.0000 0.3162 0.0000 0.0929 0.0000
297      297   (0)     12  : 0.2858 0.0028 0.0000 0.5841 0.0936 0.0000 0.0338 0.0000
298      298   (0)     12  : 0.0130 0.0000 0.0570 0.7004 0.1008 0.1138 0.0032 0.0117
299      299   (0)     12  : 0.3349 0.0033 0.0920 0.2409 0.0300 0.1409 0.0000 0.1580
300      300   (0)     12  : 0.0166 0.0000 0.0000 0.9258 0.0576 0.0000 0.0000 0.0000
