  1        1   (0)      1 :  0.5290 0.0129 0.3904 0.0000 0.0000 0.0000 0.0000 0.0677 
  2        2   (0)      1 :  0.3501 0.0157 0.0294 0.0112 0.1554 0.0252 0.3760 0.0371 
  3        3   (0)      1 :  0.4776 0.0000 0.2051 0.1696 0.0511 0.0000 0.0966 0.0000 
  4        4   (0)      1 :  0.6214 0.1120 0.0000 0.0000 0.0337 0.0148 0.0238 0.1943 
  5        5   (0)      1 :  0.1108 0.1301 0.3518 0.0000 0.1098 0.0054 0.2493 0.0429 
  6        6   (0)      2 :  0.7014 0.0000 0.0000 0.2074 0.0912 0.0000 0.0000 0.0000 
  7        7   (0)      1 :  0.7147 0.0000 0.0000 0.0000 0.0069 0.0000 0.1079 0.1706 
  8        8   (0)      3 :  0.0000 0.0000 0.2742 0.1279 0.0643 0.5291 0.0000 0.0045 
  9        9   (0)      4 :  0.0212 0.6483 0.0000 0.1620 0.0000 0.1580 0.0000 0.0106 
 10       10   (0)      4 :  0.0501 0.0000 0.0148 0.1486 0.2275 0.3081 0.1791 0.0717 
 11       11   (0)      4 :  0.0253 0.1159 0.3648 0.0933 0.0626 0.2106 0.0000 0.1274 
 12       12   (0)      4 :  0.0336 0.9000 0.0000 0.0000 0.0000 0.0664 0.0000 0.0000 
 13       13   (0)      4 :  0.1790 0.0201 0.0000 0.0000 0.1383 0.4805 0.1441 0.0380 
 14       14   (0)      5 :  0.0462 0.0005 0.2035 0.1023 0.3117 0.1687 0.1303 0.0367 
 15       15   (0)      4 :  0.0000 0.0108 0.2526 0.1256 0.2345 0.3605 0.0000 0.0160 
 16       16   (0)      5 :  0.1667 0.0000 0.0122 0.0001 0.2892 0.3771 0.1301 0.0246 
 17       17   (0)      5 :  0.0000 0.0032 0.0000 0.1103 0.0981 0.5333 0.2135 0.0416 
 18       18   (0)      5 :  0.0000 0.0000 0.0815 0.2930 0.0601 0.5392 0.0000 0.0262 
 19       19   (0)      5 :  0.0000 0.0000 0.0000 0.0125 0.1179 0.7241 0.0749 0.0706 
 20       20   (0)      5 :  0.0023 0.0525 0.4740 0.0036 0.0233 0.2727 0.0000 0.1716 
 21       21   (0)      5 :  0.0000 0.0000 0.3201 0.0163 0.0261 0.6009 0.0000 0.0366 
 22       22   (0)      5 :  0.0054 0.0660 0.0722 0.1707 0.2977 0.1859 0.0692 0.1330 
 23       23   (0)      5 :  0.0000 0.0520 0.3142 0.0152 0.0000 0.5279 0.0000 0.0906 
 24       24   (0)      5 :  0.0019 0.0000 0.0000 0.1736 0.2417 0.5140 0.0339 0.0348 
 25       25   (0)      5 :  0.0000 0.0286 0.3864 0.0000 0.0895 0.4037 0.0000 0.0918 
 26       26   (0)      5 :  0.0000 0.1094 0.0000 0.0040 0.0860 0.7148 0.0023 0.0836 
 27       27   (0)      5 :  0.0000 0.0000 0.0000 0.0006 0.2889 0.2706 0.4139 0.0260 
 28       28   (0)      5 :  0.0000 0.0014 0.0827 0.1190 0.3930 0.2731 0.1302 0.0006 
 29       29   (0)      5 :  0.0000 0.0781 0.1610 0.0409 0.1084 0.3688 0.0114 0.2314 
 30       30   (0)      5 :  0.0000 0.0028 0.4371 0.0107 0.2588 0.1351 0.1527 0.0029 
 31       31   (0)      5 :  0.0000 0.0000 0.4456 0.0000 0.1924 0.2782 0.0749 0.0090 
 32       32   (0)      5 :  0.0020 0.0000 0.0396 0.0852 0.2127 0.2969 0.3399 0.0237 
 33       33   (0)      5 :  0.0000 0.0005 0.0000 0.0099 0.1619 0.7268 0.0587 0.0421 
 34       34   (0)      5 :  0.0000 0.0198 0.0865 0.0000 0.2924 0.4343 0.1302 0.0367 
 35       35   (0)      5 :  0.0235 0.0665 0.0516 0.0323 0.0622 0.5700 0.0000 0.1939 
 36       36   (0)      5 :  0.0000 0.2891 0.0245 0.0000 0.2224 0.2726 0.0406 0.1509 
 37       37   (0)      5 :  0.0000 0.0536 0.0049 0.0000 0.2184 0.3482 0.2576 0.1172 
 38       38   (0)      5 :  0.0000 0.0462 0.3167 0.0000 0.0510 0.3901 0.0000 0.1959 
 39       39   (0)      5 :  0.0000 0.0000 0.0000 0.0282 0.1734 0.3655 0.4154 0.0175 
 40       40   (0)      5 :  0.0178 0.0850 0.1776 0.0905 0.1276 0.2069 0.0000 0.2947 
 41       41   (0)      4 :  0.0000 0.4432 0.0000 0.0023 0.0000 0.5024 0.0047 0.0474 
 42       42   (0)      4 :  0.0000 0.0681 0.0605 0.1603 0.4396 0.0375 0.1246 0.1093 
 43       43   (0)      4 :  0.0000 0.0008 0.4913 0.1055 0.1874 0.2034 0.0000 0.0116 
 44       44   (0)      4 :  0.0129 0.1245 0.0000 0.0137 0.2458 0.2319 0.3550 0.0162 
 45       45   (0)      5 :  0.0248 0.1020 0.2713 0.0336 0.2706 0.0476 0.1225 0.1277 
 46       46   (0)      4 :  0.0000 0.0000 0.3648 0.2711 0.0000 0.3466 0.0000 0.0175 
 47       47   (0)      4 :  0.1795 0.0076 0.0092 0.0273 0.2236 0.2322 0.0593 0.2613 
 48       48   (0)      4 :  0.1039 0.1443 0.0000 0.0148 0.1433 0.4378 0.0675 0.0885 
 49       49   (0)      4 :  0.0201 0.1664 0.0025 0.0000 0.2029 0.5597 0.0202 0.0281 
 50       50   (0)      5 :  0.0401 0.1053 0.1007 0.0007 0.3306 0.0566 0.1438 0.2225 
 51       51   (0)      4 :  0.0132 0.0039 0.1421 0.0256 0.4896 0.1035 0.2157 0.0065 
 52       52   (0)      5 :  0.0431 0.0115 0.1565 0.1689 0.3721 0.2074 0.0143 0.0263 
 53       53   (0)      6 :  0.7942 0.0447 0.0000 0.0008 0.0514 0.0023 0.0000 0.1066 
 54       54   (0)      6 :  0.1364 0.0027 0.3324 0.0097 0.1279 0.2658 0.0687 0.0565 
 55       55   (0)      6 :  0.0432 0.9000 0.0000 0.0000 0.0000 0.0568 0.0000 0.0000 
 56       56   (0)      6 :  0.6479 0.0000 0.3378 0.0000 0.0000 0.0000 0.0000 0.0142 
 57       57   (0)      6 :  0.3431 0.0000 0.3634 0.0000 0.1456 0.0448 0.0235 0.0796 
 58       58   (0)      6 :  0.1414 0.0000 0.3732 0.0258 0.2881 0.0675 0.1040 0.0000 
 59       59   (0)      6 :  0.0927 0.0325 0.6674 0.0005 0.0141 0.1096 0.0000 0.0832 
 60       60   (0)      6 :  0.3046 0.0000 0.3711 0.0000 0.1011 0.1783 0.0215 0.0234 
 61       61   (0)      7 :  0.0435 0.0364 0.0007 0.0000 0.3097 0.2193 0.2019 0.1884 
 62       62   (0)      7 :  0.0232 0.0000 0.0024 0.1447 0.5340 0.0840 0.2094 0.0023 
 63       63   (0)      7 :  0.0717 0.0501 0.0998 0.0417 0.4529 0.0954 0.0689 0.1195 
 64       64   (0)      7 :  0.1790 0.0095 0.0000 0.0041 0.2566 0.1724 0.0948 0.2836 
 65       65   (0)      7 :  0.1079 0.0000 0.0000 0.0139 0.0650 0.5108 0.0000 0.3023 
 66       66   (0)      7 :  0.1990 0.1584 0.0287 0.0066 0.1370 0.0999 0.0000 0.3704 
 67       67   (0)      7 :  0.0952 0.0104 0.0000 0.2202 0.2573 0.2518 0.0143 0.1507 
 68       68   (0)      7 :  0.0158 0.0000 0.0000 0.0593 0.3743 0.1072 0.4340 0.0093 
 69       69   (0)      7 :  0.1989 0.0065 0.0429 0.0122 0.1781 0.3558 0.0089 0.1967 
 70       70   (0)      7 :  0.1291 0.0401 0.0000 0.0067 0.0494 0.5445 0.0000 0.2303 
 71       71   (0)      7 :  0.0709 0.0492 0.0206 0.0605 0.2781 0.0282 0.3343 0.1583 
 72       72   (0)      7 :  0.0698 0.0000 0.0000 0.0000 0.3081 0.3166 0.2481 0.0573 
 73       73   (0)      7 :  0.1866 0.0025 0.0000 0.0089 0.0420 0.6044 0.0000 0.1555 
 74       74   (0)      7 :  0.0885 0.0020 0.4565 0.0002 0.1301 0.1592 0.0000 0.1635 
 75       75   (0)      7 :  0.0000 0.0244 0.0009 0.0042 0.3518 0.2958 0.2276 0.0953 
 76       76   (0)      7 :  0.0303 0.0000 0.2835 0.0115 0.2883 0.1752 0.2052 0.0060 
 77       77   (0)      7 :  0.1265 0.0000 0.0000 0.0662 0.2169 0.3671 0.1607 0.0626 
 78       78   (0)      7 :  0.1111 0.1051 0.0000 0.0000 0.2212 0.1882 0.1118 0.2626 
 79       79   (0)      7 :  0.0725 0.0069 0.2243 0.0000 0.3049 0.2240 0.1428 0.0245 
 80       80   (0)      7 :  0.2414 0.0054 0.0000 0.0000 0.1266 0.4008 0.0000 0.2258 
 81       81   (0)      7 :  0.1513 0.0869 0.1309 0.0055 0.0905 0.1771 0.0000 0.3579 
 82       82   (0)      7 :  0.0463 0.0849 0.0000 0.0999 0.0985 0.4988 0.0000 0.1716 
 83       83   (0)      7 :  0.0761 0.0991 0.0000 0.0301 0.1131 0.3654 0.0000 0.3162 
 84       84   (0)      7 :  0.1046 0.1026 0.0000 0.0095 0.0462 0.5668 0.0000 0.1703 
 85       85   (0)      6 :  0.3615 0.0073 0.0000 0.0793 0.2251 0.0893 0.2374 0.0000 
 86       86   (0)      6 :  0.3161 0.0638 0.0934 0.0853 0.2913 0.0969 0.0512 0.0019 
 87       87   (0)      6 :  0.1382 0.0916 0.5359 0.0000 0.2023 0.0155 0.0078 0.0087 
 88       88   (0)      6 :  0.4242 0.0000 0.0076 0.0000 0.2173 0.0131 0.3378 0.0000 
 89       89   (0)      6 :  0.3814 0.0179 0.5288 0.0000 0.0315 0.0030 0.0000 0.0374 
 90       90   (0)      6 :  0.3882 0.0751 0.0875 0.0011 0.1306 0.1169 0.1877 0.0130 
 91       91   (0)      6 :  0.3566 0.0000 0.2526 0.0111 0.1742 0.0100 0.1956 0.0000 
 92       92   (0)      6 :  0.5221 0.0029 0.3022 0.0000 0.0190 0.0000 0.0000 0.1538 
 93       93   (0)      7 :  0.1779 0.0002 0.2954 0.0081 0.1705 0.2314 0.0136 0.1029 
 94       94   (0)      7 :  0.0445 0.8954 0.0000 0.0000 0.0000 0.0478 0.0000 0.0123 
 95       95   (0)      6 :  0.5514 0.1842 0.0231 0.0788 0.1368 0.0069 0.0187 0.0000 
 96       96   (0)      6 :  0.9873 0.0000 0.0000 0.0000 0.0000 0.0000 0.0000 0.0127 
 97       97   (0)      6 :  0.6408 0.0151 0.0000 0.0295 0.0000 0.2593 0.0000 0.0553 
 98       98   (0)      6 :  0.5262 0.0359 0.0098 0.1620 0.0952 0.1370 0.0000 0.0338 
 99       99   (0)      6 :  0.4219 0.0000 0.3234 0.1594 0.0953 0.0000 0.0000 0.0000 
100      100   (0)      6 :  0.5638 0.0000 0.2266 0.0000 0.1099 0.0000 0.0997 0.0000 
101      101   (0)      6 :  0.7276 0.0224 0.0000 0.1020 0.0892 0.0448 0.0000 0.0140 
102      102   (0)      6 :  0.6155 0.0000 0.0000 0.1374 0.2242 0.0000 0.0229 0.0000 
103      103   (0)      8 :  0.0719 0.1294 0.2869 0.0000 0.1500 0.0639 0.0000 0.2978 
104      104   (0)      8 :  0.0037 0.0192 0.4076 0.0000 0.3100 0.1609 0.0861 0.0125 
105      105   (0)      8 :  0.0046 0.0959 0.4650 0.0000 0.0514 0.0470 0.0000 0.3362 
106      106   (0)      8 :  0.0000 0.0035 0.0217 0.0000 0.2951 0.3207 0.3590 0.0000 
107      107   (0)      8 :  0.0000 0.0654 0.0000 0.0000 0.2350 0.4307 0.2541 0.0148 
108      108   (0)      8 :  0.0000 0.1022 0.3684 0.0813 0.0219 0.3862 0.0000 0.0400 
109      109   (0)      8 :  0.0000 0.0610 0.5243 0.0013 0.1842 0.1030 0.0390 0.0871 
110      110   (0)      8 :  0.0000 0.0428 0.6060 0.0037 0.1597 0.1787 0.0000 0.0092 
111      111   (0)      8 :  0.0077 0.1479 0.0667 0.0359 0.2385 0.1266 0.2474 0.1294 
112      112   (0)      8 :  0.0000 0.0272 0.2679 0.0950 0.2911 0.2048 0.0901 0.0240 
113      113   (0)      8 :  0.0000 0.0445 0.3707 0.0015 0.1844 0.0808 0.2262 0.0919 
114      114   (0)      8 :  0.0000 0.0155 0.0312 0.2333 0.3878 0.3054 0.0268 0.0000 
115      115   (0)      8 :  0.0225 0.9123 0.0000 0.0000 0.0000 0.0613 0.0000 0.0039 
116      116   (0)      8 :  0.0000 0.0000 0.8642 0.0000 0.0795 0.0507 0.0056 0.0000 
117      117   (0)      8 :  0.0107 0.1476 0.0085 0.0256 0.1378 0.2117 0.2579 0.2003 
118      118   (0)      8 :  0.0337 0.0370 0.0152 0.0705 0.2786 0.2052 0.3106 0.0492 
119      119   (0)      8 :  0.0000 0.0067 0.0069 0.0060 0.2354 0.2271 0.5150 0.0029 
120      120   (0)      8 :  0.0792 0.0468 0.0000 0.0000 0.2014 0.2000 0.4595 0.0132 
121      121   (0)      8 :  0.0000 0.0367 0.3212 0.0005 0.1940 0.1920 0.2556 0.0000 
122      122   (0)      8 :  0.0142 0.0360 0.2036 0.1014 0.0498 0.4290 0.0000 0.1660 
123      123   (0)      8 :  0.1355 0.0206 0.0446 0.0109 0.1577 0.1596 0.2706 0.2005 
124      124   (0)      8 :  0.0302 0.9000 0.0000 0.0000 0.0000 0.0622 0.0077 0.0000 
125      125   (0)      8 :  0.0000 0.0400 0.0147 0.2417 0.3066 0.1317 0.2465 0.0188 
126      126   (0)      3 :  0.0011 0.0650 0.3790 0.0107 0.0513 0.2692 0.0000 0.2237 
127      127   (0)      3 :  0.0000 0.0008 0.8383 0.0297 0.0648 0.0416 0.0097 0.0150 
128      128   (0)      3 :  0.0000 0.0328 0.0677 0.0000 0.2628 0.2519 0.3525 0.0323 
129      129   (0)      3 :  0.0000 0.0087 0.3074 0.0120 0.0520 0.2348 0.2566 0.1285 
130      130   (0)      3 :  0.0000 0.0093 0.5727 0.0093 0.1345 0.2741 0.0000 0.0001 
131      131   (0)      3 :  0.0000 0.0638 0.0008 0.0000 0.1714 0.3588 0.3056 0.0995 
132      132   (0)      3 :  0.0000 0.0944 0.1065 0.0000 0.2054 0.3388 0.2402 0.0146 
133      133   (0)      3 :  0.0000 0.0074 0.1870 0.0258 0.0885 0.4400 0.1691 0.0822 
134      134   (0)      3 :  0.0115 0.1481 0.0290 0.0006 0.1106 0.3978 0.1208 0.1817 
135      135   (0)      3 :  0.0133 0.2012 0.0000 0.0029 0.0582 0.4028 0.0412 0.2804 
136      136   (0)      3 :  0.0062 0.0787 0.0503 0.0000 0.2597 0.1998 0.1939 0.2114 
137      137   (0)      3 :  0.0111 0.0923 0.0747 0.0000 0.2821 0.1359 0.2116 0.1922 
138      138   (0)      3 :  0.0458 0.0283 0.0038 0.0000 0.2489 0.2745 0.2730 0.1256 
139      139   (0)      3 :  0.0029 0.0314 0.1262 0.0715 0.2227 0.2032 0.3420 0.0001 
140      140   (0)      3 :  0.0001 0.1265 0.5374 0.0000 0.0850 0.1309 0.0000 0.1200 
141      141   (0)      3 :  0.0000 0.0210 0.0003 0.0090 0.0773 0.3691 0.4186 0.1047 
142      142   (0)      3 :  0.0000 0.0000 0.2126 0.0238 0.0631 0.4528 0.2204 0.0273 
143      143   (0)      3 :  0.0000 0.0369 0.0004 0.0000 0.2251 0.3365 0.3616 0.0396 
144      144   (0)      3 :  0.0000 0.1035 0.5533 0.0000 0.0885 0.1477 0.0000 0.1071 
145      145   (0)      3 :  0.0000 0.0067 0.0764 0.1012 0.0985 0.4745 0.2189 0.0238 
146      146   (0)      3 :  0.0000 0.0000 0.2255 0.0204 0.1401 0.2089 0.3928 0.0123 
147      147   (0)      3 :  0.0000 0.1076 0.0052 0.0000 0.2665 0.2238 0.2680 0.1289 
148      148   (0)      3 :  0.0116 0.0332 0.0000 0.0684 0.1292 0.4068 0.2951 0.0558 
149      149   (0)      3 :  0.0000 0.0166 0.0045 0.0000 0.2756 0.2270 0.4612 0.0151 
150      150   (0)      3 :  0.0000 0.0071 0.0000 0.1732 0.1568 0.3982 0.2289 0.0358 
151      151   (0)      3 :  0.0000 0.0455 0.0000 0.0054 0.2331 0.3398 0.3737 0.0025 
152      152   (0)      3 :  0.0202 0.0536 0.2952 0.0075 0.0382 0.2896 0.0337 0.2621 
153      153   (0)      8 :  0.0000 0.0133 0.2659 0.2097 0.1234 0.3875 0.0000 0.0001 
154      154   (0)      8 :  0.0290 0.7418 0.0000 0.0000 0.0425 0.0952 0.0000 0.0915 
155      155   (0)      8 :  0.0000 0.0266 0.2896 0.0000 0.2079 0.1442 0.3010 0.0308 
156      156   (0)      8 :  0.2047 0.0781 0.0000 0.1563 0.1282 0.2032 0.2270 0.0026 
157      157   (0)      8 :  0.0131 0.0489 0.2983 0.0744 0.2252 0.1560 0.0699 0.1142 
158      158   (0)      8 :  0.0299 0.0727 0.2400 0.0352 0.1031 0.2912 0.0333 0.1946 
159      159   (0)      8 :  0.0088 0.1237 0.1450 0.1085 0.2235 0.1834 0.0209 0.1862 
160      160   (0)      1 :  0.3104 0.0022 0.0009 0.0000 0.0462 0.0398 0.5034 0.0972 
161      161   (0)      1 :  0.1991 0.0000 0.3092 0.1462 0.1532 0.0000 0.1924 0.0000 
162      162   (0)      1 :  0.1974 0.0000 0.0000 0.0189 0.0357 0.0173 0.6145 0.1161 
163      163   (0)      1 :  0.4144 0.0111 0.3705 0.0097 0.0000 0.0000 0.1296 0.0647 
164      164   (0)      1 :  0.2131 0.0000 0.0369 0.0170 0.0191 0.0000 0.7139 0.0000 
165      165   (0)      1 :  0.2288 0.0388 0.2494 0.0000 0.1398 0.0667 0.2075 0.0690 
166      166   (0)      1 :  0.3382 0.0000 0.0215 0.0000 0.0206 0.0016 0.5330 0.0851 
167      167   (0)      1 :  0.0361 0.0000 0.0988 0.0082 0.1647 0.0000 0.6922 0.0000 
168      168   (0)      2 :  0.0392 0.0000 0.6370 0.1831 0.0111 0.0000 0.1297 0.0000 
169      169   (0)      2 :  0.0700 0.0025 0.0000 0.0000 0.2346 0.1482 0.5150 0.0298 
170      170   (0)      2 :  0.0904 0.0076 0.0631 0.0029 0.1765 0.1280 0.5076 0.0238 
171      171   (0)      2 :  0.0000 0.0064 0.4827 0.1731 0.0673 0.2554 0.0000 0.0150 
172      172   (0)      2 :  0.0022 0.0306 0.1541 0.0014 0.2367 0.0014 0.5735 0.0000 
173      173   (0)      2 :  0.0053 0.0181 0.7823 0.0044 0.0571 0.1130 0.0000 0.0198 
174      174   (0)      2 :  0.3770 0.0010 0.1650 0.0465 0.0393 0.0003 0.3680 0.0029 
175      175   (0)      2 :  0.0176 0.0000 0.0427 0.6027 0.0969 0.1389 0.0923 0.0088 
176      176   (0)      1 :  0.1116 0.0008 0.4301 0.0101 0.0354 0.0813 0.2814 0.0493 
177      177   (0)      1 :  0.5192 0.0000 0.0000 0.1055 0.0917 0.0036 0.2076 0.0724 
178      178   (0)      1 :  0.3732 0.0387 0.4075 0.0177 0.0225 0.0736 0.0029 0.0639 
179      179   (0)      1 :  0.6492 0.0000 0.1509 0.0041 0.0000 0.0000 0.1404 0.0553 
180      180   (0)      1 :  0.5072 0.0000 0.4231 0.0690 0.0007 0.0000 0.0000 0.0000 
181      181   (0)      1 :  0.9626 0.0000 0.0000 0.0186 0.0090 0.0000 0.0098 0.0000 
182      182   (0)      2 :  0.2345 0.0000 0.4272 0.1854 0.1151 0.0011 0.0000 0.0367 
183      183   (0)      2 :  0.1316 0.0175 0.0069 0.0021 0.1860 0.0770 0.5548 0.0241 
184      184   (0)      2 :  0.0000 0.0000 0.7866 0.1694 0.0440 0.0000 0.0000 0.0000 
185      185   (0)      2 :  0.0000 0.0000 0.0021 0.0328 0.2555 0.0332 0.6764 0.0000 
186      186   (0)      2 :  0.0000 0.0000 0.2936 0.6405 0.0589 0.0070 0.0000 0.0000 
187      187   (0)      1 :  0.1035 0.0000 0.5313 0.2875 0.0777 0.0000 0.0000 0.0000 
188      188   (0)      1 :  0.3935 0.0793 0.0000 0.0039 0.0944 0.1382 0.2879 0.0028 
189      189   (0)      1 :  0.3666 0.0356 0.0709 0.2231 0.1315 0.0376 0.0038 0.1309 
190      190   (0)      1 :  0.5864 0.0000 0.0000 0.0000 0.0422 0.0000 0.3714 0.0000 
191      191   (0)      1 :  0.2031 0.0000 0.7027 0.0297 0.0052 0.0000 0.0024 0.0569 
192      192   (0)      1 :  0.5829 0.0000 0.0000 0.0506 0.0544 0.0000 0.2748 0.0373 
193      193   (0)      1 :  0.6150 0.0000 0.0001 0.0058 0.0106 0.0000 0.2799 0.0886 
194      194   (0)      1 :  0.4338 0.0559 0.4279 0.0084 0.0033 0.0211 0.0000 0.0496 
195      195   (0)      2 :  0.2339 0.0000 0.4148 0.0146 0.0485 0.0000 0.2817 0.0065 
196      196   (0)      2 :  0.0873 0.0050 0.4485 0.1613 0.1381 0.1593 0.0000 0.0006 
197      197   (0)      2 :  0.2566 0.0345 0.0000 0.0024 0.1575 0.0237 0.3998 0.1256 
198      198   (0)      2 :  0.2429 0.0050 0.1331 0.0005 0.0925 0.1391 0.3441 0.0429 
199      199   (0)      2 :  0.1264 0.0040 0.0000 0.0300 0.3107 0.0033 0.5257 0.0000 
200      200   (0)      2 :  0.0024 0.0000 0.8167 0.0259 0.0690 0.0174 0.0521 0.0166 
201      201   (0)      2 :  0.0772 0.0004 0.4503 0.2530 0.0037 0.0787 0.1346 0.0023 
202      202   (0)      2 :  0.1387 0.0132 0.0000 0.0058 0.0978 0.0344 0.6145 0.0957 
203      203   (0)      2 :  0.1172 0.0000 0.1444 0.0252 0.0244 0.0000 0.6888 0.0000 
204      204   (0)      2 :  0.0033 0.0030 0.1248 0.0225 0.1016 0.0411 0.7013 0.0024 
205      205   (0)      2 :  0.1381 0.0000 0.0217 0.0000 0.0970 0.0007 0.6200 0.1224 
206      206   (0)      2 :  0.0428 0.0466 0.1505 0.0091 0.1257 0.1330 0.4057 0.0867 
207      207   (0)      2 :  0.0171 0.0043 0.3897 0.0317 0.1507 0.0347 0.3569 0.0148 
208      208   (0)      9 :  0.0000 0.0164 0.4625 0.0304 0.0000 0.0000 0.2768 0.2139 
209      209   (0)      9 :  0.0024 0.1574 0.5419 0.0353 0.0039 0.0058 0.0325 0.2209 
210      210   (0)      9 :  0.0012 0.0257 0.0000 0.2920 0.1781 0.0203 0.4826 0.0000 
211      211   (0)      9 :  0.0857 0.0572 0.2347 0.2447 0.0900 0.0118 0.0797 0.1961 
212      212   (0)      9 :  0.0000 0.1187 0.5070 0.2712 0.0363 0.0128 0.0494 0.0047 
213      213   (0)      9 :  0.0130 0.0065 0.0000 0.2098 0.1415 0.0548 0.5744 0.0000 
214      214   (0)      9 :  0.0000 0.0339 0.4375 0.2644 0.0000 0.0038 0.2582 0.0022 
215      215   (0)      9 :  0.0000 0.0000 0.0000 0.1863 0.0583 0.0000 0.4971 0.2582 
216      216   (0)      9 :  0.0000 0.0000 0.0062 0.8943 0.0994 0.0000 0.0000 0.0000 
217      217   (0)      9 :  0.0132 0.0607 0.0000 0.0105 0.0592 0.0012 0.8100 0.0452 
218      218   (0)      9 :  0.0000 0.0602 0.2145 0.4143 0.0451 0.1368 0.0041 0.1251 
219      219   (0)      9 :  0.0049 0.0000 0.0002 0.1078 0.0371 0.0000 0.8500 0.0000 
220      220   (0)      9 :  0.0012 0.0061 0.5711 0.1878 0.0607 0.0000 0.1089 0.0643 
221      221   (0)      9 :  0.0171 0.0000 0.2341 0.0621 0.0438 0.0284 0.6133 0.0013 
222      222   (0)      9 :  0.0239 0.0004 0.3891 0.0192 0.0000 0.0000 0.3386 0.2287 
223      223   (0)      9 :  0.0000 0.0147 0.7664 0.1085 0.0243 0.0052 0.0162 0.0647 
224      224   (0)      9 :  0.0000 0.0194 0.0000 0.1196 0.0810 0.0250 0.7191 0.0359 
225      225   (0)      9 :  0.0000 0.0009 0.0000 0.0115 0.0651 0.0341 0.8833 0.0050 
226      226   (0)      9 :  0.0994 0.0016 0.0054 0.0307 0.0000 0.0017 0.4134 0.4478 
227      227   (0)      9 :  0.0420 0.0065 0.0000 0.4460 0.1215 0.0000 0.3840 0.0000 
228      228   (0)      9 :  0.0000 0.0000 0.2498 0.0893 0.0319 0.0000 0.6262 0.0027 
229      229   (0)      9 :  0.0038 0.0000 0.0000 0.0232 0.0000 0.0260 0.6832 0.2638 
230      230   (0)      9 :  0.0689 0.0000 0.0000 0.1968 0.0263 0.0000 0.7075 0.0004 
231      231   (0)      9 :  0.1023 0.0047 0.0000 0.0216 0.0005 0.0000 0.4322 0.4387 
232      232   (0)      9 :  0.0049 0.0000 0.4251 0.0330 0.0000 0.0000 0.3593 0.1777 
233      233   (0)      9 :  0.0877 0.0011 0.0188 0.3068 0.0773 0.0000 0.2238 0.2845 
234      234   (0)      9 :  0.0000 0.0000 0.0334 0.1101 0.0077 0.0000 0.8456 0.0032 
235      235   (0)      9 :  0.0000 0.0000 0.2554 0.2016 0.0658 0.0000 0.4557 0.0215 
236      236   (0)      9 :  0.0665 0.0400 0.0251 0.0308 0.0056 0.0024 0.3596 0.4700 
237      237   (0)     10 :  0.1616 0.0701 0.0162 0.0932 0.0794 0.0136 0.1750 0.3910 
238      238   (0)     10 :  0.1200 0.0000 0.0114 0.1483 0.0349 0.0000 0.6618 0.0237 
239      239   (0)     10 :  0.0000 0.0000 0.0000 0.0315 0.0199 0.0000 0.9475 0.0010 
240      240   (0)     10 :  0.0000 0.0000 0.8560 0.0450 0.0042 0.0000 0.0579 0.0369 
241      241   (0)     10 :  0.0067 0.0236 0.6733 0.0983 0.0000 0.0000 0.0274 0.1708 
242      242   (0)     10 :  0.0030 0.0267 0.0095 0.0963 0.0946 0.0272 0.6015 0.1412 
243      243   (0)     10 :  0.0190 0.0000 0.0015 0.0180 0.0049 0.0000 0.8061 0.1505 
244      244   (0)     10 :  0.2570 0.0000 0.3078 0.4034 0.0221 0.0000 0.0097 0.0000 
245      245   (0)     10 :  0.0649 0.0000 0.0681 0.3471 0.0951 0.0000 0.1681 0.2566 
246      246   (0)     10 :  0.0164 0.1292 0.0000 0.2672 0.1803 0.0286 0.0019 0.3765 
247      247   (0)     10 :  0.0811 0.0140 0.0000 0.0775 0.0225 0.0000 0.3789 0.4260 
248      248   (0)     10 :  0.0040 0.1117 0.0000 0.0234 0.1221 0.0367 0.2076 0.4945 
249      249   (0)     10 :  0.2863 0.0184 0.0000 0.0341 0.0163 0.0019 0.5231 0.1199 
250      250   (0)     10 :  0.2281 0.0213 0.1927 0.0062 0.0397 0.0502 0.1020 0.3598 
251      251   (0)     10 :  0.6459 0.0000 0.0000 0.2296 0.0401 0.0000 0.0059 0.0786 
252      252   (0)     10 :  0.0157 0.0284 0.1188 0.0735 0.0239 0.0375 0.2294 0.4728 
253      253   (0)     10 :  0.0172 0.0000 0.0000 0.2999 0.1321 0.0000 0.4029 0.1478 
254      254   (0)     10 :  0.1080 0.0014 0.3705 0.1149 0.0186 0.0000 0.2917 0.0950 
255      255   (0)     10 :  0.3723 0.0080 0.0000 0.2835 0.0147 0.1409 0.0000 0.1807 
256      256   (0)     10 :  0.3690 0.0168 0.0000 0.3081 0.2000 0.0013 0.0157 0.0890 
257      257   (0)     10 :  0.0921 0.0445 0.5019 0.0275 0.0107 0.0170 0.0083 0.2980 
258      258   (0)     10 :  0.2243 0.0000 0.0000 0.2357 0.0837 0.0000 0.0799 0.3764 
259      259   (0)     10 :  0.1203 0.0303 0.3723 0.1299 0.0486 0.0079 0.0082 0.2825 
260      260   (0)     10 :  0.0018 0.0038 0.0000 0.2202 0.0692 0.0000 0.6386 0.0664 
261      261   (0)     10 :  0.0199 0.0000 0.6134 0.2741 0.0748 0.0000 0.0000 0.0177 
262      262   (0)     10 :  0.1069 0.0000 0.0000 0.2042 0.2202 0.0011 0.1158 0.3518 
263      263   (0)     10 :  0.3041 0.1865 0.0000 0.1481 0.0755 0.0483 0.1179 0.1196 
264      264   (0)     11 :  0.0000 0.0725 0.0000 0.3610 0.0961 0.1937 0.0000 0.2767 
265      265   (0)     11 :  0.0000 0.0000 0.0000 0.5591 0.0878 0.0080 0.3201 0.0250 
266      266   (0)     11 :  0.0000 0.0089 0.0000 0.2107 0.1247 0.3934 0.0000 0.2624 
267      267   (0)     11 :  0.0000 0.0054 0.3775 0.1666 0.0775 0.2056 0.0021 0.1653 
268      268   (0)     11 :  0.0000 0.0000 0.0000 0.6285 0.0084 0.3056 0.0000 0.0575 
269      269   (0)     11 :  0.0000 0.0749 0.0000 0.4704 0.0836 0.1141 0.0000 0.2570 
270      270   (0)     11 :  0.0000 0.0000 0.0000 0.3134 0.0297 0.4365 0.1316 0.0889 
271      271   (0)     11 :  0.0000 0.0000 0.0035 0.8777 0.0000 0.0881 0.0000 0.0307 
272      272   (0)     11 :  0.0000 0.0000 0.0000 0.6711 0.0211 0.2760 0.0000 0.0319 
273      273   (0)     12 :  0.0000 0.0063 0.2025 0.0207 0.0779 0.0253 0.6602 0.0071 
274      274   (0)     12 :  0.0000 0.0118 0.4734 0.0400 0.0259 0.0092 0.2053 0.2344 
275      275   (0)     12 :  0.0000 0.0000 0.4250 0.0394 0.0023 0.0000 0.5114 0.0219 
276      276   (0)     12 :  0.0000 0.0000 0.9350 0.0591 0.0000 0.0000 0.0059 0.0000 
277      277   (0)     12 :  0.0989 0.0000 0.0000 0.2865 0.0776 0.0000 0.4934 0.0436 
278      278   (0)     12 :  0.0000 0.0119 0.4675 0.0390 0.0256 0.0218 0.3234 0.1109 
279      279   (0)     12 :  0.0000 0.0000 0.6587 0.0272 0.0020 0.0053 0.0737 0.2331 
280      280   (0)     12 :  0.0185 0.0195 0.0000 0.0025 0.0026 0.0123 0.6052 0.3394 
281      281   (0)     12 :  0.0095 0.0922 0.4497 0.0731 0.0035 0.0003 0.2915 0.0801 
282      282   (0)     12 :  0.0325 0.9000 0.0000 0.0000 0.0000 0.0652 0.0023 0.0000 
283      283   (0)     12 :  0.0000 0.0034 0.1740 0.0288 0.1152 0.0165 0.6543 0.0079 
284      284   (0)     12 :  0.0000 0.0500 0.6365 0.0274 0.0689 0.1460 0.0050 0.0662 
285      285   (0)     12 :  0.0000 0.0000 0.8463 0.0503 0.0000 0.0000 0.0828 0.0206 
286      286   (0)     12 :  0.0000 0.0000 0.2414 0.7543 0.0000 0.0027 0.0000 0.0016 
287      287   (0)     12 :  0.0421 0.0010 0.2324 0.1011 0.0143 0.0018 0.5893 0.0180 
288      288   (0)     12 :  0.0000 0.0000 0.2090 0.3039 0.1121 0.0000 0.3750 0.0000 
289      289   (0)     12 :  0.0010 0.0014 0.0318 0.1309 0.0344 0.0000 0.8000 0.0004 
290      290   (0)     12 :  0.1313 0.0167 0.0039 0.4781 0.0179 0.0843 0.0577 0.2101 
291      291   (0)     12 :  0.0000 0.0018 0.0534 0.1417 0.0994 0.1206 0.5145 0.0686 
292      292   (0)     12 :  0.0000 0.0000 0.0000 0.1435 0.1316 0.0000 0.7249 0.0000 
293      293   (0)     12 :  0.0000 0.0000 0.3690 0.2651 0.0214 0.0000 0.3445 0.0000 
294      294   (0)     12 :  0.0800 0.0000 0.4012 0.1986 0.0337 0.0000 0.2866 0.0000 
295      295   (0)     12 :  0.0000 0.0000 0.4677 0.1219 0.0168 0.0000 0.3917 0.0019 
296      296   (0)     12 :  0.0000 0.0000 0.0000 0.3216 0.0511 0.1123 0.5150 0.0000 
297      297   (0)     12 :  0.0000 0.0000 0.5954 0.0961 0.0186 0.0015 0.2884 0.0000 
298      298   (0)     12 :  0.0326 0.0908 0.5991 0.0906 0.0027 0.0000 0.0072 0.1770 
299      299   (0)     12 :  0.0522 0.1175 0.2149 0.0215 0.0220 0.0076 0.2062 0.3582 
300      300   (0)     12 :  0.0000 0.0000 0.9342 0.0481 0.0000 0.0000 0.0091 0.0085 
