1        1   (0)      1  : 0.0000 0.0000 0.3857 0.3673 0.0000 0.0176 0.0000 0.0000 0.2294
2        2   (0)      1  : 0.3806 0.0020 0.2665 0.0312 0.0016 0.0000 0.0603 0.0983 0.1594
3        3   (0)      1  : 0.0517 0.0000 0.2324 0.0887 0.2767 0.0000 0.0000 0.0000 0.3505
4        4   (0)      1  : 0.0061 0.0000 0.3913 0.0000 0.0000 0.0476 0.0000 0.2241 0.3309
5        5   (0)      1  : 0.2852 0.0000 0.1423 0.3607 0.0056 0.1374 0.0600 0.0004 0.0084
6        6   (0)      2  : 0.0000 0.0000 0.4821 0.0000 0.3061 0.0000 0.0000 0.0000 0.2118
7        7   (0)      1  : 0.0399 0.0000 0.3174 0.0000 0.0000 0.0000 0.0000 0.0000 0.6426
8        8   (0)      3  : 0.0000 0.5370 0.0000 0.1933 0.0419 0.0000 0.1690 0.0000 0.0588
9        9   (0)      4  : 0.0000 0.2275 0.0000 0.0000 0.0508 0.7218 0.0000 0.0000 0.0000
10       10   (0)      4  : 0.2828 0.5319 0.1263 0.0548 0.0000 0.0000 0.0042 0.0000 0.0000
11       11   (0)      4  : 0.0000 0.1020 0.0263 0.3082 0.0707 0.0485 0.0877 0.3166 0.0400
12       12   (0)      4  : 0.0000 0.0000 0.0000 0.0000 0.0000 1.0000 0.0000 0.0000 0.0000
13       13   (0)      4  : 0.0680 0.4844 0.1559 0.0000 0.0000 0.0278 0.1901 0.0187 0.0551
14       14   (0)      5  : 0.1979 0.2991 0.1526 0.2559 0.0609 0.0000 0.0134 0.0202 0.0000
15       15   (0)      4  : 0.0000 0.3353 0.0000 0.2006 0.1702 0.0173 0.2724 0.0043 0.0000
16       16   (0)      5  : 0.1038 0.3149 0.2158 0.0013 0.0148 0.0000 0.3438 0.0056 0.0000
17       17   (0)      5  : 0.2079 0.7178 0.0000 0.0000 0.0000 0.0000 0.0676 0.0000 0.0067
18       18   (0)      5  : 0.0000 0.6098 0.0000 0.0000 0.2691 0.0000 0.0865 0.0000 0.0346
19       19   (0)      5  : 0.0350 0.8838 0.0000 0.0000 0.0000 0.0000 0.0805 0.0002 0.0005
20       20   (0)      5  : 0.0000 0.2730 0.0000 0.4836 0.0000 0.0000 0.0141 0.1813 0.0480
21       21   (0)      5  : 0.0000 0.6542 0.0000 0.1957 0.0000 0.0000 0.1039 0.0000 0.0462
22       22   (0)      5  : 0.0673 0.2512 0.0319 0.1359 0.1784 0.0000 0.0705 0.2648 0.0000
23       23   (0)      5  : 0.0000 0.5362 0.0000 0.2649 0.0000 0.0664 0.0000 0.0937 0.0388
24       24   (0)      5  : 0.0029 0.6773 0.0245 0.0000 0.1340 0.0000 0.1597 0.0016 0.0000
25       25   (0)      5  : 0.0000 0.3117 0.0000 0.3638 0.0000 0.0000 0.1083 0.2162 0.0000
26       26   (0)      5  : 0.0000 0.6134 0.0000 0.0000 0.0000 0.0905 0.1513 0.1448 0.0000
27       27   (0)      5  : 0.5345 0.3572 0.0000 0.0000 0.0000 0.0000 0.1028 0.0055 0.0000
28       28   (0)      5  : 0.1440 0.3285 0.0209 0.0984 0.1310 0.0000 0.2704 0.0000 0.0067
29       29   (0)      5  : 0.0000 0.3416 0.0000 0.1827 0.0000 0.0000 0.0000 0.4757 0.0000
30       30   (0)      5  : 0.1746 0.3201 0.0000 0.4684 0.0000 0.0000 0.0185 0.0089 0.0096
31       31   (0)      5  : 0.0503 0.2169 0.0052 0.4282 0.0000 0.0000 0.2931 0.0021 0.0042
32       32   (0)      5  : 0.4105 0.4448 0.0381 0.0516 0.0119 0.0000 0.0410 0.0022 0.0000
33       33   (0)      5  : 0.0000 0.7971 0.0000 0.0000 0.0000 0.0000 0.1830 0.0199 0.0000
34       34   (0)      5  : 0.0007 0.2800 0.0000 0.0247 0.0422 0.0000 0.6402 0.0000 0.0122
35       35   (0)      5  : 0.0000 0.3848 0.0000 0.0327 0.0615 0.0762 0.2298 0.1955 0.0195
36       36   (0)      5  : 0.0000 0.0435 0.0000 0.0158 0.0000 0.2487 0.4037 0.2124 0.0760
37       37   (0)      5  : 0.2299 0.2346 0.0000 0.0118 0.0000 0.0000 0.2724 0.2513 0.0000
38       38   (0)      5  : 0.0000 0.2506 0.0000 0.3257 0.0000 0.0000 0.1310 0.2662 0.0264
39       39   (0)      5  : 0.4305 0.5467 0.0000 0.0000 0.0000 0.0000 0.0228 0.0000 0.0000
40       40   (0)      5  : 0.0000 0.1900 0.0000 0.2054 0.1560 0.0074 0.0721 0.2476 0.1215
41       41   (0)      4  : 0.0000 0.4744 0.0000 0.0000 0.0000 0.5052 0.0204 0.0000 0.0000
42       42   (0)      4  : 0.1318 0.0000 0.0000 0.0469 0.2967 0.0000 0.3296 0.1951 0.0000
43       43   (0)      4  : 0.0000 0.2226 0.0000 0.4786 0.1552 0.0000 0.1436 0.0000 0.0000
44       44   (0)      4  : 0.3933 0.3077 0.0338 0.0000 0.0050 0.1221 0.1229 0.0000 0.0152
45       45   (0)      5  : 0.1254 0.0153 0.0520 0.3043 0.0503 0.0352 0.1884 0.2290 0.0000
46       46   (0)      4  : 0.0000 0.4768 0.0000 0.2571 0.1526 0.0000 0.0228 0.0000 0.0908
47       47   (0)      4  : 0.0741 0.3741 0.1905 0.0321 0.0000 0.0000 0.0251 0.1963 0.1079
48       48   (0)      4  : 0.0327 0.5334 0.0896 0.0000 0.0000 0.1629 0.0596 0.0152 0.1066
49       49   (0)      4  : 0.0000 0.4611 0.0000 0.0000 0.0002 0.2004 0.3307 0.0076 0.0000
50       50   (0)      5  : 0.1473 0.0000 0.0633 0.1635 0.0038 0.0000 0.1978 0.4243 0.0000
51       51   (0)      4  : 0.3112 0.1380 0.0974 0.1740 0.0181 0.0000 0.2612 0.0000 0.0000
52       52   (0)      5  : 0.0000 0.0881 0.0708 0.0725 0.3298 0.0000 0.4345 0.0044 0.0000
53       53   (0)      6  : 0.0000 0.0043 0.9193 0.0000 0.0000 0.0374 0.0000 0.0000 0.0391
54       54   (0)      6  : 0.0890 0.3676 0.1875 0.3217 0.0000 0.0000 0.0237 0.0106 0.0000
55       55   (0)      6  : 0.0000 0.0000 0.0000 0.0000 0.0000 1.0000 0.0000 0.0000 0.0000
56       56   (0)      6  : 0.0000 0.0000 0.6714 0.3193 0.0000 0.0000 0.0000 0.0000 0.0094
57       57   (0)      6  : 0.0490 0.0574 0.4624 0.4151 0.0000 0.0000 0.0000 0.0000 0.0161
58       58   (0)      6  : 0.1264 0.1379 0.2466 0.4346 0.0067 0.0000 0.0478 0.0000 0.0000
59       59   (0)      6  : 0.0000 0.0833 0.0577 0.6736 0.0059 0.0550 0.0418 0.0000 0.0826
60       60   (0)      6  : 0.0000 0.2268 0.2694 0.3591 0.0000 0.0000 0.0257 0.0000 0.1190
61       61   (0)      7  : 0.1886 0.1987 0.0541 0.0146 0.0000 0.0096 0.2783 0.1003 0.1558
62       62   (0)      7  : 0.2980 0.0982 0.0891 0.0122 0.2337 0.0000 0.2687 0.0000 0.0000
63       63   (0)      7  : 0.0744 0.0500 0.2114 0.1702 0.0610 0.0000 0.1660 0.2669 0.0000
64       64   (0)      7  : 0.2687 0.0121 0.1878 0.0000 0.0537 0.0048 0.0719 0.4011 0.0000
65       65   (0)      7  : 0.0000 0.4287 0.0183 0.0000 0.0000 0.0000 0.0000 0.5071 0.0459
66       66   (0)      7  : 0.0000 0.0000 0.2636 0.0800 0.0116 0.0967 0.0000 0.5452 0.0030
67       67   (0)      7  : 0.0000 0.3329 0.1024 0.0000 0.3124 0.0000 0.0956 0.0807 0.0760
68       68   (0)      7  : 0.5759 0.2050 0.0934 0.0000 0.0708 0.0000 0.0549 0.0000 0.0000
69       69   (0)      7  : 0.0046 0.5454 0.2397 0.0418 0.0000 0.0000 0.0122 0.0299 0.1264
70       70   (0)      7  : 0.0000 0.4892 0.0241 0.0000 0.0000 0.0658 0.0000 0.3816 0.0394
71       71   (0)      7  : 0.3116 0.0000 0.1320 0.0712 0.1055 0.0000 0.1712 0.1588 0.0497
72       72   (0)      7  : 0.3076 0.2826 0.1269 0.0000 0.0000 0.0000 0.2283 0.0546 0.0000
73       73   (0)      7  : 0.0000 0.5233 0.1628 0.0000 0.0000 0.0181 0.0000 0.2959 0.0000
74       74   (0)      7  : 0.0000 0.2357 0.1217 0.5064 0.0000 0.0000 0.0000 0.0444 0.0918
75       75   (0)      7  : 0.2777 0.1792 0.0000 0.0074 0.0000 0.0005 0.2451 0.2900 0.0000
76       76   (0)      7  : 0.2786 0.3065 0.0802 0.3147 0.0000 0.0000 0.0199 0.0000 0.0000
77       77   (0)      7  : 0.2328 0.5602 0.1720 0.0000 0.0000 0.0000 0.0290 0.0053 0.0007
78       78   (0)      7  : 0.0484 0.0000 0.0943 0.0000 0.0000 0.0000 0.2497 0.6076 0.0000
79       79   (0)      7  : 0.0889 0.0000 0.1073 0.2036 0.0008 0.0000 0.4796 0.1198 0.0000
80       80   (0)      7  : 0.0000 0.0001 0.1162 0.0000 0.0000 0.0000 0.2126 0.6712 0.0000
81       81   (0)      7  : 0.0000 0.1793 0.0822 0.1615 0.0000 0.0000 0.0000 0.4686 0.1084
82       82   (0)      7  : 0.0000 0.3634 0.0043 0.0000 0.1206 0.0684 0.0685 0.3748 0.0000
83       83   (0)      7  : 0.0000 0.2232 0.0275 0.0000 0.0000 0.0000 0.0000 0.7494 0.0000
84       84   (0)      7  : 0.0000 0.4763 0.0146 0.0000 0.0000 0.1198 0.0000 0.3893 0.0000
85       85   (0)      6  : 0.3432 0.1532 0.4640 0.0000 0.0368 0.0022 0.0006 0.0000 0.0000
86       86   (0)      6  : 0.0361 0.0195 0.4050 0.0147 0.2275 0.0245 0.2452 0.0064 0.0211
87       87   (0)      6  : 0.0000 0.0218 0.2748 0.6241 0.0000 0.0793 0.0000 0.0000 0.0000
88       88   (0)      6  : 0.4005 0.0282 0.5055 0.0299 0.0000 0.0000 0.0250 0.0000 0.0110
89       89   (0)      6  : 0.0000 0.0029 0.4460 0.5421 0.0000 0.0068 0.0000 0.0022 0.0000
90       90   (0)      6  : 0.1651 0.0119 0.4658 0.0610 0.0000 0.0556 0.1925 0.0329 0.0151
91       91   (0)      6  : 0.1996 0.0000 0.4357 0.2526 0.0126 0.0000 0.0930 0.0000 0.0066
92       92   (0)      6  : 0.0000 0.0000 0.5463 0.3308 0.0000 0.0000 0.0000 0.0582 0.0646
93       93   (0)      7  : 0.0000 0.3319 0.2094 0.3268 0.0040 0.0000 0.0265 0.0010 0.1003
94       94   (0)      7  : 0.0000 0.0000 0.0000 0.0000 0.0000 1.0000 0.0000 0.0000 0.0000
95       95   (0)      6  : 0.0043 0.0000 0.6383 0.0436 0.1091 0.2044 0.0000 0.0000 0.0003
96       96   (0)      6  : 0.0000 0.0000 0.8685 0.0000 0.0000 0.0000 0.0000 0.0000 0.1315
97       97   (0)      6  : 0.0000 0.3021 0.5506 0.0000 0.0035 0.0263 0.0000 0.0045 0.1130
98       98   (0)      6  : 0.0000 0.1300 0.5743 0.0064 0.1908 0.0451 0.0440 0.0065 0.0031
99       99   (0)      6  : 0.0000 0.0000 0.5379 0.2903 0.1277 0.0000 0.0000 0.0000 0.0441
100      100   (0)      6  : 0.0822 0.0000 0.6333 0.2600 0.0000 0.0000 0.0000 0.0000 0.0245
101      101   (0)      6  : 0.0000 0.0584 0.8768 0.0000 0.0626 0.0022 0.0000 0.0000 0.0000
102      102   (0)      6  : 0.0048 0.0000 0.7684 0.0000 0.2204 0.0000 0.0065 0.0000 0.0000
103      103   (0)      8  : 0.0000 0.0000 0.0541 0.2781 0.0000 0.0149 0.2532 0.3502 0.0494
104      104   (0)      8  : 0.0000 0.0000 0.0286 0.3821 0.0096 0.0000 0.5736 0.0062 0.0000
105      105   (0)      8  : 0.0000 0.0000 0.0000 0.5791 0.0000 0.0000 0.0000 0.3022 0.1187
106      106   (0)      8  : 0.3203 0.1799 0.0000 0.0000 0.0000 0.0009 0.4989 0.0000 0.0000
107      107   (0)      8  : 0.1762 0.2808 0.0000 0.0000 0.0000 0.0794 0.4619 0.0017 0.0000
108      108   (0)      8  : 0.0000 0.3480 0.0000 0.3087 0.0285 0.1185 0.0720 0.0658 0.0585
109      109   (0)      8  : 0.0000 0.0000 0.0000 0.4957 0.0000 0.0000 0.3397 0.1495 0.0150
110      110   (0)      8  : 0.0000 0.0000 0.0000 0.3236 0.0341 0.0000 0.5862 0.0000 0.0560
111      111   (0)      8  : 0.0639 0.0000 0.0000 0.0091 0.1548 0.0034 0.5248 0.2249 0.0191
112      112   (0)      8  : 0.0000 0.0000 0.0000 0.1242 0.2103 0.0000 0.6392 0.0000 0.0262
113      113   (0)      8  : 0.1921 0.0000 0.0000 0.3652 0.0000 0.0000 0.2805 0.1560 0.0063
114      114   (0)      8  : 0.0000 0.0244 0.0000 0.0000 0.3445 0.0000 0.6310 0.0000 0.0000
115      115   (0)      8  : 0.0000 0.0000 0.0000 0.0000 0.0000 1.0000 0.0000 0.0000 0.0000
116      116   (0)      8  : 0.0000 0.0000 0.0000 0.7754 0.0000 0.0000 0.1900 0.0000 0.0347
117      117   (0)      8  : 0.1850 0.2129 0.0060 0.0182 0.0000 0.0670 0.1849 0.1837 0.1422
118      118   (0)      8  : 0.1033 0.0000 0.0038 0.0000 0.1673 0.0000 0.6363 0.0000 0.0893
119      119   (0)      8  : 0.4902 0.1467 0.0000 0.0033 0.0003 0.0000 0.3593 0.0000 0.0002
120      120   (0)      8  : 0.3657 0.0554 0.0584 0.0000 0.0000 0.0211 0.4342 0.0013 0.0639
121      121   (0)      8  : 0.1724 0.0129 0.0000 0.2318 0.0000 0.0032 0.5426 0.0000 0.0372
122      122   (0)      8  : 0.0000 0.4180 0.0067 0.1440 0.0422 0.0092 0.1568 0.0483 0.1747
123      123   (0)      8  : 0.1317 0.1537 0.0971 0.0609 0.0256 0.0000 0.2895 0.0000 0.2414
124      124   (0)      8  : 0.0000 0.0000 0.0000 0.0000 0.0000 1.0000 0.0000 0.0000 0.0000
125      125   (0)      8  : 0.1881 0.1150 0.0000 0.0058 0.3021 0.0267 0.3402 0.0001 0.0220
126      126   (0)      3  : 0.0000 0.2110 0.0000 0.3831 0.0000 0.0181 0.0902 0.2320 0.0657
127      127   (0)      3  : 0.0015 0.0475 0.0000 0.8414 0.0000 0.0000 0.0609 0.0000 0.0486
128      128   (0)      3  : 0.3000 0.0679 0.0000 0.0626 0.0000 0.0052 0.5147 0.0497 0.0000
129      129   (0)      3  : 0.2185 0.1959 0.0000 0.3130 0.0000 0.0000 0.1528 0.0418 0.0779
130      130   (0)      3  : 0.0000 0.0152 0.0000 0.3634 0.0310 0.0000 0.5280 0.0000 0.0624
131      131   (0)      3  : 0.1456 0.2075 0.0000 0.0000 0.0000 0.0346 0.4548 0.0000 0.1575
132      132   (0)      3  : 0.1007 0.1142 0.0000 0.0475 0.0000 0.0780 0.6149 0.0000 0.0446
133      133   (0)      3  : 0.0866 0.3235 0.0000 0.1419 0.0046 0.0000 0.2666 0.1277 0.0490
134      134   (0)      3  : 0.0728 0.3219 0.0033 0.0120 0.0000 0.1637 0.2822 0.0159 0.1281
135      135   (0)      3  : 0.0067 0.2963 0.0000 0.0000 0.0086 0.1763 0.1442 0.2125 0.1554
136      136   (0)      3  : 0.1071 0.0339 0.0003 0.0773 0.0000 0.0050 0.4140 0.2624 0.0998
137      137   (0)      3  : 0.0334 0.0000 0.0108 0.0780 0.0000 0.0000 0.5390 0.1418 0.1971
138      138   (0)      3  : 0.1554 0.1030 0.0322 0.0000 0.0000 0.0000 0.5312 0.0680 0.1102
139      139   (0)      3  : 0.2561 0.0001 0.0000 0.0157 0.1574 0.0000 0.5335 0.0000 0.0372
140      140   (0)      3  : 0.0000 0.0122 0.0000 0.4358 0.0000 0.0943 0.3122 0.0000 0.1454
141      141   (0)      3  : 0.3569 0.3543 0.0000 0.0030 0.0000 0.0111 0.1840 0.0070 0.0836
142      142   (0)      3  : 0.1888 0.5328 0.0000 0.1814 0.0000 0.0000 0.0775 0.0000 0.0195
143      143   (0)      3  : 0.1723 0.1354 0.0000 0.0000 0.0000 0.0000 0.6653 0.0061 0.0209
144      144   (0)      3  : 0.0000 0.0000 0.0000 0.4437 0.0000 0.0736 0.3706 0.0000 0.1121
145      145   (0)      3  : 0.1493 0.5162 0.0000 0.0612 0.0308 0.0000 0.2121 0.0000 0.0305
146      146   (0)      3  : 0.3853 0.2287 0.0000 0.2187 0.0000 0.0000 0.1384 0.0000 0.0289
147      147   (0)      3  : 0.1888 0.0014 0.0000 0.0000 0.0000 0.0096 0.5068 0.2894 0.0041
148      148   (0)      3  : 0.2961 0.5483 0.0012 0.0000 0.0000 0.0187 0.0552 0.0000 0.0804
149      149   (0)      3  : 0.4227 0.1146 0.0000 0.0000 0.0000 0.0000 0.4321 0.0306 0.0000
150      150   (0)      3  : 0.1425 0.2987 0.0000 0.0000 0.1982 0.0000 0.3069 0.0537 0.0000
151      151   (0)      3  : 0.3199 0.2522 0.0000 0.0000 0.0000 0.0385 0.3894 0.0000 0.0000
152      152   (0)      3  : 0.0095 0.3613 0.0067 0.2475 0.0000 0.0131 0.0438 0.0301 0.2879
153      153   (0)      8  : 0.0000 0.3194 0.0000 0.1469 0.1993 0.0000 0.2866 0.0000 0.0479
154      154   (0)      8  : 0.0000 0.0000 0.0000 0.0000 0.0000 0.7184 0.0003 0.2813 0.0000
155      155   (0)      8  : 0.2723 0.0415 0.0017 0.2758 0.0000 0.0000 0.3493 0.0562 0.0033
156      156   (0)      8  : 0.1049 0.2210 0.1317 0.0000 0.1255 0.0711 0.1809 0.0000 0.1648
157      157   (0)      8  : 0.0000 0.0743 0.0000 0.2507 0.1455 0.0018 0.3840 0.0000 0.1437
158      158   (0)      8  : 0.0000 0.2939 0.0103 0.2078 0.0000 0.0372 0.2093 0.0000 0.2414
159      159   (0)      8  : 0.0000 0.0539 0.0000 0.0725 0.1986 0.0899 0.4199 0.0036 0.1616
160      160   (0)      1  : 0.4148 0.0000 0.1790 0.0021 0.0000 0.0000 0.1074 0.0000 0.2967
161      161   (0)      1  : 0.2058 0.0000 0.1952 0.2803 0.2365 0.0000 0.0175 0.0000 0.0647
162      162   (0)      1  : 0.5569 0.0000 0.1353 0.0000 0.0178 0.0000 0.0420 0.0000 0.2480
163      163   (0)      1  : 0.0506 0.0000 0.2584 0.3543 0.0000 0.0134 0.0000 0.0000 0.3234
164      164   (0)      1  : 0.6105 0.0000 0.1055 0.0271 0.0000 0.0000 0.0000 0.0000 0.2568
165      165   (0)      1  : 0.0722 0.0000 0.1771 0.1994 0.0000 0.0000 0.3638 0.0255 0.1619
166      166   (0)      1  : 0.3917 0.0000 0.1606 0.0160 0.0000 0.0000 0.0040 0.0000 0.4277
167      167   (0)      1  : 0.7549 0.0000 0.0749 0.1321 0.0000 0.0000 0.0381 0.0000 0.0000
168      168   (0)      2  : 0.1298 0.0284 0.0243 0.5823 0.1234 0.0000 0.0000 0.0000 0.1117
169      169   (0)      2  : 0.5125 0.0057 0.0610 0.0000 0.0035 0.0000 0.3196 0.0763 0.0213
170      170   (0)      2  : 0.4782 0.0406 0.0692 0.0663 0.0000 0.0000 0.2673 0.0000 0.0783
171      171   (0)      2  : 0.0000 0.1782 0.0000 0.3777 0.2101 0.0000 0.1760 0.0185 0.0395
172      172   (0)      2  : 0.6554 0.0016 0.0260 0.2135 0.0000 0.0298 0.0738 0.0000 0.0000
173      173   (0)      2  : 0.0000 0.0071 0.0000 0.6671 0.0000 0.0000 0.2338 0.0001 0.0918
174      174   (0)      2  : 0.3551 0.0071 0.2374 0.1438 0.0056 0.0002 0.0000 0.0000 0.2507
175      175   (0)      2  : 0.1136 0.4214 0.0033 0.0000 0.3308 0.0000 0.0000 0.0000 0.1310
176      176   (0)      1  : 0.2104 0.0666 0.0445 0.3995 0.0000 0.0000 0.0666 0.0002 0.2122
177      177   (0)      1  : 0.0250 0.0000 0.2400 0.0000 0.2237 0.0000 0.0106 0.0000 0.5007
178      178   (0)      1  : 0.0000 0.0001 0.1716 0.3089 0.0000 0.0800 0.0876 0.0000 0.3519
179      179   (0)      1  : 0.0000 0.0000 0.3128 0.0450 0.0000 0.0000 0.0000 0.0000 0.6421
180      180   (0)      1  : 0.0000 0.0000 0.3517 0.2732 0.0763 0.0000 0.0102 0.0000 0.2887
181      181   (0)      1  : 0.0000 0.0000 0.4748 0.0000 0.0155 0.0000 0.0000 0.0000 0.5097
182      182   (0)      2  : 0.0000 0.0109 0.1542 0.3294 0.2687 0.0000 0.0274 0.0000 0.2093
183      183   (0)      2  : 0.5559 0.0856 0.0619 0.0137 0.0000 0.0122 0.1097 0.0000 0.1610
184      184   (0)      2  : 0.0000 0.0000 0.0000 0.7458 0.2025 0.0000 0.0000 0.0000 0.0517
185      185   (0)      2  : 0.8428 0.0704 0.0000 0.0050 0.0046 0.0000 0.0772 0.0000 0.0000
186      186   (0)      2  : 0.0000 0.1067 0.0000 0.2087 0.5774 0.0000 0.0000 0.0000 0.1071
187      187   (0)      1  : 0.0000 0.0000 0.0494 0.4134 0.4081 0.0000 0.0000 0.0000 0.1291
188      188   (0)      1  : 0.1374 0.0000 0.2646 0.0000 0.0129 0.0538 0.3107 0.0039 0.2166
189      189   (0)      1  : 0.0000 0.0000 0.1447 0.0000 0.3905 0.0000 0.1362 0.0000 0.3286
190      190   (0)      1  : 0.2447 0.0000 0.3116 0.0000 0.0025 0.0000 0.0000 0.0000 0.4412
191      191   (0)      1  : 0.0000 0.0000 0.0892 0.6062 0.0334 0.0000 0.0000 0.0000 0.2712
192      192   (0)      1  : 0.0979 0.0000 0.4151 0.0000 0.0872 0.0000 0.0000 0.0000 0.3998
193      193   (0)      1  : 0.1230 0.0000 0.2911 0.0000 0.0000 0.0000 0.0000 0.0000 0.5858
194      194   (0)      1  : 0.0000 0.0000 0.2000 0.3171 0.0000 0.0614 0.0231 0.0034 0.3950
195      195   (0)      2  : 0.2583 0.0000 0.1236 0.4134 0.0000 0.0000 0.0000 0.0000 0.2048
196      196   (0)      2  : 0.0000 0.0000 0.0292 0.2319 0.2751 0.0000 0.3526 0.0000 0.1113
197      197   (0)      2  : 0.3948 0.0382 0.1252 0.0000 0.0148 0.0436 0.0907 0.0001 0.2927
198      198   (0)      2  : 0.2558 0.0000 0.1393 0.0998 0.0000 0.0000 0.2179 0.1159 0.1713
199      199   (0)      2  : 0.5738 0.0060 0.1130 0.0000 0.0475 0.0042 0.1587 0.0000 0.0968
200      200   (0)      2  : 0.0828 0.0482 0.0061 0.8360 0.0000 0.0000 0.0000 0.0000 0.0268
201      201   (0)      2  : 0.1136 0.1765 0.0318 0.4075 0.1141 0.0000 0.0000 0.0000 0.1566
202      202   (0)      2  : 0.4847 0.0000 0.0642 0.0000 0.0087 0.0000 0.2131 0.0000 0.2293
203      203   (0)      2  : 0.6981 0.0000 0.0478 0.1634 0.0078 0.0000 0.0000 0.0000 0.0828
204      204   (0)      2  : 0.6929 0.0037 0.0001 0.1281 0.0000 0.0000 0.1399 0.0000 0.0354
205      205   (0)      2  : 0.3700 0.0000 0.0322 0.0362 0.0000 0.0000 0.0103 0.0000 0.5513
206      206   (0)      2  : 0.4157 0.0000 0.0165 0.1501 0.0041 0.0000 0.1524 0.2376 0.0236
207      207   (0)      2  : 0.4106 0.0668 0.0495 0.4232 0.0000 0.0000 0.0029 0.0318 0.0152
208      208   (0)      9  : 0.2667 0.0000 0.0000 0.4947 0.0000 0.0124 0.0000 0.0000 0.2262
209      209   (0)      9  : 0.0000 0.0000 0.0000 0.5479 0.0322 0.1803 0.0131 0.0000 0.2265
210      210   (0)      9  : 0.4527 0.0000 0.0000 0.0000 0.3953 0.0001 0.1262 0.0000 0.0257
211      211   (0)      9  : 0.0000 0.0000 0.0176 0.1592 0.3761 0.0361 0.0861 0.0000 0.3249
212      212   (0)      9  : 0.0000 0.0025 0.0000 0.3648 0.3125 0.0988 0.0997 0.0000 0.1217
213      213   (0)      9  : 0.5301 0.0000 0.0098 0.0000 0.2495 0.0000 0.1728 0.0000 0.0378
214      214   (0)      9  : 0.3060 0.0408 0.0000 0.3786 0.1511 0.0245 0.0021 0.0210 0.0758
215      215   (0)      9  : 0.4969 0.0000 0.0000 0.0000 0.2363 0.0000 0.0000 0.0000 0.2668
216      216   (0)      9  : 0.0000 0.0000 0.0000 0.0000 0.9188 0.0000 0.0000 0.0000 0.0812
217      217   (0)      9  : 0.8353 0.0000 0.0060 0.0000 0.0000 0.0106 0.0376 0.0670 0.0436
218      218   (0)      9  : 0.0000 0.1577 0.0000 0.1623 0.3008 0.0000 0.0000 0.2908 0.0884
219      219   (0)      9  : 0.9057 0.0000 0.0036 0.0000 0.0362 0.0000 0.0000 0.0000 0.0545
220      220   (0)      9  : 0.1072 0.0000 0.0000 0.5406 0.2671 0.0081 0.0000 0.0000 0.0770
221      221   (0)      9  : 0.6435 0.0590 0.0006 0.2261 0.0000 0.0000 0.0000 0.0000 0.0707
222      222   (0)      9  : 0.3579 0.0000 0.0039 0.4254 0.0000 0.0000 0.0000 0.0000 0.2128
223      223   (0)      9  : 0.0000 0.0000 0.0000 0.7612 0.0708 0.0000 0.0142 0.0775 0.0763
224      224   (0)      9  : 0.8846 0.0677 0.0000 0.0000 0.0207 0.0253 0.0000 0.0000 0.0017
225      225   (0)      9  : 0.9006 0.0000 0.0000 0.0000 0.0000 0.0000 0.0994 0.0000 0.0000
226      226   (0)      9  : 0.3963 0.0268 0.0315 0.0035 0.0000 0.0082 0.0000 0.0183 0.5154
227      227   (0)      9  : 0.3685 0.0000 0.0010 0.0000 0.5756 0.0008 0.0000 0.0000 0.0542
228      228   (0)      9  : 0.6739 0.0064 0.0000 0.2783 0.0102 0.0000 0.0000 0.0000 0.0312
229      229   (0)      9  : 0.7812 0.0157 0.0000 0.0000 0.0000 0.0000 0.0000 0.0369 0.1662
230      230   (0)      9  : 0.7462 0.0085 0.0820 0.0000 0.1399 0.0000 0.0000 0.0000 0.0235
231      231   (0)      9  : 0.4530 0.0041 0.0290 0.0000 0.0000 0.0086 0.0000 0.0000 0.5052
232      232   (0)      9  : 0.3507 0.0000 0.0000 0.4292 0.0000 0.0000 0.0000 0.0000 0.2201
233      233   (0)      9  : 0.0903 0.0000 0.0000 0.0000 0.5502 0.0000 0.0000 0.0000 0.3595
234      234   (0)      9  : 0.8967 0.0043 0.0000 0.0351 0.0125 0.0000 0.0000 0.0000 0.0515
235      235   (0)      9  : 0.4463 0.0000 0.0000 0.2882 0.2219 0.0000 0.0000 0.0000 0.0436
236      236   (0)      9  : 0.4071 0.0125 0.0075 0.0577 0.0005 0.0600 0.0000 0.0036 0.4511
237      237   (0)     10  : 0.1136 0.0000 0.0650 0.0263 0.2443 0.0348 0.0389 0.1280 0.3493
238      238   (0)     10  : 0.7241 0.0026 0.0865 0.0199 0.1334 0.0000 0.0000 0.0000 0.0335
239      239   (0)     10  : 1.0000 0.0000 0.0000 0.0000 0.0000 0.0000 0.0000 0.0000 0.0000
240      240   (0)     10  : 0.0654 0.0000 0.0000 0.8494 0.0303 0.0000 0.0000 0.0000 0.0549
241      241   (0)     10  : 0.0358 0.0000 0.0263 0.7106 0.0715 0.0349 0.0000 0.0000 0.1209
242      242   (0)     10  : 0.7482 0.0473 0.0186 0.0304 0.0423 0.0294 0.0000 0.0529 0.0310
243      243   (0)     10  : 0.9737 0.0000 0.0000 0.0000 0.0263 0.0000 0.0000 0.0000 0.0000
244      244   (0)     10  : 0.0000 0.0000 0.2176 0.1186 0.5390 0.0000 0.0000 0.0000 0.1248
245      245   (0)     10  : 0.1163 0.0000 0.0000 0.0295 0.5677 0.0000 0.0000 0.0000 0.2866
246      246   (0)     10  : 0.0000 0.0000 0.0000 0.0000 0.4329 0.0000 0.0000 0.5671 0.0000
247      247   (0)     10  : 0.3815 0.0000 0.0243 0.0000 0.1244 0.0257 0.0000 0.0107 0.4333
248      248   (0)     10  : 0.2106 0.0000 0.0000 0.0104 0.0977 0.0000 0.0000 0.5731 0.1082
249      249   (0)     10  : 0.5617 0.0001 0.2709 0.0000 0.0023 0.0035 0.0000 0.0641 0.0974
250      250   (0)     10  : 0.1228 0.0081 0.1995 0.2824 0.0000 0.0224 0.0000 0.2015 0.1633
251      251   (0)     10  : 0.0000 0.0000 0.5490 0.0000 0.3384 0.0000 0.0000 0.0000 0.1126
252      252   (0)     10  : 0.2548 0.0000 0.0000 0.2131 0.0358 0.0000 0.0000 0.2624 0.2338
253      253   (0)     10  : 0.4264 0.0000 0.0000 0.0000 0.5458 0.0000 0.0028 0.0000 0.0249
254      254   (0)     10  : 0.3224 0.0000 0.0612 0.3107 0.1704 0.0000 0.0000 0.0003 0.1350
255      255   (0)     10  : 0.0000 0.3018 0.2454 0.0000 0.2113 0.0259 0.0000 0.0014 0.2143
256      256   (0)     10  : 0.0369 0.0000 0.3558 0.0000 0.4900 0.0073 0.0108 0.0519 0.0473
257      257   (0)     10  : 0.0000 0.0000 0.0339 0.5185 0.0000 0.0533 0.0335 0.0348 0.3260
258      258   (0)     10  : 0.0000 0.0000 0.0582 0.0000 0.5344 0.0000 0.0000 0.0674 0.3400
259      259   (0)     10  : 0.0000 0.0000 0.0446 0.4035 0.2329 0.0000 0.0000 0.1124 0.2066
260      260   (0)     10  : 0.6594 0.0000 0.0000 0.0000 0.2770 0.0000 0.0000 0.0147 0.0488
261      261   (0)     10  : 0.0000 0.0000 0.0559 0.5730 0.3414 0.0000 0.0000 0.0000 0.0297
262      262   (0)     10  : 0.2104 0.0000 0.1247 0.0000 0.4089 0.0000 0.0000 0.0382 0.2178
263      263   (0)     10  : 0.1513 0.1074 0.2358 0.0000 0.0990 0.2151 0.0000 0.0100 0.1815
264      264   (0)     11  : 0.0000 0.1340 0.0000 0.0000 0.1061 0.0000 0.0000 0.7507 0.0092
265      265   (0)     11  : 0.5808 0.1093 0.0000 0.0000 0.1350 0.0000 0.0000 0.1606 0.0143
266      266   (0)     11  : 0.0000 0.0854 0.0000 0.0000 0.0000 0.0000 0.0000 0.9146 0.0000
267      267   (0)     11  : 0.0000 0.0558 0.0000 0.4134 0.0000 0.0000 0.0000 0.5299 0.0009
268      268   (0)     11  : 0.0000 0.4409 0.0000 0.0000 0.3379 0.0000 0.0000 0.1595 0.0617
269      269   (0)     11  : 0.0000 0.1149 0.0000 0.0000 0.1296 0.0000 0.0000 0.7554 0.0000
270      270   (0)     11  : 0.1817 0.5307 0.0000 0.0000 0.0752 0.0000 0.0000 0.2014 0.0110
271      271   (0)     11  : 0.0000 0.3018 0.0000 0.0023 0.4862 0.0000 0.0000 0.1218 0.0879
272      272   (0)     11  : 0.0000 0.4550 0.0000 0.0000 0.4382 0.0000 0.0000 0.0586 0.0482
273      273   (0)     12  : 0.6341 0.0000 0.0000 0.2150 0.0000 0.0000 0.1253 0.0000 0.0257
274      274   (0)     12  : 0.0490 0.0064 0.0000 0.6545 0.0000 0.0000 0.0000 0.0812 0.2090
275      275   (0)     12  : 0.5555 0.0000 0.0000 0.4004 0.0000 0.0000 0.0000 0.0000 0.0441
276      276   (0)     12  : 0.0000 0.0000 0.0000 0.9219 0.0000 0.0000 0.0000 0.0000 0.0781
277      277   (0)     12  : 0.5172 0.0000 0.0558 0.0000 0.3940 0.0000 0.0000 0.0000 0.0330
278      278   (0)     12  : 0.2914 0.0000 0.0000 0.4578 0.0114 0.0000 0.0900 0.0000 0.1494
279      279   (0)     12  : 0.0370 0.0000 0.0000 0.7472 0.0000 0.0000 0.0037 0.0000 0.2122
280      280   (0)     12  : 0.4986 0.0000 0.0039 0.0110 0.0000 0.0172 0.0228 0.0168 0.4297
281      281   (0)     12  : 0.3362 0.0002 0.0135 0.4757 0.0003 0.1078 0.0000 0.0000 0.0663
282      282   (0)     12  : 0.0000 0.0000 0.0000 0.0000 0.0000 1.0000 0.0000 0.0000 0.0000
283      283   (0)     12  : 0.6319 0.0036 0.0076 0.2121 0.0000 0.0000 0.1233 0.0000 0.0214
284      284   (0)     12  : 0.0000 0.0137 0.0000 0.5082 0.0303 0.0250 0.3250 0.0091 0.0886
285      285   (0)     12  : 0.0717 0.0022 0.0000 0.8548 0.0000 0.0000 0.0000 0.0000 0.0714
286      286   (0)     12  : 0.0000 0.1767 0.0000 0.1628 0.4939 0.0000 0.0000 0.0000 0.1667
287      287   (0)     12  : 0.6226 0.0248 0.0169 0.2419 0.0065 0.0031 0.0000 0.0000 0.0842
288      288   (0)     12  : 0.3957 0.0000 0.0000 0.1361 0.4063 0.0000 0.0000 0.0000 0.0619
289      289   (0)     12  : 0.8785 0.0158 0.0012 0.0390 0.0253 0.0003 0.0000 0.0000 0.0399
290      290   (0)     12  : 0.0000 0.2828 0.0374 0.0000 0.2703 0.0000 0.0000 0.0000 0.4096
291      291   (0)     12  : 0.5634 0.0771 0.0000 0.0276 0.1290 0.0027 0.1391 0.0055 0.0556
292      292   (0)     12  : 0.8744 0.0044 0.0057 0.0000 0.1063 0.0000 0.0000 0.0000 0.0092
293      293   (0)     12  : 0.3687 0.0054 0.0000 0.3069 0.2081 0.0000 0.0000 0.0000 0.1108
294      294   (0)     12  : 0.2868 0.0000 0.0355 0.3032 0.2284 0.0000 0.0000 0.0000 0.1461
295      295   (0)     12  : 0.4091 0.0016 0.0211 0.4612 0.0554 0.0000 0.0000 0.0000 0.0515
296      296   (0)     12  : 0.5924 0.2938 0.0000 0.0000 0.0686 0.0000 0.0000 0.0000 0.0452
297      297   (0)     12  : 0.3664 0.0132 0.0000 0.5334 0.0048 0.0000 0.0000 0.0000 0.0822
298      298   (0)     12  : 0.0000 0.0000 0.0034 0.5843 0.0764 0.1021 0.0000 0.0000 0.2338
299      299   (0)     12  : 0.1828 0.0000 0.0145 0.2346 0.0000 0.0807 0.0043 0.1378 0.3453
300      300   (0)     12  : 0.0000 0.0000 0.0000 0.9264 0.0000 0.0000 0.0000 0.0000 0.0736
