1        1   (0)      1  : 0.1576 0.0247 0.0000 0.4298 0.3876 0.0003
2        2   (0)      1  : 0.4217 0.0332 0.0927 0.3509 0.1015 0.0000
3        3   (0)      1  : 0.0000 0.0861 0.0881 0.0007 0.0000 0.8251
4        4   (0)      1  : 0.0579 0.0000 0.0000 0.6269 0.3152 0.0000
5        5   (0)      1  : 0.0000 0.0939 0.1169 0.7892 0.0000 0.0000
6        6   (0)      1  : 0.2065 0.0000 0.0004 0.0902 0.2756 0.4273
7        7   (0)      2  : 0.1174 0.0000 0.0000 0.8826 0.0000 0.0000
8        8   (0)      1  : 0.3442 0.0194 0.0000 0.6364 0.0000 0.0000
9        9   (0)      3  : 0.0088 0.0000 0.5361 0.0000 0.4552 0.0000
10       10   (0)      4  : 0.0000 0.0175 0.5990 0.3159 0.0000 0.0675
11       11   (0)      4  : 0.5160 0.0011 0.3810 0.0401 0.0618 0.0000
12       12   (0)      4  : 0.0000 0.0766 0.3828 0.1362 0.3887 0.0157
13       13   (0)      4  : 0.0000 0.0000 0.4809 0.3093 0.0000 0.2098
14       14   (0)      4  : 0.3270 0.0000 0.5164 0.1380 0.0000 0.0187
15       15   (0)      4  : 0.0079 0.0000 0.0000 0.0000 0.2002 0.7918
16       16   (0)      5  : 0.4142 0.0000 0.2202 0.1199 0.2281 0.0176
17       17   (0)      4  : 0.0000 0.0000 0.4513 0.0061 0.3861 0.1566
18       18   (0)      5  : 0.3782 0.0000 0.4204 0.1775 0.0239 0.0000
19       19   (0)      5  : 0.4039 0.0000 0.5961 0.0000 0.0000 0.0000
20       20   (0)      5  : 0.0000 0.0000 0.6322 0.0176 0.3426 0.0077
21       21   (0)      5  : 0.3021 0.0000 0.6979 0.0000 0.0000 0.0000
22       22   (0)      5  : 0.0000 0.0536 0.4089 0.0000 0.5376 0.0000
23       23   (0)      5  : 0.0000 0.0000 0.6207 0.0000 0.3793 0.0000
24       24   (0)      5  : 0.1907 0.0609 0.4373 0.1307 0.1804 0.0000
25       25   (0)      5  : 0.0000 0.0194 0.6215 0.0000 0.3591 0.0000
26       26   (0)      5  : 0.2421 0.0000 0.6830 0.0670 0.0000 0.0079
27       27   (0)      5  : 0.0075 0.0000 0.5730 0.0000 0.4194 0.0000
28       28   (0)      5  : 0.0864 0.0000 0.9136 0.0000 0.0000 0.0000
29       29   (0)      5  : 0.7656 0.0000 0.2344 0.0000 0.0000 0.0000
30       30   (0)      5  : 0.3629 0.0000 0.3959 0.0756 0.1631 0.0025
31       31   (0)      5  : 0.0099 0.0892 0.6690 0.0000 0.2318 0.0000
32       32   (0)      5  : 0.5128 0.0000 0.1348 0.0000 0.3524 0.0000
33       33   (0)      5  : 0.3844 0.0000 0.2913 0.0000 0.3243 0.0000
34       34   (0)      5  : 0.6536 0.0000 0.2639 0.0000 0.0825 0.0000
35       35   (0)      5  : 0.2239 0.0000 0.7761 0.0000 0.0000 0.0000
36       36   (0)      5  : 0.3302 0.0166 0.5246 0.0000 0.1286 0.0000
37       37   (0)      5  : 0.0000 0.0000 0.7511 0.0931 0.1558 0.0000
38       38   (0)      5  : 0.3433 0.0000 0.6280 0.0277 0.0009 0.0000
39       39   (0)      5  : 0.4460 0.0404 0.5137 0.0000 0.0000 0.0000
40       40   (0)      5  : 0.0000 0.0000 0.5915 0.0000 0.4085 0.0000
41       41   (0)      5  : 0.6510 0.0000 0.3490 0.0000 0.0000 0.0000
42       42   (0)      5  : 0.0000 0.0000 0.0000 0.0408 0.0000 0.9592
43       43   (0)      5  : 0.0000 0.0262 0.4759 0.1498 0.3481 0.0000
44       44   (0)      4  : 0.0000 0.0000 0.9046 0.0000 0.0000 0.0954
45       45   (0)      4  : 0.3409 0.0502 0.2836 0.1448 0.1196 0.0609
46       46   (0)      4  : 0.0000 0.0000 0.2646 0.0000 0.6345 0.1009
47       47   (0)      4  : 0.6025 0.0000 0.3491 0.0483 0.0000 0.0000
48       48   (0)      5  : 0.3100 0.0715 0.2624 0.0713 0.2674 0.0174
49       49   (0)      4  : 0.0000 0.0000 0.4036 0.0000 0.5964 0.0000
50       50   (0)      4  : 0.0000 0.0000 0.0000 0.0000 0.0917 0.9083
51       51   (0)      4  : 0.3843 0.0851 0.3850 0.1456 0.0000 0.0000
52       52   (0)      4  : 0.0000 0.0766 0.0000 0.0000 0.0716 0.8517
53       53   (0)      4  : 0.2935 0.0000 0.5999 0.1065 0.0000 0.0000
54       54   (0)      4  : 0.0000 0.0000 0.0000 0.0000 0.0000 1.0000
55       55   (0)      4  : 0.1481 0.0000 0.0654 0.0000 0.0000 0.7865
56       56   (0)      4  : 0.1089 0.0000 0.7182 0.0766 0.0657 0.0305
57       57   (0)      5  : 0.4530 0.1039 0.2812 0.0888 0.0732 0.0000
58       58   (0)      4  : 0.2211 0.0922 0.0000 0.0000 0.1484 0.5383
59       59   (0)      4  : 0.0000 0.0000 0.0817 0.0000 0.0177 0.9006
60       60   (0)      4  : 0.5338 0.0000 0.2226 0.0209 0.1606 0.0620
61       61   (0)      5  : 0.1090 0.0000 0.3455 0.1972 0.3056 0.0426
62       62   (0)      6  : 0.0000 0.0000 0.1295 0.1352 0.0000 0.7352
63       63   (0)      6  : 0.0000 0.1396 0.0000 0.0000 0.0621 0.7983
64       64   (0)      6  : 0.0000 0.0000 0.0325 0.9675 0.0000 0.0000
65       65   (0)      6  : 0.3285 0.0000 0.2962 0.1041 0.2712 0.0000
66       66   (0)      6  : 0.0000 0.0000 0.4545 0.4574 0.0000 0.0881
67       67   (0)      6  : 0.0000 0.0000 0.0000 0.6534 0.3466 0.0000
68       68   (0)      6  : 0.2893 0.0000 0.0282 0.3562 0.3062 0.0201
69       69   (0)      6  : 0.3456 0.0000 0.0827 0.1077 0.4152 0.0487
70       70   (0)      6  : 0.0000 0.0000 0.1269 0.1561 0.7169 0.0000
71       71   (0)      6  : 0.2672 0.0000 0.1559 0.2314 0.3456 0.0000
72       72   (0)      7  : 0.5429 0.0000 0.3824 0.0747 0.0000 0.0000
73       73   (0)      7  : 0.5695 0.0000 0.1389 0.1726 0.0304 0.0885
74       74   (0)      7  : 0.2970 0.0400 0.3110 0.2364 0.0969 0.0187
75       75   (0)      7  : 0.3915 0.0182 0.2994 0.2312 0.0000 0.0596
76       76   (0)      7  : 0.1539 0.0145 0.7449 0.0866 0.0000 0.0000
77       77   (0)      7  : 0.0958 0.1237 0.4212 0.3246 0.0346 0.0000
78       78   (0)      7  : 0.2513 0.0000 0.3885 0.3148 0.0000 0.0453
79       79   (0)      7  : 0.7812 0.0000 0.1173 0.1015 0.0000 0.0000
80       80   (0)      7  : 0.3102 0.0000 0.4636 0.1956 0.0306 0.0000
81       81   (0)      7  : 0.0085 0.0000 0.7990 0.1925 0.0000 0.0000
82       82   (0)      7  : 0.5560 0.0851 0.1399 0.1664 0.0109 0.0417
83       83   (0)      7  : 0.0000 0.0654 0.0000 0.1174 0.0000 0.8172
84       84   (0)      7  : 0.5094 0.0000 0.4013 0.0830 0.0000 0.0064
85       85   (0)      7  : 0.0727 0.0003 0.7370 0.1900 0.0000 0.0000
86       86   (0)      7  : 0.2061 0.0000 0.0000 0.0000 0.0026 0.7913
87       87   (0)      7  : 0.2044 0.0000 0.2477 0.1099 0.4379 0.0000
88       88   (0)      7  : 0.0000 0.0000 0.0194 0.0000 0.0940 0.8866
89       89   (0)      7  : 0.4755 0.0045 0.5104 0.0000 0.0000 0.0095
90       90   (0)      7  : 0.4754 0.0000 0.1981 0.0075 0.3019 0.0172
91       91   (0)      7  : 0.5177 0.0000 0.4227 0.0596 0.0000 0.0000
92       92   (0)      7  : 0.2333 0.1062 0.5175 0.1431 0.0000 0.0000
93       93   (0)      7  : 0.4086 0.0000 0.3135 0.0593 0.1730 0.0456
94       94   (0)      7  : 0.0562 0.0000 0.6751 0.2687 0.0000 0.0000
95       95   (0)      7  : 0.0738 0.0966 0.5215 0.1689 0.1392 0.0000
96       96   (0)      7  : 0.0000 0.0000 0.7810 0.2190 0.0000 0.0000
97       97   (0)      7  : 0.0000 0.0605 0.8246 0.1149 0.0000 0.0000
98       98   (0)      7  : 0.0000 0.0000 0.8679 0.1321 0.0000 0.0000
99       99   (0)      7  : 0.0000 0.0210 0.0333 0.1971 0.0000 0.7486
100      100   (0)      6  : 0.4354 0.0000 0.1227 0.4420 0.0000 0.0000
101      101   (0)      6  : 0.1618 0.0000 0.1923 0.4732 0.1329 0.0398
102      102   (0)      6  : 0.1734 0.0000 0.0657 0.1949 0.4994 0.0666
103      103   (0)      6  : 0.5681 0.0000 0.0000 0.4319 0.0000 0.0000
104      104   (0)      6  : 0.0000 0.0000 0.0000 0.3440 0.6221 0.0339
105      105   (0)      6  : 0.2321 0.0000 0.1751 0.5157 0.0770 0.0000
106      106   (0)      6  : 0.3339 0.0000 0.0000 0.3700 0.2578 0.0383
107      107   (0)      6  : 0.1014 0.0531 0.0000 0.5499 0.2956 0.0000
108      108   (0)      6  : 0.0000 0.0000 0.0000 0.0956 0.0000 0.9044
109      109   (0)      7  : 0.2595 0.0000 0.2786 0.1648 0.2803 0.0168
110      110   (0)      7  : 0.0000 0.0000 0.4143 0.3892 0.0000 0.1964
111      111   (0)      8  : 0.0656 0.0000 0.0796 0.7354 0.0014 0.1180
112      112   (0)      6  : 0.0000 0.0000 0.0000 1.0000 0.0000 0.0000
113      113   (0)      6  : 0.0000 0.0000 0.0000 0.0860 0.0000 0.9140
114      114   (0)      6  : 0.0000 0.0000 0.3283 0.6717 0.0000 0.0000
115      115   (0)      6  : 0.0000 0.1709 0.0667 0.3039 0.0000 0.4586
116      116   (0)      6  : 0.0000 0.0216 0.2033 0.6460 0.1280 0.0012
117      117   (0)      6  : 0.0000 0.0000 0.0000 0.5768 0.4232 0.0000
118      118   (0)      6  : 0.2301 0.0000 0.0000 0.6121 0.1577 0.0000
119      119   (0)      6  : 0.0000 0.0000 0.1044 0.8956 0.0000 0.0000
120      120   (0)      6  : 0.1619 0.0000 0.0000 0.7886 0.0260 0.0235
121      121   (0)      6  : 0.0000 0.0305 0.0000 0.1831 0.0000 0.7864
122      122   (0)      9  : 0.0000 0.1218 0.3365 0.1715 0.3701 0.0000
123      123   (0)      9  : 0.3018 0.0000 0.2483 0.0000 0.3907 0.0591
124      124   (0)      9  : 0.0000 0.1210 0.2326 0.0000 0.6465 0.0000
125      125   (0)      9  : 0.6228 0.0000 0.3352 0.0000 0.0257 0.0164
126      126   (0)      9  : 0.4930 0.0000 0.5070 0.0000 0.0000 0.0000
127      127   (0)      9  : 0.0000 0.0000 0.5475 0.0000 0.4525 0.0000
128      128   (0)      9  : 0.2129 0.0393 0.2497 0.0000 0.4981 0.0000
129      129   (0)      9  : 0.0000 0.0000 0.2557 0.0000 0.6685 0.0757
130      130   (0)      9  : 0.3074 0.0368 0.3976 0.1298 0.1285 0.0000
131      131   (0)      9  : 0.2772 0.0000 0.3021 0.0350 0.3747 0.0111
132      132   (0)      9  : 0.4162 0.0377 0.2078 0.0000 0.3383 0.0000
133      133   (0)      9  : 0.1955 0.0000 0.4310 0.1285 0.2018 0.0433
134      134   (0)      9  : 0.0000 0.0187 0.6424 0.2418 0.0000 0.0971
135      135   (0)      9  : 0.0925 0.0000 0.0210 0.0000 0.8865 0.0000
136      136   (0)      9  : 0.4318 0.0789 0.4108 0.0785 0.0000 0.0000
137      137   (0)      9  : 0.5531 0.0000 0.2621 0.1514 0.0333 0.0000
138      138   (0)      9  : 0.7360 0.0000 0.2314 0.0000 0.0189 0.0137
139      139   (0)      9  : 0.7072 0.0000 0.2305 0.0623 0.0000 0.0000
140      140   (0)      9  : 0.4314 0.0000 0.2252 0.0000 0.3433 0.0000
141      141   (0)      9  : 0.0000 0.0000 0.5642 0.0080 0.4278 0.0000
142      142   (0)      9  : 0.5807 0.0152 0.1904 0.1610 0.0527 0.0000
143      143   (0)      9  : 0.0000 0.0000 0.4508 0.3224 0.0000 0.2268
144      144   (0)      9  : 0.3671 0.0135 0.2595 0.0968 0.2119 0.0511
145      145   (0)      3  : 0.0559 0.0545 0.4299 0.0000 0.4596 0.0000
146      146   (0)      3  : 0.1942 0.0781 0.0259 0.0000 0.1437 0.5582
147      147   (0)      3  : 0.0854 0.0000 0.0449 0.0000 0.8697 0.0000
148      148   (0)      3  : 0.5902 0.0124 0.3029 0.0000 0.0217 0.0729
149      149   (0)      3  : 0.4747 0.0000 0.2479 0.0000 0.2773 0.0000
150      150   (0)      3  : 0.0000 0.0000 0.2851 0.0000 0.6199 0.0950
151      151   (0)      3  : 0.5863 0.0000 0.4137 0.0000 0.0000 0.0000
152      152   (0)      3  : 0.5169 0.0000 0.3932 0.0000 0.0899 0.0000
153      153   (0)      3  : 0.2459 0.0223 0.4714 0.0000 0.2604 0.0000
154      154   (0)      3  : 0.3281 0.0346 0.5399 0.0537 0.0437 0.0000
155      155   (0)      3  : 0.2297 0.0543 0.6497 0.0093 0.0000 0.0569
156      156   (0)      3  : 0.4813 0.1154 0.4033 0.0000 0.0000 0.0000
157      157   (0)      3  : 0.5559 0.0650 0.3412 0.0204 0.0176 0.0000
158      158   (0)      3  : 0.5624 0.0173 0.4026 0.0177 0.0000 0.0000
159      159   (0)      3  : 0.2816 0.1729 0.0000 0.0000 0.0000 0.5455
160      160   (0)      3  : 0.4556 0.0000 0.2422 0.0705 0.2316 0.0000
161      161   (0)      3  : 0.0122 0.0000 0.2708 0.0331 0.6839 0.0000
162      162   (0)      3  : 0.6335 0.0000 0.3665 0.0000 0.0000 0.0000
163      163   (0)      3  : 0.3419 0.0000 0.4193 0.0000 0.2389 0.0000
164      164   (0)      3  : 0.5778 0.0085 0.4137 0.0000 0.0000 0.0000
165      165   (0)      3  : 0.0000 0.0000 0.2676 0.0106 0.7069 0.0150
166      166   (0)      3  : 0.3819 0.0000 0.4910 0.0000 0.1271 0.0000
167      167   (0)      3  : 0.6192 0.0000 0.1644 0.0000 0.2164 0.0000
168      168   (0)      3  : 0.4894 0.0632 0.4433 0.0000 0.0042 0.0000
169      169   (0)      3  : 0.5443 0.0000 0.4557 0.0000 0.0000 0.0000
170      170   (0)      3  : 0.7378 0.0000 0.2495 0.0000 0.0000 0.0127
171      171   (0)      3  : 0.4309 0.0000 0.4420 0.0972 0.0299 0.0000
172      172   (0)      3  : 0.6203 0.0000 0.3797 0.0000 0.0000 0.0000
173      173   (0)      3  : 0.2159 0.0204 0.3757 0.0232 0.3648 0.0000
174      174   (0)      9  : 0.0138 0.0000 0.4330 0.0138 0.5394 0.0000
175      175   (0)      9  : 0.0000 0.0618 0.5946 0.3435 0.0000 0.0000
176      176   (0)      9  : 0.5397 0.0138 0.1974 0.0000 0.2492 0.0000
177      177   (0)      9  : 0.4249 0.0000 0.2638 0.3113 0.0000 0.0000
178      178   (0)      9  : 0.2910 0.0041 0.2415 0.0854 0.3781 0.0000
179      179   (0)      9  : 0.1951 0.0307 0.3616 0.0672 0.3454 0.0000
180      180   (0)      9  : 0.1676 0.0000 0.3489 0.1465 0.2898 0.0471
181      181   (0)      1  : 0.7100 0.0000 0.0299 0.2601 0.0000 0.0000
182      182   (0)      1  : 0.2682 0.0000 0.0000 0.3072 0.3886 0.0360
183      183   (0)      1  : 0.7108 0.0000 0.0000 0.2892 0.0000 0.0000
184      184   (0)      1  : 0.1971 0.0000 0.0000 0.3747 0.3905 0.0377
185      185   (0)      1  : 0.7439 0.0000 0.0000 0.2025 0.0537 0.0000
186      186   (0)      1  : 0.3225 0.0392 0.1813 0.2093 0.2478 0.0000
187      187   (0)      1  : 0.6630 0.0000 0.0000 0.3198 0.0172 0.0000
188      188   (0)      1  : 0.9233 0.0000 0.0000 0.0063 0.0703 0.0000
189      189   (0)      2  : 0.1729 0.0112 0.0000 0.1203 0.6899 0.0057
190      190   (0)      2  : 0.7231 0.0000 0.2048 0.0632 0.0000 0.0089
191      191   (0)      2  : 0.7018 0.0000 0.1440 0.0825 0.0641 0.0075
192      192   (0)      2  : 0.0000 0.0000 0.2853 0.0647 0.6499 0.0000
193      193   (0)      2  : 0.8634 0.0000 0.0400 0.0000 0.0967 0.0000
194      194   (0)      2  : 0.0000 0.0000 0.1493 0.0000 0.8507 0.0000
195      195   (0)      2  : 0.3059 0.0000 0.0000 0.4343 0.2598 0.0000
196      196   (0)      2  : 0.1229 0.0000 0.2974 0.1703 0.4093 0.0000
197      197   (0)      1  : 0.3764 0.0000 0.0673 0.0554 0.5009 0.0000
198      198   (0)      1  : 0.3951 0.0000 0.0000 0.6049 0.0000 0.0000
199      199   (0)      1  : 0.0000 0.0000 0.0979 0.3641 0.5380 0.0000
200      200   (0)      1  : 0.0000 0.0000 0.0000 0.7293 0.2707 0.0000
201      201   (0)      1  : 0.0000 0.0000 0.0000 0.5109 0.4751 0.0140
202      202   (0)      1  : 0.0000 0.0000 0.0000 1.0000 0.0000 0.0000
203      203   (0)      2  : 0.0000 0.0000 0.0980 0.0000 0.3106 0.5914
204      204   (0)      2  : 0.0103 0.0000 0.0180 0.3612 0.6105 0.0000
205      205   (0)      2  : 0.0000 0.0145 0.0840 0.0000 0.0064 0.8951
206      206   (0)      2  : 0.7789 0.0000 0.0850 0.1359 0.0002 0.0000
207      207   (0)      2  : 0.0000 0.0000 0.0000 0.0000 0.8709 0.1291
208      208   (0)      2  : 0.9219 0.0000 0.0000 0.0000 0.0000 0.0781
209      209   (0)      2  : 0.0000 0.0000 0.1377 0.1382 0.7241 0.0000
210      210   (0)      1  : 0.0000 0.0000 0.0000 0.2935 0.7065 0.0000
211      211   (0)      1  : 0.2689 0.0000 0.2172 0.5139 0.0000 0.0000
212      212   (0)      1  : 0.0000 0.0000 0.0784 0.6051 0.3165 0.0000
213      213   (0)      1  : 0.4505 0.0000 0.0000 0.5495 0.0000 0.0000
214      214   (0)      1  : 0.0000 0.0000 0.0000 0.1853 0.8147 0.0000
215      215   (0)      1  : 0.2981 0.0000 0.0000 0.7019 0.0000 0.0000
216      216   (0)      1  : 0.3121 0.0000 0.0000 0.6734 0.0145 0.0000
217      217   (0)      1  : 0.0000 0.0000 0.0625 0.4348 0.5026 0.0000
218      218   (0)      2  : 0.3882 0.0000 0.0000 0.1831 0.4287 0.0000
219      219   (0)      2  : 0.0000 0.0000 0.2072 0.1605 0.6323 0.0000
220      220   (0)      2  : 0.6209 0.0073 0.0283 0.3435 0.0000 0.0000
221      221   (0)      2  : 0.4762 0.0000 0.1941 0.1916 0.1381 0.0000
222      222   (0)      2  : 0.6629 0.0000 0.0000 0.2468 0.0000 0.0903
223      223   (0)      2  : 0.1684 0.0000 0.0000 0.0000 0.7819 0.0498
224      224   (0)      2  : 0.1970 0.0000 0.1093 0.1073 0.5865 0.0000
225      225   (0)      2  : 0.7280 0.0032 0.0428 0.2260 0.0000 0.0000
226      226   (0)      2  : 0.7544 0.0000 0.0000 0.1275 0.1182 0.0000
227      227   (0)      2  : 0.8594 0.0000 0.0000 0.0000 0.1406 0.0000
228      228   (0)      2  : 0.8099 0.0000 0.0000 0.1471 0.0430 0.0000
229      229   (0)      2  : 0.0567 0.0188 0.0000 0.0000 0.1887 0.7359
230      230   (0)      2  : 0.4862 0.0277 0.2820 0.0694 0.1348 0.0000
231      231   (0)      2  : 0.5161 0.0000 0.0686 0.0053 0.3995 0.0104
232      232   (0)     10  : 0.4019 0.0000 0.0000 0.0030 0.5667 0.0284
233      233   (0)     10  : 0.0000 0.0000 0.1123 0.1139 0.7739 0.0000
234      234   (0)     10  : 0.3949 0.0000 0.0699 0.3474 0.1878 0.0000
235      235   (0)     10  : 0.0000 0.0283 0.0515 0.3628 0.5574 0.0000
236      236   (0)     10  : 0.0000 0.0000 0.1017 0.0842 0.7611 0.0530
237      237   (0)     10  : 0.4370 0.0000 0.0541 0.2044 0.3044 0.0000
238      238   (0)     10  : 0.2635 0.0000 0.0690 0.0000 0.6675 0.0000
239      239   (0)     10  : 0.5690 0.0000 0.0000 0.2276 0.2034 0.0000
240      240   (0)     10  : 0.0000 0.0000 0.0751 0.3020 0.6228 0.0000
241      241   (0)     10  : 0.9107 0.0384 0.0006 0.0502 0.0000 0.0000
242      242   (0)     10  : 0.0000 0.0534 0.3914 0.0000 0.5552 0.0000
243      243   (0)     10  : 0.8213 0.0000 0.0000 0.0475 0.1313 0.0000
244      244   (0)     10  : 0.0515 0.0000 0.0000 0.0741 0.7685 0.1060
245      245   (0)     10  : 0.7260 0.0000 0.0185 0.0187 0.2368 0.0000
246      246   (0)     10  : 0.4979 0.0204 0.0000 0.0480 0.4336 0.0000
247      247   (0)     10  : 0.0114 0.0723 0.0000 0.0000 0.9162 0.0000
248      248   (0)     10  : 0.9291 0.0000 0.0576 0.0133 0.0000 0.0000
249      249   (0)     10  : 0.9901 0.0000 0.0099 0.0000 0.0000 0.0000
250      250   (0)     10  : 0.6987 0.0034 0.0233 0.2312 0.0435 0.0000
251      251   (0)     10  : 0.2937 0.0000 0.0000 0.5276 0.1724 0.0062
252      252   (0)     10  : 0.5751 0.0000 0.0000 0.0000 0.3983 0.0266
253      253   (0)     10  : 0.9469 0.0000 0.0500 0.0030 0.0000 0.0000
254      254   (0)     10  : 0.6713 0.0000 0.0000 0.3089 0.0198 0.0000
255      255   (0)     10  : 0.7891 0.0000 0.0000 0.2109 0.0000 0.0000
256      256   (0)     10  : 0.0000 0.0000 0.0000 0.0000 0.0000 1.0000
257      257   (0)     10  : 0.4821 0.0000 0.0000 0.0121 0.5058 0.0000
258      258   (0)     10  : 0.2349 0.0000 0.0000 0.3363 0.4288 0.0000
259      259   (0)     10  : 0.6808 0.0000 0.0000 0.0138 0.3054 0.0000
260      260   (0)     10  : 0.4452 0.0159 0.0000 0.1105 0.4260 0.0023
261      261   (0)     10  : 0.6416 0.0138 0.0393 0.1835 0.1175 0.0043
262      262   (0)     11  : 0.3985 0.0736 0.0974 0.3567 0.0739 0.0000
263      263   (0)     11  : 0.7541 0.0000 0.0000 0.2046 0.0412 0.0000
264      264   (0)     11  : 1.0000 0.0000 0.0000 0.0000 0.0000 0.0000
265      265   (0)     11  : 0.0000 0.0000 0.0000 0.0000 0.0000 1.0000
266      266   (0)     11  : 0.0193 0.0000 0.0000 0.0000 0.9302 0.0505
267      267   (0)     11  : 0.0000 0.0000 0.0000 0.0000 0.0000 1.0000
268      268   (0)     11  : 0.0539 0.0016 0.0000 0.0387 0.9059 0.0000
269      269   (0)     11  : 0.8238 0.0056 0.0417 0.0873 0.0416 0.0000
270      270   (0)     11  : 0.9573 0.0000 0.0000 0.0427 0.0000 0.0000
271      271   (0)     11  : 0.0000 0.0000 0.0000 0.4035 0.5965 0.0000
272      272   (0)     11  : 0.2327 0.0000 0.0000 0.3871 0.3706 0.0096
273      273   (0)     11  : 0.0000 0.2549 0.2237 0.5214 0.0000 0.0000
274      274   (0)     11  : 0.0000 0.1483 0.0000 0.0743 0.1828 0.5946
275      275   (0)     11  : 0.5998 0.0125 0.0037 0.2729 0.1112 0.0000
276      276   (0)     11  : 0.5384 0.3228 0.0427 0.0962 0.0000 0.0000
277      277   (0)     11  : 0.6257 0.0364 0.0002 0.3357 0.0000 0.0019
278      278   (0)     11  : 0.4112 0.0772 0.1464 0.2046 0.1606 0.0000
279      279   (0)     11  : 0.0538 0.0000 0.0000 0.9462 0.0000 0.0000
280      280   (0)     11  : 0.4949 0.0635 0.1346 0.0996 0.1796 0.0279
281      281   (0)     11  : 0.5679 0.0000 0.0000 0.4321 0.0000 0.0000
282      282   (0)     11  : 0.2618 0.0000 0.0000 0.1919 0.5324 0.0140
283      283   (0)     11  : 0.1030 0.0000 0.3271 0.5699 0.0000 0.0000
284      284   (0)     11  : 0.1913 0.0000 0.0661 0.6933 0.0374 0.0119
285      285   (0)     11  : 0.0000 0.0176 0.0889 0.1713 0.7223 0.0000
286      286   (0)     11  : 0.2815 0.0937 0.0000 0.4815 0.1433 0.0000
287      287   (0)     11  : 0.0001 0.1072 0.0000 0.2775 0.6152 0.0000
288      288   (0)     11  : 0.7726 0.0293 0.0000 0.1943 0.0000 0.0038
289      289   (0)     11  : 0.0000 0.0000 0.0000 0.1727 0.7388 0.0884
290      290   (0)     11  : 0.4705 0.0000 0.0000 0.3806 0.0000 0.1489
291      291   (0)     11  : 0.1886 0.0000 0.1876 0.5993 0.0001 0.0244
292      292   (0)     12  : 0.0000 1.0000 0.0000 0.0000 0.0000 0.0000
293      293   (0)     12  : 0.0000 0.3133 0.6867 0.0000 0.0000 0.0000
294      294   (0)     12  : 0.0000 1.0000 0.0000 0.0000 0.0000 0.0000
295      295   (0)     12  : 0.0000 1.0000 0.0000 0.0000 0.0000 0.0000
296      296   (0)     12  : 0.0000 1.0000 0.0000 0.0000 0.0000 0.0000
297      297   (0)     12  : 0.0255 0.8091 0.0000 0.0000 0.0000 0.1654
298      298   (0)     12  : 0.0000 1.0000 0.0000 0.0000 0.0000 0.0000
299      299   (0)     12  : 0.0000 1.0000 0.0000 0.0000 0.0000 0.0000
300      300   (0)     12  : 0.6224 0.1167 0.2147 0.0462 0.0000 0.0000
301      301   (0)     12  : 0.0000 0.1024 0.8976 0.0000 0.0000 0.0000
302      302   (0)     12  : 0.0000 1.0000 0.0000 0.0000 0.0000 0.0000
303      303   (0)     12  : 0.0000 0.9493 0.0000 0.0506 0.0000 0.0001
304      304   (0)     12  : 0.4418 0.1007 0.0000 0.0000 0.0000 0.4575
305      305   (0)     12  : 0.0005 0.1279 0.3900 0.0000 0.4816 0.0000
306      306   (0)     12  : 0.0000 0.7484 0.1867 0.0000 0.0000 0.0648
307      307   (0)     12  : 0.0000 1.0000 0.0000 0.0000 0.0000 0.0000
308      308   (0)     12  : 0.0000 0.6366 0.0000 0.0000 0.0000 0.3634
309      309   (0)     12  : 0.0000 0.0918 0.5206 0.0448 0.3428 0.0000
310      310   (0)     12  : 0.0219 0.7887 0.0000 0.0000 0.0000 0.1894
311      311   (0)     12  : 0.1828 0.4151 0.0647 0.0000 0.0000 0.3374
312      312   (0)     12  : 0.0000 0.1925 0.7258 0.0817 0.0000 0.0000
313      313   (0)     12  : 0.3635 0.0797 0.5567 0.0000 0.0000 0.0000
314      314   (0)     12  : 0.2135 0.3572 0.0000 0.0000 0.0000 0.4293
315      315   (0)     12  : 0.0000 1.0000 0.0000 0.0000 0.0000 0.0000
316      316   (0)     12  : 0.0025 0.4293 0.0000 0.0000 0.0000 0.5681
317      317   (0)     12  : 0.0275 0.3370 0.0000 0.0000 0.0000 0.6355
318      318   (0)     12  : 0.0000 0.0454 0.4283 0.0000 0.5264 0.0000
319      319   (0)     12  : 0.0540 0.7117 0.0615 0.0000 0.0000 0.1728
320      320   (0)     12  : 0.0000 0.0739 0.4513 0.1048 0.3541 0.0160
321      321   (0)     12  : 0.0000 0.1701 0.0000 0.0000 0.0000 0.8299
322      322   (0)     13  : 0.7079 0.0000 0.0477 0.0000 0.2444 0.0000
323      323   (0)     13  : 0.4517 0.0149 0.0230 0.0000 0.5105 0.0000
324      324   (0)     13  : 0.5140 0.0000 0.0000 0.0000 0.4860 0.0000
325      325   (0)     13  : 0.0000 0.0000 0.0000 0.0000 1.0000 0.0000
326      326   (0)     13  : 0.6298 0.0000 0.0000 0.3702 0.0000 0.0000
327      327   (0)     13  : 0.3949 0.0135 0.0176 0.0000 0.5741 0.0000
328      328   (0)     13  : 0.1953 0.0000 0.0000 0.0000 0.8047 0.0000
329      329   (0)     13  : 0.8293 0.0000 0.0500 0.0841 0.0367 0.0000
330      330   (0)     13  : 0.3637 0.0082 0.0225 0.0997 0.5060 0.0000
331      331   (0)     13  : 0.0000 0.0000 0.5003 0.4210 0.0000 0.0787
332      332   (0)     13  : 0.8899 0.0000 0.0000 0.0000 0.1101 0.0000
333      333   (0)     13  : 0.0000 0.0000 0.2221 0.0000 0.7778 0.0000
334      334   (0)     13  : 0.0851 0.0000 0.0000 0.0000 0.9149 0.0000
335      335   (0)     13  : 0.0000 0.0000 0.0837 0.0000 0.9163 0.0000
336      336   (0)     13  : 0.5397 0.0000 0.0000 0.0889 0.3714 0.0000
337      337   (0)     13  : 0.2881 0.0000 0.0000 0.1169 0.5257 0.0693
338      338   (0)     13  : 0.7108 0.0000 0.0000 0.0519 0.2374 0.0000
339      339   (0)     13  : 0.0403 0.0378 0.2349 0.2887 0.3982 0.0000
340      340   (0)     13  : 0.6640 0.0199 0.1288 0.0337 0.1535 0.0000
341      341   (0)     13  : 0.9357 0.0000 0.0000 0.0643 0.0000 0.0000
342      342   (0)     13  : 0.1464 0.0000 0.0000 0.1318 0.7218 0.0000
343      343   (0)     13  : 0.0968 0.0000 0.0000 0.2303 0.6729 0.0000
344      344   (0)     13  : 0.3655 0.0000 0.0000 0.0000 0.6345 0.0000
345      345   (0)     13  : 0.2359 0.1246 0.0000 0.0000 0.0000 0.6395
346      346   (0)     13  : 0.7096 0.0000 0.1877 0.0000 0.1027 0.0000
347      347   (0)     13  : 0.3457 0.0000 0.0000 0.0000 0.6543 0.0000
348      348   (0)     13  : 0.0000 0.0420 0.0000 0.1588 0.7992 0.0000
349      349   (0)     13  : 0.3115 0.0098 0.1374 0.1818 0.3596 0.0000
350      350   (0)     13  : 0.2250 0.4296 0.0000 0.0000 0.0000 0.3454
351      351   (0)     13  : 0.0000 0.0146 0.0000 0.0000 0.9854 0.0000
