1        1   (0)      1  : 0.0000 0.0000 0.5009 0.4034 0.0000 0.0026 0.0930
2        2   (0)      1  : 0.4476 0.0885 0.3246 0.0273 0.0193 0.0151 0.0776
3        3   (0)      1  : 0.0544 0.0000 0.3435 0.1927 0.2021 0.0000 0.2073
4        4   (0)      1  : 0.0000 0.1059 0.5051 0.0000 0.0000 0.1136 0.2753
5        5   (0)      1  : 0.3012 0.0000 0.1455 0.3564 0.0000 0.1344 0.0624
6        6   (0)      2  : 0.0076 0.0000 0.6016 0.0000 0.2055 0.0000 0.1853
7        7   (0)      1  : 0.0503 0.0000 0.4912 0.0000 0.0000 0.0000 0.4584
8        8   (0)      3  : 0.0077 0.4755 0.0000 0.3616 0.1216 0.0336 0.0000
9        9   (0)      4  : 0.0000 0.0257 0.0009 0.0000 0.1697 0.8038 0.0000
10       10   (0)      4  : 0.3410 0.3623 0.0887 0.0076 0.1364 0.0000 0.0641
11       11   (0)      4  : 0.0000 0.3529 0.0468 0.3688 0.1041 0.1275 0.0000
12       12   (0)      4  : 0.0000 0.0000 0.0004 0.0000 0.0000 0.9996 0.0000
13       13   (0)      4  : 0.2835 0.5030 0.1840 0.0000 0.0000 0.0139 0.0156
14       14   (0)      5  : 0.2562 0.2400 0.1189 0.2578 0.0654 0.0000 0.0616
15       15   (0)      4  : 0.0000 0.4115 0.0101 0.4038 0.1031 0.0385 0.0330
16       16   (0)      5  : 0.3492 0.4062 0.1865 0.0286 0.0000 0.0263 0.0033
17       17   (0)      5  : 0.3192 0.5686 0.0000 0.0000 0.1121 0.0000 0.0000
18       18   (0)      5  : 0.0000 0.5639 0.0000 0.1705 0.2288 0.0053 0.0315
19       19   (0)      5  : 0.2417 0.6995 0.0000 0.0000 0.0000 0.0283 0.0305
20       20   (0)      5  : 0.0000 0.3696 0.0091 0.4844 0.0000 0.0377 0.0992
21       21   (0)      5  : 0.0000 0.6001 0.0000 0.3885 0.0009 0.0106 0.0000
22       22   (0)      5  : 0.2095 0.4155 0.0405 0.1011 0.1429 0.0461 0.0444
23       23   (0)      5  : 0.0000 0.5472 0.0000 0.3422 0.0119 0.0934 0.0054
24       24   (0)      5  : 0.2193 0.5910 0.0188 0.0000 0.1639 0.0071 0.0000
25       25   (0)      5  : 0.0000 0.5236 0.0000 0.4511 0.0000 0.0253 0.0000
26       26   (0)      5  : 0.0470 0.7920 0.0000 0.0000 0.0000 0.1610 0.0000
27       27   (0)      5  : 0.6677 0.2821 0.0000 0.0000 0.0000 0.0157 0.0345
28       28   (0)      5  : 0.3929 0.3418 0.0088 0.1437 0.0839 0.0130 0.0159
29       29   (0)      5  : 0.0304 0.6581 0.0000 0.1827 0.0207 0.0515 0.0566
30       30   (0)      5  : 0.3600 0.1427 0.0000 0.4705 0.0162 0.0106 0.0000
31       31   (0)      5  : 0.2077 0.3012 0.0040 0.4866 0.0000 0.0005 0.0000
32       32   (0)      5  : 0.5325 0.3158 0.0173 0.0383 0.0944 0.0006 0.0011
33       33   (0)      5  : 0.2397 0.6991 0.0000 0.0000 0.0000 0.0612 0.0000
34       34   (0)      5  : 0.3505 0.5151 0.0000 0.1135 0.0000 0.0198 0.0010
35       35   (0)      5  : 0.0000 0.6353 0.0553 0.1027 0.0146 0.0952 0.0968
36       36   (0)      5  : 0.1730 0.2832 0.0000 0.0362 0.0000 0.3991 0.1084
37       37   (0)      5  : 0.4425 0.5167 0.0000 0.0041 0.0000 0.0366 0.0000
38       38   (0)      5  : 0.0000 0.4980 0.0000 0.3695 0.0000 0.0565 0.0760
39       39   (0)      5  : 0.5876 0.3739 0.0000 0.0000 0.0385 0.0000 0.0000
40       40   (0)      5  : 0.0000 0.3753 0.0189 0.2412 0.0632 0.0544 0.2469
41       41   (0)      4  : 0.0000 0.3572 0.0000 0.0000 0.0000 0.6428 0.0000
42       42   (0)      4  : 0.3830 0.2393 0.0000 0.1067 0.1384 0.0675 0.0651
43       43   (0)      4  : 0.0000 0.2467 0.0000 0.6344 0.0885 0.0000 0.0305
44       44   (0)      4  : 0.5765 0.2121 0.0142 0.0000 0.0119 0.1686 0.0167
45       45   (0)      5  : 0.2627 0.2432 0.0991 0.2707 0.0318 0.0805 0.0121
46       46   (0)      4  : 0.0000 0.3492 0.0000 0.4018 0.2490 0.0000 0.0000
47       47   (0)      4  : 0.1580 0.4193 0.2593 0.0118 0.0129 0.0000 0.1386
48       48   (0)      4  : 0.2127 0.4422 0.0991 0.0000 0.0028 0.1853 0.0578
49       49   (0)      4  : 0.1708 0.5378 0.0050 0.0142 0.0000 0.2496 0.0226
50       50   (0)      5  : 0.2919 0.2920 0.1643 0.1313 0.0000 0.0927 0.0277
51       51   (0)      4  : 0.4846 0.1988 0.0746 0.2200 0.0002 0.0219 0.0000
52       52   (0)      5  : 0.0828 0.3122 0.0977 0.3133 0.1194 0.0146 0.0599
53       53   (0)      6  : 0.0000 0.0000 0.8505 0.0000 0.0000 0.0287 0.1208
54       54   (0)      6  : 0.1191 0.3181 0.1721 0.3597 0.0000 0.0000 0.0311
55       55   (0)      6  : 0.0000 0.0000 0.0282 0.0000 0.0000 0.9718 0.0000
56       56   (0)      6  : 0.0000 0.0000 0.6587 0.3413 0.0000 0.0000 0.0000
57       57   (0)      6  : 0.0671 0.0336 0.4239 0.4061 0.0000 0.0000 0.0694
58       58   (0)      6  : 0.2679 0.0937 0.1945 0.4330 0.0108 0.0000 0.0000
59       59   (0)      6  : 0.0000 0.0767 0.0630 0.6941 0.0000 0.0504 0.1158
60       60   (0)      6  : 0.0808 0.1665 0.2820 0.3998 0.0000 0.0005 0.0704
61       61   (0)      7  : 0.4181 0.3212 0.0559 0.0000 0.0000 0.0523 0.1525
62       62   (0)      7  : 0.5767 0.1733 0.0680 0.0218 0.1175 0.0001 0.0426
63       63   (0)      7  : 0.2265 0.3339 0.2123 0.1746 0.0075 0.0410 0.0044
64       64   (0)      7  : 0.1538 0.3319 0.2720 0.0000 0.0000 0.0000 0.2423
65       65   (0)      7  : 0.0000 0.7234 0.1591 0.0000 0.0079 0.0000 0.1095
66       66   (0)      7  : 0.0000 0.3824 0.3368 0.0301 0.0000 0.1198 0.1310
67       67   (0)      7  : 0.1190 0.3879 0.1154 0.0000 0.1913 0.0000 0.1864
68       68   (0)      7  : 0.7184 0.1449 0.0544 0.0000 0.0549 0.0000 0.0274
69       69   (0)      7  : 0.0590 0.4419 0.2567 0.0816 0.0000 0.0007 0.1601
70       70   (0)      7  : 0.0000 0.6947 0.1979 0.0000 0.0000 0.0334 0.0740
71       71   (0)      7  : 0.4701 0.1540 0.1054 0.0300 0.0568 0.0377 0.1461
72       72   (0)      7  : 0.4650 0.4014 0.1306 0.0000 0.0000 0.0030 0.0000
73       73   (0)      7  : 0.0028 0.7069 0.2452 0.0000 0.0000 0.0076 0.0373
74       74   (0)      7  : 0.0000 0.2149 0.1200 0.5110 0.0000 0.0000 0.1542
75       75   (0)      7  : 0.4750 0.4727 0.0026 0.0008 0.0000 0.0490 0.0000
76       76   (0)      7  : 0.4017 0.2072 0.0727 0.3143 0.0041 0.0000 0.0000
77       77   (0)      7  : 0.3110 0.4197 0.1767 0.0000 0.0636 0.0000 0.0290
78       78   (0)      7  : 0.1976 0.5163 0.2037 0.0000 0.0000 0.0823 0.0000
79       79   (0)      7  : 0.3319 0.2946 0.1044 0.2514 0.0000 0.0177 0.0000
80       80   (0)      7  : 0.0000 0.6302 0.3607 0.0000 0.0000 0.0091 0.0000
81       81   (0)      7  : 0.0000 0.4783 0.2844 0.1403 0.0000 0.0541 0.0429
82       82   (0)      7  : 0.0000 0.6474 0.1132 0.0000 0.0900 0.1007 0.0487
83       83   (0)      7  : 0.0000 0.6954 0.1840 0.0000 0.0255 0.0951 0.0000
84       84   (0)      7  : 0.0000 0.7021 0.1763 0.0000 0.0000 0.1217 0.0000
85       85   (0)      6  : 0.4006 0.0969 0.4009 0.0000 0.0792 0.0090 0.0134
86       86   (0)      6  : 0.2214 0.0973 0.3512 0.1389 0.0810 0.1101 0.0002
87       87   (0)      6  : 0.0383 0.0000 0.2369 0.6159 0.0000 0.1089 0.0000
88       88   (0)      6  : 0.5421 0.0000 0.4573 0.0006 0.0000 0.0000 0.0000
89       89   (0)      6  : 0.0000 0.0000 0.4544 0.5382 0.0000 0.0074 0.0000
90       90   (0)      6  : 0.2809 0.1212 0.4098 0.0949 0.0072 0.0861 0.0000
91       91   (0)      6  : 0.3148 0.0048 0.3921 0.2717 0.0137 0.0001 0.0028
92       92   (0)      6  : 0.0000 0.0188 0.5769 0.3289 0.0000 0.0000 0.0754
93       93   (0)      7  : 0.0872 0.2546 0.1979 0.3342 0.0000 0.0082 0.1179
94       94   (0)      7  : 0.0000 0.0000 0.1014 0.0000 0.0000 0.8986 0.0000
95       95   (0)      6  : 0.0716 0.0000 0.5873 0.0518 0.0723 0.1804 0.0367
96       96   (0)      6  : 0.0000 0.0000 0.9365 0.0000 0.0000 0.0000 0.0635
97       97   (0)      6  : 0.0000 0.2341 0.6008 0.0000 0.0358 0.0315 0.0978
98       98   (0)      6  : 0.0000 0.1425 0.5801 0.0504 0.1402 0.0395 0.0474
99       99   (0)      6  : 0.0000 0.0000 0.4730 0.3758 0.1512 0.0000 0.0000
100      100   (0)      6  : 0.1802 0.0000 0.5592 0.2272 0.0000 0.0000 0.0333
101      101   (0)      6  : 0.0000 0.0451 0.7896 0.0000 0.0941 0.0163 0.0549
102      102   (0)      6  : 0.1212 0.0000 0.6909 0.0106 0.1362 0.0000 0.0411
103      103   (0)      8  : 0.0000 0.2832 0.1776 0.3513 0.0000 0.1377 0.0502
104      104   (0)      8  : 0.2740 0.2135 0.0187 0.4655 0.0000 0.0283 0.0000
105      105   (0)      8  : 0.0000 0.1982 0.0000 0.5194 0.0000 0.0708 0.2115
106      106   (0)      8  : 0.6085 0.2847 0.0000 0.0394 0.0000 0.0674 0.0000
107      107   (0)      8  : 0.4568 0.4235 0.0000 0.0000 0.0000 0.1197 0.0000
108      108   (0)      8  : 0.0000 0.3941 0.0000 0.3957 0.0779 0.1323 0.0000
109      109   (0)      8  : 0.1452 0.2351 0.0000 0.5577 0.0088 0.0533 0.0000
110      110   (0)      8  : 0.0000 0.1458 0.0000 0.7475 0.0000 0.1067 0.0000
111      111   (0)      8  : 0.4080 0.2705 0.0015 0.1146 0.0220 0.1835 0.0000
112      112   (0)      8  : 0.2711 0.2690 0.0000 0.3609 0.0606 0.0071 0.0313
113      113   (0)      8  : 0.3329 0.2145 0.0000 0.3791 0.0132 0.0331 0.0272
114      114   (0)      8  : 0.2163 0.3352 0.0000 0.1211 0.1888 0.0866 0.0520
115      115   (0)      8  : 0.0000 0.0000 0.0000 0.0000 0.0000 1.0000 0.0000
116      116   (0)      8  : 0.0241 0.0373 0.0000 0.9386 0.0000 0.0000 0.0000
117      117   (0)      8  : 0.3627 0.3122 0.0004 0.0012 0.0209 0.1702 0.1323
118      118   (0)      8  : 0.5418 0.1852 0.0123 0.0266 0.0616 0.0793 0.0932
119      119   (0)      8  : 0.7224 0.2353 0.0000 0.0101 0.0113 0.0208 0.0000
120      120   (0)      8  : 0.6675 0.1648 0.0654 0.0000 0.0000 0.0976 0.0047
121      121   (0)      8  : 0.3959 0.1255 0.0000 0.3671 0.0021 0.1094 0.0000
122      122   (0)      8  : 0.0000 0.4656 0.0000 0.2729 0.0651 0.0413 0.1550
123      123   (0)      8  : 0.3919 0.2043 0.1361 0.0660 0.0000 0.0061 0.1956
124      124   (0)      8  : 0.0000 0.0000 0.0000 0.0000 0.0000 1.0000 0.0000
125      125   (0)      8  : 0.4516 0.1887 0.0000 0.0588 0.2052 0.0582 0.0375
126      126   (0)      3  : 0.0000 0.3674 0.0000 0.3970 0.0002 0.0756 0.1597
127      127   (0)      3  : 0.0361 0.0404 0.0000 0.8661 0.0346 0.0000 0.0228
128      128   (0)      3  : 0.5504 0.3017 0.0000 0.0849 0.0000 0.0629 0.0000
129      129   (0)      3  : 0.2739 0.2641 0.0000 0.3366 0.0169 0.0004 0.1081
130      130   (0)      3  : 0.0021 0.2102 0.0000 0.7020 0.0000 0.0857 0.0000
131      131   (0)      3  : 0.4875 0.2623 0.0000 0.0000 0.0000 0.1586 0.0916
132      132   (0)      3  : 0.4152 0.2337 0.0000 0.1503 0.0000 0.2009 0.0000
133      133   (0)      3  : 0.2319 0.4980 0.0000 0.2081 0.0314 0.0001 0.0305
134      134   (0)      3  : 0.2273 0.3542 0.0113 0.0422 0.0000 0.2241 0.1410
135      135   (0)      3  : 0.0503 0.4544 0.0000 0.0000 0.0000 0.2542 0.2411
136      136   (0)      3  : 0.3637 0.3665 0.0032 0.0615 0.0000 0.1018 0.1034
137      137   (0)      3  : 0.4232 0.2499 0.0000 0.0827 0.0000 0.1245 0.1197
138      138   (0)      3  : 0.4645 0.3793 0.0476 0.0080 0.0000 0.0264 0.0742
139      139   (0)      3  : 0.4925 0.1474 0.0039 0.1802 0.0558 0.1203 0.0000
140      140   (0)      3  : 0.0000 0.0973 0.0000 0.6146 0.0000 0.1752 0.1130
141      141   (0)      3  : 0.4903 0.3573 0.0000 0.0013 0.0081 0.0288 0.1142
142      142   (0)      3  : 0.2995 0.4477 0.0000 0.2355 0.0174 0.0000 0.0000
143      143   (0)      3  : 0.5733 0.3668 0.0000 0.0003 0.0000 0.0596 0.0000
144      144   (0)      3  : 0.0000 0.0951 0.0000 0.6694 0.0000 0.1872 0.0484
145      145   (0)      3  : 0.3145 0.4771 0.0000 0.1158 0.0828 0.0055 0.0043
146      146   (0)      3  : 0.5199 0.1542 0.0000 0.2442 0.0352 0.0345 0.0120
147      147   (0)      3  : 0.4725 0.3793 0.0000 0.0080 0.0000 0.1402 0.0000
148      148   (0)      3  : 0.4191 0.4059 0.0000 0.0000 0.0672 0.0550 0.0529
149      149   (0)      3  : 0.6921 0.2663 0.0000 0.0104 0.0000 0.0313 0.0000
150      150   (0)      3  : 0.3677 0.4253 0.0000 0.0000 0.1537 0.0122 0.0411
151      151   (0)      3  : 0.5846 0.3167 0.0000 0.0000 0.0000 0.0987 0.0000
152      152   (0)      3  : 0.0317 0.3074 0.0023 0.3313 0.0059 0.0586 0.2628
153      153   (0)      8  : 0.0000 0.4076 0.0000 0.3965 0.1701 0.0073 0.0185
154      154   (0)      8  : 0.0000 0.0831 0.0232 0.0000 0.0000 0.8937 0.0000
155      155   (0)      8  : 0.4562 0.1977 0.0000 0.3245 0.0000 0.0216 0.0000
156      156   (0)      8  : 0.3538 0.1314 0.1513 0.0000 0.1638 0.1452 0.0545
157      157   (0)      8  : 0.1994 0.1535 0.0000 0.3610 0.0515 0.0825 0.1521
158      158   (0)      8  : 0.0869 0.2862 0.0000 0.3078 0.0001 0.1010 0.2180
159      159   (0)      8  : 0.1088 0.2226 0.0000 0.2239 0.0745 0.1449 0.2253
160      160   (0)      1  : 0.5309 0.0207 0.2701 0.0022 0.0000 0.0055 0.1707
161      161   (0)      1  : 0.2558 0.0000 0.1886 0.3079 0.1716 0.0000 0.0760
162      162   (0)      1  : 0.5590 0.0011 0.1164 0.0000 0.0583 0.0014 0.2638
163      163   (0)      1  : 0.0685 0.0000 0.3622 0.3674 0.0342 0.0066 0.1610
164      164   (0)      1  : 0.6360 0.0000 0.1575 0.0207 0.0520 0.0000 0.1338
165      165   (0)      1  : 0.2690 0.1526 0.2083 0.2781 0.0065 0.0306 0.0548
166      166   (0)      1  : 0.5215 0.0000 0.2685 0.0104 0.0000 0.0000 0.1995
167      167   (0)      1  : 0.8375 0.0000 0.0574 0.0852 0.0200 0.0000 0.0000
168      168   (0)      2  : 0.1099 0.0000 0.0335 0.6157 0.2160 0.0000 0.0250
169      169   (0)      2  : 0.6758 0.2015 0.0950 0.0000 0.0000 0.0138 0.0139
170      170   (0)      2  : 0.6270 0.1103 0.0787 0.0716 0.0151 0.0449 0.0524
171      171   (0)      2  : 0.0000 0.2671 0.0000 0.5502 0.1442 0.0000 0.0385
172      172   (0)      2  : 0.7677 0.0000 0.0042 0.1509 0.0203 0.0569 0.0000
173      173   (0)      2  : 0.0000 0.0950 0.0009 0.8045 0.0200 0.0514 0.0281
174      174   (0)      2  : 0.3709 0.0000 0.3196 0.1240 0.1024 0.0000 0.0832
175      175   (0)      2  : 0.1502 0.1741 0.0000 0.0703 0.5741 0.0006 0.0308
176      176   (0)      1  : 0.2674 0.0571 0.0686 0.4304 0.0329 0.0102 0.1335
177      177   (0)      1  : 0.1700 0.0000 0.3453 0.0000 0.1020 0.0000 0.3826
178      178   (0)      1  : 0.0000 0.0253 0.2452 0.4025 0.0420 0.0969 0.1881
179      179   (0)      1  : 0.1443 0.0000 0.4479 0.1143 0.0376 0.0000 0.2560
180      180   (0)      1  : 0.0000 0.0000 0.3976 0.3907 0.0902 0.0000 0.1216
181      181   (0)      1  : 0.0000 0.0000 0.7079 0.0000 0.0658 0.0000 0.2263
182      182   (0)      2  : 0.0000 0.0003 0.1915 0.4755 0.1899 0.0000 0.1428
183      183   (0)      2  : 0.6827 0.0712 0.1059 0.0021 0.0201 0.0351 0.0829
184      184   (0)      2  : 0.0000 0.0000 0.0000 0.7946 0.1771 0.0000 0.0283
185      185   (0)      2  : 0.8973 0.0314 0.0000 0.0000 0.0691 0.0022 0.0000
186      186   (0)      2  : 0.0000 0.0205 0.0000 0.3618 0.5843 0.0000 0.0335
187      187   (0)      1  : 0.0000 0.0000 0.0764 0.5282 0.3158 0.0000 0.0796
188      188   (0)      1  : 0.3219 0.0895 0.2904 0.0000 0.0244 0.1615 0.1123
189      189   (0)      1  : 0.0000 0.0302 0.2078 0.1013 0.2017 0.0466 0.4124
190      190   (0)      1  : 0.3470 0.0000 0.4822 0.0000 0.0114 0.0000 0.1594
191      191   (0)      1  : 0.0000 0.0000 0.1392 0.6564 0.0598 0.0000 0.1446
192      192   (0)      1  : 0.2651 0.0000 0.4694 0.0000 0.0488 0.0000 0.2167
193      193   (0)      1  : 0.1791 0.0000 0.4663 0.0000 0.0163 0.0000 0.3384
194      194   (0)      1  : 0.0000 0.0052 0.3068 0.3866 0.0326 0.0697 0.1992
195      195   (0)      2  : 0.3268 0.0000 0.1991 0.3715 0.0393 0.0000 0.0633
196      196   (0)      2  : 0.0000 0.1698 0.0722 0.5219 0.1544 0.0159 0.0657
197      197   (0)      2  : 0.4720 0.0312 0.1991 0.0000 0.0017 0.0474 0.2486
198      198   (0)      2  : 0.3714 0.2055 0.2094 0.1252 0.0134 0.0000 0.0750
199      199   (0)      2  : 0.7462 0.0027 0.1144 0.0000 0.0684 0.0252 0.0432
200      200   (0)      2  : 0.0681 0.0111 0.0143 0.8141 0.0397 0.0000 0.0528
201      201   (0)      2  : 0.0990 0.0769 0.0537 0.4422 0.2868 0.0000 0.0415
202      202   (0)      2  : 0.6605 0.0485 0.0799 0.0000 0.0303 0.0000 0.1807
203      203   (0)      2  : 0.6825 0.0000 0.0935 0.1093 0.0737 0.0000 0.0410
204      204   (0)      2  : 0.7790 0.0437 0.0002 0.1084 0.0548 0.0000 0.0139
205      205   (0)      2  : 0.6929 0.0000 0.0554 0.0045 0.0000 0.0000 0.2472
206      206   (0)      2  : 0.4387 0.2630 0.0569 0.1389 0.0306 0.0396 0.0323
207      207   (0)      2  : 0.4584 0.0684 0.0447 0.3773 0.0479 0.0033 0.0000
208      208   (0)      9  : 0.1469 0.0000 0.0000 0.4685 0.0625 0.0000 0.3221
209      209   (0)      9  : 0.0000 0.0000 0.0012 0.5201 0.0629 0.1594 0.2564
210      210   (0)      9  : 0.5198 0.0000 0.0000 0.0000 0.3433 0.0623 0.0746
211      211   (0)      9  : 0.0029 0.0000 0.0062 0.2991 0.2587 0.0729 0.3603
212      212   (0)      9  : 0.0004 0.0000 0.0000 0.5149 0.3473 0.1374 0.0000
213      213   (0)      9  : 0.6291 0.0230 0.0024 0.0000 0.2805 0.0375 0.0274
214      214   (0)      9  : 0.2077 0.0020 0.0000 0.4226 0.3298 0.0378 0.0000
215      215   (0)      9  : 0.2842 0.0000 0.0000 0.0000 0.2105 0.0000 0.5053
216      216   (0)      9  : 0.0000 0.0000 0.0000 0.0000 0.9067 0.0000 0.0933
217      217   (0)      9  : 0.8150 0.0065 0.0265 0.0000 0.0521 0.0785 0.0214
218      218   (0)      9  : 0.0000 0.3255 0.0000 0.1898 0.4409 0.0437 0.0000
219      219   (0)      9  : 0.7593 0.0000 0.0000 0.0000 0.2136 0.0000 0.0271
220      220   (0)      9  : 0.0285 0.0000 0.0000 0.5784 0.2143 0.0000 0.1787
221      221   (0)      9  : 0.6335 0.0068 0.0165 0.1805 0.1334 0.0000 0.0293
222      222   (0)      9  : 0.2124 0.0000 0.0063 0.3903 0.0435 0.0000 0.3475
223      223   (0)      9  : 0.0000 0.0510 0.0000 0.7625 0.1788 0.0077 0.0000
224      224   (0)      9  : 0.6834 0.0000 0.0000 0.0000 0.2154 0.0254 0.0758
225      225   (0)      9  : 0.9197 0.0117 0.0000 0.0000 0.0293 0.0074 0.0319
226      226   (0)      9  : 0.2337 0.0082 0.0216 0.0000 0.0698 0.0012 0.6655
227      227   (0)      9  : 0.3022 0.0000 0.0208 0.0000 0.5738 0.0000 0.1033
228      228   (0)      9  : 0.5928 0.0000 0.0000 0.1964 0.1961 0.0000 0.0146
229      229   (0)      9  : 0.5508 0.0152 0.0077 0.0000 0.0314 0.0040 0.3909
230      230   (0)      9  : 0.6299 0.0000 0.0675 0.0000 0.3005 0.0000 0.0021
231      231   (0)      9  : 0.2470 0.0000 0.0000 0.0000 0.0092 0.0000 0.7438
232      232   (0)      9  : 0.1784 0.0000 0.0000 0.4219 0.0875 0.0000 0.3122
233      233   (0)      9  : 0.0715 0.0000 0.0000 0.0000 0.3337 0.0000 0.5948
234      234   (0)      9  : 0.7152 0.0000 0.0000 0.0000 0.2553 0.0000 0.0296
235      235   (0)      9  : 0.4416 0.0000 0.0000 0.2418 0.2365 0.0000 0.0801
236      236   (0)      9  : 0.2026 0.0100 0.0000 0.0000 0.0179 0.0034 0.7661
237      237   (0)     10  : 0.0620 0.0414 0.0776 0.0046 0.0616 0.0637 0.6891
238      238   (0)     10  : 0.5861 0.0000 0.1276 0.0000 0.1832 0.0000 0.1031
239      239   (0)     10  : 0.8674 0.0000 0.0000 0.0000 0.0767 0.0000 0.0559
240      240   (0)     10  : 0.0097 0.0000 0.0000 0.7983 0.0993 0.0000 0.0927
241      241   (0)     10  : 0.0000 0.0000 0.0330 0.5973 0.1457 0.0000 0.2240
242      242   (0)     10  : 0.5790 0.0302 0.0205 0.0000 0.1379 0.0156 0.2168
243      243   (0)     10  : 0.3950 0.0000 0.0170 0.0000 0.0048 0.0000 0.5832
244      244   (0)     10  : 0.0000 0.0000 0.2295 0.2394 0.5045 0.0000 0.0265
245      245   (0)     10  : 0.0537 0.0000 0.0124 0.0927 0.3398 0.0000 0.5014
246      246   (0)     10  : 0.0000 0.1853 0.0000 0.0000 0.3349 0.1210 0.3588
247      247   (0)     10  : 0.1560 0.0000 0.0117 0.0000 0.1046 0.0072 0.7204
248      248   (0)     10  : 0.1644 0.2331 0.0000 0.0000 0.0384 0.0882 0.4758
249      249   (0)     10  : 0.4713 0.0065 0.2755 0.0000 0.0879 0.0137 0.1450
250      250   (0)     10  : 0.0707 0.1492 0.2635 0.1906 0.0000 0.0057 0.3203
251      251   (0)     10  : 0.0000 0.0000 0.5867 0.0000 0.2300 0.0000 0.1833
252      252   (0)     10  : 0.0925 0.1401 0.0000 0.1186 0.0750 0.0150 0.5589
253      253   (0)     10  : 0.1853 0.0000 0.0000 0.0000 0.2836 0.0000 0.5311
254      254   (0)     10  : 0.1817 0.0000 0.0816 0.3386 0.2106 0.0000 0.1874
255      255   (0)     10  : 0.0000 0.1599 0.2901 0.0000 0.2278 0.0091 0.3132
256      256   (0)     10  : 0.0261 0.0216 0.4098 0.0000 0.3074 0.0216 0.2135
257      257   (0)     10  : 0.0000 0.0152 0.0370 0.4824 0.0374 0.0699 0.3580
258      258   (0)     10  : 0.0000 0.0056 0.0858 0.0000 0.2108 0.0000 0.6978
259      259   (0)     10  : 0.0000 0.0545 0.0989 0.3772 0.1141 0.0254 0.3300
260      260   (0)     10  : 0.5587 0.0000 0.0000 0.0000 0.2355 0.0039 0.2019
261      261   (0)     10  : 0.0000 0.0000 0.0427 0.5876 0.2641 0.0000 0.1057
262      262   (0)     10  : 0.1262 0.0000 0.0680 0.0000 0.1720 0.0000 0.6338
263      263   (0)     10  : 0.1052 0.0174 0.2948 0.0000 0.1631 0.2078 0.2117
264      264   (0)     11  : 0.0000 0.5679 0.0000 0.0000 0.3788 0.0533 0.0000
265      265   (0)     11  : 0.3450 0.0394 0.0000 0.0000 0.6157 0.0000 0.0000
266      266   (0)     11  : 0.0000 0.7216 0.0000 0.0000 0.2545 0.0239 0.0000
267      267   (0)     11  : 0.0000 0.3859 0.0000 0.3293 0.2179 0.0131 0.0538
268      268   (0)     11  : 0.0000 0.3834 0.0000 0.0000 0.6157 0.0000 0.0009
269      269   (0)     11  : 0.0000 0.4436 0.0000 0.0000 0.4728 0.0836 0.0000
270      270   (0)     11  : 0.1174 0.5326 0.0000 0.0000 0.3500 0.0000 0.0000
271      271   (0)     11  : 0.0000 0.1713 0.0000 0.0000 0.8287 0.0000 0.0000
272      272   (0)     11  : 0.0000 0.3362 0.0000 0.0000 0.6360 0.0000 0.0277
273      273   (0)     12  : 0.6975 0.0287 0.0000 0.1991 0.0534 0.0087 0.0127
274      274   (0)     12  : 0.1426 0.0513 0.0000 0.5138 0.1095 0.0000 0.1828
275      275   (0)     12  : 0.4494 0.0000 0.0000 0.4069 0.0855 0.0000 0.0583
276      276   (0)     12  : 0.0000 0.0000 0.0000 0.8908 0.1092 0.0000 0.0000
277      277   (0)     12  : 0.3889 0.0000 0.0756 0.0000 0.3959 0.0000 0.1395
278      278   (0)     12  : 0.2677 0.0175 0.0000 0.4727 0.0936 0.0000 0.1484
279      279   (0)     12  : 0.0045 0.0000 0.0000 0.6788 0.0508 0.0000 0.2659
280      280   (0)     12  : 0.4764 0.0108 0.0000 0.0000 0.0000 0.0097 0.5031
281      281   (0)     12  : 0.2261 0.0000 0.0280 0.4067 0.1523 0.0749 0.1119
282      282   (0)     12  : 0.0000 0.0000 0.0000 0.0000 0.0001 0.9999 0.0000
283      283   (0)     12  : 0.7715 0.0161 0.0016 0.1283 0.0819 0.0003 0.0003
284      284   (0)     12  : 0.0000 0.1295 0.0000 0.7265 0.0400 0.0953 0.0087
285      285   (0)     12  : 0.0287 0.0000 0.0000 0.8207 0.0863 0.0000 0.0644
286      286   (0)     12  : 0.0000 0.0000 0.0000 0.2137 0.7863 0.0000 0.0000
287      287   (0)     12  : 0.5439 0.0000 0.0327 0.1816 0.1829 0.0000 0.0589
288      288   (0)     12  : 0.3713 0.0000 0.0000 0.1953 0.3841 0.0000 0.0493
289      289   (0)     12  : 0.7548 0.0000 0.0054 0.0009 0.2350 0.0000 0.0039
290      290   (0)     12  : 0.0000 0.1317 0.0750 0.0129 0.4965 0.0000 0.2840
291      291   (0)     12  : 0.5107 0.1061 0.0000 0.0597 0.1839 0.0169 0.1227
292      292   (0)     12  : 0.7559 0.0000 0.0000 0.0000 0.2347 0.0000 0.0093
293      293   (0)     12  : 0.2298 0.0000 0.0000 0.3452 0.4250 0.0000 0.0000
294      294   (0)     12  : 0.2201 0.0000 0.0649 0.3381 0.3259 0.0000 0.0510
295      295   (0)     12  : 0.3771 0.0000 0.0137 0.4169 0.1923 0.0000 0.0000
296      296   (0)     12  : 0.5255 0.0947 0.0000 0.0000 0.3798 0.0000 0.0000
297      297   (0)     12  : 0.2590 0.0000 0.0000 0.5519 0.1891 0.0000 0.0000
298      298   (0)     12  : 0.0000 0.0000 0.0100 0.5842 0.1364 0.0749 0.1944
299      299   (0)     12  : 0.1163 0.0301 0.0218 0.2121 0.0463 0.1576 0.4159
300      300   (0)     12  : 0.0000 0.0000 0.0000 0.8821 0.0992 0.0000 0.0187
