1        1   (0)      1  : 0.5102 0.0098 0.0000 0.4800 0.0000
2        2   (0)      1  : 0.3981 0.0063 0.1273 0.3403 0.1279
3        3   (0)      1  : 0.0016 0.5654 0.0677 0.1287 0.2365
4        4   (0)      1  : 0.0000 0.0000 0.0000 0.4532 0.5468
5        5   (0)      1  : 0.0000 0.0372 0.1845 0.7602 0.0181
6        6   (0)      1  : 0.6483 0.1879 0.0000 0.1638 0.0000
7        7   (0)      2  : 0.0000 0.0000 0.0000 0.6103 0.3897
8        8   (0)      1  : 0.2740 0.0000 0.0000 0.7260 0.0000
9        9   (0)      3  : 0.3576 0.0000 0.5217 0.0000 0.1207
10       10   (0)      4  : 0.0000 0.0492 0.5828 0.3473 0.0207
11       11   (0)      4  : 0.4708 0.0000 0.3978 0.1314 0.0000
12       12   (0)      4  : 0.0749 0.0473 0.4084 0.0766 0.3929
13       13   (0)      4  : 0.0000 0.0228 0.4827 0.4945 0.0000
14       14   (0)      4  : 0.2389 0.0000 0.5256 0.2356 0.0000
15       15   (0)      4  : 0.5452 0.4548 0.0000 0.0000 0.0000
16       16   (0)      5  : 0.5118 0.0000 0.2449 0.0979 0.1455
17       17   (0)      4  : 0.2684 0.0056 0.4491 0.0000 0.2769
18       18   (0)      5  : 0.3278 0.0000 0.4301 0.2329 0.0092
19       19   (0)      5  : 0.3184 0.0000 0.6325 0.0200 0.0290
20       20   (0)      5  : 0.0000 0.0000 0.6300 0.0000 0.3700
21       21   (0)      5  : 0.2546 0.0000 0.7454 0.0000 0.0000
22       22   (0)      5  : 0.5214 0.0101 0.4094 0.0590 0.0000
23       23   (0)      5  : 0.2755 0.0000 0.6169 0.0000 0.1076
24       24   (0)      5  : 0.2111 0.0212 0.5091 0.0019 0.2567
25       25   (0)      5  : 0.0933 0.0174 0.6746 0.0000 0.2147
26       26   (0)      5  : 0.0000 0.0000 0.7022 0.0000 0.2978
27       27   (0)      5  : 0.4456 0.0000 0.5544 0.0000 0.0000
28       28   (0)      5  : 0.0602 0.0000 0.9396 0.0002 0.0000
29       29   (0)      5  : 0.7078 0.0000 0.2922 0.0000 0.0000
30       30   (0)      5  : 0.3482 0.0000 0.4197 0.0000 0.2321
31       31   (0)      5  : 0.2541 0.0219 0.7240 0.0000 0.0000
32       32   (0)      5  : 0.8554 0.0000 0.1446 0.0000 0.0000
33       33   (0)      5  : 0.6871 0.0000 0.2986 0.0000 0.0143
34       34   (0)      5  : 0.6438 0.0000 0.2948 0.0459 0.0155
35       35   (0)      5  : 0.2040 0.0000 0.7960 0.0000 0.0000
36       36   (0)      5  : 0.4344 0.0000 0.5656 0.0000 0.0000
37       37   (0)      5  : 0.0702 0.0000 0.7452 0.0842 0.1004
38       38   (0)      5  : 0.2642 0.0000 0.6062 0.1296 0.0000
39       39   (0)      5  : 0.4267 0.0000 0.5733 0.0000 0.0000
40       40   (0)      5  : 0.4390 0.0000 0.5610 0.0000 0.0000
41       41   (0)      5  : 0.5692 0.0000 0.4308 0.0000 0.0000
42       42   (0)      5  : 0.0000 0.6506 0.0000 0.0413 0.3081
43       43   (0)      5  : 0.1815 0.0000 0.4847 0.0726 0.2612
44       44   (0)      4  : 0.0000 0.0000 0.8996 0.1004 0.0000
45       45   (0)      4  : 0.2490 0.0270 0.3641 0.0000 0.3599
46       46   (0)      4  : 0.5164 0.0152 0.2533 0.0000 0.2151
47       47   (0)      4  : 0.5121 0.0000 0.3624 0.1242 0.0014
48       48   (0)      5  : 0.4769 0.0464 0.3084 0.0836 0.0847
49       49   (0)      4  : 0.0000 0.0000 0.3956 0.0000 0.6044
50       50   (0)      4  : 0.2384 0.4690 0.0000 0.0001 0.2925
51       51   (0)      4  : 0.3100 0.0568 0.4138 0.2194 0.0000
52       52   (0)      4  : 0.0404 0.5844 0.0192 0.0000 0.3559
53       53   (0)      4  : 0.2228 0.0000 0.6055 0.1717 0.0000
54       54   (0)      4  : 0.2867 0.5472 0.0052 0.0000 0.1608
55       55   (0)      4  : 0.4411 0.4403 0.0819 0.0366 0.0000
56       56   (0)      4  : 0.1149 0.0000 0.7276 0.1140 0.0435
57       57   (0)      5  : 0.4571 0.0565 0.3567 0.1297 0.0000
58       58   (0)      4  : 0.5444 0.4059 0.0000 0.0497 0.0000
59       59   (0)      4  : 0.0000 0.5333 0.0824 0.0000 0.3843
60       60   (0)      4  : 0.6520 0.0027 0.2361 0.1092 0.0000
61       61   (0)      5  : 0.1289 0.0000 0.3519 0.0684 0.4508
62       62   (0)      6  : 0.1736 0.3741 0.1096 0.2257 0.1169
63       63   (0)      6  : 0.1399 0.6118 0.0000 0.0582 0.1901
64       64   (0)      6  : 0.0000 0.0000 0.0000 1.0000 0.0000
65       65   (0)      6  : 0.5445 0.0000 0.2947 0.1608 0.0000
66       66   (0)      6  : 0.0000 0.0017 0.4185 0.5797 0.0000
67       67   (0)      6  : 0.0241 0.0000 0.0000 0.6029 0.3729
68       68   (0)      6  : 0.5726 0.0000 0.0000 0.4274 0.0000
69       69   (0)      6  : 0.6905 0.0026 0.0821 0.1860 0.0388
70       70   (0)      6  : 0.4628 0.0000 0.1266 0.2006 0.2101
71       71   (0)      6  : 0.5774 0.0000 0.1228 0.2999 0.0000
72       72   (0)      7  : 0.4449 0.0000 0.3981 0.1570 0.0000
73       73   (0)      7  : 0.3994 0.0060 0.1923 0.1050 0.2973
74       74   (0)      7  : 0.1497 0.0184 0.3550 0.2134 0.2635
75       75   (0)      7  : 0.3001 0.0639 0.3301 0.2887 0.0171
76       76   (0)      7  : 0.0499 0.0000 0.7932 0.1570 0.0000
77       77   (0)      7  : 0.1314 0.0241 0.4713 0.3733 0.0000
78       78   (0)      7  : 0.0000 0.0000 0.4354 0.1477 0.4170
79       79   (0)      7  : 0.6179 0.0000 0.1623 0.1149 0.1049
80       80   (0)      7  : 0.2804 0.0000 0.4547 0.2649 0.0000
81       81   (0)      7  : 0.0000 0.0000 0.7735 0.2265 0.0000
82       82   (0)      7  : 0.4784 0.0920 0.1991 0.1086 0.1219
83       83   (0)      7  : 0.0831 0.5660 0.0000 0.1560 0.1948
84       84   (0)      7  : 0.3860 0.0000 0.4354 0.1786 0.0000
85       85   (0)      7  : 0.0000 0.0000 0.7472 0.2528 0.0000
86       86   (0)      7  : 0.5082 0.4662 0.0000 0.0241 0.0015
87       87   (0)      7  : 0.6462 0.0000 0.1905 0.1633 0.0000
88       88   (0)      7  : 0.3682 0.5274 0.0000 0.1045 0.0000
89       89   (0)      7  : 0.4242 0.0108 0.5650 0.0000 0.0000
90       90   (0)      7  : 0.7210 0.0000 0.2094 0.0697 0.0000
91       91   (0)      7  : 0.4118 0.0000 0.4539 0.1343 0.0000
92       92   (0)      7  : 0.0954 0.0366 0.6368 0.2312 0.0000
93       93   (0)      7  : 0.5389 0.0000 0.3247 0.1242 0.0122
94       94   (0)      7  : 0.0000 0.0000 0.6696 0.3304 0.0000
95       95   (0)      7  : 0.2240 0.0293 0.5237 0.2230 0.0000
96       96   (0)      7  : 0.0000 0.0000 0.7539 0.0998 0.1463
97       97   (0)      7  : 0.0000 0.0000 0.8552 0.1448 0.0000
98       98   (0)      7  : 0.0000 0.0000 0.8347 0.1653 0.0000
99       99   (0)      7  : 0.1181 0.4931 0.0066 0.3823 0.0000
100      100   (0)      6  : 0.2085 0.0000 0.1256 0.4577 0.2082
101      101   (0)      6  : 0.0000 0.0000 0.1861 0.4265 0.3873
102      102   (0)      6  : 0.6736 0.0000 0.0005 0.3259 0.0000
103      103   (0)      6  : 0.4936 0.0000 0.0000 0.5064 0.0000
104      104   (0)      6  : 0.5837 0.0000 0.0000 0.4163 0.0000
105      105   (0)      6  : 0.1824 0.0000 0.1782 0.5254 0.1140
106      106   (0)      6  : 0.4383 0.0000 0.0000 0.3807 0.1810
107      107   (0)      6  : 0.3343 0.0185 0.0002 0.5296 0.1174
108      108   (0)      6  : 0.1417 0.5362 0.0000 0.2482 0.0739
109      109   (0)      7  : 0.5098 0.0004 0.2626 0.2247 0.0025
110      110   (0)      7  : 0.0000 0.0687 0.3498 0.5815 0.0000
111      111   (0)      8  : 0.0000 0.0060 0.0492 0.7289 0.2158
112      112   (0)      6  : 0.0000 0.0000 0.0000 1.0000 0.0000
113      113   (0)      6  : 0.0000 0.5452 0.0000 0.2286 0.2262
114      114   (0)      6  : 0.0000 0.0000 0.2730 0.7270 0.0000
115      115   (0)      6  : 0.0000 0.4838 0.0583 0.4579 0.0000
116      116   (0)      6  : 0.0000 0.0190 0.1810 0.5329 0.2671
117      117   (0)      6  : 0.0000 0.0000 0.0000 0.4994 0.5006
118      118   (0)      6  : 0.3758 0.0000 0.0000 0.6113 0.0129
119      119   (0)      6  : 0.0000 0.0000 0.0665 0.8027 0.1308
120      120   (0)      6  : 0.0000 0.0000 0.0000 0.6480 0.3520
121      121   (0)      6  : 0.0000 0.5711 0.0000 0.4289 0.0000
122      122   (0)      9  : 0.3797 0.0484 0.3693 0.2026 0.0000
123      123   (0)      9  : 0.7057 0.0167 0.2477 0.0271 0.0028
124      124   (0)      9  : 0.6057 0.0402 0.2920 0.0588 0.0033
125      125   (0)      9  : 0.6370 0.0000 0.3618 0.0013 0.0000
126      126   (0)      9  : 0.4362 0.0000 0.5399 0.0239 0.0000
127      127   (0)      9  : 0.2016 0.0000 0.5709 0.0000 0.2275
128      128   (0)      9  : 0.6852 0.0023 0.2872 0.0000 0.0253
129      129   (0)      9  : 0.3423 0.0414 0.2631 0.0000 0.3531
130      130   (0)      9  : 0.1473 0.0000 0.4487 0.0577 0.3463
131      131   (0)      9  : 0.4979 0.0000 0.3045 0.0000 0.1976
132      132   (0)      9  : 0.7329 0.0083 0.2588 0.0000 0.0000
133      133   (0)      9  : 0.1767 0.0000 0.4718 0.0000 0.3515
134      134   (0)      9  : 0.0000 0.0380 0.5843 0.3778 0.0000
135      135   (0)      9  : 0.9716 0.0000 0.0240 0.0000 0.0044
136      136   (0)      9  : 0.3849 0.0091 0.4688 0.1372 0.0000
137      137   (0)      9  : 0.4922 0.0000 0.2790 0.0340 0.1948
138      138   (0)      9  : 0.7192 0.0067 0.2740 0.0000 0.0000
139      139   (0)      9  : 0.6150 0.0000 0.2649 0.1201 0.0000
140      140   (0)      9  : 0.7629 0.0000 0.2371 0.0000 0.0000
141      141   (0)      9  : 0.2274 0.0000 0.5543 0.0214 0.1969
142      142   (0)      9  : 0.5794 0.0000 0.2156 0.1937 0.0113
143      143   (0)      9  : 0.0000 0.0562 0.4441 0.4649 0.0349
144      144   (0)      9  : 0.3376 0.0177 0.2882 0.0000 0.3565
145      145   (0)      3  : 0.5026 0.0000 0.4594 0.0380 0.0000
146      146   (0)      3  : 0.5655 0.4079 0.0266 0.0000 0.0000
147      147   (0)      3  : 0.8530 0.0000 0.0522 0.0000 0.0948
148      148   (0)      3  : 0.6074 0.0588 0.3338 0.0000 0.0000
149      149   (0)      3  : 0.7280 0.0000 0.2720 0.0000 0.0000
150      150   (0)      3  : 0.4212 0.0102 0.2954 0.0000 0.2733
151      151   (0)      3  : 0.5757 0.0000 0.4243 0.0000 0.0000
152      152   (0)      3  : 0.5990 0.0000 0.4010 0.0000 0.0000
153      153   (0)      3  : 0.4828 0.0083 0.4949 0.0000 0.0140
154      154   (0)      3  : 0.3200 0.0028 0.5504 0.1268 0.0000
155      155   (0)      3  : 0.1729 0.0731 0.6561 0.0979 0.0000
156      156   (0)      3  : 0.4486 0.0680 0.4503 0.0331 0.0000
157      157   (0)      3  : 0.5320 0.0219 0.3765 0.0696 0.0000
158      158   (0)      3  : 0.4722 0.0000 0.4366 0.0912 0.0000
159      159   (0)      3  : 0.4465 0.5535 0.0000 0.0000 0.0000
160      160   (0)      3  : 0.4185 0.0000 0.2548 0.0208 0.3060
161      161   (0)      3  : 0.6844 0.0000 0.2323 0.0833 0.0000
162      162   (0)      3  : 0.5924 0.0000 0.4076 0.0000 0.0000
163      163   (0)      3  : 0.5567 0.0000 0.4433 0.0000 0.0000
164      164   (0)      3  : 0.5376 0.0000 0.4624 0.0000 0.0000
165      165   (0)      3  : 0.6125 0.0065 0.2526 0.0785 0.0498
166      166   (0)      3  : 0.4542 0.0000 0.5078 0.0000 0.0380
167      167   (0)      3  : 0.7941 0.0000 0.1784 0.0275 0.0000
168      168   (0)      3  : 0.4484 0.0116 0.5046 0.0355 0.0000
169      169   (0)      3  : 0.4590 0.0000 0.5030 0.0380 0.0000
170      170   (0)      3  : 0.6975 0.0001 0.2934 0.0091 0.0000
171      171   (0)      3  : 0.2550 0.0000 0.4852 0.0000 0.2598
172      172   (0)      3  : 0.5429 0.0000 0.4026 0.0545 0.0000
173      173   (0)      3  : 0.5603 0.0000 0.3697 0.0700 0.0000
174      174   (0)      9  : 0.2460 0.0000 0.4074 0.0000 0.3465
175      175   (0)      9  : 0.0000 0.0213 0.5900 0.3887 0.0000
176      176   (0)      9  : 0.7564 0.0041 0.2242 0.0058 0.0095
177      177   (0)      9  : 0.1269 0.0000 0.2631 0.2427 0.3673
178      178   (0)      9  : 0.5442 0.0000 0.2499 0.0525 0.1534
179      179   (0)      9  : 0.5076 0.0079 0.3531 0.1314 0.0000
180      180   (0)      9  : 0.3348 0.0000 0.3583 0.1029 0.2040
181      181   (0)      1  : 0.6352 0.0000 0.0285 0.3362 0.0000
182      182   (0)      1  : 0.3815 0.0000 0.0000 0.2726 0.3459
183      183   (0)      1  : 0.5406 0.0000 0.0017 0.3152 0.1425
184      184   (0)      1  : 0.5669 0.0111 0.0000 0.4220 0.0000
185      185   (0)      1  : 0.7361 0.0000 0.0000 0.2639 0.0000
186      186   (0)      1  : 0.5106 0.0000 0.2077 0.2770 0.0046
187      187   (0)      1  : 0.5998 0.0000 0.0000 0.4002 0.0000
188      188   (0)      1  : 0.8588 0.0000 0.0000 0.1412 0.0000
189      189   (0)      2  : 0.3953 0.0000 0.0000 0.0465 0.5583
190      190   (0)      2  : 0.6412 0.0042 0.2335 0.1211 0.0000
191      191   (0)      2  : 0.7049 0.0000 0.1525 0.1426 0.0000
192      192   (0)      2  : 0.3028 0.0000 0.3010 0.0000 0.3962
193      193   (0)      2  : 0.8637 0.0000 0.0591 0.0772 0.0000
194      194   (0)      2  : 0.8083 0.0000 0.1508 0.0409 0.0000
195      195   (0)      2  : 0.2039 0.0000 0.0000 0.4015 0.3946
196      196   (0)      2  : 0.0000 0.0000 0.2968 0.0594 0.6439
197      197   (0)      1  : 0.8319 0.0000 0.0700 0.0982 0.0000
198      198   (0)      1  : 0.2246 0.0000 0.0000 0.4782 0.2972
199      199   (0)      1  : 0.4283 0.0000 0.0884 0.4023 0.0809
200      200   (0)      1  : 0.0000 0.0000 0.0000 0.6345 0.3655
201      201   (0)      1  : 0.0004 0.0000 0.0000 0.4818 0.5177
202      202   (0)      1  : 0.0000 0.0000 0.0000 0.9268 0.0732
203      203   (0)      2  : 0.0000 0.2856 0.0901 0.0000 0.6243
204      204   (0)      2  : 0.0001 0.0000 0.0000 0.2461 0.7538
205      205   (0)      2  : 0.1825 0.5613 0.0664 0.0000 0.1898
206      206   (0)      2  : 0.6930 0.0000 0.0982 0.2088 0.0000
207      207   (0)      2  : 0.5539 0.0046 0.0000 0.0000 0.4415
208      208   (0)      2  : 0.7929 0.0333 0.0816 0.0000 0.0921
209      209   (0)      2  : 0.0000 0.0000 0.1214 0.0000 0.8786
210      210   (0)      1  : 0.0080 0.0000 0.0000 0.0981 0.8939
211      211   (0)      1  : 0.0000 0.0000 0.2135 0.4620 0.3245
212      212   (0)      1  : 0.0000 0.0000 0.0783 0.3645 0.5572
213      213   (0)      1  : 0.3661 0.0000 0.0000 0.6295 0.0044
214      214   (0)      1  : 0.5043 0.0000 0.0000 0.1810 0.3146
215      215   (0)      1  : 0.0457 0.0000 0.0000 0.6243 0.3300
216      216   (0)      1  : 0.2686 0.0000 0.0000 0.7314 0.0000
217      217   (0)      1  : 0.4903 0.0000 0.0459 0.4635 0.0004
218      218   (0)      2  : 0.7791 0.0000 0.0000 0.2209 0.0000
219      219   (0)      2  : 0.1688 0.0000 0.2173 0.0367 0.5772
220      220   (0)      2  : 0.4063 0.0063 0.0558 0.3967 0.1349
221      221   (0)      2  : 0.5325 0.0000 0.1972 0.2704 0.0000
222      222   (0)      2  : 0.3570 0.0123 0.0169 0.2785 0.3353
223      223   (0)      2  : 0.9096 0.0000 0.0000 0.0362 0.0542
224      224   (0)      2  : 0.3058 0.0000 0.0914 0.0738 0.5291
225      225   (0)      2  : 0.5595 0.0000 0.0749 0.2205 0.1451
226      226   (0)      2  : 0.7826 0.0000 0.0000 0.1774 0.0400
227      227   (0)      2  : 0.9110 0.0000 0.0285 0.0467 0.0137
228      228   (0)      2  : 0.7934 0.0000 0.0000 0.2066 0.0000
229      229   (0)      2  : 0.5249 0.4371 0.0000 0.0379 0.0000
230      230   (0)      2  : 0.5538 0.0000 0.3286 0.1175 0.0000
231      231   (0)      2  : 0.8333 0.0000 0.0925 0.0740 0.0002
232      232   (0)     10  : 0.8492 0.0138 0.0000 0.0523 0.0847
233      233   (0)     10  : 0.5625 0.0000 0.1204 0.1227 0.1944
234      234   (0)     10  : 0.0000 0.0000 0.0791 0.0075 0.9134
235      235   (0)     10  : 0.0829 0.0000 0.0729 0.1604 0.6838
236      236   (0)     10  : 0.0000 0.0000 0.0723 0.0000 0.9277
237      237   (0)     10  : 0.0000 0.0000 0.0824 0.0423 0.8754
238      238   (0)     10  : 0.6960 0.0000 0.0810 0.0155 0.2075
239      239   (0)     10  : 0.5754 0.0000 0.0000 0.0000 0.4246
240      240   (0)     10  : 0.0000 0.0000 0.0000 0.0000 1.0000
241      241   (0)     10  : 0.7722 0.0000 0.1024 0.1254 0.0000
242      242   (0)     10  : 0.1711 0.0000 0.4388 0.0000 0.3901
243      243   (0)     10  : 0.7432 0.0000 0.0000 0.0843 0.1725
244      244   (0)     10  : 0.5053 0.0000 0.0000 0.0393 0.4554
245      245   (0)     10  : 0.8339 0.0000 0.0354 0.0691 0.0616
246      246   (0)     10  : 0.9135 0.0000 0.0000 0.0865 0.0000
247      247   (0)     10  : 0.6043 0.0047 0.0692 0.0000 0.3219
248      248   (0)     10  : 0.6632 0.0000 0.0726 0.0580 0.2063
249      249   (0)     10  : 0.9679 0.0000 0.0321 0.0000 0.0000
250      250   (0)     10  : 0.6896 0.0000 0.0343 0.2760 0.0000
251      251   (0)     10  : 0.0000 0.0000 0.0000 0.1039 0.8961
252      252   (0)     10  : 0.8204 0.0169 0.0000 0.0000 0.1628
253      253   (0)     10  : 0.8214 0.0000 0.0540 0.1246 0.0000
254      254   (0)     10  : 0.1681 0.0000 0.0000 0.2576 0.5743
255      255   (0)     10  : 0.7020 0.0000 0.0000 0.2980 0.0000
256      256   (0)     10  : 0.3474 0.5525 0.0000 0.0000 0.1001
257      257   (0)     10  : 0.9151 0.0000 0.0000 0.0519 0.0330
258      258   (0)     10  : 0.0000 0.0000 0.0000 0.1861 0.8139
259      259   (0)     10  : 0.7545 0.0000 0.0000 0.0454 0.2001
260      260   (0)     10  : 0.6359 0.0102 0.0000 0.0000 0.3539
261      261   (0)     10  : 0.7113 0.0121 0.0408 0.2358 0.0000
262      262   (0)     11  : 0.3302 0.0269 0.1479 0.2917 0.2033
263      263   (0)     11  : 0.6452 0.0000 0.0000 0.2157 0.1392
264      264   (0)     11  : 0.8373 0.0000 0.0000 0.1243 0.0384
265      265   (0)     11  : 0.0000 0.5614 0.0000 0.0689 0.3696
266      266   (0)     11  : 0.7507 0.0095 0.0000 0.0245 0.2154
267      267   (0)     11  : 0.0000 0.6545 0.0000 0.0000 0.3455
268      268   (0)     11  : 0.7836 0.0000 0.0000 0.0790 0.1374
269      269   (0)     11  : 0.7174 0.0000 0.0984 0.1641 0.0201
270      270   (0)     11  : 0.8803 0.0000 0.0000 0.0842 0.0355
271      271   (0)     11  : 0.0000 0.0000 0.0000 0.1646 0.8354
272      272   (0)     11  : 0.2789 0.0031 0.0000 0.1816 0.5364
273      273   (0)     11  : 0.0000 0.1847 0.3824 0.0544 0.3785
274      274   (0)     11  : 0.0000 0.4934 0.0000 0.0329 0.4736
275      275   (0)     11  : 0.5348 0.0000 0.0125 0.3041 0.1486
276      276   (0)     11  : 0.3830 0.2250 0.3123 0.0000 0.0796
277      277   (0)     11  : 0.5227 0.0434 0.0009 0.4331 0.0000
278      278   (0)     11  : 0.5037 0.0448 0.1606 0.2909 0.0000
279      279   (0)     11  : 0.0000 0.0000 0.0000 0.7010 0.2990
280      280   (0)     11  : 0.5621 0.0596 0.1535 0.1676 0.0572
281      281   (0)     11  : 0.2728 0.0000 0.0000 0.1242 0.6030
282      282   (0)     11  : 0.6034 0.0021 0.0000 0.1974 0.1972
283      283   (0)     11  : 0.0043 0.0000 0.3135 0.5302 0.1521
284      284   (0)     11  : 0.0000 0.0000 0.0544 0.4307 0.5149
285      285   (0)     11  : 0.5204 0.0000 0.1071 0.2208 0.1517
286      286   (0)     11  : 0.0352 0.0390 0.0988 0.2643 0.5626
287      287   (0)     11  : 0.4373 0.0516 0.0655 0.1930 0.2526
288      288   (0)     11  : 0.5310 0.0262 0.0279 0.0534 0.3615
289      289   (0)     11  : 0.3796 0.0000 0.0000 0.1140 0.5063
290      290   (0)     11  : 0.3100 0.0550 0.0108 0.2777 0.3464
291      291   (0)     11  : 0.0000 0.0005 0.1812 0.5454 0.2728
292      292   (0)     12  : 0.0000 1.0000 0.0000 0.0000 0.0000
293      293   (0)     12  : 0.0000 0.1138 0.7853 0.0000 0.1009
294      294   (0)     12  : 0.0000 1.0000 0.0000 0.0000 0.0000
295      295   (0)     12  : 0.0000 1.0000 0.0000 0.0000 0.0000
296      296   (0)     12  : 0.0000 1.0000 0.0000 0.0000 0.0000
297      297   (0)     12  : 0.0485 0.9515 0.0000 0.0000 0.0000
298      298   (0)     12  : 0.0000 0.9853 0.0147 0.0000 0.0000
299      299   (0)     12  : 0.0000 1.0000 0.0000 0.0000 0.0000
300      300   (0)     12  : 0.0000 0.0858 0.2861 0.0000 0.6281
301      301   (0)     12  : 0.0000 0.0000 1.0000 0.0000 0.0000
302      302   (0)     12  : 0.0000 1.0000 0.0000 0.0000 0.0000
303      303   (0)     12  : 0.0000 0.9585 0.0000 0.0415 0.0000
304      304   (0)     12  : 0.5546 0.4313 0.0000 0.0000 0.0141
305      305   (0)     12  : 0.4781 0.0749 0.4047 0.0000 0.0423
306      306   (0)     12  : 0.0000 0.8276 0.1724 0.0000 0.0000
307      307   (0)     12  : 0.0000 1.0000 0.0000 0.0000 0.0000
308      308   (0)     12  : 0.0672 0.9328 0.0000 0.0000 0.0000
309      309   (0)     12  : 0.0000 0.0022 0.5623 0.0000 0.4356
310      310   (0)     12  : 0.0687 0.9313 0.0000 0.0000 0.0000
311      311   (0)     12  : 0.2717 0.6294 0.0989 0.0000 0.0000
312      312   (0)     12  : 0.0000 0.0516 0.7794 0.0000 0.1690
313      313   (0)     12  : 0.3466 0.0217 0.6310 0.0000 0.0007
314      314   (0)     12  : 0.3641 0.6359 0.0000 0.0000 0.0000
315      315   (0)     12  : 0.0000 1.0000 0.0000 0.0000 0.0000
316      316   (0)     12  : 0.2099 0.7901 0.0000 0.0000 0.0000
317      317   (0)     12  : 0.0635 0.7724 0.0000 0.0000 0.1641
318      318   (0)     12  : 0.0000 0.0000 0.4029 0.0000 0.5971
319      319   (0)     12  : 0.0238 0.8293 0.0911 0.0000 0.0557
320      320   (0)     12  : 0.0000 0.0115 0.4343 0.0000 0.5543
321      321   (0)     12  : 0.0000 0.7607 0.0000 0.0000 0.2393
322      322   (0)     13  : 0.8898 0.0000 0.0654 0.0444 0.0004
323      323   (0)     13  : 0.8584 0.0000 0.0738 0.0000 0.0678
324      324   (0)     13  : 0.9449 0.0000 0.0000 0.0000 0.0551
325      325   (0)     13  : 0.7842 0.0000 0.0000 0.0000 0.2158
326      326   (0)     13  : 0.0000 0.0000 0.0000 0.2089 0.7911
327      327   (0)     13  : 0.8304 0.0000 0.0340 0.0144 0.1212
328      328   (0)     13  : 0.9602 0.0000 0.0006 0.0393 0.0000
329      329   (0)     13  : 0.8315 0.0000 0.0523 0.1162 0.0000
330      330   (0)     13  : 0.8191 0.0000 0.0277 0.1532 0.0000
331      331   (0)     13  : 0.0000 0.0095 0.4905 0.4976 0.0024
332      332   (0)     13  : 0.8945 0.0000 0.0278 0.0769 0.0008
333      333   (0)     13  : 0.7566 0.0000 0.2433 0.0000 0.0001
334      334   (0)     13  : 0.8388 0.0000 0.0000 0.0000 0.1612
335      335   (0)     13  : 0.1062 0.0000 0.1084 0.0001 0.7852
336      336   (0)     13  : 0.7786 0.0000 0.0027 0.1486 0.0701
337      337   (0)     13  : 0.1253 0.0000 0.0000 0.0000 0.8747
338      338   (0)     13  : 0.7776 0.0000 0.0000 0.1119 0.1105
339      339   (0)     13  : 0.0000 0.0000 0.2329 0.1702 0.5970
340      340   (0)     13  : 0.6380 0.0162 0.1581 0.0004 0.1872
341      341   (0)     13  : 0.7321 0.0000 0.0000 0.0893 0.1786
342      342   (0)     13  : 0.0000 0.0000 0.0000 0.0000 1.0000
343      343   (0)     13  : 0.3203 0.0000 0.0000 0.1626 0.5171
344      344   (0)     13  : 0.7295 0.0000 0.0008 0.0669 0.2028
345      345   (0)     13  : 0.3203 0.5197 0.0000 0.0009 0.1590
346      346   (0)     13  : 0.5734 0.0000 0.2139 0.0000 0.2127
347      347   (0)     13  : 0.8441 0.0000 0.0241 0.0000 0.1317
348      348   (0)     13  : 0.4553 0.0000 0.0000 0.1816 0.3630
349      349   (0)     13  : 0.6163 0.0000 0.1464 0.2373 0.0000
350      350   (0)     13  : 0.2555 0.7445 0.0000 0.0000 0.0000
351      351   (0)     13  : 0.7300 0.0116 0.0000 0.0080 0.2504
