1        1   (0)      1  : 0.0000 0.0000 0.5780 0.4201 0.0000 0.0018
2        2   (0)      1  : 0.4566 0.0797 0.3806 0.0340 0.0094 0.0397
3        3   (0)      1  : 0.0842 0.0000 0.4818 0.2311 0.2030 0.0000
4        4   (0)      1  : 0.0333 0.0257 0.6968 0.0000 0.0000 0.2442
5        5   (0)      1  : 0.3338 0.0018 0.1440 0.3732 0.0000 0.1473
6        6   (0)      2  : 0.0000 0.0000 0.7308 0.0000 0.2692 0.0000
7        7   (0)      1  : 0.1727 0.0000 0.8273 0.0000 0.0000 0.0000
8        8   (0)      3  : 0.0000 0.5368 0.0000 0.3673 0.0943 0.0016
9        9   (0)      4  : 0.0000 0.0420 0.0000 0.0000 0.2292 0.7288
10       10   (0)      4  : 0.3464 0.3926 0.0951 0.0103 0.1556 0.0000
11       11   (0)      4  : 0.0000 0.2815 0.0083 0.3901 0.0921 0.2280
12       12   (0)      4  : 0.0000 0.0000 0.0000 0.0000 0.0000 1.0000
13       13   (0)      4  : 0.2324 0.5558 0.2086 0.0000 0.0000 0.0032
14       14   (0)      5  : 0.2948 0.2684 0.0897 0.2423 0.1048 0.0000
15       15   (0)      4  : 0.0000 0.4683 0.0000 0.3801 0.1417 0.0099
16       16   (0)      5  : 0.3268 0.4666 0.1933 0.0129 0.0000 0.0004
17       17   (0)      5  : 0.2924 0.6062 0.0000 0.0000 0.1014 0.0000
18       18   (0)      5  : 0.0000 0.5849 0.0000 0.1313 0.2838 0.0000
19       19   (0)      5  : 0.2270 0.7730 0.0000 0.0000 0.0000 0.0000
20       20   (0)      5  : 0.0000 0.3432 0.0088 0.5273 0.0000 0.1207
21       21   (0)      5  : 0.0000 0.6443 0.0000 0.3557 0.0000 0.0000
22       22   (0)      5  : 0.1997 0.3431 0.0116 0.1006 0.1933 0.1517
23       23   (0)      5  : 0.0000 0.5947 0.0000 0.3529 0.0000 0.0524
24       24   (0)      5  : 0.1623 0.6324 0.0002 0.0000 0.2051 0.0000
25       25   (0)      5  : 0.0000 0.5137 0.0000 0.4121 0.0000 0.0742
26       26   (0)      5  : 0.0062 0.8211 0.0000 0.0000 0.0000 0.1727
27       27   (0)      5  : 0.6596 0.3404 0.0000 0.0000 0.0000 0.0000
28       28   (0)      5  : 0.3544 0.3954 0.0000 0.1371 0.1130 0.0000
29       29   (0)      5  : 0.0395 0.5892 0.0048 0.1928 0.0163 0.1574
30       30   (0)      5  : 0.3313 0.1877 0.0000 0.4754 0.0000 0.0055
31       31   (0)      5  : 0.1868 0.3443 0.0000 0.4688 0.0000 0.0000
32       32   (0)      5  : 0.5179 0.3670 0.0000 0.0478 0.0672 0.0000
33       33   (0)      5  : 0.1860 0.8021 0.0000 0.0000 0.0000 0.0119
34       34   (0)      5  : 0.3045 0.5786 0.0000 0.1165 0.0000 0.0003
35       35   (0)      5  : 0.0000 0.6992 0.1141 0.1080 0.0170 0.0617
36       36   (0)      5  : 0.2156 0.3564 0.0003 0.0532 0.0000 0.3745
37       37   (0)      5  : 0.3981 0.4864 0.0000 0.0000 0.0000 0.1155
38       38   (0)      5  : 0.0000 0.4933 0.0000 0.3929 0.0000 0.1138
39       39   (0)      5  : 0.5482 0.4367 0.0000 0.0000 0.0150 0.0000
40       40   (0)      5  : 0.0000 0.3366 0.0813 0.3136 0.1028 0.1658
41       41   (0)      4  : 0.0000 0.5119 0.0000 0.0000 0.0000 0.4881
42       42   (0)      4  : 0.3776 0.1598 0.0000 0.0982 0.1906 0.1739
43       43   (0)      4  : 0.0000 0.2764 0.0000 0.5994 0.1241 0.0000
44       44   (0)      4  : 0.5367 0.2961 0.0237 0.0000 0.0157 0.1278
45       45   (0)      5  : 0.2472 0.1912 0.0427 0.2875 0.0428 0.1885
46       46   (0)      4  : 0.0000 0.3702 0.0000 0.4216 0.2082 0.0000
47       47   (0)      4  : 0.1502 0.4646 0.3264 0.0106 0.0482 0.0000
48       48   (0)      4  : 0.1915 0.5007 0.1460 0.0000 0.0013 0.1606
49       49   (0)      4  : 0.1546 0.6244 0.0359 0.0049 0.0000 0.1803
50       50   (0)      5  : 0.2964 0.2066 0.0973 0.1522 0.0000 0.2475
51       51   (0)      4  : 0.4697 0.2689 0.0407 0.2101 0.0000 0.0106
52       52   (0)      5  : 0.0730 0.3561 0.1055 0.2989 0.1664 0.0000
53       53   (0)      6  : 0.0000 0.0012 0.9822 0.0000 0.0000 0.0166
54       54   (0)      6  : 0.1370 0.3492 0.1689 0.3449 0.0000 0.0000
55       55   (0)      6  : 0.0000 0.0000 0.0000 0.0000 0.0000 1.0000
56       56   (0)      6  : 0.0000 0.0000 0.6760 0.3240 0.0000 0.0000
57       57   (0)      6  : 0.1016 0.0712 0.4310 0.3963 0.0000 0.0000
58       58   (0)      6  : 0.2387 0.1393 0.1854 0.4270 0.0096 0.0000
59       59   (0)      6  : 0.0000 0.1131 0.1304 0.7323 0.0000 0.0241
60       60   (0)      6  : 0.0592 0.2026 0.3304 0.4079 0.0000 0.0000
61       61   (0)      7  : 0.4258 0.3592 0.1440 0.0000 0.0000 0.0710
62       62   (0)      7  : 0.5516 0.2207 0.0637 0.0079 0.1561 0.0000
63       63   (0)      7  : 0.2150 0.2845 0.1587 0.1646 0.0326 0.1446
64       64   (0)      7  : 0.2664 0.3712 0.3422 0.0000 0.0172 0.0030
65       65   (0)      7  : 0.0000 0.7481 0.2201 0.0000 0.0319 0.0000
66       66   (0)      7  : 0.0000 0.3201 0.3404 0.0660 0.0007 0.2728
67       67   (0)      7  : 0.0928 0.4182 0.2186 0.0000 0.2704 0.0000
68       68   (0)      7  : 0.6826 0.1919 0.0560 0.0000 0.0695 0.0000
69       69   (0)      7  : 0.0688 0.4909 0.3352 0.1037 0.0000 0.0015
70       70   (0)      7  : 0.0000 0.7171 0.2386 0.0000 0.0000 0.0444
71       71   (0)      7  : 0.5178 0.1010 0.1137 0.0528 0.0870 0.1277
72       72   (0)      7  : 0.4339 0.4392 0.1269 0.0000 0.0000 0.0000
73       73   (0)      7  : 0.0000 0.7328 0.2646 0.0000 0.0012 0.0013
74       74   (0)      7  : 0.0000 0.2609 0.1940 0.5450 0.0000 0.0000
75       75   (0)      7  : 0.4353 0.4832 0.0000 0.0000 0.0000 0.0816
76       76   (0)      7  : 0.3785 0.2615 0.0560 0.3040 0.0000 0.0000
77       77   (0)      7  : 0.2665 0.4661 0.1964 0.0000 0.0709 0.0000
78       78   (0)      7  : 0.2064 0.3836 0.1390 0.0000 0.0000 0.2709
79       79   (0)      7  : 0.3087 0.3463 0.1016 0.2348 0.0000 0.0087
80       80   (0)      7  : 0.0000 0.6226 0.3473 0.0000 0.0000 0.0301
81       81   (0)      7  : 0.0000 0.4017 0.2534 0.1537 0.0000 0.1911
82       82   (0)      7  : 0.0000 0.6543 0.1110 0.0000 0.1201 0.1146
83       83   (0)      7  : 0.0000 0.6008 0.1204 0.0000 0.0411 0.2377
84       84   (0)      7  : 0.0000 0.6971 0.1591 0.0000 0.0000 0.1439
85       85   (0)      6  : 0.3823 0.1207 0.3942 0.0000 0.1004 0.0024
86       86   (0)      6  : 0.2115 0.1394 0.3555 0.1356 0.0832 0.0748
87       87   (0)      6  : 0.0640 0.0293 0.2050 0.5935 0.0000 0.1082
88       88   (0)      6  : 0.5084 0.0292 0.4624 0.0000 0.0000 0.0000
89       89   (0)      6  : 0.0000 0.0043 0.4535 0.5372 0.0000 0.0049
90       90   (0)      6  : 0.2800 0.1453 0.3902 0.0935 0.0000 0.0910
91       91   (0)      6  : 0.3138 0.0264 0.3825 0.2602 0.0172 0.0000
92       92   (0)      6  : 0.0000 0.0236 0.6302 0.3461 0.0000 0.0000
93       93   (0)      7  : 0.0916 0.3009 0.2546 0.3529 0.0000 0.0000
94       94   (0)      7  : 0.0000 0.0000 0.0404 0.0000 0.0000 0.9596
95       95   (0)      6  : 0.0717 0.0000 0.5890 0.0420 0.1060 0.1913
96       96   (0)      6  : 0.0000 0.0000 1.0000 0.0000 0.0000 0.0000
97       97   (0)      6  : 0.0000 0.2583 0.6962 0.0000 0.0372 0.0083
98       98   (0)      6  : 0.0000 0.1543 0.5896 0.0312 0.1912 0.0337
99       99   (0)      6  : 0.0000 0.0000 0.4500 0.3877 0.1623 0.0000
100      100   (0)      6  : 0.1751 0.0000 0.5921 0.2328 0.0000 0.0000
101      101   (0)      6  : 0.0000 0.0529 0.8187 0.0000 0.1217 0.0068
102      102   (0)      6  : 0.0964 0.0000 0.7086 0.0000 0.1951 0.0000
103      103   (0)      8  : 0.0000 0.2163 0.1479 0.3761 0.0000 0.2597
104      104   (0)      8  : 0.2500 0.2529 0.0033 0.4569 0.0000 0.0369
105      105   (0)      8  : 0.0000 0.0879 0.0043 0.6449 0.0000 0.2629
106      106   (0)      8  : 0.5784 0.3848 0.0000 0.0318 0.0000 0.0050
107      107   (0)      8  : 0.4268 0.4938 0.0000 0.0000 0.0000 0.0794
108      108   (0)      8  : 0.0000 0.4217 0.0000 0.4035 0.0577 0.1171
109      109   (0)      8  : 0.1048 0.1901 0.0000 0.5730 0.0000 0.1321
110      110   (0)      8  : 0.0000 0.2035 0.0000 0.7208 0.0000 0.0757
111      111   (0)      8  : 0.3892 0.2000 0.0000 0.1176 0.0054 0.2878
112      112   (0)      8  : 0.2347 0.3138 0.0000 0.3698 0.0817 0.0000
113      113   (0)      8  : 0.3529 0.1745 0.0000 0.3705 0.0000 0.1021
114      114   (0)      8  : 0.1922 0.4352 0.0000 0.0836 0.2615 0.0275
115      115   (0)      8  : 0.0000 0.0000 0.0000 0.0000 0.0000 1.0000
116      116   (0)      8  : 0.0012 0.0656 0.0000 0.9332 0.0000 0.0000
117      117   (0)      8  : 0.4204 0.2732 0.0090 0.0011 0.0253 0.2710
118      118   (0)      8  : 0.5318 0.2658 0.0581 0.0235 0.0790 0.0418
119      119   (0)      8  : 0.6801 0.3031 0.0000 0.0168 0.0000 0.0000
120      120   (0)      8  : 0.6177 0.2443 0.0845 0.0000 0.0000 0.0535
121      121   (0)      8  : 0.3995 0.2002 0.0000 0.3498 0.0000 0.0506
122      122   (0)      8  : 0.0000 0.5143 0.0855 0.3050 0.0821 0.0130
123      123   (0)      8  : 0.4101 0.2551 0.2302 0.1046 0.0000 0.0000
124      124   (0)      8  : 0.0000 0.0000 0.0000 0.0000 0.0000 1.0000
125      125   (0)      8  : 0.4314 0.2213 0.0000 0.0593 0.2419 0.0461
126      126   (0)      3  : 0.0086 0.3341 0.0012 0.4796 0.0000 0.1765
127      127   (0)      3  : 0.0324 0.0706 0.0000 0.8960 0.0010 0.0000
128      128   (0)      3  : 0.5261 0.3613 0.0000 0.0741 0.0000 0.0386
129      129   (0)      3  : 0.3355 0.3015 0.0000 0.3630 0.0000 0.0000
130      130   (0)      3  : 0.0002 0.3109 0.0000 0.6707 0.0000 0.0181
131      131   (0)      3  : 0.5072 0.3667 0.0000 0.0000 0.0000 0.1261
132      132   (0)      3  : 0.3745 0.3475 0.0000 0.1536 0.0000 0.1245
133      133   (0)      3  : 0.2330 0.5374 0.0000 0.2294 0.0002 0.0000
134      134   (0)      3  : 0.2786 0.4331 0.0411 0.0597 0.0000 0.1874
135      135   (0)      3  : 0.1355 0.4944 0.0731 0.0000 0.0176 0.2794
136      136   (0)      3  : 0.3697 0.3514 0.0093 0.0861 0.0000 0.1835
137      137   (0)      3  : 0.4106 0.2254 0.0092 0.1432 0.0000 0.2116
138      138   (0)      3  : 0.4309 0.4452 0.1213 0.0026 0.0000 0.0000
139      139   (0)      3  : 0.4741 0.2258 0.0000 0.1898 0.0379 0.0724
140      140   (0)      3  : 0.0000 0.1339 0.0000 0.6856 0.0000 0.1806
141      141   (0)      3  : 0.5384 0.3902 0.0000 0.0180 0.0000 0.0533
142      142   (0)      3  : 0.2805 0.4904 0.0000 0.2291 0.0000 0.0000
143      143   (0)      3  : 0.5390 0.4254 0.0000 0.0000 0.0000 0.0356
144      144   (0)      3  : 0.0000 0.1318 0.0000 0.7122 0.0000 0.1560
145      145   (0)      3  : 0.2883 0.5222 0.0000 0.1229 0.0666 0.0000
146      146   (0)      3  : 0.5036 0.2358 0.0000 0.2606 0.0000 0.0000
147      147   (0)      3  : 0.4296 0.3441 0.0000 0.0101 0.0000 0.2162
148      148   (0)      3  : 0.4094 0.4586 0.0236 0.0000 0.0689 0.0394
149      149   (0)      3  : 0.6609 0.3031 0.0000 0.0000 0.0000 0.0360
150      150   (0)      3  : 0.3375 0.4670 0.0000 0.0000 0.1955 0.0000
151      151   (0)      3  : 0.5519 0.3970 0.0000 0.0000 0.0000 0.0511
152      152   (0)      3  : 0.0533 0.3292 0.0637 0.4391 0.0000 0.1148
153      153   (0)      8  : 0.0000 0.4430 0.0000 0.3729 0.1840 0.0000
154      154   (0)      8  : 0.0000 0.0307 0.0000 0.0000 0.0000 0.9693
155      155   (0)      8  : 0.4315 0.2107 0.0000 0.3151 0.0000 0.0428
156      156   (0)      8  : 0.3363 0.2050 0.2083 0.0000 0.1617 0.0887
157      157   (0)      8  : 0.1977 0.2109 0.0541 0.3950 0.0670 0.0754
158      158   (0)      8  : 0.0975 0.3283 0.0953 0.3725 0.0000 0.1064
159      159   (0)      8  : 0.1335 0.2606 0.0511 0.2718 0.1078 0.1752
160      160   (0)      1  : 0.5958 0.0432 0.3611 0.0000 0.0000 0.0000
161      161   (0)      1  : 0.2735 0.0000 0.2268 0.3165 0.1832 0.0000
162      162   (0)      1  : 0.7209 0.0006 0.2032 0.0000 0.0750 0.0004
163      163   (0)      1  : 0.1199 0.0000 0.4557 0.4205 0.0000 0.0039
164      164   (0)      1  : 0.7151 0.0000 0.2278 0.0404 0.0167 0.0000
165      165   (0)      1  : 0.2596 0.1763 0.2565 0.2853 0.0000 0.0224
166      166   (0)      1  : 0.5974 0.0000 0.3763 0.0263 0.0000 0.0000
167      167   (0)      1  : 0.8406 0.0008 0.0579 0.1007 0.0000 0.0000
168      168   (0)      2  : 0.1111 0.0000 0.0330 0.6801 0.1757 0.0000
169      169   (0)      2  : 0.6456 0.2488 0.1056 0.0000 0.0000 0.0000
170      170   (0)      2  : 0.6219 0.1738 0.1164 0.0824 0.0000 0.0055
171      171   (0)      2  : 0.0000 0.2899 0.0000 0.5218 0.1882 0.0000
172      172   (0)      2  : 0.7450 0.0081 0.0000 0.1842 0.0000 0.0627
173      173   (0)      2  : 0.0000 0.1493 0.0000 0.8460 0.0000 0.0048
174      174   (0)      2  : 0.3790 0.0000 0.3920 0.1773 0.0518 0.0000
175      175   (0)      2  : 0.1092 0.1723 0.0323 0.1277 0.5585 0.0000
176      176   (0)      1  : 0.3453 0.0790 0.1118 0.4594 0.0000 0.0045
177      177   (0)      1  : 0.2885 0.0000 0.5622 0.0000 0.1493 0.0000
178      178   (0)      1  : 0.0000 0.0553 0.3977 0.4950 0.0000 0.0520
179      179   (0)      1  : 0.1192 0.0000 0.6690 0.2118 0.0000 0.0000
180      180   (0)      1  : 0.0000 0.0000 0.4980 0.4529 0.0491 0.0000
181      181   (0)      1  : 0.0000 0.0000 0.9452 0.0000 0.0548 0.0000
182      182   (0)      2  : 0.0000 0.0001 0.2792 0.5345 0.1862 0.0000
183      183   (0)      2  : 0.7073 0.1258 0.1594 0.0000 0.0000 0.0074
184      184   (0)      2  : 0.0000 0.0000 0.0000 0.8124 0.1876 0.0000
185      185   (0)      2  : 0.8692 0.0830 0.0000 0.0000 0.0478 0.0000
186      186   (0)      2  : 0.0000 0.0000 0.0000 0.3950 0.6050 0.0000
187      187   (0)      1  : 0.0000 0.0000 0.0979 0.5858 0.3163 0.0000
188      188   (0)      1  : 0.3750 0.1308 0.3759 0.0000 0.0000 0.1182
189      189   (0)      1  : 0.0000 0.0441 0.4474 0.1834 0.2802 0.0448
190      190   (0)      1  : 0.3563 0.0000 0.6421 0.0000 0.0016 0.0000
191      191   (0)      1  : 0.0000 0.0000 0.2161 0.7693 0.0146 0.0000
192      192   (0)      1  : 0.3142 0.0000 0.6081 0.0000 0.0776 0.0000
193      193   (0)      1  : 0.3022 0.0000 0.6807 0.0137 0.0033 0.0000
194      194   (0)      1  : 0.0000 0.0004 0.4507 0.4790 0.0000 0.0699
195      195   (0)      2  : 0.3199 0.0000 0.2428 0.4372 0.0000 0.0000
196      196   (0)      2  : 0.0000 0.2016 0.0982 0.5459 0.1544 0.0000
197      197   (0)      2  : 0.5362 0.0757 0.3462 0.0000 0.0177 0.0242
198      198   (0)      2  : 0.3710 0.2242 0.2646 0.1402 0.0000 0.0000
199      199   (0)      2  : 0.7669 0.0147 0.1571 0.0000 0.0523 0.0091
200      200   (0)      2  : 0.0945 0.0344 0.0127 0.8584 0.0000 0.0000
201      201   (0)      2  : 0.1010 0.0841 0.0603 0.5101 0.2444 0.0000
202      202   (0)      2  : 0.6957 0.0835 0.2055 0.0000 0.0153 0.0000
203      203   (0)      2  : 0.7090 0.0000 0.1124 0.1430 0.0356 0.0000
204      204   (0)      2  : 0.7567 0.0847 0.0018 0.1453 0.0115 0.0000
205      205   (0)      2  : 0.7476 0.0000 0.2098 0.0426 0.0000 0.0000
206      206   (0)      2  : 0.4542 0.2182 0.0510 0.1630 0.0000 0.1135
207      207   (0)      2  : 0.4439 0.0902 0.0376 0.4182 0.0014 0.0086
208      208   (0)      9  : 0.3748 0.0000 0.0000 0.5736 0.0109 0.0406
209      209   (0)      9  : 0.0000 0.0000 0.0129 0.7560 0.0304 0.2007
210      210   (0)      9  : 0.5785 0.0000 0.0000 0.0000 0.3553 0.0663
211      211   (0)      9  : 0.0637 0.0000 0.1322 0.4127 0.2980 0.0934
212      212   (0)      9  : 0.0000 0.0000 0.0000 0.5785 0.2887 0.1328
213      213   (0)      9  : 0.6793 0.0537 0.0000 0.0000 0.2523 0.0146
214      214   (0)      9  : 0.2325 0.0000 0.0000 0.4731 0.2558 0.0386
215      215   (0)      9  : 0.7296 0.0000 0.0000 0.0000 0.2704 0.0000
216      216   (0)      9  : 0.0000 0.0000 0.0000 0.0000 1.0000 0.0000
217      217   (0)      9  : 0.8638 0.0000 0.0105 0.0000 0.0010 0.1248
218      218   (0)      9  : 0.0000 0.2030 0.0000 0.2677 0.3921 0.1372
219      219   (0)      9  : 0.8429 0.0000 0.0000 0.0000 0.1571 0.0000
220      220   (0)      9  : 0.1186 0.0000 0.0000 0.6485 0.2274 0.0056
221      221   (0)      9  : 0.6537 0.0302 0.0222 0.2370 0.0569 0.0000
222      222   (0)      9  : 0.4328 0.0000 0.0796 0.4734 0.0102 0.0040
223      223   (0)      9  : 0.0000 0.0196 0.0000 0.8294 0.1295 0.0215
224      224   (0)      9  : 0.7690 0.0015 0.0000 0.0000 0.2017 0.0278
225      225   (0)      9  : 0.9669 0.0331 0.0000 0.0000 0.0000 0.0000
226      226   (0)      9  : 0.6260 0.0050 0.2359 0.0008 0.0996 0.0326
227      227   (0)      9  : 0.3948 0.0000 0.0342 0.0000 0.5710 0.0000
228      228   (0)      9  : 0.6047 0.0000 0.0000 0.2673 0.1279 0.0000
229      229   (0)      9  : 0.9234 0.0629 0.0002 0.0000 0.0135 0.0000
230      230   (0)      9  : 0.6799 0.0000 0.0595 0.0000 0.2606 0.0000
231      231   (0)      9  : 0.6905 0.0000 0.2557 0.0000 0.0478 0.0060
232      232   (0)      9  : 0.4360 0.0000 0.0161 0.4983 0.0496 0.0000
233      233   (0)      9  : 0.3064 0.0000 0.1984 0.0769 0.4184 0.0000
234      234   (0)      9  : 0.8318 0.0000 0.0000 0.0008 0.1674 0.0000
235      235   (0)      9  : 0.4623 0.0000 0.0000 0.2980 0.2396 0.0000
236      236   (0)      9  : 0.5676 0.0180 0.2191 0.0639 0.0771 0.0542
237      237   (0)     10  : 0.3049 0.0617 0.2519 0.0763 0.1852 0.1199
238      238   (0)     10  : 0.6715 0.0000 0.1413 0.0004 0.1868 0.0000
239      239   (0)     10  : 0.9589 0.0000 0.0000 0.0000 0.0411 0.0000
240      240   (0)     10  : 0.0423 0.0000 0.0000 0.9050 0.0527 0.0000
241      241   (0)     10  : 0.0000 0.0000 0.0575 0.7718 0.1623 0.0084
242      242   (0)     10  : 0.7209 0.0392 0.0187 0.0000 0.1785 0.0427
243      243   (0)     10  : 0.9462 0.0000 0.0066 0.0000 0.0473 0.0000
244      244   (0)     10  : 0.0000 0.0000 0.2688 0.3102 0.4210 0.0000
245      245   (0)     10  : 0.2257 0.0000 0.1541 0.1962 0.4241 0.0000
246      246   (0)     10  : 0.0000 0.0432 0.0007 0.0000 0.6104 0.3457
247      247   (0)     10  : 0.5681 0.0000 0.1828 0.0000 0.2147 0.0344
248      248   (0)     10  : 0.4957 0.0873 0.0135 0.0000 0.1168 0.2867
249      249   (0)     10  : 0.5707 0.0018 0.3190 0.0000 0.0747 0.0338
250      250   (0)     10  : 0.1950 0.1998 0.3642 0.2372 0.0000 0.0038
251      251   (0)     10  : 0.0000 0.0000 0.7014 0.0000 0.2986 0.0000
252      252   (0)     10  : 0.2899 0.1619 0.0776 0.2852 0.1350 0.0504
253      253   (0)     10  : 0.5175 0.0000 0.0217 0.0000 0.4608 0.0000
254      254   (0)     10  : 0.2999 0.0000 0.1421 0.3822 0.1757 0.0000
255      255   (0)     10  : 0.0000 0.1799 0.4785 0.0000 0.3403 0.0012
256      256   (0)     10  : 0.0888 0.0012 0.4553 0.0000 0.4060 0.0487
257      257   (0)     10  : 0.0000 0.0255 0.1827 0.7022 0.0000 0.0896
258      258   (0)     10  : 0.0795 0.0167 0.4652 0.0000 0.4387 0.0000
259      259   (0)     10  : 0.0000 0.0164 0.1878 0.5250 0.1892 0.0816
260      260   (0)     10  : 0.6923 0.0000 0.0116 0.0000 0.2823 0.0137
261      261   (0)     10  : 0.0000 0.0000 0.0396 0.6485 0.3120 0.0000
262      262   (0)     10  : 0.3968 0.0000 0.2588 0.0000 0.3444 0.0000
263      263   (0)     10  : 0.1613 0.0455 0.3887 0.0000 0.2177 0.1868
264      264   (0)     11  : 0.0000 0.4286 0.0000 0.0000 0.4091 0.1623
265      265   (0)     11  : 0.3266 0.0000 0.0000 0.0000 0.6734 0.0000
266      266   (0)     11  : 0.0000 0.6556 0.0000 0.0000 0.2834 0.0609
267      267   (0)     11  : 0.0000 0.3681 0.0000 0.3693 0.2308 0.0318
268      268   (0)     11  : 0.0000 0.3627 0.0000 0.0000 0.6373 0.0000
269      269   (0)     11  : 0.0000 0.2066 0.0000 0.0000 0.5355 0.2579
270      270   (0)     11  : 0.0988 0.5348 0.0000 0.0000 0.3664 0.0000
271      271   (0)     11  : 0.0000 0.1201 0.0000 0.0000 0.8799 0.0000
272      272   (0)     11  : 0.0000 0.3034 0.0000 0.0000 0.6966 0.0000
273      273   (0)     12  : 0.7080 0.0564 0.0000 0.2328 0.0000 0.0028
274      274   (0)     12  : 0.0069 0.0465 0.0000 0.8740 0.0727 0.0000
275      275   (0)     12  : 0.5495 0.0000 0.0000 0.4502 0.0003 0.0000
276      276   (0)     12  : 0.0000 0.0000 0.0000 0.9821 0.0179 0.0000
277      277   (0)     12  : 0.5054 0.0000 0.1081 0.0000 0.3865 0.0000
278      278   (0)     12  : 0.3335 0.0337 0.0054 0.5530 0.0734 0.0009
279      279   (0)     12  : 0.0674 0.0000 0.0000 0.9326 0.0000 0.0000
280      280   (0)     12  : 0.8094 0.0189 0.0990 0.0000 0.0000 0.0728
281      281   (0)     12  : 0.3161 0.0000 0.0251 0.4571 0.1040 0.0977
282      282   (0)     12  : 0.0000 0.0000 0.0000 0.0000 0.0000 1.0000
283      283   (0)     12  : 0.7343 0.0617 0.0000 0.1949 0.0091 0.0000
284      284   (0)     12  : 0.0000 0.1797 0.0000 0.7586 0.0000 0.0618
285      285   (0)     12  : 0.0465 0.0000 0.0000 0.9379 0.0157 0.0000
286      286   (0)     12  : 0.0000 0.0000 0.0000 0.3105 0.6895 0.0000
287      287   (0)     12  : 0.5771 0.0000 0.0441 0.2567 0.1221 0.0000
288      288   (0)     12  : 0.4093 0.0000 0.0000 0.2274 0.3634 0.0000
289      289   (0)     12  : 0.8211 0.0000 0.0001 0.0085 0.1703 0.0000
290      290   (0)     12  : 0.0000 0.1271 0.2412 0.1186 0.5131 0.0000
291      291   (0)     12  : 0.6036 0.1339 0.0000 0.0606 0.1942 0.0077
292      292   (0)     12  : 0.8107 0.0000 0.0000 0.0000 0.1893 0.0000
293      293   (0)     12  : 0.2440 0.0000 0.0000 0.4387 0.3173 0.0000
294      294   (0)     12  : 0.2496 0.0000 0.0925 0.4397 0.2182 0.0000
295      295   (0)     12  : 0.4129 0.0000 0.0000 0.4476 0.1395 0.0000
296      296   (0)     12  : 0.5595 0.1161 0.0000 0.0000 0.3244 0.0000
297      297   (0)     12  : 0.2740 0.0000 0.0000 0.6173 0.1087 0.0000
298      298   (0)     12  : 0.0000 0.0000 0.0607 0.7383 0.0911 0.1100
299      299   (0)     12  : 0.2980 0.0296 0.1406 0.3107 0.0207 0.2004
300      300   (0)     12  : 0.0000 0.0000 0.0000 0.9834 0.0166 0.0000
