  1        1   (0)      1 :  0.0043 0.0000 0.0396 0.5103 0.0058 0.0000 0.0897 0.0000 0.3144 0.0359 
  2        2   (0)      1 :  0.3634 0.1369 0.0325 0.3124 0.0060 0.0141 0.0024 0.0117 0.0283 0.0923 
  3        3   (0)      1 :  0.0913 0.0332 0.0051 0.4390 0.0000 0.2416 0.0232 0.0000 0.1338 0.0327 
  4        4   (0)      1 :  0.0114 0.0118 0.0478 0.5767 0.0590 0.0000 0.1207 0.0188 0.0000 0.1537 
  5        5   (0)      1 :  0.2093 0.1290 0.0138 0.0823 0.1409 0.0025 0.0684 0.0011 0.3439 0.0087 
  6        6   (0)      2 :  0.0000 0.0679 0.0000 0.6136 0.0000 0.2453 0.0402 0.0000 0.0000 0.0331 
  7        7   (0)      1 :  0.0507 0.0000 0.0157 0.6491 0.0000 0.0000 0.2331 0.0000 0.0000 0.0515 
  8        8   (0)      3 :  0.0000 0.0103 0.2184 0.0000 0.0000 0.1060 0.0030 0.4308 0.1491 0.0824 
  9        9   (0)      4 :  0.0000 0.0000 0.0000 0.0000 0.7201 0.0814 0.0000 0.1299 0.0000 0.0686 
 10       10   (0)      4 :  0.0847 0.4130 0.0000 0.0196 0.0000 0.0386 0.0456 0.2515 0.0519 0.0950 
 11       11   (0)      4 :  0.0000 0.0196 0.1170 0.0209 0.0706 0.0824 0.0105 0.1567 0.3222 0.2001 
 12       12   (0)      4 :  0.0000 0.0000 0.0000 0.0000 1.0000 0.0000 0.0000 0.0000 0.0000 0.0000 
 13       13   (0)      4 :  0.1203 0.1124 0.0825 0.1683 0.0213 0.0000 0.0000 0.4761 0.0000 0.0191 
 14       14   (0)      5 :  0.0114 0.4889 0.0003 0.0132 0.0000 0.0692 0.0178 0.1264 0.2455 0.0274 
 15       15   (0)      4 :  0.0000 0.2177 0.1105 0.0000 0.0093 0.1248 0.0150 0.3178 0.2046 0.0003 
 16       16   (0)      5 :  0.0480 0.3262 0.1321 0.1282 0.0000 0.0024 0.0078 0.3115 0.0219 0.0219 
 17       17   (0)      5 :  0.1975 0.1073 0.0335 0.0000 0.0000 0.0325 0.0000 0.5294 0.0000 0.0998 
 18       18   (0)      5 :  0.0000 0.0257 0.0856 0.0000 0.0000 0.2607 0.0132 0.5370 0.0380 0.0399 
 19       19   (0)      5 :  0.0440 0.1151 0.0443 0.0000 0.0000 0.0001 0.0181 0.7341 0.0000 0.0443 
 20       20   (0)      5 :  0.0000 0.0087 0.1291 0.0011 0.0110 0.0032 0.1121 0.2611 0.3850 0.0888 
 21       21   (0)      5 :  0.0000 0.0086 0.1535 0.0000 0.0000 0.0426 0.0000 0.5565 0.1698 0.0690 
 22       22   (0)      5 :  0.0021 0.3317 0.0536 0.0049 0.0161 0.1515 0.0305 0.1633 0.0804 0.1657 
 23       23   (0)      5 :  0.0000 0.0000 0.1371 0.0000 0.0149 0.0411 0.0313 0.5764 0.1759 0.0233 
 24       24   (0)      5 :  0.0037 0.2575 0.0305 0.0016 0.0000 0.1096 0.0000 0.5171 0.0000 0.0801 
 25       25   (0)      5 :  0.0000 0.1050 0.0559 0.0000 0.0073 0.0000 0.0038 0.4005 0.3564 0.0712 
 26       26   (0)      5 :  0.0000 0.0743 0.0726 0.0000 0.0921 0.0000 0.0000 0.7323 0.0000 0.0287 
 27       27   (0)      5 :  0.2487 0.4196 0.0417 0.0000 0.0000 0.0000 0.0661 0.2213 0.0000 0.0026 
 28       28   (0)      5 :  0.0466 0.4120 0.0814 0.0000 0.0000 0.1248 0.0070 0.2160 0.0835 0.0287 
 29       29   (0)      5 :  0.0000 0.0841 0.0762 0.0000 0.0165 0.0049 0.0295 0.3157 0.1364 0.3368 
 30       30   (0)      5 :  0.0465 0.4076 0.0000 0.0000 0.0000 0.0068 0.0000 0.1038 0.4198 0.0155 
 31       31   (0)      5 :  0.0343 0.1995 0.1428 0.0000 0.0000 0.0001 0.0000 0.2092 0.4141 0.0000 
 32       32   (0)      5 :  0.2422 0.2912 0.0145 0.0000 0.0000 0.0296 0.0084 0.2865 0.0592 0.0685 
 33       33   (0)      5 :  0.0243 0.0955 0.0854 0.0000 0.0000 0.0000 0.0000 0.7612 0.0000 0.0336 
 34       34   (0)      5 :  0.1112 0.1376 0.3739 0.0000 0.0000 0.0000 0.0000 0.3294 0.0242 0.0237 
 35       35   (0)      5 :  0.0000 0.0206 0.2194 0.0018 0.0210 0.0358 0.1048 0.5645 0.0055 0.0265 
 36       36   (0)      5 :  0.0100 0.1153 0.2698 0.0012 0.2617 0.0000 0.0867 0.1964 0.0063 0.0525 
 37       37   (0)      5 :  0.1737 0.1775 0.1591 0.0000 0.0124 0.0000 0.0095 0.2912 0.0400 0.1365 
 38       38   (0)      5 :  0.0000 0.0052 0.2410 0.0000 0.0082 0.0000 0.1182 0.3573 0.1893 0.0808 
 39       39   (0)      5 :  0.3255 0.2599 0.0000 0.0000 0.0000 0.0075 0.0000 0.3201 0.0000 0.0870 
 40       40   (0)      5 :  0.0000 0.0727 0.1608 0.0000 0.0139 0.0961 0.2516 0.2281 0.0831 0.0937 
 41       41   (0)      4 :  0.0000 0.0000 0.0034 0.0000 0.4867 0.0000 0.0000 0.4999 0.0000 0.0101 
 42       42   (0)      4 :  0.0241 0.3734 0.1280 0.0000 0.0172 0.2034 0.0394 0.0185 0.0779 0.1181 
 43       43   (0)      4 :  0.0000 0.2121 0.0312 0.0000 0.0000 0.1075 0.0125 0.1861 0.4506 0.0000 
 44       44   (0)      4 :  0.2644 0.3104 0.0361 0.0000 0.1297 0.0095 0.0337 0.1796 0.0000 0.0365 
 45       45   (0)      5 :  0.0733 0.2580 0.0946 0.0238 0.0703 0.0420 0.0259 0.0200 0.2687 0.1235 
 46       46   (0)      4 :  0.0000 0.0000 0.0657 0.0000 0.0000 0.2402 0.0000 0.3439 0.2556 0.0945 
 47       47   (0)      4 :  0.0158 0.2939 0.0418 0.1460 0.0000 0.0046 0.1276 0.2130 0.0252 0.1321 
 48       48   (0)      4 :  0.0360 0.1678 0.0394 0.0603 0.1522 0.0087 0.0634 0.4048 0.0000 0.0674 
 49       49   (0)      4 :  0.0022 0.1445 0.1596 0.0043 0.1770 0.0058 0.0000 0.5052 0.0000 0.0014 
 50       50   (0)      5 :  0.0529 0.3575 0.1072 0.0476 0.0374 0.0000 0.0610 0.0285 0.1111 0.1968 
 51       51   (0)      4 :  0.0718 0.6926 0.0148 0.0004 0.0037 0.0224 0.0000 0.0486 0.1447 0.0010 
 52       52   (0)      5 :  0.0000 0.3209 0.2189 0.0078 0.0000 0.2218 0.0497 0.0998 0.0722 0.0090 
 53       53   (0)      6 :  0.0000 0.0991 0.0000 0.6622 0.0319 0.0000 0.1007 0.0060 0.0000 0.1000 
 54       54   (0)      6 :  0.0136 0.2274 0.0123 0.1073 0.0000 0.0000 0.0029 0.2423 0.3444 0.0497 
 55       55   (0)      6 :  0.0000 0.0000 0.0000 0.0000 1.0000 0.0000 0.0000 0.0000 0.0000 0.0000 
 56       56   (0)      6 :  0.0000 0.0000 0.0000 0.5947 0.0000 0.0027 0.0000 0.0000 0.3437 0.0589 
 57       57   (0)      6 :  0.0000 0.2650 0.0000 0.2720 0.0000 0.0000 0.0901 0.0262 0.3103 0.0365 
 58       58   (0)      6 :  0.0337 0.3731 0.0070 0.1109 0.0000 0.0170 0.0000 0.0408 0.3890 0.0285 
 59       59   (0)      6 :  0.0000 0.0000 0.1874 0.0572 0.0050 0.0241 0.1294 0.0605 0.5216 0.0148 
 60       60   (0)      6 :  0.0110 0.1343 0.0420 0.2603 0.0000 0.0000 0.0378 0.1473 0.3229 0.0444 
 61       61   (0)      7 :  0.0934 0.3493 0.1380 0.0110 0.0086 0.0000 0.1775 0.1825 0.0000 0.0397 
 62       62   (0)      7 :  0.0456 0.6403 0.0190 0.0000 0.0000 0.1979 0.0257 0.0303 0.0374 0.0037 
 63       63   (0)      7 :  0.0000 0.5771 0.0314 0.0258 0.0170 0.0428 0.0144 0.0418 0.1070 0.1427 
 64       64   (0)      7 :  0.0136 0.3394 0.0381 0.1072 0.0102 0.0274 0.1792 0.1933 0.0000 0.0916 
 65       65   (0)      7 :  0.0000 0.0448 0.0680 0.0757 0.0000 0.0000 0.0647 0.5454 0.0000 0.2014 
 66       66   (0)      7 :  0.0000 0.1517 0.0794 0.1670 0.1285 0.0000 0.1084 0.0844 0.0345 0.2461 
 67       67   (0)      7 :  0.0000 0.2518 0.0377 0.0448 0.0000 0.2300 0.1186 0.2761 0.0000 0.0411 
 68       68   (0)      7 :  0.2866 0.5453 0.0032 0.0023 0.0000 0.0554 0.0169 0.0745 0.0055 0.0103 
 69       69   (0)      7 :  0.0000 0.3383 0.0090 0.1167 0.0068 0.0005 0.1409 0.3044 0.0287 0.0546 
 70       70   (0)      7 :  0.0000 0.0316 0.0518 0.1002 0.0487 0.0000 0.0516 0.6389 0.0000 0.0773 
 71       71   (0)      7 :  0.2013 0.2912 0.0774 0.0316 0.0116 0.0751 0.1549 0.0126 0.0558 0.0885 
 72       72   (0)      7 :  0.1197 0.5087 0.0370 0.0316 0.0000 0.0000 0.0155 0.2768 0.0000 0.0107 
 73       73   (0)      7 :  0.0000 0.0749 0.0315 0.1304 0.0077 0.0021 0.0036 0.6570 0.0000 0.0928 
 74       74   (0)      7 :  0.0000 0.2667 0.0391 0.0264 0.0000 0.0000 0.1791 0.1259 0.3551 0.0077 
 75       75   (0)      7 :  0.0951 0.4556 0.0500 0.0000 0.0061 0.0000 0.0020 0.2170 0.0273 0.1469 
 76       76   (0)      7 :  0.0723 0.4714 0.0000 0.0061 0.0000 0.0038 0.0000 0.1200 0.2994 0.0271 
 77       77   (0)      7 :  0.0805 0.4141 0.0000 0.0832 0.0000 0.0115 0.0209 0.3259 0.0007 0.0633 
 78       78   (0)      7 :  0.0756 0.1472 0.2002 0.0989 0.0333 0.0000 0.0246 0.1295 0.0000 0.2907 
 79       79   (0)      7 :  0.1017 0.2460 0.2484 0.0510 0.0000 0.0000 0.0000 0.0994 0.1885 0.0650 
 80       80   (0)      7 :  0.0000 0.0200 0.1418 0.2136 0.0046 0.0000 0.0011 0.4134 0.0000 0.2055 
 81       81   (0)      7 :  0.0000 0.0635 0.1189 0.1530 0.0244 0.0000 0.0918 0.2001 0.0955 0.2529 
 82       82   (0)      7 :  0.0000 0.0220 0.0920 0.0317 0.0716 0.0930 0.0313 0.5320 0.0000 0.1264 
 83       83   (0)      7 :  0.0000 0.0277 0.1105 0.0662 0.0290 0.0029 0.0237 0.3343 0.0000 0.4057 
 84       84   (0)      7 :  0.0000 0.0108 0.0504 0.0860 0.0972 0.0000 0.0028 0.5983 0.0000 0.1544 
 85       85   (0)      6 :  0.2236 0.2503 0.0009 0.3052 0.0077 0.0589 0.0065 0.0745 0.0000 0.0725 
 86       86   (0)      6 :  0.0144 0.2603 0.1026 0.2418 0.0605 0.1587 0.0174 0.0381 0.0585 0.0479 
 87       87   (0)      6 :  0.0002 0.3213 0.0000 0.0751 0.0607 0.0000 0.0000 0.0058 0.5113 0.0255 
 88       88   (0)      6 :  0.2704 0.2406 0.0051 0.3774 0.0000 0.0000 0.0000 0.0094 0.0515 0.0455 
 89       89   (0)      6 :  0.0000 0.0558 0.0000 0.3392 0.0054 0.0000 0.0821 0.0047 0.4731 0.0398 
 90       90   (0)      6 :  0.1865 0.0588 0.1120 0.3458 0.0721 0.0045 0.0000 0.0484 0.0760 0.0960 
 91       91   (0)      6 :  0.1673 0.1477 0.0465 0.3134 0.0000 0.0220 0.0026 0.0006 0.2536 0.0463 
 92       92   (0)      6 :  0.0029 0.0050 0.0241 0.4841 0.0000 0.0000 0.1024 0.0076 0.2971 0.0767 
 93       93   (0)      7 :  0.0000 0.2818 0.0157 0.1103 0.0004 0.0047 0.1273 0.1893 0.2278 0.0429 
 94       94   (0)      7 :  0.0000 0.0000 0.0000 0.0056 0.9944 0.0000 0.0000 0.0000 0.0000 0.0000 
 95       95   (0)      6 :  0.0053 0.0850 0.0041 0.4649 0.2074 0.0947 0.0113 0.0000 0.0503 0.0769 
 96       96   (0)      6 :  0.0000 0.0000 0.0000 0.9160 0.0000 0.0000 0.0058 0.0000 0.0000 0.0782 
 97       97   (0)      6 :  0.0000 0.0269 0.0062 0.5791 0.0087 0.0041 0.0111 0.2775 0.0000 0.0864 
 98       98   (0)      6 :  0.0000 0.0568 0.0460 0.4617 0.0299 0.1594 0.0270 0.1456 0.0081 0.0656 
 99       99   (0)      6 :  0.0000 0.0776 0.0000 0.3792 0.0000 0.1296 0.0000 0.0000 0.3199 0.0937 
100      100   (0)      6 :  0.1098 0.0581 0.0055 0.4966 0.0000 0.0037 0.0113 0.0000 0.2416 0.0734 
101      101   (0)      6 :  0.0000 0.0945 0.0000 0.6233 0.0152 0.0750 0.0288 0.0535 0.0000 0.1096 
102      102   (0)      6 :  0.0000 0.1837 0.0065 0.5113 0.0000 0.1675 0.0226 0.0000 0.0153 0.0932 
103      103   (0)      8 :  0.0000 0.0492 0.3598 0.0986 0.0380 0.0000 0.0879 0.0240 0.1608 0.1816 
104      104   (0)      8 :  0.0773 0.1871 0.3391 0.0015 0.0000 0.0018 0.0000 0.0493 0.3220 0.0219 
105      105   (0)      8 :  0.0000 0.0210 0.2545 0.0000 0.0223 0.0005 0.2616 0.0209 0.2831 0.1362 
106      106   (0)      8 :  0.3038 0.2123 0.2629 0.0000 0.0019 0.0000 0.0000 0.2118 0.0058 0.0013 
107      107   (0)      8 :  0.2011 0.1590 0.2231 0.0000 0.0642 0.0000 0.0000 0.3495 0.0000 0.0030 
108      108   (0)      8 :  0.0000 0.0000 0.1557 0.0000 0.0853 0.0830 0.0003 0.3345 0.2451 0.0962 
109      109   (0)      8 :  0.0310 0.0819 0.2722 0.0000 0.0127 0.0054 0.0281 0.0396 0.4271 0.1021 
110      110   (0)      8 :  0.0000 0.0481 0.4637 0.0000 0.0000 0.0430 0.0000 0.0578 0.3851 0.0023 
111      111   (0)      8 :  0.1150 0.1324 0.3790 0.0000 0.0322 0.1188 0.0133 0.0507 0.0120 0.1466 
112      112   (0)      8 :  0.0861 0.1082 0.4194 0.0000 0.0000 0.1465 0.0142 0.0666 0.1514 0.0077 
113      113   (0)      8 :  0.1659 0.1470 0.1903 0.0000 0.0107 0.0000 0.0252 0.0344 0.3374 0.0892 
114      114   (0)      8 :  0.0055 0.2811 0.3018 0.0000 0.0030 0.2352 0.0297 0.1254 0.0183 0.0000 
115      115   (0)      8 :  0.0000 0.0000 0.0000 0.0000 1.0000 0.0000 0.0000 0.0000 0.0000 0.0000 
116      116   (0)      8 :  0.0014 0.0231 0.1796 0.0000 0.0000 0.0169 0.0000 0.0129 0.7524 0.0136 
117      117   (0)      8 :  0.1835 0.0685 0.2006 0.0028 0.0743 0.0081 0.1332 0.1607 0.0000 0.1685 
118      118   (0)      8 :  0.2060 0.1080 0.4268 0.0134 0.0000 0.1162 0.0523 0.0679 0.0006 0.0088 
119      119   (0)      8 :  0.4621 0.1742 0.2133 0.0000 0.0000 0.0034 0.0000 0.1299 0.0002 0.0170 
120      120   (0)      8 :  0.4163 0.0836 0.2686 0.0860 0.0229 0.0000 0.0120 0.1007 0.0000 0.0099 
121      121   (0)      8 :  0.2537 0.0489 0.3937 0.0000 0.0048 0.0097 0.0000 0.0730 0.2105 0.0057 
122      122   (0)      8 :  0.0000 0.0160 0.2622 0.0016 0.0000 0.0638 0.1263 0.3383 0.0887 0.1030 
123      123   (0)      8 :  0.2125 0.0609 0.2277 0.1404 0.0000 0.0096 0.1906 0.1199 0.0111 0.0273 
124      124   (0)      8 :  0.0000 0.0000 0.0000 0.0000 1.0000 0.0000 0.0000 0.0000 0.0000 0.0000 
125      125   (0)      8 :  0.1727 0.2108 0.1640 0.0000 0.0360 0.2508 0.0191 0.0698 0.0264 0.0503 
126      126   (0)      3 :  0.0000 0.0140 0.1782 0.0000 0.0150 0.0036 0.1871 0.2243 0.2576 0.1201 
127      127   (0)      3 :  0.0145 0.0530 0.0442 0.0000 0.0000 0.0392 0.0081 0.0130 0.8033 0.0246 
128      128   (0)      3 :  0.2877 0.1855 0.2930 0.0000 0.0047 0.0000 0.0073 0.1377 0.0557 0.0284 
129      129   (0)      3 :  0.2402 0.0279 0.1301 0.0000 0.0000 0.0026 0.0789 0.1884 0.2907 0.0411 
130      130   (0)      3 :  0.0103 0.0347 0.4218 0.0000 0.0000 0.0468 0.0000 0.1014 0.3779 0.0072 
131      131   (0)      3 :  0.1983 0.0335 0.3692 0.0000 0.0039 0.0000 0.1399 0.2287 0.0000 0.0266 
132      132   (0)      3 :  0.2003 0.0601 0.4268 0.0000 0.0546 0.0000 0.0258 0.2054 0.0223 0.0047 
133      133   (0)      3 :  0.1702 0.0118 0.2014 0.0000 0.0000 0.0319 0.0134 0.3762 0.1050 0.0900 
134      134   (0)      3 :  0.0311 0.0328 0.2318 0.0061 0.1334 0.0005 0.2124 0.3313 0.0012 0.0194 
135      135   (0)      3 :  0.0022 0.0187 0.1573 0.0056 0.1648 0.0011 0.1876 0.3729 0.0000 0.0897 
136      136   (0)      3 :  0.1118 0.1653 0.3002 0.0005 0.0151 0.0000 0.1439 0.1189 0.0166 0.1276 
137      137   (0)      3 :  0.1483 0.1357 0.4062 0.0029 0.0132 0.0000 0.1377 0.0486 0.0146 0.0928 
138      138   (0)      3 :  0.2082 0.1105 0.3608 0.0488 0.0000 0.0000 0.0531 0.1561 0.0000 0.0625 
139      139   (0)      3 :  0.3037 0.0735 0.3652 0.0000 0.0016 0.1416 0.0016 0.0688 0.0350 0.0091 
140      140   (0)      3 :  0.0068 0.0264 0.3732 0.0000 0.0488 0.0091 0.1805 0.0467 0.2930 0.0156 
141      141   (0)      3 :  0.3472 0.0421 0.1428 0.0000 0.0000 0.0000 0.1081 0.3250 0.0000 0.0348 
142      142   (0)      3 :  0.2011 0.0475 0.0684 0.0000 0.0000 0.0239 0.0000 0.4257 0.1678 0.0656 
143      143   (0)      3 :  0.2777 0.0723 0.4340 0.0000 0.0000 0.0000 0.0020 0.1793 0.0000 0.0347 
144      144   (0)      3 :  0.0000 0.0000 0.4819 0.0003 0.0246 0.0128 0.1482 0.0506 0.2633 0.0182 
145      145   (0)      3 :  0.1993 0.0353 0.1817 0.0000 0.0000 0.0612 0.0000 0.3993 0.0398 0.0833 
146      146   (0)      3 :  0.3584 0.1378 0.1128 0.0000 0.0000 0.0237 0.0059 0.1463 0.1795 0.0356 
147      147   (0)      3 :  0.1893 0.1704 0.3207 0.0012 0.0398 0.0000 0.0163 0.1046 0.0000 0.1577 
148      148   (0)      3 :  0.2766 0.1279 0.0419 0.0061 0.0235 0.0159 0.0275 0.3861 0.0000 0.0946 
149      149   (0)      3 :  0.3773 0.2441 0.2064 0.0000 0.0023 0.0000 0.0000 0.1330 0.0180 0.0189 
150      150   (0)      3 :  0.1814 0.0734 0.1887 0.0000 0.0000 0.1516 0.0198 0.3269 0.0000 0.0582 
151      151   (0)      3 :  0.3281 0.1288 0.2361 0.0000 0.0346 0.0069 0.0000 0.2338 0.0000 0.0317 
152      152   (0)      3 :  0.0295 0.0246 0.2137 0.0023 0.0031 0.0123 0.2865 0.2525 0.1041 0.0714 
153      153   (0)      8 :  0.0000 0.0455 0.2585 0.0000 0.0000 0.2143 0.0070 0.2844 0.1462 0.0442 
154      154   (0)      8 :  0.0000 0.0111 0.0422 0.0000 0.7306 0.0000 0.0050 0.0364 0.0000 0.1747 
155      155   (0)      8 :  0.2672 0.1436 0.2324 0.0000 0.0033 0.0001 0.0032 0.0601 0.2539 0.0362 
156      156   (0)      8 :  0.1977 0.0526 0.1338 0.1871 0.0778 0.1239 0.0074 0.1422 0.0000 0.0776 
157      157   (0)      8 :  0.0410 0.1354 0.2992 0.0003 0.0007 0.1034 0.1551 0.0861 0.1653 0.0135 
158      158   (0)      8 :  0.0214 0.0331 0.2917 0.0084 0.0064 0.0210 0.2397 0.2222 0.0989 0.0570 
159      159   (0)      8 :  0.0004 0.0967 0.3441 0.0000 0.0540 0.1279 0.2328 0.1044 0.0306 0.0089 
160      160   (0)      1 :  0.4499 0.0208 0.0826 0.2999 0.0000 0.0000 0.1188 0.0088 0.0000 0.0193 
161      161   (0)      1 :  0.1252 0.1490 0.0030 0.1572 0.0000 0.2069 0.0260 0.0000 0.3095 0.0232 
162      162   (0)      1 :  0.5237 0.0136 0.0237 0.1538 0.0000 0.0286 0.2271 0.0028 0.0000 0.0267 
163      163   (0)      1 :  0.1409 0.0000 0.0416 0.4014 0.0025 0.0246 0.0733 0.0000 0.2759 0.0397 
164      164   (0)      1 :  0.7048 0.0030 0.0000 0.2096 0.0000 0.0169 0.0000 0.0000 0.0350 0.0308 
165      165   (0)      1 :  0.1910 0.0490 0.2733 0.2290 0.0025 0.0020 0.0014 0.0123 0.1826 0.0569 
166      166   (0)      1 :  0.4815 0.0019 0.0171 0.3236 0.0000 0.0000 0.1409 0.0000 0.0107 0.0244 
167      167   (0)      1 :  0.6316 0.2171 0.0025 0.0183 0.0000 0.0000 0.0000 0.0000 0.1298 0.0007 
168      168   (0)      2 :  0.1321 0.0096 0.0000 0.0282 0.0000 0.1649 0.0000 0.0000 0.6029 0.0623 
169      169   (0)      2 :  0.4518 0.2253 0.1428 0.0595 0.0000 0.0006 0.0052 0.0870 0.0009 0.0269 
170      170   (0)      2 :  0.4765 0.1524 0.1614 0.0799 0.0001 0.0000 0.0267 0.0647 0.0265 0.0118 
171      171   (0)      2 :  0.0000 0.0258 0.1603 0.0000 0.0000 0.1972 0.0163 0.2203 0.3765 0.0036 
172      172   (0)      2 :  0.4969 0.2909 0.0091 0.0000 0.0172 0.0000 0.0000 0.0010 0.1849 0.0000 
173      173   (0)      2 :  0.0000 0.0061 0.2311 0.0086 0.0000 0.0288 0.0372 0.0459 0.6257 0.0167 
174      174   (0)      2 :  0.3648 0.0314 0.0000 0.3628 0.0006 0.0517 0.0055 0.0003 0.1385 0.0445 
175      175   (0)      2 :  0.0603 0.1103 0.0000 0.0073 0.0000 0.3954 0.0323 0.1592 0.0470 0.1882 
176      176   (0)      1 :  0.2569 0.0027 0.0928 0.1028 0.0000 0.0229 0.0708 0.0550 0.3738 0.0222 
177      177   (0)      1 :  0.1455 0.0553 0.0143 0.4685 0.0000 0.1615 0.1212 0.0008 0.0000 0.0329 
178      178   (0)      1 :  0.0153 0.0000 0.2044 0.3684 0.0055 0.0473 0.0440 0.0296 0.2367 0.0488 
179      179   (0)      1 :  0.1375 0.0000 0.0289 0.6170 0.0000 0.0325 0.0629 0.0000 0.0626 0.0585 
180      180   (0)      1 :  0.0000 0.0000 0.0448 0.4794 0.0003 0.1068 0.0065 0.0000 0.2991 0.0632 
181      181   (0)      1 :  0.0310 0.0000 0.0000 0.8943 0.0000 0.0180 0.0066 0.0000 0.0000 0.0500 
182      182   (0)      2 :  0.0000 0.1049 0.0351 0.2016 0.0000 0.2511 0.0478 0.0001 0.3151 0.0443 
183      183   (0)      2 :  0.4577 0.2655 0.0260 0.1166 0.0192 0.0041 0.0433 0.0407 0.0058 0.0212 
184      184   (0)      2 :  0.0000 0.0352 0.0000 0.0000 0.0000 0.1929 0.0122 0.0000 0.7489 0.0108 
185      185   (0)      2 :  0.5802 0.3633 0.0060 0.0000 0.0000 0.0059 0.0007 0.0150 0.0173 0.0116 
186      186   (0)      2 :  0.0000 0.0590 0.0000 0.0000 0.0000 0.5647 0.0147 0.0178 0.2399 0.1038 
187      187   (0)      1 :  0.0000 0.0545 0.0000 0.0711 0.0000 0.3731 0.0335 0.0000 0.4430 0.0249 
188      188   (0)      1 :  0.2642 0.0169 0.1605 0.3766 0.0565 0.0132 0.0000 0.0643 0.0000 0.0479 
189      189   (0)      1 :  0.0000 0.0587 0.1480 0.2920 0.0000 0.2886 0.1768 0.0170 0.0024 0.0165 
190      190   (0)      1 :  0.3413 0.0489 0.0000 0.5528 0.0000 0.0068 0.0045 0.0000 0.0000 0.0457 
191      191   (0)      1 :  0.0105 0.0003 0.0583 0.1854 0.0000 0.0866 0.0700 0.0000 0.5466 0.0424 
192      192   (0)      1 :  0.2526 0.0263 0.0042 0.5336 0.0000 0.0742 0.0600 0.0000 0.0000 0.0492 
193      193   (0)      1 :  0.2884 0.0000 0.0018 0.5990 0.0000 0.0034 0.0568 0.0000 0.0005 0.0500 
194      194   (0)      1 :  0.0157 0.0000 0.1188 0.4133 0.0253 0.0382 0.0494 0.0165 0.2742 0.0485 
195      195   (0)      2 :  0.2851 0.0338 0.0121 0.2288 0.0000 0.0276 0.0064 0.0000 0.3720 0.0342 
196      196   (0)      2 :  0.0000 0.0712 0.2608 0.0599 0.0000 0.2500 0.0133 0.0538 0.2779 0.0133 
197      197   (0)      2 :  0.2886 0.2213 0.0204 0.2244 0.0305 0.0167 0.1567 0.0082 0.0000 0.0333 
198      198   (0)      2 :  0.3371 0.0221 0.1458 0.2379 0.0000 0.0001 0.0000 0.0788 0.1064 0.0717 
199      199   (0)      2 :  0.4611 0.2954 0.0343 0.1081 0.0037 0.0754 0.0000 0.0000 0.0000 0.0219 
200      200   (0)      2 :  0.0123 0.1144 0.0000 0.0000 0.0000 0.0198 0.0024 0.0128 0.8307 0.0076 
201      201   (0)      2 :  0.1329 0.0167 0.0071 0.0701 0.0003 0.1830 0.0015 0.0666 0.4209 0.1009 
202      202   (0)      2 :  0.5729 0.0426 0.1326 0.1307 0.0000 0.0058 0.0802 0.0056 0.0000 0.0296 
203      203   (0)      2 :  0.6835 0.0083 0.0000 0.1107 0.0000 0.0107 0.0010 0.0001 0.1760 0.0096 
204      204   (0)      2 :  0.6825 0.0727 0.0622 0.0081 0.0000 0.0159 0.0000 0.0118 0.1401 0.0067 
205      205   (0)      2 :  0.5086 0.0650 0.0270 0.0952 0.0000 0.0000 0.2707 0.0000 0.0037 0.0297 
206      206   (0)      2 :  0.3671 0.1120 0.0978 0.0284 0.0163 0.0053 0.0060 0.0813 0.1603 0.1257 
207      207   (0)      2 :  0.3094 0.1956 0.0035 0.0068 0.0000 0.0241 0.0010 0.0112 0.3991 0.0494 
208      208   (0)      9 :  0.2014 0.0000 0.0127 0.0000 0.0009 0.0339 0.3503 0.0000 0.3798 0.0209 
209      209   (0)      9 :  0.0233 0.0000 0.1564 0.0000 0.1040 0.0598 0.3813 0.0012 0.2427 0.0312 
210      210   (0)      9 :  0.3678 0.1107 0.0697 0.0000 0.0031 0.3763 0.0473 0.0109 0.0000 0.0142 
211      211   (0)      9 :  0.0222 0.0433 0.1309 0.0148 0.0069 0.3024 0.3804 0.0057 0.0632 0.0302 
212      212   (0)      9 :  0.0491 0.0118 0.0546 0.0000 0.1184 0.3102 0.0247 0.0000 0.3762 0.0549 
213      213   (0)      9 :  0.5121 0.0721 0.0969 0.0043 0.0017 0.2659 0.0217 0.0185 0.0000 0.0069 
214      214   (0)      9 :  0.2434 0.0174 0.0009 0.0000 0.0198 0.1768 0.0196 0.0088 0.3840 0.1293 
215      215   (0)      9 :  0.3922 0.0323 0.0000 0.0000 0.0000 0.1803 0.3951 0.0000 0.0000 0.0000 
216      216   (0)      9 :  0.0000 0.0635 0.0000 0.0000 0.0000 0.8430 0.0644 0.0000 0.0079 0.0213 
217      217   (0)      9 :  0.8189 0.0225 0.0320 0.0250 0.0192 0.0032 0.0110 0.0048 0.0000 0.0633 
218      218   (0)      9 :  0.0097 0.0126 0.0572 0.0000 0.0170 0.3205 0.0263 0.1247 0.1588 0.2731 
219      219   (0)      9 :  0.8764 0.0000 0.0000 0.0036 0.0000 0.0766 0.0131 0.0000 0.0002 0.0300 
220      220   (0)      9 :  0.0621 0.0377 0.0007 0.0000 0.0015 0.2374 0.1381 0.0000 0.5065 0.0159 
221      221   (0)      9 :  0.5965 0.0314 0.0000 0.0156 0.0000 0.0412 0.0000 0.0269 0.2270 0.0614 
222      222   (0)      9 :  0.2429 0.0000 0.0100 0.0028 0.0000 0.0082 0.3835 0.0000 0.3344 0.0181 
223      223   (0)      9 :  0.0085 0.0063 0.0302 0.0000 0.0009 0.1199 0.0124 0.0089 0.7293 0.0836 
224      224   (0)      9 :  0.7091 0.0749 0.0000 0.0000 0.0107 0.0511 0.0815 0.0451 0.0000 0.0276 
225      225   (0)      9 :  0.8598 0.0249 0.0620 0.0000 0.0000 0.0016 0.0162 0.0126 0.0193 0.0036 
226      226   (0)      9 :  0.2335 0.0046 0.0157 0.0364 0.0000 0.0034 0.6750 0.0108 0.0000 0.0207 
227      227   (0)      9 :  0.3140 0.0733 0.0000 0.0041 0.0061 0.5354 0.0549 0.0000 0.0000 0.0122 
228      228   (0)      9 :  0.6220 0.0083 0.0000 0.0000 0.0000 0.0598 0.0319 0.0000 0.2383 0.0397 
229      229   (0)      9 :  0.5565 0.0193 0.0000 0.0000 0.0000 0.0011 0.3842 0.0388 0.0000 0.0000 
230      230   (0)      9 :  0.7266 0.0044 0.0000 0.0561 0.0000 0.1479 0.0261 0.0000 0.0000 0.0388 
231      231   (0)      9 :  0.1710 0.0158 0.0079 0.0082 0.0000 0.0000 0.7724 0.0008 0.0000 0.0241 
232      232   (0)      9 :  0.2487 0.0000 0.0000 0.0000 0.0000 0.0289 0.3145 0.0000 0.3911 0.0169 
233      233   (0)      9 :  0.0653 0.0263 0.0000 0.0037 0.0000 0.3655 0.5392 0.0000 0.0000 0.0000 
234      234   (0)      9 :  0.7971 0.0000 0.0000 0.0000 0.0000 0.0993 0.0274 0.0000 0.0273 0.0488 
235      235   (0)      9 :  0.4181 0.0470 0.0036 0.0004 0.0000 0.2060 0.0550 0.0000 0.2554 0.0144 
236      236   (0)      9 :  0.1442 0.0199 0.0075 0.0012 0.0070 0.0000 0.8074 0.0035 0.0020 0.0073 
237      237   (0)     10 :  0.0512 0.0462 0.1031 0.1074 0.0201 0.1226 0.4794 0.0070 0.0010 0.0620 
238      238   (0)     10 :  0.6358 0.0387 0.0000 0.1162 0.0000 0.1113 0.0417 0.0000 0.0386 0.0177 
239      239   (0)     10 :  0.9839 0.0018 0.0000 0.0000 0.0000 0.0079 0.0038 0.0000 0.0000 0.0026 
240      240   (0)     10 :  0.0254 0.0000 0.0000 0.0000 0.0000 0.0761 0.0404 0.0000 0.8260 0.0321 
241      241   (0)     10 :  0.0113 0.0102 0.0000 0.0024 0.0072 0.0668 0.3083 0.0000 0.5666 0.0272 
242      242   (0)     10 :  0.4863 0.1824 0.0000 0.0011 0.0169 0.0285 0.1923 0.0320 0.0291 0.0315 
243      243   (0)     10 :  0.6144 0.0062 0.0000 0.0100 0.0000 0.0172 0.3460 0.0000 0.0063 0.0000 
244      244   (0)     10 :  0.0000 0.0000 0.0000 0.1894 0.0000 0.4973 0.0588 0.0000 0.2004 0.0541 
245      245   (0)     10 :  0.0438 0.0556 0.0000 0.0121 0.0000 0.4215 0.4526 0.0000 0.0112 0.0033 
246      246   (0)     10 :  0.0000 0.0898 0.0824 0.0115 0.0309 0.2697 0.2170 0.0345 0.0000 0.2642 
247      247   (0)     10 :  0.1833 0.0000 0.0014 0.0188 0.0074 0.0272 0.7495 0.0000 0.0000 0.0124 
248      248   (0)     10 :  0.0824 0.0643 0.0826 0.0014 0.0278 0.0472 0.3657 0.0444 0.0000 0.2842 
249      249   (0)     10 :  0.5048 0.0000 0.0039 0.2561 0.0073 0.0099 0.1181 0.0040 0.0000 0.0959 
250      250   (0)     10 :  0.0330 0.0377 0.0651 0.1926 0.0087 0.0000 0.3730 0.0450 0.1608 0.0841 
251      251   (0)     10 :  0.0000 0.0270 0.0000 0.5648 0.0006 0.2240 0.1451 0.0001 0.0000 0.0383 
252      252   (0)     10 :  0.1137 0.0094 0.0279 0.0000 0.0052 0.0148 0.5929 0.0442 0.0711 0.1209 
253      253   (0)     10 :  0.2019 0.0951 0.0014 0.0088 0.0000 0.3836 0.3091 0.0000 0.0000 0.0000 
254      254   (0)     10 :  0.2169 0.0148 0.0000 0.0812 0.0006 0.1633 0.1765 0.0000 0.3165 0.0301 
255      255   (0)     10 :  0.0000 0.0495 0.0000 0.2923 0.0146 0.1383 0.2346 0.1674 0.0000 0.1033 
256      256   (0)     10 :  0.0032 0.1481 0.0185 0.3066 0.0136 0.3599 0.1226 0.0010 0.0000 0.0265 
257      257   (0)     10 :  0.0000 0.0000 0.1742 0.0509 0.0037 0.0388 0.4448 0.0172 0.2437 0.0267 
258      258   (0)     10 :  0.0086 0.0429 0.0135 0.1093 0.0000 0.2830 0.5074 0.0041 0.0000 0.0312 
259      259   (0)     10 :  0.0017 0.0310 0.0520 0.0694 0.0100 0.1332 0.3748 0.0045 0.2634 0.0601 
260      260   (0)     10 :  0.5922 0.0416 0.0016 0.0006 0.0000 0.2110 0.1451 0.0000 0.0000 0.0078 
261      261   (0)     10 :  0.0000 0.0890 0.0000 0.0003 0.0000 0.2797 0.0592 0.0001 0.5560 0.0156 
262      262   (0)     10 :  0.0097 0.2374 0.0000 0.0307 0.0000 0.2234 0.4907 0.0081 0.0000 0.0000 
263      263   (0)     10 :  0.0768 0.1102 0.0000 0.2505 0.2097 0.0757 0.1841 0.0307 0.0000 0.0623 
264      264   (0)     11 :  0.0000 0.0177 0.0717 0.0000 0.0191 0.1270 0.0193 0.1405 0.0000 0.6046 
265      265   (0)     11 :  0.4127 0.0658 0.0000 0.0000 0.0000 0.1972 0.0000 0.0131 0.0000 0.3112 
266      266   (0)     11 :  0.0000 0.0000 0.0613 0.0000 0.0002 0.0446 0.0000 0.2412 0.0000 0.6527 
267      267   (0)     11 :  0.0000 0.0054 0.0350 0.0000 0.0004 0.0477 0.0078 0.1398 0.3873 0.3765 
268      268   (0)     11 :  0.0000 0.0021 0.0021 0.0000 0.0000 0.3677 0.0136 0.2336 0.0106 0.3703 
269      269   (0)     11 :  0.0000 0.0122 0.0483 0.0000 0.0312 0.1656 0.0155 0.0966 0.0000 0.6305 
270      270   (0)     11 :  0.1632 0.0328 0.0084 0.0000 0.0000 0.1111 0.0006 0.4098 0.0000 0.2740 
271      271   (0)     11 :  0.0000 0.0000 0.0000 0.0000 0.0000 0.5193 0.0130 0.0671 0.0275 0.3731 
272      272   (0)     11 :  0.0000 0.0187 0.0000 0.0000 0.0000 0.4359 0.0203 0.2758 0.0093 0.2401 
273      273   (0)     12 :  0.6728 0.0221 0.0829 0.0000 0.0009 0.0197 0.0023 0.0044 0.1808 0.0141 
274      274   (0)     12 :  0.2161 0.0019 0.0169 0.0000 0.0000 0.0566 0.1393 0.0093 0.4872 0.0728 
275      275   (0)     12 :  0.4831 0.0056 0.0000 0.0000 0.0000 0.0518 0.0418 0.0000 0.3864 0.0313 
276      276   (0)     12 :  0.0000 0.0000 0.0000 0.0000 0.0000 0.0826 0.0078 0.0000 0.8718 0.0377 
277      277   (0)     12 :  0.4178 0.0481 0.0000 0.0457 0.0000 0.3494 0.1145 0.0000 0.0000 0.0244 
278      278   (0)     12 :  0.3222 0.0014 0.1115 0.0000 0.0000 0.0466 0.1278 0.0067 0.3598 0.0240 
279      279   (0)     12 :  0.0712 0.0000 0.0517 0.0000 0.0000 0.0304 0.3756 0.0008 0.4395 0.0307 
280      280   (0)     12 :  0.3696 0.0000 0.0614 0.0000 0.0000 0.0000 0.5591 0.0000 0.0000 0.0099 
281      281   (0)     12 :  0.2544 0.0124 0.0023 0.0019 0.0941 0.0367 0.1363 0.0000 0.4288 0.0330 
282      282   (0)     12 :  0.0000 0.0000 0.0000 0.0000 1.0000 0.0000 0.0000 0.0000 0.0000 0.0000 
283      283   (0)     12 :  0.6247 0.0927 0.0511 0.0000 0.0001 0.0199 0.0049 0.0008 0.1689 0.0369 
284      284   (0)     12 :  0.0000 0.0000 0.3815 0.0000 0.0009 0.0719 0.0546 0.0604 0.3970 0.0338 
285      285   (0)     12 :  0.0844 0.0000 0.0000 0.0000 0.0000 0.0793 0.0234 0.0000 0.7583 0.0546 
286      286   (0)     12 :  0.0000 0.0000 0.0121 0.0000 0.0000 0.5665 0.0428 0.0140 0.1396 0.2250 
287      287   (0)     12 :  0.5825 0.0114 0.0099 0.0345 0.0000 0.0598 0.0475 0.0032 0.1980 0.0532 
288      288   (0)     12 :  0.2848 0.0807 0.0000 0.0000 0.0000 0.4297 0.0435 0.0000 0.1416 0.0198 
289      289   (0)     12 :  0.7772 0.0224 0.0000 0.0007 0.0000 0.0659 0.0271 0.0000 0.0402 0.0665 
290      290   (0)     12 :  0.0244 0.0204 0.0355 0.0959 0.0000 0.2891 0.2571 0.0952 0.0030 0.1794 
291      291   (0)     12 :  0.4363 0.1125 0.0721 0.0000 0.0006 0.1113 0.1183 0.0824 0.0445 0.0219 
292      292   (0)     12 :  0.7028 0.1454 0.0012 0.0000 0.0000 0.1102 0.0134 0.0000 0.0000 0.0270 
293      293   (0)     12 :  0.3645 0.0000 0.0000 0.0000 0.0000 0.2480 0.0318 0.0000 0.2921 0.0636 
294      294   (0)     12 :  0.2511 0.0109 0.0000 0.0532 0.0000 0.2887 0.0274 0.0000 0.3186 0.0501 
295      295   (0)     12 :  0.3500 0.0269 0.0000 0.0009 0.0000 0.0825 0.0169 0.0000 0.4710 0.0518 
296      296   (0)     12 :  0.4568 0.0723 0.0000 0.0000 0.0000 0.1528 0.0121 0.1290 0.0029 0.1742 
297      297   (0)     12 :  0.2732 0.0281 0.0000 0.0000 0.0000 0.0909 0.0170 0.0010 0.5240 0.0658 
298      298   (0)     12 :  0.0000 0.0023 0.0879 0.0063 0.0635 0.1076 0.3054 0.0000 0.3827 0.0443 
299      299   (0)     12 :  0.0999 0.0169 0.1148 0.0210 0.0426 0.0218 0.4884 0.0145 0.1042 0.0759 
300      300   (0)     12 :  0.0018 0.0000 0.0017 0.0000 0.0000 0.0741 0.0210 0.0000 0.8678 0.0338 
