1        1   (0)      1  : 0.4572 0.0000 0.5428
2        2   (0)      1  : 0.4713 0.1199 0.4088
3        3   (0)      1  : 0.4219 0.0000 0.5781
4        4   (0)      1  : 0.0000 0.1884 0.8116
5        5   (0)      1  : 0.6320 0.0942 0.2738
6        6   (0)      2  : 0.1113 0.0000 0.8887
7        7   (0)      1  : 0.1806 0.0000 0.8194
8        8   (0)      3  : 0.4404 0.5596 0.0000
9        9   (0)      4  : 0.0000 0.6640 0.3360
10       10   (0)      4  : 0.4264 0.4621 0.1116
11       11   (0)      4  : 0.4333 0.5037 0.0630
12       12   (0)      4  : 0.0000 0.5846 0.4154
13       13   (0)      4  : 0.1779 0.6061 0.2160
14       14   (0)      5  : 0.5614 0.2928 0.1458
15       15   (0)      4  : 0.4277 0.5149 0.0574
16       16   (0)      5  : 0.2988 0.5030 0.1982
17       17   (0)      5  : 0.3247 0.6753 0.0000
18       18   (0)      5  : 0.2892 0.7105 0.0003
19       19   (0)      5  : 0.1533 0.8467 0.0000
20       20   (0)      5  : 0.4916 0.4594 0.0490
21       21   (0)      5  : 0.3567 0.6433 0.0000
22       22   (0)      5  : 0.3332 0.5421 0.1247
23       23   (0)      5  : 0.3137 0.6863 0.0000
24       24   (0)      5  : 0.2402 0.7379 0.0219
25       25   (0)      5  : 0.4361 0.5639 0.0000
26       26   (0)      5  : 0.0000 1.0000 0.0000
27       27   (0)      5  : 0.5642 0.4192 0.0166
28       28   (0)      5  : 0.5121 0.4468 0.0412
29       29   (0)      5  : 0.2501 0.7499 0.0000
30       30   (0)      5  : 0.7874 0.2126 0.0000
31       31   (0)      5  : 0.6552 0.3448 0.0000
32       32   (0)      5  : 0.5774 0.4005 0.0221
33       33   (0)      5  : 0.1571 0.8429 0.0000
34       34   (0)      5  : 0.3972 0.6028 0.0000
35       35   (0)      5  : 0.1007 0.8005 0.0989
36       36   (0)      5  : 0.1418 0.6546 0.2036
37       37   (0)      5  : 0.3751 0.6249 0.0000
38       38   (0)      5  : 0.3926 0.6074 0.0000
39       39   (0)      5  : 0.5240 0.4760 0.0000
40       40   (0)      5  : 0.3180 0.5102 0.1717
41       41   (0)      4  : 0.0000 0.9982 0.0018
42       42   (0)      4  : 0.4491 0.3903 0.1606
43       43   (0)      4  : 0.7065 0.2935 0.0000
44       44   (0)      4  : 0.4473 0.4495 0.1032
45       45   (0)      5  : 0.4952 0.3611 0.1438
46       46   (0)      4  : 0.5492 0.4508 0.0000
47       47   (0)      4  : 0.1949 0.4918 0.3133
48       48   (0)      4  : 0.1472 0.6528 0.1999
49       49   (0)      4  : 0.1305 0.7793 0.0901
50       50   (0)      5  : 0.3561 0.4264 0.2175
51       51   (0)      4  : 0.6173 0.2974 0.0852
52       52   (0)      5  : 0.4372 0.3857 0.1771
53       53   (0)      6  : 0.0000 0.0000 1.0000
54       54   (0)      6  : 0.5185 0.3363 0.1452
55       55   (0)      6  : 0.0000 0.4979 0.5021
56       56   (0)      6  : 0.3324 0.0000 0.6676
57       57   (0)      6  : 0.5457 0.0406 0.4137
58       58   (0)      6  : 0.6943 0.1162 0.1895
59       59   (0)      6  : 0.6428 0.1622 0.1950
60       60   (0)      6  : 0.5356 0.1795 0.2849
61       61   (0)      7  : 0.3487 0.4530 0.1984
62       62   (0)      7  : 0.5326 0.2743 0.1931
63       63   (0)      7  : 0.3380 0.4345 0.2275
64       64   (0)      7  : 0.1135 0.4425 0.4440
65       65   (0)      7  : 0.0000 0.8133 0.1867
66       66   (0)      7  : 0.0660 0.5040 0.4301
67       67   (0)      7  : 0.1289 0.5058 0.3653
68       68   (0)      7  : 0.6160 0.2179 0.1661
69       69   (0)      7  : 0.2014 0.5019 0.2967
70       70   (0)      7  : 0.0000 0.7851 0.2149
71       71   (0)      7  : 0.4915 0.2604 0.2481
72       72   (0)      7  : 0.3241 0.4875 0.1884
73       73   (0)      7  : 0.0000 0.7777 0.2223
74       74   (0)      7  : 0.5844 0.2324 0.1831
75       75   (0)      7  : 0.3703 0.6295 0.0001
76       76   (0)      7  : 0.6860 0.2494 0.0647
77       77   (0)      7  : 0.2801 0.5101 0.2098
78       78   (0)      7  : 0.0339 0.7065 0.2596
79       79   (0)      7  : 0.5146 0.3771 0.1083
80       80   (0)      7  : 0.0000 0.6716 0.3284
81       81   (0)      7  : 0.1614 0.5627 0.2759
82       82   (0)      7  : 0.0000 0.8101 0.1899
83       83   (0)      7  : 0.0000 0.8475 0.1525
84       84   (0)      7  : 0.0000 0.8387 0.1613
85       85   (0)      6  : 0.3097 0.1728 0.5175
86       86   (0)      6  : 0.3360 0.2065 0.4575
87       87   (0)      6  : 0.6746 0.0865 0.2389
88       88   (0)      6  : 0.4849 0.0082 0.5070
89       89   (0)      6  : 0.5467 0.0093 0.4439
90       90   (0)      6  : 0.3135 0.2243 0.4623
91       91   (0)      6  : 0.5576 0.0176 0.4248
92       92   (0)      6  : 0.3936 0.0000 0.6064
93       93   (0)      7  : 0.4691 0.2950 0.2359
94       94   (0)      7  : 0.0000 0.4359 0.5641
95       95   (0)      6  : 0.1404 0.0833 0.7763
96       96   (0)      6  : 0.0000 0.0000 1.0000
97       97   (0)      6  : 0.0000 0.2871 0.7129
98       98   (0)      6  : 0.1220 0.2139 0.6641
99       99   (0)      6  : 0.5023 0.0000 0.4977
100      100   (0)      6  : 0.3845 0.0000 0.6155
101      101   (0)      6  : 0.0000 0.0917 0.9083
102      102   (0)      6  : 0.1948 0.0000 0.8052
103      103   (0)      8  : 0.3579 0.4027 0.2394
104      104   (0)      8  : 0.6906 0.2926 0.0168
105      105   (0)      8  : 0.5662 0.3427 0.0912
106      106   (0)      8  : 0.5727 0.4273 0.0000
107      107   (0)      8  : 0.3645 0.6206 0.0149
108      108   (0)      8  : 0.4268 0.5732 0.0000
109      109   (0)      8  : 0.6849 0.3151 0.0000
110      110   (0)      8  : 0.7107 0.2893 0.0000
111      111   (0)      8  : 0.4461 0.4731 0.0807
112      112   (0)      8  : 0.6423 0.3409 0.0168
113      113   (0)      8  : 0.7078 0.2922 0.0000
114      114   (0)      8  : 0.3767 0.5124 0.1109
115      115   (0)      8  : 0.0000 0.6602 0.3398
116      116   (0)      8  : 0.9443 0.0557 0.0000
117      117   (0)      8  : 0.3436 0.5242 0.1322
118      118   (0)      8  : 0.5174 0.3283 0.1543
119      119   (0)      8  : 0.6783 0.3217 0.0000
120      120   (0)      8  : 0.4954 0.3279 0.1768
121      121   (0)      8  : 0.7447 0.2553 0.0000
122      122   (0)      8  : 0.3704 0.5667 0.0629
123      123   (0)      8  : 0.4925 0.2499 0.2576
124      124   (0)      8  : 0.0000 0.5665 0.4335
125      125   (0)      8  : 0.5717 0.3334 0.0949
126      126   (0)      3  : 0.4836 0.4980 0.0184
127      127   (0)      3  : 0.9503 0.0497 0.0000
128      128   (0)      3  : 0.5757 0.4243 0.0000
129      129   (0)      3  : 0.6941 0.3059 0.0000
130      130   (0)      3  : 0.6636 0.3364 0.0000
131      131   (0)      3  : 0.4722 0.5003 0.0275
132      132   (0)      3  : 0.5177 0.4823 0.0000
133      133   (0)      3  : 0.4615 0.5385 0.0000
134      134   (0)      3  : 0.2708 0.5955 0.1338
135      135   (0)      3  : 0.0637 0.7481 0.1882
136      136   (0)      3  : 0.3957 0.5224 0.0819
137      137   (0)      3  : 0.4617 0.4291 0.1093
138      138   (0)      3  : 0.3901 0.4920 0.1179
139      139   (0)      3  : 0.6544 0.3237 0.0219
140      140   (0)      3  : 0.6369 0.2688 0.0943
141      141   (0)      3  : 0.5116 0.4884 0.0000
142      142   (0)      3  : 0.5056 0.4944 0.0000
143      143   (0)      3  : 0.5021 0.4979 0.0000
144      144   (0)      3  : 0.6541 0.2830 0.0630
145      145   (0)      3  : 0.4353 0.5647 0.0000
146      146   (0)      3  : 0.7629 0.2371 0.0000
147      147   (0)      3  : 0.3964 0.5693 0.0343
148      148   (0)      3  : 0.3629 0.5835 0.0537
149      149   (0)      3  : 0.6314 0.3686 0.0000
150      150   (0)      3  : 0.3723 0.5674 0.0602
151      151   (0)      3  : 0.5261 0.4737 0.0002
152      152   (0)      3  : 0.4809 0.4091 0.1100
153      153   (0)      8  : 0.5339 0.4661 0.0000
154      154   (0)      8  : 0.0000 0.6477 0.3523
155      155   (0)      8  : 0.7344 0.2656 0.0000
156      156   (0)      8  : 0.3501 0.3337 0.3162
157      157   (0)      8  : 0.5790 0.2898 0.1312
158      158   (0)      8  : 0.4489 0.4215 0.1296
159      159   (0)      8  : 0.3992 0.4138 0.1869
160      160   (0)      1  : 0.5211 0.0388 0.4401
161      161   (0)      1  : 0.6583 0.0000 0.3417
162      162   (0)      1  : 0.6242 0.0198 0.3559
163      163   (0)      1  : 0.5524 0.0000 0.4476
164      164   (0)      1  : 0.6546 0.0000 0.3454
165      165   (0)      1  : 0.5251 0.2010 0.2739
166      166   (0)      1  : 0.5546 0.0000 0.4454
167      167   (0)      1  : 0.8190 0.0250 0.1560
168      168   (0)      2  : 0.9183 0.0000 0.0817
169      169   (0)      2  : 0.5538 0.2900 0.1563
170      170   (0)      2  : 0.6458 0.1975 0.1568
171      171   (0)      2  : 0.6141 0.3192 0.0666
172      172   (0)      2  : 0.8258 0.0942 0.0800
173      173   (0)      2  : 0.7813 0.1744 0.0443
174      174   (0)      2  : 0.5492 0.0000 0.4508
175      175   (0)      2  : 0.5524 0.3347 0.1129
176      176   (0)      1  : 0.7805 0.0851 0.1344
177      177   (0)      1  : 0.2710 0.0000 0.7290
178      178   (0)      1  : 0.5169 0.1065 0.3766
179      179   (0)      1  : 0.3305 0.0000 0.6695
180      180   (0)      1  : 0.4986 0.0000 0.5014
181      181   (0)      1  : 0.0000 0.0000 1.0000
182      182   (0)      2  : 0.6176 0.0289 0.3535
183      183   (0)      2  : 0.6330 0.1431 0.2240
184      184   (0)      2  : 0.9762 0.0000 0.0238
185      185   (0)      2  : 0.8144 0.1740 0.0117
186      186   (0)      2  : 0.7183 0.1659 0.1158
187      187   (0)      1  : 0.7362 0.0000 0.2638
188      188   (0)      1  : 0.2855 0.2325 0.4820
189      189   (0)      1  : 0.3129 0.0897 0.5974
190      190   (0)      1  : 0.3176 0.0000 0.6824
191      191   (0)      1  : 0.7699 0.0000 0.2301
192      192   (0)      1  : 0.2600 0.0000 0.7400
193      193   (0)      1  : 0.2115 0.0000 0.7885
194      194   (0)      1  : 0.4844 0.0610 0.4546
195      195   (0)      2  : 0.7359 0.0000 0.2641
196      196   (0)      2  : 0.6221 0.2288 0.1491
197      197   (0)      2  : 0.4259 0.1084 0.4657
198      198   (0)      2  : 0.4908 0.2323 0.2769
199      199   (0)      2  : 0.6265 0.0645 0.3090
200      200   (0)      2  : 0.9601 0.0161 0.0237
201      201   (0)      2  : 0.7688 0.1444 0.0869
202      202   (0)      2  : 0.6266 0.0894 0.2840
203      203   (0)      2  : 0.7940 0.0000 0.2060
204      204   (0)      2  : 0.8904 0.0630 0.0465
205      205   (0)      2  : 0.7079 0.0000 0.2921
206      206   (0)      2  : 0.5317 0.3542 0.1141
207      207   (0)      2  : 0.8378 0.0997 0.0625
208      208   (0)      9  : 0.9088 0.0000 0.0912
209      209   (0)      9  : 0.7089 0.1250 0.1662
210      210   (0)      9  : 0.6416 0.0889 0.2694
211      211   (0)      9  : 0.5704 0.0723 0.3573
212      212   (0)      9  : 0.8372 0.1488 0.0139
213      213   (0)      9  : 0.7559 0.0958 0.1482
214      214   (0)      9  : 0.8927 0.1043 0.0030
215      215   (0)      9  : 0.7678 0.0000 0.2322
216      216   (0)      9  : 0.6860 0.0844 0.2296
217      217   (0)      9  : 0.7090 0.1466 0.1444
218      218   (0)      9  : 0.5351 0.4649 0.0000
219      219   (0)      9  : 0.8659 0.0000 0.1341
220      220   (0)      9  : 0.8519 0.0000 0.1481
221      221   (0)      9  : 0.8973 0.0475 0.0552
222      222   (0)      9  : 0.8608 0.0000 0.1392
223      223   (0)      9  : 0.9297 0.0703 0.0000
224      224   (0)      9  : 0.8092 0.1069 0.0840
225      225   (0)      9  : 0.9525 0.0475 0.0000
226      226   (0)      9  : 0.6053 0.0602 0.3345
227      227   (0)      9  : 0.5446 0.0000 0.4554
228      228   (0)      9  : 1.0000 0.0000 0.0000
229      229   (0)      9  : 0.8281 0.0689 0.1030
230      230   (0)      9  : 0.7024 0.0002 0.2975
231      231   (0)      9  : 0.6241 0.0000 0.3759
232      232   (0)      9  : 0.9645 0.0000 0.0355
233      233   (0)      9  : 0.6192 0.0000 0.3808
234      234   (0)      9  : 0.9505 0.0000 0.0495
235      235   (0)      9  : 0.8794 0.0000 0.1206
236      236   (0)      9  : 0.6106 0.0678 0.3216
237      237   (0)     10  : 0.3910 0.1816 0.4275
238      238   (0)     10  : 0.7000 0.0000 0.3000
239      239   (0)     10  : 0.9006 0.0000 0.0994
240      240   (0)     10  : 0.9731 0.0000 0.0269
241      241   (0)     10  : 0.8798 0.0000 0.1202
242      242   (0)     10  : 0.6822 0.1560 0.1618
243      243   (0)     10  : 0.8395 0.0000 0.1605
244      244   (0)     10  : 0.5859 0.0000 0.4141
245      245   (0)     10  : 0.6066 0.0000 0.3934
246      246   (0)     10  : 0.0000 0.4639 0.5361
247      247   (0)     10  : 0.6190 0.0237 0.3573
248      248   (0)     10  : 0.3934 0.4141 0.1925
249      249   (0)     10  : 0.5093 0.0462 0.4445
250      250   (0)     10  : 0.4230 0.2061 0.3709
251      251   (0)     10  : 0.0235 0.0000 0.9765
252      252   (0)     10  : 0.6304 0.2310 0.1386
253      253   (0)     10  : 0.4848 0.0101 0.5052
254      254   (0)     10  : 0.7839 0.0000 0.2161
255      255   (0)     10  : 0.0000 0.3440 0.6560
256      256   (0)     10  : 0.1884 0.0838 0.7278
257      257   (0)     10  : 0.6323 0.1075 0.2601
258      258   (0)     10  : 0.3072 0.0657 0.6271
259      259   (0)     10  : 0.6186 0.0926 0.2889
260      260   (0)     10  : 0.7268 0.0480 0.2251
261      261   (0)     10  : 0.7680 0.0000 0.2320
262      262   (0)     10  : 0.3731 0.0625 0.5644
263      263   (0)     10  : 0.1493 0.2300 0.6208
264      264   (0)     11  : 0.0725 0.8904 0.0371
265      265   (0)     11  : 0.5941 0.3162 0.0897
266      266   (0)     11  : 0.0000 1.0000 0.0000
267      267   (0)     11  : 0.5170 0.4830 0.0000
268      268   (0)     11  : 0.3599 0.6237 0.0164
269      269   (0)     11  : 0.0074 0.9306 0.0619
270      270   (0)     11  : 0.3119 0.6881 0.0000
271      271   (0)     11  : 0.5110 0.4890 0.0000
272      272   (0)     11  : 0.3613 0.5640 0.0747
273      273   (0)     12  : 0.9173 0.0785 0.0042
274      274   (0)     12  : 0.9436 0.0564 0.0000
275      275   (0)     12  : 1.0000 0.0000 0.0000
276      276   (0)     12  : 1.0000 0.0000 0.0000
277      277   (0)     12  : 0.6709 0.0000 0.3291
278      278   (0)     12  : 0.8842 0.0475 0.0683
279      279   (0)     12  : 0.9118 0.0150 0.0733
280      280   (0)     12  : 0.7735 0.0624 0.1641
281      281   (0)     12  : 0.8117 0.0455 0.1428
282      282   (0)     12  : 0.0000 0.5475 0.4525
283      283   (0)     12  : 0.9048 0.0732 0.0220
284      284   (0)     12  : 0.7316 0.2684 0.0000
285      285   (0)     12  : 1.0000 0.0000 0.0000
286      286   (0)     12  : 0.7767 0.1842 0.0391
287      287   (0)     12  : 0.8917 0.0000 0.1083
288      288   (0)     12  : 0.8962 0.0000 0.1038
289      289   (0)     12  : 0.9010 0.0129 0.0861
290      290   (0)     12  : 0.4506 0.2646 0.2849
291      291   (0)     12  : 0.7647 0.1930 0.0423
292      292   (0)     12  : 0.8668 0.0000 0.1332
293      293   (0)     12  : 1.0000 0.0000 0.0000
294      294   (0)     12  : 0.8298 0.0000 0.1702
295      295   (0)     12  : 0.9534 0.0000 0.0466
296      296   (0)     12  : 0.7569 0.2431 0.0000
297      297   (0)     12  : 0.9825 0.0175 0.0000
298      298   (0)     12  : 0.7881 0.0019 0.2100
299      299   (0)     12  : 0.5512 0.1552 0.2936
300      300   (0)     12  : 0.9901 0.0000 0.0099
