1        1   (0)      1  : 0.0173 0.0000 0.5228 0.3645 0.0000 0.0116 0.0000 0.0000 0.0338 0.0500
2        2   (0)      1  : 0.4439 0.0000 0.3252 0.0206 0.0310 0.0000 0.0616 0.1019 0.0000 0.0157
3        3   (0)      1  : 0.0698 0.0000 0.4475 0.1730 0.0392 0.0000 0.0000 0.0000 0.0000 0.2705
4        4   (0)      1  : 0.0073 0.0000 0.5801 0.0000 0.0000 0.0256 0.0000 0.2349 0.1521 0.0000
5        5   (0)      1  : 0.2422 0.0000 0.0840 0.2632 0.0000 0.1454 0.1099 0.0029 0.0640 0.0884
6        6   (0)      2  : 0.0000 0.0000 0.6298 0.0000 0.0489 0.0000 0.0000 0.0000 0.0000 0.3213
7        7   (0)      1  : 0.0000 0.0000 0.6364 0.0000 0.0000 0.0000 0.0000 0.0000 0.3636 0.0000
8        8   (0)      3  : 0.0000 0.5937 0.0000 0.1910 0.2153 0.0000 0.0000 0.0000 0.0000 0.0000
9        9   (0)      4  : 0.0000 0.0083 0.0000 0.0000 0.2837 0.7080 0.0000 0.0000 0.0000 0.0000
10       10   (0)      4  : 0.0752 0.0087 0.0000 0.0150 0.2719 0.0000 0.6150 0.0000 0.0142 0.0000
11       11   (0)      4  : 0.0000 0.1436 0.0247 0.2600 0.1327 0.0505 0.0000 0.2997 0.0000 0.0888
12       12   (0)      4  : 0.0000 0.0000 0.0000 0.0000 0.0000 1.0000 0.0000 0.0000 0.0000 0.0000
13       13   (0)      4  : 0.1400 0.3814 0.1568 0.0000 0.0000 0.0260 0.2480 0.0478 0.0000 0.0000
14       14   (0)      5  : 0.0415 0.0000 0.0022 0.1360 0.0635 0.0000 0.6132 0.0101 0.0000 0.1336
15       15   (0)      4  : 0.0000 0.3097 0.0000 0.1442 0.0314 0.0141 0.2846 0.0174 0.0000 0.1986
16       16   (0)      5  : 0.0772 0.2748 0.1479 0.0000 0.0000 0.0000 0.4381 0.0250 0.0117 0.0254
17       17   (0)      5  : 0.1350 0.3606 0.0000 0.0000 0.2851 0.0000 0.1908 0.0285 0.0000 0.0000
18       18   (0)      5  : 0.0000 0.5485 0.0000 0.0149 0.2291 0.0000 0.0291 0.0156 0.0000 0.1627
19       19   (0)      5  : 0.0100 0.4791 0.0000 0.0000 0.1182 0.0000 0.3160 0.0350 0.0418 0.0000
20       20   (0)      5  : 0.0000 0.2515 0.0000 0.3025 0.0378 0.0000 0.0236 0.1743 0.1221 0.0882
21       21   (0)      5  : 0.0000 0.6315 0.0000 0.1610 0.2075 0.0000 0.0000 0.0000 0.0000 0.0000
22       22   (0)      5  : 0.0084 0.0509 0.0000 0.0281 0.0746 0.0000 0.2989 0.3326 0.0000 0.2065
23       23   (0)      5  : 0.0000 0.5170 0.0000 0.2607 0.0349 0.0329 0.0705 0.0794 0.0047 0.0000
24       24   (0)      5  : 0.0149 0.3291 0.0000 0.0000 0.2983 0.0000 0.3269 0.0307 0.0000 0.0000
25       25   (0)      5  : 0.0000 0.2153 0.0000 0.2429 0.0000 0.0000 0.2432 0.2147 0.0000 0.0840
26       26   (0)      5  : 0.0000 0.5191 0.0000 0.0000 0.0078 0.0770 0.2285 0.1676 0.0000 0.0000
27       27   (0)      5  : 0.2386 0.1433 0.0000 0.0000 0.0000 0.0001 0.5076 0.0125 0.0979 0.0000
28       28   (0)      5  : 0.1138 0.2183 0.0000 0.0435 0.0836 0.0000 0.3724 0.0250 0.0000 0.1432
29       29   (0)      5  : 0.0000 0.1135 0.0000 0.0811 0.2093 0.0000 0.0598 0.5363 0.0000 0.0000
30       30   (0)      5  : 0.0465 0.0001 0.0000 0.3632 0.0017 0.0000 0.5582 0.0050 0.0000 0.0254
31       31   (0)      5  : 0.0528 0.2549 0.0000 0.3261 0.0000 0.0000 0.2648 0.0003 0.0000 0.1011
32       32   (0)      5  : 0.2383 0.1422 0.0000 0.0381 0.1381 0.0000 0.4363 0.0003 0.0000 0.0067
33       33   (0)      5  : 0.0373 0.5645 0.0000 0.0000 0.0868 0.0000 0.2628 0.0486 0.0000 0.0000
34       34   (0)      5  : 0.2439 0.5032 0.0000 0.0389 0.0000 0.0000 0.1121 0.1019 0.0000 0.0000
35       35   (0)      5  : 0.0000 0.5264 0.0000 0.0029 0.0073 0.0070 0.1450 0.1398 0.1202 0.0515
36       36   (0)      5  : 0.0198 0.2138 0.0000 0.0070 0.0000 0.2746 0.2048 0.1587 0.1030 0.0183
37       37   (0)      5  : 0.2674 0.2519 0.0000 0.0000 0.0000 0.0000 0.1552 0.3095 0.0000 0.0159
38       38   (0)      5  : 0.0000 0.3730 0.0000 0.1893 0.0000 0.0000 0.0611 0.1918 0.1191 0.0657
39       39   (0)      5  : 0.2660 0.0782 0.0000 0.0000 0.1916 0.0000 0.4643 0.0000 0.0000 0.0000
40       40   (0)      5  : 0.0000 0.2158 0.0000 0.0922 0.0253 0.0000 0.0731 0.2313 0.2131 0.1491
41       41   (0)      4  : 0.0000 0.3087 0.0000 0.0000 0.0403 0.5188 0.0615 0.0707 0.0000 0.0000
42       42   (0)      4  : 0.0827 0.0000 0.0000 0.0315 0.0387 0.0031 0.1917 0.3268 0.0000 0.3255
43       43   (0)      4  : 0.0000 0.1465 0.0000 0.3206 0.0369 0.0000 0.2492 0.0073 0.0000 0.2396
44       44   (0)      4  : 0.2951 0.0811 0.0000 0.0000 0.0913 0.1406 0.3563 0.0000 0.0357 0.0000
45       45   (0)      5  : 0.1392 0.0000 0.0102 0.2114 0.0086 0.0375 0.1599 0.3156 0.0000 0.1177
46       46   (0)      4  : 0.0000 0.3103 0.0000 0.2726 0.3721 0.0000 0.0000 0.0000 0.0000 0.0451
47       47   (0)      4  : 0.0269 0.0119 0.1018 0.0000 0.0932 0.0000 0.4157 0.2037 0.1375 0.0092
48       48   (0)      4  : 0.0170 0.2622 0.0435 0.0000 0.1487 0.1510 0.2763 0.0261 0.0753 0.0000
49       49   (0)      4  : 0.0000 0.4784 0.0000 0.0000 0.0000 0.1829 0.2900 0.0329 0.0000 0.0159
50       50   (0)      5  : 0.0752 0.0000 0.0175 0.0739 0.0000 0.0016 0.2100 0.5563 0.0100 0.0556
51       51   (0)      4  : 0.1051 0.0043 0.0000 0.1210 0.0000 0.0003 0.7068 0.0059 0.0000 0.0566
52       52   (0)      5  : 0.0000 0.2489 0.0091 0.0621 0.0372 0.0000 0.2272 0.0737 0.0032 0.3386
53       53   (0)      6  : 0.0000 0.0000 0.7149 0.0000 0.0000 0.0136 0.1193 0.0000 0.1522 0.0000
54       54   (0)      6  : 0.0217 0.0324 0.0861 0.2281 0.0740 0.0000 0.3978 0.0766 0.0004 0.0828
55       55   (0)      6  : 0.0000 0.0000 0.0000 0.0000 0.0000 1.0000 0.0000 0.0000 0.0000 0.0000
56       56   (0)      6  : 0.0000 0.0000 0.6605 0.2658 0.0000 0.0000 0.0000 0.0000 0.0000 0.0737
57       57   (0)      6  : 0.0000 0.0000 0.2793 0.2271 0.0000 0.0000 0.3418 0.0000 0.0767 0.0751
58       58   (0)      6  : 0.0589 0.0171 0.1191 0.2757 0.0143 0.0000 0.4079 0.0000 0.0000 0.1070
59       59   (0)      6  : 0.0000 0.1825 0.0794 0.4699 0.0000 0.0010 0.0000 0.0000 0.1288 0.1385
60       60   (0)      6  : 0.0107 0.1142 0.2825 0.2516 0.0062 0.0000 0.2252 0.0000 0.0335 0.0761
61       61   (0)      7  : 0.1307 0.1549 0.0000 0.0000 0.0000 0.0008 0.3985 0.0989 0.2163 0.0000
62       62   (0)      7  : 0.1305 0.0084 0.0000 0.0052 0.0266 0.0000 0.5203 0.0143 0.0000 0.2947
63       63   (0)      7  : 0.0000 0.0000 0.0183 0.0466 0.0000 0.0000 0.5305 0.2376 0.0000 0.1671
64       64   (0)      7  : 0.0360 0.0370 0.0777 0.0000 0.0000 0.0000 0.4220 0.2048 0.1505 0.0720
65       65   (0)      7  : 0.0000 0.1301 0.0181 0.0000 0.0699 0.0000 0.2890 0.4240 0.0690 0.0000
66       66   (0)      7  : 0.0000 0.0000 0.1495 0.0149 0.0113 0.0852 0.1714 0.4966 0.0571 0.0140
67       67   (0)      7  : 0.0000 0.1710 0.0350 0.0000 0.0603 0.0000 0.2665 0.1153 0.0677 0.2843
68       68   (0)      7  : 0.3578 0.0000 0.0000 0.0000 0.0093 0.0000 0.5585 0.0000 0.0000 0.0744
69       69   (0)      7  : 0.0000 0.0441 0.0859 0.0165 0.0735 0.0004 0.5921 0.0249 0.1626 0.0000
70       70   (0)      7  : 0.0000 0.1941 0.0280 0.0000 0.0232 0.0231 0.2924 0.3587 0.0806 0.0000
71       71   (0)      7  : 0.2913 0.0000 0.0244 0.0000 0.0158 0.0000 0.1893 0.2040 0.1268 0.1485
72       72   (0)      7  : 0.1184 0.1046 0.0000 0.0000 0.0000 0.0000 0.7442 0.0328 0.0000 0.0000
73       73   (0)      7  : 0.0000 0.2791 0.0866 0.0000 0.0244 0.0000 0.3337 0.2555 0.0124 0.0083
74       74   (0)      7  : 0.0000 0.0162 0.0000 0.2743 0.0000 0.0000 0.4036 0.0134 0.2047 0.0879
75       75   (0)      7  : 0.1399 0.0733 0.0000 0.0000 0.0044 0.0000 0.5018 0.2703 0.0000 0.0103
76       76   (0)      7  : 0.0600 0.0000 0.0000 0.2206 0.0373 0.0000 0.6292 0.0000 0.0000 0.0529
77       77   (0)      7  : 0.0638 0.0553 0.0453 0.0000 0.1508 0.0000 0.6651 0.0082 0.0114 0.0000
78       78   (0)      7  : 0.1503 0.0330 0.0600 0.0000 0.0000 0.0000 0.0536 0.7031 0.0000 0.0000
79       79   (0)      7  : 0.2039 0.2229 0.0505 0.1565 0.0000 0.0001 0.1905 0.1076 0.0000 0.0682
80       80   (0)      7  : 0.0000 0.1239 0.1216 0.0000 0.0000 0.0000 0.2052 0.5493 0.0000 0.0000
81       81   (0)      7  : 0.0000 0.0016 0.1042 0.1321 0.0672 0.0000 0.0978 0.5643 0.0231 0.0098
82       82   (0)      7  : 0.0000 0.3452 0.0053 0.0000 0.0347 0.0499 0.1240 0.3399 0.0000 0.1010
83       83   (0)      7  : 0.0000 0.0445 0.0244 0.0000 0.0924 0.0000 0.1415 0.6972 0.0000 0.0000
84       84   (0)      7  : 0.0000 0.2724 0.0452 0.0000 0.0759 0.0965 0.1644 0.3455 0.0000 0.0000
85       85   (0)      6  : 0.2349 0.0036 0.3270 0.0000 0.0716 0.0110 0.2776 0.0000 0.0000 0.0744
86       86   (0)      6  : 0.0212 0.1023 0.2584 0.0144 0.0074 0.0635 0.2256 0.0085 0.0000 0.2986
87       87   (0)      6  : 0.0008 0.0000 0.0813 0.3380 0.0000 0.0482 0.4035 0.0000 0.0000 0.1282
88       88   (0)      6  : 0.3528 0.0000 0.4058 0.0011 0.0000 0.0000 0.2219 0.0000 0.0000 0.0183
89       89   (0)      6  : 0.0000 0.0000 0.3801 0.3855 0.0000 0.0035 0.1057 0.0000 0.0000 0.1253
90       90   (0)      6  : 0.2465 0.1319 0.3856 0.0353 0.0295 0.0749 0.0332 0.0359 0.0000 0.0271
91       91   (0)      6  : 0.2286 0.0138 0.3482 0.1835 0.0066 0.0000 0.1256 0.0000 0.0000 0.0937
92       92   (0)      6  : 0.0000 0.0000 0.5076 0.2610 0.0000 0.0000 0.0186 0.0807 0.0615 0.0707
93       93   (0)      7  : 0.0000 0.0597 0.0985 0.1649 0.0591 0.0000 0.4262 0.0000 0.1435 0.0481
94       94   (0)      7  : 0.0000 0.0000 0.0000 0.0000 0.0000 1.0000 0.0000 0.0000 0.0000 0.0000
95       95   (0)      6  : 0.0044 0.0000 0.5246 0.0095 0.0167 0.2164 0.0536 0.0000 0.0000 0.1748
96       96   (0)      6  : 0.0000 0.0000 1.0000 0.0000 0.0000 0.0000 0.0000 0.0000 0.0000 0.0000
97       97   (0)      6  : 0.0000 0.1679 0.6101 0.0000 0.0733 0.0045 0.1189 0.0016 0.0238 0.0000
98       98   (0)      6  : 0.0000 0.1565 0.5206 0.0000 0.0391 0.0246 0.0392 0.0240 0.0000 0.1960
99       99   (0)      6  : 0.0000 0.0000 0.4432 0.2938 0.1507 0.0000 0.0279 0.0000 0.0000 0.0844
100      100   (0)      6  : 0.1519 0.0000 0.5576 0.1784 0.0000 0.0000 0.0454 0.0000 0.0000 0.0667
101      101   (0)      6  : 0.0000 0.0067 0.6930 0.0000 0.0573 0.0205 0.1273 0.0031 0.0000 0.0920
102      102   (0)      6  : 0.0000 0.0000 0.5966 0.0000 0.0389 0.0000 0.1123 0.0000 0.0000 0.2522
103      103   (0)      8  : 0.0000 0.0814 0.0735 0.2691 0.0000 0.0089 0.0000 0.4908 0.0159 0.0604
104      104   (0)      8  : 0.1757 0.2777 0.0000 0.2894 0.0000 0.0000 0.1091 0.0494 0.0000 0.0987
105      105   (0)      8  : 0.0000 0.0321 0.0000 0.3593 0.0000 0.0000 0.0000 0.3041 0.2298 0.0747
106      106   (0)      8  : 0.4191 0.3873 0.0000 0.0003 0.0000 0.0040 0.1893 0.0000 0.0000 0.0000
107      107   (0)      8  : 0.2794 0.4416 0.0000 0.0000 0.0000 0.0703 0.1861 0.0226 0.0000 0.0000
108      108   (0)      8  : 0.0000 0.4256 0.0000 0.3099 0.1350 0.0882 0.0000 0.0374 0.0000 0.0040
109      109   (0)      8  : 0.0566 0.1965 0.0000 0.4469 0.0000 0.0000 0.0327 0.1847 0.0000 0.0827
110      110   (0)      8  : 0.0000 0.3863 0.0000 0.4611 0.0000 0.0000 0.0000 0.0066 0.0000 0.1459
111      111   (0)      8  : 0.2610 0.2319 0.0000 0.0036 0.0064 0.0198 0.0000 0.2878 0.0000 0.1895
112      112   (0)      8  : 0.1817 0.3958 0.0000 0.1707 0.0189 0.0000 0.0050 0.0179 0.0000 0.2101
113      113   (0)      8  : 0.2504 0.0810 0.0000 0.3126 0.0000 0.0000 0.1011 0.1865 0.0033 0.0651
114      114   (0)      8  : 0.0218 0.4189 0.0000 0.0000 0.0587 0.0050 0.1910 0.0000 0.0000 0.3045
115      115   (0)      8  : 0.0000 0.0000 0.0000 0.0000 0.0000 1.0000 0.0000 0.0000 0.0000 0.0000
116      116   (0)      8  : 0.0000 0.1267 0.0000 0.7192 0.0000 0.0000 0.0251 0.0000 0.0000 0.1289
117      117   (0)      8  : 0.2112 0.2353 0.0032 0.0000 0.1082 0.0582 0.0128 0.2148 0.1564 0.0000
118      118   (0)      8  : 0.3895 0.3818 0.0213 0.0000 0.0163 0.0000 0.0001 0.0014 0.0442 0.1455
119      119   (0)      8  : 0.5874 0.2775 0.0000 0.0000 0.0053 0.0000 0.1298 0.0000 0.0000 0.0000
120      120   (0)      8  : 0.5570 0.3038 0.0843 0.0000 0.0000 0.0230 0.0171 0.0111 0.0036 0.0000
121      121   (0)      8  : 0.3676 0.3569 0.0000 0.2160 0.0000 0.0100 0.0000 0.0000 0.0000 0.0495
122      122   (0)      8  : 0.0000 0.5222 0.0005 0.0728 0.1874 0.0000 0.0000 0.0085 0.1792 0.0294
123      123   (0)      8  : 0.3411 0.2656 0.1344 0.0100 0.0008 0.0000 0.0051 0.0382 0.1977 0.0071
124      124   (0)      8  : 0.0000 0.0000 0.0000 0.0000 0.0000 1.0000 0.0000 0.0000 0.0000 0.0000
125      125   (0)      8  : 0.2944 0.2115 0.0000 0.0000 0.1355 0.0354 0.0815 0.0198 0.0000 0.2218
126      126   (0)      3  : 0.0000 0.2595 0.0000 0.1947 0.0509 0.0000 0.0181 0.1844 0.2245 0.0678
127      127   (0)      3  : 0.0136 0.0513 0.0000 0.6731 0.0559 0.0000 0.0592 0.0000 0.0064 0.1406
128      128   (0)      3  : 0.4489 0.3138 0.0000 0.0236 0.0000 0.0056 0.1159 0.0669 0.0000 0.0254
129      129   (0)      3  : 0.3285 0.2426 0.0000 0.1787 0.0665 0.0000 0.0182 0.0134 0.0924 0.0599
130      130   (0)      3  : 0.0062 0.4310 0.0000 0.4584 0.0000 0.0000 0.0000 0.0000 0.0000 0.1043
131      131   (0)      3  : 0.2601 0.5171 0.0000 0.0000 0.0010 0.0030 0.0000 0.0000 0.2189 0.0000
132      132   (0)      3  : 0.3340 0.5162 0.0000 0.0356 0.0000 0.0740 0.0150 0.0000 0.0165 0.0087
133      133   (0)      3  : 0.2421 0.4356 0.0000 0.0845 0.1109 0.0000 0.0254 0.0891 0.0125 0.0000
134      134   (0)      3  : 0.0180 0.4434 0.0000 0.0031 0.0101 0.1303 0.0458 0.0127 0.3364 0.0000
135      135   (0)      3  : 0.0000 0.3443 0.0000 0.0000 0.0000 0.1431 0.1026 0.1471 0.2628 0.0000
136      136   (0)      3  : 0.2085 0.2294 0.0000 0.0132 0.0000 0.0000 0.0995 0.2703 0.1612 0.0180
137      137   (0)      3  : 0.3098 0.2738 0.0008 0.0218 0.0000 0.0014 0.0220 0.1994 0.1537 0.0173
138      138   (0)      3  : 0.3765 0.3685 0.0289 0.0000 0.0000 0.0000 0.0558 0.1034 0.0670 0.0000
139      139   (0)      3  : 0.4340 0.3518 0.0000 0.0335 0.0306 0.0025 0.0011 0.0000 0.0000 0.1466
140      140   (0)      3  : 0.0000 0.2622 0.0000 0.4015 0.0000 0.0606 0.0000 0.0000 0.2063 0.0694
141      141   (0)      3  : 0.3346 0.3506 0.0000 0.0000 0.0706 0.0000 0.0662 0.0108 0.1673 0.0000
142      142   (0)      3  : 0.2093 0.4094 0.0000 0.1077 0.1619 0.0000 0.0947 0.0043 0.0000 0.0127
143      143   (0)      3  : 0.4624 0.5154 0.0000 0.0000 0.0000 0.0000 0.0000 0.0219 0.0003 0.0000
144      144   (0)      3  : 0.0000 0.3124 0.0010 0.4635 0.0000 0.0492 0.0000 0.0000 0.1105 0.0634
145      145   (0)      3  : 0.2378 0.4879 0.0000 0.0215 0.2300 0.0000 0.0144 0.0085 0.0000 0.0000
146      146   (0)      3  : 0.3541 0.1864 0.0000 0.2149 0.0432 0.0000 0.1879 0.0000 0.0135 0.0000
147      147   (0)      3  : 0.3424 0.2793 0.0000 0.0000 0.0000 0.0193 0.0491 0.3099 0.0000 0.0000
148      148   (0)      3  : 0.2341 0.2931 0.0000 0.0000 0.2096 0.0266 0.1832 0.0076 0.0459 0.0000
149      149   (0)      3  : 0.4808 0.2217 0.0000 0.0000 0.0000 0.0000 0.2342 0.0437 0.0000 0.0195
150      150   (0)      3  : 0.2120 0.4007 0.0000 0.0000 0.0876 0.0000 0.0615 0.0567 0.0000 0.1814
151      151   (0)      3  : 0.4179 0.3955 0.0000 0.0000 0.0526 0.0386 0.0954 0.0000 0.0000 0.0000
152      152   (0)      3  : 0.0000 0.3732 0.0000 0.1122 0.0922 0.0000 0.0000 0.0096 0.3875 0.0253
153      153   (0)      8  : 0.0000 0.5024 0.0000 0.1591 0.1613 0.0000 0.0000 0.0000 0.0000 0.1771
154      154   (0)      8  : 0.0000 0.0000 0.0000 0.0000 0.0000 0.7410 0.0000 0.2590 0.0000 0.0000
155      155   (0)      8  : 0.3643 0.2121 0.0000 0.1975 0.0000 0.0000 0.0850 0.0685 0.0000 0.0726
156      156   (0)      8  : 0.2461 0.2204 0.2025 0.0000 0.1769 0.0778 0.0117 0.0000 0.0100 0.0546
157      157   (0)      8  : 0.0848 0.3201 0.0004 0.1799 0.0167 0.0027 0.0417 0.0000 0.1745 0.1792
158      158   (0)      8  : 0.0102 0.4123 0.0072 0.1180 0.0822 0.0088 0.0000 0.0000 0.3222 0.0392
159      159   (0)      8  : 0.0017 0.3771 0.0000 0.0526 0.0229 0.0526 0.0145 0.0129 0.2785 0.1872
160      160   (0)      1  : 0.4881 0.0509 0.2868 0.0000 0.0000 0.0000 0.0000 0.0000 0.1742 0.0000
161      161   (0)      1  : 0.1248 0.0005 0.1684 0.2615 0.0369 0.0000 0.0830 0.0000 0.0000 0.3248
162      162   (0)      1  : 0.4898 0.0060 0.1568 0.0000 0.0145 0.0000 0.0000 0.0000 0.3327 0.0002
163      163   (0)      1  : 0.0845 0.0000 0.4115 0.3882 0.0000 0.0005 0.0000 0.0000 0.1079 0.0074
164      164   (0)      1  : 0.7471 0.0000 0.1991 0.0452 0.0086 0.0000 0.0000 0.0000 0.0000 0.0000
165      165   (0)      1  : 0.2857 0.1326 0.2159 0.2176 0.0000 0.0047 0.0000 0.1183 0.0000 0.0252
166      166   (0)      1  : 0.4944 0.0000 0.3121 0.0016 0.0000 0.0000 0.0000 0.0000 0.1918 0.0001
167      167   (0)      1  : 0.6981 0.0000 0.0090 0.0688 0.0000 0.0000 0.1963 0.0000 0.0000 0.0278
168      168   (0)      2  : 0.1270 0.0000 0.0284 0.5467 0.1956 0.0000 0.0000 0.0000 0.0000 0.1023
169      169   (0)      2  : 0.5718 0.0747 0.0342 0.0000 0.0000 0.0000 0.2114 0.1079 0.0000 0.0000
170      170   (0)      2  : 0.5334 0.1638 0.0781 0.0631 0.0000 0.0000 0.1334 0.0000 0.0282 0.0000
171      171   (0)      2  : 0.0000 0.3294 0.0000 0.3441 0.0623 0.0000 0.0004 0.0181 0.0000 0.2457
172      172   (0)      2  : 0.5824 0.0000 0.0000 0.1091 0.0000 0.0179 0.2456 0.0000 0.0000 0.0450
173      173   (0)      2  : 0.0000 0.2053 0.0131 0.6450 0.0000 0.0000 0.0000 0.0000 0.0310 0.1056
174      174   (0)      2  : 0.3863 0.0000 0.3655 0.1811 0.0530 0.0000 0.0088 0.0000 0.0000 0.0053
175      175   (0)      2  : 0.0440 0.0000 0.0122 0.0767 0.6881 0.0000 0.1383 0.0000 0.0408 0.0000
176      176   (0)      1  : 0.2439 0.1111 0.1082 0.3283 0.0112 0.0000 0.0000 0.0000 0.1219 0.0754
177      177   (0)      1  : 0.2255 0.0077 0.4567 0.0000 0.0263 0.0000 0.0000 0.0000 0.0546 0.2292
178      178   (0)      1  : 0.0000 0.1563 0.3873 0.4060 0.0000 0.0027 0.0000 0.0000 0.0477 0.0000
179      179   (0)      1  : 0.1775 0.0000 0.6350 0.1323 0.0000 0.0000 0.0000 0.0000 0.0552 0.0000
180      180   (0)      1  : 0.0000 0.0000 0.5263 0.4681 0.0054 0.0000 0.0000 0.0000 0.0000 0.0002
181      181   (0)      1  : 0.0148 0.0000 0.9709 0.0000 0.0000 0.0000 0.0000 0.0000 0.0000 0.0143
182      182   (0)      2  : 0.0000 0.0068 0.2230 0.3627 0.1083 0.0000 0.0250 0.0000 0.0336 0.2406
183      183   (0)      2  : 0.4935 0.0100 0.0920 0.0123 0.0000 0.0304 0.2813 0.0000 0.0806 0.0000
184      184   (0)      2  : 0.0000 0.0000 0.0000 0.6672 0.0354 0.0000 0.0108 0.0000 0.0000 0.2867
185      185   (0)      2  : 0.6419 0.0000 0.0000 0.0099 0.0392 0.0000 0.3088 0.0000 0.0000 0.0003
186      186   (0)      2  : 0.0000 0.0000 0.0000 0.2536 0.4749 0.0000 0.0000 0.0000 0.0000 0.2714
187      187   (0)      1  : 0.0000 0.0000 0.0712 0.4789 0.0474 0.0000 0.0000 0.0000 0.0000 0.4026
188      188   (0)      1  : 0.2945 0.2006 0.3942 0.0000 0.0000 0.0553 0.0000 0.0097 0.0000 0.0457
189      189   (0)      1  : 0.0000 0.1115 0.3072 0.0000 0.0493 0.0000 0.0000 0.0000 0.1202 0.4118
190      190   (0)      1  : 0.4196 0.0000 0.5544 0.0076 0.0000 0.0000 0.0000 0.0000 0.0000 0.0183
191      191   (0)      1  : 0.0000 0.0000 0.2001 0.6663 0.0000 0.0000 0.0000 0.0000 0.0525 0.0811
192      192   (0)      1  : 0.3112 0.0000 0.5514 0.0000 0.0189 0.0000 0.0000 0.0000 0.0103 0.1083
193      193   (0)      1  : 0.3236 0.0000 0.5876 0.0000 0.0000 0.0000 0.0000 0.0000 0.0888 0.0000
194      194   (0)      1  : 0.0000 0.0636 0.4344 0.3960 0.0000 0.0268 0.0000 0.0000 0.0651 0.0141
195      195   (0)      2  : 0.3329 0.0000 0.2347 0.3964 0.0000 0.0000 0.0122 0.0000 0.0000 0.0239
196      196   (0)      2  : 0.0000 0.2672 0.0735 0.3288 0.0300 0.0000 0.0000 0.0000 0.0000 0.3005
197      197   (0)      2  : 0.3722 0.0000 0.2129 0.0000 0.0000 0.0388 0.1600 0.0055 0.2106 0.0000
198      198   (0)      2  : 0.4358 0.1153 0.2173 0.0761 0.0000 0.0000 0.0251 0.1056 0.0000 0.0248
199      199   (0)      2  : 0.6005 0.0038 0.1227 0.0000 0.0217 0.0103 0.1489 0.0000 0.0000 0.0920
200      200   (0)      2  : 0.0161 0.0000 0.0000 0.6734 0.0000 0.0000 0.1532 0.0000 0.0093 0.1480
201      201   (0)      2  : 0.1300 0.0000 0.0763 0.3845 0.3320 0.0000 0.0000 0.0000 0.0012 0.0760
202      202   (0)      2  : 0.6812 0.0596 0.1239 0.0000 0.0058 0.0000 0.0000 0.0248 0.1023 0.0026
203      203   (0)      2  : 0.7151 0.0000 0.1078 0.1207 0.0198 0.0000 0.0000 0.0000 0.0000 0.0366
204      204   (0)      2  : 0.7676 0.0159 0.0009 0.1070 0.0166 0.0000 0.0593 0.0083 0.0000 0.0243
205      205   (0)      2  : 0.6416 0.0000 0.0647 0.0000 0.0000 0.0000 0.0035 0.0000 0.2901 0.0000
206      206   (0)      2  : 0.4130 0.0460 0.0127 0.1165 0.0000 0.0067 0.0978 0.2441 0.0000 0.0631
207      207   (0)      2  : 0.3233 0.0000 0.0049 0.3305 0.0533 0.0000 0.1944 0.0269 0.0000 0.0666
208      208   (0)      9  : 0.0356 0.0000 0.0000 0.4610 0.0000 0.0000 0.0000 0.0000 0.4690 0.0344
209      209   (0)      9  : 0.0000 0.0168 0.0000 0.4909 0.0000 0.1410 0.0000 0.0000 0.3333 0.0180
210      210   (0)      9  : 0.2999 0.0624 0.0000 0.0281 0.0590 0.0061 0.0000 0.0000 0.0000 0.5444
211      211   (0)      9  : 0.0000 0.0624 0.0187 0.1885 0.0387 0.0167 0.0000 0.0000 0.3437 0.3312
212      212   (0)      9  : 0.0000 0.0069 0.0000 0.5449 0.0505 0.1379 0.0000 0.0000 0.0000 0.2598
213      213   (0)      9  : 0.5152 0.0831 0.0038 0.0000 0.0560 0.0039 0.0002 0.0000 0.0000 0.3378
214      214   (0)      9  : 0.1136 0.0000 0.0000 0.5687 0.2618 0.0060 0.0416 0.0000 0.0007 0.0077
215      215   (0)      9  : 0.1999 0.0000 0.0000 0.0000 0.0423 0.0000 0.0000 0.0000 0.5183 0.2395
216      216   (0)      9  : 0.0000 0.0000 0.0000 0.0000 0.2851 0.0000 0.0000 0.0000 0.0000 0.7149
217      217   (0)      9  : 0.8466 0.0000 0.0193 0.0067 0.0000 0.0153 0.0000 0.1122 0.0000 0.0000
218      218   (0)      9  : 0.0000 0.0505 0.0000 0.2573 0.3473 0.0000 0.0000 0.2613 0.0000 0.0836
219      219   (0)      9  : 0.7893 0.0000 0.0058 0.0430 0.0617 0.0000 0.0000 0.0000 0.0000 0.1002
220      220   (0)      9  : 0.0103 0.0000 0.0000 0.5030 0.0319 0.0000 0.0000 0.0000 0.1072 0.3476
221      221   (0)      9  : 0.6043 0.0000 0.0135 0.2609 0.0865 0.0000 0.0347 0.0000 0.0000 0.0000
222      222   (0)      9  : 0.1785 0.0000 0.0000 0.3538 0.0000 0.0000 0.0000 0.0000 0.4371 0.0305
223      223   (0)      9  : 0.0063 0.0000 0.0000 0.7690 0.0233 0.0000 0.0000 0.0955 0.0000 0.1059
224      224   (0)      9  : 0.6229 0.0000 0.0000 0.0000 0.1335 0.0146 0.0763 0.0000 0.0775 0.0751
225      225   (0)      9  : 0.9466 0.0440 0.0000 0.0000 0.0000 0.0000 0.0000 0.0000 0.0095 0.0000
226      226   (0)      9  : 0.0000 0.0000 0.0000 0.0000 0.0000 0.0000 0.0000 0.0000 1.0000 0.0000
227      227   (0)      9  : 0.1873 0.0000 0.0087 0.0000 0.1332 0.0000 0.0000 0.0000 0.0000 0.6709
228      228   (0)      9  : 0.5234 0.0000 0.0000 0.3322 0.0644 0.0000 0.0237 0.0000 0.0118 0.0445
229      229   (0)      9  : 0.3582 0.0000 0.0000 0.0000 0.0000 0.0000 0.0095 0.0000 0.6324 0.0000
230      230   (0)      9  : 0.6099 0.0000 0.0603 0.0000 0.1559 0.0000 0.0000 0.0000 0.0000 0.1739
231      231   (0)      9  : 0.0000 0.0000 0.0000 0.0000 0.0000 0.0000 0.0000 0.0000 1.0000 0.0000
232      232   (0)      9  : 0.0183 0.0000 0.0000 0.4300 0.0000 0.0000 0.0000 0.0000 0.5224 0.0293
233      233   (0)      9  : 0.0000 0.0000 0.0000 0.0000 0.0568 0.0000 0.0000 0.0000 0.5209 0.4224
234      234   (0)      9  : 0.6832 0.0000 0.0000 0.1635 0.0726 0.0000 0.0000 0.0000 0.0098 0.0709
235      235   (0)      9  : 0.4145 0.0000 0.0000 0.2753 0.0611 0.0000 0.0000 0.0000 0.0140 0.2351
236      236   (0)      9  : 0.0000 0.0000 0.0000 0.0000 0.0000 0.0000 0.0000 0.0000 1.0000 0.0000
237      237   (0)     10  : 0.0216 0.0122 0.1164 0.0000 0.0171 0.0162 0.0000 0.1360 0.4845 0.1960
238      238   (0)     10  : 0.6262 0.0000 0.1067 0.0322 0.0809 0.0000 0.0043 0.0000 0.0247 0.1250
239      239   (0)     10  : 0.9746 0.0000 0.0000 0.0000 0.0196 0.0000 0.0000 0.0000 0.0057 0.0000
240      240   (0)     10  : 0.0000 0.0000 0.0000 0.8528 0.0000 0.0000 0.0000 0.0000 0.0316 0.1156
241      241   (0)     10  : 0.0000 0.0000 0.0000 0.6169 0.0074 0.0051 0.0000 0.0000 0.3293 0.0413
242      242   (0)     10  : 0.4201 0.0000 0.0000 0.0069 0.0839 0.0023 0.2195 0.0000 0.2318 0.0355
243      243   (0)     10  : 0.5406 0.0000 0.0000 0.0000 0.0000 0.0000 0.0000 0.0000 0.4231 0.0363
244      244   (0)     10  : 0.0000 0.0000 0.1561 0.2851 0.0410 0.0000 0.0000 0.0000 0.0000 0.5179
245      245   (0)     10  : 0.0000 0.0000 0.0000 0.0131 0.0712 0.0000 0.0000 0.0000 0.4118 0.5039
246      246   (0)     10  : 0.0000 0.0000 0.0000 0.0000 0.0682 0.0000 0.0000 0.5281 0.0418 0.3619
247      247   (0)     10  : 0.0000 0.0000 0.0000 0.0000 0.0000 0.0000 0.0000 0.0000 0.9820 0.0180
248      248   (0)     10  : 0.0092 0.0000 0.0000 0.0000 0.0071 0.0000 0.0000 0.6087 0.2973 0.0777
249      249   (0)     10  : 0.4261 0.0000 0.2400 0.0000 0.1266 0.0045 0.0000 0.0217 0.1811 0.0000
250      250   (0)     10  : 0.0002 0.0297 0.1818 0.1100 0.0041 0.0027 0.0392 0.1389 0.4605 0.0327
251      251   (0)     10  : 0.0000 0.0000 0.5777 0.0000 0.0647 0.0000 0.0104 0.0000 0.0879 0.2593
252      252   (0)     10  : 0.0000 0.0000 0.0000 0.0274 0.0527 0.0000 0.0269 0.1199 0.7621 0.0111
253      253   (0)     10  : 0.2020 0.0000 0.0000 0.0000 0.0718 0.0000 0.0001 0.0000 0.1161 0.6100
254      254   (0)     10  : 0.0681 0.0000 0.0680 0.4291 0.0011 0.0000 0.0000 0.0000 0.1671 0.2666
255      255   (0)     10  : 0.0000 0.0146 0.3053 0.0000 0.2898 0.0022 0.1052 0.0000 0.2273 0.0557
256      256   (0)     10  : 0.0128 0.0000 0.3226 0.0000 0.0732 0.0114 0.0040 0.0676 0.0264 0.4820
257      257   (0)     10  : 0.0000 0.0847 0.0677 0.3909 0.0000 0.0024 0.0000 0.0000 0.4223 0.0319
258      258   (0)     10  : 0.0000 0.0000 0.0759 0.0000 0.0500 0.0000 0.0165 0.0539 0.4256 0.3782
259      259   (0)     10  : 0.0000 0.0000 0.0760 0.3075 0.0190 0.0000 0.0000 0.1301 0.2459 0.2215
260      260   (0)     10  : 0.5621 0.0000 0.0000 0.0000 0.0602 0.0000 0.0000 0.0093 0.0944 0.2740
261      261   (0)     10  : 0.0000 0.0000 0.0003 0.4597 0.0704 0.0000 0.0552 0.0000 0.0064 0.4081
262      262   (0)     10  : 0.0000 0.0000 0.0000 0.0000 0.0437 0.0000 0.0994 0.0000 0.5583 0.2986
263      263   (0)     10  : 0.0131 0.0000 0.2651 0.0000 0.2019 0.1939 0.0653 0.0000 0.2433 0.0174
264      264   (0)     11  : 0.0000 0.0000 0.0000 0.0000 0.5285 0.0000 0.0000 0.4715 0.0000 0.0000
265      265   (0)     11  : 0.2935 0.0000 0.0000 0.0000 0.7065 0.0000 0.0000 0.0000 0.0000 0.0000
266      266   (0)     11  : 0.0000 0.0901 0.0000 0.0000 0.4649 0.0000 0.0000 0.4450 0.0000 0.0000
267      267   (0)     11  : 0.0000 0.0506 0.0000 0.2702 0.3056 0.0000 0.0233 0.2604 0.0198 0.0702
268      268   (0)     11  : 0.0000 0.0901 0.0000 0.0000 0.8549 0.0000 0.0000 0.0464 0.0000 0.0086
269      269   (0)     11  : 0.0000 0.0000 0.0000 0.0000 0.6586 0.0000 0.0000 0.3414 0.0000 0.0000
270      270   (0)     11  : 0.0705 0.1650 0.0000 0.0000 0.5548 0.0000 0.1052 0.1045 0.0000 0.0000
271      271   (0)     11  : 0.0000 0.0000 0.0000 0.0000 1.0000 0.0000 0.0000 0.0000 0.0000 0.0000
272      272   (0)     11  : 0.0000 0.1000 0.0000 0.0000 0.7730 0.0000 0.0000 0.0379 0.0000 0.0891
273      273   (0)     12  : 0.7637 0.0141 0.0000 0.1655 0.0073 0.0033 0.0000 0.0277 0.0001 0.0182
274      274   (0)     12  : 0.2444 0.0000 0.0000 0.3320 0.0608 0.0000 0.0000 0.0629 0.2187 0.0812
275      275   (0)     12  : 0.3755 0.0000 0.0000 0.5189 0.0085 0.0000 0.0040 0.0000 0.0931 0.0000
276      276   (0)     12  : 0.0000 0.0000 0.0000 0.9230 0.0139 0.0000 0.0000 0.0000 0.0000 0.0631
277      277   (0)     12  : 0.2982 0.0000 0.0335 0.0000 0.1244 0.0000 0.0000 0.0000 0.0592 0.4848
278      278   (0)     12  : 0.2923 0.0605 0.0000 0.4269 0.0097 0.0000 0.0000 0.0000 0.1652 0.0453
279      279   (0)     12  : 0.0000 0.0053 0.0000 0.5981 0.0000 0.0000 0.0000 0.0000 0.3965 0.0000
280      280   (0)     12  : 0.1743 0.0052 0.0000 0.0000 0.0000 0.0000 0.0000 0.0000 0.8205 0.0000
281      281   (0)     12  : 0.1834 0.0000 0.0000 0.4677 0.0503 0.0891 0.0036 0.0000 0.1738 0.0321
282      282   (0)     12  : 0.0000 0.0000 0.0000 0.0000 0.0000 1.0000 0.0000 0.0000 0.0000 0.0000
283      283   (0)     12  : 0.6724 0.0000 0.0000 0.1970 0.0510 0.0000 0.0795 0.0000 0.0000 0.0000
284      284   (0)     12  : 0.0000 0.3042 0.0000 0.6454 0.0000 0.0030 0.0000 0.0095 0.0378 0.0000
285      285   (0)     12  : 0.0135 0.0000 0.0000 0.9531 0.0184 0.0000 0.0000 0.0000 0.0150 0.0000
286      286   (0)     12  : 0.0000 0.0000 0.0000 0.2147 0.7796 0.0000 0.0000 0.0000 0.0057 0.0000
287      287   (0)     12  : 0.4986 0.0000 0.0390 0.3089 0.0875 0.0000 0.0233 0.0000 0.0399 0.0029
288      288   (0)     12  : 0.1203 0.0000 0.0000 0.1780 0.0500 0.0000 0.0000 0.0000 0.0000 0.6516
289      289   (0)     12  : 0.6646 0.0000 0.0000 0.1502 0.1321 0.0000 0.0315 0.0000 0.0090 0.0126
290      290   (0)     12  : 0.0067 0.0406 0.0976 0.0525 0.4521 0.0000 0.0000 0.0174 0.3331 0.0000
291      291   (0)     12  : 0.3454 0.0674 0.0000 0.0998 0.0595 0.0023 0.1569 0.0103 0.1346 0.1238
292      292   (0)     12  : 0.6467 0.0000 0.0000 0.0353 0.0726 0.0000 0.0982 0.0000 0.0000 0.1472
293      293   (0)     12  : 0.1854 0.0000 0.0000 0.5307 0.0940 0.0000 0.0000 0.0000 0.0000 0.1899
294      294   (0)     12  : 0.0302 0.0000 0.0175 0.5569 0.0027 0.0000 0.0113 0.0000 0.0000 0.3814
295      295   (0)     12  : 0.3316 0.0000 0.0000 0.5592 0.0634 0.0000 0.0059 0.0000 0.0000 0.0398
296      296   (0)     12  : 0.3927 0.0000 0.0000 0.0681 0.4499 0.0000 0.0893 0.0000 0.0000 0.0000
297      297   (0)     12  : 0.1761 0.0000 0.0000 0.6910 0.1010 0.0000 0.0319 0.0000 0.0000 0.0000
298      298   (0)     12  : 0.0000 0.0000 0.0018 0.6530 0.0000 0.0962 0.0000 0.0000 0.2156 0.0333
299      299   (0)     12  : 0.0000 0.0000 0.0005 0.2346 0.0000 0.0418 0.0000 0.1368 0.5864 0.0000
300      300   (0)     12  : 0.0000 0.0000 0.0000 0.9123 0.0112 0.0000 0.0000 0.0000 0.0002 0.0762
