1        1   (0)      1  : 0.0000 0.0000 0.5264 0.3522 0.0000 0.0093 0.0000 0.1120
2        2   (0)      1  : 0.4493 0.0444 0.3568 0.0422 0.0095 0.0215 0.0764 0.0000
3        3   (0)      1  : 0.0955 0.0000 0.4677 0.2141 0.1638 0.0000 0.0589 0.0000
4        4   (0)      1  : 0.0140 0.0330 0.5801 0.0000 0.0000 0.1396 0.0748 0.1586
5        5   (0)      1  : 0.2898 0.0014 0.1164 0.3585 0.0000 0.1390 0.0367 0.0581
6        6   (0)      2  : 0.0000 0.0000 0.6996 0.0000 0.2014 0.0000 0.0990 0.0000
7        7   (0)      1  : 0.0145 0.0000 0.6438 0.0000 0.0000 0.0000 0.0000 0.3417
8        8   (0)      3  : 0.0000 0.4470 0.0000 0.2661 0.1440 0.0000 0.1429 0.0000
9        9   (0)      4  : 0.0000 0.0780 0.0000 0.0000 0.2089 0.7131 0.0000 0.0000
10       10   (0)      4  : 0.2973 0.3981 0.0637 0.0261 0.1245 0.0000 0.0000 0.0902
11       11   (0)      4  : 0.0000 0.2370 0.0208 0.3863 0.0866 0.1476 0.1216 0.0000
12       12   (0)      4  : 0.0000 0.0000 0.0000 0.0000 0.0000 1.0000 0.0000 0.0000
13       13   (0)      4  : 0.2001 0.5099 0.1898 0.0000 0.0000 0.0167 0.0834 0.0000
14       14   (0)      5  : 0.2235 0.2635 0.0821 0.2676 0.0735 0.0000 0.0611 0.0287
15       15   (0)      4  : 0.0000 0.4019 0.0000 0.3154 0.1132 0.0166 0.1529 0.0000
16       16   (0)      5  : 0.2400 0.4147 0.1841 0.0190 0.0002 0.0000 0.1400 0.0020
17       17   (0)      5  : 0.2711 0.5779 0.0000 0.0000 0.1166 0.0000 0.0343 0.0000
18       18   (0)      5  : 0.0000 0.5395 0.0000 0.0914 0.2751 0.0000 0.0939 0.0000
19       19   (0)      5  : 0.1107 0.7536 0.0000 0.0000 0.0245 0.0000 0.0511 0.0602
20       20   (0)      5  : 0.0000 0.3156 0.0000 0.4384 0.0081 0.0464 0.0508 0.1406
21       21   (0)      5  : 0.0000 0.5998 0.0000 0.3187 0.0235 0.0000 0.0580 0.0000
22       22   (0)      5  : 0.1479 0.2961 0.0119 0.1141 0.1565 0.0814 0.1921 0.0000
23       23   (0)      5  : 0.0000 0.5819 0.0000 0.2972 0.0133 0.0597 0.0000 0.0478
24       24   (0)      5  : 0.0754 0.5746 0.0042 0.0000 0.1982 0.0000 0.1477 0.0000
25       25   (0)      5  : 0.0000 0.4721 0.0000 0.4245 0.0000 0.0411 0.0623 0.0000
26       26   (0)      5  : 0.0050 0.7676 0.0000 0.0000 0.0089 0.1274 0.0910 0.0000
27       27   (0)      5  : 0.5709 0.3100 0.0000 0.0000 0.0013 0.0000 0.0722 0.0455
28       28   (0)      5  : 0.2571 0.3138 0.0000 0.1226 0.1085 0.0000 0.1981 0.0000
29       29   (0)      5  : 0.0181 0.4766 0.0000 0.2024 0.0412 0.0837 0.1719 0.0060
30       30   (0)      5  : 0.2547 0.1965 0.0000 0.5122 0.0067 0.0047 0.0253 0.0000
31       31   (0)      5  : 0.1232 0.2965 0.0000 0.4770 0.0000 0.0000 0.1033 0.0000
32       32   (0)      5  : 0.4595 0.3434 0.0007 0.0625 0.0832 0.0000 0.0494 0.0013
33       33   (0)      5  : 0.1075 0.7597 0.0000 0.0000 0.0220 0.0012 0.1095 0.0000
34       34   (0)      5  : 0.1844 0.4045 0.0000 0.0838 0.0000 0.0000 0.3274 0.0000
35       35   (0)      5  : 0.0000 0.6178 0.0076 0.0323 0.0274 0.0364 0.1124 0.1660
36       36   (0)      5  : 0.0520 0.2397 0.0000 0.0193 0.0000 0.2923 0.2388 0.1580
37       37   (0)      5  : 0.3367 0.3992 0.0000 0.0098 0.0000 0.0603 0.1941 0.0000
38       38   (0)      5  : 0.0000 0.4291 0.0000 0.2700 0.0000 0.0371 0.1080 0.1558
39       39   (0)      5  : 0.5367 0.4318 0.0000 0.0000 0.0315 0.0000 0.0000 0.0000
40       40   (0)      5  : 0.0000 0.2936 0.0102 0.1475 0.0714 0.0628 0.1287 0.2857
41       41   (0)      4  : 0.0000 0.4956 0.0000 0.0000 0.0051 0.4993 0.0000 0.0000
42       42   (0)      4  : 0.2678 0.0742 0.0000 0.0881 0.1517 0.0845 0.3328 0.0009
43       43   (0)      4  : 0.0000 0.2563 0.0000 0.5734 0.0906 0.0000 0.0796 0.0000
44       44   (0)      4  : 0.4750 0.2556 0.0088 0.0000 0.0266 0.1250 0.0801 0.0290
45       45   (0)      5  : 0.2196 0.0993 0.0319 0.2853 0.0348 0.1259 0.2032 0.0000
46       46   (0)      4  : 0.0000 0.3533 0.0000 0.3884 0.2583 0.0000 0.0000 0.0000
47       47   (0)      4  : 0.0804 0.3578 0.2109 0.0049 0.0309 0.0000 0.1198 0.1953
48       48   (0)      4  : 0.1019 0.4639 0.0993 0.0000 0.0274 0.1464 0.0590 0.1020
49       49   (0)      4  : 0.0447 0.5608 0.0298 0.0055 0.0001 0.1854 0.1737 0.0000
50       50   (0)      5  : 0.2621 0.1257 0.0556 0.1329 0.0015 0.1405 0.2576 0.0240
51       51   (0)      4  : 0.3964 0.1752 0.0294 0.1988 0.0217 0.0086 0.1699 0.0000
52       52   (0)      5  : 0.0317 0.2293 0.0690 0.1894 0.1586 0.0000 0.3011 0.0209
53       53   (0)      6  : 0.0000 0.0051 0.8127 0.0000 0.0018 0.0286 0.0000 0.1519
54       54   (0)      6  : 0.1041 0.3315 0.1535 0.3625 0.0152 0.0000 0.0146 0.0186
55       55   (0)      6  : 0.0000 0.0000 0.0000 0.0000 0.0000 1.0000 0.0000 0.0000
56       56   (0)      6  : 0.0000 0.0000 0.6542 0.3458 0.0000 0.0000 0.0000 0.0000
57       57   (0)      6  : 0.0260 0.0725 0.3842 0.4085 0.0000 0.0000 0.0059 0.1028
58       58   (0)      6  : 0.1880 0.1057 0.1797 0.4247 0.0145 0.0000 0.0875 0.0000
59       59   (0)      6  : 0.0000 0.0962 0.0698 0.6036 0.0000 0.0151 0.0314 0.1838
60       60   (0)      6  : 0.0342 0.1989 0.3173 0.3933 0.0000 0.0000 0.0118 0.0445
61       61   (0)      7  : 0.2831 0.2833 0.0430 0.0000 0.0000 0.0134 0.1730 0.2043
62       62   (0)      7  : 0.4116 0.1518 0.0466 0.0053 0.1333 0.0000 0.2513 0.0000
63       63   (0)      7  : 0.1530 0.2023 0.1319 0.1756 0.0137 0.0731 0.2503 0.0000
64       64   (0)      7  : 0.1212 0.2409 0.1980 0.0000 0.0026 0.0000 0.2130 0.2243
65       65   (0)      7  : 0.0000 0.6066 0.0903 0.0000 0.0310 0.0000 0.1444 0.1278
66       66   (0)      7  : 0.0000 0.2089 0.2347 0.0235 0.0146 0.1713 0.1955 0.1514
67       67   (0)      7  : 0.0318 0.3435 0.1219 0.0000 0.2063 0.0000 0.1909 0.1055
68       68   (0)      7  : 0.6474 0.1755 0.0296 0.0000 0.0512 0.0000 0.0964 0.0000
69       69   (0)      7  : 0.0095 0.4733 0.2328 0.0434 0.0206 0.0000 0.0000 0.2205
70       70   (0)      7  : 0.0000 0.6216 0.1232 0.0000 0.0149 0.0492 0.1097 0.0812
71       71   (0)      7  : 0.3986 0.0564 0.0736 0.0195 0.0577 0.0606 0.1922 0.1414
72       72   (0)      7  : 0.4084 0.3981 0.1020 0.0000 0.0000 0.0000 0.0915 0.0000
73       73   (0)      7  : 0.0000 0.6834 0.2070 0.0000 0.0188 0.0029 0.0648 0.0232
74       74   (0)      7  : 0.0000 0.2380 0.0873 0.4560 0.0004 0.0000 0.0041 0.2141
75       75   (0)      7  : 0.3954 0.3792 0.0000 0.0020 0.0093 0.0418 0.1724 0.0000
76       76   (0)      7  : 0.3499 0.2511 0.0475 0.3412 0.0028 0.0000 0.0076 0.0000
77       77   (0)      7  : 0.2801 0.4695 0.1575 0.0000 0.0525 0.0000 0.0026 0.0378
78       78   (0)      7  : 0.1820 0.2584 0.1130 0.0000 0.0000 0.1473 0.2993 0.0000
79       79   (0)      7  : 0.2315 0.2068 0.0812 0.2315 0.0000 0.0042 0.2449 0.0000
80       80   (0)      7  : 0.0000 0.4617 0.2726 0.0000 0.0000 0.0120 0.2537 0.0000
81       81   (0)      7  : 0.0000 0.2983 0.1779 0.1289 0.0088 0.1053 0.1766 0.1041
82       82   (0)      7  : 0.0000 0.5587 0.0645 0.0000 0.0942 0.0962 0.1848 0.0016
83       83   (0)      7  : 0.0000 0.4707 0.0988 0.0000 0.0393 0.1397 0.2514 0.0000
84       84   (0)      7  : 0.0000 0.6327 0.1134 0.0000 0.0212 0.1300 0.1028 0.0000
85       85   (0)      6  : 0.3600 0.1195 0.3875 0.0000 0.0698 0.0055 0.0576 0.0000
86       86   (0)      6  : 0.1138 0.0973 0.3432 0.1192 0.0789 0.0640 0.1837 0.0000
87       87   (0)      6  : 0.0081 0.0219 0.1850 0.6598 0.0000 0.1252 0.0000 0.0000
88       88   (0)      6  : 0.4746 0.0211 0.4467 0.0136 0.0000 0.0000 0.0440 0.0000
89       89   (0)      6  : 0.0000 0.0068 0.4159 0.5574 0.0000 0.0149 0.0000 0.0050
90       90   (0)      6  : 0.2387 0.0910 0.3915 0.0951 0.0012 0.0876 0.0950 0.0000
91       91   (0)      6  : 0.2648 0.0145 0.3746 0.2646 0.0093 0.0000 0.0722 0.0000
92       92   (0)      6  : 0.0000 0.0000 0.5320 0.2687 0.0000 0.0000 0.0422 0.1571
93       93   (0)      7  : 0.0162 0.2868 0.1888 0.3223 0.0061 0.0000 0.0272 0.1525
94       94   (0)      7  : 0.0000 0.0000 0.0101 0.0000 0.0000 0.9899 0.0000 0.0000
95       95   (0)      6  : 0.0416 0.0000 0.5728 0.0499 0.0747 0.2053 0.0557 0.0000
96       96   (0)      6  : 0.0000 0.0000 1.0000 0.0000 0.0000 0.0000 0.0000 0.0000
97       97   (0)      6  : 0.0000 0.2756 0.6483 0.0000 0.0380 0.0109 0.0000 0.0272
98       98   (0)      6  : 0.0000 0.1501 0.5544 0.0097 0.1544 0.0264 0.0893 0.0158
99       99   (0)      6  : 0.0000 0.0000 0.4563 0.3601 0.1524 0.0000 0.0312 0.0000
100      100   (0)      6  : 0.1594 0.0000 0.5798 0.2468 0.0000 0.0000 0.0141 0.0000
101      101   (0)      6  : 0.0000 0.0649 0.7802 0.0000 0.0940 0.0130 0.0480 0.0000
102      102   (0)      6  : 0.0510 0.0000 0.6846 0.0000 0.1508 0.0000 0.1136 0.0000
103      103   (0)      8  : 0.0000 0.0811 0.0906 0.2543 0.0000 0.1432 0.3048 0.1260
104      104   (0)      8  : 0.1435 0.1290 0.0082 0.4151 0.0000 0.0068 0.2974 0.0000
105      105   (0)      8  : 0.0000 0.0561 0.0000 0.3771 0.0000 0.0879 0.1142 0.3647
106      106   (0)      8  : 0.4502 0.2835 0.0000 0.0229 0.0000 0.0036 0.2398 0.0000
107      107   (0)      8  : 0.3141 0.4013 0.0000 0.0000 0.0000 0.0730 0.2115 0.0000
108      108   (0)      8  : 0.0000 0.3744 0.0000 0.3675 0.0895 0.1135 0.0487 0.0064
109      109   (0)      8  : 0.0644 0.1105 0.0000 0.5270 0.0021 0.0612 0.2251 0.0097
110      110   (0)      8  : 0.0000 0.1146 0.0000 0.5809 0.0000 0.0274 0.2770 0.0000
111      111   (0)      8  : 0.2723 0.1121 0.0036 0.0716 0.0479 0.1496 0.3428 0.0000
112      112   (0)      8  : 0.1231 0.1691 0.0000 0.2630 0.0979 0.0000 0.3402 0.0068
113      113   (0)      8  : 0.2291 0.0961 0.0000 0.3963 0.0000 0.0528 0.1934 0.0323
114      114   (0)      8  : 0.0595 0.2942 0.0000 0.0435 0.2336 0.0101 0.3591 0.0000
115      115   (0)      8  : 0.0000 0.0000 0.0000 0.0000 0.0000 1.0000 0.0000 0.0000
116      116   (0)      8  : 0.0066 0.0389 0.0000 0.8647 0.0000 0.0000 0.0897 0.0000
117      117   (0)      8  : 0.2431 0.2232 0.0020 0.0000 0.0379 0.1477 0.1758 0.1701
118      118   (0)      8  : 0.3207 0.1531 0.0244 0.0066 0.0735 0.0118 0.3301 0.0798
119      119   (0)      8  : 0.5945 0.1928 0.0000 0.0068 0.0049 0.0000 0.1991 0.0018
120      120   (0)      8  : 0.5025 0.1508 0.0794 0.0000 0.0000 0.0380 0.2122 0.0171
121      121   (0)      8  : 0.2742 0.1232 0.0000 0.3186 0.0000 0.0312 0.2528 0.0000
122      122   (0)      8  : 0.0000 0.4137 0.0014 0.1367 0.1142 0.0004 0.1108 0.2229
123      123   (0)      8  : 0.2292 0.1508 0.1336 0.0211 0.0065 0.0000 0.1879 0.2711
124      124   (0)      8  : 0.0000 0.0000 0.0000 0.0000 0.0000 1.0000 0.0000 0.0000
125      125   (0)      8  : 0.3088 0.1247 0.0000 0.0191 0.2490 0.0335 0.2649 0.0000
126      126   (0)      3  : 0.0000 0.2876 0.0000 0.3079 0.0149 0.0672 0.1033 0.2190
127      127   (0)      3  : 0.0079 0.0355 0.0000 0.8517 0.0199 0.0000 0.0516 0.0334
128      128   (0)      3  : 0.4151 0.2293 0.0000 0.0709 0.0000 0.0202 0.2553 0.0092
129      129   (0)      3  : 0.2001 0.2328 0.0000 0.2852 0.0155 0.0000 0.0677 0.1987
130      130   (0)      3  : 0.0000 0.1923 0.0000 0.5537 0.0057 0.0098 0.2382 0.0003
131      131   (0)      3  : 0.2240 0.2714 0.0000 0.0000 0.0000 0.0212 0.2782 0.2053
132      132   (0)      3  : 0.2403 0.2402 0.0000 0.0873 0.0000 0.0889 0.3108 0.0325
133      133   (0)      3  : 0.1552 0.4371 0.0000 0.1902 0.0281 0.0000 0.1411 0.0484
134      134   (0)      3  : 0.0470 0.3601 0.0003 0.0083 0.0013 0.1406 0.1630 0.2795
135      135   (0)      3  : 0.0000 0.4285 0.0000 0.0000 0.0042 0.1981 0.1006 0.2687
136      136   (0)      3  : 0.2073 0.2254 0.0011 0.0374 0.0000 0.0752 0.2806 0.1729
137      137   (0)      3  : 0.2393 0.1236 0.0000 0.0426 0.0000 0.0792 0.3222 0.1931
138      138   (0)      3  : 0.2761 0.2428 0.0449 0.0014 0.0000 0.0000 0.3161 0.1187
139      139   (0)      3  : 0.3846 0.1417 0.0000 0.1086 0.0837 0.0249 0.2564 0.0003
140      140   (0)      3  : 0.0000 0.0919 0.0000 0.4421 0.0000 0.0783 0.1527 0.2350
141      141   (0)      3  : 0.3813 0.3504 0.0000 0.0000 0.0127 0.0000 0.0960 0.1596
142      142   (0)      3  : 0.2339 0.4568 0.0000 0.2310 0.0266 0.0000 0.0517 0.0000
143      143   (0)      3  : 0.3514 0.2559 0.0000 0.0000 0.0000 0.0103 0.3668 0.0156
144      144   (0)      3  : 0.0000 0.0862 0.0000 0.4357 0.0000 0.0772 0.1630 0.2380
145      145   (0)      3  : 0.2220 0.4311 0.0000 0.0693 0.1267 0.0000 0.1508 0.0000
146      146   (0)      3  : 0.4256 0.1839 0.0000 0.2482 0.0173 0.0000 0.0977 0.0273
147      147   (0)      3  : 0.3347 0.2322 0.0000 0.0026 0.0000 0.1240 0.2942 0.0123
148      148   (0)      3  : 0.3445 0.4191 0.0047 0.0000 0.0844 0.0227 0.0675 0.0571
149      149   (0)      3  : 0.5575 0.2365 0.0000 0.0045 0.0000 0.0147 0.1867 0.0000
150      150   (0)      3  : 0.2357 0.3763 0.0000 0.0000 0.1784 0.0000 0.2096 0.0000
151      151   (0)      3  : 0.4399 0.2961 0.0000 0.0000 0.0113 0.0414 0.2113 0.0000
152      152   (0)      3  : 0.0000 0.2906 0.0000 0.2086 0.0162 0.0138 0.0659 0.4048
153      153   (0)      8  : 0.0000 0.3349 0.0000 0.2655 0.2014 0.0000 0.1981 0.0001
154      154   (0)      8  : 0.0000 0.0373 0.0000 0.0000 0.0000 0.8682 0.0945 0.0000
155      155   (0)      8  : 0.3586 0.1402 0.0000 0.2998 0.0000 0.0186 0.1828 0.0000
156      156   (0)      8  : 0.2298 0.1434 0.1964 0.0000 0.1782 0.0812 0.1652 0.0058
157      157   (0)      8  : 0.0762 0.1380 0.0034 0.2592 0.0749 0.0147 0.2409 0.1928
158      158   (0)      8  : 0.0138 0.2591 0.0021 0.1646 0.0374 0.0249 0.1598 0.3384
159      159   (0)      8  : 0.0225 0.1723 0.0000 0.0922 0.1000 0.0718 0.2494 0.2918
160      160   (0)      1  : 0.4798 0.0211 0.2859 0.0000 0.0000 0.0000 0.0444 0.1688
161      161   (0)      1  : 0.2373 0.0000 0.2074 0.3283 0.1413 0.0000 0.0856 0.0000
162      162   (0)      1  : 0.5292 0.0005 0.1589 0.0000 0.0152 0.0000 0.0381 0.2581
163      163   (0)      1  : 0.1022 0.0000 0.4022 0.3601 0.0072 0.0094 0.0000 0.1189
164      164   (0)      1  : 0.7367 0.0000 0.1991 0.0425 0.0216 0.0000 0.0000 0.0000
165      165   (0)      1  : 0.2209 0.0351 0.2246 0.2301 0.0000 0.0148 0.2254 0.0490
166      166   (0)      1  : 0.5139 0.0000 0.3116 0.0129 0.0000 0.0000 0.0000 0.1616
167      167   (0)      1  : 0.8261 0.0000 0.0414 0.1117 0.0054 0.0000 0.0153 0.0000
168      168   (0)      2  : 0.1443 0.0000 0.0336 0.6474 0.1747 0.0000 0.0000 0.0000
169      169   (0)      2  : 0.6143 0.1448 0.0759 0.0000 0.0000 0.0000 0.1649 0.0000
170      170   (0)      2  : 0.5708 0.1077 0.0911 0.0561 0.0021 0.0029 0.1214 0.0478
171      171   (0)      2  : 0.0000 0.2544 0.0000 0.4797 0.1616 0.0000 0.0955 0.0089
172      172   (0)      2  : 0.7426 0.0031 0.0000 0.1749 0.0018 0.0500 0.0277 0.0000
173      173   (0)      2  : 0.0000 0.0748 0.0083 0.7538 0.0021 0.0127 0.1043 0.0441
174      174   (0)      2  : 0.4125 0.0000 0.3667 0.1659 0.0507 0.0000 0.0041 0.0000
175      175   (0)      2  : 0.1520 0.1700 0.0177 0.0744 0.5664 0.0000 0.0000 0.0196
176      176   (0)      1  : 0.2614 0.0607 0.0922 0.4381 0.0047 0.0000 0.0377 0.1052
177      177   (0)      1  : 0.1713 0.0000 0.4860 0.0000 0.1016 0.0000 0.0884 0.1527
178      178   (0)      1  : 0.0000 0.0328 0.3474 0.3739 0.0123 0.0416 0.0501 0.1420
179      179   (0)      1  : 0.1441 0.0000 0.6033 0.1227 0.0070 0.0000 0.0000 0.1230
180      180   (0)      1  : 0.0000 0.0000 0.5048 0.4270 0.0667 0.0000 0.0016 0.0000
181      181   (0)      1  : 0.0044 0.0000 0.9504 0.0000 0.0253 0.0000 0.0199 0.0000
182      182   (0)      2  : 0.0000 0.0024 0.2315 0.4413 0.1770 0.0000 0.0662 0.0815
183      183   (0)      2  : 0.6450 0.0971 0.1321 0.0129 0.0006 0.0139 0.0520 0.0464
184      184   (0)      2  : 0.0000 0.0000 0.0000 0.8045 0.1563 0.0000 0.0393 0.0000
185      185   (0)      2  : 0.8543 0.0542 0.0000 0.0046 0.0471 0.0000 0.0398 0.0000
186      186   (0)      2  : 0.0000 0.0000 0.0000 0.3297 0.6123 0.0000 0.0580 0.0000
187      187   (0)      1  : 0.0000 0.0000 0.1009 0.5478 0.2688 0.0000 0.0825 0.0000
188      188   (0)      1  : 0.2946 0.0741 0.3838 0.0000 0.0046 0.0979 0.1450 0.0000
189      189   (0)      1  : 0.0000 0.0237 0.3087 0.0407 0.2067 0.0142 0.1612 0.2447
190      190   (0)      1  : 0.4312 0.0000 0.5614 0.0000 0.0000 0.0000 0.0074 0.0000
191      191   (0)      1  : 0.0000 0.0000 0.1777 0.6673 0.0223 0.0000 0.0062 0.1265
192      192   (0)      1  : 0.2738 0.0000 0.5546 0.0000 0.0471 0.0000 0.0416 0.0828
193      193   (0)      1  : 0.2266 0.0000 0.5804 0.0000 0.0000 0.0000 0.0000 0.1930
194      194   (0)      1  : 0.0000 0.0002 0.4052 0.4067 0.0067 0.0636 0.0074 0.1101
195      195   (0)      2  : 0.3460 0.0000 0.2331 0.3968 0.0127 0.0000 0.0013 0.0100
196      196   (0)      2  : 0.0000 0.1185 0.0856 0.4380 0.1574 0.0000 0.2005 0.0000
197      197   (0)      2  : 0.4223 0.0347 0.2392 0.0000 0.0024 0.0269 0.0748 0.1997
198      198   (0)      2  : 0.3745 0.1266 0.2327 0.1357 0.0010 0.0000 0.1294 0.0000
199      199   (0)      2  : 0.6683 0.0073 0.1293 0.0000 0.0376 0.0066 0.1508 0.0000
200      200   (0)      2  : 0.0716 0.0315 0.0051 0.8432 0.0144 0.0000 0.0000 0.0342
201      201   (0)      2  : 0.1330 0.0728 0.0749 0.4683 0.2494 0.0000 0.0000 0.0016
202      202   (0)      2  : 0.6109 0.0165 0.1095 0.0000 0.0121 0.0000 0.1160 0.1350
203      203   (0)      2  : 0.7191 0.0000 0.1056 0.1480 0.0254 0.0000 0.0020 0.0000
204      204   (0)      2  : 0.7477 0.0358 0.0004 0.1301 0.0239 0.0000 0.0620 0.0000
205      205   (0)      2  : 0.6639 0.0000 0.0658 0.0012 0.0000 0.0000 0.0087 0.2603
206      206   (0)      2  : 0.4603 0.1524 0.0322 0.1660 0.0059 0.0669 0.1163 0.0000
207      207   (0)      2  : 0.4536 0.0592 0.0211 0.4100 0.0238 0.0051 0.0272 0.0000
208      208   (0)      9  : 0.0984 0.0000 0.0000 0.4393 0.0129 0.0000 0.0000 0.4494
209      209   (0)      9  : 0.0004 0.0000 0.0000 0.3867 0.0184 0.1226 0.0086 0.4633
210      210   (0)      9  : 0.4648 0.0059 0.0000 0.0000 0.2955 0.0224 0.2114 0.0000
211      211   (0)      9  : 0.0000 0.0000 0.0287 0.1797 0.2297 0.0305 0.1126 0.4188
212      212   (0)      9  : 0.0141 0.0000 0.0000 0.5248 0.2703 0.1261 0.0543 0.0104
213      213   (0)      9  : 0.5681 0.0317 0.0062 0.0000 0.2208 0.0081 0.1651 0.0000
214      214   (0)      9  : 0.2444 0.0006 0.0000 0.4489 0.2697 0.0355 0.0000 0.0009
215      215   (0)      9  : 0.2139 0.0000 0.0000 0.0000 0.1421 0.0000 0.0701 0.5739
216      216   (0)      9  : 0.0000 0.0000 0.0000 0.0139 0.8571 0.0000 0.1290 0.0000
217      217   (0)      9  : 0.8665 0.0010 0.0026 0.0000 0.0072 0.0812 0.0344 0.0070
218      218   (0)      9  : 0.0000 0.1752 0.0000 0.2443 0.4074 0.0728 0.1003 0.0000
219      219   (0)      9  : 0.8648 0.0000 0.0000 0.0005 0.1142 0.0000 0.0206 0.0000
220      220   (0)      9  : 0.0642 0.0000 0.0000 0.5600 0.1738 0.0000 0.0677 0.1344
221      221   (0)      9  : 0.6609 0.0194 0.0087 0.2367 0.0714 0.0000 0.0000 0.0028
222      222   (0)      9  : 0.2139 0.0000 0.0000 0.3435 0.0000 0.0000 0.0000 0.4426
223      223   (0)      9  : 0.0071 0.0116 0.0000 0.7555 0.1158 0.0067 0.0541 0.0493
224      224   (0)      9  : 0.7306 0.0246 0.0000 0.0000 0.1302 0.0149 0.0258 0.0738
225      225   (0)      9  : 0.9158 0.0190 0.0000 0.0000 0.0051 0.0000 0.0490 0.0111
226      226   (0)      9  : 0.1182 0.0017 0.0147 0.0000 0.0091 0.0000 0.0000 0.8563
227      227   (0)      9  : 0.3558 0.0000 0.0175 0.0000 0.4715 0.0000 0.1553 0.0000
228      228   (0)      9  : 0.6424 0.0000 0.0000 0.2461 0.0928 0.0000 0.0126 0.0061
229      229   (0)      9  : 0.4985 0.0167 0.0000 0.0000 0.0062 0.0000 0.0000 0.4785
230      230   (0)      9  : 0.6929 0.0000 0.0610 0.0000 0.2050 0.0000 0.0402 0.0009
231      231   (0)      9  : 0.1234 0.0000 0.0025 0.0000 0.0000 0.0000 0.0000 0.8740
232      232   (0)      9  : 0.1472 0.0000 0.0000 0.4621 0.0083 0.0000 0.0000 0.3824
233      233   (0)      9  : 0.0363 0.0000 0.0000 0.0000 0.2623 0.0000 0.0962 0.6053
234      234   (0)      9  : 0.8134 0.0000 0.0000 0.0404 0.1219 0.0000 0.0170 0.0072
235      235   (0)      9  : 0.4484 0.0000 0.0000 0.2513 0.1963 0.0000 0.0584 0.0455
236      236   (0)      9  : 0.1065 0.0000 0.0084 0.0000 0.0073 0.0000 0.0000 0.8778
237      237   (0)     10  : 0.0117 0.0060 0.1308 0.0027 0.0515 0.0564 0.1161 0.6249
238      238   (0)     10  : 0.6960 0.0000 0.1023 0.0061 0.1477 0.0000 0.0242 0.0237
239      239   (0)     10  : 0.9638 0.0000 0.0000 0.0000 0.0339 0.0000 0.0000 0.0023
240      240   (0)     10  : 0.0173 0.0000 0.0000 0.8621 0.0293 0.0000 0.0092 0.0820
241      241   (0)     10  : 0.0131 0.0000 0.0000 0.6000 0.0636 0.0000 0.0000 0.3233
242      242   (0)     10  : 0.6079 0.0525 0.0037 0.0073 0.0956 0.0126 0.0142 0.2062
243      243   (0)     10  : 0.7211 0.0000 0.0012 0.0000 0.0166 0.0000 0.0058 0.2554
244      244   (0)     10  : 0.0000 0.0000 0.2368 0.3430 0.3710 0.0000 0.0491 0.0000
245      245   (0)     10  : 0.0300 0.0000 0.0082 0.0083 0.3246 0.0000 0.1170 0.5120
246      246   (0)     10  : 0.0000 0.0635 0.0000 0.0000 0.2940 0.1491 0.3213 0.1722
247      247   (0)     10  : 0.0845 0.0000 0.0161 0.0000 0.0058 0.0000 0.0419 0.8518
248      248   (0)     10  : 0.0749 0.0815 0.0000 0.0000 0.0247 0.1263 0.2459 0.4467
249      249   (0)     10  : 0.4898 0.0041 0.2615 0.0000 0.0466 0.0237 0.0135 0.1606
250      250   (0)     10  : 0.0206 0.0760 0.2179 0.1312 0.0121 0.0060 0.0810 0.4553
251      251   (0)     10  : 0.0000 0.0000 0.6148 0.0000 0.2044 0.0000 0.0577 0.1231
252      252   (0)     10  : 0.0486 0.0549 0.0000 0.0250 0.0453 0.0261 0.0530 0.7470
253      253   (0)     10  : 0.2754 0.0000 0.0041 0.0000 0.2775 0.0000 0.1560 0.2870
254      254   (0)     10  : 0.2085 0.0000 0.0890 0.3730 0.1078 0.0000 0.0414 0.1803
255      255   (0)     10  : 0.0000 0.1539 0.3292 0.0000 0.2578 0.0038 0.0197 0.2355
256      256   (0)     10  : 0.0233 0.0029 0.3744 0.0000 0.2912 0.0143 0.1910 0.1029
257      257   (0)     10  : 0.0000 0.0072 0.0380 0.3427 0.0124 0.0324 0.0238 0.5435
258      258   (0)     10  : 0.0000 0.0000 0.1528 0.0000 0.1828 0.0000 0.1126 0.5519
259      259   (0)     10  : 0.0000 0.0176 0.0821 0.2629 0.1062 0.0336 0.0741 0.4235
260      260   (0)     10  : 0.5893 0.0000 0.0000 0.0000 0.2089 0.0041 0.0745 0.1233
261      261   (0)     10  : 0.0000 0.0000 0.0291 0.6298 0.2498 0.0000 0.0709 0.0204
262      262   (0)     10  : 0.0653 0.0025 0.0504 0.0000 0.1604 0.0000 0.1109 0.6105
263      263   (0)     10  : 0.0950 0.0437 0.2971 0.0000 0.1548 0.1940 0.0212 0.1942
264      264   (0)     11  : 0.0000 0.2945 0.0000 0.0000 0.4047 0.0874 0.2135 0.0000
265      265   (0)     11  : 0.3944 0.0177 0.0000 0.0000 0.5879 0.0000 0.0000 0.0000
266      266   (0)     11  : 0.0000 0.4139 0.0000 0.0000 0.2894 0.0197 0.2770 0.0000
267      267   (0)     11  : 0.0000 0.2413 0.0000 0.3780 0.1885 0.0095 0.1723 0.0104
268      268   (0)     11  : 0.0000 0.3245 0.0000 0.0000 0.6616 0.0000 0.0139 0.0000
269      269   (0)     11  : 0.0000 0.2038 0.0000 0.0000 0.4891 0.1212 0.1859 0.0000
270      270   (0)     11  : 0.1297 0.4866 0.0000 0.0000 0.3480 0.0000 0.0356 0.0000
271      271   (0)     11  : 0.0000 0.1243 0.0000 0.0078 0.8679 0.0000 0.0000 0.0000
272      272   (0)     11  : 0.0000 0.2930 0.0000 0.0000 0.6855 0.0000 0.0215 0.0000
273      273   (0)     12  : 0.6857 0.0072 0.0000 0.2100 0.0170 0.0040 0.0692 0.0071
274      274   (0)     12  : 0.0315 0.0108 0.0000 0.4811 0.0239 0.0000 0.0356 0.4171
275      275   (0)     12  : 0.4732 0.0000 0.0000 0.4516 0.0266 0.0000 0.0000 0.0486
276      276   (0)     12  : 0.0000 0.0000 0.0000 0.9483 0.0517 0.0000 0.0000 0.0000
277      277   (0)     12  : 0.4300 0.0000 0.0777 0.0000 0.2799 0.0000 0.1200 0.0925
278      278   (0)     12  : 0.2771 0.0111 0.0000 0.4365 0.0387 0.0000 0.0401 0.1964
279      279   (0)     12  : 0.0279 0.0000 0.0000 0.4961 0.0088 0.0000 0.0044 0.4628
280      280   (0)     12  : 0.3352 0.0000 0.0000 0.0000 0.0000 0.0000 0.0058 0.6589
281      281   (0)     12  : 0.2503 0.0000 0.0012 0.4448 0.0632 0.0891 0.0000 0.1514
282      282   (0)     12  : 0.0000 0.0000 0.0000 0.0000 0.0000 1.0000 0.0000 0.0000
283      283   (0)     12  : 0.7147 0.0134 0.0000 0.1754 0.0343 0.0000 0.0621 0.0000
284      284   (0)     12  : 0.0000 0.1015 0.0000 0.5880 0.0293 0.0370 0.1306 0.1136
285      285   (0)     12  : 0.0332 0.0000 0.0000 0.8828 0.0383 0.0000 0.0000 0.0457
286      286   (0)     12  : 0.0000 0.0000 0.0000 0.2583 0.7381 0.0000 0.0000 0.0036
287      287   (0)     12  : 0.5944 0.0003 0.0312 0.2312 0.1019 0.0010 0.0000 0.0400
288      288   (0)     12  : 0.3409 0.0000 0.0000 0.2325 0.3010 0.0000 0.1255 0.0000
289      289   (0)     12  : 0.8206 0.0000 0.0000 0.0306 0.1488 0.0000 0.0000 0.0000
290      290   (0)     12  : 0.0000 0.0697 0.0780 0.0000 0.4694 0.0000 0.0398 0.3432
291      291   (0)     12  : 0.4720 0.1094 0.0000 0.0695 0.1356 0.0011 0.0786 0.1338
292      292   (0)     12  : 0.7948 0.0000 0.0000 0.0000 0.1620 0.0000 0.0433 0.0000
293      293   (0)     12  : 0.2702 0.0000 0.0000 0.4097 0.2726 0.0000 0.0475 0.0000
294      294   (0)     12  : 0.2539 0.0000 0.0685 0.4297 0.1980 0.0000 0.0499 0.0000
295      295   (0)     12  : 0.3814 0.0000 0.0000 0.4954 0.1189 0.0000 0.0042 0.0000
296      296   (0)     12  : 0.5592 0.1127 0.0000 0.0000 0.3281 0.0000 0.0000 0.0000
297      297   (0)     12  : 0.2917 0.0000 0.0000 0.6092 0.0991 0.0000 0.0000 0.0000
298      298   (0)     12  : 0.0000 0.0000 0.0028 0.4752 0.0780 0.0705 0.0020 0.3714
299      299   (0)     12  : 0.0488 0.0127 0.0035 0.1832 0.0111 0.1044 0.0490 0.5872
300      300   (0)     12  : 0.0000 0.0000 0.0000 0.9445 0.0365 0.0000 0.0000 0.0190
