1        1   (0)      1  : 0.0083 0.0159 0.0000 0.4457 0.4843 0.0000 0.0000 0.0048 0.0106 0.0000 0.0304
2        2   (0)      1  : 0.2746 0.0018 0.0122 0.3248 0.0227 0.0000 0.0655 0.0007 0.1318 0.0966 0.0691
3        3   (0)      1  : 0.0000 0.0995 0.0000 0.0000 0.0006 0.6718 0.0000 0.2246 0.0000 0.0034 0.0000
4        4   (0)      1  : 0.0494 0.0000 0.0000 0.4217 0.0399 0.0000 0.2860 0.0000 0.0000 0.0000 0.2030
5        5   (0)      1  : 0.0264 0.0013 0.0000 0.6134 0.0000 0.0000 0.0000 0.0629 0.0000 0.2170 0.0790
6        6   (0)      1  : 0.1109 0.0000 0.0096 0.0543 0.3440 0.3499 0.0000 0.0426 0.0564 0.0000 0.0322
7        7   (0)      2  : 0.0000 0.0000 0.0000 0.5461 0.0000 0.0000 0.1644 0.0000 0.0000 0.0000 0.2895
8        8   (0)      1  : 0.1640 0.0079 0.0028 0.6075 0.0090 0.0000 0.0000 0.0000 0.0187 0.0000 0.1900
9        9   (0)      3  : 0.0000 0.0000 0.4246 0.0000 0.1671 0.0000 0.1588 0.0000 0.2408 0.0086 0.0000
10       10   (0)      4  : 0.0000 0.0000 0.1649 0.0000 0.0000 0.0000 0.0735 0.7447 0.0000 0.0169 0.0000
11       11   (0)      4  : 0.1997 0.0000 0.4757 0.0772 0.0601 0.0000 0.0480 0.0000 0.0688 0.0185 0.0519
12       12   (0)      4  : 0.0041 0.0013 0.0568 0.0804 0.1848 0.0629 0.1723 0.0159 0.1211 0.2978 0.0027
13       13   (0)      4  : 0.0000 0.0000 0.0000 0.0000 0.0000 0.0000 0.0000 1.0000 0.0000 0.0000 0.0000
14       14   (0)      4  : 0.0741 0.0000 0.4658 0.1808 0.0000 0.0040 0.0000 0.0455 0.2176 0.0000 0.0122
15       15   (0)      4  : 0.0000 0.0000 0.0120 0.0000 0.2411 0.7338 0.0000 0.0000 0.0094 0.0000 0.0036
16       16   (0)      5  : 0.1386 0.0000 0.3003 0.0507 0.2169 0.0014 0.0762 0.0000 0.0492 0.0211 0.1455
17       17   (0)      4  : 0.0000 0.0000 0.3469 0.0000 0.2006 0.0459 0.0941 0.0094 0.1931 0.0000 0.1101
18       18   (0)      5  : 0.0835 0.0000 0.3244 0.1995 0.0067 0.0000 0.0066 0.0014 0.3250 0.0000 0.0529
19       19   (0)      5  : 0.2026 0.0000 0.6266 0.0038 0.0000 0.0000 0.0738 0.0000 0.0749 0.0184 0.0000
20       20   (0)      5  : 0.0000 0.0000 0.5507 0.0000 0.0156 0.0000 0.2551 0.0000 0.0876 0.0092 0.0818
21       21   (0)      5  : 0.0789 0.0000 0.7609 0.0000 0.0000 0.0000 0.0095 0.0000 0.1408 0.0000 0.0098
22       22   (0)      5  : 0.0000 0.0022 0.2219 0.0006 0.5356 0.0000 0.0053 0.0072 0.0286 0.1800 0.0186
23       23   (0)      5  : 0.0000 0.0000 0.5576 0.0000 0.1756 0.0000 0.1218 0.0000 0.1358 0.0092 0.0000
24       24   (0)      5  : 0.0398 0.0016 0.2066 0.0043 0.1166 0.0000 0.1037 0.0117 0.0528 0.2986 0.1644
25       25   (0)      5  : 0.0000 0.0295 0.5502 0.0000 0.2282 0.0000 0.1030 0.0084 0.0720 0.0086 0.0000
26       26   (0)      5  : 0.0032 0.0000 0.6224 0.0066 0.0000 0.0000 0.1244 0.0000 0.0921 0.0264 0.1249
27       27   (0)      5  : 0.0000 0.0000 0.3668 0.0000 0.3434 0.0000 0.0014 0.0071 0.1453 0.1359 0.0000
28       28   (0)      5  : 0.0000 0.0000 0.6475 0.0000 0.0000 0.0000 0.0000 0.1073 0.1921 0.0530 0.0000
29       29   (0)      5  : 0.4133 0.0000 0.2961 0.0000 0.0000 0.0000 0.0000 0.0000 0.1809 0.0079 0.1019
30       30   (0)      5  : 0.0623 0.0000 0.3691 0.0039 0.0890 0.0000 0.1206 0.0000 0.1670 0.0203 0.1678
31       31   (0)      5  : 0.0000 0.0029 0.2666 0.0000 0.1574 0.0000 0.0262 0.0128 0.0179 0.5134 0.0027
32       32   (0)      5  : 0.1946 0.0000 0.2508 0.0000 0.4218 0.0000 0.0109 0.0000 0.0806 0.0103 0.0310
33       33   (0)      5  : 0.1144 0.0000 0.2498 0.0000 0.3516 0.0000 0.0206 0.0000 0.2340 0.0000 0.0296
34       34   (0)      5  : 0.3582 0.0000 0.3859 0.0023 0.0599 0.0000 0.0546 0.0000 0.0881 0.0000 0.0511
35       35   (0)      5  : 0.0017 0.0000 0.7509 0.0000 0.0000 0.0000 0.0198 0.0000 0.2231 0.0000 0.0044
36       36   (0)      5  : 0.0290 0.0110 0.3439 0.0000 0.0643 0.0000 0.0145 0.0008 0.5088 0.0270 0.0009
37       37   (0)      5  : 0.0000 0.0000 0.5797 0.0131 0.0433 0.0000 0.0254 0.0512 0.2254 0.0050 0.0568
38       38   (0)      5  : 0.0022 0.0000 0.2956 0.0000 0.0282 0.0000 0.0000 0.2364 0.3825 0.0035 0.0516
39       39   (0)      5  : 0.2369 0.0000 0.2719 0.0000 0.0164 0.0000 0.0000 0.0122 0.2043 0.2477 0.0107
40       40   (0)      5  : 0.0000 0.0000 0.2892 0.0000 0.3192 0.0000 0.0000 0.0056 0.1947 0.1673 0.0242
41       41   (0)      5  : 0.3798 0.0000 0.5090 0.0000 0.0000 0.0000 0.0446 0.0000 0.0573 0.0017 0.0076
42       42   (0)      5  : 0.0000 0.0000 0.0000 0.0016 0.0000 0.9371 0.0329 0.0000 0.0000 0.0000 0.0285
43       43   (0)      5  : 0.0000 0.0006 0.2102 0.0066 0.2533 0.0000 0.0762 0.0098 0.0818 0.2089 0.1527
44       44   (0)      4  : 0.0000 0.0000 0.4622 0.0000 0.0000 0.0000 0.0016 0.4713 0.0649 0.0000 0.0000
45       45   (0)      4  : 0.0695 0.0003 0.0536 0.0001 0.0661 0.0073 0.1275 0.0135 0.1356 0.2435 0.2829
46       46   (0)      4  : 0.0000 0.0000 0.2559 0.0000 0.4623 0.0308 0.0542 0.0000 0.0978 0.0000 0.0991
47       47   (0)      4  : 0.3602 0.0000 0.3173 0.0036 0.0000 0.0000 0.0070 0.1386 0.1313 0.0003 0.0418
48       48   (0)      5  : 0.1243 0.0010 0.0443 0.0050 0.3320 0.0095 0.0158 0.0679 0.0877 0.2360 0.0765
49       49   (0)      4  : 0.0000 0.0000 0.3664 0.0000 0.0998 0.0000 0.4746 0.0000 0.0383 0.0210 0.0000
50       50   (0)      4  : 0.0000 0.0000 0.0012 0.0000 0.0862 0.8648 0.0313 0.0000 0.0000 0.0000 0.0165
51       51   (0)      4  : 0.1140 0.0452 0.3910 0.1441 0.0428 0.0008 0.0117 0.0000 0.0611 0.1267 0.0627
52       52   (0)      4  : 0.0000 0.0767 0.0022 0.0000 0.0026 0.7884 0.1096 0.0000 0.0062 0.0077 0.0066
53       53   (0)      4  : 0.1134 0.0000 0.5068 0.0736 0.0000 0.0000 0.0236 0.1398 0.0954 0.0171 0.0304
54       54   (0)      4  : 0.0000 0.0000 0.0290 0.0000 0.0000 0.9600 0.0000 0.0000 0.0075 0.0000 0.0035
55       55   (0)      4  : 0.0467 0.0000 0.0422 0.0000 0.0062 0.7624 0.0000 0.0000 0.1424 0.0000 0.0000
56       56   (0)      4  : 0.0000 0.0000 0.4830 0.0044 0.0000 0.0000 0.0066 0.1981 0.3053 0.0000 0.0026
57       57   (0)      5  : 0.1786 0.0029 0.0583 0.0060 0.1826 0.0000 0.0014 0.0186 0.1148 0.3642 0.0728
58       58   (0)      4  : 0.0622 0.1004 0.0408 0.0003 0.2518 0.4726 0.0000 0.0000 0.0462 0.0000 0.0256
59       59   (0)      4  : 0.0000 0.0000 0.0070 0.0000 0.0000 0.8382 0.0511 0.0431 0.0606 0.0000 0.0000
60       60   (0)      4  : 0.1912 0.0000 0.2483 0.0289 0.1656 0.0221 0.0107 0.0042 0.2255 0.0000 0.1034
61       61   (0)      5  : 0.0000 0.0000 0.1771 0.0235 0.0750 0.0000 0.1749 0.0027 0.2958 0.0024 0.2486
62       62   (0)      6  : 0.0000 0.0000 0.0018 0.0418 0.0821 0.6255 0.0000 0.1544 0.0772 0.0000 0.0171
63       63   (0)      6  : 0.0000 0.1549 0.0111 0.0053 0.0808 0.7041 0.0002 0.0000 0.0142 0.0000 0.0295
64       64   (0)      6  : 0.0000 0.0000 0.0300 0.8152 0.0000 0.0000 0.0000 0.0670 0.0080 0.0000 0.0799
65       65   (0)      6  : 0.1497 0.0000 0.3428 0.1509 0.2597 0.0000 0.0247 0.0000 0.0382 0.0148 0.0193
66       66   (0)      6  : 0.0000 0.0000 0.0000 0.0000 0.0000 0.0000 0.0000 1.0000 0.0000 0.0000 0.0000
67       67   (0)      6  : 0.0000 0.0000 0.0000 0.6393 0.2881 0.0000 0.0726 0.0000 0.0000 0.0000 0.0000
68       68   (0)      6  : 0.0157 0.0000 0.1090 0.3535 0.3960 0.0000 0.0000 0.0000 0.0528 0.0000 0.0731
69       69   (0)      6  : 0.1092 0.0000 0.1620 0.1503 0.4424 0.0063 0.0159 0.0000 0.0681 0.0000 0.0459
70       70   (0)      6  : 0.0000 0.0000 0.0640 0.1051 0.6958 0.0000 0.0390 0.0061 0.0802 0.0000 0.0098
71       71   (0)      6  : 0.0675 0.0000 0.1940 0.2857 0.3922 0.0000 0.0000 0.0000 0.0366 0.0000 0.0240
72       72   (0)      7  : 0.2027 0.0000 0.2995 0.0783 0.0160 0.0000 0.0000 0.0036 0.2828 0.0323 0.0848
73       73   (0)      7  : 0.1639 0.0000 0.1716 0.0235 0.0334 0.0161 0.1153 0.0000 0.1409 0.0000 0.3353
74       74   (0)      7  : 0.0392 0.0003 0.0939 0.1051 0.0601 0.0049 0.0880 0.0116 0.1374 0.2506 0.2089
75       75   (0)      7  : 0.1042 0.0125 0.2896 0.1415 0.0000 0.0404 0.0036 0.0000 0.1087 0.0769 0.2226
76       76   (0)      7  : 0.0053 0.0000 0.5774 0.0676 0.0000 0.0000 0.0126 0.0000 0.0261 0.2641 0.0469
77       77   (0)      7  : 0.0107 0.0035 0.0939 0.2140 0.0777 0.0000 0.0000 0.0499 0.0385 0.4447 0.0672
78       78   (0)      7  : 0.0081 0.0000 0.3295 0.0506 0.0000 0.0074 0.1419 0.0000 0.0721 0.0296 0.3609
79       79   (0)      7  : 0.4712 0.0000 0.2566 0.0134 0.0000 0.0000 0.0427 0.0000 0.0735 0.0000 0.1426
80       80   (0)      7  : 0.0337 0.0000 0.5443 0.1983 0.0517 0.0000 0.0154 0.0000 0.0566 0.0113 0.0888
81       81   (0)      7  : 0.0000 0.0000 0.6716 0.1126 0.0000 0.0000 0.0000 0.0674 0.0424 0.0715 0.0345
82       82   (0)      7  : 0.2495 0.0134 0.0446 0.0447 0.0960 0.0528 0.0370 0.0086 0.1232 0.1566 0.1735
83       83   (0)      7  : 0.0000 0.0708 0.0019 0.0806 0.0000 0.7729 0.0031 0.0004 0.0026 0.0003 0.0673
84       84   (0)      7  : 0.1795 0.0000 0.4357 0.0935 0.0000 0.0015 0.0000 0.0000 0.2362 0.0000 0.0536
85       85   (0)      7  : 0.0027 0.0000 0.6712 0.1915 0.0000 0.0000 0.0000 0.0001 0.0479 0.0763 0.0103
86       86   (0)      7  : 0.0318 0.0000 0.0193 0.0000 0.1674 0.7372 0.0000 0.0000 0.0308 0.0000 0.0134
87       87   (0)      7  : 0.0027 0.0000 0.3005 0.0666 0.5101 0.0000 0.0000 0.0000 0.0481 0.0043 0.0677
88       88   (0)      7  : 0.0000 0.0000 0.0173 0.0000 0.1374 0.7725 0.0000 0.0585 0.0100 0.0000 0.0043
89       89   (0)      7  : 0.1810 0.0003 0.3307 0.0000 0.0251 0.0000 0.0000 0.0327 0.1895 0.1993 0.0415
90       90   (0)      7  : 0.1654 0.0000 0.3198 0.0272 0.2917 0.0000 0.0605 0.0000 0.0937 0.0000 0.0417
91       91   (0)      7  : 0.2462 0.0000 0.5423 0.0635 0.0000 0.0000 0.0307 0.0000 0.0833 0.0027 0.0313
92       92   (0)      7  : 0.0813 0.0036 0.0403 0.1184 0.0000 0.0000 0.0000 0.0194 0.1912 0.5249 0.0209
93       93   (0)      7  : 0.0840 0.0000 0.0709 0.0879 0.1528 0.0290 0.0000 0.0000 0.4907 0.0550 0.0298
94       94   (0)      7  : 0.0000 0.0000 0.3546 0.1955 0.0000 0.0000 0.0000 0.0165 0.1937 0.2283 0.0114
95       95   (0)      7  : 0.0008 0.0036 0.2175 0.1255 0.1893 0.0000 0.0000 0.0153 0.0380 0.3839 0.0261
96       96   (0)      7  : 0.0000 0.0000 0.4834 0.0208 0.0000 0.0000 0.0603 0.0626 0.0688 0.1998 0.1043
97       97   (0)      7  : 0.0000 0.0000 0.2951 0.0632 0.0000 0.0000 0.0085 0.0200 0.0140 0.5992 0.0000
98       98   (0)      7  : 0.0000 0.0000 0.5226 0.0418 0.0000 0.0000 0.0054 0.1657 0.0519 0.2125 0.0000
99       99   (0)      7  : 0.0065 0.0238 0.0060 0.2067 0.0000 0.6999 0.0000 0.0000 0.0508 0.0000 0.0064
100      100   (0)      6  : 0.2609 0.0000 0.1556 0.3989 0.0000 0.0000 0.0469 0.0045 0.0305 0.0000 0.1027
101      101   (0)      6  : 0.0000 0.0000 0.0794 0.3744 0.0003 0.0108 0.1945 0.0124 0.2063 0.0063 0.1158
102      102   (0)      6  : 0.0023 0.0000 0.0732 0.1617 0.5848 0.0010 0.0000 0.0820 0.0631 0.0000 0.0319
103      103   (0)      6  : 0.3817 0.0000 0.0393 0.4667 0.0318 0.0000 0.0000 0.0000 0.0568 0.0000 0.0237
104      104   (0)      6  : 0.0000 0.0000 0.0106 0.3467 0.6259 0.0000 0.0000 0.0066 0.0085 0.0000 0.0018
105      105   (0)      6  : 0.1279 0.0000 0.0121 0.4961 0.0211 0.0000 0.0479 0.0387 0.1857 0.0628 0.0078
106      106   (0)      6  : 0.1973 0.0000 0.0150 0.3663 0.2089 0.0184 0.0579 0.0000 0.0827 0.0000 0.0535
107      107   (0)      6  : 0.0334 0.0239 0.0000 0.5245 0.3292 0.0000 0.0041 0.0000 0.0117 0.0518 0.0214
108      108   (0)      6  : 0.0000 0.0000 0.0000 0.1044 0.0000 0.8799 0.0000 0.0000 0.0000 0.0000 0.0158
109      109   (0)      7  : 0.0071 0.0000 0.3433 0.1639 0.2950 0.0040 0.0349 0.0000 0.0681 0.0000 0.0837
110      110   (0)      7  : 0.0000 0.0000 0.0000 0.0000 0.0000 0.0000 0.0000 1.0000 0.0000 0.0000 0.0000
111      111   (0)      8  : 0.0048 0.0000 0.0056 0.4967 0.0146 0.0010 0.0745 0.2510 0.0093 0.0000 0.1426
112      112   (0)      6  : 0.0000 0.0000 0.0000 0.9816 0.0000 0.0000 0.0000 0.0000 0.0000 0.0000 0.0184
113      113   (0)      6  : 0.0000 0.0000 0.0000 0.0655 0.0000 0.8884 0.0000 0.0461 0.0000 0.0000 0.0000
114      114   (0)      6  : 0.0000 0.0000 0.2925 0.6327 0.0000 0.0000 0.0056 0.0019 0.0388 0.0000 0.0285
115      115   (0)      6  : 0.0000 0.1750 0.0000 0.2715 0.0000 0.4019 0.0000 0.1352 0.0000 0.0163 0.0000
116      116   (0)      6  : 0.0000 0.0175 0.1002 0.4715 0.0307 0.0000 0.0965 0.0749 0.0722 0.0000 0.1365
117      117   (0)      6  : 0.0000 0.0000 0.0000 0.5485 0.1542 0.0000 0.2600 0.0000 0.0146 0.0071 0.0155
118      118   (0)      6  : 0.1162 0.0000 0.0060 0.5819 0.2184 0.0000 0.0000 0.0000 0.0121 0.0000 0.0653
119      119   (0)      6  : 0.0000 0.0000 0.0767 0.7945 0.0000 0.0000 0.0322 0.0000 0.0058 0.0058 0.0850
120      120   (0)      6  : 0.0000 0.0000 0.0165 0.6166 0.0000 0.0000 0.1143 0.0000 0.0177 0.0000 0.2349
121      121   (0)      6  : 0.0000 0.0430 0.0000 0.2050 0.0000 0.7519 0.0000 0.0000 0.0000 0.0000 0.0000
122      122   (0)      9  : 0.0000 0.0108 0.0000 0.0998 0.2967 0.0000 0.0000 0.0164 0.2343 0.3364 0.0055
123      123   (0)      9  : 0.0414 0.0000 0.0434 0.0034 0.3702 0.0295 0.0000 0.0011 0.4420 0.0368 0.0323
124      124   (0)      9  : 0.0000 0.0030 0.0000 0.0000 0.6379 0.0000 0.0002 0.0117 0.0121 0.2992 0.0360
125      125   (0)      9  : 0.3342 0.0000 0.2242 0.0000 0.0078 0.0025 0.0000 0.0000 0.4172 0.0000 0.0141
126      126   (0)      9  : 0.1832 0.0000 0.3198 0.0000 0.0000 0.0000 0.0000 0.0647 0.3925 0.0144 0.0254
127      127   (0)      9  : 0.0000 0.0000 0.3134 0.0000 0.2589 0.0000 0.1391 0.0860 0.1294 0.0732 0.0000
128      128   (0)      9  : 0.0159 0.0001 0.0035 0.0000 0.5063 0.0000 0.0156 0.0099 0.2739 0.1675 0.0072
129      129   (0)      9  : 0.0000 0.0011 0.0241 0.0000 0.2578 0.0025 0.1724 0.0000 0.5219 0.0095 0.0107
130      130   (0)      9  : 0.0673 0.0000 0.0000 0.0001 0.0154 0.0000 0.1450 0.0323 0.3603 0.2933 0.0864
131      131   (0)      9  : 0.0259 0.0000 0.0728 0.0000 0.1894 0.0000 0.1251 0.0000 0.4715 0.0077 0.1076
132      132   (0)      9  : 0.1724 0.0005 0.0253 0.0000 0.3287 0.0000 0.0273 0.0091 0.2231 0.1606 0.0529
133      133   (0)      9  : 0.0008 0.0000 0.1182 0.0000 0.0171 0.0000 0.1429 0.0042 0.4795 0.0000 0.2372
134      134   (0)      9  : 0.0000 0.0000 0.0000 0.0000 0.0000 0.0000 0.0000 1.0000 0.0000 0.0000 0.0000
135      135   (0)      9  : 0.0000 0.0000 0.0004 0.0000 0.7428 0.0000 0.0783 0.0000 0.1783 0.0000 0.0002
136      136   (0)      9  : 0.2443 0.0010 0.1169 0.0506 0.0294 0.0000 0.0058 0.0492 0.1911 0.2642 0.0476
137      137   (0)      9  : 0.2008 0.0000 0.0352 0.0041 0.0097 0.0000 0.0774 0.0000 0.4967 0.0012 0.1749
138      138   (0)      9  : 0.4889 0.0000 0.1434 0.0000 0.0062 0.0066 0.0002 0.0000 0.3386 0.0080 0.0081
139      139   (0)      9  : 0.4268 0.0000 0.0780 0.0632 0.0000 0.0000 0.0000 0.0025 0.3995 0.0000 0.0301
140      140   (0)      9  : 0.2041 0.0000 0.0399 0.0000 0.2398 0.0000 0.0509 0.0018 0.4596 0.0000 0.0038
141      141   (0)      9  : 0.0000 0.0000 0.3774 0.0171 0.1556 0.0000 0.1268 0.0023 0.2466 0.0367 0.0374
142      142   (0)      9  : 0.3144 0.0004 0.1346 0.1299 0.0868 0.0004 0.0003 0.0008 0.2109 0.0123 0.1093
143      143   (0)      9  : 0.0000 0.0000 0.0000 0.0000 0.0000 0.0000 0.0000 1.0000 0.0000 0.0000 0.0000
144      144   (0)      9  : 0.1729 0.0111 0.1253 0.0000 0.0059 0.0001 0.2059 0.0478 0.2101 0.0319 0.1890
145      145   (0)      3  : 0.0000 0.0006 0.1531 0.0000 0.4203 0.0000 0.0126 0.0210 0.1140 0.2315 0.0469
146      146   (0)      3  : 0.0523 0.0785 0.0042 0.0000 0.2462 0.5104 0.0000 0.0000 0.0830 0.0000 0.0255
147      147   (0)      3  : 0.0305 0.0000 0.0485 0.0000 0.7577 0.0000 0.1305 0.0000 0.0233 0.0071 0.0025
148      148   (0)      3  : 0.3101 0.0231 0.1479 0.0000 0.0248 0.0557 0.0000 0.0059 0.4098 0.0007 0.0220
149      149   (0)      3  : 0.3525 0.0000 0.1731 0.0000 0.2090 0.0000 0.0526 0.0000 0.1754 0.0201 0.0173
150      150   (0)      3  : 0.0000 0.0000 0.0374 0.0000 0.2226 0.0675 0.2170 0.0023 0.4490 0.0000 0.0042
151      151   (0)      3  : 0.2539 0.0000 0.2005 0.0000 0.0109 0.0000 0.0000 0.0143 0.4562 0.0000 0.0642
152      152   (0)      3  : 0.1934 0.0000 0.1223 0.0000 0.0661 0.0000 0.0000 0.0423 0.5680 0.0000 0.0080
153      153   (0)      3  : 0.1152 0.0176 0.3416 0.0000 0.0959 0.0000 0.1081 0.0000 0.2396 0.0695 0.0126
154      154   (0)      3  : 0.0813 0.0143 0.3025 0.0000 0.0392 0.0000 0.0008 0.1754 0.3124 0.0000 0.0741
155      155   (0)      3  : 0.0602 0.0449 0.4334 0.0000 0.0000 0.0300 0.0000 0.1720 0.1659 0.0390 0.0547
156      156   (0)      3  : 0.1301 0.0589 0.1185 0.0000 0.1152 0.0000 0.0000 0.0067 0.3401 0.1949 0.0356
157      157   (0)      3  : 0.1803 0.0019 0.0317 0.0131 0.1329 0.0000 0.0000 0.0136 0.3890 0.1838 0.0537
158      158   (0)      3  : 0.2598 0.0060 0.2178 0.0559 0.0015 0.0000 0.0000 0.0000 0.4110 0.0252 0.0228
159      159   (0)      3  : 0.1699 0.1835 0.0081 0.0000 0.0000 0.5294 0.0000 0.0000 0.1015 0.0000 0.0076
160      160   (0)      3  : 0.2287 0.0000 0.0314 0.0000 0.0188 0.0000 0.2340 0.0099 0.4359 0.0000 0.0414
161      161   (0)      3  : 0.0000 0.0000 0.0205 0.0000 0.5298 0.0000 0.0477 0.0724 0.2940 0.0000 0.0356
162      162   (0)      3  : 0.4101 0.0000 0.3187 0.0000 0.0038 0.0000 0.0053 0.0005 0.2017 0.0005 0.0594
163      163   (0)      3  : 0.1962 0.0000 0.4213 0.0000 0.1469 0.0000 0.0917 0.0000 0.1385 0.0054 0.0000
164      164   (0)      3  : 0.2400 0.0005 0.1300 0.0000 0.0000 0.0000 0.0000 0.0000 0.5685 0.0594 0.0015
165      165   (0)      3  : 0.0000 0.0000 0.0214 0.0031 0.4545 0.0000 0.0692 0.0373 0.3993 0.0000 0.0154
166      166   (0)      3  : 0.1947 0.0000 0.4195 0.0000 0.0306 0.0000 0.1113 0.0000 0.2266 0.0170 0.0004
167      167   (0)      3  : 0.4098 0.0000 0.1669 0.0000 0.1769 0.0000 0.0405 0.0000 0.1834 0.0000 0.0226
168      168   (0)      3  : 0.1985 0.0009 0.0601 0.0000 0.0138 0.0000 0.0000 0.0331 0.4023 0.2677 0.0237
169      169   (0)      3  : 0.3560 0.0000 0.4821 0.0087 0.0000 0.0000 0.0246 0.0058 0.0802 0.0075 0.0351
170      170   (0)      3  : 0.4576 0.0000 0.1739 0.0000 0.0014 0.0012 0.0000 0.0025 0.3150 0.0290 0.0194
171      171   (0)      3  : 0.1576 0.0000 0.3193 0.0000 0.0000 0.0000 0.1147 0.0000 0.2410 0.0372 0.1303
172      172   (0)      3  : 0.3315 0.0000 0.2287 0.0059 0.0000 0.0000 0.0021 0.0294 0.3823 0.0062 0.0139
173      173   (0)      3  : 0.1034 0.0086 0.2764 0.0191 0.2824 0.0000 0.0605 0.0002 0.1410 0.0375 0.0711
174      174   (0)      9  : 0.0000 0.0000 0.2990 0.0000 0.1590 0.0000 0.2254 0.0000 0.2363 0.0078 0.0726
175      175   (0)      9  : 0.0000 0.0000 0.0000 0.0354 0.0000 0.0000 0.0000 0.6803 0.0000 0.2842 0.0000
176      176   (0)      9  : 0.3246 0.0003 0.0467 0.0011 0.2579 0.0000 0.0003 0.0034 0.2697 0.0807 0.0153
177      177   (0)      9  : 0.1618 0.0000 0.1479 0.1648 0.0000 0.0000 0.2196 0.0769 0.1310 0.0103 0.0878
178      178   (0)      9  : 0.0252 0.0010 0.0885 0.0008 0.3314 0.0000 0.0601 0.0006 0.3292 0.0000 0.1633
179      179   (0)      9  : 0.0107 0.0125 0.2396 0.0730 0.3061 0.0000 0.0325 0.0036 0.2578 0.0066 0.0577
180      180   (0)      9  : 0.0015 0.0001 0.0897 0.0044 0.1765 0.0011 0.0893 0.0859 0.3364 0.0000 0.2151
181      181   (0)      1  : 0.5451 0.0000 0.0073 0.2515 0.0161 0.0000 0.0000 0.0000 0.1227 0.0000 0.0573
182      182   (0)      1  : 0.1330 0.0000 0.0175 0.1883 0.2256 0.0060 0.1839 0.0006 0.0277 0.0000 0.2174
183      183   (0)      1  : 0.6111 0.0000 0.0016 0.2299 0.0000 0.0000 0.0103 0.0000 0.0468 0.0005 0.0998
184      184   (0)      1  : 0.1534 0.0005 0.0000 0.3687 0.3407 0.0232 0.0546 0.0000 0.0050 0.0000 0.0539
185      185   (0)      1  : 0.7252 0.0000 0.0000 0.1782 0.0297 0.0000 0.0264 0.0000 0.0000 0.0048 0.0358
186      186   (0)      1  : 0.1741 0.0112 0.0214 0.2118 0.1621 0.0000 0.0490 0.0020 0.3051 0.0448 0.0186
187      187   (0)      1  : 0.5696 0.0000 0.0000 0.3027 0.0658 0.0000 0.0000 0.0000 0.0080 0.0000 0.0540
188      188   (0)      1  : 0.7503 0.0000 0.0305 0.0508 0.0802 0.0000 0.0000 0.0000 0.0699 0.0000 0.0182
189      189   (0)      2  : 0.1881 0.0000 0.0000 0.0468 0.3573 0.0000 0.3687 0.0000 0.0000 0.0281 0.0110
190      190   (0)      2  : 0.4706 0.0000 0.1285 0.0595 0.0000 0.0003 0.0000 0.0008 0.2943 0.0000 0.0460
191      191   (0)      2  : 0.4653 0.0000 0.0755 0.0774 0.0736 0.0000 0.0030 0.0028 0.2524 0.0000 0.0500
192      192   (0)      2  : 0.0000 0.0000 0.2302 0.0000 0.3681 0.0000 0.1869 0.0000 0.1191 0.0000 0.0956
193      193   (0)      2  : 0.5387 0.0000 0.0626 0.0006 0.2033 0.0000 0.0000 0.0320 0.1222 0.0000 0.0405
194      194   (0)      2  : 0.0000 0.0000 0.0145 0.0000 0.6876 0.0000 0.0793 0.0000 0.2171 0.0000 0.0014
195      195   (0)      2  : 0.2599 0.0000 0.0046 0.3686 0.0335 0.0000 0.2653 0.0000 0.0278 0.0016 0.0388
196      196   (0)      2  : 0.0161 0.0000 0.3325 0.0388 0.0137 0.0000 0.5581 0.0000 0.0137 0.0245 0.0026
197      197   (0)      1  : 0.3064 0.0000 0.0615 0.0547 0.4051 0.0000 0.0616 0.0000 0.0522 0.0000 0.0583
198      198   (0)      1  : 0.1764 0.0000 0.0000 0.3724 0.0000 0.0000 0.1057 0.0000 0.0044 0.0000 0.3410
199      199   (0)      1  : 0.0000 0.0000 0.0106 0.3413 0.3063 0.0000 0.1247 0.0106 0.1445 0.0000 0.0620
200      200   (0)      1  : 0.0474 0.0000 0.0000 0.6238 0.0349 0.0000 0.2002 0.0000 0.0211 0.0000 0.0726
201      201   (0)      1  : 0.0000 0.0000 0.0000 0.4903 0.1798 0.0049 0.3023 0.0000 0.0000 0.0000 0.0227
202      202   (0)      1  : 0.0013 0.0000 0.0000 0.8742 0.0000 0.0000 0.0488 0.0000 0.0000 0.0000 0.0757
203      203   (0)      2  : 0.0000 0.0000 0.0036 0.0000 0.0285 0.4827 0.2617 0.0516 0.1447 0.0000 0.0271
204      204   (0)      2  : 0.0000 0.0000 0.0030 0.2101 0.1609 0.0000 0.4114 0.0000 0.0144 0.0047 0.1955
205      205   (0)      2  : 0.0000 0.0079 0.0102 0.0000 0.0057 0.8397 0.0000 0.0005 0.1332 0.0029 0.0000
206      206   (0)      2  : 0.5263 0.0000 0.1328 0.0863 0.0241 0.0000 0.0072 0.0415 0.0898 0.0000 0.0920
207      207   (0)      2  : 0.0012 0.0000 0.0000 0.0000 0.5827 0.0336 0.2667 0.0000 0.0019 0.0000 0.1140
208      208   (0)      2  : 0.6902 0.0000 0.0628 0.0000 0.0000 0.0596 0.0160 0.0006 0.1178 0.0038 0.0492
209      209   (0)      2  : 0.0000 0.0000 0.0983 0.0000 0.0822 0.0000 0.6521 0.0000 0.0000 0.0220 0.1455
210      210   (0)      1  : 0.0000 0.0000 0.0000 0.0855 0.2781 0.0000 0.4309 0.0000 0.0000 0.0000 0.2055
211      211   (0)      1  : 0.0782 0.0000 0.0226 0.4225 0.0000 0.0000 0.1116 0.0157 0.2848 0.0172 0.0474
212      212   (0)      1  : 0.0000 0.0000 0.0057 0.2503 0.0165 0.0000 0.2271 0.0000 0.1246 0.0000 0.3758
213      213   (0)      1  : 0.3219 0.0000 0.0199 0.5104 0.0000 0.0000 0.0068 0.0000 0.0369 0.0000 0.1042
214      214   (0)      1  : 0.0000 0.0000 0.0000 0.1653 0.6123 0.0000 0.1969 0.0000 0.0000 0.0000 0.0255
215      215   (0)      1  : 0.1722 0.0000 0.0000 0.5572 0.0000 0.0000 0.0863 0.0000 0.0000 0.0000 0.1843
216      216   (0)      1  : 0.2905 0.0004 0.0008 0.5687 0.0003 0.0000 0.0188 0.0000 0.0000 0.0022 0.1182
217      217   (0)      1  : 0.0012 0.0000 0.0031 0.4199 0.3920 0.0000 0.0687 0.0228 0.0456 0.0031 0.0436
218      218   (0)      2  : 0.3240 0.0000 0.0046 0.1710 0.3987 0.0000 0.0574 0.0000 0.0225 0.0000 0.0218
219      219   (0)      2  : 0.0000 0.0000 0.0250 0.0344 0.1648 0.0000 0.3396 0.0000 0.3255 0.0014 0.1093
220      220   (0)      2  : 0.4329 0.0023 0.0399 0.2370 0.0000 0.0000 0.0115 0.0201 0.0726 0.0023 0.1812
221      221   (0)      2  : 0.3389 0.0000 0.0513 0.2321 0.1040 0.0000 0.0063 0.0000 0.1944 0.0501 0.0229
222      222   (0)      2  : 0.3706 0.0000 0.0364 0.1292 0.0000 0.0401 0.0917 0.0139 0.0786 0.0000 0.2395
223      223   (0)      2  : 0.0674 0.0000 0.0463 0.0003 0.7461 0.0318 0.0792 0.0000 0.0072 0.0000 0.0219
224      224   (0)      2  : 0.2546 0.0000 0.0871 0.0655 0.1616 0.0000 0.4058 0.0000 0.0000 0.0182 0.0072
225      225   (0)      2  : 0.5457 0.0001 0.0033 0.1515 0.0000 0.0000 0.0366 0.0000 0.1398 0.0143 0.1087
226      226   (0)      2  : 0.7732 0.0000 0.0000 0.0893 0.0913 0.0053 0.0118 0.0000 0.0047 0.0000 0.0245
227      227   (0)      2  : 0.7676 0.0000 0.0307 0.0050 0.0680 0.0000 0.0546 0.0000 0.0584 0.0089 0.0068
228      228   (0)      2  : 0.6563 0.0000 0.0174 0.1218 0.0961 0.0000 0.0000 0.0000 0.0300 0.0000 0.0784
229      229   (0)      2  : 0.0177 0.0129 0.0000 0.0009 0.2417 0.6884 0.0000 0.0000 0.0000 0.0000 0.0383
230      230   (0)      2  : 0.3608 0.0000 0.0465 0.0501 0.1346 0.0000 0.0008 0.0107 0.1410 0.2193 0.0362
231      231   (0)      2  : 0.3398 0.0000 0.0939 0.0191 0.3782 0.0000 0.0583 0.0005 0.0592 0.0273 0.0237
232      232   (0)     10  : 0.3364 0.0000 0.0000 0.0000 0.4212 0.0152 0.0924 0.0036 0.0000 0.0000 0.1311
233      233   (0)     10  : 0.0041 0.0000 0.0000 0.0000 0.5284 0.0000 0.1266 0.1146 0.0766 0.0000 0.1498
234      234   (0)     10  : 0.1149 0.0000 0.0000 0.0000 0.0000 0.0000 0.3865 0.0100 0.0897 0.0000 0.3990
235      235   (0)     10  : 0.0201 0.0029 0.0000 0.0306 0.0716 0.0000 0.3921 0.0252 0.0948 0.0000 0.3628
236      236   (0)     10  : 0.0069 0.0000 0.0000 0.0000 0.1158 0.0000 0.6337 0.1251 0.0770 0.0000 0.0416
237      237   (0)     10  : 0.2335 0.0000 0.0067 0.0105 0.0000 0.0000 0.4076 0.0000 0.1106 0.0000 0.2310
238      238   (0)     10  : 0.2514 0.0000 0.0232 0.0000 0.3748 0.0000 0.2187 0.0279 0.0323 0.0174 0.0543
239      239   (0)     10  : 0.4539 0.0000 0.0000 0.0000 0.0000 0.0000 0.1587 0.0000 0.0000 0.0000 0.3874
240      240   (0)     10  : 0.0000 0.0000 0.0000 0.0000 0.0000 0.0000 0.6871 0.0000 0.0000 0.0000 0.3129
241      241   (0)     10  : 0.8009 0.0000 0.0000 0.0028 0.0000 0.0000 0.0020 0.0361 0.0424 0.0739 0.0420
242      242   (0)     10  : 0.0277 0.0000 0.1648 0.0000 0.1463 0.0000 0.3425 0.0112 0.0100 0.2850 0.0125
243      243   (0)     10  : 0.7689 0.0000 0.0000 0.0039 0.0030 0.0000 0.1516 0.0000 0.0291 0.0002 0.0433
244      244   (0)     10  : 0.0193 0.0000 0.0000 0.0000 0.5142 0.0119 0.2200 0.0023 0.0000 0.0000 0.2323
245      245   (0)     10  : 0.7211 0.0000 0.0269 0.0054 0.0928 0.0000 0.1086 0.0000 0.0261 0.0044 0.0147
246      246   (0)     10  : 0.4084 0.0014 0.0000 0.0021 0.4222 0.0000 0.0242 0.0000 0.0087 0.0000 0.1329
247      247   (0)     10  : 0.0556 0.0056 0.0000 0.0000 0.5796 0.0000 0.2393 0.0007 0.0088 0.0969 0.0135
248      248   (0)     10  : 0.6487 0.0000 0.0861 0.0000 0.0000 0.0000 0.0885 0.0175 0.0382 0.0000 0.1211
249      249   (0)     10  : 0.8692 0.0000 0.0290 0.0000 0.0000 0.0000 0.0000 0.0072 0.0688 0.0000 0.0258
250      250   (0)     10  : 0.4176 0.0000 0.0319 0.1108 0.0054 0.0000 0.0443 0.0060 0.0232 0.0037 0.3572
251      251   (0)     10  : 0.0463 0.0000 0.0000 0.0156 0.0000 0.0000 0.5535 0.0060 0.0000 0.0000 0.3786
252      252   (0)     10  : 0.5253 0.0005 0.0090 0.0000 0.2641 0.0183 0.1020 0.0000 0.0498 0.0000 0.0311
253      253   (0)     10  : 0.7220 0.0000 0.0713 0.0002 0.0000 0.0000 0.0041 0.0002 0.0372 0.0030 0.1621
254      254   (0)     10  : 0.5019 0.0000 0.0000 0.1094 0.0000 0.0000 0.2213 0.0004 0.0040 0.0020 0.1610
255      255   (0)     10  : 0.5030 0.0000 0.0042 0.0947 0.0000 0.0000 0.0050 0.0123 0.0283 0.0000 0.3526
256      256   (0)     10  : 0.0000 0.0000 0.0000 0.0000 0.0424 0.9576 0.0000 0.0000 0.0000 0.0000 0.0000
257      257   (0)     10  : 0.4138 0.0000 0.0000 0.0008 0.3451 0.0000 0.0745 0.0000 0.0103 0.0000 0.1556
258      258   (0)     10  : 0.0365 0.0000 0.0000 0.0116 0.0000 0.0000 0.4261 0.0009 0.0000 0.0000 0.5248
259      259   (0)     10  : 0.6416 0.0000 0.0000 0.0000 0.0337 0.0000 0.2175 0.0000 0.0327 0.0000 0.0745
260      260   (0)     10  : 0.4403 0.0006 0.0000 0.0000 0.1930 0.0000 0.1878 0.0000 0.0077 0.0032 0.1674
261      261   (0)     10  : 0.3100 0.0010 0.0711 0.0377 0.1238 0.0020 0.0098 0.0417 0.0453 0.0000 0.3578
262      262   (0)     11  : 0.2063 0.0216 0.0000 0.1575 0.0449 0.0000 0.0704 0.0230 0.0486 0.0924 0.3353
263      263   (0)     11  : 0.7207 0.0000 0.0027 0.0614 0.0067 0.0000 0.0827 0.0000 0.0136 0.0012 0.1111
264      264   (0)     11  : 0.9613 0.0000 0.0000 0.0000 0.0000 0.0000 0.0017 0.0000 0.0000 0.0000 0.0370
265      265   (0)     11  : 0.0000 0.0000 0.0000 0.0000 0.0000 0.9977 0.0015 0.0000 0.0000 0.0000 0.0008
266      266   (0)     11  : 0.0458 0.0000 0.0000 0.0000 0.6989 0.0162 0.1823 0.0000 0.0000 0.0000 0.0568
267      267   (0)     11  : 0.0000 0.0000 0.0000 0.0000 0.0000 0.9964 0.0000 0.0000 0.0000 0.0000 0.0036
268      268   (0)     11  : 0.0521 0.0000 0.0071 0.0000 0.6636 0.0000 0.1287 0.0000 0.0116 0.0000 0.1370
269      269   (0)     11  : 0.5910 0.0000 0.0560 0.0040 0.0462 0.0000 0.0137 0.0533 0.0386 0.0101 0.1872
270      270   (0)     11  : 0.7585 0.0000 0.0003 0.0000 0.0000 0.0000 0.0077 0.0000 0.0000 0.0000 0.2335
271      271   (0)     11  : 0.0000 0.0000 0.0000 0.2084 0.0230 0.0000 0.7191 0.0000 0.0000 0.0000 0.0495
272      272   (0)     11  : 0.1043 0.0000 0.0000 0.0289 0.0661 0.0000 0.2859 0.0000 0.0000 0.0000 0.5148
273      273   (0)     11  : 0.0000 0.0101 0.0012 0.0000 0.0000 0.0000 0.1471 0.0163 0.0000 0.5188 0.3064
274      274   (0)     11  : 0.0000 0.1482 0.0000 0.0017 0.0381 0.5452 0.1728 0.0000 0.0000 0.0000 0.0940
275      275   (0)     11  : 0.3862 0.0000 0.0000 0.0879 0.0031 0.0000 0.0630 0.0320 0.0000 0.0025 0.4253
276      276   (0)     11  : 0.2238 0.0946 0.0000 0.0000 0.0000 0.0004 0.0192 0.0093 0.0149 0.4513 0.1865
277      277   (0)     11  : 0.5273 0.0038 0.0000 0.3019 0.0000 0.0152 0.0051 0.0060 0.0060 0.0472 0.0876
278      278   (0)     11  : 0.1534 0.0437 0.0867 0.1944 0.2589 0.0000 0.0021 0.0023 0.0196 0.1081 0.1309
279      279   (0)     11  : 0.0000 0.0000 0.0004 0.6332 0.0000 0.0000 0.1458 0.0000 0.0000 0.0000 0.2206
280      280   (0)     11  : 0.3183 0.0002 0.0002 0.0254 0.1203 0.0518 0.0263 0.0000 0.0000 0.1956 0.2620
281      281   (0)     11  : 0.2075 0.0000 0.0072 0.0063 0.0000 0.0000 0.2189 0.0000 0.0000 0.0000 0.5601
282      282   (0)     11  : 0.1628 0.0000 0.0028 0.1052 0.3367 0.0017 0.1507 0.0000 0.0280 0.0000 0.2120
283      283   (0)     11  : 0.0029 0.0000 0.3029 0.3633 0.0000 0.0000 0.0654 0.0027 0.0167 0.0048 0.2413
284      284   (0)     11  : 0.0000 0.0000 0.0006 0.2681 0.0000 0.0000 0.2213 0.0365 0.0123 0.0213 0.4399
285      285   (0)     11  : 0.0000 0.0000 0.0023 0.1165 0.5031 0.0000 0.1230 0.0028 0.1051 0.0099 0.1374
286      286   (0)     11  : 0.0345 0.0373 0.0000 0.0802 0.0000 0.0000 0.2035 0.0000 0.0000 0.0498 0.5948
287      287   (0)     11  : 0.0000 0.0146 0.0000 0.0819 0.4126 0.0000 0.0730 0.0039 0.0000 0.1072 0.3068
288      288   (0)     11  : 0.5693 0.0101 0.0000 0.0011 0.0000 0.0000 0.1308 0.0000 0.0131 0.0184 0.2573
289      289   (0)     11  : 0.0000 0.0000 0.0122 0.0163 0.5101 0.0210 0.2285 0.0013 0.0000 0.0000 0.2106
290      290   (0)     11  : 0.1339 0.0000 0.0567 0.0778 0.0000 0.0729 0.0919 0.0000 0.0203 0.0040 0.5425
291      291   (0)     11  : 0.0054 0.0000 0.0867 0.3181 0.0000 0.0000 0.1105 0.1963 0.0126 0.0160 0.2545
292      292   (0)     12  : 0.0000 1.0000 0.0000 0.0000 0.0000 0.0000 0.0000 0.0000 0.0000 0.0000 0.0000
293      293   (0)     12  : 0.0000 0.0118 0.0572 0.0000 0.0000 0.0000 0.0551 0.0091 0.0000 0.8669 0.0000
294      294   (0)     12  : 0.0000 1.0000 0.0000 0.0000 0.0000 0.0000 0.0000 0.0000 0.0000 0.0000 0.0000
295      295   (0)     12  : 0.0000 1.0000 0.0000 0.0000 0.0000 0.0000 0.0000 0.0000 0.0000 0.0000 0.0000
296      296   (0)     12  : 0.0000 1.0000 0.0000 0.0000 0.0000 0.0000 0.0000 0.0000 0.0000 0.0000 0.0000
297      297   (0)     12  : 0.0922 0.8895 0.0000 0.0000 0.0000 0.0042 0.0000 0.0000 0.0074 0.0000 0.0066
298      298   (0)     12  : 0.0000 0.9917 0.0000 0.0000 0.0000 0.0000 0.0000 0.0000 0.0000 0.0083 0.0000
299      299   (0)     12  : 0.0000 1.0000 0.0000 0.0000 0.0000 0.0000 0.0000 0.0000 0.0000 0.0000 0.0000
300      300   (0)     12  : 0.3129 0.0184 0.0127 0.0000 0.0000 0.0000 0.3287 0.0000 0.0146 0.3127 0.0000
301      301   (0)     12  : 0.0000 0.0000 0.0356 0.0000 0.0000 0.0000 0.0224 0.0000 0.0000 0.9421 0.0000
302      302   (0)     12  : 0.0000 1.0000 0.0000 0.0000 0.0000 0.0000 0.0000 0.0000 0.0000 0.0000 0.0000
303      303   (0)     12  : 0.0000 0.9903 0.0000 0.0007 0.0000 0.0000 0.0020 0.0000 0.0014 0.0000 0.0056
304      304   (0)     12  : 0.4227 0.0902 0.0062 0.0000 0.0000 0.4509 0.0032 0.0000 0.0207 0.0014 0.0047
305      305   (0)     12  : 0.0000 0.0123 0.0427 0.0000 0.4153 0.0000 0.0231 0.0000 0.0000 0.4869 0.0198
306      306   (0)     12  : 0.0000 0.7491 0.0457 0.0000 0.0000 0.0369 0.0000 0.0000 0.0045 0.1637 0.0000
307      307   (0)     12  : 0.0000 1.0000 0.0000 0.0000 0.0000 0.0000 0.0000 0.0000 0.0000 0.0000 0.0000
308      308   (0)     12  : 0.0000 0.6601 0.0020 0.0000 0.0000 0.3287 0.0000 0.0000 0.0070 0.0000 0.0022
309      309   (0)     12  : 0.0000 0.0041 0.2354 0.0000 0.0000 0.0000 0.3951 0.0014 0.0051 0.3420 0.0169
310      310   (0)     12  : 0.0796 0.8588 0.0000 0.0000 0.0000 0.0539 0.0000 0.0000 0.0078 0.0000 0.0000
311      311   (0)     12  : 0.0586 0.4140 0.0139 0.0000 0.0646 0.2851 0.0000 0.0000 0.0464 0.0635 0.0539
312      312   (0)     12  : 0.0000 0.0000 0.0108 0.0000 0.0000 0.0000 0.0607 0.0170 0.0000 0.9115 0.0000
313      313   (0)     12  : 0.1963 0.0156 0.3994 0.0000 0.0000 0.0000 0.0673 0.0000 0.0458 0.2533 0.0222
314      314   (0)     12  : 0.0687 0.3851 0.0294 0.0000 0.0791 0.3468 0.0000 0.0000 0.0189 0.0000 0.0719
315      315   (0)     12  : 0.0000 1.0000 0.0000 0.0000 0.0000 0.0000 0.0000 0.0000 0.0000 0.0000 0.0000
316      316   (0)     12  : 0.0577 0.4299 0.0000 0.0000 0.0000 0.4810 0.0073 0.0000 0.0000 0.0085 0.0156
317      317   (0)     12  : 0.0652 0.3470 0.0000 0.0000 0.0000 0.5750 0.0043 0.0000 0.0000 0.0000 0.0086
318      318   (0)     12  : 0.0000 0.0000 0.0952 0.0000 0.0000 0.0000 0.5486 0.0000 0.0000 0.3562 0.0000
319      319   (0)     12  : 0.0002 0.7840 0.1035 0.0000 0.0000 0.0075 0.0208 0.0000 0.0201 0.0104 0.0535
320      320   (0)     12  : 0.0000 0.0060 0.2800 0.0000 0.0000 0.0000 0.4286 0.0000 0.0172 0.1695 0.0987
321      321   (0)     12  : 0.0009 0.1851 0.0000 0.0000 0.0000 0.8140 0.0000 0.0000 0.0000 0.0000 0.0000
322      322   (0)     13  : 0.6141 0.0000 0.0103 0.0000 0.1752 0.0000 0.0534 0.0019 0.1118 0.0048 0.0285
323      323   (0)     13  : 0.3447 0.0000 0.0042 0.0000 0.3788 0.0000 0.1021 0.0000 0.0573 0.0580 0.0549
324      324   (0)     13  : 0.4842 0.0000 0.0000 0.0000 0.3093 0.0000 0.1400 0.0000 0.0279 0.0000 0.0385
325      325   (0)     13  : 0.0062 0.0000 0.0000 0.0000 0.7611 0.0000 0.2305 0.0000 0.0000 0.0023 0.0000
326      326   (0)     13  : 0.3166 0.0000 0.0000 0.1091 0.0000 0.0000 0.3518 0.0012 0.0000 0.0000 0.2213
327      327   (0)     13  : 0.3261 0.0000 0.0016 0.0000 0.4443 0.0000 0.0972 0.0000 0.0792 0.0066 0.0451
328      328   (0)     13  : 0.0985 0.0000 0.0000 0.0000 0.6371 0.0000 0.0867 0.0000 0.0254 0.0000 0.1523
329      329   (0)     13  : 0.6651 0.0000 0.0028 0.0342 0.0165 0.0000 0.0000 0.0000 0.0892 0.0000 0.1922
330      330   (0)     13  : 0.2741 0.0000 0.0000 0.0227 0.4616 0.0000 0.0688 0.0543 0.0170 0.0034 0.0980
331      331   (0)     13  : 0.0000 0.0000 0.0000 0.0000 0.0000 0.0000 0.0000 1.0000 0.0000 0.0000 0.0000
332      332   (0)     13  : 0.7666 0.0000 0.0054 0.0006 0.0787 0.0000 0.0414 0.0000 0.0721 0.0109 0.0243
333      333   (0)     13  : 0.0005 0.0000 0.0216 0.0000 0.4569 0.0000 0.1162 0.0026 0.3899 0.0046 0.0077
334      334   (0)     13  : 0.1595 0.0000 0.0000 0.0000 0.6108 0.0000 0.1981 0.0000 0.0000 0.0000 0.0317
335      335   (0)     13  : 0.0000 0.0000 0.0400 0.0000 0.1200 0.0000 0.8046 0.0000 0.0000 0.0320 0.0034
336      336   (0)     13  : 0.5040 0.0000 0.0123 0.0719 0.2172 0.0000 0.1128 0.0020 0.0363 0.0010 0.0425
337      337   (0)     13  : 0.1951 0.0000 0.0000 0.0000 0.0320 0.0142 0.4612 0.0000 0.0000 0.0000 0.2976
338      338   (0)     13  : 0.6279 0.0000 0.0061 0.0009 0.0412 0.0000 0.1534 0.0286 0.0501 0.0012 0.0906
339      339   (0)     13  : 0.0154 0.0137 0.1879 0.1574 0.0000 0.0000 0.5013 0.0000 0.0176 0.0290 0.0777
340      340   (0)     13  : 0.5349 0.0132 0.1454 0.0000 0.0000 0.0000 0.0972 0.0000 0.0811 0.0036 0.1246
341      341   (0)     13  : 0.7649 0.0000 0.0258 0.0016 0.0000 0.0000 0.0548 0.0000 0.0497 0.0000 0.1033
342      342   (0)     13  : 0.2269 0.0000 0.0000 0.0000 0.0668 0.0000 0.6509 0.0000 0.0000 0.0000 0.0554
343      343   (0)     13  : 0.1558 0.0000 0.0000 0.1155 0.2187 0.0000 0.4280 0.0000 0.0193 0.0000 0.0628
344      344   (0)     13  : 0.3615 0.0000 0.0000 0.0034 0.3704 0.0000 0.2001 0.0000 0.0329 0.0076 0.0242
345      345   (0)     13  : 0.2188 0.1318 0.0000 0.0000 0.0000 0.5828 0.0019 0.0000 0.0142 0.0000 0.0504
346      346   (0)     13  : 0.4816 0.0000 0.2090 0.0000 0.0000 0.0000 0.2358 0.0000 0.0299 0.0232 0.0206
347      347   (0)     13  : 0.3211 0.0000 0.0136 0.0000 0.4127 0.0000 0.1939 0.0000 0.0389 0.0000 0.0199
348      348   (0)     13  : 0.0000 0.0218 0.0000 0.0332 0.5604 0.0000 0.2356 0.0461 0.0000 0.0007 0.1023
349      349   (0)     13  : 0.1609 0.0000 0.0000 0.0600 0.2821 0.0000 0.0530 0.0601 0.1028 0.0743 0.2068
350      350   (0)     13  : 0.2787 0.4933 0.0000 0.0000 0.0000 0.2119 0.0060 0.0019 0.0055 0.0000 0.0028
351      351   (0)     13  : 0.0000 0.0014 0.0000 0.0000 0.8322 0.0000 0.1588 0.0000 0.0037 0.0000 0.0038
