  1        1   (0)      1 :  0.0500 0.0000 0.0000 0.0026 0.0000 0.0042 0.0703 0.1673 0.4540 0.0004 0.2512 
  2        2   (0)      1 :  0.2686 0.0151 0.0962 0.1770 0.0116 0.0024 0.0399 0.0000 0.3441 0.0100 0.0352 
  3        3   (0)      1 :  0.0552 0.2273 0.0040 0.0292 0.0000 0.0000 0.0586 0.0015 0.4971 0.0000 0.1272 
  4        4   (0)      1 :  0.0233 0.0068 0.2032 0.0041 0.0000 0.0632 0.0698 0.0616 0.5662 0.0019 0.0000 
  5        5   (0)      1 :  0.1543 0.0151 0.0000 0.1649 0.0000 0.1372 0.0677 0.0782 0.0499 0.0225 0.3103 
  6        6   (0)      2 :  0.0021 0.3443 0.0000 0.0000 0.0000 0.0000 0.0710 0.0000 0.5826 0.0000 0.0000 
  7        7   (0)      1 :  0.0169 0.0014 0.0000 0.0126 0.0000 0.0000 0.0019 0.2152 0.7520 0.0000 0.0000 
  8        8   (0)      3 :  0.0166 0.0090 0.0213 0.0003 0.3910 0.0000 0.1586 0.0030 0.0000 0.2655 0.1347 
  9        9   (0)      4 :  0.0052 0.0414 0.0315 0.0000 0.1627 0.7247 0.0244 0.0070 0.0000 0.0000 0.0031 
 10       10   (0)      4 :  0.3114 0.0075 0.0265 0.0825 0.3383 0.0000 0.0937 0.0749 0.0101 0.0000 0.0551 
 11       11   (0)      4 :  0.0246 0.0283 0.2910 0.0044 0.1034 0.0628 0.1372 0.0000 0.0085 0.1017 0.2382 
 12       12   (0)      4 :  0.0000 0.0000 0.0000 0.0000 0.0000 1.0000 0.0000 0.0000 0.0000 0.0000 0.0000 
 13       13   (0)      4 :  0.1039 0.0000 0.0242 0.0433 0.4219 0.0157 0.0390 0.0000 0.1644 0.1875 0.0000 
 14       14   (0)      5 :  0.3891 0.1050 0.0270 0.0071 0.1482 0.0000 0.1211 0.0160 0.0016 0.0000 0.1849 
 15       15   (0)      4 :  0.1025 0.1656 0.0162 0.0000 0.2816 0.0088 0.0295 0.0131 0.0000 0.1826 0.1999 
 16       16   (0)      5 :  0.2460 0.0164 0.0198 0.0104 0.2534 0.0000 0.1153 0.0055 0.0850 0.2333 0.0148 
 17       17   (0)      5 :  0.1169 0.0000 0.0377 0.1572 0.5670 0.0000 0.0452 0.0017 0.0010 0.0686 0.0046 
 18       18   (0)      5 :  0.0050 0.1972 0.0261 0.0000 0.5054 0.0000 0.1108 0.0000 0.0000 0.1087 0.0467 
 19       19   (0)      5 :  0.0948 0.0000 0.0370 0.0223 0.7050 0.0000 0.0005 0.0234 0.0000 0.1171 0.0000 
 20       20   (0)      5 :  0.0112 0.0000 0.1421 0.0000 0.2509 0.0043 0.0710 0.1830 0.0000 0.0384 0.2991 
 21       21   (0)      5 :  0.0153 0.0000 0.0178 0.0000 0.5370 0.0000 0.1310 0.0154 0.0000 0.1451 0.1384 
 22       22   (0)      5 :  0.1784 0.1857 0.2785 0.0050 0.1827 0.0091 0.0695 0.0106 0.0000 0.0064 0.0740 
 23       23   (0)      5 :  0.0000 0.0000 0.0188 0.0000 0.5484 0.0168 0.1336 0.0894 0.0000 0.0880 0.1049 
 24       24   (0)      5 :  0.1672 0.1041 0.0468 0.0000 0.5262 0.0000 0.0695 0.0000 0.0007 0.0787 0.0068 
 25       25   (0)      5 :  0.0651 0.0000 0.1561 0.0000 0.3261 0.0037 0.0346 0.0193 0.0000 0.0780 0.3171 
 26       26   (0)      5 :  0.0258 0.0000 0.0988 0.0000 0.6206 0.0839 0.0035 0.0000 0.0000 0.1674 0.0000 
 27       27   (0)      5 :  0.3612 0.0000 0.0170 0.2234 0.2139 0.0000 0.0365 0.0565 0.0000 0.0915 0.0000 
 28       28   (0)      5 :  0.2438 0.1403 0.0224 0.0484 0.2270 0.0000 0.0615 0.0039 0.0000 0.1502 0.1025 
 29       29   (0)      5 :  0.0637 0.0000 0.4569 0.0000 0.3029 0.0096 0.0410 0.0428 0.0000 0.0016 0.0815 
 30       30   (0)      5 :  0.3890 0.0000 0.0164 0.0285 0.1100 0.0000 0.0531 0.0203 0.0000 0.0027 0.3800 
 31       31   (0)      5 :  0.1770 0.0000 0.0072 0.0117 0.1686 0.0000 0.0419 0.0180 0.0000 0.2117 0.3639 
 32       32   (0)      5 :  0.2586 0.0095 0.0179 0.2405 0.3043 0.0000 0.0733 0.0208 0.0000 0.0320 0.0431 
 33       33   (0)      5 :  0.0737 0.0000 0.0372 0.0048 0.7126 0.0000 0.0000 0.0042 0.0000 0.1675 0.0000 
 34       34   (0)      5 :  0.0714 0.0037 0.0241 0.0275 0.2470 0.0000 0.0165 0.0000 0.0000 0.5618 0.0480 
 35       35   (0)      5 :  0.0049 0.0533 0.0701 0.0000 0.4497 0.0183 0.0389 0.1268 0.0000 0.2303 0.0078 
 36       36   (0)      5 :  0.0738 0.0000 0.0770 0.0000 0.1318 0.2563 0.0308 0.1167 0.0038 0.3075 0.0023 
 37       37   (0)      5 :  0.2223 0.0000 0.2579 0.0734 0.2110 0.0063 0.0077 0.0000 0.0000 0.2001 0.0214 
 38       38   (0)      5 :  0.0122 0.0000 0.1415 0.0000 0.2924 0.0033 0.0654 0.1997 0.0000 0.1654 0.1200 
 39       39   (0)      5 :  0.2563 0.0000 0.0227 0.2787 0.3910 0.0000 0.0223 0.0244 0.0000 0.0046 0.0000 
 40       40   (0)      5 :  0.0128 0.1423 0.1756 0.0000 0.2079 0.0061 0.0549 0.2979 0.0000 0.0512 0.0511 
 41       41   (0)      4 :  0.0082 0.0000 0.0248 0.0000 0.4306 0.4852 0.0000 0.0000 0.0000 0.0512 0.0000 
 42       42   (0)      4 :  0.1938 0.3105 0.2452 0.0041 0.0000 0.0102 0.0364 0.0031 0.0000 0.1326 0.0641 
 43       43   (0)      4 :  0.1270 0.1432 0.0122 0.0000 0.1729 0.0000 0.0356 0.0283 0.0000 0.0586 0.4222 
 44       44   (0)      4 :  0.3175 0.0104 0.0135 0.1914 0.2150 0.1261 0.0388 0.0339 0.0001 0.0532 0.0000 
 45       45   (0)      5 :  0.1824 0.0520 0.2452 0.0560 0.0113 0.0520 0.0487 0.0323 0.0082 0.0793 0.2327 
 46       46   (0)      4 :  0.0099 0.0583 0.0204 0.0000 0.3775 0.0000 0.2751 0.0120 0.0000 0.0532 0.1935 
 47       47   (0)      4 :  0.2316 0.0099 0.1391 0.0000 0.2501 0.0000 0.0979 0.1376 0.1053 0.0086 0.0199 
 48       48   (0)      4 :  0.1369 0.0000 0.0250 0.0176 0.4161 0.1502 0.0733 0.0938 0.0353 0.0494 0.0026 
 49       49   (0)      4 :  0.0701 0.0022 0.0246 0.0103 0.4103 0.1706 0.0052 0.0000 0.0063 0.3004 0.0000 
 50       50   (0)      5 :  0.2144 0.0119 0.4582 0.0316 0.0058 0.0199 0.0745 0.0497 0.0143 0.0319 0.0878 
 51       51   (0)      4 :  0.4748 0.0471 0.0072 0.0718 0.0640 0.0002 0.1114 0.0081 0.0030 0.0667 0.1458 
 52       52   (0)      5 :  0.1394 0.3241 0.0336 0.0000 0.0698 0.0000 0.0759 0.0289 0.0006 0.2642 0.0634 
 53       53   (0)      6 :  0.0365 0.0099 0.0000 0.0000 0.0104 0.0208 0.4190 0.0720 0.4312 0.0000 0.0000 
 54       54   (0)      6 :  0.2322 0.0000 0.0277 0.0028 0.2601 0.0000 0.1056 0.0196 0.0668 0.0111 0.2741 
 55       55   (0)      6 :  0.0000 0.0000 0.0000 0.0000 0.0000 1.0000 0.0000 0.0000 0.0000 0.0000 0.0000 
 56       56   (0)      6 :  0.0500 0.0000 0.0000 0.0000 0.0054 0.0000 0.2915 0.0141 0.3832 0.0000 0.2558 
 57       57   (0)      6 :  0.1968 0.0000 0.0000 0.0159 0.0198 0.0000 0.2167 0.1206 0.1677 0.0000 0.2625 
 58       58   (0)      6 :  0.2822 0.0261 0.0000 0.0242 0.0647 0.0000 0.1661 0.0129 0.0690 0.0107 0.3442 
 59       59   (0)      6 :  0.0000 0.0017 0.0000 0.0000 0.0785 0.0121 0.1185 0.2678 0.0249 0.0587 0.4378 
 60       60   (0)      6 :  0.1331 0.0000 0.0000 0.0147 0.1673 0.0000 0.1674 0.0793 0.2105 0.0169 0.2108 
 61       61   (0)      7 :  0.3145 0.0075 0.0474 0.0215 0.1683 0.0114 0.0579 0.1946 0.0078 0.1668 0.0023 
 62       62   (0)      7 :  0.4430 0.3325 0.0026 0.0198 0.0450 0.0000 0.0856 0.0000 0.0014 0.0426 0.0276 
 63       63   (0)      7 :  0.3601 0.1128 0.2410 0.0000 0.0329 0.0084 0.1305 0.0052 0.0112 0.0143 0.0836 
 64       64   (0)      7 :  0.2774 0.1162 0.1375 0.0071 0.1270 0.0175 0.1169 0.0983 0.0752 0.0269 0.0000 
 65       65   (0)      7 :  0.0268 0.0036 0.2652 0.0000 0.4927 0.0000 0.0555 0.0695 0.0677 0.0191 0.0000 
 66       66   (0)      7 :  0.1072 0.0083 0.4064 0.0000 0.0647 0.1138 0.1255 0.0352 0.1092 0.0000 0.0298 
 67       67   (0)      7 :  0.1081 0.3828 0.0388 0.0000 0.2963 0.0000 0.0479 0.0640 0.0291 0.0332 0.0000 
 68       68   (0)      7 :  0.5904 0.1341 0.0064 0.1072 0.0828 0.0000 0.0703 0.0000 0.0000 0.0037 0.0052 
 69       69   (0)      7 :  0.2194 0.0045 0.0242 0.0000 0.3631 0.0009 0.1297 0.1612 0.0771 0.0000 0.0200 
 70       70   (0)      7 :  0.0333 0.0000 0.1617 0.0000 0.5534 0.0474 0.0393 0.0395 0.0927 0.0327 0.0000 
 71       71   (0)      7 :  0.2309 0.1397 0.1568 0.1225 0.0002 0.0072 0.0905 0.1226 0.0125 0.0683 0.0488 
 72       72   (0)      7 :  0.4112 0.0000 0.0375 0.0719 0.2225 0.0003 0.0950 0.0039 0.0219 0.1304 0.0054 
 73       73   (0)      7 :  0.0386 0.0004 0.1546 0.0023 0.5476 0.0066 0.0912 0.0009 0.1046 0.0533 0.0000 
 74       74   (0)      7 :  0.2045 0.0019 0.0071 0.0000 0.1400 0.0000 0.1187 0.2557 0.0066 0.0084 0.2570 
 75       75   (0)      7 :  0.3863 0.0021 0.2503 0.0458 0.1846 0.0038 0.0511 0.0000 0.0000 0.0542 0.0217 
 76       76   (0)      7 :  0.4093 0.0000 0.0017 0.0718 0.1658 0.0000 0.1175 0.0109 0.0024 0.0000 0.2206 
 77       77   (0)      7 :  0.3728 0.0061 0.0263 0.0316 0.3790 0.0008 0.0836 0.0322 0.0628 0.0026 0.0023 
 78       78   (0)      7 :  0.1050 0.0000 0.5252 0.0043 0.0598 0.0157 0.0410 0.0000 0.0781 0.1710 0.0000 
 79       79   (0)      7 :  0.1764 0.0095 0.0633 0.0279 0.0464 0.0000 0.0871 0.0075 0.0344 0.3646 0.1830 
 80       80   (0)      7 :  0.0460 0.0000 0.2995 0.0000 0.2971 0.0053 0.0910 0.0000 0.1654 0.0957 0.0000 
 81       81   (0)      7 :  0.0725 0.0011 0.3915 0.0000 0.1827 0.0133 0.0755 0.1170 0.0994 0.0000 0.0470 
 82       82   (0)      7 :  0.0220 0.1310 0.1741 0.0000 0.4439 0.0772 0.0406 0.0008 0.0240 0.0864 0.0000 
 83       83   (0)      7 :  0.0356 0.0000 0.5580 0.0000 0.2762 0.0209 0.0504 0.0026 0.0434 0.0130 0.0000 
 84       84   (0)      7 :  0.0156 0.0000 0.2236 0.0000 0.5259 0.0912 0.0301 0.0000 0.0683 0.0452 0.0000 
 85       85   (0)      6 :  0.1998 0.0806 0.0061 0.1778 0.1068 0.0029 0.2238 0.0000 0.2013 0.0009 0.0000 
 86       86   (0)      6 :  0.1127 0.2122 0.0122 0.0090 0.0106 0.0453 0.2012 0.0000 0.1680 0.1784 0.0506 
 87       87   (0)      6 :  0.2233 0.0000 0.0000 0.0000 0.0000 0.0496 0.1906 0.0319 0.0453 0.0000 0.4593 
 88       88   (0)      6 :  0.3127 0.0125 0.0000 0.1484 0.0105 0.0000 0.2114 0.0000 0.2635 0.0022 0.0390 
 89       89   (0)      6 :  0.0706 0.0000 0.0000 0.0000 0.0044 0.0009 0.2015 0.1305 0.2068 0.0009 0.3844 
 90       90   (0)      6 :  0.0854 0.0000 0.0352 0.1053 0.0240 0.0625 0.2423 0.0000 0.2240 0.1733 0.0480 
 91       91   (0)      6 :  0.1597 0.0321 0.0000 0.0921 0.0000 0.0000 0.2101 0.0107 0.2015 0.0629 0.2309 
 92       92   (0)      6 :  0.0749 0.0060 0.0317 0.0000 0.0029 0.0000 0.2259 0.1304 0.2984 0.0006 0.2291 
 93       93   (0)      7 :  0.2083 0.0068 0.0090 0.0000 0.2020 0.0000 0.1355 0.1710 0.0694 0.0141 0.1839 
 94       94   (0)      7 :  0.0000 0.0000 0.0000 0.0000 0.0000 1.0000 0.0000 0.0000 0.0000 0.0000 0.0000 
 95       95   (0)      6 :  0.0363 0.1246 0.0000 0.0060 0.0000 0.1987 0.2965 0.0005 0.3021 0.0000 0.0353 
 96       96   (0)      6 :  0.0000 0.0000 0.0000 0.0000 0.0000 0.0000 0.3076 0.0000 0.6924 0.0000 0.0000 
 97       97   (0)      6 :  0.0141 0.0000 0.0135 0.0000 0.2757 0.0010 0.2122 0.0245 0.4460 0.0132 0.0000 
 98       98   (0)      6 :  0.0237 0.1959 0.0033 0.0000 0.1190 0.0354 0.2689 0.0115 0.2888 0.0468 0.0067 
 99       99   (0)      6 :  0.0219 0.0830 0.0090 0.0000 0.0066 0.0000 0.3146 0.0000 0.2495 0.0000 0.3154 
100      100   (0)      6 :  0.0687 0.0081 0.0000 0.0796 0.0000 0.0000 0.2940 0.0315 0.3270 0.0000 0.1911 
101      101   (0)      6 :  0.0211 0.1064 0.0000 0.0000 0.0547 0.0060 0.4077 0.0023 0.4019 0.0000 0.0000 
102      102   (0)      6 :  0.0462 0.2461 0.0000 0.0000 0.0000 0.0000 0.3759 0.0000 0.3286 0.0033 0.0000 
103      103   (0)      8 :  0.0411 0.0000 0.3287 0.0000 0.0000 0.0246 0.0335 0.1482 0.0635 0.2373 0.1232 
104      104   (0)      8 :  0.0769 0.0115 0.0211 0.0231 0.0000 0.0000 0.0300 0.0222 0.0000 0.4990 0.3163 
105      105   (0)      8 :  0.0126 0.0000 0.2554 0.0000 0.0139 0.0093 0.0669 0.4108 0.0001 0.0266 0.2044 
106      106   (0)      8 :  0.2553 0.0000 0.0069 0.1457 0.1218 0.0002 0.0146 0.0000 0.0000 0.4484 0.0071 
107      107   (0)      8 :  0.1185 0.0000 0.0189 0.1261 0.2468 0.0554 0.0059 0.0000 0.0000 0.4284 0.0000 
108      108   (0)      8 :  0.0020 0.0058 0.0641 0.0000 0.3121 0.1034 0.1697 0.0207 0.0000 0.1172 0.2050 
109      109   (0)      8 :  0.0259 0.0000 0.1693 0.0104 0.0009 0.0062 0.0183 0.0590 0.0000 0.3012 0.4089 
110      110   (0)      8 :  0.0022 0.0040 0.0036 0.0045 0.0000 0.0000 0.0400 0.0106 0.0000 0.5712 0.3640 
111      111   (0)      8 :  0.0770 0.1013 0.2686 0.0362 0.0011 0.0175 0.0215 0.0075 0.0000 0.4545 0.0149 
112      112   (0)      8 :  0.0187 0.1777 0.0040 0.0175 0.0049 0.0000 0.0198 0.0058 0.0000 0.5862 0.1654 
113      113   (0)      8 :  0.0963 0.0000 0.1428 0.0984 0.0049 0.0048 0.0177 0.0470 0.0000 0.2580 0.3302 
114      114   (0)      8 :  0.0969 0.3449 0.0040 0.0000 0.0334 0.0014 0.0302 0.0000 0.0000 0.4796 0.0097 
115      115   (0)      8 :  0.0000 0.0000 0.0000 0.0000 0.0000 1.0000 0.0000 0.0000 0.0000 0.0000 0.0000 
116      116   (0)      8 :  0.0084 0.0000 0.0000 0.0000 0.0001 0.0000 0.0302 0.0385 0.0000 0.2097 0.7131 
117      117   (0)      8 :  0.0534 0.0000 0.2078 0.1395 0.1485 0.0661 0.0387 0.1692 0.0095 0.1674 0.0000 
118      118   (0)      8 :  0.0587 0.1972 0.0000 0.0674 0.0020 0.0000 0.0089 0.0590 0.0146 0.5921 0.0000 
119      119   (0)      8 :  0.2625 0.0038 0.0039 0.2857 0.0803 0.0000 0.0136 0.0101 0.0000 0.3387 0.0014 
120      120   (0)      8 :  0.2219 0.0001 0.0028 0.2056 0.0323 0.0189 0.0116 0.0218 0.0749 0.4101 0.0000 
121      121   (0)      8 :  0.0534 0.0000 0.0022 0.1278 0.0069 0.0011 0.0249 0.0027 0.0000 0.5492 0.2317 
122      122   (0)      8 :  0.0088 0.0055 0.0330 0.0000 0.3561 0.0014 0.1297 0.1865 0.0069 0.2163 0.0558 
123      123   (0)      8 :  0.1030 0.0412 0.0050 0.0783 0.1006 0.0000 0.0336 0.2253 0.1234 0.2801 0.0094 
124      124   (0)      8 :  0.0000 0.0000 0.0000 0.0000 0.0000 1.0000 0.0000 0.0000 0.0000 0.0000 0.0000 
125      125   (0)      8 :  0.1359 0.2807 0.0276 0.1081 0.0438 0.0338 0.0605 0.0000 0.0000 0.2755 0.0340 
126      126   (0)      3 :  0.0105 0.0000 0.1737 0.0000 0.2055 0.0094 0.0673 0.2558 0.0000 0.1107 0.1671 
127      127   (0)      3 :  0.0656 0.0012 0.0041 0.0006 0.0195 0.0000 0.0746 0.0459 0.0000 0.0542 0.7344 
128      128   (0)      3 :  0.2299 0.0000 0.0310 0.1162 0.0703 0.0037 0.0260 0.0135 0.0000 0.4418 0.0676 
129      129   (0)      3 :  0.1553 0.0000 0.0064 0.1334 0.1771 0.0000 0.0643 0.1234 0.0000 0.1439 0.1962 
130      130   (0)      3 :  0.0008 0.0060 0.0053 0.0098 0.0121 0.0000 0.0582 0.0207 0.0000 0.5255 0.3615 
131      131   (0)      3 :  0.0324 0.0000 0.0045 0.0969 0.1302 0.0015 0.0085 0.2102 0.0037 0.5122 0.0000 
132      132   (0)      3 :  0.0713 0.0000 0.0008 0.0693 0.1153 0.0530 0.0083 0.0535 0.0000 0.6019 0.0267 
133      133   (0)      3 :  0.0580 0.0000 0.0912 0.0902 0.3058 0.0000 0.0827 0.0219 0.0000 0.2610 0.0892 
134      134   (0)      3 :  0.0396 0.0031 0.0113 0.0101 0.2597 0.1330 0.0136 0.2311 0.0029 0.2955 0.0000 
135      135   (0)      3 :  0.0118 0.0061 0.1111 0.0000 0.3071 0.1595 0.0365 0.2068 0.0097 0.1516 0.0000 
136      136   (0)      3 :  0.1041 0.0024 0.2105 0.0214 0.0571 0.0074 0.0292 0.1888 0.0035 0.3420 0.0335 
137      137   (0)      3 :  0.0771 0.0000 0.1512 0.0287 0.0000 0.0065 0.0185 0.2217 0.0143 0.4606 0.0214 
138      138   (0)      3 :  0.0735 0.0051 0.0256 0.0754 0.0848 0.0000 0.0218 0.1001 0.0611 0.5527 0.0000 
139      139   (0)      3 :  0.1519 0.0783 0.0095 0.1573 0.0050 0.0003 0.0613 0.0105 0.0000 0.4847 0.0412 
140      140   (0)      3 :  0.0043 0.0000 0.0000 0.0000 0.0125 0.0456 0.0426 0.3077 0.0014 0.3297 0.2562 
141      141   (0)      3 :  0.1316 0.0021 0.0137 0.2273 0.2883 0.0001 0.0092 0.1251 0.0004 0.2023 0.0000 
142      142   (0)      3 :  0.0842 0.0000 0.0180 0.1621 0.4310 0.0000 0.0647 0.0046 0.0000 0.1054 0.1301 
143      143   (0)      3 :  0.0472 0.0000 0.0083 0.1491 0.0749 0.0000 0.0045 0.0173 0.0000 0.6988 0.0000 
144      144   (0)      3 :  0.0000 0.0000 0.0000 0.0000 0.0098 0.0273 0.0652 0.3275 0.0040 0.3468 0.2194 
145      145   (0)      3 :  0.0673 0.0088 0.0244 0.1270 0.3835 0.0000 0.0716 0.0078 0.0000 0.2601 0.0495 
146      146   (0)      3 :  0.1970 0.0000 0.0118 0.2717 0.1227 0.0000 0.0346 0.0174 0.0000 0.1642 0.1805 
147      147   (0)      3 :  0.1568 0.0000 0.2828 0.0700 0.0231 0.0283 0.0120 0.0087 0.0050 0.4125 0.0008 
148      148   (0)      3 :  0.1995 0.0002 0.0243 0.1887 0.4330 0.0185 0.0281 0.0418 0.0219 0.0430 0.0010 
149      149   (0)      3 :  0.2974 0.0000 0.0428 0.2004 0.0781 0.0012 0.0202 0.0008 0.0000 0.3479 0.0111 
150      150   (0)      3 :  0.0685 0.2079 0.0603 0.0860 0.2470 0.0000 0.0106 0.0085 0.0000 0.3112 0.0000 
151      151   (0)      3 :  0.1737 0.0000 0.0115 0.1996 0.1892 0.0277 0.0095 0.0056 0.0008 0.3815 0.0009 
152      152   (0)      3 :  0.0436 0.0000 0.0118 0.0179 0.2870 0.0025 0.1137 0.3917 0.0142 0.0705 0.0470 
153      153   (0)      8 :  0.0168 0.1517 0.0126 0.0000 0.2406 0.0000 0.1356 0.0040 0.0000 0.3230 0.1156 
154      154   (0)      8 :  0.0117 0.0000 0.2659 0.0000 0.0032 0.7193 0.0000 0.0000 0.0000 0.0000 0.0000 
155      155   (0)      8 :  0.1661 0.0001 0.0664 0.1576 0.0110 0.0019 0.0234 0.0097 0.0000 0.3230 0.2407 
156      156   (0)      8 :  0.0646 0.0864 0.0153 0.1252 0.1372 0.0787 0.0934 0.0160 0.1765 0.1969 0.0098 
157      157   (0)      8 :  0.0544 0.1506 0.0000 0.0072 0.0558 0.0000 0.0380 0.2096 0.0009 0.3394 0.1441 
158      158   (0)      8 :  0.0235 0.0021 0.0020 0.0035 0.2249 0.0101 0.0723 0.3504 0.0103 0.2461 0.0548 
159      159   (0)      8 :  0.0126 0.1849 0.0021 0.0000 0.0591 0.0577 0.0282 0.2720 0.0004 0.3644 0.0185 
160      160   (0)      1 :  0.2522 0.0000 0.0000 0.2252 0.0022 0.0000 0.0068 0.1264 0.3098 0.0774 0.0000 
161      161   (0)      1 :  0.1545 0.2523 0.0021 0.0563 0.0000 0.0000 0.0876 0.0073 0.1487 0.0016 0.2897 
162      162   (0)      1 :  0.3139 0.0145 0.0000 0.2784 0.0000 0.0000 0.0301 0.1878 0.1477 0.0276 0.0000 
163      163   (0)      1 :  0.0322 0.0000 0.0000 0.1001 0.0000 0.0023 0.0607 0.1233 0.4183 0.0000 0.2633 
164      164   (0)      1 :  0.2751 0.0000 0.0000 0.4060 0.0000 0.0000 0.0134 0.0000 0.2787 0.0000 0.0268 
165      165   (0)      1 :  0.0685 0.0000 0.0242 0.0799 0.0000 0.0006 0.0578 0.0123 0.2342 0.3388 0.1837 
166      166   (0)      1 :  0.2309 0.0000 0.0000 0.2118 0.0000 0.0000 0.0016 0.1824 0.3675 0.0009 0.0048 
167      167   (0)      1 :  0.5199 0.0000 0.0000 0.3389 0.0000 0.0000 0.0259 0.0025 0.0225 0.0000 0.0904 
168      168   (0)      2 :  0.1296 0.0472 0.0173 0.0839 0.0226 0.0000 0.1512 0.0000 0.0335 0.0000 0.5147 
169      169   (0)      2 :  0.3578 0.0073 0.0310 0.2370 0.0455 0.0000 0.0308 0.0011 0.0726 0.2164 0.0004 
170      170   (0)      2 :  0.2219 0.0000 0.0007 0.3305 0.0265 0.0000 0.0213 0.0406 0.0946 0.2245 0.0395 
171      171   (0)      2 :  0.0000 0.1794 0.0064 0.0000 0.1866 0.0000 0.1214 0.0355 0.0000 0.1501 0.3207 
172      172   (0)      2 :  0.4680 0.0121 0.0000 0.2926 0.0015 0.0124 0.0388 0.0050 0.0035 0.0029 0.1632 
173      173   (0)      2 :  0.0000 0.0000 0.0000 0.0000 0.0192 0.0000 0.0697 0.1046 0.0238 0.2160 0.5667 
174      174   (0)      2 :  0.1496 0.0009 0.0067 0.2504 0.0038 0.0002 0.0625 0.0000 0.3955 0.0000 0.1305 
175      175   (0)      2 :  0.0974 0.1935 0.0379 0.0868 0.2578 0.0000 0.2005 0.0314 0.0128 0.0000 0.0819 
176      176   (0)      1 :  0.1729 0.0000 0.0000 0.1484 0.0575 0.0000 0.1003 0.0879 0.1147 0.0494 0.2690 
177      177   (0)      1 :  0.0664 0.2696 0.0000 0.0469 0.0000 0.0000 0.0000 0.0617 0.5404 0.0150 0.0000 
178      178   (0)      1 :  0.0038 0.0000 0.0023 0.0112 0.0195 0.0130 0.0867 0.1001 0.4192 0.1268 0.2174 
179      179   (0)      1 :  0.0578 0.0000 0.0000 0.0558 0.0040 0.0000 0.0650 0.0519 0.7312 0.0019 0.0324 
180      180   (0)      1 :  0.0000 0.0120 0.0086 0.0008 0.0046 0.0000 0.1530 0.0105 0.4968 0.0091 0.3045 
181      181   (0)      1 :  0.0000 0.0000 0.0000 0.0334 0.0000 0.0000 0.0042 0.0000 0.9624 0.0000 0.0000 
182      182   (0)      2 :  0.0386 0.2471 0.0087 0.0000 0.0105 0.0000 0.1300 0.0501 0.2065 0.0041 0.3044 
183      183   (0)      2 :  0.3614 0.0033 0.0070 0.3063 0.0374 0.0148 0.0280 0.0263 0.1575 0.0483 0.0096 
184      184   (0)      2 :  0.0027 0.1675 0.0015 0.0000 0.0020 0.0000 0.0660 0.0278 0.0000 0.0009 0.7315 
185      185   (0)      2 :  0.5820 0.0119 0.0042 0.3527 0.0190 0.0000 0.0228 0.0000 0.0000 0.0000 0.0074 
186      186   (0)      2 :  0.0078 0.4097 0.0326 0.0000 0.0796 0.0000 0.2635 0.0000 0.0000 0.0000 0.2068 
187      187   (0)      1 :  0.0000 0.3505 0.0120 0.0000 0.0000 0.0000 0.1079 0.0094 0.0858 0.0000 0.4344 
188      188   (0)      1 :  0.0319 0.0067 0.0200 0.1384 0.0127 0.0313 0.0250 0.0000 0.4363 0.2978 0.0000 
189      189   (0)      1 :  0.0000 0.4216 0.0000 0.0000 0.0000 0.0000 0.0274 0.1171 0.3214 0.1125 0.0000 
190      190   (0)      1 :  0.1381 0.0115 0.0000 0.1886 0.0000 0.0000 0.0014 0.0000 0.6604 0.0000 0.0000 
191      191   (0)      1 :  0.0030 0.0172 0.0025 0.0110 0.0000 0.0000 0.0821 0.1299 0.2265 0.0034 0.5244 
192      192   (0)      1 :  0.1180 0.1167 0.0000 0.0985 0.0000 0.0000 0.0759 0.0511 0.5388 0.0009 0.0000 
193      193   (0)      1 :  0.1563 0.0000 0.0000 0.0987 0.0000 0.0000 0.0057 0.0178 0.7214 0.0000 0.0000 
194      194   (0)      1 :  0.0000 0.0000 0.0013 0.0067 0.0175 0.0267 0.0907 0.0947 0.4830 0.0381 0.2412 
195      195   (0)      2 :  0.1782 0.0000 0.0005 0.1444 0.0000 0.0000 0.0349 0.0332 0.2513 0.0000 0.3575 
196      196   (0)      2 :  0.0000 0.2225 0.0066 0.0000 0.0096 0.0000 0.0950 0.0089 0.0787 0.3155 0.2633 
197      197   (0)      2 :  0.3623 0.0505 0.0009 0.1215 0.0125 0.0345 0.0102 0.1301 0.2560 0.0215 0.0000 
198      198   (0)      2 :  0.1854 0.0000 0.0650 0.1473 0.0441 0.0000 0.0251 0.0000 0.2677 0.1800 0.0854 
199      199   (0)      2 :  0.3988 0.1346 0.0000 0.2680 0.0000 0.0074 0.0213 0.0000 0.1325 0.0374 0.0000 
200      200   (0)      2 :  0.1505 0.0000 0.0007 0.0103 0.0142 0.0000 0.0645 0.0348 0.0054 0.0000 0.7196 
201      201   (0)      2 :  0.1308 0.0438 0.0212 0.1076 0.1094 0.0000 0.1935 0.0068 0.0722 0.0033 0.3115 
202      202   (0)      2 :  0.2143 0.0155 0.0020 0.3430 0.0031 0.0000 0.0018 0.0832 0.1641 0.1729 0.0000 
203      203   (0)      2 :  0.3315 0.0020 0.0000 0.3977 0.0000 0.0000 0.0139 0.0059 0.1114 0.0000 0.1377 
204      204   (0)      2 :  0.3001 0.0000 0.0000 0.4217 0.0091 0.0000 0.0336 0.0000 0.0202 0.0964 0.1190 
205      205   (0)      2 :  0.3291 0.0000 0.0000 0.2344 0.0000 0.0000 0.0074 0.2997 0.1287 0.0000 0.0007 
206      206   (0)      2 :  0.2182 0.0052 0.2072 0.2100 0.0498 0.0072 0.0137 0.0055 0.0465 0.0932 0.1436 
207      207   (0)      2 :  0.2702 0.0000 0.0337 0.2231 0.0277 0.0006 0.0710 0.0124 0.0030 0.0000 0.3583 
208      208   (0)      9 :  0.0178 0.0009 0.0000 0.2129 0.0008 0.0004 0.0161 0.4117 0.0000 0.0000 0.3393 
209      209   (0)      9 :  0.0000 0.0019 0.0002 0.0780 0.0000 0.1120 0.0614 0.4710 0.0000 0.0250 0.2505 
210      210   (0)      9 :  0.0000 0.3721 0.0084 0.4834 0.0014 0.0018 0.0244 0.0000 0.0000 0.1086 0.0000 
211      211   (0)      9 :  0.0000 0.3353 0.0067 0.0233 0.0054 0.0064 0.0693 0.3850 0.0244 0.0630 0.0813 
212      212   (0)      9 :  0.0003 0.1401 0.0223 0.1352 0.0069 0.1099 0.1162 0.0027 0.0000 0.0622 0.4042 
213      213   (0)      9 :  0.0160 0.2065 0.0098 0.5383 0.0029 0.0008 0.0461 0.0034 0.0080 0.1620 0.0063 
214      214   (0)      9 :  0.0022 0.0427 0.0563 0.3606 0.0319 0.0135 0.0798 0.0080 0.0000 0.0013 0.4036 
215      215   (0)      9 :  0.0219 0.2287 0.0000 0.4104 0.0000 0.0000 0.0000 0.3390 0.0000 0.0000 0.0000 
216      216   (0)      9 :  0.0000 0.7759 0.0318 0.0000 0.0072 0.0000 0.1596 0.0000 0.0000 0.0000 0.0254 
217      217   (0)      9 :  0.0494 0.0000 0.1076 0.7981 0.0000 0.0059 0.0013 0.0004 0.0183 0.0191 0.0000 
218      218   (0)      9 :  0.0122 0.1580 0.3125 0.0334 0.1215 0.0080 0.2005 0.0000 0.0000 0.0129 0.1409 
219      219   (0)      9 :  0.0850 0.0096 0.0040 0.8799 0.0000 0.0000 0.0194 0.0000 0.0017 0.0000 0.0005 
220      220   (0)      9 :  0.0036 0.2537 0.0026 0.0967 0.0000 0.0000 0.0348 0.1109 0.0000 0.0000 0.4977 
221      221   (0)      9 :  0.1932 0.0000 0.0036 0.4805 0.0433 0.0000 0.0697 0.0025 0.0231 0.0000 0.1840 
222      222   (0)      9 :  0.0800 0.0053 0.0000 0.2296 0.0000 0.0000 0.0064 0.3967 0.0036 0.0000 0.2784 
223      223   (0)      9 :  0.0193 0.0200 0.0921 0.0295 0.0012 0.0000 0.0812 0.0276 0.0000 0.0280 0.7011 
224      224   (0)      9 :  0.1022 0.0114 0.0057 0.7555 0.0541 0.0080 0.0179 0.0414 0.0000 0.0039 0.0000 
225      225   (0)      9 :  0.2333 0.0000 0.0000 0.6679 0.0023 0.0000 0.0000 0.0037 0.0000 0.0903 0.0025 
226      226   (0)      9 :  0.0164 0.0087 0.0024 0.2362 0.0131 0.0000 0.0027 0.6678 0.0527 0.0000 0.0000 
227      227   (0)      9 :  0.0060 0.4947 0.0220 0.3771 0.0000 0.0023 0.0599 0.0120 0.0160 0.0000 0.0101 
228      228   (0)      9 :  0.0159 0.0008 0.0055 0.7022 0.0023 0.0000 0.0175 0.0189 0.0000 0.0000 0.2370 
229      229   (0)      9 :  0.1497 0.0000 0.0053 0.4908 0.0214 0.0000 0.0061 0.3205 0.0000 0.0062 0.0000 
230      230   (0)      9 :  0.0913 0.0548 0.0078 0.7314 0.0042 0.0000 0.0678 0.0046 0.0365 0.0000 0.0018 
231      231   (0)      9 :  0.0212 0.0223 0.0000 0.2318 0.0028 0.0000 0.0000 0.7044 0.0176 0.0000 0.0000 
232      232   (0)      9 :  0.0179 0.0000 0.0000 0.2663 0.0000 0.0000 0.0114 0.2914 0.0052 0.0000 0.4079 
233      233   (0)      9 :  0.0000 0.4707 0.0116 0.0945 0.0000 0.0000 0.0356 0.3861 0.0000 0.0000 0.0015 
234      234   (0)      9 :  0.0000 0.0025 0.0086 0.9351 0.0033 0.0000 0.0167 0.0002 0.0000 0.0000 0.0337 
235      235   (0)      9 :  0.0760 0.2109 0.0056 0.3867 0.0000 0.0000 0.0304 0.0423 0.0000 0.0000 0.2481 
236      236   (0)      9 :  0.0116 0.0250 0.0000 0.2202 0.0049 0.0044 0.0014 0.7245 0.0082 0.0000 0.0000 
237      237   (0)     10 :  0.0750 0.2718 0.0844 0.0115 0.0000 0.0280 0.0228 0.3968 0.0846 0.0213 0.0038 
238      238   (0)     10 :  0.3014 0.1341 0.0002 0.4142 0.0012 0.0000 0.0214 0.0164 0.0893 0.0000 0.0217 
239      239   (0)     10 :  0.1943 0.0000 0.0000 0.8057 0.0000 0.0000 0.0000 0.0000 0.0000 0.0000 0.0000 
240      240   (0)     10 :  0.0078 0.0097 0.0000 0.0603 0.0000 0.0000 0.0453 0.0513 0.0000 0.0000 0.8255 
241      241   (0)     10 :  0.0026 0.0155 0.0049 0.0712 0.0027 0.0026 0.0315 0.3042 0.0011 0.0000 0.5637 
242      242   (0)     10 :  0.2933 0.0510 0.0161 0.3810 0.0510 0.0162 0.0303 0.1335 0.0000 0.0000 0.0277 
243      243   (0)     10 :  0.3756 0.0438 0.0000 0.4717 0.0000 0.0000 0.0001 0.0966 0.0084 0.0000 0.0039 
244      244   (0)     10 :  0.0000 0.3473 0.0317 0.0091 0.0000 0.0000 0.2257 0.0000 0.1464 0.0000 0.2398 
245      245   (0)     10 :  0.0131 0.5632 0.0114 0.0360 0.0000 0.0000 0.0355 0.3156 0.0112 0.0000 0.0140 
246      246   (0)     10 :  0.0306 0.4655 0.4734 0.0000 0.0000 0.0163 0.0000 0.0142 0.0000 0.0000 0.0000 
247      247   (0)     10 :  0.0057 0.0693 0.0002 0.2679 0.0000 0.0078 0.0140 0.6158 0.0192 0.0000 0.0000 
248      248   (0)     10 :  0.1022 0.1209 0.5895 0.0023 0.0033 0.0122 0.0000 0.1697 0.0000 0.0000 0.0000 
249      249   (0)     10 :  0.1835 0.0021 0.0490 0.3694 0.0043 0.0076 0.1148 0.0831 0.1861 0.0000 0.0000 
250      250   (0)     10 :  0.0733 0.0145 0.1015 0.0089 0.0489 0.0078 0.0690 0.3781 0.1505 0.0078 0.1395 
251      251   (0)     10 :  0.0000 0.2984 0.0046 0.0084 0.0001 0.0010 0.1660 0.0686 0.4529 0.0000 0.0000 
252      252   (0)     10 :  0.0705 0.0258 0.1489 0.0906 0.0327 0.0026 0.0247 0.4946 0.0046 0.0000 0.1051 
253      253   (0)     10 :  0.0998 0.6267 0.0000 0.1176 0.0000 0.0000 0.0026 0.1517 0.0016 0.0000 0.0000 
254      254   (0)     10 :  0.0018 0.1229 0.0033 0.3035 0.0000 0.0005 0.0437 0.1010 0.0756 0.0000 0.3477 
255      255   (0)     10 :  0.0176 0.2043 0.0186 0.0011 0.2270 0.0087 0.0787 0.1892 0.2547 0.0000 0.0000 
256      256   (0)     10 :  0.0406 0.5516 0.0233 0.0000 0.0000 0.0134 0.1178 0.0273 0.2238 0.0022 0.0000 
257      257   (0)     10 :  0.0000 0.0027 0.0033 0.0036 0.0130 0.0076 0.0624 0.5905 0.0583 0.0487 0.2100 
258      258   (0)     10 :  0.0189 0.5768 0.0097 0.0150 0.0010 0.0000 0.0274 0.2925 0.0588 0.0000 0.0000 
259      259   (0)     10 :  0.0188 0.2161 0.0990 0.0108 0.0000 0.0036 0.0257 0.3580 0.0592 0.0000 0.2090 
260      260   (0)     10 :  0.0990 0.2909 0.0101 0.5323 0.0000 0.0000 0.0032 0.0645 0.0000 0.0000 0.0000 
261      261   (0)     10 :  0.0108 0.3254 0.0062 0.0000 0.0026 0.0000 0.0718 0.0350 0.0000 0.0000 0.5482 
262      262   (0)     10 :  0.1253 0.4633 0.0000 0.0121 0.0070 0.0000 0.0258 0.3485 0.0179 0.0000 0.0000 
263      263   (0)     10 :  0.1267 0.0983 0.0203 0.0626 0.0495 0.2108 0.0606 0.1442 0.2270 0.0000 0.0000 
264      264   (0)     11 :  0.0155 0.0632 0.6697 0.0000 0.1691 0.0095 0.0712 0.0000 0.0000 0.0000 0.0018 
265      265   (0)     11 :  0.2901 0.1234 0.1386 0.2745 0.0932 0.0000 0.0789 0.0000 0.0000 0.0000 0.0014 
266      266   (0)     11 :  0.0000 0.0000 0.6836 0.0000 0.2279 0.0015 0.0869 0.0000 0.0000 0.0000 0.0000 
267      267   (0)     11 :  0.0027 0.0028 0.3990 0.0000 0.1354 0.0000 0.0721 0.0193 0.0000 0.0000 0.3687 
268      268   (0)     11 :  0.0000 0.2091 0.2679 0.0000 0.3107 0.0000 0.1666 0.0000 0.0000 0.0000 0.0457 
269      269   (0)     11 :  0.0123 0.0755 0.6902 0.0000 0.1438 0.0149 0.0633 0.0000 0.0000 0.0000 0.0000 
270      270   (0)     11 :  0.0403 0.0381 0.2155 0.1711 0.4532 0.0000 0.0594 0.0069 0.0000 0.0127 0.0028 
271      271   (0)     11 :  0.0000 0.2715 0.2520 0.0000 0.1599 0.0000 0.2244 0.0000 0.0000 0.0000 0.0922 
272      272   (0)     11 :  0.0000 0.3471 0.1755 0.0000 0.3064 0.0000 0.1403 0.0000 0.0000 0.0055 0.0251 
273      273   (0)     12 :  0.1608 0.0000 0.0028 0.5172 0.0025 0.0004 0.0127 0.0043 0.0028 0.1144 0.1822 
274      274   (0)     12 :  0.1995 0.0000 0.0467 0.1550 0.0227 0.0000 0.1009 0.2454 0.0000 0.0031 0.2267 
275      275   (0)     12 :  0.0092 0.0000 0.0027 0.5535 0.0000 0.0000 0.0193 0.0227 0.0000 0.0000 0.3925 
276      276   (0)     12 :  0.0000 0.0000 0.0091 0.0091 0.0044 0.0000 0.0823 0.0347 0.0000 0.0000 0.8604 
277      277   (0)     12 :  0.1081 0.3769 0.0112 0.3701 0.0000 0.0000 0.0494 0.0387 0.0379 0.0000 0.0077 
278      278   (0)     12 :  0.0327 0.0000 0.0053 0.3108 0.0054 0.0000 0.0543 0.1697 0.0000 0.0883 0.3334 
279      279   (0)     12 :  0.0017 0.0002 0.0000 0.1157 0.0000 0.0000 0.0226 0.4639 0.0000 0.0083 0.3876 
280      280   (0)     12 :  0.0043 0.0000 0.0000 0.4274 0.0000 0.0000 0.0084 0.5348 0.0098 0.0153 0.0000 
281      281   (0)     12 :  0.0029 0.0000 0.0030 0.2954 0.0037 0.0911 0.0282 0.1423 0.0000 0.0000 0.4333 
282      282   (0)     12 :  0.0000 0.0000 0.0000 0.0000 0.0000 1.0000 0.0000 0.0000 0.0000 0.0000 0.0000 
283      283   (0)     12 :  0.1361 0.0000 0.0019 0.5469 0.0038 0.0000 0.0193 0.0047 0.0000 0.1014 0.1860 
284      284   (0)     12 :  0.0005 0.0034 0.0150 0.0000 0.0283 0.0056 0.1141 0.1504 0.0000 0.3091 0.3736 
285      285   (0)     12 :  0.0059 0.0000 0.0093 0.1180 0.0068 0.0000 0.0794 0.0291 0.0000 0.0000 0.7514 
286      286   (0)     12 :  0.0000 0.2492 0.0500 0.0066 0.1044 0.0000 0.3765 0.0025 0.0005 0.0000 0.2103 
287      287   (0)     12 :  0.0095 0.0014 0.0086 0.6576 0.0081 0.0002 0.0388 0.0439 0.0348 0.0000 0.1970 
288      288   (0)     12 :  0.0023 0.3727 0.0111 0.3580 0.0000 0.0000 0.0674 0.0000 0.0000 0.0000 0.1885 
289      289   (0)     12 :  0.0038 0.0011 0.0080 0.9203 0.0031 0.0008 0.0206 0.0035 0.0000 0.0000 0.0389 
290      290   (0)     12 :  0.0273 0.1465 0.0340 0.0636 0.1652 0.0000 0.1842 0.2729 0.0864 0.0000 0.0200 
291      291   (0)     12 :  0.0763 0.1101 0.0129 0.4746 0.0636 0.0000 0.0184 0.0632 0.0000 0.1183 0.0625 
292      292   (0)     12 :  0.1875 0.0787 0.0053 0.7039 0.0018 0.0000 0.0228 0.0000 0.0000 0.0000 0.0000 
293      293   (0)     12 :  0.0000 0.0512 0.0217 0.4885 0.0095 0.0000 0.1192 0.0000 0.0000 0.0000 0.3099 
294      294   (0)     12 :  0.0000 0.1240 0.0152 0.3559 0.0000 0.0000 0.0857 0.0000 0.0594 0.0000 0.3598 
295      295   (0)     12 :  0.0018 0.0205 0.0089 0.3853 0.0000 0.0000 0.0632 0.0153 0.0019 0.0000 0.5031 
296      296   (0)     12 :  0.0322 0.0116 0.0206 0.5741 0.2044 0.0000 0.1206 0.0201 0.0000 0.0000 0.0164 
297      297   (0)     12 :  0.0363 0.0000 0.0142 0.2962 0.0098 0.0000 0.0903 0.0109 0.0000 0.0000 0.5422 
298      298   (0)     12 :  0.0057 0.0415 0.0095 0.0133 0.0036 0.0602 0.0861 0.3943 0.0104 0.0000 0.3754 
299      299   (0)     12 :  0.0074 0.0013 0.0887 0.1540 0.0064 0.0478 0.0400 0.5023 0.0234 0.0088 0.1199 
300      300   (0)     12 :  0.0000 0.0000 0.0077 0.0397 0.0000 0.0000 0.0675 0.0540 0.0000 0.0000 0.8311 
