  1        1   (0)      1 :  0.0014 0.5731 0.0000 0.0000 0.4255 0.0000 
  2        2   (0)      1 :  0.0492 0.3643 0.0923 0.0137 0.0330 0.4475 
  3        3   (0)      1 :  0.0162 0.4637 0.0000 0.2055 0.2293 0.0853 
  4        4   (0)      1 :  0.2306 0.6938 0.0287 0.0058 0.0000 0.0411 
  5        5   (0)      1 :  0.1210 0.1627 0.0274 0.0005 0.3671 0.3214 
  6        6   (0)      2 :  0.0244 0.7083 0.0000 0.2672 0.0000 0.0001 
  7        7   (0)      1 :  0.0000 0.8028 0.0000 0.0000 0.0000 0.1972 
  8        8   (0)      3 :  0.0509 0.0000 0.4823 0.0852 0.3816 0.0000 
  9        9   (0)      4 :  0.6110 0.0690 0.1270 0.1930 0.0000 0.0000 
 10       10   (0)      4 :  0.0056 0.0832 0.4186 0.1519 0.0169 0.3238 
 11       11   (0)      4 :  0.2437 0.0178 0.2604 0.0900 0.3881 0.0000 
 12       12   (0)      4 :  0.8105 0.1056 0.0823 0.0017 0.0000 0.0000 
 13       13   (0)      4 :  0.0385 0.1966 0.5336 0.0000 0.0000 0.2313 
 14       14   (0)      5 :  0.0141 0.0721 0.3025 0.1074 0.2338 0.2702 
 15       15   (0)      4 :  0.0453 0.0000 0.4538 0.1361 0.3648 0.0000 
 16       16   (0)      5 :  0.0330 0.1793 0.4710 0.0029 0.0153 0.2985 
 17       17   (0)      5 :  0.0370 0.0000 0.5799 0.0997 0.0000 0.2834 
 18       18   (0)      5 :  0.0555 0.0000 0.5316 0.2662 0.1468 0.0000 
 19       19   (0)      5 :  0.0515 0.0000 0.7357 0.0030 0.0000 0.2098 
 20       20   (0)      5 :  0.1605 0.0066 0.2970 0.0000 0.5359 0.0000 
 21       21   (0)      5 :  0.0572 0.0000 0.5736 0.0000 0.3692 0.0000 
 22       22   (0)      5 :  0.1895 0.0099 0.3465 0.1871 0.0921 0.1749 
 23       23   (0)      5 :  0.1111 0.0000 0.5297 0.0010 0.3581 0.0000 
 24       24   (0)      5 :  0.0563 0.0002 0.6117 0.1805 0.0000 0.1513 
 25       25   (0)      5 :  0.1111 0.0000 0.4740 0.0000 0.4131 0.0018 
 26       26   (0)      5 :  0.2297 0.0000 0.7588 0.0000 0.0000 0.0114 
 27       27   (0)      5 :  0.0123 0.0000 0.3677 0.0000 0.0000 0.6199 
 28       28   (0)      5 :  0.0282 0.0000 0.4131 0.1101 0.1306 0.3180 
 29       29   (0)      5 :  0.2088 0.0036 0.5419 0.0190 0.1804 0.0463 
 30       30   (0)      5 :  0.0054 0.0000 0.2254 0.0030 0.4649 0.3012 
 31       31   (0)      5 :  0.0159 0.0000 0.3411 0.0000 0.4647 0.1782 
 32       32   (0)      5 :  0.0124 0.0000 0.3797 0.0696 0.0484 0.4900 
 33       33   (0)      5 :  0.0646 0.0000 0.7597 0.0000 0.0000 0.1757 
 34       34   (0)      5 :  0.0685 0.0000 0.5349 0.0000 0.1149 0.2816 
 35       35   (0)      5 :  0.1559 0.0915 0.6186 0.0221 0.1119 0.0000 
 36       36   (0)      5 :  0.3808 0.0298 0.3540 0.0000 0.0488 0.1866 
 37       37   (0)      5 :  0.1567 0.0000 0.4685 0.0000 0.0004 0.3744 
 38       38   (0)      5 :  0.1724 0.0000 0.4285 0.0000 0.3991 0.0000 
 39       39   (0)      5 :  0.0049 0.0000 0.4458 0.0288 0.0000 0.5206 
 40       40   (0)      5 :  0.2238 0.0694 0.3029 0.1056 0.2982 0.0000 
 41       41   (0)      4 :  0.4548 0.0125 0.5257 0.0024 0.0000 0.0046 
 42       42   (0)      4 :  0.2186 0.0000 0.1776 0.1881 0.0861 0.3296 
 43       43   (0)      4 :  0.0207 0.0000 0.2768 0.1211 0.5814 0.0000 
 44       44   (0)      4 :  0.1229 0.0320 0.3211 0.0154 0.0000 0.5086 
 45       45   (0)      5 :  0.1978 0.0553 0.1990 0.0412 0.2783 0.2284 
 46       46   (0)      4 :  0.0272 0.0000 0.3365 0.1985 0.4377 0.0000 
 47       47   (0)      4 :  0.0296 0.3053 0.4490 0.0477 0.0138 0.1547 
 48       48   (0)      4 :  0.1722 0.1526 0.4923 0.0024 0.0000 0.1805 
 49       49   (0)      4 :  0.1961 0.0437 0.6108 0.0000 0.0092 0.1402 
 50       50   (0)      5 :  0.2682 0.1087 0.2158 0.0000 0.1368 0.2704 
 51       51   (0)      4 :  0.0184 0.0337 0.3143 0.0076 0.2008 0.4251 
 52       52   (0)      5 :  0.0611 0.0861 0.3428 0.1660 0.2819 0.0621 
 53       53   (0)      6 :  0.0178 0.9683 0.0139 0.0000 0.0000 0.0000 
 54       54   (0)      6 :  0.0125 0.1579 0.3487 0.0078 0.3374 0.1358 
 55       55   (0)      6 :  0.8155 0.1223 0.0621 0.0000 0.0000 0.0000 
 56       56   (0)      6 :  0.0000 0.6631 0.0000 0.0000 0.3369 0.0000 
 57       57   (0)      6 :  0.0000 0.4163 0.0896 0.0000 0.3911 0.1030 
 58       58   (0)      6 :  0.0089 0.1707 0.1661 0.0116 0.4204 0.2223 
 59       59   (0)      6 :  0.0432 0.1241 0.0900 0.0008 0.7420 0.0000 
 60       60   (0)      6 :  0.0060 0.3149 0.2028 0.0000 0.4068 0.0695 
 61       61   (0)      7 :  0.1063 0.1307 0.3613 0.0000 0.0000 0.4017 
 62       62   (0)      7 :  0.0319 0.0518 0.2635 0.1528 0.0087 0.4912 
 63       63   (0)      7 :  0.1783 0.1452 0.3083 0.0359 0.1476 0.1847 
 64       64   (0)      7 :  0.0294 0.3225 0.3799 0.0221 0.0000 0.2461 
 65       65   (0)      7 :  0.0640 0.2049 0.6919 0.0292 0.0000 0.0101 
 66       66   (0)      7 :  0.2815 0.3512 0.3049 0.0039 0.0581 0.0004 
 67       67   (0)      7 :  0.0640 0.1864 0.3998 0.2641 0.0000 0.0858 
 68       68   (0)      7 :  0.0153 0.0425 0.2362 0.0693 0.0000 0.6367 
 69       69   (0)      7 :  0.0229 0.3134 0.4849 0.0051 0.0969 0.0769 
 70       70   (0)      7 :  0.1016 0.2372 0.6612 0.0000 0.0000 0.0000 
 71       71   (0)      7 :  0.1492 0.1080 0.1232 0.0870 0.0438 0.4887 
 72       72   (0)      7 :  0.0193 0.1144 0.4613 0.0000 0.0000 0.4051 
 73       73   (0)      7 :  0.0627 0.2480 0.6799 0.0024 0.0000 0.0070 
 74       74   (0)      7 :  0.0182 0.1783 0.2548 0.0000 0.5411 0.0076 
 75       75   (0)      7 :  0.1005 0.0000 0.4998 0.0000 0.0000 0.3998 
 76       76   (0)      7 :  0.0000 0.0460 0.2951 0.0077 0.3012 0.3500 
 77       77   (0)      7 :  0.0155 0.1779 0.4778 0.0699 0.0000 0.2590 
 78       78   (0)      7 :  0.2999 0.1460 0.3660 0.0000 0.0000 0.1881 
 79       79   (0)      7 :  0.0418 0.0938 0.3405 0.0000 0.2362 0.2877 
 80       80   (0)      7 :  0.1001 0.3390 0.5600 0.0000 0.0000 0.0010 
 81       81   (0)      7 :  0.2246 0.2575 0.3652 0.0000 0.1527 0.0000 
 82       82   (0)      7 :  0.1838 0.1101 0.5893 0.1168 0.0000 0.0000 
 83       83   (0)      7 :  0.2855 0.1296 0.5448 0.0401 0.0000 0.0000 
 84       84   (0)      7 :  0.1895 0.1712 0.6393 0.0000 0.0000 0.0000 
 85       85   (0)      6 :  0.0176 0.3812 0.1478 0.0990 0.0000 0.3545 
 86       86   (0)      6 :  0.0915 0.3518 0.1610 0.0873 0.1316 0.1768 
 87       87   (0)      6 :  0.0812 0.2096 0.0739 0.0000 0.5752 0.0602 
 88       88   (0)      6 :  0.0087 0.4433 0.0627 0.0000 0.0008 0.4844 
 89       89   (0)      6 :  0.0037 0.4475 0.0076 0.0000 0.5412 0.0000 
 90       90   (0)      6 :  0.0883 0.3927 0.1556 0.0000 0.0972 0.2662 
 91       91   (0)      6 :  0.0115 0.3715 0.0431 0.0178 0.2606 0.2954 
 92       92   (0)      6 :  0.0096 0.6159 0.0253 0.0000 0.3492 0.0000 
 93       93   (0)      7 :  0.0136 0.2423 0.3055 0.0045 0.3430 0.0911 
 94       94   (0)      7 :  0.7658 0.1747 0.0595 0.0000 0.0000 0.0000 
 95       95   (0)      6 :  0.1617 0.6096 0.0253 0.1062 0.0375 0.0598 
 96       96   (0)      6 :  0.0000 1.0000 0.0000 0.0000 0.0000 0.0000 
 97       97   (0)      6 :  0.0309 0.6893 0.2420 0.0377 0.0000 0.0000 
 98       98   (0)      6 :  0.0540 0.5725 0.1522 0.1875 0.0337 0.0000 
 99       99   (0)      6 :  0.0165 0.4389 0.0005 0.1562 0.3879 0.0000 
100      100   (0)      6 :  0.0078 0.5801 0.0124 0.0000 0.2328 0.1670 
101      101   (0)      6 :  0.0194 0.7951 0.0599 0.1256 0.0000 0.0000 
102      102   (0)      6 :  0.0297 0.6738 0.0218 0.1871 0.0000 0.0876 
103      103   (0)      8 :  0.2930 0.1592 0.1859 0.0000 0.3619 0.0000 
104      104   (0)      8 :  0.0742 0.0025 0.2407 0.0000 0.4544 0.2283 
105      105   (0)      8 :  0.2849 0.0078 0.0791 0.0000 0.6282 0.0000 
106      106   (0)      8 :  0.0248 0.0000 0.3923 0.0000 0.0336 0.5492 
107      107   (0)      8 :  0.1038 0.0000 0.4855 0.0000 0.0000 0.4107 
108      108   (0)      8 :  0.1444 0.0000 0.3887 0.0528 0.4141 0.0000 
109      109   (0)      8 :  0.1608 0.0000 0.1722 0.0005 0.5678 0.0988 
110      110   (0)      8 :  0.1150 0.0000 0.1690 0.0000 0.7160 0.0000 
111      111   (0)      8 :  0.3276 0.0053 0.1856 0.0192 0.1076 0.3546 
112      112   (0)      8 :  0.0648 0.0000 0.2793 0.0823 0.3570 0.2166 
113      113   (0)      8 :  0.1200 0.0000 0.1710 0.0023 0.3653 0.3414 
114      114   (0)      8 :  0.0811 0.0000 0.4246 0.2479 0.0825 0.1639 
115      115   (0)      8 :  0.8512 0.0798 0.0690 0.0000 0.0000 0.0000 
116      116   (0)      8 :  0.0014 0.0000 0.0623 0.0000 0.9274 0.0089 
117      117   (0)      8 :  0.2872 0.0200 0.2601 0.0259 0.0041 0.4027 
118      118   (0)      8 :  0.1024 0.0468 0.2428 0.0800 0.0266 0.5014 
119      119   (0)      8 :  0.0193 0.0000 0.3050 0.0045 0.0151 0.6561 
120      120   (0)      8 :  0.0782 0.0816 0.2417 0.0000 0.0000 0.5985 
121      121   (0)      8 :  0.0698 0.0000 0.1931 0.0004 0.3550 0.3816 
122      122   (0)      8 :  0.0905 0.0677 0.4433 0.0757 0.3227 0.0000 
123      123   (0)      8 :  0.0395 0.2154 0.2382 0.0043 0.0962 0.4063 
124      124   (0)      8 :  0.8166 0.0849 0.0688 0.0106 0.0000 0.0191 
125      125   (0)      8 :  0.0734 0.0000 0.2327 0.2347 0.0579 0.4013 
126      126   (0)      3 :  0.2025 0.0013 0.3062 0.0031 0.4779 0.0091 
127      127   (0)      3 :  0.0000 0.0000 0.0675 0.0121 0.8834 0.0370 
128      128   (0)      3 :  0.0764 0.0000 0.3489 0.0000 0.0712 0.5035 
129      129   (0)      3 :  0.0310 0.0000 0.2713 0.0044 0.3553 0.3380 
130      130   (0)      3 :  0.0541 0.0000 0.2733 0.0000 0.6724 0.0002 
131      131   (0)      3 :  0.1593 0.0010 0.3384 0.0000 0.0034 0.4979 
132      132   (0)      3 :  0.1506 0.0000 0.3276 0.0000 0.1534 0.3684 
133      133   (0)      3 :  0.0533 0.0000 0.4810 0.0058 0.2301 0.2297 
134      134   (0)      3 :  0.2094 0.0559 0.4101 0.0000 0.0573 0.2673 
135      135   (0)      3 :  0.3117 0.0865 0.4564 0.0146 0.0000 0.1308 
136      136   (0)      3 :  0.2199 0.0145 0.3295 0.0000 0.0781 0.3579 
137      137   (0)      3 :  0.2437 0.0147 0.2148 0.0000 0.1346 0.3923 
138      138   (0)      3 :  0.0655 0.0999 0.4085 0.0000 0.0043 0.4218 
139      139   (0)      3 :  0.1001 0.0004 0.2164 0.0440 0.1893 0.4498 
140      140   (0)      3 :  0.1980 0.0075 0.1151 0.0000 0.6794 0.0000 
141      141   (0)      3 :  0.0886 0.0000 0.3652 0.0032 0.0148 0.5282 
142      142   (0)      3 :  0.0339 0.0000 0.4569 0.0049 0.2299 0.2744 
143      143   (0)      3 :  0.0949 0.0000 0.3846 0.0000 0.0000 0.5205 
144      144   (0)      3 :  0.1754 0.0010 0.1074 0.0000 0.7161 0.0000 
145      145   (0)      3 :  0.0385 0.0000 0.4855 0.0641 0.1257 0.2862 
146      146   (0)      3 :  0.0107 0.0000 0.2391 0.0072 0.2562 0.4868 
147      147   (0)      3 :  0.2482 0.0009 0.3328 0.0000 0.0104 0.4077 
148      148   (0)      3 :  0.0672 0.0221 0.4484 0.0614 0.0000 0.4009 
149      149   (0)      3 :  0.0547 0.0000 0.3120 0.0000 0.0005 0.6328 
150      150   (0)      3 :  0.0534 0.0000 0.4367 0.1858 0.0000 0.3241 
151      151   (0)      3 :  0.0737 0.0000 0.3945 0.0000 0.0000 0.5318 
152      152   (0)      3 :  0.1559 0.0588 0.2859 0.0000 0.4300 0.0694 
153      153   (0)      8 :  0.0504 0.0000 0.3957 0.1764 0.3776 0.0000 
154      154   (0)      8 :  0.8177 0.0845 0.0978 0.0000 0.0000 0.0000 
155      155   (0)      8 :  0.0684 0.0000 0.2064 0.0000 0.3120 0.4132 
156      156   (0)      8 :  0.0945 0.2118 0.2098 0.1572 0.0000 0.3267 
157      157   (0)      8 :  0.1163 0.0454 0.1958 0.0673 0.3889 0.1863 
158      158   (0)      8 :  0.1493 0.0862 0.2939 0.0000 0.3688 0.1017 
159      159   (0)      8 :  0.2250 0.0502 0.2326 0.1100 0.2615 0.1207 
160      160   (0)      1 :  0.0050 0.3514 0.0491 0.0000 0.0014 0.5932 
161      161   (0)      1 :  0.0206 0.2156 0.0108 0.1830 0.3144 0.2556 
162      162   (0)      1 :  0.0043 0.1986 0.0081 0.0853 0.0000 0.7038 
163      163   (0)      1 :  0.0029 0.4500 0.0000 0.0034 0.4142 0.1294 
164      164   (0)      1 :  0.0000 0.2121 0.0080 0.0185 0.0400 0.7214 
165      165   (0)      1 :  0.0526 0.2518 0.1540 0.0000 0.2805 0.2611 
166      166   (0)      1 :  0.0004 0.3653 0.0087 0.0000 0.0260 0.5996 
167      167   (0)      1 :  0.0000 0.0526 0.0341 0.0045 0.0970 0.8119 
168      168   (0)      2 :  0.0009 0.0330 0.0000 0.1790 0.6713 0.1158 
169      169   (0)      2 :  0.0196 0.0977 0.2575 0.0000 0.0000 0.6252 
170      170   (0)      2 :  0.0208 0.1102 0.1786 0.0027 0.0809 0.6067 
171      171   (0)      2 :  0.0348 0.0000 0.2525 0.1796 0.5330 0.0000 
172      172   (0)      2 :  0.0521 0.0028 0.0536 0.0033 0.1764 0.7118 
173      173   (0)      2 :  0.0341 0.0000 0.1161 0.0010 0.8487 0.0000 
174      174   (0)      2 :  0.0000 0.3803 0.0050 0.0589 0.1790 0.3768 
175      175   (0)      2 :  0.0102 0.0242 0.1907 0.5487 0.1297 0.0965 
176      176   (0)      1 :  0.0101 0.1106 0.0730 0.0053 0.4575 0.3434 
177      177   (0)      1 :  0.0197 0.5372 0.0036 0.1506 0.0000 0.2888 
178      178   (0)      1 :  0.0477 0.3973 0.0521 0.0050 0.4963 0.0017 
179      179   (0)      1 :  0.0000 0.6550 0.0000 0.0000 0.2100 0.1350 
180      180   (0)      1 :  0.0003 0.4928 0.0000 0.0500 0.4569 0.0000 
181      181   (0)      1 :  0.0000 0.9250 0.0000 0.0641 0.0000 0.0109 
182      182   (0)      2 :  0.0198 0.2665 0.0050 0.1852 0.5235 0.0000 
183      183   (0)      2 :  0.0074 0.1559 0.1505 0.0030 0.0001 0.6831 
184      184   (0)      2 :  0.0114 0.0000 0.0000 0.1822 0.8064 0.0000 
185      185   (0)      2 :  0.0028 0.0000 0.1215 0.0471 0.0006 0.8280 
186      186   (0)      2 :  0.0173 0.0000 0.0133 0.5781 0.3913 0.0000 
187      187   (0)      1 :  0.0203 0.0887 0.0000 0.3180 0.5731 0.0000 
188      188   (0)      1 :  0.1120 0.3798 0.1331 0.0053 0.0000 0.3699 
189      189   (0)      1 :  0.0876 0.4195 0.0348 0.2821 0.1690 0.0070 
190      190   (0)      1 :  0.0015 0.6202 0.0028 0.0137 0.0000 0.3618 
191      191   (0)      1 :  0.0017 0.2105 0.0000 0.0258 0.7619 0.0000 
192      192   (0)      1 :  0.0114 0.5937 0.0048 0.0792 0.0000 0.3109 
193      193   (0)      1 :  0.0000 0.6551 0.0000 0.0136 0.0122 0.3191 
194      194   (0)      1 :  0.0636 0.4496 0.0010 0.0034 0.4824 0.0000 
195      195   (0)      2 :  0.0000 0.2355 0.0101 0.0051 0.4315 0.3178 
196      196   (0)      2 :  0.0437 0.0874 0.1681 0.1565 0.5444 0.0000 
197      197   (0)      2 :  0.0280 0.3380 0.0936 0.0242 0.0000 0.5161 
198      198   (0)      2 :  0.0193 0.2530 0.2098 0.0002 0.1409 0.3768 
199      199   (0)      2 :  0.0466 0.1490 0.0470 0.0497 0.0000 0.7077 
200      200   (0)      2 :  0.0000 0.0095 0.0420 0.0094 0.8474 0.0916 
201      201   (0)      2 :  0.0042 0.0600 0.0808 0.2364 0.5099 0.1088 
202      202   (0)      2 :  0.0214 0.1884 0.0836 0.0219 0.0000 0.6848 
203      203   (0)      2 :  0.0006 0.1080 0.0082 0.0423 0.1369 0.7040 
204      204   (0)      2 :  0.0000 0.0014 0.0917 0.0165 0.1376 0.7529 
205      205   (0)      2 :  0.0000 0.2037 0.0241 0.0000 0.0409 0.7313 
206      206   (0)      2 :  0.1293 0.0491 0.2133 0.0107 0.1543 0.4432 
207      207   (0)      2 :  0.0093 0.0310 0.1070 0.0115 0.4124 0.4289 
208      208   (0)      9 :  0.0305 0.0056 0.0000 0.0401 0.5474 0.3764 
209      209   (0)      9 :  0.1789 0.0333 0.0023 0.0585 0.7116 0.0154 
210      210   (0)      9 :  0.0898 0.0000 0.0115 0.3571 0.0000 0.5417 
211      211   (0)      9 :  0.1051 0.1293 0.0006 0.3077 0.3857 0.0715 
212      212   (0)      9 :  0.1114 0.0000 0.0116 0.3048 0.5538 0.0184 
213      213   (0)      9 :  0.0390 0.0004 0.0542 0.2611 0.0000 0.6453 
214      214   (0)      9 :  0.0319 0.0000 0.0082 0.2616 0.4651 0.2332 
215      215   (0)      9 :  0.0139 0.0000 0.0000 0.2799 0.0000 0.7063 
216      216   (0)      9 :  0.0228 0.0000 0.0000 0.9772 0.0000 0.0000 
217      217   (0)      9 :  0.1112 0.0189 0.0140 0.0202 0.0000 0.8356 
218      218   (0)      9 :  0.1580 0.0000 0.1893 0.3879 0.2626 0.0022 
219      219   (0)      9 :  0.0000 0.0000 0.0073 0.1639 0.0000 0.8288 
220      220   (0)      9 :  0.0187 0.0003 0.0000 0.2384 0.6291 0.1135 
221      221   (0)      9 :  0.0000 0.0209 0.0421 0.0588 0.2360 0.6422 
222      222   (0)      9 :  0.0030 0.0788 0.0000 0.0356 0.4568 0.4257 
223      223   (0)      9 :  0.0311 0.0000 0.0162 0.1364 0.8082 0.0080 
224      224   (0)      9 :  0.0224 0.0000 0.0249 0.2069 0.0000 0.7459 
225      225   (0)      9 :  0.0016 0.0000 0.0474 0.0077 0.0000 0.9433 
226      226   (0)      9 :  0.0352 0.2258 0.0047 0.1115 0.0008 0.6220 
227      227   (0)      9 :  0.0242 0.0322 0.0000 0.5944 0.0000 0.3491 
228      228   (0)      9 :  0.0000 0.0000 0.0000 0.1413 0.2581 0.6006 
229      229   (0)      9 :  0.0040 0.0012 0.0628 0.0341 0.0000 0.8978 
230      230   (0)      9 :  0.0000 0.0610 0.0000 0.2731 0.0000 0.6658 
231      231   (0)      9 :  0.0045 0.2468 0.0016 0.0690 0.0000 0.6781 
232      232   (0)      9 :  0.0000 0.0127 0.0000 0.0708 0.4736 0.4430 
233      233   (0)      9 :  0.0193 0.1724 0.0000 0.4661 0.0632 0.2789 
234      234   (0)      9 :  0.0000 0.0000 0.0000 0.1846 0.0017 0.8137 
235      235   (0)      9 :  0.0128 0.0000 0.0043 0.2403 0.2853 0.4573 
236      236   (0)      9 :  0.0513 0.2082 0.0239 0.1066 0.0512 0.5589 
237      237   (0)     10 :  0.1455 0.2411 0.0573 0.1912 0.0648 0.3001 
238      238   (0)     10 :  0.0056 0.1383 0.0000 0.1911 0.0025 0.6625 
239      239   (0)     10 :  0.0000 0.0000 0.0099 0.0421 0.0000 0.9480 
240      240   (0)     10 :  0.0000 0.0000 0.0000 0.0732 0.8779 0.0489 
241      241   (0)     10 :  0.0063 0.0595 0.0000 0.1749 0.7461 0.0132 
242      242   (0)     10 :  0.0340 0.0211 0.0702 0.1805 0.0000 0.6941 
243      243   (0)     10 :  0.0018 0.0074 0.0000 0.0552 0.0000 0.9356 
244      244   (0)     10 :  0.0000 0.2605 0.0000 0.4467 0.2928 0.0000 
245      245   (0)     10 :  0.0231 0.1424 0.0000 0.4356 0.1841 0.2148 
246      246   (0)     10 :  0.3691 0.0209 0.0505 0.5595 0.0000 0.0000 
247      247   (0)     10 :  0.0333 0.1792 0.0006 0.2301 0.0000 0.5567 
248      248   (0)     10 :  0.3191 0.0176 0.0824 0.1257 0.0000 0.4552 
249      249   (0)     10 :  0.0282 0.3214 0.0075 0.0782 0.0000 0.5647 
250      250   (0)     10 :  0.0276 0.3517 0.1870 0.0037 0.2297 0.2003 
251      251   (0)     10 :  0.0082 0.6905 0.0000 0.3012 0.0000 0.0000 
252      252   (0)     10 :  0.0660 0.0696 0.1423 0.1507 0.2646 0.3069 
253      253   (0)     10 :  0.0341 0.0182 0.0000 0.4564 0.0000 0.4913 
254      254   (0)     10 :  0.0000 0.1396 0.0000 0.1940 0.3725 0.2939 
255      255   (0)     10 :  0.0211 0.4675 0.1801 0.3313 0.0000 0.0000 
256      256   (0)     10 :  0.0753 0.4425 0.0133 0.4023 0.0000 0.0666 
257      257   (0)     10 :  0.0932 0.1795 0.0197 0.0257 0.6818 0.0000 
258      258   (0)     10 :  0.0387 0.4169 0.0141 0.4466 0.0000 0.0837 
259      259   (0)     10 :  0.0930 0.1819 0.0151 0.1992 0.5071 0.0038 
260      260   (0)     10 :  0.0265 0.0100 0.0000 0.2884 0.0000 0.6751 
261      261   (0)     10 :  0.0154 0.0353 0.0000 0.3132 0.6361 0.0000 
262      262   (0)     10 :  0.0288 0.2382 0.0336 0.3398 0.0000 0.3596 
263      263   (0)     10 :  0.1599 0.3987 0.0745 0.2168 0.0000 0.1501 
264      264   (0)     11 :  0.1997 0.0000 0.4105 0.3898 0.0000 0.0000 
265      265   (0)     11 :  0.0000 0.0000 0.0344 0.6293 0.0000 0.3363 
266      266   (0)     11 :  0.1263 0.0000 0.6343 0.2394 0.0000 0.0000 
267      267   (0)     11 :  0.0654 0.0000 0.3405 0.2195 0.3723 0.0023 
268      268   (0)     11 :  0.0347 0.0000 0.3503 0.6112 0.0038 0.0000 
269      269   (0)     11 :  0.2552 0.0000 0.2424 0.5024 0.0000 0.0000 
270      270   (0)     11 :  0.0411 0.0000 0.5032 0.3446 0.0000 0.1110 
271      271   (0)     11 :  0.0001 0.0000 0.1417 0.8473 0.0109 0.0000 
272      272   (0)     11 :  0.0296 0.0000 0.2944 0.6760 0.0000 0.0000 
273      273   (0)     12 :  0.0074 0.0000 0.0593 0.0141 0.2225 0.6967 
274      274   (0)     12 :  0.0098 0.0000 0.0349 0.0811 0.8071 0.0671 
275      275   (0)     12 :  0.0000 0.0000 0.0000 0.0158 0.4383 0.5458 
276      276   (0)     12 :  0.0000 0.0000 0.0000 0.0323 0.9677 0.0000 
277      277   (0)     12 :  0.0244 0.1016 0.0000 0.3954 0.0000 0.4787 
278      278   (0)     12 :  0.0139 0.0041 0.0253 0.0834 0.5381 0.3353 
279      279   (0)     12 :  0.0056 0.0004 0.0000 0.0225 0.8819 0.0896 
280      280   (0)     12 :  0.0736 0.0941 0.0162 0.0048 0.0000 0.8113 
281      281   (0)     12 :  0.0784 0.0431 0.0017 0.1185 0.4486 0.3097 
282      282   (0)     12 :  0.8071 0.0888 0.0771 0.0234 0.0000 0.0035 
283      283   (0)     12 :  0.0008 0.0000 0.0722 0.0165 0.1828 0.7276 
284      284   (0)     12 :  0.0987 0.0000 0.1424 0.0071 0.7517 0.0000 
285      285   (0)     12 :  0.0000 0.0000 0.0000 0.0276 0.9112 0.0611 
286      286   (0)     12 :  0.0000 0.0000 0.0112 0.6846 0.3043 0.0000 
287      287   (0)     12 :  0.0000 0.0454 0.0000 0.1276 0.2534 0.5735 
288      288   (0)     12 :  0.0293 0.0000 0.0000 0.3723 0.2195 0.3790 
289      289   (0)     12 :  0.0000 0.0021 0.0013 0.1784 0.0120 0.8061 
290      290   (0)     12 :  0.0231 0.2223 0.1174 0.5060 0.1075 0.0238 
291      291   (0)     12 :  0.0174 0.0000 0.1443 0.1958 0.0588 0.5838 
292      292   (0)     12 :  0.0041 0.0000 0.0175 0.1915 0.0000 0.7870 
293      293   (0)     12 :  0.0000 0.0000 0.0000 0.3304 0.4258 0.2438 
294      294   (0)     12 :  0.0010 0.0925 0.0000 0.2328 0.4247 0.2489 
295      295   (0)     12 :  0.0000 0.0016 0.0003 0.1500 0.4396 0.4084 
296      296   (0)     12 :  0.0000 0.0000 0.1333 0.3168 0.0014 0.5485 
297      297   (0)     12 :  0.0000 0.0000 0.0029 0.1143 0.6104 0.2724 
298      298   (0)     12 :  0.0896 0.0799 0.0000 0.1051 0.7254 0.0000 
299      299   (0)     12 :  0.1918 0.1536 0.0276 0.0444 0.2840 0.2986 
300      300   (0)     12 :  0.0000 0.0000 0.0000 0.0300 0.9676 0.0025 
