  1        1   (0)      1 :  0.4393 0.2930 0.0000 0.0201 0.2476 
  2        2   (0)      1 :  0.3513 0.4346 0.1227 0.0083 0.0831 
  3        3   (0)      1 :  0.1456 0.0180 0.0655 0.4926 0.2783 
  4        4   (0)      1 :  0.5947 0.1356 0.0000 0.0000 0.2697 
  5        5   (0)      1 :  0.7698 0.0005 0.1575 0.0412 0.0310 
  6        6   (0)      1 :  0.1344 0.4086 0.0014 0.1645 0.2911 
  7        7   (0)      2 :  0.8538 0.0878 0.0000 0.0000 0.0585 
  8        8   (0)      1 :  0.6519 0.3362 0.0004 0.0097 0.0018 
  9        9   (0)      3 :  0.0000 0.1752 0.5341 0.0000 0.2907 
 10       10   (0)      4 :  0.3154 0.0000 0.5501 0.0387 0.0958 
 11       11   (0)      4 :  0.0613 0.4904 0.4096 0.0007 0.0381 
 12       12   (0)      4 :  0.1232 0.1033 0.3920 0.0511 0.3303 
 13       13   (0)      4 :  0.4174 0.0000 0.4401 0.0106 0.1319 
 14       14   (0)      4 :  0.1789 0.2700 0.5405 0.0000 0.0105 
 15       15   (0)      4 :  0.0000 0.2835 0.0000 0.3987 0.3179 
 16       16   (0)      5 :  0.1336 0.4550 0.2421 0.0000 0.1693 
 17       17   (0)      4 :  0.0588 0.1233 0.4578 0.0118 0.3484 
 18       18   (0)      5 :  0.2043 0.3408 0.4333 0.0000 0.0216 
 19       19   (0)      5 :  0.0139 0.3537 0.6281 0.0000 0.0044 
 20       20   (0)      5 :  0.0261 0.0532 0.6399 0.0000 0.2807 
 21       21   (0)      5 :  0.0000 0.2577 0.7423 0.0000 0.0000 
 22       22   (0)      5 :  0.0091 0.2028 0.4220 0.0158 0.3503 
 23       23   (0)      5 :  0.0000 0.1217 0.6256 0.0000 0.2528 
 24       24   (0)      5 :  0.1129 0.2027 0.4727 0.0278 0.1838 
 25       25   (0)      5 :  0.0000 0.0847 0.6344 0.0153 0.2657 
 26       26   (0)      5 :  0.0687 0.1752 0.7094 0.0000 0.0468 
 27       27   (0)      5 :  0.0000 0.1680 0.5614 0.0000 0.2706 
 28       28   (0)      5 :  0.0000 0.0617 0.9189 0.0000 0.0194 
 29       29   (0)      5 :  0.0010 0.7221 0.2759 0.0000 0.0010 
 30       30   (0)      5 :  0.0733 0.3582 0.4143 0.0000 0.1541 
 31       31   (0)      5 :  0.0000 0.0969 0.7081 0.0315 0.1634 
 32       32   (0)      5 :  0.0000 0.6343 0.1452 0.0000 0.2205 
 33       33   (0)      5 :  0.0000 0.4873 0.3055 0.0000 0.2072 
 34       34   (0)      5 :  0.0176 0.6371 0.2913 0.0000 0.0539 
 35       35   (0)      5 :  0.0000 0.1934 0.8066 0.0000 0.0000 
 36       36   (0)      5 :  0.0000 0.3470 0.5652 0.0029 0.0850 
 37       37   (0)      5 :  0.0976 0.0300 0.7502 0.0000 0.1223 
 38       38   (0)      5 :  0.0352 0.3121 0.6148 0.0000 0.0379 
 39       39   (0)      5 :  0.0000 0.4212 0.5498 0.0079 0.0211 
 40       40   (0)      5 :  0.0000 0.1587 0.5766 0.0000 0.2648 
 41       41   (0)      5 :  0.0000 0.5965 0.4035 0.0000 0.0000 
 42       42   (0)      5 :  0.1550 0.0108 0.0000 0.5547 0.2794 
 43       43   (0)      5 :  0.1393 0.1012 0.4767 0.0051 0.2777 
 44       44   (0)      4 :  0.0624 0.0000 0.8782 0.0020 0.0574 
 45       45   (0)      4 :  0.1439 0.3209 0.3155 0.0406 0.1790 
 46       46   (0)      4 :  0.0063 0.2229 0.2709 0.0194 0.4805 
 47       47   (0)      4 :  0.0754 0.5473 0.3624 0.0000 0.0149 
 48       48   (0)      5 :  0.0798 0.3662 0.2882 0.0477 0.2181 
 49       49   (0)      4 :  0.0132 0.1151 0.4147 0.0000 0.4570 
 50       50   (0)      4 :  0.0649 0.1905 0.0000 0.4020 0.3426 
 51       51   (0)      4 :  0.1787 0.3200 0.4378 0.0635 0.0001 
 52       52   (0)      4 :  0.0228 0.0482 0.0260 0.5215 0.3815 
 53       53   (0)      4 :  0.1233 0.2513 0.6116 0.0000 0.0138 
 54       54   (0)      4 :  0.0120 0.2057 0.0077 0.4804 0.2940 
 55       55   (0)      4 :  0.0124 0.3371 0.0833 0.3790 0.1882 
 56       56   (0)      4 :  0.0931 0.1058 0.7188 0.0000 0.0823 
 57       57   (0)      5 :  0.1004 0.4264 0.3315 0.0571 0.0845 
 58       58   (0)      4 :  0.0119 0.3713 0.0037 0.3671 0.2460 
 59       59   (0)      4 :  0.0785 0.0225 0.0769 0.4633 0.3588 
 60       60   (0)      4 :  0.0599 0.5636 0.2397 0.0056 0.1311 
 61       61   (0)      5 :  0.2022 0.1647 0.3504 0.0000 0.2827 
 62       62   (0)      6 :  0.2550 0.0494 0.1136 0.3167 0.2653 
 63       63   (0)      6 :  0.1050 0.0497 0.0000 0.5511 0.2942 
 64       64   (0)      6 :  0.9582 0.0095 0.0246 0.0000 0.0078 
 65       65   (0)      6 :  0.1199 0.4003 0.3120 0.0000 0.1678 
 66       66   (0)      6 :  0.4828 0.0000 0.4031 0.0003 0.1138 
 67       67   (0)      6 :  0.6406 0.0819 0.0000 0.0000 0.2775 
 68       68   (0)      6 :  0.3792 0.3833 0.0357 0.0000 0.2017 
 69       69   (0)      6 :  0.1416 0.4741 0.0905 0.0042 0.2896 
 70       70   (0)      6 :  0.1737 0.2250 0.1232 0.0000 0.4781 
 71       71   (0)      6 :  0.2467 0.3805 0.1557 0.0000 0.2170 
 72       72   (0)      7 :  0.1044 0.4793 0.4013 0.0000 0.0150 
 73       73   (0)      7 :  0.2042 0.5210 0.1688 0.0039 0.1020 
 74       74   (0)      7 :  0.2489 0.2635 0.3345 0.0188 0.1343 
 75       75   (0)      7 :  0.2738 0.3288 0.3364 0.0412 0.0198 
 76       76   (0)      7 :  0.1020 0.1094 0.7855 0.0031 0.0000 
 77       77   (0)      7 :  0.3362 0.1084 0.4610 0.0361 0.0583 
 78       78   (0)      7 :  0.3278 0.1788 0.4209 0.0000 0.0725 
 79       79   (0)      7 :  0.1271 0.7041 0.1502 0.0000 0.0186 
 80       80   (0)      7 :  0.2191 0.2784 0.4815 0.0000 0.0209 
 81       81   (0)      7 :  0.1759 0.0149 0.7930 0.0000 0.0162 
 82       82   (0)      7 :  0.1627 0.5146 0.1774 0.0854 0.0599 
 83       83   (0)      7 :  0.2265 0.1197 0.0000 0.4876 0.1661 
 84       84   (0)      7 :  0.1247 0.4361 0.4310 0.0000 0.0082 
 85       85   (0)      7 :  0.1925 0.0555 0.7470 0.0002 0.0048 
 86       86   (0)      7 :  0.0352 0.3339 0.0000 0.3942 0.2367 
 87       87   (0)      7 :  0.1241 0.3546 0.2422 0.0000 0.2791 
 88       88   (0)      7 :  0.0737 0.1259 0.0071 0.4665 0.3269 
 89       89   (0)      7 :  0.0000 0.4326 0.5408 0.0071 0.0196 
 90       90   (0)      7 :  0.0313 0.5558 0.2163 0.0000 0.1966 
 91       91   (0)      7 :  0.0902 0.4553 0.4544 0.0000 0.0000 
 92       92   (0)      7 :  0.1665 0.1586 0.5922 0.0448 0.0379 
 93       93   (0)      7 :  0.0836 0.4492 0.3297 0.0000 0.1374 
 94       94   (0)      7 :  0.2641 0.0444 0.6713 0.0000 0.0202 
 95       95   (0)      7 :  0.1749 0.1203 0.5381 0.0398 0.1269 
 96       96   (0)      7 :  0.1982 0.0000 0.7686 0.0000 0.0332 
 97       97   (0)      7 :  0.1120 0.0000 0.8399 0.0111 0.0369 
 98       98   (0)      7 :  0.1207 0.0000 0.8511 0.0009 0.0273 
 99       99   (0)      7 :  0.3285 0.1169 0.0182 0.4241 0.1123 
100      100   (0)      6 :  0.4779 0.3594 0.1314 0.0000 0.0312 
101      101   (0)      6 :  0.4936 0.1598 0.1887 0.0000 0.1580 
102      102   (0)      6 :  0.2321 0.3736 0.0451 0.0001 0.3491 
103      103   (0)      6 :  0.4600 0.5299 0.0081 0.0000 0.0021 
104      104   (0)      6 :  0.3564 0.2391 0.0000 0.0001 0.4045 
105      105   (0)      6 :  0.5175 0.2334 0.1775 0.0000 0.0716 
106      106   (0)      6 :  0.3935 0.4005 0.0052 0.0000 0.2008 
107      107   (0)      6 :  0.5455 0.2190 0.0207 0.0250 0.1899 
108      108   (0)      6 :  0.2671 0.0806 0.0000 0.4555 0.1968 
109      109   (0)      7 :  0.1855 0.3526 0.2851 0.0017 0.1751 
110      110   (0)      7 :  0.4498 0.0000 0.3678 0.0530 0.1295 
111      111   (0)      8 :  0.7720 0.0697 0.0688 0.0009 0.0886 
112      112   (0)      6 :  1.0000 0.0000 0.0000 0.0000 0.0000 
113      113   (0)      6 :  0.3351 0.0000 0.0000 0.4839 0.1810 
114      114   (0)      6 :  0.6838 0.0004 0.3124 0.0000 0.0034 
115      115   (0)      6 :  0.4199 0.0000 0.0622 0.4304 0.0875 
116      116   (0)      6 :  0.6298 0.0219 0.1965 0.0162 0.1355 
117      117   (0)      6 :  0.5723 0.0913 0.0003 0.0000 0.3362 
118      118   (0)      6 :  0.6194 0.2782 0.0000 0.0000 0.1024 
119      119   (0)      6 :  0.8853 0.0000 0.0951 0.0000 0.0196 
120      120   (0)      6 :  0.7985 0.0992 0.0000 0.0000 0.1024 
121      121   (0)      6 :  0.3971 0.0000 0.0000 0.4840 0.1188 
122      122   (0)      9 :  0.1647 0.1546 0.3634 0.0559 0.2614 
123      123   (0)      9 :  0.0041 0.4544 0.2494 0.0141 0.2781 
124      124   (0)      9 :  0.0121 0.2495 0.2791 0.0452 0.4141 
125      125   (0)      9 :  0.0018 0.6154 0.3558 0.0000 0.0271 
126      126   (0)      9 :  0.0063 0.4533 0.5247 0.0000 0.0156 
127      127   (0)      9 :  0.0000 0.1277 0.5491 0.0000 0.3232 
128      128   (0)      9 :  0.0000 0.3867 0.2682 0.0071 0.3380 
129      129   (0)      9 :  0.0000 0.2048 0.2534 0.0171 0.5247 
130      130   (0)      9 :  0.1178 0.2994 0.4107 0.0069 0.1652 
131      131   (0)      9 :  0.0392 0.3653 0.3115 0.0000 0.2840 
132      132   (0)      9 :  0.0000 0.5333 0.2385 0.0077 0.2205 
133      133   (0)      9 :  0.1378 0.2196 0.4456 0.0000 0.1970 
134      134   (0)      9 :  0.2828 0.0000 0.5695 0.0349 0.1128 
135      135   (0)      9 :  0.0000 0.4364 0.0182 0.0000 0.5454 
136      136   (0)      9 :  0.0868 0.4109 0.4445 0.0243 0.0336 
137      137   (0)      9 :  0.1429 0.5227 0.2723 0.0000 0.0621 
138      138   (0)      9 :  0.0000 0.7140 0.2652 0.0033 0.0175 
139      139   (0)      9 :  0.0817 0.6556 0.2593 0.0000 0.0034 
140      140   (0)      9 :  0.0000 0.5540 0.2302 0.0000 0.2159 
141      141   (0)      9 :  0.0099 0.1235 0.5705 0.0000 0.2961 
142      142   (0)      9 :  0.1799 0.5598 0.2194 0.0029 0.0380 
143      143   (0)      9 :  0.3982 0.0137 0.4075 0.0429 0.1377 
144      144   (0)      9 :  0.1075 0.3820 0.2743 0.0253 0.2109 
145      145   (0)      3 :  0.0057 0.2269 0.4514 0.0097 0.3062 
146      146   (0)      3 :  0.0000 0.3726 0.0303 0.3606 0.2366 
147      147   (0)      3 :  0.0000 0.4087 0.0541 0.0000 0.5372 
148      148   (0)      3 :  0.0000 0.5843 0.3271 0.0457 0.0429 
149      149   (0)      3 :  0.0000 0.5625 0.2742 0.0000 0.1633 
150      150   (0)      3 :  0.0000 0.2090 0.2948 0.0153 0.4810 
151      151   (0)      3 :  0.0000 0.5673 0.4223 0.0000 0.0104 
152      152   (0)      3 :  0.0000 0.5321 0.3993 0.0000 0.0686 
153      153   (0)      3 :  0.0000 0.3320 0.4998 0.0102 0.1580 
154      154   (0)      3 :  0.0717 0.3200 0.5535 0.0074 0.0473 
155      155   (0)      3 :  0.0350 0.1965 0.6637 0.0682 0.0366 
156      156   (0)      3 :  0.0050 0.4520 0.4477 0.0745 0.0208 
157      157   (0)      3 :  0.0333 0.5281 0.3676 0.0265 0.0445 
158      158   (0)      3 :  0.0445 0.5065 0.4453 0.0037 0.0000 
159      159   (0)      3 :  0.0000 0.4104 0.0054 0.4891 0.0950 
160      160   (0)      3 :  0.0777 0.4829 0.2463 0.0000 0.1931 
161      161   (0)      3 :  0.0324 0.2846 0.2480 0.0005 0.4345 
162      162   (0)      3 :  0.0010 0.5952 0.4013 0.0000 0.0025 
163      163   (0)      3 :  0.0000 0.4131 0.4441 0.0000 0.1428 
164      164   (0)      3 :  0.0000 0.5425 0.4493 0.0022 0.0060 
165      165   (0)      3 :  0.0209 0.2551 0.2500 0.0014 0.4726 
166      166   (0)      3 :  0.0000 0.3988 0.5159 0.0000 0.0853 
167      167   (0)      3 :  0.0041 0.6835 0.1812 0.0000 0.1311 
168      168   (0)      3 :  0.0053 0.4616 0.4770 0.0192 0.0369 
169      169   (0)      3 :  0.0162 0.4899 0.4935 0.0000 0.0004 
170      170   (0)      3 :  0.0014 0.7065 0.2799 0.0005 0.0117 
171      171   (0)      3 :  0.0962 0.3689 0.4741 0.0000 0.0608 
172      172   (0)      3 :  0.0185 0.5759 0.3990 0.0000 0.0065 
173      173   (0)      3 :  0.0239 0.3654 0.3871 0.0033 0.2202 
174      174   (0)      9 :  0.0183 0.1528 0.4357 0.0000 0.3932 
175      175   (0)      9 :  0.3343 0.0000 0.5424 0.0234 0.1000 
176      176   (0)      9 :  0.0029 0.6109 0.2160 0.0033 0.1669 
177      177   (0)      9 :  0.3093 0.3611 0.2663 0.0000 0.0633 
178      178   (0)      9 :  0.0849 0.3935 0.2497 0.0009 0.2710 
179      179   (0)      9 :  0.0757 0.3090 0.3696 0.0112 0.2346 
180      180   (0)      9 :  0.1556 0.2505 0.3522 0.0000 0.2417 
181      181   (0)      1 :  0.2847 0.6766 0.0387 0.0000 0.0000 
182      182   (0)      1 :  0.3296 0.3727 0.0000 0.0021 0.2956 
183      183   (0)      1 :  0.3188 0.6525 0.0073 0.0000 0.0214 
184      184   (0)      1 :  0.3849 0.3620 0.0000 0.0138 0.2393 
185      185   (0)      1 :  0.2358 0.7315 0.0029 0.0000 0.0297 
186      186   (0)      1 :  0.2298 0.3845 0.2116 0.0068 0.1673 
187      187   (0)      1 :  0.3449 0.6457 0.0015 0.0000 0.0079 
188      188   (0)      1 :  0.0618 0.8908 0.0045 0.0000 0.0429 
189      189   (0)      2 :  0.1185 0.3675 0.0000 0.0053 0.5087 
190      190   (0)      2 :  0.0844 0.6746 0.2346 0.0011 0.0053 
191      191   (0)      2 :  0.1003 0.6914 0.1580 0.0000 0.0503 
192      192   (0)      2 :  0.0663 0.1747 0.2939 0.0000 0.4651 
193      193   (0)      2 :  0.0209 0.8606 0.0566 0.0000 0.0619 
194      194   (0)      2 :  0.0076 0.3227 0.1459 0.0000 0.5238 
195      195   (0)      2 :  0.4470 0.3371 0.0010 0.0000 0.2149 
196      196   (0)      2 :  0.1576 0.2015 0.3034 0.0000 0.3375 
197      197   (0)      1 :  0.0643 0.5626 0.0770 0.0000 0.2962 
198      198   (0)      1 :  0.5959 0.3594 0.0001 0.0000 0.0446 
199      199   (0)      1 :  0.3655 0.1934 0.0888 0.0000 0.3523 
200      200   (0)      1 :  0.7117 0.0626 0.0000 0.0006 0.2251 
201      201   (0)      1 :  0.5201 0.1048 0.0000 0.0000 0.3752 
202      202   (0)      1 :  0.9890 0.0000 0.0000 0.0000 0.0110 
203      203   (0)      2 :  0.0766 0.0895 0.0918 0.2462 0.4960 
204      204   (0)      2 :  0.3514 0.1556 0.0113 0.0000 0.4818 
205      205   (0)      2 :  0.0000 0.0588 0.0662 0.5063 0.3687 
206      206   (0)      2 :  0.1572 0.7333 0.1049 0.0000 0.0046 
207      207   (0)      2 :  0.0114 0.3236 0.0014 0.0204 0.6431 
208      208   (0)      2 :  0.0052 0.8931 0.0455 0.0225 0.0337 
209      209   (0)      2 :  0.1321 0.1475 0.1428 0.0000 0.5777 
210      210   (0)      1 :  0.2796 0.1557 0.0000 0.0000 0.5647 
211      211   (0)      1 :  0.5138 0.2174 0.2060 0.0000 0.0629 
212      212   (0)      1 :  0.5679 0.0691 0.0754 0.0000 0.2876 
213      213   (0)      1 :  0.5711 0.4268 0.0000 0.0000 0.0022 
214      214   (0)      1 :  0.1905 0.2671 0.0000 0.0000 0.5424 
215      215   (0)      1 :  0.7072 0.2433 0.0000 0.0000 0.0495 
216      216   (0)      1 :  0.7043 0.2838 0.0020 0.0011 0.0089 
217      217   (0)      1 :  0.4274 0.1949 0.0526 0.0012 0.3238 
218      218   (0)      2 :  0.1979 0.5413 0.0000 0.0000 0.2608 
219      219   (0)      2 :  0.1491 0.1615 0.2103 0.0000 0.4792 
220      220   (0)      2 :  0.3850 0.5358 0.0544 0.0045 0.0203 
221      221   (0)      2 :  0.2138 0.4902 0.2121 0.0000 0.0840 
222      222   (0)      2 :  0.3100 0.5984 0.0148 0.0050 0.0718 
223      223   (0)      2 :  0.0105 0.4745 0.0074 0.0000 0.5077 
224      224   (0)      2 :  0.1083 0.3499 0.1101 0.0000 0.4316 
225      225   (0)      2 :  0.2403 0.6685 0.0678 0.0016 0.0218 
226      226   (0)      2 :  0.1460 0.7665 0.0046 0.0000 0.0829 
227      227   (0)      2 :  0.0225 0.8645 0.0288 0.0009 0.0833 
228      228   (0)      2 :  0.1682 0.8057 0.0000 0.0000 0.0261 
229      229   (0)      2 :  0.0411 0.2815 0.0000 0.3813 0.2961 
230      230   (0)      2 :  0.0841 0.4994 0.3061 0.0054 0.1050 
231      231   (0)      2 :  0.0329 0.6310 0.0873 0.0001 0.2486 
232      232   (0)     10 :  0.0171 0.6153 0.0000 0.0111 0.3564 
233      233   (0)     10 :  0.1072 0.2734 0.1048 0.0000 0.5146 
234      234   (0)     10 :  0.3134 0.3724 0.0717 0.0000 0.2426 
235      235   (0)     10 :  0.3329 0.1450 0.0619 0.0090 0.4512 
236      236   (0)     10 :  0.1050 0.1820 0.0864 0.0019 0.6246 
237      237   (0)     10 :  0.1948 0.4378 0.0651 0.0000 0.3023 
238      238   (0)     10 :  0.0023 0.5046 0.0686 0.0000 0.4245 
239      239   (0)     10 :  0.2027 0.6474 0.0000 0.0000 0.1499 
240      240   (0)     10 :  0.2735 0.1320 0.0671 0.0000 0.5274 
241      241   (0)     10 :  0.0677 0.8426 0.0648 0.0057 0.0191 
242      242   (0)     10 :  0.0000 0.1539 0.4206 0.0100 0.4155 
243      243   (0)     10 :  0.0684 0.8375 0.0000 0.0000 0.0941 
244      244   (0)     10 :  0.1138 0.3304 0.0000 0.0135 0.5423 
245      245   (0)     10 :  0.0342 0.7829 0.0296 0.0000 0.1534 
246      246   (0)     10 :  0.0681 0.6764 0.0000 0.0044 0.2512 
247      247   (0)     10 :  0.0000 0.3448 0.0624 0.0267 0.5661 
248      248   (0)     10 :  0.0395 0.8536 0.0718 0.0001 0.0350 
249      249   (0)     10 :  0.0000 0.9711 0.0238 0.0000 0.0051 
250      250   (0)     10 :  0.2362 0.7152 0.0393 0.0008 0.0085 
251      251   (0)     10 :  0.4918 0.2887 0.0000 0.0000 0.2195 
252      252   (0)     10 :  0.0000 0.7193 0.0000 0.0133 0.2674 
253      253   (0)     10 :  0.0431 0.8970 0.0600 0.0000 0.0000 
254      254   (0)     10 :  0.3252 0.5791 0.0027 0.0000 0.0930 
255      255   (0)     10 :  0.2317 0.7667 0.0000 0.0000 0.0016 
256      256   (0)     10 :  0.0000 0.1193 0.0000 0.4883 0.3924 
257      257   (0)     10 :  0.0221 0.6859 0.0000 0.0000 0.2920 
258      258   (0)     10 :  0.3224 0.3111 0.0000 0.0000 0.3664 
259      259   (0)     10 :  0.0277 0.8070 0.0000 0.0000 0.1653 
260      260   (0)     10 :  0.1090 0.5799 0.0020 0.0136 0.2954 
261      261   (0)     10 :  0.1959 0.6797 0.0463 0.0115 0.0666 
262      262   (0)     11 :  0.3596 0.3889 0.1380 0.0311 0.0823 
263      263   (0)     11 :  0.2217 0.7365 0.0002 0.0000 0.0416 
264      264   (0)     11 :  0.0478 0.9464 0.0000 0.0000 0.0058 
265      265   (0)     11 :  0.2551 0.0524 0.0000 0.4871 0.2054 
266      266   (0)     11 :  0.0123 0.3784 0.0000 0.0027 0.6066 
267      267   (0)     11 :  0.1984 0.0001 0.0000 0.5997 0.2018 
268      268   (0)     11 :  0.0458 0.3906 0.0000 0.0005 0.5631 
269      269   (0)     11 :  0.1117 0.7834 0.0768 0.0034 0.0246 
270      270   (0)     11 :  0.0702 0.9235 0.0010 0.0000 0.0053 
271      271   (0)     11 :  0.3843 0.1182 0.0000 0.0000 0.4975 
272      272   (0)     11 :  0.3677 0.3293 0.0009 0.0021 0.3001 
273      273   (0)     11 :  0.3994 0.0000 0.3331 0.1817 0.0857 
274      274   (0)     11 :  0.1321 0.0531 0.0000 0.4478 0.3670 
275      275   (0)     11 :  0.2914 0.6156 0.0104 0.0028 0.0799 
276      276   (0)     11 :  0.0399 0.4490 0.2294 0.2412 0.0405 
277      277   (0)     11 :  0.3501 0.5895 0.0114 0.0424 0.0066 
278      278   (0)     11 :  0.2335 0.4427 0.1745 0.0553 0.0940 
279      279   (0)     11 :  0.9016 0.0535 0.0000 0.0000 0.0449 
280      280   (0)     11 :  0.1190 0.5488 0.1592 0.0600 0.1131 
281      281   (0)     11 :  0.4102 0.4908 0.0067 0.0018 0.0904 
282      282   (0)     11 :  0.2026 0.4506 0.0000 0.0036 0.3432 
283      283   (0)     11 :  0.5659 0.0797 0.3312 0.0004 0.0228 
284      284   (0)     11 :  0.6762 0.1480 0.0655 0.0000 0.1102 
285      285   (0)     11 :  0.1809 0.2449 0.0930 0.0029 0.4783 
286      286   (0)     11 :  0.4478 0.2871 0.0619 0.0411 0.1621 
287      287   (0)     11 :  0.2600 0.2155 0.0527 0.0548 0.4172 
288      288   (0)     11 :  0.1825 0.7264 0.0044 0.0303 0.0564 
289      289   (0)     11 :  0.2221 0.2225 0.0013 0.0033 0.5508 
290      290   (0)     11 :  0.4107 0.4501 0.0118 0.0429 0.0846 
291      291   (0)     11 :  0.6108 0.1451 0.1831 0.0012 0.0598 
292      292   (0)     12 :  0.0000 0.0000 0.0000 1.0000 0.0000 
293      293   (0)     12 :  0.0000 0.0010 0.7736 0.1796 0.0458 
294      294   (0)     12 :  0.0000 0.0000 0.0000 1.0000 0.0000 
295      295   (0)     12 :  0.0000 0.0000 0.0000 0.9940 0.0060 
296      296   (0)     12 :  0.0000 0.0000 0.0000 1.0000 0.0000 
297      297   (0)     12 :  0.0000 0.0335 0.0000 0.9366 0.0299 
298      298   (0)     12 :  0.0000 0.0000 0.0166 0.9734 0.0101 
299      299   (0)     12 :  0.0000 0.0000 0.0000 1.0000 0.0000 
300      300   (0)     12 :  0.0476 0.4906 0.2723 0.0953 0.0942 
301      301   (0)     12 :  0.0000 0.0000 0.9696 0.0163 0.0141 
302      302   (0)     12 :  0.0000 0.0000 0.0000 1.0000 0.0000 
303      303   (0)     12 :  0.0421 0.0000 0.0000 0.9579 0.0000 
304      304   (0)     12 :  0.0000 0.5529 0.0000 0.3624 0.0847 
305      305   (0)     12 :  0.0000 0.2003 0.4275 0.0859 0.2862 
306      306   (0)     12 :  0.0000 0.0000 0.1730 0.8162 0.0108 
307      307   (0)     12 :  0.0000 0.0000 0.0000 1.0000 0.0000 
308      308   (0)     12 :  0.0000 0.0517 0.0000 0.8933 0.0550 
309      309   (0)     12 :  0.0458 0.0641 0.5606 0.0451 0.2843 
310      310   (0)     12 :  0.0000 0.0475 0.0000 0.9212 0.0313 
311      311   (0)     12 :  0.0000 0.2167 0.0964 0.6030 0.0839 
312      312   (0)     12 :  0.0740 0.0000 0.7712 0.0798 0.0750 
313      313   (0)     12 :  0.0000 0.3466 0.6208 0.0325 0.0001 
314      314   (0)     12 :  0.0000 0.3113 0.0000 0.5996 0.0891 
315      315   (0)     12 :  0.0000 0.0000 0.0000 1.0000 0.0000 
316      316   (0)     12 :  0.0000 0.1751 0.0020 0.7364 0.0864 
317      317   (0)     12 :  0.0000 0.1612 0.0000 0.7144 0.1244 
318      318   (0)     12 :  0.0090 0.1085 0.4644 0.0084 0.4098 
319      319   (0)     12 :  0.0043 0.0333 0.0988 0.8163 0.0473 
320      320   (0)     12 :  0.0921 0.0632 0.4678 0.0700 0.3069 
321      321   (0)     12 :  0.0000 0.1661 0.0000 0.6733 0.1606 
322      322   (0)     13 :  0.0067 0.7829 0.0651 0.0000 0.1453 
323      323   (0)     13 :  0.0000 0.6446 0.0718 0.0024 0.2813 
324      324   (0)     13 :  0.0000 0.7050 0.0000 0.0000 0.2950 
325      325   (0)     13 :  0.0000 0.3676 0.0000 0.0000 0.6324 
326      326   (0)     13 :  0.3579 0.5181 0.0006 0.0003 0.1232 
327      327   (0)     13 :  0.0081 0.5940 0.0331 0.0029 0.3619 
328      328   (0)     13 :  0.0077 0.5234 0.0046 0.0000 0.4643 
329      329   (0)     13 :  0.0742 0.8636 0.0531 0.0000 0.0090 
330      330   (0)     13 :  0.1044 0.5658 0.0277 0.0016 0.3004 
331      331   (0)     13 :  0.4486 0.0000 0.4374 0.0014 0.1125 
332      332   (0)     13 :  0.0222 0.8934 0.0223 0.0000 0.0621 
333      333   (0)     13 :  0.0000 0.2971 0.2274 0.0000 0.4754 
334      334   (0)     13 :  0.0000 0.4388 0.0000 0.0000 0.5612 
335      335   (0)     13 :  0.0316 0.1911 0.1082 0.0000 0.6692 
336      336   (0)     13 :  0.1028 0.6688 0.0077 0.0000 0.2207 
337      337   (0)     13 :  0.1330 0.4016 0.0000 0.0100 0.4554 
338      338   (0)     13 :  0.0709 0.7759 0.0023 0.0000 0.1510 
339      339   (0)     13 :  0.2781 0.1433 0.2578 0.0063 0.3145 
340      340   (0)     13 :  0.0334 0.6898 0.1479 0.0187 0.1101 
341      341   (0)     13 :  0.0981 0.8730 0.0021 0.0000 0.0268 
342      342   (0)     13 :  0.1091 0.3297 0.0000 0.0000 0.5611 
343      343   (0)     13 :  0.2229 0.2958 0.0000 0.0000 0.4813 
344      344   (0)     13 :  0.0232 0.5796 0.0043 0.0000 0.3929 
345      345   (0)     13 :  0.0554 0.3513 0.0000 0.4614 0.1319 
346      346   (0)     13 :  0.0002 0.7005 0.2141 0.0000 0.0851 
347      347   (0)     13 :  0.0000 0.5834 0.0097 0.0000 0.4069 
348      348   (0)     13 :  0.1806 0.2590 0.0000 0.0063 0.5541 
349      349   (0)     13 :  0.1792 0.4657 0.1401 0.0019 0.2131 
350      350   (0)     13 :  0.0000 0.2485 0.0000 0.6921 0.0594 
351      351   (0)     13 :  0.0012 0.3551 0.0000 0.0099 0.6338 
