1        1   (0)      1  : 0.0040 0.0014 0.4379 0.3492 0.0000 0.2074 0.0000 0.0000 0.0000 0.0000 0.0000
2        2   (0)      1  : 0.4126 0.0000 0.3055 0.0402 0.0044 0.0000 0.0575 0.0889 0.0000 0.0454 0.0455
3        3   (0)      1  : 0.0988 0.0000 0.4532 0.1563 0.0504 0.0000 0.0000 0.0000 0.0000 0.0000 0.2414
4        4   (0)      1  : 0.0000 0.0000 0.5650 0.0000 0.0000 0.0385 0.0000 0.2566 0.1399 0.0000 0.0000
5        5   (0)      1  : 0.1940 0.0139 0.0681 0.3475 0.0000 0.1558 0.1299 0.0245 0.0435 0.0000 0.0229
6        6   (0)      2  : 0.0000 0.0000 0.6036 0.0000 0.0000 0.0084 0.0000 0.0000 0.0000 0.0000 0.3879
7        7   (0)      1  : 0.0000 0.0000 0.6292 0.0000 0.0000 0.0000 0.0076 0.0000 0.3632 0.0000 0.0000
8        8   (0)      3  : 0.0000 0.3646 0.0000 0.0000 0.3971 0.0000 0.0830 0.0000 0.0000 0.1554 0.0000
9        9   (0)      4  : 0.0000 0.0000 0.0000 0.0000 0.1015 0.5806 0.0210 0.1413 0.0000 0.1497 0.0060
10       10   (0)      4  : 0.0514 0.0000 0.0077 0.0353 0.1135 0.0110 0.4754 0.0000 0.1161 0.1895 0.0000
11       11   (0)      4  : 0.0099 0.1149 0.0165 0.1139 0.2894 0.0584 0.0000 0.3004 0.0000 0.0899 0.0068
12       12   (0)      4  : 0.0000 0.0000 0.0000 0.0000 0.0000 0.8000 0.0000 0.2000 0.0000 0.0000 0.0000
13       13   (0)      4  : 0.1341 0.1595 0.1730 0.0000 0.0000 0.0177 0.1038 0.0000 0.0000 0.4120 0.0000
14       14   (0)      5  : 0.0111 0.0000 0.0022 0.1753 0.0819 0.0000 0.4559 0.0146 0.0075 0.0962 0.1555
15       15   (0)      4  : 0.0000 0.1415 0.0000 0.2119 0.0055 0.0000 0.1336 0.0000 0.0000 0.3156 0.1919
16       16   (0)      5  : 0.0416 0.1830 0.1479 0.0225 0.0000 0.0000 0.2477 0.0000 0.0106 0.3069 0.0398
17       17   (0)      5  : 0.2092 0.0494 0.0000 0.0000 0.1300 0.0000 0.1442 0.0000 0.0000 0.4672 0.0000
18       18   (0)      5  : 0.0000 0.1109 0.0000 0.0000 0.2407 0.0000 0.0441 0.0000 0.0000 0.4168 0.1876
19       19   (0)      5  : 0.0388 0.1499 0.0000 0.0000 0.0021 0.0000 0.1672 0.0000 0.0327 0.6093 0.0000
20       20   (0)      5  : 0.0000 0.0723 0.0000 0.2513 0.1901 0.0000 0.0686 0.1752 0.0810 0.1614 0.0000
21       21   (0)      5  : 0.0000 0.1985 0.0000 0.0313 0.2793 0.0000 0.1353 0.0000 0.0000 0.3556 0.0000
22       22   (0)      5  : 0.0000 0.0000 0.0000 0.0368 0.0626 0.0000 0.2192 0.3588 0.0000 0.1137 0.2088
23       23   (0)      5  : 0.0000 0.0799 0.0000 0.0763 0.2875 0.0132 0.0897 0.0000 0.0000 0.4534 0.0000
24       24   (0)      5  : 0.0000 0.0131 0.0000 0.0000 0.0994 0.0000 0.2862 0.0000 0.0000 0.4788 0.1225
25       25   (0)      5  : 0.0000 0.0392 0.0000 0.2946 0.0799 0.0000 0.0870 0.1100 0.0000 0.3894 0.0000
26       26   (0)      5  : 0.0000 0.1353 0.0000 0.0000 0.0000 0.0538 0.0397 0.0337 0.0000 0.7376 0.0000
27       27   (0)      5  : 0.1926 0.1187 0.0000 0.0000 0.0000 0.0000 0.4237 0.0069 0.1253 0.1328 0.0000
28       28   (0)      5  : 0.0342 0.1348 0.0000 0.0708 0.0398 0.0000 0.3619 0.0290 0.0000 0.1387 0.1908
29       29   (0)      5  : 0.0000 0.0000 0.0000 0.0506 0.1299 0.0000 0.0670 0.4924 0.0000 0.2601 0.0000
30       30   (0)      5  : 0.0279 0.0000 0.0000 0.3848 0.0000 0.0000 0.5320 0.0081 0.0000 0.0472 0.0000
31       31   (0)      5  : 0.0299 0.2083 0.0000 0.3656 0.0570 0.0000 0.1837 0.0000 0.0000 0.1555 0.0000
32       32   (0)      5  : 0.2218 0.0226 0.0000 0.0172 0.1390 0.0000 0.4149 0.0087 0.0084 0.1595 0.0078
33       33   (0)      5  : 0.0087 0.1907 0.0000 0.0000 0.0000 0.0000 0.2093 0.0000 0.0000 0.5913 0.0000
34       34   (0)      5  : 0.0850 0.5304 0.0000 0.0524 0.0107 0.0000 0.0462 0.0000 0.0000 0.2752 0.0000
35       35   (0)      5  : 0.0000 0.2039 0.0000 0.0139 0.0105 0.0000 0.0573 0.0039 0.0945 0.5638 0.0521
36       36   (0)      5  : 0.0000 0.2956 0.0000 0.0000 0.0000 0.2172 0.0750 0.0489 0.1344 0.2290 0.0000
37       37   (0)      5  : 0.1603 0.1782 0.0000 0.0263 0.0000 0.0000 0.0912 0.2663 0.0000 0.2777 0.0000
38       38   (0)      5  : 0.0000 0.1870 0.0000 0.0770 0.1442 0.0000 0.0940 0.0988 0.0963 0.3027 0.0000
39       39   (0)      5  : 0.3254 0.0000 0.0000 0.0000 0.0610 0.0000 0.3803 0.0000 0.0000 0.2333 0.0000
40       40   (0)      5  : 0.0000 0.0641 0.0000 0.0356 0.1155 0.0000 0.0691 0.2358 0.2006 0.1471 0.1323
41       41   (0)      4  : 0.0000 0.0000 0.0000 0.0000 0.0000 0.3933 0.0328 0.0995 0.0000 0.4744 0.0000
42       42   (0)      4  : 0.0000 0.0432 0.0000 0.0164 0.0000 0.0000 0.1447 0.3973 0.0000 0.0000 0.3984
43       43   (0)      4  : 0.0000 0.0248 0.0000 0.4270 0.0132 0.0000 0.1777 0.0000 0.0000 0.1977 0.1595
44       44   (0)      4  : 0.2565 0.0511 0.0003 0.0000 0.0154 0.1049 0.3266 0.0212 0.0554 0.1493 0.0194
45       45   (0)      5  : 0.0565 0.0384 0.0000 0.2043 0.0244 0.0423 0.1773 0.3655 0.0000 0.0185 0.0729
46       46   (0)      4  : 0.0000 0.0931 0.0000 0.0375 0.6646 0.0000 0.1041 0.0000 0.0000 0.1008 0.0000
47       47   (0)      4  : 0.0000 0.0000 0.1203 0.0025 0.0176 0.0868 0.2436 0.0881 0.1584 0.2826 0.0000
48       48   (0)      4  : 0.0314 0.0320 0.0479 0.0000 0.0799 0.1235 0.2598 0.0275 0.0791 0.3188 0.0000
49       49   (0)      4  : 0.0000 0.2610 0.0128 0.0000 0.0000 0.1368 0.1339 0.0279 0.0000 0.4207 0.0068
50       50   (0)      5  : 0.0446 0.0000 0.0000 0.0275 0.0000 0.0319 0.0839 0.7505 0.0000 0.0231 0.0385
51       51   (0)      4  : 0.0632 0.0277 0.0000 0.1238 0.0000 0.0000 0.6320 0.0000 0.0000 0.0327 0.1205
52       52   (0)      5  : 0.0000 0.2025 0.0000 0.0279 0.0455 0.0023 0.2321 0.0694 0.0000 0.0539 0.3664
53       53   (0)      6  : 0.0000 0.0000 0.6989 0.0000 0.0000 0.0332 0.0969 0.0000 0.1711 0.0000 0.0000
54       54   (0)      6  : 0.0113 0.0000 0.1122 0.3169 0.0389 0.0287 0.2160 0.0000 0.0000 0.2760 0.0000
55       55   (0)      6  : 0.0000 0.0000 0.0000 0.0000 0.0000 0.8000 0.0000 0.2000 0.0000 0.0000 0.0000
56       56   (0)      6  : 0.0000 0.0000 0.5311 0.1473 0.1217 0.2000 0.0000 0.0000 0.0000 0.0000 0.0000
57       57   (0)      6  : 0.0000 0.0000 0.2572 0.2985 0.0000 0.0659 0.3046 0.0000 0.0613 0.0125 0.0000
58       58   (0)      6  : 0.0235 0.0068 0.1102 0.3146 0.0566 0.0000 0.4085 0.0000 0.0000 0.0206 0.0592
59       59   (0)      6  : 0.0000 0.1153 0.0666 0.4293 0.1421 0.0114 0.1496 0.0000 0.0640 0.0169 0.0049
60       60   (0)      6  : 0.0362 0.0353 0.2576 0.1230 0.1646 0.0253 0.3067 0.0000 0.0184 0.0330 0.0000
61       61   (0)      7  : 0.0669 0.1593 0.0044 0.0000 0.0000 0.0015 0.3213 0.0509 0.2277 0.1609 0.0070
62       62   (0)      7  : 0.0298 0.0000 0.0000 0.0000 0.0000 0.0000 0.4875 0.0000 0.0000 0.0083 0.4744
63       63   (0)      7  : 0.0000 0.0000 0.0031 0.0429 0.0056 0.0000 0.4002 0.2853 0.0000 0.0514 0.2115
64       64   (0)      7  : 0.0000 0.0000 0.1341 0.0000 0.0000 0.0264 0.1835 0.0000 0.2248 0.3214 0.1097
65       65   (0)      7  : 0.0000 0.0000 0.0913 0.0000 0.0000 0.0299 0.0000 0.0000 0.1146 0.7642 0.0000
66       66   (0)      7  : 0.0000 0.0000 0.1520 0.0000 0.0000 0.1526 0.0000 0.5109 0.0000 0.1846 0.0000
67       67   (0)      7  : 0.0000 0.0278 0.0340 0.0000 0.0000 0.0004 0.1327 0.0011 0.0990 0.2884 0.4167
68       68   (0)      7  : 0.2085 0.0000 0.0000 0.0000 0.0000 0.0000 0.5754 0.0000 0.0000 0.0299 0.1862
69       69   (0)      7  : 0.0000 0.0000 0.0994 0.0076 0.0453 0.0467 0.3789 0.0000 0.1595 0.2626 0.0000
70       70   (0)      7  : 0.0000 0.0000 0.1273 0.0000 0.0000 0.0490 0.0000 0.0078 0.0784 0.7375 0.0000
71       71   (0)      7  : 0.2038 0.0257 0.0072 0.0384 0.0000 0.0000 0.1784 0.2449 0.1268 0.0008 0.1740
72       72   (0)      7  : 0.1452 0.0726 0.0267 0.0000 0.0000 0.0000 0.4271 0.0000 0.0158 0.3126 0.0000
73       73   (0)      7  : 0.0093 0.0000 0.1882 0.0000 0.0000 0.0001 0.0366 0.0024 0.0035 0.7590 0.0011
74       74   (0)      7  : 0.0000 0.0322 0.0138 0.2279 0.1264 0.0000 0.3363 0.0000 0.1837 0.0798 0.0000
75       75   (0)      7  : 0.1137 0.0099 0.0000 0.0123 0.0000 0.0000 0.3570 0.1824 0.0000 0.3165 0.0082
76       76   (0)      7  : 0.0712 0.0000 0.0059 0.1671 0.1323 0.0000 0.5718 0.0000 0.0000 0.0518 0.0000
77       77   (0)      7  : 0.0620 0.0000 0.0834 0.0000 0.0697 0.0014 0.4841 0.0000 0.0404 0.2590 0.0000
78       78   (0)      7  : 0.0170 0.0918 0.0998 0.0000 0.0000 0.0000 0.0000 0.5816 0.0000 0.2098 0.0000
79       79   (0)      7  : 0.0789 0.3364 0.0777 0.1768 0.0000 0.0000 0.1545 0.0045 0.0000 0.1430 0.0282
80       80   (0)      7  : 0.0000 0.0235 0.2827 0.0000 0.0000 0.0236 0.0000 0.0028 0.0000 0.6674 0.0000
81       81   (0)      7  : 0.0000 0.0000 0.0819 0.0038 0.0786 0.0988 0.0580 0.5181 0.0003 0.1605 0.0000
82       82   (0)      7  : 0.0000 0.0488 0.0552 0.0000 0.0000 0.0864 0.0000 0.0580 0.0000 0.6150 0.1365
83       83   (0)      7  : 0.0000 0.0000 0.0458 0.0000 0.0000 0.0213 0.0000 0.3979 0.0000 0.5350 0.0000
84       84   (0)      7  : 0.0000 0.0000 0.1190 0.0000 0.0000 0.0696 0.0000 0.0520 0.0000 0.7594 0.0000
85       85   (0)      6  : 0.1993 0.0000 0.3293 0.0000 0.0108 0.0038 0.2383 0.0000 0.0000 0.0758 0.1428
86       86   (0)      6  : 0.0000 0.1655 0.2709 0.0298 0.0284 0.0485 0.2096 0.0185 0.0000 0.0068 0.2221
87       87   (0)      6  : 0.0000 0.0000 0.0881 0.4734 0.0000 0.0352 0.3843 0.0189 0.0000 0.0000 0.0000
88       88   (0)      6  : 0.2611 0.0086 0.3951 0.0392 0.0000 0.0000 0.2413 0.0000 0.0000 0.0051 0.0495
89       89   (0)      6  : 0.0000 0.0036 0.3056 0.3714 0.0356 0.2014 0.0823 0.0000 0.0000 0.0000 0.0000
90       90   (0)      6  : 0.1952 0.1663 0.3777 0.0201 0.0772 0.0595 0.0367 0.0457 0.0000 0.0216 0.0000
91       91   (0)      6  : 0.1564 0.0604 0.3191 0.2122 0.0076 0.0367 0.1273 0.0000 0.0000 0.0000 0.0803
92       92   (0)      6  : 0.0000 0.0000 0.4218 0.2639 0.0000 0.2000 0.0000 0.0759 0.0269 0.0115 0.0000
93       93   (0)      7  : 0.0000 0.0205 0.1077 0.1429 0.1238 0.0068 0.3685 0.0000 0.1431 0.0818 0.0050
94       94   (0)      7  : 0.0000 0.0000 0.0000 0.0000 0.0000 0.8000 0.0000 0.2000 0.0000 0.0000 0.0000
95       95   (0)      6  : 0.0000 0.0000 0.4798 0.0062 0.0000 0.2024 0.0801 0.0376 0.0000 0.0000 0.1940
96       96   (0)      6  : 0.0000 0.0000 1.0000 0.0000 0.0000 0.0000 0.0000 0.0000 0.0000 0.0000 0.0000
97       97   (0)      6  : 0.0000 0.0000 0.6369 0.0000 0.0081 0.0003 0.0565 0.0000 0.0307 0.2676 0.0000
98       98   (0)      6  : 0.0000 0.0369 0.4605 0.0001 0.0175 0.0756 0.0155 0.0105 0.0000 0.1406 0.2428
99       99   (0)      6  : 0.0000 0.0000 0.4146 0.2795 0.1096 0.0000 0.0680 0.0000 0.0000 0.0000 0.1282
100      100   (0)      6  : 0.1139 0.0000 0.5094 0.1988 0.0000 0.0489 0.0967 0.0000 0.0000 0.0000 0.0323
101      101   (0)      6  : 0.0000 0.0000 0.6713 0.0000 0.0018 0.0099 0.0643 0.0000 0.0000 0.0859 0.1669
102      102   (0)      6  : 0.0000 0.0000 0.5293 0.0000 0.0000 0.0000 0.1330 0.0000 0.0000 0.0000 0.3377
103      103   (0)      8  : 0.0000 0.2549 0.0600 0.1028 0.0000 0.0724 0.0305 0.4794 0.0000 0.0000 0.0000
104      104   (0)      8  : 0.0471 0.4972 0.0000 0.2789 0.0000 0.0000 0.1156 0.0278 0.0000 0.0000 0.0334
105      105   (0)      8  : 0.0000 0.0728 0.0000 0.1963 0.0882 0.0000 0.1629 0.3437 0.1361 0.0000 0.0000
106      106   (0)      8  : 0.2344 0.4446 0.0000 0.0069 0.0000 0.0005 0.2292 0.0000 0.0000 0.0843 0.0000
107      107   (0)      8  : 0.1361 0.3916 0.0000 0.0000 0.0000 0.0405 0.1513 0.0103 0.0000 0.2702 0.0000
108      108   (0)      8  : 0.0000 0.1675 0.0000 0.0487 0.4023 0.0865 0.0709 0.0277 0.0000 0.1965 0.0000
109      109   (0)      8  : 0.0093 0.3148 0.0000 0.4152 0.0156 0.0000 0.0238 0.2213 0.0000 0.0000 0.0000
110      110   (0)      8  : 0.0180 0.6104 0.0000 0.3423 0.0293 0.0000 0.0000 0.0000 0.0000 0.0000 0.0000
111      111   (0)      8  : 0.0698 0.4464 0.0000 0.0000 0.0445 0.0069 0.0000 0.3631 0.0000 0.0000 0.0692
112      112   (0)      8  : 0.0564 0.5661 0.0000 0.1357 0.0178 0.0000 0.0069 0.0072 0.0000 0.0118 0.1981
113      113   (0)      8  : 0.0974 0.2378 0.0000 0.3397 0.0000 0.0000 0.0865 0.1669 0.0521 0.0195 0.0000
114      114   (0)      8  : 0.0000 0.4097 0.0000 0.0000 0.0000 0.0054 0.1373 0.0000 0.0000 0.0672 0.3804
115      115   (0)      8  : 0.0000 0.0000 0.0000 0.0000 0.0000 0.8000 0.0000 0.2000 0.0000 0.0000 0.0000
116      116   (0)      8  : 0.0000 0.2311 0.0000 0.7409 0.0000 0.0000 0.0280 0.0000 0.0000 0.0000 0.0000
117      117   (0)      8  : 0.0945 0.1673 0.0000 0.0000 0.1255 0.0488 0.1185 0.2909 0.1226 0.0321 0.0000
118      118   (0)      8  : 0.1407 0.5555 0.0117 0.0000 0.0000 0.0000 0.0136 0.0000 0.0602 0.0082 0.2100
119      119   (0)      8  : 0.4128 0.3343 0.0000 0.0007 0.0090 0.0000 0.1817 0.0000 0.0000 0.0529 0.0087
120      120   (0)      8  : 0.3784 0.4103 0.0715 0.0000 0.0000 0.0375 0.0417 0.0074 0.0221 0.0312 0.0000
121      121   (0)      8  : 0.2006 0.5653 0.0000 0.1862 0.0377 0.0000 0.0101 0.0000 0.0000 0.0000 0.0000
122      122   (0)      8  : 0.0000 0.2782 0.0000 0.0000 0.3129 0.0000 0.1097 0.0000 0.1073 0.1919 0.0000
123      123   (0)      8  : 0.1440 0.2962 0.1127 0.0002 0.0426 0.0695 0.0465 0.0173 0.2082 0.0384 0.0245
124      124   (0)      8  : 0.0000 0.0000 0.0000 0.0000 0.0000 0.8000 0.0000 0.2000 0.0000 0.0000 0.0000
125      125   (0)      8  : 0.1228 0.2559 0.0000 0.0000 0.1063 0.0289 0.1509 0.0240 0.0000 0.0145 0.2968
126      126   (0)      3  : 0.0000 0.1439 0.0000 0.1090 0.1832 0.0000 0.0531 0.1705 0.1936 0.1466 0.0000
127      127   (0)      3  : 0.0023 0.0715 0.0000 0.7341 0.0973 0.0031 0.0889 0.0000 0.0027 0.0000 0.0000
128      128   (0)      3  : 0.2449 0.4014 0.0000 0.0808 0.0000 0.0022 0.0979 0.0002 0.0203 0.1524 0.0000
129      129   (0)      3  : 0.2680 0.1311 0.0000 0.2097 0.1165 0.0151 0.0082 0.0000 0.0788 0.1727 0.0000
130      130   (0)      3  : 0.0393 0.5618 0.0000 0.3077 0.0909 0.0000 0.0000 0.0000 0.0000 0.0000 0.0003
131      131   (0)      3  : 0.0596 0.5720 0.0000 0.0000 0.0341 0.0061 0.0522 0.0000 0.2292 0.0468 0.0000
132      132   (0)      3  : 0.1003 0.6317 0.0000 0.0367 0.0000 0.0399 0.0613 0.0034 0.0428 0.0839 0.0000
133      133   (0)      3  : 0.1782 0.2565 0.0000 0.0083 0.1767 0.0061 0.0075 0.0330 0.0116 0.3221 0.0000
134      134   (0)      3  : 0.0161 0.3149 0.0000 0.0000 0.0181 0.1306 0.0421 0.0097 0.2394 0.2290 0.0000
135      135   (0)      3  : 0.0000 0.1451 0.0000 0.0000 0.0000 0.1212 0.0690 0.0670 0.2223 0.3754 0.0000
136      136   (0)      3  : 0.0538 0.3109 0.0000 0.0182 0.0000 0.0000 0.0778 0.2323 0.1671 0.1360 0.0038
137      137   (0)      3  : 0.0682 0.4549 0.0000 0.0082 0.0000 0.0000 0.0662 0.2275 0.1750 0.0000 0.0000
138      138   (0)      3  : 0.1439 0.5170 0.0576 0.0000 0.0000 0.0088 0.0000 0.0000 0.1293 0.1435 0.0000
139      139   (0)      3  : 0.3171 0.5059 0.0000 0.0000 0.1201 0.0014 0.0000 0.0000 0.0065 0.0000 0.0489
140      140   (0)      3  : 0.0000 0.3542 0.0000 0.3028 0.0221 0.0417 0.1120 0.0000 0.1671 0.0000 0.0000
141      141   (0)      3  : 0.3036 0.2126 0.0000 0.0000 0.0322 0.0000 0.0629 0.0000 0.1480 0.2407 0.0000
142      142   (0)      3  : 0.2070 0.1461 0.0000 0.0772 0.1787 0.0011 0.1046 0.0000 0.0000 0.2854 0.0000
143      143   (0)      3  : 0.1855 0.7105 0.0000 0.0000 0.0000 0.0000 0.0340 0.0029 0.0003 0.0668 0.0000
144      144   (0)      3  : 0.0000 0.3932 0.0000 0.2641 0.0170 0.0241 0.2000 0.0000 0.1016 0.0000 0.0000
145      145   (0)      3  : 0.1572 0.2912 0.0000 0.0000 0.1902 0.0000 0.0994 0.0000 0.0000 0.2620 0.0000
146      146   (0)      3  : 0.3221 0.1921 0.0000 0.1604 0.0617 0.0000 0.1987 0.0000 0.0141 0.0508 0.0000
147      147   (0)      3  : 0.1283 0.3754 0.0000 0.0000 0.0000 0.0123 0.0632 0.3527 0.0018 0.0663 0.0000
148      148   (0)      3  : 0.2418 0.0543 0.0000 0.0000 0.0898 0.0215 0.2777 0.0037 0.0377 0.2727 0.0008
149      149   (0)      3  : 0.3760 0.2949 0.0000 0.0132 0.0000 0.0000 0.1633 0.0379 0.0001 0.1146 0.0000
150      150   (0)      3  : 0.1559 0.2871 0.0000 0.0000 0.0139 0.0000 0.0311 0.0038 0.0000 0.3004 0.2076
151      151   (0)      3  : 0.2637 0.3914 0.0030 0.0000 0.0207 0.0258 0.1593 0.0000 0.0000 0.1360 0.0000
152      152   (0)      3  : 0.0302 0.1374 0.0000 0.0269 0.2574 0.0031 0.2006 0.0285 0.2685 0.0473 0.0000
153      153   (0)      8  : 0.0000 0.3800 0.0000 0.0016 0.3144 0.0000 0.0950 0.0000 0.0000 0.0726 0.1364
154      154   (0)      8  : 0.0000 0.0000 0.0000 0.0000 0.0000 0.5989 0.0000 0.3884 0.0000 0.0127 0.0000
155      155   (0)      8  : 0.2604 0.3148 0.0000 0.1988 0.0220 0.0000 0.1122 0.0836 0.0000 0.0081 0.0000
156      156   (0)      8  : 0.1464 0.2284 0.1747 0.0000 0.1941 0.0918 0.0814 0.0107 0.0081 0.0126 0.0518
157      157   (0)      8  : 0.0288 0.3530 0.0000 0.1141 0.0551 0.0000 0.1385 0.0000 0.1347 0.0068 0.1689
158      158   (0)      8  : 0.0078 0.3035 0.0000 0.0197 0.1981 0.0230 0.1669 0.0000 0.2471 0.0339 0.0000
159      159   (0)      8  : 0.0000 0.3713 0.0000 0.0105 0.0398 0.0531 0.0939 0.0155 0.2112 0.0212 0.1835
160      160   (0)      1  : 0.4701 0.0805 0.2345 0.0000 0.0000 0.0863 0.0000 0.0000 0.1287 0.0000 0.0000
161      161   (0)      1  : 0.1187 0.0000 0.1563 0.2916 0.0318 0.0000 0.1012 0.0000 0.0000 0.0000 0.3003
162      162   (0)      1  : 0.5271 0.0424 0.1541 0.0000 0.0016 0.0000 0.0000 0.0000 0.2741 0.0000 0.0006
163      163   (0)      1  : 0.1462 0.0000 0.3835 0.3059 0.0085 0.0406 0.0488 0.0000 0.0665 0.0000 0.0000
164      164   (0)      1  : 0.7694 0.0000 0.1786 0.0268 0.0085 0.0166 0.0000 0.0000 0.0000 0.0000 0.0000
165      165   (0)      1  : 0.1689 0.3195 0.2220 0.1751 0.0034 0.0592 0.0000 0.0519 0.0000 0.0000 0.0000
166      166   (0)      1  : 0.4947 0.0026 0.2654 0.0067 0.0000 0.0766 0.0000 0.0000 0.1540 0.0000 0.0000
167      167   (0)      1  : 0.6528 0.0000 0.0157 0.1102 0.0000 0.0000 0.2213 0.0000 0.0000 0.0000 0.0000
168      168   (0)      2  : 0.2069 0.0000 0.0261 0.4961 0.2594 0.0000 0.0000 0.0000 0.0000 0.0000 0.0114
169      169   (0)      2  : 0.4708 0.1577 0.0737 0.0000 0.0000 0.0006 0.1409 0.0000 0.0045 0.1403 0.0115
170      170   (0)      2  : 0.4737 0.2167 0.0820 0.0465 0.0000 0.0000 0.1292 0.0000 0.0249 0.0270 0.0000
171      171   (0)      2  : 0.0000 0.1304 0.0000 0.2840 0.1476 0.0000 0.0829 0.0000 0.0000 0.1638 0.1912
172      172   (0)      2  : 0.5413 0.0000 0.0000 0.1569 0.0000 0.0097 0.2462 0.0109 0.0000 0.0000 0.0349
173      173   (0)      2  : 0.0000 0.2331 0.0138 0.5975 0.0730 0.0000 0.0713 0.0000 0.0113 0.0000 0.0000
174      174   (0)      2  : 0.4353 0.0000 0.3359 0.0769 0.1072 0.0425 0.0020 0.0000 0.0000 0.0000 0.0003
175      175   (0)      2  : 0.1275 0.0000 0.0066 0.0000 0.5278 0.0000 0.1498 0.0000 0.0152 0.0900 0.0830
176      176   (0)      1  : 0.3206 0.0659 0.0964 0.1845 0.1829 0.0000 0.0667 0.0000 0.0822 0.0008 0.0000
177      177   (0)      1  : 0.1433 0.0129 0.4391 0.0000 0.0000 0.0000 0.0000 0.0000 0.1225 0.0000 0.2822
178      178   (0)      1  : 0.0000 0.1593 0.3925 0.2299 0.0767 0.0152 0.1028 0.0000 0.0237 0.0000 0.0000
179      179   (0)      1  : 0.2230 0.0075 0.6028 0.0164 0.0871 0.0000 0.0405 0.0000 0.0227 0.0000 0.0000
180      180   (0)      1  : 0.0000 0.0292 0.5181 0.2908 0.1286 0.0000 0.0334 0.0000 0.0000 0.0000 0.0000
181      181   (0)      1  : 0.0441 0.0000 0.9391 0.0000 0.0168 0.0000 0.0000 0.0000 0.0000 0.0000 0.0000
182      182   (0)      2  : 0.0000 0.0148 0.2000 0.2443 0.1491 0.0000 0.0911 0.0000 0.0314 0.0000 0.2692
183      183   (0)      2  : 0.4733 0.0324 0.0988 0.0000 0.0000 0.0177 0.2643 0.0023 0.0735 0.0314 0.0063
184      184   (0)      2  : 0.0000 0.0038 0.0000 0.7612 0.0391 0.0000 0.0000 0.0000 0.0000 0.0000 0.1959
185      185   (0)      2  : 0.6187 0.0000 0.0000 0.0171 0.0053 0.0000 0.3112 0.0000 0.0000 0.0195 0.0281
186      186   (0)      2  : 0.0000 0.0000 0.0000 0.0531 0.5655 0.0000 0.0311 0.0000 0.0000 0.0000 0.3504
187      187   (0)      1  : 0.0000 0.0000 0.0719 0.4510 0.1142 0.0000 0.0000 0.0000 0.0000 0.0000 0.3629
188      188   (0)      1  : 0.2278 0.2623 0.4241 0.0000 0.0053 0.0321 0.0000 0.0000 0.0000 0.0484 0.0000
189      189   (0)      1  : 0.0000 0.1180 0.2812 0.0000 0.0168 0.0000 0.0633 0.0000 0.0951 0.0000 0.4256
190      190   (0)      1  : 0.4429 0.0000 0.5474 0.0000 0.0000 0.0000 0.0000 0.0000 0.0000 0.0000 0.0096
191      191   (0)      1  : 0.0110 0.0138 0.2048 0.5843 0.0471 0.0000 0.0776 0.0000 0.0441 0.0000 0.0173
192      192   (0)      1  : 0.2504 0.0000 0.5247 0.0000 0.0000 0.0196 0.0000 0.0000 0.0854 0.0000 0.1199
193      193   (0)      1  : 0.3221 0.0000 0.5447 0.0000 0.0023 0.0605 0.0000 0.0000 0.0704 0.0000 0.0000
194      194   (0)      1  : 0.0095 0.0525 0.4297 0.2309 0.0952 0.0163 0.1029 0.0000 0.0631 0.0000 0.0000
195      195   (0)      2  : 0.3127 0.0000 0.2028 0.3752 0.0150 0.0357 0.0586 0.0000 0.0000 0.0000 0.0000
196      196   (0)      2  : 0.0000 0.3159 0.0638 0.2234 0.1061 0.0000 0.0399 0.0000 0.0000 0.0000 0.2508
197      197   (0)      2  : 0.2829 0.0350 0.1783 0.0000 0.0000 0.0654 0.1541 0.0000 0.2260 0.0000 0.0583
198      198   (0)      2  : 0.3539 0.1527 0.2344 0.0932 0.0000 0.0230 0.0000 0.0000 0.0000 0.1428 0.0000
199      199   (0)      2  : 0.4981 0.0233 0.1040 0.0000 0.0055 0.0027 0.1396 0.0000 0.0000 0.0000 0.2269
200      200   (0)      2  : 0.0178 0.0000 0.0000 0.7864 0.0542 0.0000 0.1273 0.0000 0.0000 0.0143 0.0000
201      201   (0)      2  : 0.2601 0.0133 0.0488 0.1995 0.4075 0.0000 0.0586 0.0000 0.0000 0.0122 0.0000
202      202   (0)      2  : 0.5697 0.1628 0.1128 0.0000 0.0000 0.0108 0.0035 0.0081 0.1227 0.0003 0.0092
203      203   (0)      2  : 0.7177 0.0000 0.0994 0.1759 0.0000 0.0016 0.0000 0.0000 0.0000 0.0000 0.0054
204      204   (0)      2  : 0.6948 0.0733 0.0000 0.1173 0.0146 0.0248 0.0388 0.0000 0.0000 0.0364 0.0000
205      205   (0)      2  : 0.5224 0.0000 0.0463 0.0000 0.0000 0.0000 0.0295 0.0000 0.4018 0.0000 0.0000
206      206   (0)      2  : 0.3662 0.0575 0.0338 0.1655 0.0000 0.0000 0.0277 0.1792 0.0000 0.1670 0.0030
207      207   (0)      2  : 0.3466 0.0000 0.0000 0.3269 0.0667 0.0186 0.1936 0.0362 0.0000 0.0113 0.0000
208      208   (0)      9  : 0.0190 0.0000 0.0000 0.5253 0.0062 0.0000 0.0000 0.0000 0.4495 0.0000 0.0000
209      209   (0)      9  : 0.0000 0.0450 0.0000 0.3951 0.0370 0.1021 0.1428 0.0000 0.2780 0.0000 0.0000
210      210   (0)      9  : 0.3745 0.0833 0.0000 0.0000 0.0761 0.0070 0.0000 0.0000 0.0000 0.0056 0.4536
211      211   (0)      9  : 0.0000 0.0873 0.0126 0.1190 0.0884 0.0012 0.0768 0.0000 0.3001 0.0000 0.3146
212      212   (0)      9  : 0.0165 0.0738 0.0000 0.4591 0.2203 0.0944 0.0000 0.0139 0.0000 0.0000 0.1219
213      213   (0)      9  : 0.4934 0.1267 0.0113 0.0000 0.0864 0.0032 0.0000 0.0000 0.0135 0.0115 0.2540
214      214   (0)      9  : 0.2333 0.0049 0.0000 0.4438 0.2236 0.0069 0.0088 0.0148 0.0000 0.0414 0.0224
215      215   (0)      9  : 0.1957 0.0000 0.0000 0.0000 0.0000 0.0000 0.0000 0.0000 0.5784 0.0000 0.2258
216      216   (0)      9  : 0.0000 0.0000 0.0000 0.0000 0.2531 0.0000 0.0000 0.0000 0.0000 0.0000 0.7469
217      217   (0)      9  : 0.8042 0.0000 0.0044 0.0000 0.0000 0.0000 0.0000 0.1914 0.0000 0.0000 0.0000
218      218   (0)      9  : 0.0000 0.0335 0.0000 0.0088 0.4924 0.0000 0.0001 0.2639 0.0000 0.0875 0.1138
219      219   (0)      9  : 0.8970 0.0000 0.0052 0.0019 0.0715 0.0000 0.0000 0.0000 0.0000 0.0000 0.0244
220      220   (0)      9  : 0.0190 0.0000 0.0000 0.5730 0.0420 0.0001 0.0000 0.0000 0.0908 0.0000 0.2750
221      221   (0)      9  : 0.7045 0.0000 0.0051 0.1115 0.1305 0.0000 0.0436 0.0000 0.0000 0.0048 0.0000
222      222   (0)      9  : 0.1710 0.0000 0.0000 0.4291 0.0000 0.0117 0.0000 0.0000 0.3882 0.0000 0.0000
223      223   (0)      9  : 0.0000 0.0389 0.0000 0.7335 0.1114 0.0090 0.0000 0.0970 0.0000 0.0000 0.0102
224      224   (0)      9  : 0.6674 0.0000 0.0000 0.0000 0.0536 0.0128 0.0941 0.0000 0.1202 0.0328 0.0191
225      225   (0)      9  : 0.8792 0.0900 0.0000 0.0004 0.0000 0.0000 0.0100 0.0000 0.0146 0.0058 0.0000
226      226   (0)      9  : 0.0000 0.0000 0.0000 0.0000 0.0000 0.0000 0.0000 0.0000 1.0000 0.0000 0.0000
227      227   (0)      9  : 0.2666 0.0000 0.0219 0.0000 0.1764 0.0000 0.0000 0.0000 0.0478 0.0000 0.4873
228      228   (0)      9  : 0.6128 0.0000 0.0000 0.3018 0.0765 0.0000 0.0016 0.0000 0.0041 0.0000 0.0031
229      229   (0)      9  : 0.4244 0.0000 0.0000 0.0000 0.0000 0.0000 0.0000 0.0000 0.5608 0.0148 0.0000
230      230   (0)      9  : 0.7215 0.0000 0.0566 0.0000 0.1029 0.0000 0.0000 0.0000 0.0183 0.0000 0.1007
231      231   (0)      9  : 0.0000 0.0000 0.0000 0.0000 0.0000 0.0000 0.0000 0.0000 1.0000 0.0000 0.0000
232      232   (0)      9  : 0.0821 0.0000 0.0000 0.5027 0.0000 0.0000 0.0000 0.0000 0.4152 0.0000 0.0000
233      233   (0)      9  : 0.0000 0.0000 0.0000 0.0000 0.0928 0.0000 0.0000 0.0000 0.5584 0.0000 0.3488
234      234   (0)      9  : 0.8153 0.0000 0.0000 0.0730 0.1010 0.0000 0.0000 0.0000 0.0006 0.0000 0.0100
235      235   (0)      9  : 0.3931 0.0000 0.0000 0.3003 0.0521 0.0109 0.0000 0.0000 0.0139 0.0000 0.2297
236      236   (0)      9  : 0.0000 0.0000 0.0000 0.0000 0.0000 0.0000 0.0000 0.0000 1.0000 0.0000 0.0000
237      237   (0)     10  : 0.0000 0.0176 0.0732 0.0000 0.0000 0.0405 0.0310 0.1386 0.4592 0.0000 0.2399
238      238   (0)     10  : 0.6528 0.0000 0.0708 0.0333 0.0270 0.0757 0.0048 0.0000 0.0000 0.0000 0.1357
239      239   (0)     10  : 1.0000 0.0000 0.0000 0.0000 0.0000 0.0000 0.0000 0.0000 0.0000 0.0000 0.0000
240      240   (0)     10  : 0.0214 0.0000 0.0000 0.9446 0.0340 0.0000 0.0000 0.0000 0.0000 0.0000 0.0000
241      241   (0)     10  : 0.0000 0.0000 0.0000 0.6865 0.0587 0.0102 0.0000 0.0000 0.2446 0.0000 0.0000
242      242   (0)     10  : 0.4898 0.0000 0.0000 0.0498 0.0061 0.0030 0.0921 0.0000 0.1938 0.1157 0.0498
243      243   (0)     10  : 0.9368 0.0000 0.0000 0.0084 0.0000 0.0182 0.0000 0.0000 0.0000 0.0000 0.0367
244      244   (0)     10  : 0.0000 0.0000 0.2189 0.1263 0.2673 0.0000 0.0000 0.0000 0.0000 0.0000 0.3876
245      245   (0)     10  : 0.0000 0.0000 0.0000 0.0083 0.0876 0.0164 0.0000 0.0000 0.3733 0.0000 0.5144
246      246   (0)     10  : 0.0000 0.0000 0.0000 0.0000 0.0000 0.0000 0.0000 0.6211 0.0000 0.0000 0.3789
247      247   (0)     10  : 0.0000 0.0000 0.0000 0.0000 0.0000 0.0000 0.0000 0.0000 0.9798 0.0000 0.0202
248      248   (0)     10  : 0.0000 0.0000 0.0000 0.0000 0.0000 0.0000 0.0000 0.8320 0.1074 0.0132 0.0475
249      249   (0)     10  : 0.4898 0.0000 0.2487 0.0000 0.0425 0.0213 0.0000 0.0277 0.1528 0.0172 0.0000
250      250   (0)     10  : 0.0000 0.0040 0.1785 0.1685 0.0000 0.1063 0.0011 0.0471 0.3600 0.1344 0.0000
251      251   (0)     10  : 0.0000 0.0000 0.5680 0.0000 0.0443 0.0000 0.0000 0.0000 0.1361 0.0000 0.2516
252      252   (0)     10  : 0.0000 0.0000 0.0000 0.1515 0.0064 0.0214 0.0173 0.0415 0.6352 0.1251 0.0016
253      253   (0)     10  : 0.1496 0.0000 0.0000 0.0000 0.0000 0.0000 0.0000 0.0000 0.2016 0.0000 0.6489
254      254   (0)     10  : 0.1195 0.0000 0.0786 0.4127 0.0615 0.0000 0.0000 0.0000 0.1732 0.0000 0.1545
255      255   (0)     10  : 0.0000 0.0000 0.2994 0.0000 0.0581 0.0069 0.0706 0.0000 0.2619 0.1781 0.1249
256      256   (0)     10  : 0.0000 0.0000 0.2848 0.0000 0.0278 0.0309 0.0120 0.0444 0.0349 0.0000 0.5652
257      257   (0)     10  : 0.0000 0.0948 0.0541 0.3073 0.0508 0.0021 0.1308 0.0000 0.3602 0.0000 0.0000
258      258   (0)     10  : 0.0000 0.0000 0.0342 0.0000 0.0080 0.0505 0.0000 0.0000 0.4536 0.0039 0.4498
259      259   (0)     10  : 0.0000 0.0000 0.0588 0.2954 0.0112 0.0463 0.0400 0.1707 0.1832 0.0000 0.1943
260      260   (0)     10  : 0.5680 0.0000 0.0000 0.0000 0.0090 0.0000 0.0000 0.0202 0.1090 0.0000 0.2938
261      261   (0)     10  : 0.0000 0.0000 0.0000 0.5803 0.0596 0.0000 0.0216 0.0000 0.0066 0.0000 0.3319
262      262   (0)     10  : 0.0000 0.0000 0.0000 0.0000 0.0000 0.0000 0.0519 0.0000 0.5536 0.0000 0.3945
263      263   (0)     10  : 0.0679 0.0000 0.2267 0.0000 0.0712 0.1937 0.0544 0.0376 0.2384 0.0610 0.0491
264      264   (0)     11  : 0.0000 0.0000 0.0000 0.0000 0.1962 0.0000 0.0000 0.3163 0.0000 0.4874 0.0000
265      265   (0)     11  : 0.5049 0.0000 0.0000 0.0000 0.2849 0.0000 0.0585 0.0000 0.0000 0.1516 0.0000
266      266   (0)     11  : 0.0000 0.0000 0.0000 0.0000 0.1748 0.0000 0.0000 0.0061 0.0000 0.8191 0.0000
267      267   (0)     11  : 0.0000 0.0000 0.0000 0.3789 0.1405 0.0000 0.0000 0.0045 0.0000 0.4761 0.0000
268      268   (0)     11  : 0.0000 0.0000 0.0000 0.0000 0.4264 0.0000 0.0000 0.0000 0.0000 0.4504 0.1231
269      269   (0)     11  : 0.0000 0.0000 0.0000 0.0000 0.2535 0.0000 0.0000 0.3603 0.0000 0.3729 0.0132
270      270   (0)     11  : 0.1873 0.0000 0.0000 0.0000 0.1973 0.0000 0.0433 0.0000 0.0000 0.5722 0.0000
271      271   (0)     11  : 0.0000 0.0000 0.0000 0.0000 0.5521 0.0000 0.0000 0.0000 0.0000 0.2598 0.1881
272      272   (0)     11  : 0.0000 0.0000 0.0000 0.0000 0.3517 0.0000 0.0000 0.0000 0.0000 0.4086 0.2396
273      273   (0)     12  : 0.6770 0.0922 0.0000 0.1859 0.0245 0.0105 0.0000 0.0000 0.0000 0.0099 0.0000
274      274   (0)     12  : 0.3038 0.0074 0.0000 0.2096 0.2151 0.0370 0.0392 0.0274 0.1556 0.0049 0.0000
275      275   (0)     12  : 0.4632 0.0000 0.0000 0.4636 0.0414 0.0000 0.0036 0.0000 0.0283 0.0000 0.0000
276      276   (0)     12  : 0.0000 0.0000 0.0000 0.9086 0.0914 0.0000 0.0000 0.0000 0.0000 0.0000 0.0000
277      277   (0)     12  : 0.4044 0.0000 0.0403 0.0000 0.1017 0.0000 0.0000 0.0000 0.0614 0.0000 0.3922
278      278   (0)     12  : 0.3123 0.0904 0.0000 0.3612 0.0859 0.0000 0.0376 0.0000 0.1127 0.0000 0.0000
279      279   (0)     12  : 0.0000 0.0130 0.0000 0.6020 0.0102 0.0000 0.0310 0.0000 0.3439 0.0000 0.0000
280      280   (0)     12  : 0.2379 0.0033 0.0000 0.0000 0.0000 0.0000 0.0336 0.0000 0.7252 0.0000 0.0000
281      281   (0)     12  : 0.1896 0.0000 0.0000 0.5185 0.0445 0.0756 0.0000 0.0169 0.1526 0.0022 0.0000
282      282   (0)     12  : 0.0000 0.0000 0.0000 0.0000 0.0000 0.8000 0.0000 0.2000 0.0000 0.0000 0.0000
283      283   (0)     12  : 0.5716 0.0629 0.0000 0.2296 0.0316 0.0102 0.0941 0.0000 0.0000 0.0000 0.0000
284      284   (0)     12  : 0.0000 0.3194 0.0000 0.4058 0.1268 0.0041 0.1113 0.0172 0.0154 0.0000 0.0000
285      285   (0)     12  : 0.0394 0.0000 0.0000 0.8392 0.1214 0.0000 0.0000 0.0000 0.0000 0.0000 0.0000
286      286   (0)     12  : 0.0000 0.0000 0.0000 0.0000 0.9079 0.0000 0.0000 0.0000 0.0000 0.0000 0.0921
287      287   (0)     12  : 0.5526 0.0000 0.0427 0.2682 0.1008 0.0010 0.0082 0.0000 0.0249 0.0000 0.0015
288      288   (0)     12  : 0.2431 0.0000 0.0000 0.2199 0.1105 0.0000 0.0000 0.0000 0.0000 0.0000 0.4265
289      289   (0)     12  : 0.7604 0.0000 0.0000 0.1024 0.1143 0.0027 0.0150 0.0000 0.0051 0.0000 0.0000
290      290   (0)     12  : 0.0000 0.0000 0.0425 0.0000 0.5025 0.0554 0.0538 0.0000 0.3126 0.0044 0.0287
291      291   (0)     12  : 0.4009 0.0600 0.0000 0.1106 0.0343 0.0000 0.0515 0.0000 0.1146 0.1201 0.1079
292      292   (0)     12  : 0.7116 0.0000 0.0000 0.0000 0.0565 0.0000 0.1209 0.0000 0.0000 0.0000 0.1111
293      293   (0)     12  : 0.3802 0.0000 0.0000 0.3373 0.2512 0.0000 0.0000 0.0000 0.0000 0.0000 0.0313
294      294   (0)     12  : 0.2158 0.0000 0.0525 0.3972 0.1429 0.0000 0.0000 0.0000 0.0000 0.0000 0.1916
295      295   (0)     12  : 0.2745 0.0000 0.0075 0.5896 0.0959 0.0000 0.0064 0.0000 0.0000 0.0000 0.0260
296      296   (0)     12  : 0.4541 0.0000 0.0000 0.0000 0.3920 0.0000 0.1289 0.0000 0.0000 0.0249 0.0000
297      297   (0)     12  : 0.2449 0.0000 0.0000 0.5932 0.1338 0.0000 0.0201 0.0000 0.0000 0.0080 0.0000
298      298   (0)     12  : 0.0000 0.0000 0.0000 0.5174 0.0885 0.0949 0.0925 0.0000 0.1746 0.0000 0.0321
299      299   (0)     12  : 0.0138 0.0156 0.0099 0.1893 0.0127 0.0662 0.0721 0.0663 0.5297 0.0246 0.0000
300      300   (0)     12  : 0.0000 0.0000 0.0000 0.9065 0.0827 0.0000 0.0108 0.0000 0.0000 0.0000 0.0000
