1        1   (0)      1  : 0.0000 0.0000 0.5612 0.4388 0.0000 0.0000
2        2   (0)      1  : 0.5044 0.0383 0.3218 0.0484 0.0254 0.0617
3        3   (0)      1  : 0.0712 0.0000 0.4055 0.2409 0.2824 0.0000
4        4   (0)      1  : 0.0000 0.0000 0.6755 0.0000 0.0583 0.2663
5        5   (0)      1  : 0.3380 0.0502 0.2269 0.3552 0.0000 0.0297
6        6   (0)      2  : 0.0000 0.0000 0.6324 0.0000 0.3676 0.0000
7        7   (0)      1  : 0.2777 0.0000 0.7223 0.0000 0.0000 0.0000
8        8   (0)      3  : 0.0000 0.5555 0.0000 0.4445 0.0000 0.0000
9        9   (0)      4  : 0.0000 0.6613 0.2759 0.0000 0.0628 0.0000
10       10   (0)      4  : 0.4155 0.4303 0.0630 0.0912 0.0001 0.0000
11       11   (0)      4  : 0.0000 0.2830 0.0352 0.3785 0.0602 0.2431
12       12   (0)      4  : 0.0000 0.5669 0.4331 0.0000 0.0000 0.0000
13       13   (0)      4  : 0.3371 0.4979 0.1650 0.0000 0.0000 0.0000
14       14   (0)      5  : 0.3514 0.2460 0.0467 0.2775 0.0687 0.0097
15       15   (0)      4  : 0.0000 0.4672 0.0000 0.4127 0.1178 0.0023
16       16   (0)      5  : 0.3792 0.4392 0.1526 0.0284 0.0000 0.0006
17       17   (0)      5  : 0.3842 0.6158 0.0000 0.0000 0.0000 0.0000
18       18   (0)      5  : 0.0000 0.6188 0.0000 0.2067 0.1745 0.0000
19       19   (0)      5  : 0.2375 0.7625 0.0000 0.0000 0.0000 0.0000
20       20   (0)      5  : 0.0000 0.2052 0.0000 0.5050 0.0000 0.2898
21       21   (0)      5  : 0.0000 0.6168 0.0000 0.3832 0.0000 0.0000
22       22   (0)      5  : 0.2054 0.2408 0.0000 0.0754 0.1824 0.2960
23       23   (0)      5  : 0.0000 0.5452 0.0000 0.3483 0.0000 0.1065
24       24   (0)      5  : 0.2961 0.6692 0.0000 0.0000 0.0347 0.0000
25       25   (0)      5  : 0.0000 0.4211 0.0000 0.4366 0.0000 0.1423
26       26   (0)      5  : 0.0000 0.7933 0.0000 0.0000 0.0000 0.2067
27       27   (0)      5  : 0.6822 0.3111 0.0000 0.0000 0.0000 0.0067
28       28   (0)      5  : 0.3752 0.3531 0.0000 0.1589 0.0782 0.0346
29       29   (0)      5  : 0.0793 0.4149 0.0000 0.1451 0.0000 0.3607
30       30   (0)      5  : 0.3163 0.1880 0.0000 0.4835 0.0000 0.0122
31       31   (0)      5  : 0.2410 0.2883 0.0000 0.4672 0.0000 0.0036
32       32   (0)      5  : 0.5474 0.3329 0.0000 0.0925 0.0273 0.0000
33       33   (0)      5  : 0.2157 0.7843 0.0000 0.0000 0.0000 0.0000
34       34   (0)      5  : 0.2713 0.3386 0.0000 0.0971 0.0000 0.2929
35       35   (0)      5  : 0.0000 0.4770 0.0057 0.0655 0.0430 0.4087
36       36   (0)      5  : 0.1330 0.2820 0.0915 0.0000 0.0000 0.4934
37       37   (0)      5  : 0.4045 0.3036 0.0000 0.0000 0.0000 0.2919
38       38   (0)      5  : 0.0000 0.3288 0.0000 0.3481 0.0000 0.3231
39       39   (0)      5  : 0.6198 0.3802 0.0000 0.0000 0.0000 0.0000
40       40   (0)      5  : 0.0000 0.1497 0.0000 0.1677 0.1658 0.5169
41       41   (0)      4  : 0.0000 0.9466 0.0534 0.0000 0.0000 0.0000
42       42   (0)      4  : 0.3320 0.0000 0.0000 0.0208 0.2343 0.4129
43       43   (0)      4  : 0.0000 0.2536 0.0000 0.6448 0.1016 0.0000
44       44   (0)      4  : 0.5457 0.3398 0.0781 0.0000 0.0000 0.0363
45       45   (0)      5  : 0.2733 0.0727 0.0838 0.2329 0.0370 0.3004
46       46   (0)      4  : 0.0000 0.4237 0.0000 0.5446 0.0317 0.0000
47       47   (0)      4  : 0.2678 0.3298 0.2477 0.0302 0.0000 0.1244
48       48   (0)      4  : 0.2089 0.5411 0.1907 0.0000 0.0000 0.0593
49       49   (0)      4  : 0.1475 0.7211 0.0822 0.0355 0.0000 0.0137
50       50   (0)      5  : 0.3140 0.0086 0.1177 0.0300 0.0000 0.5297
51       51   (0)      4  : 0.5157 0.2384 0.0323 0.2136 0.0000 0.0000
52       52   (0)      5  : 0.0733 0.2073 0.0290 0.2617 0.2137 0.2151
53       53   (0)      6  : 0.0000 0.0357 0.9643 0.0000 0.0000 0.0000
54       54   (0)      6  : 0.2047 0.3139 0.1268 0.3545 0.0000 0.0000
55       55   (0)      6  : 0.0000 0.3950 0.4956 0.0000 0.0000 0.1095
56       56   (0)      6  : 0.0000 0.0000 0.6154 0.3846 0.0000 0.0000
57       57   (0)      6  : 0.1717 0.0307 0.3838 0.4138 0.0000 0.0000
58       58   (0)      6  : 0.2999 0.0900 0.1541 0.4560 0.0000 0.0000
59       59   (0)      6  : 0.0000 0.0211 0.1081 0.7238 0.0075 0.1395
60       60   (0)      6  : 0.1538 0.1476 0.2822 0.4163 0.0000 0.0000
61       61   (0)      7  : 0.4695 0.1834 0.0563 0.0000 0.0000 0.2908
62       62   (0)      7  : 0.5734 0.1940 0.0406 0.0277 0.1642 0.0000
63       63   (0)      7  : 0.2350 0.2293 0.1656 0.1426 0.0228 0.2046
64       64   (0)      7  : 0.3267 0.3411 0.2721 0.0000 0.0519 0.0082
65       65   (0)      7  : 0.0521 0.7648 0.1831 0.0000 0.0000 0.0000
66       66   (0)      7  : 0.0000 0.2542 0.3819 0.0000 0.0088 0.3550
67       67   (0)      7  : 0.1620 0.3227 0.0950 0.0000 0.2892 0.1310
68       68   (0)      7  : 0.7671 0.1603 0.0056 0.0000 0.0670 0.0000
69       69   (0)      7  : 0.1521 0.4565 0.2839 0.1074 0.0000 0.0000
70       70   (0)      7  : 0.0000 0.7599 0.2401 0.0000 0.0000 0.0000
71       71   (0)      7  : 0.5257 0.0000 0.0712 0.0000 0.1256 0.2776
72       72   (0)      7  : 0.4831 0.4174 0.0994 0.0000 0.0000 0.0000
73       73   (0)      7  : 0.0350 0.7479 0.2172 0.0000 0.0000 0.0000
74       74   (0)      7  : 0.0369 0.1655 0.1466 0.5553 0.0000 0.0958
75       75   (0)      7  : 0.4608 0.4490 0.0000 0.0000 0.0000 0.0902
76       76   (0)      7  : 0.4166 0.2154 0.0178 0.3502 0.0000 0.0000
77       77   (0)      7  : 0.3893 0.4627 0.1479 0.0000 0.0000 0.0000
78       78   (0)      7  : 0.1602 0.2170 0.1598 0.0000 0.0000 0.4630
79       79   (0)      7  : 0.3423 0.2072 0.0765 0.2279 0.0000 0.1461
80       80   (0)      7  : 0.0000 0.5018 0.3053 0.0000 0.0000 0.1929
81       81   (0)      7  : 0.0000 0.2608 0.2624 0.1189 0.0000 0.3579
82       82   (0)      7  : 0.0000 0.5797 0.0901 0.0000 0.1035 0.2267
83       83   (0)      7  : 0.0000 0.5487 0.1290 0.0000 0.0000 0.3223
84       84   (0)      7  : 0.0000 0.7798 0.1865 0.0000 0.0000 0.0338
85       85   (0)      6  : 0.4220 0.1382 0.3564 0.0000 0.0835 0.0000
86       86   (0)      6  : 0.1766 0.1728 0.3491 0.1287 0.1425 0.0304
87       87   (0)      6  : 0.0539 0.0829 0.2430 0.6202 0.0000 0.0000
88       88   (0)      6  : 0.5912 0.0000 0.4004 0.0084 0.0000 0.0000
89       89   (0)      6  : 0.0000 0.0000 0.4350 0.5650 0.0000 0.0000
90       90   (0)      6  : 0.2870 0.1844 0.3997 0.1125 0.0000 0.0164
91       91   (0)      6  : 0.3487 0.0000 0.3582 0.2704 0.0228 0.0000
92       92   (0)      6  : 0.0000 0.0000 0.5555 0.3489 0.0000 0.0956
93       93   (0)      7  : 0.1439 0.2572 0.2354 0.3565 0.0000 0.0071
94       94   (0)      7  : 0.0000 0.4018 0.5982 0.0000 0.0000 0.0000
95       95   (0)      6  : 0.0596 0.0734 0.6957 0.0530 0.1183 0.0000
96       96   (0)      6  : 0.0000 0.0000 1.0000 0.0000 0.0000 0.0000
97       97   (0)      6  : 0.0000 0.3010 0.6746 0.0000 0.0244 0.0000
98       98   (0)      6  : 0.0000 0.1954 0.5343 0.0548 0.2033 0.0122
99       99   (0)      6  : 0.0000 0.0000 0.4394 0.4611 0.0994 0.0000
100      100   (0)      6  : 0.1967 0.0000 0.5614 0.2419 0.0000 0.0000
101      101   (0)      6  : 0.0000 0.0904 0.7543 0.0000 0.1553 0.0000
102      102   (0)      6  : 0.1534 0.0000 0.6281 0.0000 0.2185 0.0000
103      103   (0)      8  : 0.0000 0.0000 0.1501 0.2341 0.0000 0.6158
104      104   (0)      8  : 0.2382 0.0384 0.0000 0.4411 0.0000 0.2823
105      105   (0)      8  : 0.0000 0.0000 0.0000 0.4517 0.0000 0.5483
106      106   (0)      8  : 0.6012 0.3527 0.0000 0.0461 0.0000 0.0000
107      107   (0)      8  : 0.4623 0.5023 0.0000 0.0000 0.0000 0.0354
108      108   (0)      8  : 0.0000 0.4879 0.0000 0.4541 0.0000 0.0580
109      109   (0)      8  : 0.0905 0.0004 0.0000 0.5350 0.0000 0.3741
110      110   (0)      8  : 0.0000 0.0000 0.0000 0.6656 0.0000 0.3344
111      111   (0)      8  : 0.2634 0.0000 0.0000 0.0000 0.1477 0.5888
112      112   (0)      8  : 0.2129 0.0022 0.0000 0.3003 0.1085 0.3761
113      113   (0)      8  : 0.3497 0.0442 0.0000 0.3619 0.0000 0.2441
114      114   (0)      8  : 0.1978 0.3734 0.0000 0.0903 0.2252 0.1134
115      115   (0)      8  : 0.0000 0.4019 0.2885 0.0000 0.0000 0.3095
116      116   (0)      8  : 0.0417 0.0000 0.0000 0.9444 0.0000 0.0138
117      117   (0)      8  : 0.3622 0.1908 0.0080 0.0000 0.0482 0.3909
118      118   (0)      8  : 0.5109 0.0000 0.0000 0.0000 0.1241 0.3649
119      119   (0)      8  : 0.7185 0.2109 0.0000 0.0166 0.0000 0.0540
120      120   (0)      8  : 0.6450 0.0994 0.0575 0.0000 0.0000 0.1981
121      121   (0)      8  : 0.3811 0.1152 0.0000 0.3621 0.0000 0.1416
122      122   (0)      8  : 0.0000 0.3375 0.0000 0.3124 0.0739 0.2762
123      123   (0)      8  : 0.4896 0.0784 0.1500 0.0358 0.0114 0.2350
124      124   (0)      8  : 0.0000 0.4497 0.3630 0.0000 0.0816 0.1057
125      125   (0)      8  : 0.4035 0.2120 0.0000 0.0804 0.2171 0.0871
126      126   (0)      3  : 0.0000 0.2479 0.0000 0.4653 0.0000 0.2867
127      127   (0)      3  : 0.0863 0.0282 0.0000 0.8855 0.0000 0.0000
128      128   (0)      3  : 0.5367 0.1908 0.0000 0.0454 0.0000 0.2272
129      129   (0)      3  : 0.3789 0.2062 0.0000 0.3298 0.0000 0.0851
130      130   (0)      3  : 0.0000 0.2263 0.0000 0.6597 0.0000 0.1140
131      131   (0)      3  : 0.5028 0.2527 0.0000 0.0000 0.0000 0.2445
132      132   (0)      3  : 0.4195 0.2775 0.0000 0.1110 0.0000 0.1920
133      133   (0)      3  : 0.2433 0.4197 0.0000 0.2342 0.0000 0.1028
134      134   (0)      3  : 0.2762 0.4070 0.0907 0.0207 0.0000 0.2054
135      135   (0)      3  : 0.1152 0.3928 0.0949 0.0000 0.0007 0.3964
136      136   (0)      3  : 0.4286 0.1187 0.0000 0.0000 0.0000 0.4527
137      137   (0)      3  : 0.4677 0.0000 0.0000 0.0000 0.0000 0.5323
138      138   (0)      3  : 0.4978 0.1345 0.0011 0.0000 0.0000 0.3666
139      139   (0)      3  : 0.4419 0.1569 0.0000 0.1626 0.0765 0.1620
140      140   (0)      3  : 0.0000 0.0120 0.0000 0.6084 0.0000 0.3796
141      141   (0)      3  : 0.5500 0.3191 0.0000 0.0000 0.0000 0.1309
142      142   (0)      3  : 0.3086 0.4433 0.0000 0.2481 0.0000 0.0000
143      143   (0)      3  : 0.4916 0.1902 0.0000 0.0000 0.0000 0.3182
144      144   (0)      3  : 0.0000 0.0000 0.0000 0.6575 0.0000 0.3425
145      145   (0)      3  : 0.3413 0.4991 0.0000 0.1596 0.0000 0.0000
146      146   (0)      3  : 0.4856 0.2194 0.0000 0.2950 0.0000 0.0000
147      147   (0)      3  : 0.3857 0.1662 0.0000 0.0000 0.0000 0.4480
148      148   (0)      3  : 0.4690 0.4604 0.0360 0.0000 0.0000 0.0347
149      149   (0)      3  : 0.6851 0.1859 0.0000 0.0000 0.0000 0.1290
150      150   (0)      3  : 0.3416 0.4078 0.0000 0.0000 0.1749 0.0756
151      151   (0)      3  : 0.5742 0.3605 0.0000 0.0000 0.0000 0.0653
152      152   (0)      3  : 0.1447 0.1846 0.0210 0.3413 0.0000 0.3084
153      153   (0)      8  : 0.0000 0.3445 0.0000 0.4146 0.1285 0.1124
154      154   (0)      8  : 0.0000 0.4405 0.3259 0.0000 0.0000 0.2336
155      155   (0)      8  : 0.4483 0.0528 0.0000 0.2833 0.0000 0.2157
156      156   (0)      8  : 0.3334 0.2698 0.2279 0.0000 0.1572 0.0117
157      157   (0)      8  : 0.2317 0.0495 0.0000 0.3154 0.0906 0.3128
158      158   (0)      8  : 0.1502 0.1854 0.0183 0.3099 0.0000 0.3362
159      159   (0)      8  : 0.1261 0.0291 0.0000 0.1548 0.1779 0.5122
160      160   (0)      1  : 0.6461 0.0000 0.3180 0.0000 0.0000 0.0359
161      161   (0)      1  : 0.2457 0.0000 0.1970 0.3286 0.2287 0.0000
162      162   (0)      1  : 0.6447 0.0000 0.1675 0.0000 0.1877 0.0000
163      163   (0)      1  : 0.1473 0.0000 0.4385 0.4142 0.0000 0.0000
164      164   (0)      1  : 0.7814 0.0000 0.1615 0.0571 0.0000 0.0000
165      165   (0)      1  : 0.2940 0.0000 0.2285 0.2558 0.0000 0.2217
166      166   (0)      1  : 0.6518 0.0000 0.3251 0.0231 0.0000 0.0000
167      167   (0)      1  : 0.8523 0.0000 0.0409 0.1068 0.0000 0.0000
168      168   (0)      2  : 0.1054 0.0000 0.0435 0.7023 0.1488 0.0000
169      169   (0)      2  : 0.6887 0.1616 0.0794 0.0000 0.0000 0.0704
170      170   (0)      2  : 0.6507 0.0912 0.0975 0.0784 0.0000 0.0823
171      171   (0)      2  : 0.0000 0.2424 0.0000 0.5587 0.1584 0.0404
172      172   (0)      2  : 0.7645 0.0267 0.0280 0.1764 0.0000 0.0044
173      173   (0)      2  : 0.0000 0.0000 0.0000 0.8262 0.0000 0.1738
174      174   (0)      2  : 0.3681 0.0000 0.3368 0.2017 0.0934 0.0000
175      175   (0)      2  : 0.0734 0.3051 0.0000 0.2439 0.3775 0.0000
176      176   (0)      1  : 0.3562 0.0685 0.1024 0.4723 0.0000 0.0005
177      177   (0)      1  : 0.3106 0.0000 0.4492 0.0000 0.2402 0.0000
178      178   (0)      1  : 0.0000 0.0953 0.3951 0.5094 0.0000 0.0002
179      179   (0)      1  : 0.1776 0.0000 0.6036 0.2188 0.0000 0.0000
180      180   (0)      1  : 0.0000 0.0000 0.4806 0.4885 0.0308 0.0000
181      181   (0)      1  : 0.0000 0.0000 0.8251 0.0000 0.1749 0.0000
182      182   (0)      2  : 0.0000 0.0034 0.2519 0.5402 0.2009 0.0037
183      183   (0)      2  : 0.7388 0.1122 0.1490 0.0000 0.0000 0.0000
184      184   (0)      2  : 0.0000 0.0000 0.0000 0.8361 0.1639 0.0000
185      185   (0)      2  : 0.8740 0.0822 0.0000 0.0063 0.0375 0.0000
186      186   (0)      2  : 0.0000 0.1199 0.0000 0.4899 0.3902 0.0000
187      187   (0)      1  : 0.0000 0.0000 0.0538 0.5718 0.3744 0.0000
188      188   (0)      1  : 0.3589 0.2201 0.3974 0.0000 0.0220 0.0016
189      189   (0)      1  : 0.0000 0.0000 0.2896 0.0445 0.4547 0.2112
190      190   (0)      1  : 0.3826 0.0000 0.5289 0.0000 0.0885 0.0000
191      191   (0)      1  : 0.0000 0.0000 0.1969 0.7395 0.0636 0.0000
192      192   (0)      1  : 0.3268 0.0000 0.5316 0.0000 0.1415 0.0000
193      193   (0)      1  : 0.3518 0.0000 0.5634 0.0014 0.0835 0.0000
194      194   (0)      1  : 0.0000 0.0000 0.4495 0.4965 0.0000 0.0540
195      195   (0)      2  : 0.3629 0.0000 0.2156 0.4215 0.0000 0.0000
196      196   (0)      2  : 0.0000 0.1021 0.0540 0.5309 0.1897 0.1233
197      197   (0)      2  : 0.5493 0.0400 0.3079 0.0000 0.0760 0.0268
198      198   (0)      2  : 0.4412 0.1565 0.2122 0.1460 0.0000 0.0440
199      199   (0)      2  : 0.7410 0.0244 0.1572 0.0000 0.0774 0.0000
200      200   (0)      2  : 0.1133 0.0000 0.0000 0.8867 0.0000 0.0000
201      201   (0)      2  : 0.1008 0.1359 0.0729 0.5941 0.0964 0.0000
202      202   (0)      2  : 0.6982 0.0000 0.1045 0.0000 0.0699 0.1274
203      203   (0)      2  : 0.7184 0.0000 0.0925 0.1404 0.0488 0.0000
204      204   (0)      2  : 0.8380 0.0082 0.0000 0.1538 0.0000 0.0000
205      205   (0)      2  : 0.7802 0.0000 0.1903 0.0294 0.0000 0.0000
206      206   (0)      2  : 0.4527 0.1314 0.0472 0.1255 0.0476 0.1957
207      207   (0)      2  : 0.4845 0.0303 0.0196 0.4382 0.0000 0.0274
208      208   (0)      9  : 0.2974 0.0000 0.0445 0.4856 0.1725 0.0000
209      209   (0)      9  : 0.0000 0.0000 0.0698 0.5407 0.2128 0.1766
210      210   (0)      9  : 0.4536 0.0712 0.0000 0.0000 0.4752 0.0000
211      211   (0)      9  : 0.0000 0.0000 0.0861 0.3017 0.4782 0.1341
212      212   (0)      9  : 0.0000 0.0852 0.0000 0.4822 0.4144 0.0182
213      213   (0)      9  : 0.5367 0.0002 0.0000 0.0000 0.3896 0.0736
214      214   (0)      9  : 0.1629 0.0679 0.0000 0.5097 0.2595 0.0000
215      215   (0)      9  : 0.5893 0.0000 0.0000 0.0000 0.4107 0.0000
216      216   (0)      9  : 0.0000 0.0000 0.0000 0.0000 1.0000 0.0000
217      217   (0)      9  : 0.7518 0.0000 0.0346 0.0000 0.1166 0.0969
218      218   (0)      9  : 0.0000 0.1907 0.0000 0.2531 0.3347 0.2215
219      219   (0)      9  : 0.7670 0.0000 0.0000 0.0000 0.2330 0.0000
220      220   (0)      9  : 0.0079 0.0000 0.0000 0.6260 0.3661 0.0000
221      221   (0)      9  : 0.6685 0.0308 0.0293 0.2714 0.0000 0.0000
222      222   (0)      9  : 0.3444 0.0000 0.0861 0.4080 0.1615 0.0000
223      223   (0)      9  : 0.0000 0.0000 0.0000 0.7669 0.1278 0.1052
224      224   (0)      9  : 0.6563 0.0513 0.0000 0.0000 0.2925 0.0000
225      225   (0)      9  : 0.9728 0.0272 0.0000 0.0000 0.0000 0.0000
226      226   (0)      9  : 0.5610 0.0000 0.1893 0.0000 0.2096 0.0400
227      227   (0)      9  : 0.0000 0.0000 0.0000 0.0000 1.0000 0.0000
228      228   (0)      9  : 0.5251 0.0000 0.0000 0.2477 0.2272 0.0000
229      229   (0)      9  : 0.8390 0.0580 0.0000 0.0000 0.1030 0.0000
230      230   (0)      9  : 0.5257 0.0000 0.0433 0.0000 0.4311 0.0000
231      231   (0)      9  : 0.5945 0.0000 0.2094 0.0000 0.1961 0.0000
232      232   (0)      9  : 0.3590 0.0000 0.0000 0.4851 0.1558 0.0000
233      233   (0)      9  : 0.0000 0.0000 0.0000 0.0000 1.0000 0.0000
234      234   (0)      9  : 0.6894 0.0000 0.0000 0.0114 0.2992 0.0000
235      235   (0)      9  : 0.4549 0.0000 0.0000 0.2653 0.2798 0.0000
236      236   (0)      9  : 0.4669 0.0000 0.1495 0.0000 0.3197 0.0639
237      237   (0)     10  : 0.2660 0.0000 0.1721 0.0000 0.2908 0.2710
238      238   (0)     10  : 0.6480 0.0000 0.1177 0.0001 0.2343 0.0000
239      239   (0)     10  : 1.0000 0.0000 0.0000 0.0000 0.0000 0.0000
240      240   (0)     10  : 0.0000 0.0000 0.0000 0.8477 0.1523 0.0000
241      241   (0)     10  : 0.0000 0.0000 0.0681 0.7193 0.2126 0.0000
242      242   (0)     10  : 0.6550 0.0993 0.0303 0.0000 0.2154 0.0000
243      243   (0)     10  : 0.9222 0.0000 0.0000 0.0000 0.0778 0.0000
244      244   (0)     10  : 0.0000 0.0000 0.1820 0.2371 0.5810 0.0000
245      245   (0)     10  : 0.1109 0.0000 0.0891 0.1635 0.6365 0.0000
246      246   (0)     10  : 0.0000 0.0000 0.0000 0.0000 0.5146 0.4854
247      247   (0)     10  : 0.4145 0.0000 0.1563 0.0000 0.3998 0.0294
248      248   (0)     10  : 0.1825 0.0000 0.0000 0.0000 0.2513 0.5662
249      249   (0)     10  : 0.5856 0.0022 0.3249 0.0000 0.0873 0.0000
250      250   (0)     10  : 0.2722 0.0982 0.3085 0.1965 0.0000 0.1246
251      251   (0)     10  : 0.0000 0.0000 0.6139 0.0000 0.3861 0.0000
252      252   (0)     10  : 0.3151 0.1145 0.0446 0.2199 0.1926 0.1133
253      253   (0)     10  : 0.3695 0.0000 0.0000 0.0000 0.6305 0.0000
254      254   (0)     10  : 0.1587 0.0000 0.1205 0.3733 0.3475 0.0000
255      255   (0)     10  : 0.0000 0.2810 0.4192 0.0000 0.2998 0.0000
256      256   (0)     10  : 0.0000 0.0024 0.4050 0.0000 0.5284 0.0642
257      257   (0)     10  : 0.0000 0.0000 0.1413 0.5343 0.1525 0.1720
258      258   (0)     10  : 0.0000 0.0000 0.1760 0.0000 0.6513 0.1726
259      259   (0)     10  : 0.0000 0.0000 0.1305 0.3859 0.3188 0.1647
260      260   (0)     10  : 0.5847 0.0000 0.0000 0.0000 0.3958 0.0195
261      261   (0)     10  : 0.0000 0.0000 0.0146 0.6266 0.3587 0.0000
262      262   (0)     10  : 0.3711 0.0212 0.1639 0.0000 0.4438 0.0000
263      263   (0)     10  : 0.0966 0.2146 0.4277 0.0000 0.2611 0.0000
264      264   (0)     11  : 0.0000 0.5374 0.0000 0.0000 0.2263 0.2363
265      265   (0)     11  : 0.4337 0.2243 0.0000 0.0000 0.3420 0.0000
266      266   (0)     11  : 0.0000 1.0000 0.0000 0.0000 0.0000 0.0000
267      267   (0)     11  : 0.0000 0.4468 0.0000 0.4146 0.1235 0.0151
268      268   (0)     11  : 0.0000 0.5605 0.0000 0.0379 0.4016 0.0000
269      269   (0)     11  : 0.0000 0.5438 0.0000 0.0000 0.2844 0.1719
270      270   (0)     11  : 0.2002 0.6231 0.0000 0.0000 0.1767 0.0000
271      271   (0)     11  : 0.0000 0.3717 0.0000 0.1088 0.5194 0.0000
272      272   (0)     11  : 0.0000 0.4726 0.0000 0.0000 0.5274 0.0000
273      273   (0)     12  : 0.7022 0.0234 0.0000 0.2031 0.0467 0.0246
274      274   (0)     12  : 0.1894 0.0000 0.0000 0.6719 0.0580 0.0807
275      275   (0)     12  : 0.5160 0.0000 0.0000 0.4840 0.0000 0.0000
276      276   (0)     12  : 0.0000 0.0000 0.0000 1.0000 0.0000 0.0000
277      277   (0)     12  : 0.3693 0.0000 0.0805 0.0000 0.5503 0.0000
278      278   (0)     12  : 0.2968 0.0000 0.0000 0.4639 0.1424 0.0969
279      279   (0)     12  : 0.1298 0.0000 0.0045 0.7079 0.1022 0.0556
280      280   (0)     12  : 0.8060 0.0000 0.0777 0.0000 0.0000 0.1163
281      281   (0)     12  : 0.2467 0.0000 0.0992 0.4573 0.1674 0.0293
282      282   (0)     12  : 0.0000 0.5327 0.3375 0.0000 0.1298 0.0000
283      283   (0)     12  : 0.7897 0.0219 0.0000 0.1878 0.0000 0.0006
284      284   (0)     12  : 0.0000 0.0000 0.0000 0.7004 0.0000 0.2996
285      285   (0)     12  : 0.0325 0.0000 0.0000 0.9675 0.0000 0.0000
286      286   (0)     12  : 0.0000 0.1119 0.0000 0.3984 0.4897 0.0000
287      287   (0)     12  : 0.5132 0.0000 0.0557 0.3036 0.1275 0.0000
288      288   (0)     12  : 0.2216 0.0000 0.0000 0.2585 0.5199 0.0000
289      289   (0)     12  : 0.7050 0.0000 0.0065 0.0296 0.2589 0.0000
290      290   (0)     12  : 0.0000 0.1280 0.1240 0.1105 0.5101 0.1274
291      291   (0)     12  : 0.5346 0.1531 0.0000 0.0908 0.2156 0.0059
292      292   (0)     12  : 0.7679 0.0000 0.0000 0.0000 0.2321 0.0000
293      293   (0)     12  : 0.0350 0.0000 0.0000 0.5060 0.4589 0.0000
294      294   (0)     12  : 0.1083 0.0000 0.0905 0.4646 0.3366 0.0000
295      295   (0)     12  : 0.3126 0.0000 0.0081 0.4942 0.1851 0.0000
296      296   (0)     12  : 0.6168 0.1990 0.0000 0.0145 0.1697 0.0000
297      297   (0)     12  : 0.2227 0.0057 0.0000 0.6714 0.1002 0.0000
298      298   (0)     12  : 0.0000 0.0000 0.1265 0.6703 0.1445 0.0587
299      299   (0)     12  : 0.2310 0.0000 0.1612 0.1721 0.1830 0.2527
300      300   (0)     12  : 0.0000 0.0000 0.0000 0.9909 0.0091 0.0000
