1        1   (0)      1  : 0.0453 0.0000 0.5507 0.4039
2        2   (0)      1  : 0.5482 0.0925 0.3287 0.0306
3        3   (0)      1  : 0.1134 0.0000 0.5371 0.3495
4        4   (0)      1  : 0.0164 0.1862 0.7974 0.0000
5        5   (0)      1  : 0.3682 0.0717 0.2321 0.3280
6        6   (0)      2  : 0.1343 0.0000 0.8371 0.0285
7        7   (0)      1  : 0.2666 0.0000 0.7334 0.0000
8        8   (0)      3  : 0.0011 0.5348 0.0000 0.4641
9        9   (0)      4  : 0.0000 0.6420 0.3580 0.0000
10       10   (0)      4  : 0.4974 0.3809 0.0505 0.0713
11       11   (0)      4  : 0.0000 0.4778 0.0719 0.4503
12       12   (0)      4  : 0.0000 0.5520 0.4480 0.0000
13       13   (0)      4  : 0.3460 0.5048 0.1492 0.0000
14       14   (0)      5  : 0.3926 0.2341 0.0897 0.2836
15       15   (0)      4  : 0.0000 0.4821 0.0187 0.4991
16       16   (0)      5  : 0.4252 0.4233 0.1393 0.0121
17       17   (0)      5  : 0.4210 0.5790 0.0000 0.0000
18       18   (0)      5  : 0.0000 0.6186 0.0000 0.3814
19       19   (0)      5  : 0.2949 0.7051 0.0000 0.0000
20       20   (0)      5  : 0.0000 0.4351 0.0298 0.5351
21       21   (0)      5  : 0.0000 0.6152 0.0000 0.3848
22       22   (0)      5  : 0.2118 0.4769 0.1018 0.2094
23       23   (0)      5  : 0.0000 0.6251 0.0000 0.3749
24       24   (0)      5  : 0.3414 0.6418 0.0167 0.0000
25       25   (0)      5  : 0.0346 0.5395 0.0000 0.4259
26       26   (0)      5  : 0.0804 0.9196 0.0000 0.0000
27       27   (0)      5  : 0.7148 0.2852 0.0000 0.0000
28       28   (0)      5  : 0.4129 0.3713 0.0020 0.2138
29       29   (0)      5  : 0.1157 0.6938 0.0000 0.1905
30       30   (0)      5  : 0.4828 0.1453 0.0000 0.3719
31       31   (0)      5  : 0.3221 0.2943 0.0000 0.3836
32       32   (0)      5  : 0.6305 0.3006 0.0000 0.0689
33       33   (0)      5  : 0.2504 0.7496 0.0000 0.0000
34       34   (0)      5  : 0.3691 0.5251 0.0000 0.1058
35       35   (0)      5  : 0.0000 0.7478 0.0973 0.1549
36       36   (0)      5  : 0.2607 0.5872 0.1420 0.0101
37       37   (0)      5  : 0.4652 0.5348 0.0000 0.0000
38       38   (0)      5  : 0.0000 0.5815 0.0000 0.4185
39       39   (0)      5  : 0.6733 0.3267 0.0000 0.0000
40       40   (0)      5  : 0.0000 0.4731 0.1515 0.3754
41       41   (0)      4  : 0.0238 0.9200 0.0563 0.0000
42       42   (0)      4  : 0.3668 0.3259 0.1149 0.1924
43       43   (0)      4  : 0.0000 0.2622 0.0000 0.7378
44       44   (0)      4  : 0.5954 0.3477 0.0568 0.0000
45       45   (0)      5  : 0.2955 0.3132 0.1230 0.2683
46       46   (0)      4  : 0.0000 0.3866 0.0000 0.6134
47       47   (0)      4  : 0.2954 0.4174 0.2630 0.0243
48       48   (0)      4  : 0.2523 0.5756 0.1721 0.0000
49       49   (0)      4  : 0.2180 0.7068 0.0734 0.0018
50       50   (0)      5  : 0.3595 0.3678 0.1832 0.0895
51       51   (0)      4  : 0.5776 0.2289 0.0160 0.1775
52       52   (0)      5  : 0.1112 0.3512 0.1440 0.3936
53       53   (0)      6  : 0.0000 0.0007 0.9993 0.0000
54       54   (0)      6  : 0.2670 0.2963 0.1149 0.3219
55       55   (0)      6  : 0.0000 0.4795 0.5205 0.0000
56       56   (0)      6  : 0.0000 0.0000 0.6520 0.3480
57       57   (0)      6  : 0.2593 0.0277 0.3706 0.3424
58       58   (0)      6  : 0.3868 0.0800 0.1382 0.3950
59       59   (0)      6  : 0.0000 0.1268 0.1498 0.7234
60       60   (0)      6  : 0.2227 0.1549 0.2545 0.3678
61       61   (0)      7  : 0.5075 0.3659 0.1266 0.0000
62       62   (0)      7  : 0.5941 0.1816 0.1316 0.0927
63       63   (0)      7  : 0.2915 0.3719 0.1876 0.1490
64       64   (0)      7  : 0.3536 0.3340 0.3123 0.0000
65       65   (0)      7  : 0.0716 0.7541 0.1743 0.0000
66       66   (0)      7  : 0.0000 0.4944 0.4476 0.0579
67       67   (0)      7  : 0.2465 0.4189 0.3241 0.0106
68       68   (0)      7  : 0.8081 0.1196 0.0723 0.0000
69       69   (0)      7  : 0.2221 0.4461 0.2590 0.0728
70       70   (0)      7  : 0.0000 0.7621 0.2379 0.0000
71       71   (0)      7  : 0.5436 0.2023 0.1991 0.0550
72       72   (0)      7  : 0.5270 0.3839 0.0892 0.0000
73       73   (0)      7  : 0.0334 0.7404 0.2262 0.0000
74       74   (0)      7  : 0.0769 0.2287 0.1534 0.5410
75       75   (0)      7  : 0.4978 0.5022 0.0000 0.0000
76       76   (0)      7  : 0.5445 0.1788 0.0158 0.2609
77       77   (0)      7  : 0.4503 0.4161 0.1336 0.0000
78       78   (0)      7  : 0.2403 0.5890 0.1707 0.0000
79       79   (0)      7  : 0.4046 0.3136 0.0682 0.2136
80       80   (0)      7  : 0.0000 0.6557 0.3443 0.0000
81       81   (0)      7  : 0.0000 0.5489 0.2956 0.1555
82       82   (0)      7  : 0.0000 0.7726 0.2274 0.0000
83       83   (0)      7  : 0.0000 0.8169 0.1831 0.0000
84       84   (0)      7  : 0.0000 0.8069 0.1931 0.0000
85       85   (0)      6  : 0.4845 0.1186 0.3969 0.0000
86       86   (0)      6  : 0.2658 0.1773 0.3950 0.1618
87       87   (0)      6  : 0.1949 0.0738 0.2071 0.5241
88       88   (0)      6  : 0.6060 0.0000 0.3940 0.0000
89       89   (0)      6  : 0.0000 0.0000 0.4339 0.5661
90       90   (0)      6  : 0.3232 0.1885 0.4005 0.0878
91       91   (0)      6  : 0.3733 0.0029 0.3597 0.2641
92       92   (0)      6  : 0.0079 0.0000 0.6300 0.3621
93       93   (0)      7  : 0.2278 0.2584 0.2092 0.3046
94       94   (0)      7  : 0.0000 0.4204 0.5796 0.0000
95       95   (0)      6  : 0.1144 0.0731 0.7449 0.0676
96       96   (0)      6  : 0.0000 0.0000 1.0000 0.0000
97       97   (0)      6  : 0.0000 0.2864 0.7136 0.0000
98       98   (0)      6  : 0.0000 0.2009 0.6614 0.1377
99       99   (0)      6  : 0.0000 0.0000 0.4833 0.5167
100      100   (0)      6  : 0.2378 0.0000 0.5683 0.1939
101      101   (0)      6  : 0.0000 0.0983 0.9017 0.0000
102      102   (0)      6  : 0.2458 0.0000 0.7368 0.0174
103      103   (0)      8  : 0.0000 0.3892 0.2615 0.3493
104      104   (0)      8  : 0.3488 0.2484 0.0013 0.4015
105      105   (0)      8  : 0.0000 0.3256 0.0779 0.5965
106      106   (0)      8  : 0.6498 0.3324 0.0000 0.0178
107      107   (0)      8  : 0.4842 0.5158 0.0000 0.0000
108      108   (0)      8  : 0.0000 0.5290 0.0000 0.4710
109      109   (0)      8  : 0.1875 0.2855 0.0000 0.5271
110      110   (0)      8  : 0.0000 0.2517 0.0000 0.7483
111      111   (0)      8  : 0.4175 0.4095 0.0506 0.1223
112      112   (0)      8  : 0.2896 0.2874 0.0000 0.4229
113      113   (0)      8  : 0.4447 0.2393 0.0000 0.3160
114      114   (0)      8  : 0.1822 0.4451 0.0740 0.2987
115      115   (0)      8  : 0.0000 0.6315 0.3685 0.0000
116      116   (0)      8  : 0.0720 0.0288 0.0000 0.8991
117      117   (0)      8  : 0.4364 0.4573 0.1063 0.0000
118      118   (0)      8  : 0.5352 0.2667 0.1288 0.0693
119      119   (0)      8  : 0.7499 0.2359 0.0000 0.0142
120      120   (0)      8  : 0.6710 0.2402 0.0889 0.0000
121      121   (0)      8  : 0.4762 0.2101 0.0000 0.3137
122      122   (0)      8  : 0.0000 0.5420 0.0609 0.3972
123      123   (0)      8  : 0.5289 0.2039 0.2123 0.0549
124      124   (0)      8  : 0.0957 0.5095 0.3947 0.0000
125      125   (0)      8  : 0.4066 0.2713 0.0553 0.2668
126      126   (0)      3  : 0.0846 0.4642 0.0063 0.4448
127      127   (0)      3  : 0.1026 0.0182 0.0000 0.8792
128      128   (0)      3  : 0.6197 0.3390 0.0000 0.0413
129      129   (0)      3  : 0.4189 0.2580 0.0000 0.3231
130      130   (0)      3  : 0.0760 0.3008 0.0000 0.6232
131      131   (0)      3  : 0.5620 0.4286 0.0094 0.0000
132      132   (0)      3  : 0.4836 0.4154 0.0000 0.1011
133      133   (0)      3  : 0.2923 0.4840 0.0000 0.2237
134      134   (0)      3  : 0.3230 0.5268 0.1111 0.0391
135      135   (0)      3  : 0.1634 0.6680 0.1686 0.0000
136      136   (0)      3  : 0.4717 0.4575 0.0626 0.0081
137      137   (0)      3  : 0.4991 0.3781 0.0801 0.0427
138      138   (0)      3  : 0.5336 0.4038 0.0626 0.0000
139      139   (0)      3  : 0.5130 0.2653 0.0000 0.2216
140      140   (0)      3  : 0.0328 0.2554 0.0833 0.6285
141      141   (0)      3  : 0.6017 0.3975 0.0000 0.0009
142      142   (0)      3  : 0.3668 0.4282 0.0000 0.2050
143      143   (0)      3  : 0.5937 0.4063 0.0000 0.0000
144      144   (0)      3  : 0.0000 0.2521 0.0458 0.7021
145      145   (0)      3  : 0.3686 0.4946 0.0000 0.1368
146      146   (0)      3  : 0.6084 0.1816 0.0000 0.2100
147      147   (0)      3  : 0.5023 0.4939 0.0038 0.0000
148      148   (0)      3  : 0.5241 0.4759 0.0000 0.0000
149      149   (0)      3  : 0.7350 0.2650 0.0000 0.0000
150      150   (0)      3  : 0.4433 0.4614 0.0580 0.0373
151      151   (0)      3  : 0.6151 0.3849 0.0000 0.0000
152      152   (0)      3  : 0.1584 0.3826 0.0948 0.3641
153      153   (0)      8  : 0.0046 0.4437 0.0000 0.5518
154      154   (0)      8  : 0.0000 0.6300 0.3700 0.0000
155      155   (0)      8  : 0.5365 0.2051 0.0000 0.2584
156      156   (0)      8  : 0.4456 0.2814 0.2730 0.0000
157      157   (0)      8  : 0.2512 0.2522 0.0986 0.3980
158      158   (0)      8  : 0.1641 0.3842 0.1135 0.3382
159      159   (0)      8  : 0.1539 0.3761 0.1646 0.3055
160      160   (0)      1  : 0.6591 0.0201 0.3208 0.0000
161      161   (0)      1  : 0.3092 0.0000 0.2701 0.4208
162      162   (0)      1  : 0.7767 0.0000 0.2233 0.0000
163      163   (0)      1  : 0.1850 0.0000 0.4290 0.3860
164      164   (0)      1  : 0.7813 0.0000 0.1781 0.0406
165      165   (0)      1  : 0.3436 0.1689 0.2362 0.2514
166      166   (0)      1  : 0.6753 0.0000 0.3188 0.0059
167      167   (0)      1  : 0.9079 0.0000 0.0166 0.0755
168      168   (0)      2  : 0.1971 0.0000 0.0453 0.7576
169      169   (0)      2  : 0.7160 0.2044 0.0796 0.0000
170      170   (0)      2  : 0.6950 0.1447 0.0950 0.0653
171      171   (0)      2  : 0.0000 0.2823 0.0000 0.7177
172      172   (0)      2  : 0.8377 0.0338 0.0000 0.1286
173      173   (0)      2  : 0.0000 0.1484 0.0000 0.8516
174      174   (0)      2  : 0.4147 0.0000 0.3696 0.2157
175      175   (0)      2  : 0.2310 0.2916 0.0807 0.3967
176      176   (0)      1  : 0.3969 0.0650 0.0884 0.4497
177      177   (0)      1  : 0.3704 0.0000 0.6296 0.0000
178      178   (0)      1  : 0.0000 0.0912 0.3943 0.5145
179      179   (0)      1  : 0.1382 0.0000 0.6457 0.2161
180      180   (0)      1  : 0.0000 0.0000 0.4817 0.5183
181      181   (0)      1  : 0.0335 0.0000 0.9665 0.0000
182      182   (0)      2  : 0.0111 0.0159 0.3148 0.6582
183      183   (0)      2  : 0.7719 0.0816 0.1465 0.0000
184      184   (0)      2  : 0.0501 0.0000 0.0000 0.9499
185      185   (0)      2  : 0.9714 0.0286 0.0000 0.0000
186      186   (0)      2  : 0.0000 0.1463 0.0061 0.8476
187      187   (0)      1  : 0.0000 0.0000 0.1800 0.8200
188      188   (0)      1  : 0.3895 0.2009 0.4097 0.0000
189      189   (0)      1  : 0.0000 0.0857 0.5771 0.3372
190      190   (0)      1  : 0.4266 0.0000 0.5734 0.0000
191      191   (0)      1  : 0.0000 0.0000 0.2012 0.7988
192      192   (0)      1  : 0.3637 0.0000 0.6363 0.0000
193      193   (0)      1  : 0.3501 0.0000 0.6264 0.0235
194      194   (0)      1  : 0.0000 0.0561 0.4508 0.4931
195      195   (0)      2  : 0.3763 0.0000 0.2137 0.4099
196      196   (0)      2  : 0.0000 0.2029 0.1152 0.6819
197      197   (0)      2  : 0.6017 0.0482 0.3501 0.0000
198      198   (0)      2  : 0.4833 0.1885 0.1978 0.1304
199      199   (0)      2  : 0.8104 0.0067 0.1829 0.0000
200      200   (0)      2  : 0.1827 0.0000 0.0000 0.8173
201      201   (0)      2  : 0.1601 0.1294 0.0632 0.6474
202      202   (0)      2  : 0.7624 0.0445 0.1931 0.0000
203      203   (0)      2  : 0.7474 0.0000 0.1035 0.1491
204      204   (0)      2  : 0.8657 0.0000 0.0000 0.1343
205      205   (0)      2  : 0.7918 0.0000 0.1831 0.0251
206      206   (0)      2  : 0.5162 0.2871 0.0453 0.1514
207      207   (0)      2  : 0.5443 0.0619 0.0001 0.3937
208      208   (0)      9  : 0.3866 0.0000 0.0482 0.5653
209      209   (0)      9  : 0.0000 0.1050 0.1487 0.7462
210      210   (0)      9  : 0.5149 0.0628 0.2026 0.2198
211      211   (0)      9  : 0.0087 0.0587 0.3246 0.6080
212      212   (0)      9  : 0.0359 0.1278 0.0182 0.8181
213      213   (0)      9  : 0.7314 0.0627 0.0999 0.1060
214      214   (0)      9  : 0.3007 0.0696 0.0000 0.6297
215      215   (0)      9  : 0.5982 0.0000 0.1631 0.2386
216      216   (0)      9  : 0.0132 0.0975 0.1606 0.7287
217      217   (0)      9  : 0.8769 0.0568 0.0663 0.0000
218      218   (0)      9  : 0.0000 0.4307 0.0000 0.5693
219      219   (0)      9  : 0.9586 0.0000 0.0150 0.0264
220      220   (0)      9  : 0.1339 0.0000 0.0781 0.7880
221      221   (0)      9  : 0.7388 0.0108 0.0000 0.2504
222      222   (0)      9  : 0.4321 0.0000 0.0977 0.4701
223      223   (0)      9  : 0.0185 0.0720 0.0000 0.9095
224      224   (0)      9  : 0.9468 0.0532 0.0000 0.0000
225      225   (0)      9  : 0.9848 0.0152 0.0000 0.0000
226      226   (0)      9  : 0.6727 0.0254 0.2569 0.0450
227      227   (0)      9  : 0.5261 0.0000 0.3638 0.1101
228      228   (0)      9  : 0.6558 0.0000 0.0000 0.3442
229      229   (0)      9  : 0.9580 0.0420 0.0000 0.0000
230      230   (0)      9  : 0.7960 0.0000 0.1811 0.0229
231      231   (0)      9  : 0.7323 0.0000 0.2677 0.0000
232      232   (0)      9  : 0.4845 0.0000 0.0000 0.5155
233      233   (0)      9  : 0.3283 0.0000 0.3175 0.3542
234      234   (0)      9  : 0.8559 0.0000 0.0000 0.1441
235      235   (0)      9  : 0.4709 0.0000 0.0425 0.4866
236      236   (0)      9  : 0.6163 0.0378 0.2538 0.0921
237      237   (0)     10  : 0.3445 0.1551 0.3706 0.1297
238      238   (0)     10  : 0.6941 0.0000 0.2057 0.1002
239      239   (0)     10  : 1.0000 0.0000 0.0000 0.0000
240      240   (0)     10  : 0.0718 0.0000 0.0000 0.9282
241      241   (0)     10  : 0.0000 0.0000 0.0902 0.9098
242      242   (0)     10  : 0.8124 0.0802 0.0669 0.0404
243      243   (0)     10  : 0.9404 0.0000 0.0593 0.0003
244      244   (0)     10  : 0.0000 0.0000 0.3307 0.6693
245      245   (0)     10  : 0.1963 0.0000 0.3228 0.4809
246      246   (0)     10  : 0.0000 0.4412 0.5588 0.0000
247      247   (0)     10  : 0.6502 0.0154 0.2512 0.0831
248      248   (0)     10  : 0.4743 0.3534 0.1583 0.0139
249      249   (0)     10  : 0.6418 0.0160 0.3422 0.0000
250      250   (0)     10  : 0.3385 0.1770 0.3194 0.1652
251      251   (0)     10  : 0.0901 0.0000 0.9091 0.0008
252      252   (0)     10  : 0.3781 0.2055 0.0876 0.3288
253      253   (0)     10  : 0.6113 0.0000 0.3887 0.0000
254      254   (0)     10  : 0.3317 0.0000 0.1750 0.4933
255      255   (0)     10  : 0.0000 0.3476 0.6524 0.0000
256      256   (0)     10  : 0.2209 0.0635 0.6602 0.0555
257      257   (0)     10  : 0.0000 0.0863 0.2217 0.6920
258      258   (0)     10  : 0.2663 0.0448 0.5483 0.1406
259      259   (0)     10  : 0.0000 0.0843 0.2692 0.6466
260      260   (0)     10  : 0.8208 0.0000 0.1790 0.0002
261      261   (0)     10  : 0.0000 0.0000 0.1483 0.8517
262      262   (0)     10  : 0.4867 0.0351 0.4647 0.0135
263      263   (0)     10  : 0.2811 0.1925 0.5264 0.0000
264      264   (0)     11  : 0.0151 0.8301 0.0337 0.1211
265      265   (0)     11  : 0.7711 0.2289 0.0000 0.0000
266      266   (0)     11  : 0.0000 1.0000 0.0000 0.0000
267      267   (0)     11  : 0.0000 0.4940 0.0000 0.5060
268      268   (0)     11  : 0.0000 0.5834 0.0000 0.4166
269      269   (0)     11  : 0.0269 0.8659 0.0795 0.0277
270      270   (0)     11  : 0.3845 0.6155 0.0000 0.0000
271      271   (0)     11  : 0.0000 0.4443 0.0000 0.5557
272      272   (0)     11  : 0.0000 0.5262 0.0301 0.4437
273      273   (0)     12  : 0.7544 0.0356 0.0000 0.2099
274      274   (0)     12  : 0.3812 0.0413 0.0000 0.5775
275      275   (0)     12  : 0.5584 0.0000 0.0000 0.4416
276      276   (0)     12  : 0.0000 0.0000 0.0000 1.0000
277      277   (0)     12  : 0.7562 0.0000 0.2438 0.0000
278      278   (0)     12  : 0.3754 0.0307 0.0281 0.5658
279      279   (0)     12  : 0.0486 0.0000 0.0001 0.9513
280      280   (0)     12  : 0.8078 0.0493 0.1429 0.0000
281      281   (0)     12  : 0.3545 0.0283 0.1043 0.5129
282      282   (0)     12  : 0.0000 0.5239 0.4761 0.0000
283      283   (0)     12  : 0.8389 0.0050 0.0000 0.1560
284      284   (0)     12  : 0.0000 0.2213 0.0000 0.7787
285      285   (0)     12  : 0.0869 0.0000 0.0000 0.9131
286      286   (0)     12  : 0.0000 0.1074 0.0000 0.8926
287      287   (0)     12  : 0.6026 0.0000 0.0460 0.3513
288      288   (0)     12  : 0.4066 0.0000 0.0009 0.5925
289      289   (0)     12  : 0.8838 0.0000 0.0058 0.1104
290      290   (0)     12  : 0.0844 0.2488 0.2725 0.3944
291      291   (0)     12  : 0.6360 0.1444 0.0000 0.2197
292      292   (0)     12  : 0.9790 0.0000 0.0210 0.0000
293      293   (0)     12  : 0.3079 0.0000 0.0000 0.6921
294      294   (0)     12  : 0.2495 0.0000 0.1371 0.6134
295      295   (0)     12  : 0.4589 0.0000 0.0000 0.5411
296      296   (0)     12  : 0.7559 0.1734 0.0000 0.0707
297      297   (0)     12  : 0.3306 0.0000 0.0000 0.6694
298      298   (0)     12  : 0.0000 0.0000 0.1812 0.8188
299      299   (0)     12  : 0.3077 0.1361 0.2583 0.2979
300      300   (0)     12  : 0.0000 0.0000 0.0000 1.0000
