  1        1   (0)      1 :  0.0237 0.0000 0.0045 0.0000 0.4721 0.0144 0.0000 0.4852 
  2        2   (0)      1 :  0.0256 0.0000 0.0207 0.0756 0.0657 0.3348 0.0959 0.3817 
  3        3   (0)      1 :  0.0928 0.7134 0.1873 0.0000 0.0000 0.0000 0.0041 0.0024 
  4        4   (0)      1 :  0.0000 0.0000 0.0196 0.2937 0.1674 0.0068 0.0000 0.5126 
  5        5   (0)      1 :  0.0643 0.0000 0.1953 0.0068 0.0000 0.0040 0.0297 0.6998 
  6        6   (0)      1 :  0.0000 0.3791 0.0508 0.0052 0.3256 0.1682 0.0000 0.0711 
  7        7   (0)      2 :  0.0000 0.0000 0.0252 0.2852 0.0000 0.0023 0.0000 0.6873 
  8        8   (0)      1 :  0.0174 0.0000 0.0048 0.0000 0.0000 0.2764 0.0000 0.7014 
  9        9   (0)      3 :  0.0000 0.0000 0.0000 0.0505 0.4109 0.0044 0.5342 0.0000 
 10       10   (0)      4 :  0.0000 0.0030 0.7114 0.1299 0.0000 0.0000 0.1405 0.0152 
 11       11   (0)      4 :  0.0000 0.0000 0.0000 0.0129 0.0590 0.3908 0.4241 0.1131 
 12       12   (0)      4 :  0.0422 0.0210 0.1291 0.1391 0.3074 0.0000 0.2827 0.0785 
 13       13   (0)      4 :  0.0000 0.0071 0.9500 0.0000 0.0000 0.0000 0.0229 0.0199 
 14       14   (0)      4 :  0.0000 0.0133 0.0393 0.0294 0.0000 0.2188 0.5040 0.1952 
 15       15   (0)      4 :  0.0000 0.7781 0.0000 0.0000 0.2219 0.0000 0.0000 0.0000 
 16       16   (0)      5 :  0.0000 0.0210 0.0115 0.0932 0.2062 0.3173 0.2528 0.0981 
 17       17   (0)      4 :  0.0000 0.1096 0.0174 0.1387 0.3082 0.0000 0.4220 0.0041 
 18       18   (0)      5 :  0.0000 0.0000 0.0281 0.0387 0.0338 0.2772 0.4045 0.2177 
 19       19   (0)      5 :  0.0000 0.0000 0.0000 0.0619 0.0000 0.2918 0.6326 0.0138 
 20       20   (0)      5 :  0.0000 0.0000 0.0093 0.2498 0.1381 0.0000 0.5977 0.0051 
 21       21   (0)      5 :  0.0000 0.0000 0.0000 0.0217 0.0000 0.2527 0.7256 0.0000 
 22       22   (0)      5 :  0.0363 0.0000 0.0505 0.0187 0.5337 0.0000 0.3509 0.0099 
 23       23   (0)      5 :  0.0000 0.0000 0.0000 0.0158 0.3588 0.0000 0.6254 0.0000 
 24       24   (0)      5 :  0.0322 0.0011 0.0956 0.2198 0.0958 0.1335 0.3920 0.0300 
 25       25   (0)      5 :  0.0242 0.0000 0.0023 0.0027 0.3563 0.0000 0.6144 0.0000 
 26       26   (0)      5 :  0.0000 0.0118 0.0200 0.2729 0.0000 0.0125 0.6730 0.0099 
 27       27   (0)      5 :  0.0000 0.0000 0.0484 0.0347 0.3973 0.0000 0.5196 0.0000 
 28       28   (0)      5 :  0.0000 0.0000 0.1390 0.0263 0.0000 0.0208 0.8140 0.0000 
 29       29   (0)      5 :  0.0000 0.0000 0.0000 0.0202 0.0000 0.7194 0.2604 0.0000 
 30       30   (0)      5 :  0.0000 0.0000 0.0172 0.2014 0.1029 0.2713 0.3969 0.0103 
 31       31   (0)      5 :  0.0637 0.0000 0.0791 0.0226 0.1990 0.0044 0.6312 0.0000 
 32       32   (0)      5 :  0.0000 0.0000 0.0103 0.0096 0.4201 0.4313 0.1287 0.0000 
 33       33   (0)      5 :  0.0000 0.0000 0.0020 0.0378 0.3853 0.2735 0.3014 0.0000 
 34       34   (0)      5 :  0.0000 0.0000 0.0004 0.0499 0.0575 0.5899 0.2994 0.0028 
 35       35   (0)      5 :  0.0000 0.0000 0.0220 0.0305 0.0000 0.1671 0.7805 0.0000 
 36       36   (0)      5 :  0.0095 0.0000 0.0034 0.0614 0.1546 0.2373 0.5339 0.0000 
 37       37   (0)      5 :  0.0000 0.0000 0.0613 0.0610 0.1138 0.0000 0.6828 0.0812 
 38       38   (0)      5 :  0.0000 0.0000 0.2839 0.0597 0.0428 0.2223 0.3874 0.0039 
 39       39   (0)      5 :  0.0090 0.0000 0.0750 0.0417 0.0007 0.3906 0.4830 0.0000 
 40       40   (0)      5 :  0.0000 0.0000 0.0461 0.0400 0.3945 0.0000 0.5194 0.0000 
 41       41   (0)      5 :  0.0000 0.0000 0.0000 0.0143 0.0000 0.5649 0.4208 0.0000 
 42       42   (0)      5 :  0.0000 0.9484 0.0030 0.0442 0.0000 0.0000 0.0000 0.0044 
 43       43   (0)      5 :  0.0080 0.0000 0.0966 0.1525 0.2910 0.0000 0.3850 0.0670 
 44       44   (0)      4 :  0.0000 0.0030 0.4587 0.0000 0.0000 0.0000 0.5344 0.0039 
 45       45   (0)      4 :  0.0178 0.0390 0.1276 0.2538 0.0538 0.2817 0.2069 0.0194 
 46       46   (0)      4 :  0.0000 0.0850 0.0094 0.0811 0.5640 0.0000 0.2605 0.0000 
 47       47   (0)      4 :  0.0000 0.0000 0.1363 0.0272 0.0000 0.5570 0.2725 0.0069 
 48       48   (0)      5 :  0.0360 0.0228 0.1529 0.0599 0.2814 0.2486 0.1760 0.0224 
 49       49   (0)      4 :  0.0000 0.0000 0.0000 0.2606 0.3598 0.0000 0.3796 0.0000 
 50       50   (0)      4 :  0.0000 0.8962 0.0000 0.0206 0.0833 0.0000 0.0000 0.0000 
 51       51   (0)      4 :  0.0702 0.0003 0.0000 0.0080 0.0144 0.2630 0.4351 0.2091 
 52       52   (0)      4 :  0.0674 0.8429 0.0000 0.0806 0.0060 0.0000 0.0031 0.0000 
 53       53   (0)      4 :  0.0000 0.0000 0.1115 0.0146 0.0000 0.2221 0.5350 0.1168 
 54       54   (0)      4 :  0.0000 0.9994 0.0000 0.0000 0.0000 0.0006 0.0000 0.0000 
 55       55   (0)      4 :  0.0000 0.7847 0.0000 0.0166 0.0019 0.1180 0.0789 0.0000 
 56       56   (0)      4 :  0.0000 0.0028 0.2010 0.0368 0.0585 0.0697 0.5933 0.0380 
 57       57   (0)      5 :  0.0664 0.0000 0.1479 0.0511 0.1105 0.3703 0.1985 0.0553 
 58       58   (0)      4 :  0.0940 0.5377 0.0000 0.0063 0.2247 0.1373 0.0000 0.0000 
 59       59   (0)      4 :  0.0000 0.8708 0.0455 0.0399 0.0026 0.0000 0.0413 0.0000 
 60       60   (0)      4 :  0.0000 0.0561 0.0090 0.0311 0.2026 0.4188 0.2277 0.0547 
 61       61   (0)      5 :  0.0000 0.0371 0.0338 0.2690 0.2246 0.0268 0.3098 0.0989 
 62       62   (0)      6 :  0.0000 0.6879 0.1689 0.0111 0.0467 0.0000 0.0189 0.0665 
 63       63   (0)      6 :  0.1387 0.7819 0.0026 0.0027 0.0685 0.0000 0.0000 0.0055 
 64       64   (0)      6 :  0.0000 0.0000 0.0633 0.0000 0.0000 0.0024 0.0000 0.9343 
 65       65   (0)      6 :  0.0000 0.0000 0.0000 0.0067 0.2878 0.2120 0.3319 0.1616 
 66       66   (0)      6 :  0.0000 0.0011 0.9500 0.0000 0.0000 0.0000 0.0214 0.0275 
 67       67   (0)      6 :  0.0000 0.0000 0.0000 0.0000 0.3309 0.0000 0.0000 0.6691 
 68       68   (0)      6 :  0.0000 0.0040 0.0000 0.0075 0.3827 0.1310 0.0560 0.4188 
 69       69   (0)      6 :  0.0000 0.0330 0.0027 0.0178 0.4672 0.2172 0.1050 0.1571 
 70       70   (0)      6 :  0.0000 0.0000 0.0128 0.0151 0.7540 0.0000 0.0865 0.1316 
 71       71   (0)      6 :  0.0000 0.0000 0.0000 0.0123 0.4006 0.1241 0.1604 0.3026 
 72       72   (0)      7 :  0.0000 0.0000 0.0251 0.0404 0.0000 0.4414 0.3619 0.1312 
 73       73   (0)      7 :  0.0000 0.0796 0.0330 0.2021 0.0003 0.4536 0.1430 0.0884 
 74       74   (0)      7 :  0.0107 0.0367 0.1161 0.1535 0.0561 0.1926 0.2465 0.1878 
 75       75   (0)      7 :  0.0058 0.1052 0.0062 0.0193 0.0000 0.2967 0.3223 0.2444 
 76       76   (0)      7 :  0.0016 0.0000 0.0000 0.0013 0.0000 0.0177 0.8038 0.1756 
 77       77   (0)      7 :  0.0962 0.0000 0.1341 0.0130 0.0534 0.0311 0.3582 0.3141 
 78       78   (0)      7 :  0.0000 0.0337 0.0342 0.2945 0.0000 0.0625 0.3981 0.1770 
 79       79   (0)      7 :  0.0000 0.0000 0.0125 0.0854 0.0000 0.6747 0.1659 0.0614 
 80       80   (0)      7 :  0.0000 0.0000 0.0000 0.0010 0.0520 0.1796 0.4960 0.2714 
 81       81   (0)      7 :  0.0000 0.0000 0.0215 0.0000 0.0000 0.0032 0.7615 0.2138 
 82       82   (0)      7 :  0.0556 0.0601 0.0801 0.1032 0.0201 0.4823 0.1067 0.0920 
 83       83   (0)      7 :  0.0645 0.8173 0.0100 0.0000 0.0000 0.0000 0.0000 0.1082 
 84       84   (0)      7 :  0.0000 0.0049 0.0000 0.0307 0.0000 0.4060 0.4231 0.1353 
 85       85   (0)      7 :  0.0000 0.0000 0.0013 0.0071 0.0000 0.0059 0.7394 0.2463 
 86       86   (0)      7 :  0.0000 0.7853 0.0000 0.0056 0.0670 0.1421 0.0000 0.0000 
 87       87   (0)      7 :  0.0000 0.0000 0.0000 0.0144 0.5278 0.0404 0.2640 0.1535 
 88       88   (0)      7 :  0.0000 0.8391 0.0463 0.0000 0.1133 0.0000 0.0001 0.0013 
 89       89   (0)      7 :  0.0026 0.0053 0.0741 0.0325 0.0015 0.4092 0.4747 0.0000 
 90       90   (0)      7 :  0.0000 0.0029 0.0000 0.0066 0.3501 0.3422 0.2414 0.0568 
 91       91   (0)      7 :  0.0000 0.0000 0.0007 0.0395 0.0000 0.3859 0.4665 0.1074 
 92       92   (0)      7 :  0.0671 0.0000 0.1234 0.0404 0.0000 0.1396 0.4476 0.1820 
 93       93   (0)      7 :  0.0000 0.0455 0.0096 0.0670 0.2027 0.2831 0.2885 0.1037 
 94       94   (0)      7 :  0.0000 0.0000 0.0211 0.0343 0.0000 0.0051 0.6315 0.3079 
 95       95   (0)      7 :  0.0658 0.0000 0.0966 0.0217 0.1598 0.0037 0.4529 0.1996 
 96       96   (0)      7 :  0.0000 0.0000 0.0801 0.1421 0.0000 0.0000 0.6793 0.0985 
 97       97   (0)      7 :  0.0277 0.0000 0.1220 0.0125 0.0000 0.0000 0.7203 0.1175 
 98       98   (0)      7 :  0.0000 0.0000 0.1681 0.0050 0.0010 0.0000 0.7276 0.0983 
 99       99   (0)      7 :  0.0203 0.7236 0.0005 0.0051 0.0000 0.0014 0.0283 0.2208 
100      100   (0)      6 :  0.0000 0.0000 0.0180 0.1039 0.0000 0.3306 0.1245 0.4230 
101      101   (0)      6 :  0.0000 0.0378 0.0589 0.2227 0.0493 0.0649 0.1546 0.4118 
102      102   (0)      6 :  0.0000 0.0302 0.1187 0.0000 0.6109 0.0438 0.0006 0.1958 
103      103   (0)      6 :  0.0000 0.0000 0.0033 0.0082 0.0000 0.4889 0.0084 0.4911 
104      104   (0)      6 :  0.0000 0.0049 0.0120 0.0000 0.6087 0.0000 0.0000 0.3744 
105      105   (0)      6 :  0.0000 0.0000 0.0874 0.0206 0.0835 0.1877 0.1226 0.4983 
106      106   (0)      6 :  0.0000 0.0410 0.0148 0.0513 0.2468 0.2583 0.0028 0.3850 
107      107   (0)      6 :  0.0545 0.0000 0.0108 0.0044 0.3389 0.0017 0.0011 0.5886 
108      108   (0)      6 :  0.0000 0.8913 0.0000 0.0000 0.0000 0.0000 0.0000 0.1087 
109      109   (0)      7 :  0.0000 0.0145 0.0017 0.0142 0.3202 0.1388 0.2938 0.2168 
110      110   (0)      7 :  0.0000 0.0058 0.9500 0.0000 0.0000 0.0000 0.0180 0.0262 
111      111   (0)      8 :  0.0000 0.0301 0.2512 0.1385 0.0033 0.0033 0.0013 0.5724 
112      112   (0)      6 :  0.0000 0.0000 0.0009 0.0000 0.0000 0.0000 0.0000 0.9991 
113      113   (0)      6 :  0.0000 0.9097 0.0252 0.0000 0.0000 0.0000 0.0000 0.0651 
114      114   (0)      6 :  0.0000 0.0000 0.0122 0.0000 0.0000 0.0010 0.2931 0.6937 
115      115   (0)      6 :  0.1714 0.4218 0.1341 0.0000 0.0000 0.0000 0.0031 0.2697 
116      116   (0)      6 :  0.0164 0.0050 0.0853 0.1792 0.0499 0.0000 0.1348 0.5293 
117      117   (0)      6 :  0.0000 0.0000 0.0104 0.1668 0.2948 0.0000 0.0000 0.5280 
118      118   (0)      6 :  0.0000 0.0000 0.0099 0.0000 0.1953 0.1588 0.0000 0.6360 
119      119   (0)      6 :  0.0000 0.0000 0.0124 0.0914 0.0000 0.0000 0.0751 0.8211 
120      120   (0)      6 :  0.0000 0.0240 0.0267 0.2309 0.0027 0.0000 0.0000 0.7158 
121      121   (0)      6 :  0.0344 0.7739 0.0017 0.0000 0.0000 0.0000 0.0000 0.1900 
122      122   (0)      9 :  0.0898 0.0000 0.1353 0.0504 0.3750 0.0000 0.2188 0.1306 
123      123   (0)      9 :  0.0000 0.0453 0.0307 0.0567 0.4463 0.2133 0.2077 0.0000 
124      124   (0)      9 :  0.0783 0.0000 0.1012 0.0338 0.6584 0.0000 0.1281 0.0003 
125      125   (0)      9 :  0.0000 0.0144 0.0225 0.0464 0.0384 0.5579 0.3203 0.0000 
126      126   (0)      9 :  0.0000 0.0000 0.0770 0.0475 0.0000 0.4264 0.4491 0.0000 
127      127   (0)      9 :  0.0000 0.0000 0.0907 0.0347 0.4151 0.0000 0.4594 0.0000 
128      128   (0)      9 :  0.0162 0.0000 0.0802 0.0467 0.5616 0.1151 0.1802 0.0000 
129      129   (0)      9 :  0.0004 0.0255 0.0742 0.0583 0.6659 0.0000 0.1757 0.0000 
130      130   (0)      9 :  0.0071 0.0000 0.2245 0.1836 0.0543 0.2696 0.2348 0.0263 
131      131   (0)      9 :  0.0000 0.0000 0.0122 0.1583 0.3534 0.1877 0.2804 0.0081 
132      132   (0)      9 :  0.0190 0.0000 0.0647 0.0401 0.3650 0.3482 0.1630 0.0000 
133      133   (0)      9 :  0.0000 0.0000 0.0670 0.3254 0.0732 0.1324 0.3822 0.0198 
134      134   (0)      9 :  0.0009 0.0014 0.9500 0.0000 0.0000 0.0000 0.0287 0.0190 
135      135   (0)      9 :  0.0000 0.0000 0.0000 0.0206 0.9273 0.0292 0.0229 0.0000 
136      136   (0)      9 :  0.0501 0.0000 0.1651 0.0354 0.0055 0.3975 0.2992 0.0472 
137      137   (0)      9 :  0.0000 0.0000 0.0622 0.1679 0.0227 0.4902 0.2121 0.0449 
138      138   (0)      9 :  0.0000 0.0138 0.0006 0.0368 0.0182 0.6750 0.2556 0.0000 
139      139   (0)      9 :  0.0000 0.0000 0.0303 0.0467 0.0000 0.6418 0.2066 0.0747 
140      140   (0)      9 :  0.0000 0.0000 0.0303 0.0506 0.3879 0.3478 0.1834 0.0000 
141      141   (0)      9 :  0.0000 0.0000 0.0053 0.0439 0.3740 0.0000 0.5353 0.0416 
142      142   (0)      9 :  0.0081 0.0000 0.0091 0.0281 0.0814 0.4891 0.2059 0.1782 
143      143   (0)      9 :  0.0000 0.0090 0.9500 0.0007 0.0000 0.0000 0.0212 0.0191 
144      144   (0)      9 :  0.0092 0.0097 0.0800 0.2852 0.0575 0.3412 0.2064 0.0109 
145      145   (0)      3 :  0.0317 0.0000 0.0997 0.0268 0.4782 0.0094 0.3517 0.0025 
146      146   (0)      3 :  0.0788 0.5443 0.0000 0.0113 0.2444 0.0931 0.0281 0.0000 
147      147   (0)      3 :  0.0000 0.0000 0.0000 0.0318 0.8724 0.0312 0.0646 0.0000 
148      148   (0)      3 :  0.0106 0.0733 0.0221 0.0529 0.0425 0.5104 0.2882 0.0000 
149      149   (0)      3 :  0.0000 0.0000 0.0000 0.0239 0.2928 0.4031 0.2802 0.0000 
150      150   (0)      3 :  0.0000 0.0847 0.0467 0.0848 0.5665 0.0000 0.2172 0.0000 
151      151   (0)      3 :  0.0000 0.0000 0.0786 0.0549 0.0053 0.5284 0.3328 0.0000 
152      152   (0)      3 :  0.0000 0.0000 0.1091 0.0668 0.1569 0.3863 0.2809 0.0000 
153      153   (0)      3 :  0.0262 0.0000 0.0000 0.0377 0.2330 0.2020 0.5010 0.0000 
154      154   (0)      3 :  0.0111 0.0000 0.2065 0.0376 0.0615 0.2725 0.3988 0.0120 
155      155   (0)      3 :  0.0420 0.0458 0.1871 0.0315 0.0000 0.1781 0.5118 0.0037 
156      156   (0)      3 :  0.1029 0.0000 0.0546 0.0554 0.0712 0.3546 0.3545 0.0068 
157      157   (0)      3 :  0.0340 0.0000 0.1171 0.0625 0.0926 0.4314 0.2384 0.0241 
158      158   (0)      3 :  0.0059 0.0000 0.0000 0.0516 0.0015 0.4497 0.4070 0.0843 
159      159   (0)      3 :  0.1701 0.5627 0.0000 0.0098 0.0000 0.2573 0.0000 0.0000 
160      160   (0)      3 :  0.0000 0.0000 0.0925 0.1746 0.1309 0.4376 0.1566 0.0079 
161      161   (0)      3 :  0.0000 0.0000 0.1239 0.0380 0.7089 0.0000 0.1271 0.0021 
162      162   (0)      3 :  0.0000 0.0000 0.0096 0.0251 0.0113 0.5744 0.3773 0.0023 
163      163   (0)      3 :  0.0000 0.0000 0.0000 0.0205 0.2370 0.2841 0.4585 0.0000 
164      164   (0)      3 :  0.0051 0.0000 0.0244 0.0669 0.0000 0.5096 0.3940 0.0000 
165      165   (0)      3 :  0.0000 0.0000 0.1176 0.0430 0.7128 0.0000 0.1246 0.0020 
166      166   (0)      3 :  0.0000 0.0000 0.0017 0.0886 0.1086 0.2954 0.5056 0.0000 
167      167   (0)      3 :  0.0000 0.0000 0.0013 0.0260 0.2635 0.5352 0.1729 0.0011 
168      168   (0)      3 :  0.0294 0.0000 0.1440 0.0537 0.0283 0.4039 0.3404 0.0003 
169      169   (0)      3 :  0.0000 0.0000 0.0183 0.0305 0.0000 0.4729 0.4638 0.0146 
170      170   (0)      3 :  0.0000 0.0109 0.0270 0.0382 0.0001 0.6734 0.2504 0.0000 
171      171   (0)      3 :  0.0000 0.0000 0.0127 0.2260 0.0006 0.3047 0.4451 0.0109 
172      172   (0)      3 :  0.0000 0.0000 0.0621 0.0400 0.0000 0.5468 0.3453 0.0058 
173      173   (0)      3 :  0.0144 0.0000 0.0266 0.0237 0.4180 0.1236 0.3486 0.0451 
174      174   (0)      9 :  0.0000 0.0000 0.0101 0.2242 0.3537 0.0000 0.4066 0.0054 
175      175   (0)      9 :  0.0022 0.0000 0.9141 0.0094 0.0000 0.0000 0.0551 0.0192 
176      176   (0)      9 :  0.0045 0.0069 0.0301 0.0404 0.2893 0.4503 0.1785 0.0000 
177      177   (0)      9 :  0.0000 0.0000 0.1112 0.2621 0.0000 0.2768 0.1614 0.1885 
178      178   (0)      9 :  0.0039 0.0000 0.0545 0.1239 0.4113 0.1927 0.1875 0.0262 
179      179   (0)      9 :  0.0189 0.0000 0.0351 0.0341 0.3934 0.1086 0.3171 0.0929 
180      180   (0)      9 :  0.0002 0.0202 0.1415 0.1724 0.2817 0.1133 0.2315 0.0392 
181      181   (0)      1 :  0.0000 0.0000 0.0005 0.0144 0.0184 0.6283 0.0378 0.3006 
182      182   (0)      1 :  0.0000 0.0305 0.0191 0.2049 0.2785 0.2240 0.0000 0.2430 
183      183   (0)      1 :  0.0000 0.0000 0.0154 0.0711 0.0000 0.6542 0.0001 0.2591 
184      184   (0)      1 :  0.0000 0.0286 0.0024 0.0043 0.4100 0.1426 0.0000 0.4121 
185      185   (0)      1 :  0.0000 0.0000 0.0000 0.0142 0.0522 0.7039 0.0000 0.2297 
186      186   (0)      1 :  0.0309 0.0000 0.0161 0.0380 0.2779 0.2286 0.1656 0.2429 
187      187   (0)      1 :  0.0000 0.0000 0.0012 0.0013 0.0432 0.5883 0.0000 0.3660 
188      188   (0)      1 :  0.0000 0.0000 0.0000 0.0108 0.0808 0.8402 0.0000 0.0682 
189      189   (0)      2 :  0.0004 0.0013 0.0078 0.2724 0.5379 0.1220 0.0015 0.0566 
190      190   (0)      2 :  0.0000 0.0111 0.0114 0.0347 0.0000 0.6487 0.2044 0.0896 
191      191   (0)      2 :  0.0000 0.0000 0.0171 0.0320 0.0889 0.6259 0.1280 0.1080 
192      192   (0)      2 :  0.0000 0.0000 0.0111 0.1940 0.5057 0.0000 0.2776 0.0116 
193      193   (0)      2 :  0.0000 0.0000 0.0597 0.0147 0.1515 0.7700 0.0015 0.0026 
194      194   (0)      2 :  0.0000 0.0000 0.0002 0.0307 0.8544 0.0000 0.1147 0.0000 
195      195   (0)      2 :  0.0000 0.0000 0.0010 0.1896 0.1248 0.2580 0.0014 0.4253 
196      196   (0)      2 :  0.0000 0.0000 0.0104 0.5645 0.0831 0.0148 0.2531 0.0740 
197      197   (0)      1 :  0.0000 0.0000 0.0000 0.0152 0.4984 0.3470 0.0678 0.0717 
198      198   (0)      1 :  0.0000 0.0000 0.0227 0.1974 0.0000 0.2861 0.0000 0.4937 
199      199   (0)      1 :  0.0000 0.0000 0.0583 0.0160 0.5130 0.0000 0.0327 0.3800 
200      200   (0)      1 :  0.0000 0.0000 0.0000 0.0068 0.2570 0.0026 0.0000 0.7336 
201      201   (0)      1 :  0.0000 0.0124 0.0000 0.1226 0.3690 0.0000 0.0000 0.4959 
202      202   (0)      1 :  0.0000 0.0000 0.0000 0.0669 0.0000 0.0000 0.0000 0.9331 
203      203   (0)      2 :  0.0000 0.5184 0.1129 0.1887 0.1653 0.0000 0.0146 0.0000 
204      204   (0)      2 :  0.0000 0.0000 0.0215 0.3436 0.3641 0.0000 0.0031 0.2677 
205      205   (0)      2 :  0.0066 0.8784 0.0293 0.0143 0.0120 0.0000 0.0595 0.0000 
206      206   (0)      2 :  0.0000 0.0000 0.0411 0.0112 0.0018 0.7300 0.0816 0.1343 
207      207   (0)      2 :  0.0000 0.0631 0.0121 0.2027 0.7221 0.0000 0.0000 0.0000 
208      208   (0)      2 :  0.0000 0.0753 0.0049 0.0399 0.0000 0.8636 0.0163 0.0000 
209      209   (0)      2 :  0.0000 0.0000 0.0184 0.6165 0.2941 0.0000 0.0521 0.0189 
210      210   (0)      1 :  0.0000 0.0000 0.0208 0.3685 0.4752 0.0000 0.0000 0.1356 
211      211   (0)      1 :  0.0000 0.0000 0.1279 0.1321 0.0000 0.1885 0.1177 0.4338 
212      212   (0)      1 :  0.0000 0.0000 0.0671 0.3732 0.1202 0.0000 0.0355 0.4040 
213      213   (0)      1 :  0.0000 0.0000 0.0011 0.0064 0.0000 0.3794 0.0000 0.6132 
214      214   (0)      1 :  0.0000 0.0000 0.0010 0.0581 0.7606 0.0000 0.0000 0.1802 
215      215   (0)      1 :  0.0000 0.0000 0.0215 0.1523 0.0000 0.2040 0.0000 0.6221 
216      216   (0)      1 :  0.0010 0.0000 0.0024 0.0558 0.0000 0.2725 0.0000 0.6682 
217      217   (0)      1 :  0.0000 0.0000 0.0341 0.0079 0.4884 0.0000 0.0150 0.4545 
218      218   (0)      2 :  0.0000 0.0000 0.0000 0.0075 0.4515 0.3402 0.0000 0.2008 
219      219   (0)      2 :  0.0000 0.0000 0.0160 0.2439 0.4808 0.0000 0.1712 0.0881 
220      220   (0)      2 :  0.0053 0.0000 0.0419 0.0518 0.0000 0.5604 0.0250 0.3157 
221      221   (0)      2 :  0.0000 0.0000 0.0000 0.0209 0.1469 0.3696 0.2003 0.2624 
222      222   (0)      2 :  0.0000 0.0682 0.0585 0.1007 0.0000 0.5797 0.0000 0.1928 
223      223   (0)      2 :  0.0000 0.0568 0.0000 0.0088 0.8129 0.0991 0.0130 0.0094 
224      224   (0)      2 :  0.0000 0.0000 0.0064 0.3239 0.3668 0.1614 0.0742 0.0672 
225      225   (0)      2 :  0.0037 0.0000 0.0181 0.1086 0.0000 0.6214 0.0464 0.2018 
226      226   (0)      2 :  0.0000 0.0000 0.0010 0.0338 0.1113 0.7213 0.0000 0.1325 
227      227   (0)      2 :  0.0000 0.0000 0.0000 0.0229 0.1286 0.7856 0.0423 0.0206 
228      228   (0)      2 :  0.0000 0.0000 0.0000 0.0028 0.0684 0.7526 0.0000 0.1761 
229      229   (0)      2 :  0.0140 0.7235 0.0000 0.0000 0.2289 0.0272 0.0000 0.0065 
230      230   (0)      2 :  0.0064 0.0035 0.0628 0.0315 0.1358 0.4295 0.2456 0.0849 
231      231   (0)      2 :  0.0017 0.0036 0.0035 0.0114 0.4077 0.4346 0.0950 0.0424 
232      232   (0)     10 :  0.0000 0.0248 0.0082 0.0330 0.5192 0.4148 0.0000 0.0000 
233      233   (0)     10 :  0.0000 0.0000 0.1656 0.0678 0.7577 0.0017 0.0026 0.0046 
234      234   (0)     10 :  0.0000 0.0000 0.1115 0.5004 0.0043 0.3488 0.0016 0.0335 
235      235   (0)     10 :  0.0065 0.0000 0.0924 0.4270 0.3458 0.0064 0.0004 0.1216 
236      236   (0)     10 :  0.0000 0.0021 0.1455 0.4119 0.4377 0.0000 0.0029 0.0000 
237      237   (0)     10 :  0.0000 0.0000 0.0533 0.4307 0.0191 0.4152 0.0341 0.0476 
238      238   (0)     10 :  0.0000 0.0000 0.0380 0.1980 0.5265 0.2306 0.0069 0.0000 
239      239   (0)     10 :  0.0000 0.0000 0.0150 0.3151 0.0022 0.6452 0.0000 0.0225 
240      240   (0)     10 :  0.0000 0.0000 0.0246 0.8754 0.0540 0.0000 0.0137 0.0323 
241      241   (0)     10 :  0.0114 0.0000 0.0983 0.0130 0.0000 0.8623 0.0012 0.0138 
242      242   (0)     10 :  0.0128 0.0000 0.0687 0.3205 0.2695 0.0029 0.3257 0.0000 
243      243   (0)     10 :  0.0000 0.0000 0.0000 0.1922 0.0091 0.7984 0.0000 0.0003 
244      244   (0)     10 :  0.0000 0.0502 0.0171 0.2347 0.6120 0.0773 0.0000 0.0087 
245      245   (0)     10 :  0.0000 0.0000 0.0000 0.0760 0.1645 0.7055 0.0230 0.0309 
246      246   (0)     10 :  0.0139 0.0000 0.0012 0.0089 0.4331 0.5063 0.0000 0.0366 
247      247   (0)     10 :  0.0612 0.0000 0.0009 0.1665 0.7665 0.0033 0.0016 0.0000 
248      248   (0)     10 :  0.0000 0.0000 0.0287 0.1907 0.0000 0.7613 0.0193 0.0000 
249      249   (0)     10 :  0.0000 0.0000 0.0155 0.0123 0.0000 0.9598 0.0124 0.0000 
250      250   (0)     10 :  0.0032 0.0000 0.0176 0.0290 0.0261 0.6884 0.0217 0.2139 
251      251   (0)     10 :  0.0000 0.0006 0.0312 0.8192 0.0092 0.0436 0.0000 0.0961 
252      252   (0)     10 :  0.0000 0.0218 0.0000 0.1147 0.2878 0.5757 0.0000 0.0000 
253      253   (0)     10 :  0.0000 0.0000 0.0001 0.0119 0.0000 0.8898 0.0586 0.0397 
254      254   (0)     10 :  0.0000 0.0000 0.0182 0.3266 0.0006 0.5177 0.0011 0.1359 
255      255   (0)     10 :  0.0000 0.0000 0.0092 0.0091 0.0000 0.7832 0.0000 0.1984 
256      256   (0)     10 :  0.0000 0.9957 0.0000 0.0000 0.0043 0.0000 0.0000 0.0000 
257      257   (0)     10 :  0.0000 0.0000 0.0000 0.0432 0.4362 0.4891 0.0000 0.0314 
258      258   (0)     10 :  0.0000 0.0000 0.0243 0.5598 0.0350 0.2204 0.0000 0.1605 
259      259   (0)     10 :  0.0000 0.0000 0.0000 0.2335 0.0246 0.7419 0.0000 0.0000 
260      260   (0)     10 :  0.0066 0.0002 0.0136 0.2640 0.2099 0.4929 0.0000 0.0130 
261      261   (0)     10 :  0.0134 0.0014 0.0467 0.0135 0.1132 0.6319 0.0236 0.1563 
262      262   (0)     11 :  0.0659 0.0000 0.0727 0.1691 0.0322 0.3584 0.0491 0.2527 
263      263   (0)     11 :  0.0000 0.0000 0.0061 0.1635 0.0040 0.6992 0.0000 0.1272 
264      264   (0)     11 :  0.0000 0.0000 0.0000 0.0742 0.0000 0.9258 0.0000 0.0000 
265      265   (0)     11 :  0.0000 1.0000 0.0000 0.0000 0.0000 0.0000 0.0000 0.0000 
266      266   (0)     11 :  0.0000 0.0294 0.0000 0.1260 0.8412 0.0033 0.0000 0.0000 
267      267   (0)     11 :  0.0000 1.0000 0.0000 0.0000 0.0000 0.0000 0.0000 0.0000 
268      268   (0)     11 :  0.0000 0.0000 0.0026 0.1029 0.8253 0.0528 0.0000 0.0164 
269      269   (0)     11 :  0.0010 0.0000 0.0520 0.0963 0.0102 0.7688 0.0258 0.0459 
270      270   (0)     11 :  0.0000 0.0000 0.0023 0.0454 0.0000 0.9421 0.0000 0.0102 
271      271   (0)     11 :  0.0000 0.0000 0.0000 0.6504 0.0904 0.0000 0.0000 0.2592 
272      272   (0)     11 :  0.0000 0.0014 0.0221 0.4215 0.1299 0.2547 0.0018 0.1686 
273      273   (0)     11 :  0.2011 0.0000 0.1807 0.4810 0.0000 0.0000 0.0873 0.0499 
274      274   (0)     11 :  0.1398 0.5908 0.0028 0.1542 0.0921 0.0000 0.0000 0.0203 
275      275   (0)     11 :  0.0033 0.0000 0.0292 0.1873 0.0084 0.5647 0.0007 0.2064 
276      276   (0)     11 :  0.2832 0.0000 0.0785 0.0992 0.0000 0.4746 0.0563 0.0083 
277      277   (0)     11 :  0.0310 0.0004 0.0252 0.0176 0.0000 0.5796 0.0013 0.3448 
278      278   (0)     11 :  0.0718 0.0000 0.0044 0.0066 0.2265 0.2697 0.1618 0.2591 
279      279   (0)     11 :  0.0000 0.0000 0.0102 0.2821 0.0000 0.0052 0.0000 0.7025 
280      280   (0)     11 :  0.0478 0.0346 0.0001 0.0943 0.1107 0.4437 0.1531 0.1157 
281      281   (0)     11 :  0.0002 0.0000 0.0360 0.4260 0.0000 0.4306 0.0000 0.1072 
282      282   (0)     11 :  0.0000 0.0057 0.0000 0.1382 0.4383 0.2507 0.0000 0.1672 
283      283   (0)     11 :  0.0000 0.0000 0.0056 0.2149 0.0000 0.0072 0.2902 0.4821 
284      284   (0)     11 :  0.0000 0.0083 0.1071 0.4410 0.0013 0.0242 0.0045 0.4137 
285      285   (0)     11 :  0.0151 0.0000 0.0550 0.0256 0.7211 0.0000 0.0199 0.1634 
286      286   (0)     11 :  0.0764 0.0000 0.0274 0.4379 0.0116 0.1254 0.0113 0.3099 
287      287   (0)     11 :  0.0857 0.0000 0.0338 0.1688 0.5200 0.0005 0.0008 0.1903 
288      288   (0)     11 :  0.0222 0.0001 0.0291 0.2838 0.0000 0.6447 0.0000 0.0201 
289      289   (0)     11 :  0.0000 0.0603 0.0121 0.2816 0.5900 0.0000 0.0006 0.0555 
290      290   (0)     11 :  0.0000 0.1422 0.0209 0.2343 0.0000 0.3651 0.0046 0.2329 
291      291   (0)     11 :  0.0000 0.0067 0.1922 0.2405 0.0000 0.0605 0.0727 0.4274 
292      292   (0)     12 :  1.0000 0.0000 0.0000 0.0000 0.0000 0.0000 0.0000 0.0000 
293      293   (0)     12 :  0.2267 0.0000 0.0439 0.1650 0.0000 0.0000 0.5643 0.0000 
294      294   (0)     12 :  1.0000 0.0000 0.0000 0.0000 0.0000 0.0000 0.0000 0.0000 
295      295   (0)     12 :  1.0000 0.0000 0.0000 0.0000 0.0000 0.0000 0.0000 0.0000 
296      296   (0)     12 :  1.0000 0.0000 0.0000 0.0000 0.0000 0.0000 0.0000 0.0000 
297      297   (0)     12 :  0.8235 0.1177 0.0000 0.0000 0.0000 0.0588 0.0000 0.0000 
298      298   (0)     12 :  1.0000 0.0000 0.0000 0.0000 0.0000 0.0000 0.0000 0.0000 
299      299   (0)     12 :  1.0000 0.0000 0.0000 0.0000 0.0000 0.0000 0.0000 0.0000 
300      300   (0)     12 :  0.0722 0.0000 0.0000 0.7298 0.0000 0.1575 0.0405 0.0000 
301      301   (0)     12 :  0.0570 0.0000 0.0198 0.1609 0.0000 0.0000 0.7623 0.0000 
302      302   (0)     12 :  1.0000 0.0000 0.0000 0.0000 0.0000 0.0000 0.0000 0.0000 
303      303   (0)     12 :  0.9679 0.0000 0.0023 0.0000 0.0000 0.0000 0.0000 0.0298 
304      304   (0)     12 :  0.0945 0.4666 0.0000 0.0031 0.0000 0.4358 0.0000 0.0000 
305      305   (0)     12 :  0.1134 0.0000 0.0000 0.0852 0.4072 0.0019 0.3923 0.0000 
306      306   (0)     12 :  0.7633 0.0417 0.0000 0.0000 0.0000 0.0000 0.1950 0.0000 
307      307   (0)     12 :  1.0000 0.0000 0.0000 0.0000 0.0000 0.0000 0.0000 0.0000 
308      308   (0)     12 :  0.6335 0.3665 0.0000 0.0000 0.0000 0.0000 0.0000 0.0000 
309      309   (0)     12 :  0.0352 0.0000 0.0017 0.4795 0.0260 0.0000 0.4543 0.0034 
310      310   (0)     12 :  0.8036 0.1499 0.0000 0.0000 0.0000 0.0465 0.0000 0.0000 
311      311   (0)     12 :  0.4160 0.3276 0.0000 0.0094 0.0299 0.1460 0.0711 0.0000 
312      312   (0)     12 :  0.0924 0.0000 0.1483 0.3074 0.0000 0.0000 0.4519 0.0000 
313      313   (0)     12 :  0.0527 0.0000 0.0000 0.1804 0.0000 0.1878 0.5792 0.0000 
314      314   (0)     12 :  0.3585 0.4244 0.0000 0.0000 0.0030 0.2142 0.0000 0.0000 
315      315   (0)     12 :  1.0000 0.0000 0.0000 0.0000 0.0000 0.0000 0.0000 0.0000 
316      316   (0)     12 :  0.4253 0.5494 0.0000 0.0021 0.0000 0.0226 0.0006 0.0000 
317      317   (0)     12 :  0.3259 0.6231 0.0000 0.0261 0.0000 0.0249 0.0000 0.0000 
318      318   (0)     12 :  0.0000 0.0000 0.0000 0.6654 0.0426 0.0000 0.2919 0.0000 
319      319   (0)     12 :  0.7201 0.1407 0.0152 0.0098 0.0000 0.0525 0.0616 0.0000 
320      320   (0)     12 :  0.0022 0.0034 0.0103 0.5741 0.0240 0.0000 0.3762 0.0098 
321      321   (0)     12 :  0.1692 0.8308 0.0000 0.0000 0.0000 0.0000 0.0000 0.0000 
322      322   (0)     13 :  0.0000 0.0000 0.0195 0.0209 0.2418 0.6845 0.0332 0.0000 
323      323   (0)     13 :  0.0032 0.0000 0.0000 0.0445 0.4993 0.3610 0.0920 0.0000 
324      324   (0)     13 :  0.0000 0.0000 0.0000 0.0160 0.4522 0.5318 0.0000 0.0000 
325      325   (0)     13 :  0.0000 0.0000 0.0000 0.0724 0.9276 0.0000 0.0000 0.0000 
326      326   (0)     13 :  0.0000 0.0000 0.0237 0.4656 0.0000 0.3446 0.0000 0.1660 
327      327   (0)     13 :  0.0058 0.0000 0.0000 0.0649 0.5421 0.3716 0.0157 0.0000 
328      328   (0)     13 :  0.0000 0.0000 0.0000 0.0191 0.8346 0.1462 0.0000 0.0000 
329      329   (0)     13 :  0.0000 0.0000 0.0008 0.0156 0.0315 0.8040 0.0479 0.1001 
330      330   (0)     13 :  0.0012 0.0000 0.0654 0.0453 0.4835 0.3404 0.0000 0.0643 
331      331   (0)     13 :  0.0000 0.0012 0.9500 0.0040 0.0000 0.0000 0.0236 0.0212 
332      332   (0)     13 :  0.0000 0.0000 0.0034 0.0267 0.0998 0.8656 0.0044 0.0000 
333      333   (0)     13 :  0.0000 0.0000 0.0460 0.0465 0.7610 0.0000 0.1466 0.0000 
334      334   (0)     13 :  0.0000 0.0000 0.0000 0.0623 0.8703 0.0674 0.0000 0.0000 
335      335   (0)     13 :  0.0000 0.0000 0.0000 0.6313 0.3539 0.0000 0.0147 0.0000 
336      336   (0)     13 :  0.0000 0.0000 0.0021 0.0825 0.2935 0.5240 0.0016 0.0962 
337      337   (0)     13 :  0.0000 0.0331 0.0254 0.4488 0.1805 0.2997 0.0000 0.0126 
338      338   (0)     13 :  0.0000 0.0000 0.0170 0.1712 0.0678 0.7189 0.0000 0.0251 
339      339   (0)     13 :  0.0150 0.0000 0.0000 0.5636 0.0353 0.0108 0.1739 0.2014 
340      340   (0)     13 :  0.0130 0.0000 0.0036 0.1732 0.0054 0.6662 0.1350 0.0035 
341      341   (0)     13 :  0.0000 0.0000 0.0044 0.1444 0.0000 0.8376 0.0000 0.0136 
342      342   (0)     13 :  0.0000 0.0000 0.0000 0.5363 0.3300 0.1272 0.0000 0.0065 
343      343   (0)     13 :  0.0000 0.0000 0.0006 0.2989 0.4705 0.0756 0.0000 0.1544 
344      344   (0)     13 :  0.0000 0.0000 0.0000 0.1534 0.4988 0.3435 0.0000 0.0042 
345      345   (0)     13 :  0.1232 0.6345 0.0051 0.0071 0.0000 0.2301 0.0000 0.0000 
346      346   (0)     13 :  0.0000 0.0000 0.0000 0.2765 0.0042 0.5565 0.1627 0.0000 
347      347   (0)     13 :  0.0000 0.0000 0.0001 0.0187 0.6255 0.3557 0.0000 0.0000 
348      348   (0)     13 :  0.0352 0.0000 0.0400 0.1219 0.7223 0.0000 0.0000 0.0806 
349      349   (0)     13 :  0.0018 0.0000 0.1245 0.0232 0.3464 0.3183 0.0568 0.1290 
350      350   (0)     13 :  0.4424 0.2931 0.0036 0.0040 0.0000 0.2569 0.0000 0.0000 
351      351   (0)     13 :  0.0132 0.0000 0.0000 0.0156 0.9712 0.0000 0.0000 0.0000 
