1        1   (0)      1  : 0.0000 0.0000 0.5803 0.4148 0.0000 0.0049 0.0000
2        2   (0)      1  : 0.3347 0.0696 0.3744 0.0262 0.0035 0.0164 0.1753
3        3   (0)      1  : 0.1051 0.0000 0.4789 0.2105 0.2054 0.0000 0.0000
4        4   (0)      1  : 0.0680 0.1140 0.6770 0.0000 0.0000 0.1410 0.0000
5        5   (0)      1  : 0.2404 0.0000 0.1305 0.3532 0.0000 0.1368 0.1390
6        6   (0)      2  : 0.0000 0.0000 0.7180 0.0000 0.2820 0.0000 0.0000
7        7   (0)      1  : 0.2067 0.0000 0.7933 0.0000 0.0000 0.0000 0.0000
8        8   (0)      3  : 0.0000 0.4116 0.0000 0.3210 0.0999 0.0057 0.1618
9        9   (0)      4  : 0.0000 0.0554 0.0000 0.0000 0.2119 0.7327 0.0000
10       10   (0)      4  : 0.2059 0.3021 0.0581 0.0249 0.1473 0.0000 0.2618
11       11   (0)      4  : 0.0000 0.3493 0.0363 0.3856 0.0924 0.1232 0.0132
12       12   (0)      4  : 0.0000 0.0000 0.0000 0.0000 0.0000 1.0000 0.0000
13       13   (0)      4  : 0.0854 0.4468 0.1931 0.0000 0.0000 0.0144 0.2603
14       14   (0)      5  : 0.1205 0.1785 0.0643 0.2017 0.1343 0.0000 0.3007
15       15   (0)      4  : 0.0000 0.3144 0.0000 0.2406 0.1638 0.0158 0.2655
16       16   (0)      5  : 0.0812 0.3317 0.1780 0.0069 0.0005 0.0021 0.3997
17       17   (0)      5  : 0.1656 0.5130 0.0000 0.0000 0.1164 0.0000 0.2050
18       18   (0)      5  : 0.0000 0.5111 0.0000 0.1382 0.3168 0.0000 0.0339
19       19   (0)      5  : 0.0942 0.6681 0.0000 0.0000 0.0000 0.0000 0.2376
20       20   (0)      5  : 0.0000 0.3790 0.0211 0.5417 0.0000 0.0399 0.0184
21       21   (0)      5  : 0.0000 0.5771 0.0000 0.3788 0.0000 0.0000 0.0440
22       22   (0)      5  : 0.0442 0.3509 0.0292 0.0677 0.2100 0.0532 0.2448
23       23   (0)      5  : 0.0000 0.6170 0.0000 0.3695 0.0000 0.0135 0.0000
24       24   (0)      5  : 0.0133 0.4835 0.0000 0.0000 0.2241 0.0000 0.2791
25       25   (0)      5  : 0.0000 0.5030 0.0000 0.4228 0.0000 0.0264 0.0478
26       26   (0)      5  : 0.0000 0.7683 0.0000 0.0000 0.0000 0.1005 0.1312
27       27   (0)      5  : 0.3526 0.2158 0.0000 0.0000 0.0000 0.0000 0.4316
28       28   (0)      5  : 0.0737 0.1839 0.0000 0.0521 0.1752 0.0000 0.5152
29       29   (0)      5  : 0.0069 0.6554 0.0000 0.2177 0.0113 0.0560 0.0525
30       30   (0)      5  : 0.0998 0.0989 0.0000 0.4562 0.0000 0.0000 0.3451
31       31   (0)      5  : 0.0394 0.2263 0.0000 0.4305 0.0000 0.0000 0.3038
32       32   (0)      5  : 0.2945 0.2583 0.0000 0.0527 0.0586 0.0000 0.3359
33       33   (0)      5  : 0.0157 0.6414 0.0000 0.0000 0.0000 0.0139 0.3290
34       34   (0)      5  : 0.0302 0.3620 0.0000 0.0825 0.0000 0.0000 0.5253
35       35   (0)      5  : 0.0000 0.6281 0.0705 0.1045 0.0313 0.0608 0.1048
36       36   (0)      5  : 0.0084 0.2488 0.0029 0.0210 0.0000 0.3367 0.3821
37       37   (0)      5  : 0.1610 0.4439 0.0000 0.0000 0.0000 0.0401 0.3551
38       38   (0)      5  : 0.0000 0.5034 0.0000 0.3922 0.0000 0.0384 0.0660
39       39   (0)      5  : 0.3761 0.3302 0.0000 0.0000 0.0314 0.0000 0.2622
40       40   (0)      5  : 0.0000 0.3485 0.0894 0.2853 0.1116 0.0727 0.0924
41       41   (0)      4  : 0.0000 0.4888 0.0000 0.0000 0.0000 0.5112 0.0000
42       42   (0)      4  : 0.0940 0.1394 0.0000 0.0289 0.2403 0.0552 0.4424
43       43   (0)      4  : 0.0000 0.1953 0.0000 0.5033 0.1397 0.0000 0.1617
44       44   (0)      4  : 0.2483 0.1501 0.0080 0.0000 0.0331 0.1375 0.4229
45       45   (0)      5  : 0.0576 0.1689 0.0702 0.2475 0.0555 0.0972 0.3031
46       46   (0)      4  : 0.0000 0.3323 0.0000 0.4407 0.2271 0.0000 0.0000
47       47   (0)      4  : 0.0505 0.3774 0.2890 0.0155 0.0402 0.0000 0.2274
48       48   (0)      4  : 0.0490 0.3994 0.1091 0.0000 0.0137 0.1645 0.2643
49       49   (0)      4  : 0.0014 0.4625 0.0096 0.0000 0.0002 0.1984 0.3279
50       50   (0)      5  : 0.0879 0.2398 0.1379 0.1117 0.0000 0.1060 0.3167
51       51   (0)      4  : 0.1509 0.0642 0.0141 0.0982 0.0791 0.0016 0.5920
52       52   (0)      5  : 0.0000 0.1444 0.0488 0.1387 0.2349 0.0135 0.4196
53       53   (0)      6  : 0.0000 0.0074 0.9052 0.0000 0.0000 0.0594 0.0280
54       54   (0)      6  : 0.0812 0.3070 0.1517 0.3437 0.0000 0.0000 0.1164
55       55   (0)      6  : 0.0000 0.0000 0.0000 0.0000 0.0000 1.0000 0.0000
56       56   (0)      6  : 0.0000 0.0000 0.6676 0.3324 0.0000 0.0000 0.0000
57       57   (0)      6  : 0.0437 0.0338 0.3969 0.3598 0.0000 0.0000 0.1658
58       58   (0)      6  : 0.0565 0.0257 0.1447 0.3602 0.0553 0.0000 0.3575
59       59   (0)      6  : 0.0000 0.0720 0.1035 0.7410 0.0019 0.0411 0.0405
60       60   (0)      6  : 0.0051 0.1387 0.3120 0.3886 0.0000 0.0000 0.1557
61       61   (0)      7  : 0.1208 0.2342 0.1247 0.0000 0.0000 0.0513 0.4690
62       62   (0)      7  : 0.1463 0.0453 0.0251 0.0019 0.2037 0.0000 0.5777
63       63   (0)      7  : 0.0611 0.2432 0.1347 0.1017 0.0646 0.0520 0.3428
64       64   (0)      7  : 0.1798 0.3386 0.3047 0.0000 0.0084 0.0097 0.1589
65       65   (0)      7  : 0.0044 0.7859 0.2078 0.0000 0.0019 0.0000 0.0000
66       66   (0)      7  : 0.0000 0.3973 0.3504 0.0456 0.0048 0.1647 0.0372
67       67   (0)      7  : 0.0000 0.3038 0.1730 0.0000 0.2972 0.0000 0.2261
68       68   (0)      7  : 0.3474 0.0652 0.0254 0.0000 0.1058 0.0000 0.4562
69       69   (0)      7  : 0.0196 0.4218 0.2826 0.0832 0.0063 0.0036 0.1829
70       70   (0)      7  : 0.0000 0.7465 0.2115 0.0000 0.0000 0.0420 0.0000
71       71   (0)      7  : 0.2928 0.1146 0.1304 0.0143 0.0902 0.0410 0.3167
72       72   (0)      7  : 0.2211 0.3304 0.0995 0.0000 0.0000 0.0000 0.3490
73       73   (0)      7  : 0.0005 0.7391 0.2499 0.0000 0.0000 0.0058 0.0047
74       74   (0)      7  : 0.0000 0.2271 0.1617 0.5254 0.0000 0.0000 0.0858
75       75   (0)      7  : 0.1472 0.3970 0.0000 0.0000 0.0000 0.0259 0.4300
76       76   (0)      7  : 0.1382 0.1237 0.0251 0.2734 0.0577 0.0000 0.3821
77       77   (0)      7  : 0.1311 0.3649 0.1483 0.0000 0.0842 0.0000 0.2715
78       78   (0)      7  : 0.0513 0.4808 0.1860 0.0000 0.0000 0.1017 0.1803
79       79   (0)      7  : 0.0661 0.1872 0.0905 0.1961 0.0000 0.0092 0.4509
80       80   (0)      7  : 0.0000 0.6324 0.3377 0.0000 0.0000 0.0134 0.0165
81       81   (0)      7  : 0.0000 0.4760 0.2869 0.1507 0.0000 0.0746 0.0118
82       82   (0)      7  : 0.0000 0.6384 0.1151 0.0000 0.1264 0.0897 0.0305
83       83   (0)      7  : 0.0000 0.7252 0.1665 0.0000 0.0113 0.0970 0.0000
84       84   (0)      7  : 0.0000 0.7301 0.1545 0.0000 0.0000 0.1154 0.0000
85       85   (0)      6  : 0.1730 0.0522 0.3742 0.0000 0.1376 0.0162 0.2468
86       86   (0)      6  : 0.0317 0.0402 0.3206 0.0759 0.1529 0.0830 0.2957
87       87   (0)      6  : 0.0038 0.0106 0.1471 0.5287 0.0000 0.1042 0.2057
88       88   (0)      6  : 0.2376 0.0067 0.4540 0.0057 0.0000 0.0000 0.2960
89       89   (0)      6  : 0.0000 0.0049 0.4215 0.5352 0.0000 0.0170 0.0215
90       90   (0)      6  : 0.1223 0.0909 0.3966 0.0891 0.0007 0.0829 0.2176
91       91   (0)      6  : 0.1342 0.0000 0.3673 0.2348 0.0419 0.0000 0.2218
92       92   (0)      6  : 0.0000 0.0248 0.6228 0.3360 0.0000 0.0000 0.0164
93       93   (0)      7  : 0.0147 0.2195 0.2231 0.3225 0.0052 0.0025 0.2125
94       94   (0)      7  : 0.0000 0.0000 0.0004 0.0000 0.0000 0.9996 0.0000
95       95   (0)      6  : 0.0042 0.0000 0.5628 0.0216 0.1273 0.1997 0.0844
96       96   (0)      6  : 0.0000 0.0000 1.0000 0.0000 0.0000 0.0000 0.0000
97       97   (0)      6  : 0.0000 0.2569 0.6733 0.0000 0.0352 0.0346 0.0000
98       98   (0)      6  : 0.0000 0.1184 0.5617 0.0114 0.2216 0.0482 0.0387
99       99   (0)      6  : 0.0000 0.0000 0.4308 0.3491 0.1928 0.0000 0.0273
100      100   (0)      6  : 0.0601 0.0000 0.5893 0.2429 0.0000 0.0000 0.1078
101      101   (0)      6  : 0.0000 0.0337 0.7636 0.0000 0.1519 0.0296 0.0213
102      102   (0)      6  : 0.0000 0.0000 0.6525 0.0000 0.2187 0.0000 0.1289
103      103   (0)      8  : 0.0000 0.2194 0.1706 0.2971 0.0000 0.1332 0.1796
104      104   (0)      8  : 0.0052 0.0848 0.0000 0.3921 0.0000 0.0014 0.5166
105      105   (0)      8  : 0.0000 0.2006 0.0275 0.6050 0.0000 0.1073 0.0596
106      106   (0)      8  : 0.2210 0.1683 0.0000 0.0137 0.0000 0.0198 0.5772
107      107   (0)      8  : 0.1483 0.3291 0.0000 0.0000 0.0000 0.0757 0.4468
108      108   (0)      8  : 0.0000 0.4054 0.0000 0.4287 0.0326 0.1073 0.0260
109      109   (0)      8  : 0.0023 0.1516 0.0000 0.5064 0.0000 0.0422 0.2975
110      110   (0)      8  : 0.0000 0.0846 0.0000 0.5404 0.0000 0.0355 0.3394
111      111   (0)      8  : 0.1011 0.1892 0.0082 0.0663 0.0729 0.1384 0.4238
112      112   (0)      8  : 0.0209 0.1054 0.0000 0.2248 0.1292 0.0000 0.5197
113      113   (0)      8  : 0.2139 0.1529 0.0000 0.3411 0.0000 0.0349 0.2572
114      114   (0)      8  : 0.0000 0.1626 0.0000 0.0034 0.3042 0.0326 0.4972
115      115   (0)      8  : 0.0000 0.0000 0.0000 0.0000 0.0000 1.0000 0.0000
116      116   (0)      8  : 0.0000 0.0021 0.0000 0.8275 0.0000 0.0000 0.1704
117      117   (0)      8  : 0.2172 0.2648 0.0349 0.0010 0.0250 0.1614 0.2958
118      118   (0)      8  : 0.1546 0.0810 0.0409 0.0065 0.1111 0.0339 0.5719
119      119   (0)      8  : 0.3615 0.1139 0.0000 0.0026 0.0219 0.0027 0.4973
120      120   (0)      8  : 0.3035 0.0889 0.0812 0.0000 0.0000 0.0447 0.4816
121      121   (0)      8  : 0.1250 0.0525 0.0000 0.2991 0.0000 0.0467 0.4766
122      122   (0)      8  : 0.0000 0.4295 0.0513 0.3105 0.0542 0.0231 0.1315
123      123   (0)      8  : 0.2052 0.1253 0.2175 0.0475 0.0285 0.0000 0.3759
124      124   (0)      8  : 0.0000 0.0000 0.0000 0.0000 0.0000 1.0000 0.0000
125      125   (0)      8  : 0.1309 0.0465 0.0000 0.0078 0.3234 0.0386 0.4528
126      126   (0)      3  : 0.0198 0.3665 0.0022 0.4524 0.0000 0.0889 0.0702
127      127   (0)      3  : 0.0000 0.0107 0.0000 0.8579 0.0245 0.0000 0.1069
128      128   (0)      3  : 0.2459 0.1939 0.0000 0.0501 0.0000 0.0280 0.4822
129      129   (0)      3  : 0.2685 0.2401 0.0000 0.3540 0.0000 0.0000 0.1375
130      130   (0)      3  : 0.0000 0.1330 0.0000 0.5368 0.0102 0.0223 0.2977
131      131   (0)      3  : 0.2368 0.1888 0.0000 0.0000 0.0000 0.0906 0.4838
132      132   (0)      3  : 0.1134 0.1533 0.0000 0.0949 0.0000 0.1179 0.5205
133      133   (0)      3  : 0.1508 0.4658 0.0000 0.2257 0.0000 0.0000 0.1577
134      134   (0)      3  : 0.1255 0.3138 0.0309 0.0338 0.0000 0.1858 0.3102
135      135   (0)      3  : 0.0245 0.4338 0.0594 0.0000 0.0166 0.2407 0.2249
136      136   (0)      3  : 0.1617 0.2888 0.0365 0.0398 0.0000 0.0865 0.3866
137      137   (0)      3  : 0.1020 0.1555 0.0533 0.0717 0.0000 0.0933 0.5241
138      138   (0)      3  : 0.1563 0.2458 0.0991 0.0000 0.0000 0.0000 0.4988
139      139   (0)      3  : 0.2127 0.0643 0.0000 0.1187 0.0993 0.0500 0.4549
140      140   (0)      3  : 0.0000 0.0463 0.0029 0.5822 0.0000 0.1541 0.2145
141      141   (0)      3  : 0.4080 0.3330 0.0000 0.0030 0.0000 0.0127 0.2433
142      142   (0)      3  : 0.1631 0.4163 0.0000 0.2440 0.0000 0.0000 0.1766
143      143   (0)      3  : 0.1825 0.2214 0.0000 0.0000 0.0000 0.0153 0.5809
144      144   (0)      3  : 0.0000 0.0594 0.0020 0.6325 0.0000 0.1250 0.1810
145      145   (0)      3  : 0.1220 0.3862 0.0000 0.0858 0.1177 0.0000 0.2882
146      146   (0)      3  : 0.3538 0.1085 0.0000 0.2289 0.0000 0.0000 0.3088
147      147   (0)      3  : 0.1463 0.2863 0.0010 0.0005 0.0000 0.1138 0.4523
148      148   (0)      3  : 0.2113 0.3465 0.0079 0.0000 0.0904 0.0355 0.3083
149      149   (0)      3  : 0.3315 0.1630 0.0000 0.0000 0.0000 0.0077 0.4978
150      150   (0)      3  : 0.1515 0.3520 0.0000 0.0000 0.2048 0.0000 0.2916
151      151   (0)      3  : 0.2120 0.2124 0.0000 0.0000 0.0153 0.0485 0.5118
152      152   (0)      3  : 0.0217 0.2918 0.0601 0.4090 0.0000 0.0791 0.1383
153      153   (0)      8  : 0.0000 0.2820 0.0000 0.2761 0.2201 0.0000 0.2218
154      154   (0)      8  : 0.0000 0.1352 0.0000 0.0000 0.0000 0.8648 0.0000
155      155   (0)      8  : 0.2066 0.1143 0.0000 0.2767 0.0000 0.0102 0.3922
156      156   (0)      8  : 0.0866 0.0669 0.1904 0.0000 0.2287 0.1001 0.3272
157      157   (0)      8  : 0.0269 0.0628 0.0338 0.3055 0.1114 0.0570 0.4027
158      158   (0)      8  : 0.0165 0.2154 0.0703 0.3077 0.0213 0.0891 0.2795
159      159   (0)      8  : 0.0078 0.0995 0.0262 0.1622 0.1584 0.1556 0.3904
160      160   (0)      1  : 0.4628 0.0116 0.3540 0.0000 0.0000 0.0000 0.1716
161      161   (0)      1  : 0.1999 0.0000 0.2140 0.3094 0.1764 0.0000 0.1003
162      162   (0)      1  : 0.6438 0.0030 0.2077 0.0000 0.0400 0.0000 0.1055
163      163   (0)      1  : 0.1532 0.0000 0.4352 0.4012 0.0000 0.0105 0.0000
164      164   (0)      1  : 0.6564 0.0000 0.2234 0.0459 0.0000 0.0000 0.0743
165      165   (0)      1  : 0.1229 0.0733 0.2564 0.2553 0.0000 0.0232 0.2689
166      166   (0)      1  : 0.5024 0.0001 0.3769 0.0290 0.0000 0.0000 0.0916
167      167   (0)      1  : 0.5984 0.0000 0.0447 0.1040 0.0000 0.0000 0.2528
168      168   (0)      2  : 0.1191 0.0001 0.0302 0.6736 0.1711 0.0000 0.0059
169      169   (0)      2  : 0.4147 0.1312 0.0839 0.0000 0.0000 0.0002 0.3700
170      170   (0)      2  : 0.4340 0.0522 0.0916 0.0658 0.0000 0.0115 0.3449
171      171   (0)      2  : 0.0000 0.2289 0.0000 0.5072 0.2091 0.0000 0.0548
172      172   (0)      2  : 0.4831 0.0020 0.0000 0.1612 0.0000 0.0263 0.3273
173      173   (0)      2  : 0.0000 0.0810 0.0000 0.8126 0.0000 0.0085 0.0978
174      174   (0)      2  : 0.3392 0.0000 0.3933 0.1966 0.0180 0.0000 0.0529
175      175   (0)      2  : 0.0725 0.0836 0.0013 0.0376 0.6819 0.0000 0.1231
176      176   (0)      1  : 0.2965 0.0541 0.1099 0.4457 0.0000 0.0009 0.0928
177      177   (0)      1  : 0.2073 0.0001 0.5665 0.0000 0.1605 0.0000 0.0655
178      178   (0)      1  : 0.0113 0.0124 0.3699 0.4679 0.0000 0.0814 0.0571
179      179   (0)      1  : 0.1091 0.0000 0.6872 0.2037 0.0000 0.0000 0.0000
180      180   (0)      1  : 0.0000 0.0000 0.4946 0.4373 0.0681 0.0000 0.0000
181      181   (0)      1  : 0.0430 0.0000 0.9246 0.0000 0.0324 0.0000 0.0000
182      182   (0)      2  : 0.0000 0.0000 0.2574 0.4683 0.2201 0.0000 0.0543
183      183   (0)      2  : 0.4974 0.0311 0.1330 0.0024 0.0000 0.0241 0.3120
184      184   (0)      2  : 0.0000 0.0000 0.0000 0.8148 0.1840 0.0000 0.0012
185      185   (0)      2  : 0.5861 0.0263 0.0000 0.0034 0.0223 0.0000 0.3619
186      186   (0)      2  : 0.0000 0.0129 0.0000 0.3174 0.6697 0.0000 0.0000
187      187   (0)      1  : 0.0000 0.0000 0.1008 0.5752 0.3241 0.0000 0.0000
188      188   (0)      1  : 0.2691 0.0707 0.3716 0.0000 0.0028 0.1062 0.1796
189      189   (0)      1  : 0.0099 0.0186 0.4287 0.1143 0.3119 0.0381 0.0785
190      190   (0)      1  : 0.3529 0.0000 0.6376 0.0000 0.0019 0.0000 0.0076
191      191   (0)      1  : 0.0009 0.0000 0.2139 0.7697 0.0155 0.0000 0.0000
192      192   (0)      1  : 0.2344 0.0000 0.6242 0.0000 0.0819 0.0000 0.0595
193      193   (0)      1  : 0.3210 0.0000 0.6712 0.0035 0.0030 0.0000 0.0014
194      194   (0)      1  : 0.0000 0.0060 0.4378 0.4752 0.0000 0.0699 0.0111
195      195   (0)      2  : 0.2163 0.0000 0.2413 0.4481 0.0000 0.0000 0.0943
196      196   (0)      2  : 0.0000 0.0990 0.0859 0.4872 0.1892 0.0061 0.1326
197      197   (0)      2  : 0.3715 0.0115 0.3117 0.0000 0.0085 0.0401 0.2567
198      198   (0)      2  : 0.2740 0.1696 0.2689 0.1372 0.0000 0.0000 0.1502
199      199   (0)      2  : 0.4546 0.0000 0.1523 0.0000 0.0522 0.0016 0.3393
200      200   (0)      2  : 0.1080 0.0137 0.0000 0.8375 0.0023 0.0000 0.0385
201      201   (0)      2  : 0.1338 0.0681 0.0574 0.5005 0.2362 0.0000 0.0041
202      202   (0)      2  : 0.4935 0.0216 0.1826 0.0000 0.0213 0.0000 0.2810
203      203   (0)      2  : 0.6553 0.0000 0.1153 0.1605 0.0044 0.0000 0.0645
204      204   (0)      2  : 0.6072 0.0192 0.0030 0.1421 0.0006 0.0000 0.2280
205      205   (0)      2  : 0.5281 0.0000 0.2015 0.0425 0.0000 0.0000 0.2280
206      206   (0)      2  : 0.3930 0.2410 0.0453 0.1514 0.0004 0.0445 0.1244
207      207   (0)      2  : 0.2916 0.0483 0.0149 0.4090 0.0208 0.0023 0.2132
208      208   (0)      9  : 0.4645 0.0000 0.0000 0.5090 0.0000 0.0265 0.0000
209      209   (0)      9  : 0.1177 0.0000 0.0008 0.6696 0.0053 0.2010 0.0057
210      210   (0)      9  : 0.5236 0.0008 0.0000 0.0000 0.3272 0.0323 0.1161
211      211   (0)      9  : 0.1213 0.0000 0.1288 0.3232 0.3059 0.0695 0.0514
212      212   (0)      9  : 0.0631 0.0000 0.0000 0.5300 0.2623 0.1282 0.0164
213      213   (0)      9  : 0.5564 0.0100 0.0031 0.0000 0.2253 0.0086 0.1967
214      214   (0)      9  : 0.2983 0.0049 0.0000 0.4660 0.1922 0.0386 0.0000
215      215   (0)      9  : 0.7692 0.0000 0.0000 0.0000 0.2308 0.0000 0.0000
216      216   (0)      9  : 0.0000 0.0000 0.0000 0.0000 1.0000 0.0000 0.0000
217      217   (0)      9  : 0.7382 0.0123 0.0151 0.0000 0.0000 0.0635 0.1709
218      218   (0)      9  : 0.0303 0.3127 0.0000 0.2585 0.3468 0.0517 0.0000
219      219   (0)      9  : 0.8279 0.0000 0.0000 0.0000 0.0698 0.0000 0.1023
220      220   (0)      9  : 0.2028 0.0000 0.0000 0.5935 0.1977 0.0061 0.0000
221      221   (0)      9  : 0.5633 0.0208 0.0089 0.2848 0.0320 0.0000 0.0903
222      222   (0)      9  : 0.4849 0.0000 0.0617 0.4525 0.0000 0.0008 0.0000
223      223   (0)      9  : 0.0466 0.0490 0.0000 0.7885 0.0835 0.0054 0.0270
224      224   (0)      9  : 0.7760 0.0264 0.0000 0.0000 0.0757 0.0158 0.1062
225      225   (0)      9  : 0.7829 0.0078 0.0000 0.0000 0.0000 0.0000 0.2093
226      226   (0)      9  : 0.7207 0.0480 0.1901 0.0196 0.0062 0.0154 0.0000
227      227   (0)      9  : 0.4569 0.0000 0.0153 0.0000 0.5253 0.0026 0.0000
228      228   (0)      9  : 0.6472 0.0000 0.0000 0.3077 0.0251 0.0000 0.0200
229      229   (0)      9  : 0.9359 0.0641 0.0000 0.0000 0.0000 0.0000 0.0000
230      230   (0)      9  : 0.7478 0.0000 0.0581 0.0000 0.1797 0.0000 0.0144
231      231   (0)      9  : 0.8017 0.0000 0.1876 0.0000 0.0000 0.0095 0.0012
232      232   (0)      9  : 0.6019 0.0000 0.0006 0.3975 0.0000 0.0000 0.0000
233      233   (0)      9  : 0.4185 0.0000 0.1407 0.0372 0.4036 0.0000 0.0000
234      234   (0)      9  : 0.9559 0.0000 0.0000 0.0269 0.0172 0.0000 0.0000
235      235   (0)      9  : 0.4383 0.0000 0.0000 0.2933 0.2160 0.0000 0.0525
236      236   (0)      9  : 0.7336 0.0109 0.1144 0.0514 0.0000 0.0895 0.0002
237      237   (0)     10  : 0.3364 0.0896 0.2353 0.0384 0.1763 0.0819 0.0421
238      238   (0)     10  : 0.6875 0.0000 0.1490 0.0217 0.1325 0.0000 0.0094
239      239   (0)     10  : 0.9196 0.0000 0.0000 0.0000 0.0000 0.0000 0.0804
240      240   (0)     10  : 0.1702 0.0000 0.0000 0.8263 0.0035 0.0000 0.0000
241      241   (0)     10  : 0.1480 0.0000 0.0188 0.7532 0.0294 0.0506 0.0000
242      242   (0)     10  : 0.7209 0.0753 0.0017 0.0143 0.0537 0.0310 0.1031
243      243   (0)     10  : 0.9736 0.0000 0.0100 0.0000 0.0164 0.0000 0.0000
244      244   (0)     10  : 0.0036 0.0000 0.2625 0.3313 0.4027 0.0000 0.0000
245      245   (0)     10  : 0.3239 0.0000 0.1306 0.1377 0.4078 0.0000 0.0000
246      246   (0)     10  : 0.0183 0.2030 0.0853 0.0000 0.5075 0.1858 0.0000
247      247   (0)     10  : 0.7109 0.0000 0.1325 0.0000 0.1080 0.0486 0.0000
248      248   (0)     10  : 0.4926 0.2776 0.0356 0.0000 0.0769 0.1008 0.0164
249      249   (0)     10  : 0.5714 0.0178 0.3293 0.0000 0.0144 0.0249 0.0422
250      250   (0)     10  : 0.2288 0.1930 0.3289 0.2252 0.0000 0.0074 0.0168
251      251   (0)     10  : 0.0063 0.0000 0.6944 0.0000 0.2993 0.0000 0.0000
252      252   (0)     10  : 0.4778 0.2011 0.0349 0.1999 0.0662 0.0201 0.0000
253      253   (0)     10  : 0.5712 0.0000 0.0256 0.0000 0.4032 0.0000 0.0000
254      254   (0)     10  : 0.4355 0.0000 0.1201 0.3772 0.0658 0.0014 0.0000
255      255   (0)     10  : 0.0003 0.2080 0.4542 0.0000 0.3255 0.0120 0.0000
256      256   (0)     10  : 0.0195 0.0000 0.4382 0.0000 0.4241 0.0336 0.0846
257      257   (0)     10  : 0.0424 0.0239 0.1582 0.6622 0.0061 0.0747 0.0325
258      258   (0)     10  : 0.2031 0.0317 0.3891 0.0000 0.3761 0.0000 0.0000
259      259   (0)     10  : 0.0468 0.0619 0.1997 0.4940 0.1661 0.0315 0.0000
260      260   (0)     10  : 0.7220 0.0000 0.0030 0.0000 0.2553 0.0052 0.0145
261      261   (0)     10  : 0.0040 0.0000 0.0246 0.6646 0.3051 0.0013 0.0004
262      262   (0)     10  : 0.3412 0.0161 0.2229 0.0000 0.3034 0.0000 0.1164
263      263   (0)     10  : 0.1728 0.0374 0.3373 0.0000 0.1841 0.2104 0.0580
264      264   (0)     11  : 0.0000 0.5793 0.0000 0.0000 0.3592 0.0615 0.0000
265      265   (0)     11  : 0.2671 0.0269 0.0000 0.0000 0.6125 0.0000 0.0935
266      266   (0)     11  : 0.0000 0.7666 0.0000 0.0000 0.2086 0.0248 0.0000
267      267   (0)     11  : 0.0479 0.4466 0.0000 0.3839 0.1073 0.0142 0.0000
268      268   (0)     11  : 0.0000 0.3858 0.0000 0.0004 0.6138 0.0000 0.0000
269      269   (0)     11  : 0.0000 0.4494 0.0000 0.0000 0.4544 0.0962 0.0000
270      270   (0)     11  : 0.1876 0.5563 0.0000 0.0000 0.2561 0.0000 0.0000
271      271   (0)     11  : 0.0000 0.1236 0.0000 0.0055 0.8709 0.0000 0.0000
272      272   (0)     11  : 0.0000 0.3112 0.0000 0.0000 0.6888 0.0000 0.0000
273      273   (0)     12  : 0.5753 0.0118 0.0000 0.2181 0.0000 0.0000 0.1947
274      274   (0)     12  : 0.2461 0.0707 0.0000 0.6540 0.0125 0.0000 0.0167
275      275   (0)     12  : 0.5646 0.0000 0.0000 0.4354 0.0000 0.0000 0.0000
276      276   (0)     12  : 0.0054 0.0000 0.0000 0.9940 0.0006 0.0000 0.0000
277      277   (0)     12  : 0.6174 0.0000 0.0920 0.0000 0.2906 0.0000 0.0000
278      278   (0)     12  : 0.3524 0.0247 0.0000 0.5363 0.0195 0.0000 0.0671
279      279   (0)     12  : 0.1804 0.0000 0.0000 0.8009 0.0000 0.0000 0.0188
280      280   (0)     12  : 0.8500 0.0108 0.0480 0.0000 0.0000 0.0540 0.0372
281      281   (0)     12  : 0.3844 0.0000 0.0058 0.4811 0.0162 0.1119 0.0006
282      282   (0)     12  : 0.0000 0.0000 0.0000 0.0000 0.0000 1.0000 0.0000
283      283   (0)     12  : 0.5450 0.0054 0.0000 0.1906 0.0001 0.0000 0.2588
284      284   (0)     12  : 0.0000 0.1123 0.0000 0.7047 0.0067 0.0390 0.1374
285      285   (0)     12  : 0.1692 0.0000 0.0000 0.8308 0.0000 0.0000 0.0000
286      286   (0)     12  : 0.0000 0.0131 0.0000 0.2995 0.6874 0.0000 0.0000
287      287   (0)     12  : 0.6256 0.0000 0.0252 0.2969 0.0407 0.0019 0.0097
288      288   (0)     12  : 0.4353 0.0000 0.0000 0.2504 0.3143 0.0000 0.0000
289      289   (0)     12  : 0.7866 0.0000 0.0000 0.0444 0.0689 0.0000 0.1001
290      290   (0)     12  : 0.0932 0.0933 0.2057 0.0559 0.5002 0.0000 0.0517
291      291   (0)     12  : 0.5731 0.0914 0.0000 0.0519 0.1262 0.0036 0.1537
292      292   (0)     12  : 0.7033 0.0000 0.0000 0.0000 0.1262 0.0000 0.1705
293      293   (0)     12  : 0.3912 0.0000 0.0000 0.3966 0.2121 0.0000 0.0000
294      294   (0)     12  : 0.3600 0.0000 0.0676 0.4181 0.1544 0.0000 0.0000
295      295   (0)     12  : 0.4306 0.0000 0.0000 0.4812 0.0681 0.0000 0.0200
296      296   (0)     12  : 0.4917 0.0735 0.0000 0.0023 0.3011 0.0000 0.1313
297      297   (0)     12  : 0.3374 0.0001 0.0000 0.6432 0.0108 0.0000 0.0085
298      298   (0)     12  : 0.0045 0.0000 0.0569 0.7446 0.0743 0.1197 0.0000
299      299   (0)     12  : 0.3705 0.0536 0.1242 0.2661 0.0000 0.1682 0.0174
300      300   (0)     12  : 0.0268 0.0000 0.0000 0.9732 0.0000 0.0000 0.0000
