1        1   (0)      1  : 0.0738 0.0264 0.0000 0.4171 0.4373 0.0000 0.0004 0.0451
2        2   (0)      1  : 0.2849 0.0178 0.0372 0.4038 0.0707 0.0000 0.1857 0.0000
3        3   (0)      1  : 0.0000 0.0996 0.0000 0.0000 0.0000 0.6743 0.0000 0.2261
4        4   (0)      1  : 0.0681 0.0000 0.0000 0.6622 0.2697 0.0000 0.0000 0.0000
5        5   (0)      1  : 0.0000 0.0710 0.0457 0.6996 0.0000 0.0000 0.0665 0.1172
6        6   (0)      1  : 0.1728 0.0000 0.0000 0.0170 0.2744 0.3978 0.0522 0.0858
7        7   (0)      2  : 0.0233 0.0000 0.0000 0.9767 0.0000 0.0000 0.0000 0.0000
8        8   (0)      1  : 0.3471 0.0206 0.0000 0.5846 0.0000 0.0000 0.0000 0.0477
9        9   (0)      3  : 0.0000 0.0000 0.3930 0.0000 0.3336 0.0000 0.2734 0.0000
10       10   (0)      4  : 0.0000 0.0000 0.2580 0.0000 0.0000 0.0000 0.0000 0.7420
11       11   (0)      4  : 0.4380 0.0000 0.4985 0.0050 0.0585 0.0000 0.0000 0.0000
12       12   (0)      4  : 0.0000 0.0332 0.2859 0.1308 0.3040 0.0347 0.1849 0.0267
13       13   (0)      4  : 0.0000 0.0000 0.0000 0.0000 0.0000 0.0000 0.0000 1.0000
14       14   (0)      4  : 0.1157 0.0000 0.3822 0.1405 0.0000 0.0047 0.2940 0.0629
15       15   (0)      4  : 0.0000 0.0000 0.0000 0.0000 0.1885 0.8115 0.0000 0.0000
16       16   (0)      5  : 0.2954 0.0000 0.2905 0.1425 0.2148 0.0190 0.0377 0.0000
17       17   (0)      4  : 0.0000 0.0000 0.3155 0.0415 0.2345 0.1312 0.2773 0.0000
18       18   (0)      5  : 0.1383 0.0000 0.2522 0.2053 0.0000 0.0000 0.3868 0.0174
19       19   (0)      5  : 0.2744 0.0000 0.6604 0.0000 0.0000 0.0000 0.0652 0.0000
20       20   (0)      5  : 0.0000 0.0000 0.5991 0.0507 0.2377 0.0000 0.1125 0.0000
21       21   (0)      5  : 0.1254 0.0000 0.6579 0.0000 0.0000 0.0000 0.2167 0.0000
22       22   (0)      5  : 0.0000 0.0358 0.3152 0.0000 0.4593 0.0000 0.1872 0.0024
23       23   (0)      5  : 0.0000 0.0000 0.5520 0.0000 0.2897 0.0000 0.1583 0.0000
24       24   (0)      5  : 0.0116 0.0149 0.4331 0.1778 0.1430 0.0112 0.2084 0.0000
25       25   (0)      5  : 0.0000 0.0168 0.6137 0.0000 0.3401 0.0000 0.0067 0.0226
26       26   (0)      5  : 0.0092 0.0000 0.7081 0.0989 0.0000 0.0040 0.1798 0.0000
27       27   (0)      5  : 0.0000 0.0000 0.3933 0.0000 0.2596 0.0000 0.3471 0.0000
28       28   (0)      5  : 0.0000 0.0000 0.6525 0.0000 0.0000 0.0000 0.2625 0.0850
29       29   (0)      5  : 0.6173 0.0000 0.1810 0.0000 0.0000 0.0000 0.2017 0.0000
30       30   (0)      5  : 0.1423 0.0000 0.3080 0.1026 0.1421 0.0000 0.3049 0.0000
31       31   (0)      5  : 0.0000 0.0480 0.6013 0.0000 0.1300 0.0000 0.2207 0.0000
32       32   (0)      5  : 0.3674 0.0000 0.1587 0.0000 0.3971 0.0000 0.0767 0.0000
33       33   (0)      5  : 0.2003 0.0000 0.1481 0.0000 0.2881 0.0000 0.3635 0.0000
34       34   (0)      5  : 0.5156 0.0000 0.2937 0.0024 0.0774 0.0000 0.1110 0.0000
35       35   (0)      5  : 0.0000 0.0000 0.6929 0.0000 0.0000 0.0000 0.3050 0.0021
36       36   (0)      5  : 0.0350 0.0083 0.2736 0.0000 0.0695 0.0000 0.6136 0.0000
37       37   (0)      5  : 0.0000 0.0000 0.5031 0.0586 0.0345 0.0000 0.3163 0.0875
38       38   (0)      5  : 0.0198 0.0000 0.1232 0.0000 0.0000 0.0000 0.5965 0.2605
39       39   (0)      5  : 0.2203 0.0031 0.3600 0.0000 0.0000 0.0000 0.4165 0.0000
40       40   (0)      5  : 0.0000 0.0000 0.3568 0.0000 0.2512 0.0000 0.3921 0.0000
41       41   (0)      5  : 0.5473 0.0000 0.4527 0.0000 0.0000 0.0000 0.0000 0.0000
42       42   (0)      5  : 0.0000 0.0000 0.0000 0.0437 0.0000 0.9563 0.0000 0.0000
43       43   (0)      5  : 0.0000 0.0020 0.3207 0.1548 0.2138 0.0000 0.3085 0.0003
44       44   (0)      4  : 0.0000 0.0000 0.4975 0.0000 0.0000 0.0000 0.0000 0.5025
45       45   (0)      4  : 0.1512 0.0088 0.1461 0.1939 0.0505 0.0782 0.3712 0.0000
46       46   (0)      4  : 0.0000 0.0000 0.1709 0.0000 0.4718 0.1102 0.2471 0.0000
47       47   (0)      4  : 0.4651 0.0000 0.2584 0.0045 0.0000 0.0000 0.1411 0.1308
48       48   (0)      5  : 0.1569 0.0387 0.1186 0.0644 0.2444 0.0242 0.2872 0.0657
49       49   (0)      4  : 0.0000 0.0000 0.4623 0.0000 0.5377 0.0000 0.0000 0.0000
50       50   (0)      4  : 0.0000 0.0000 0.0000 0.0000 0.0902 0.9098 0.0000 0.0000
51       51   (0)      4  : 0.2148 0.0614 0.4790 0.1620 0.0000 0.0027 0.0800 0.0000
52       52   (0)      4  : 0.0000 0.0664 0.0309 0.0000 0.0545 0.8482 0.0000 0.0000
53       53   (0)      4  : 0.1646 0.0000 0.4993 0.0394 0.0000 0.0000 0.1459 0.1509
54       54   (0)      4  : 0.0000 0.0000 0.0000 0.0000 0.0000 1.0000 0.0000 0.0000
55       55   (0)      4  : 0.0348 0.0000 0.0069 0.0000 0.0000 0.7927 0.1656 0.0000
56       56   (0)      4  : 0.0000 0.0000 0.4090 0.0000 0.0000 0.0000 0.3682 0.2228
57       57   (0)      5  : 0.2166 0.0657 0.1264 0.0851 0.0287 0.0000 0.4380 0.0396
58       58   (0)      4  : 0.1169 0.0901 0.0000 0.0000 0.1701 0.5596 0.0633 0.0000
59       59   (0)      4  : 0.0000 0.0000 0.0000 0.0000 0.0000 0.8812 0.0678 0.0511
60       60   (0)      4  : 0.3245 0.0000 0.1130 0.0294 0.1552 0.0595 0.3109 0.0075
61       61   (0)      5  : 0.0000 0.0000 0.1294 0.2437 0.1809 0.0157 0.4304 0.0000
62       62   (0)      6  : 0.0000 0.0000 0.0000 0.0694 0.0000 0.6592 0.1113 0.1601
63       63   (0)      6  : 0.0000 0.1379 0.0000 0.0243 0.0247 0.7856 0.0274 0.0000
64       64   (0)      6  : 0.0000 0.0000 0.0000 0.8690 0.0000 0.0000 0.0000 0.1310
65       65   (0)      6  : 0.2201 0.0000 0.3436 0.1143 0.2676 0.0000 0.0545 0.0000
66       66   (0)      6  : 0.0000 0.0000 0.0000 0.0000 0.0000 0.0000 0.0000 1.0000
67       67   (0)      6  : 0.0000 0.0000 0.0000 0.6827 0.3173 0.0000 0.0000 0.0000
68       68   (0)      6  : 0.1497 0.0000 0.0653 0.3652 0.3247 0.0207 0.0745 0.0000
69       69   (0)      6  : 0.1633 0.0000 0.0536 0.1402 0.4302 0.0348 0.1778 0.0000
70       70   (0)      6  : 0.0000 0.0000 0.0150 0.1348 0.6648 0.0000 0.1515 0.0339
71       71   (0)      6  : 0.1475 0.0000 0.1324 0.2620 0.3355 0.0000 0.1226 0.0000
72       72   (0)      7  : 0.2946 0.0000 0.1983 0.0795 0.0000 0.0000 0.4042 0.0233
73       73   (0)      7  : 0.3509 0.0000 0.0646 0.2245 0.0025 0.0825 0.2751 0.0000
74       74   (0)      7  : 0.0887 0.0016 0.2099 0.2805 0.0531 0.0505 0.3156 0.0000
75       75   (0)      7  : 0.2335 0.0152 0.2536 0.2416 0.0000 0.0634 0.1926 0.0000
76       76   (0)      7  : 0.0373 0.0000 0.8926 0.0702 0.0000 0.0000 0.0000 0.0000
77       77   (0)      7  : 0.0000 0.0954 0.3683 0.2916 0.0142 0.0000 0.1299 0.1007
78       78   (0)      7  : 0.0527 0.0000 0.4052 0.3697 0.0000 0.0334 0.1390 0.0000
79       79   (0)      7  : 0.6459 0.0000 0.1668 0.1038 0.0000 0.0000 0.0835 0.0000
80       80   (0)      7  : 0.2043 0.0000 0.5516 0.2163 0.0181 0.0000 0.0097 0.0000
81       81   (0)      7  : 0.0007 0.0000 0.7722 0.0560 0.0000 0.0000 0.0000 0.1711
82       82   (0)      7  : 0.3318 0.0521 0.0548 0.1920 0.0000 0.0457 0.3237 0.0000
83       83   (0)      7  : 0.0000 0.0691 0.0000 0.1301 0.0000 0.8009 0.0000 0.0000
84       84   (0)      7  : 0.2878 0.0000 0.3012 0.0888 0.0000 0.0148 0.3074 0.0000
85       85   (0)      7  : 0.0000 0.0000 0.7430 0.1734 0.0000 0.0000 0.0712 0.0124
86       86   (0)      7  : 0.1103 0.0000 0.0000 0.0000 0.0213 0.8123 0.0561 0.0000
87       87   (0)      7  : 0.0191 0.0000 0.2575 0.1331 0.4465 0.0000 0.1437 0.0000
88       88   (0)      7  : 0.0000 0.0000 0.0000 0.0000 0.0836 0.8294 0.0000 0.0869
89       89   (0)      7  : 0.2400 0.0000 0.3827 0.0000 0.0000 0.0085 0.3252 0.0438
90       90   (0)      7  : 0.2991 0.0000 0.2556 0.0105 0.3630 0.0216 0.0502 0.0000
91       91   (0)      7  : 0.3883 0.0000 0.5212 0.0566 0.0000 0.0000 0.0339 0.0000
92       92   (0)      7  : 0.0000 0.0609 0.3625 0.1730 0.0000 0.0000 0.4037 0.0000
93       93   (0)      7  : 0.0854 0.0000 0.0000 0.0961 0.1015 0.0465 0.6704 0.0000
94       94   (0)      7  : 0.0000 0.0000 0.3832 0.1432 0.0000 0.0000 0.3432 0.1304
95       95   (0)      7  : 0.0000 0.0655 0.4181 0.1481 0.0978 0.0000 0.2170 0.0534
96       96   (0)      7  : 0.0000 0.0000 0.6148 0.1702 0.0000 0.0000 0.1645 0.0505
97       97   (0)      7  : 0.0000 0.0274 0.7291 0.0645 0.0000 0.0000 0.1249 0.0540
98       98   (0)      7  : 0.0000 0.0000 0.7363 0.0000 0.0000 0.0000 0.0499 0.2138
99       99   (0)      7  : 0.0000 0.0197 0.0115 0.1867 0.0000 0.7253 0.0515 0.0054
100      100   (0)      6  : 0.3713 0.0000 0.1513 0.4626 0.0000 0.0000 0.0000 0.0147
101      101   (0)      6  : 0.0311 0.0000 0.0907 0.5222 0.1102 0.0242 0.1938 0.0277
102      102   (0)      6  : 0.0723 0.0000 0.0000 0.0936 0.6133 0.0390 0.0001 0.1817
103      103   (0)      6  : 0.4390 0.0000 0.0041 0.4700 0.0000 0.0000 0.0825 0.0045
104      104   (0)      6  : 0.0000 0.0000 0.0000 0.2799 0.6287 0.0088 0.0000 0.0826
105      105   (0)      6  : 0.1158 0.0000 0.0358 0.5221 0.0501 0.0000 0.2048 0.0713
106      106   (0)      6  : 0.2405 0.0000 0.0000 0.4001 0.2286 0.0364 0.0944 0.0000
107      107   (0)      6  : 0.0149 0.0523 0.0000 0.5779 0.2903 0.0000 0.0443 0.0202
108      108   (0)      6  : 0.0000 0.0000 0.0000 0.0960 0.0000 0.9040 0.0000 0.0000
109      109   (0)      7  : 0.1046 0.0000 0.2681 0.1816 0.2863 0.0172 0.1423 0.0000
110      110   (0)      7  : 0.0000 0.0000 0.0000 0.0000 0.0000 0.0000 0.0000 1.0000
111      111   (0)      8  : 0.0327 0.0000 0.0000 0.6443 0.0327 0.0044 0.0000 0.2858
112      112   (0)      6  : 0.0000 0.0000 0.0000 0.9909 0.0000 0.0000 0.0000 0.0091
113      113   (0)      6  : 0.0000 0.0000 0.0000 0.0572 0.0000 0.8776 0.0000 0.0653
114      114   (0)      6  : 0.0000 0.0000 0.3054 0.6085 0.0000 0.0000 0.0000 0.0862
115      115   (0)      6  : 0.0000 0.1797 0.0000 0.2254 0.0000 0.4086 0.0000 0.1863
116      116   (0)      6  : 0.0000 0.0184 0.1113 0.6056 0.0853 0.0000 0.0765 0.1029
117      117   (0)      6  : 0.0000 0.0000 0.0000 0.6109 0.3891 0.0000 0.0000 0.0000
118      118   (0)      6  : 0.1691 0.0000 0.0000 0.6596 0.1714 0.0000 0.0000 0.0000
119      119   (0)      6  : 0.0000 0.0000 0.1154 0.8740 0.0000 0.0000 0.0000 0.0107
120      120   (0)      6  : 0.0000 0.0000 0.0000 0.8903 0.0265 0.0088 0.0744 0.0000
121      121   (0)      6  : 0.0000 0.0393 0.0000 0.1735 0.0000 0.7705 0.0000 0.0166
122      122   (0)      9  : 0.0000 0.0954 0.0455 0.1064 0.2006 0.0000 0.5036 0.0485
123      123   (0)      9  : 0.0436 0.0000 0.0000 0.0000 0.3410 0.0481 0.5673 0.0000
124      124   (0)      9  : 0.0000 0.0750 0.0889 0.0000 0.5071 0.0000 0.3290 0.0000
125      125   (0)      9  : 0.3929 0.0000 0.1221 0.0000 0.0000 0.0046 0.4643 0.0162
126      126   (0)      9  : 0.2239 0.0000 0.2387 0.0000 0.0000 0.0000 0.4751 0.0623
127      127   (0)      9  : 0.0000 0.0000 0.3701 0.0000 0.3793 0.0000 0.1644 0.0861
128      128   (0)      9  : 0.0010 0.0190 0.0543 0.0000 0.4586 0.0000 0.4670 0.0000
129      129   (0)      9  : 0.0000 0.0036 0.0000 0.0000 0.4306 0.0000 0.5658 0.0000
130      130   (0)      9  : 0.0579 0.0060 0.1333 0.1612 0.0508 0.0000 0.5485 0.0423
131      131   (0)      9  : 0.0167 0.0000 0.0223 0.0807 0.2814 0.0000 0.5988 0.0000
132      132   (0)      9  : 0.2549 0.0135 0.0633 0.0000 0.3081 0.0000 0.3601 0.0000
133      133   (0)      9  : 0.0456 0.0000 0.0763 0.1981 0.0937 0.0000 0.5864 0.0000
134      134   (0)      9  : 0.0000 0.0000 0.0000 0.0000 0.0000 0.0000 0.0000 1.0000
135      135   (0)      9  : 0.0000 0.0000 0.0000 0.0000 0.7937 0.0000 0.2063 0.0000
136      136   (0)      9  : 0.2466 0.0464 0.2443 0.0605 0.0000 0.0000 0.3515 0.0506
137      137   (0)      9  : 0.2582 0.0000 0.0000 0.1766 0.0000 0.0000 0.5652 0.0000
138      138   (0)      9  : 0.5337 0.0000 0.1030 0.0000 0.0000 0.0127 0.3506 0.0000
139      139   (0)      9  : 0.4496 0.0000 0.0126 0.0706 0.0000 0.0000 0.4672 0.0000
140      140   (0)      9  : 0.2173 0.0000 0.0000 0.0000 0.2873 0.0000 0.4948 0.0006
141      141   (0)      9  : 0.0000 0.0000 0.4085 0.0056 0.3014 0.0000 0.2578 0.0268
142      142   (0)      9  : 0.3921 0.0124 0.1050 0.1695 0.0264 0.0000 0.2815 0.0131
143      143   (0)      9  : 0.0000 0.0000 0.0000 0.0000 0.0000 0.0000 0.0000 1.0000
144      144   (0)      9  : 0.2427 0.0110 0.1611 0.1087 0.1837 0.0360 0.2158 0.0408
145      145   (0)      3  : 0.0000 0.0248 0.3164 0.0000 0.3806 0.0000 0.2482 0.0300
146      146   (0)      3  : 0.1022 0.0761 0.0000 0.0000 0.1530 0.5556 0.1130 0.0000
147      147   (0)      3  : 0.0284 0.0000 0.0559 0.0000 0.8516 0.0000 0.0640 0.0000
148      148   (0)      3  : 0.3435 0.0289 0.0231 0.0000 0.0000 0.0609 0.5293 0.0143
149      149   (0)      3  : 0.3274 0.0000 0.1965 0.0000 0.2701 0.0000 0.2060 0.0000
150      150   (0)      3  : 0.0000 0.0000 0.0000 0.0000 0.4703 0.0762 0.4471 0.0064
151      151   (0)      3  : 0.3324 0.0000 0.0902 0.0000 0.0000 0.0000 0.5398 0.0376
152      152   (0)      3  : 0.2369 0.0000 0.0008 0.0000 0.0104 0.0000 0.6676 0.0843
153      153   (0)      3  : 0.0833 0.0202 0.3897 0.0000 0.2159 0.0000 0.2909 0.0000
154      154   (0)      3  : 0.1669 0.0081 0.2307 0.0000 0.0005 0.0000 0.3759 0.2179
155      155   (0)      3  : 0.0440 0.0345 0.3742 0.0000 0.0000 0.0370 0.3153 0.1951
156      156   (0)      3  : 0.1927 0.1021 0.1512 0.0000 0.0000 0.0000 0.5540 0.0000
157      157   (0)      3  : 0.2563 0.0388 0.0525 0.0278 0.0000 0.0000 0.6245 0.0000
158      158   (0)      3  : 0.2704 0.0095 0.1671 0.0373 0.0000 0.0000 0.5158 0.0000
159      159   (0)      3  : 0.1587 0.1648 0.0000 0.0000 0.0000 0.5781 0.0985 0.0000
160      160   (0)      3  : 0.3072 0.0000 0.0000 0.0788 0.1784 0.0000 0.4043 0.0313
161      161   (0)      3  : 0.0000 0.0000 0.0000 0.0000 0.5274 0.0000 0.3802 0.0924
162      162   (0)      3  : 0.4744 0.0000 0.2908 0.0000 0.0000 0.0000 0.2349 0.0000
163      163   (0)      3  : 0.1998 0.0000 0.4101 0.0000 0.2213 0.0000 0.1688 0.0000
164      164   (0)      3  : 0.2109 0.0056 0.1142 0.0000 0.0000 0.0000 0.6693 0.0000
165      165   (0)      3  : 0.0000 0.0000 0.0000 0.0000 0.5024 0.0000 0.4298 0.0678
166      166   (0)      3  : 0.2246 0.0000 0.4302 0.0000 0.1011 0.0000 0.2440 0.0000
167      167   (0)      3  : 0.5150 0.0000 0.0792 0.0000 0.2000 0.0000 0.2058 0.0000
168      168   (0)      3  : 0.2058 0.0343 0.1800 0.0000 0.0000 0.0000 0.5370 0.0428
169      169   (0)      3  : 0.4257 0.0000 0.4546 0.0000 0.0000 0.0000 0.1074 0.0123
170      170   (0)      3  : 0.5037 0.0000 0.1061 0.0000 0.0000 0.0082 0.3820 0.0000
171      171   (0)      3  : 0.2558 0.0000 0.3522 0.1088 0.0055 0.0000 0.2777 0.0000
172      172   (0)      3  : 0.3773 0.0000 0.1794 0.0000 0.0000 0.0000 0.4001 0.0432
173      173   (0)      3  : 0.1307 0.0151 0.2661 0.0053 0.3278 0.0000 0.2156 0.0394
174      174   (0)      9  : 0.0000 0.0000 0.3007 0.0542 0.3654 0.0000 0.2798 0.0000
175      175   (0)      9  : 0.0000 0.0000 0.1082 0.0000 0.0000 0.0000 0.0939 0.7979
176      176   (0)      9  : 0.3747 0.0088 0.0364 0.0000 0.2026 0.0000 0.3774 0.0000
177      177   (0)      9  : 0.3360 0.0000 0.1930 0.2795 0.0000 0.0000 0.0992 0.0922
178      178   (0)      9  : 0.0694 0.0026 0.0150 0.1071 0.3091 0.0000 0.4967 0.0000
179      179   (0)      9  : 0.0449 0.0194 0.1920 0.0542 0.3050 0.0000 0.3407 0.0438
180      180   (0)      9  : 0.0204 0.0017 0.0152 0.1523 0.2091 0.0220 0.4999 0.0795
181      181   (0)      1  : 0.5898 0.0000 0.0000 0.2689 0.0000 0.0000 0.1413 0.0000
182      182   (0)      1  : 0.2299 0.0000 0.0000 0.3324 0.3831 0.0417 0.0129 0.0000
183      183   (0)      1  : 0.6951 0.0000 0.0000 0.2737 0.0000 0.0000 0.0262 0.0050
184      184   (0)      1  : 0.2049 0.0000 0.0000 0.3524 0.3824 0.0365 0.0000 0.0238
185      185   (0)      1  : 0.7420 0.0000 0.0000 0.2076 0.0503 0.0000 0.0000 0.0000
186      186   (0)      1  : 0.1443 0.0360 0.0032 0.2156 0.2191 0.0000 0.3664 0.0153
187      187   (0)      1  : 0.6455 0.0000 0.0000 0.3218 0.0196 0.0000 0.0131 0.0000
188      188   (0)      1  : 0.8418 0.0000 0.0000 0.0258 0.0786 0.0000 0.0537 0.0000
189      189   (0)      2  : 0.1798 0.0037 0.0154 0.1144 0.6734 0.0134 0.0000 0.0000
190      190   (0)      2  : 0.5544 0.0000 0.0231 0.0532 0.0000 0.0000 0.3468 0.0226
191      191   (0)      2  : 0.5725 0.0000 0.0000 0.0743 0.0484 0.0000 0.2902 0.0146
192      192   (0)      2  : 0.0000 0.0000 0.2038 0.1157 0.5028 0.0000 0.1777 0.0000
193      193   (0)      2  : 0.7223 0.0000 0.0000 0.0000 0.1103 0.0000 0.1473 0.0201
194      194   (0)      2  : 0.0000 0.0000 0.0000 0.0000 0.7101 0.0000 0.2899 0.0000
195      195   (0)      2  : 0.3020 0.0000 0.0139 0.4548 0.2294 0.0000 0.0000 0.0000
196      196   (0)      2  : 0.1236 0.0000 0.3942 0.1140 0.3682 0.0000 0.0000 0.0000
197      197   (0)      1  : 0.3655 0.0000 0.0403 0.0511 0.4564 0.0000 0.0867 0.0000
198      198   (0)      1  : 0.3510 0.0000 0.0000 0.6331 0.0000 0.0000 0.0159 0.0000
199      199   (0)      1  : 0.0000 0.0000 0.0000 0.2917 0.5194 0.0000 0.0760 0.1129
200      200   (0)      1  : 0.0023 0.0000 0.0000 0.7802 0.2175 0.0000 0.0000 0.0000
201      201   (0)      1  : 0.0000 0.0000 0.0000 0.5319 0.4546 0.0135 0.0000 0.0000
202      202   (0)      1  : 0.0000 0.0000 0.0000 1.0000 0.0000 0.0000 0.0000 0.0000
203      203   (0)      2  : 0.0000 0.0000 0.0000 0.0000 0.2558 0.5386 0.1148 0.0908
204      204   (0)      2  : 0.0000 0.0000 0.0314 0.3774 0.5705 0.0000 0.0207 0.0000
205      205   (0)      2  : 0.0000 0.0152 0.0000 0.0000 0.0000 0.8416 0.1432 0.0000
206      206   (0)      2  : 0.7083 0.0000 0.0478 0.0821 0.0123 0.0000 0.0778 0.0716
207      207   (0)      2  : 0.0000 0.0000 0.0000 0.0000 0.8302 0.1698 0.0000 0.0000
208      208   (0)      2  : 0.8320 0.0000 0.0230 0.0000 0.0000 0.0837 0.0613 0.0000
209      209   (0)      2  : 0.0000 0.0000 0.1957 0.1889 0.6154 0.0000 0.0000 0.0000
210      210   (0)      1  : 0.0000 0.0000 0.0000 0.3305 0.6695 0.0000 0.0000 0.0000
211      211   (0)      1  : 0.1968 0.0000 0.0000 0.4821 0.0000 0.0000 0.2264 0.0946
212      212   (0)      1  : 0.0000 0.0000 0.0000 0.6358 0.1828 0.0000 0.1814 0.0000
213      213   (0)      1  : 0.4174 0.0000 0.0000 0.5775 0.0000 0.0000 0.0051 0.0000
214      214   (0)      1  : 0.0000 0.0000 0.0000 0.1955 0.8045 0.0000 0.0000 0.0000
215      215   (0)      1  : 0.2552 0.0000 0.0000 0.7448 0.0000 0.0000 0.0000 0.0000
216      216   (0)      1  : 0.3050 0.0069 0.0000 0.6881 0.0000 0.0000 0.0000 0.0000
217      217   (0)      1  : 0.0000 0.0000 0.0000 0.4177 0.4711 0.0000 0.0581 0.0531
218      218   (0)      2  : 0.3602 0.0000 0.0000 0.1873 0.4361 0.0000 0.0165 0.0000
219      219   (0)      2  : 0.0000 0.0000 0.0000 0.1989 0.4736 0.0000 0.3275 0.0000
220      220   (0)      2  : 0.5694 0.0039 0.0125 0.3180 0.0000 0.0000 0.0576 0.0387
221      221   (0)      2  : 0.3629 0.0000 0.1037 0.2134 0.1111 0.0000 0.2090 0.0000
222      222   (0)      2  : 0.5888 0.0000 0.0000 0.2463 0.0000 0.0807 0.0634 0.0209
223      223   (0)      2  : 0.1412 0.0000 0.0344 0.0000 0.7683 0.0546 0.0015 0.0000
224      224   (0)      2  : 0.2183 0.0000 0.1499 0.0935 0.5383 0.0000 0.0000 0.0000
225      225   (0)      2  : 0.5939 0.0018 0.0114 0.2445 0.0000 0.0000 0.1483 0.0000
226      226   (0)      2  : 0.7866 0.0000 0.0000 0.1032 0.1008 0.0001 0.0094 0.0000
227      227   (0)      2  : 0.7739 0.0000 0.0282 0.0012 0.1359 0.0000 0.0608 0.0000
228      228   (0)      2  : 0.7759 0.0000 0.0000 0.1433 0.0528 0.0000 0.0280 0.0000
229      229   (0)      2  : 0.0266 0.0172 0.0000 0.0000 0.1954 0.7606 0.0002 0.0000
230      230   (0)      2  : 0.3781 0.0000 0.1660 0.0761 0.0944 0.0195 0.2658 0.0000
231      231   (0)      2  : 0.4301 0.0000 0.0865 0.0036 0.4217 0.0111 0.0471 0.0000
232      232   (0)     10  : 0.4367 0.0000 0.0000 0.0000 0.5310 0.0235 0.0000 0.0088
233      233   (0)     10  : 0.0171 0.0000 0.0000 0.0000 0.7582 0.0000 0.0479 0.1768
234      234   (0)     10  : 0.5080 0.0000 0.0162 0.3346 0.0426 0.0000 0.0643 0.0344
235      235   (0)     10  : 0.0643 0.0262 0.0000 0.3629 0.4491 0.0000 0.0796 0.0179
236      236   (0)     10  : 0.0000 0.0000 0.0000 0.0000 0.7923 0.0000 0.0000 0.2077
237      237   (0)     10  : 0.4867 0.0000 0.0000 0.2060 0.1905 0.0000 0.1168 0.0000
238      238   (0)     10  : 0.2801 0.0000 0.0601 0.0000 0.6306 0.0000 0.0000 0.0291
239      239   (0)     10  : 0.7532 0.0000 0.0000 0.2251 0.0217 0.0000 0.0000 0.0000
240      240   (0)     10  : 0.0000 0.0000 0.1369 0.3230 0.5402 0.0000 0.0000 0.0000
241      241   (0)     10  : 0.8725 0.0134 0.0000 0.0000 0.0000 0.0000 0.0634 0.0506
242      242   (0)     10  : 0.0287 0.0168 0.4030 0.0000 0.4474 0.0000 0.1041 0.0000
243      243   (0)     10  : 0.9093 0.0000 0.0000 0.0000 0.0907 0.0000 0.0000 0.0000
244      244   (0)     10  : 0.1110 0.0000 0.0000 0.0866 0.6946 0.1079 0.0000 0.0000
245      245   (0)     10  : 0.7525 0.0000 0.0347 0.0000 0.2128 0.0000 0.0000 0.0000
246      246   (0)     10  : 0.5308 0.0175 0.0000 0.0099 0.4300 0.0000 0.0000 0.0118
247      247   (0)     10  : 0.0006 0.0602 0.0160 0.0000 0.8996 0.0000 0.0236 0.0000
248      248   (0)     10  : 0.9191 0.0000 0.0494 0.0000 0.0000 0.0000 0.0000 0.0315
249      249   (0)     10  : 0.9361 0.0000 0.0000 0.0000 0.0000 0.0000 0.0634 0.0005
250      250   (0)     10  : 0.7657 0.0000 0.0366 0.1305 0.0169 0.0000 0.0000 0.0503
251      251   (0)     10  : 0.4074 0.0000 0.0000 0.4616 0.0924 0.0059 0.0000 0.0326
252      252   (0)     10  : 0.6011 0.0000 0.0000 0.0000 0.3744 0.0245 0.0000 0.0000
253      253   (0)     10  : 0.9240 0.0000 0.0572 0.0000 0.0000 0.0000 0.0181 0.0006
254      254   (0)     10  : 0.7338 0.0000 0.0110 0.2495 0.0056 0.0000 0.0000 0.0000
255      255   (0)     10  : 0.8650 0.0000 0.0000 0.0771 0.0000 0.0000 0.0000 0.0579
256      256   (0)     10  : 0.0000 0.0000 0.0000 0.0000 0.0000 1.0000 0.0000 0.0000
257      257   (0)     10  : 0.6026 0.0000 0.0000 0.0000 0.3974 0.0000 0.0000 0.0000
258      258   (0)     10  : 0.3928 0.0000 0.0000 0.2706 0.3255 0.0000 0.0000 0.0111
259      259   (0)     10  : 0.7661 0.0000 0.0000 0.0000 0.2339 0.0000 0.0000 0.0000
260      260   (0)     10  : 0.5065 0.0124 0.0000 0.1297 0.3498 0.0016 0.0000 0.0000
261      261   (0)     10  : 0.7162 0.0048 0.0087 0.0347 0.1039 0.0068 0.0000 0.1249
262      262   (0)     11  : 0.3732 0.0705 0.0071 0.3576 0.0294 0.0000 0.1398 0.0223
263      263   (0)     11  : 0.7734 0.0000 0.0000 0.1867 0.0399 0.0000 0.0000 0.0000
264      264   (0)     11  : 1.0000 0.0000 0.0000 0.0000 0.0000 0.0000 0.0000 0.0000
265      265   (0)     11  : 0.0000 0.0000 0.0000 0.0000 0.0000 1.0000 0.0000 0.0000
266      266   (0)     11  : 0.0309 0.0000 0.0000 0.0000 0.9295 0.0396 0.0000 0.0000
267      267   (0)     11  : 0.0000 0.0000 0.0000 0.0000 0.0000 1.0000 0.0000 0.0000
268      268   (0)     11  : 0.1024 0.0000 0.0000 0.0000 0.8748 0.0000 0.0000 0.0228
269      269   (0)     11  : 0.8137 0.0000 0.0672 0.0196 0.0479 0.0000 0.0000 0.0517
270      270   (0)     11  : 0.9686 0.0000 0.0000 0.0314 0.0000 0.0000 0.0000 0.0000
271      271   (0)     11  : 0.0000 0.0000 0.0000 0.3544 0.6456 0.0000 0.0000 0.0000
272      272   (0)     11  : 0.3242 0.0000 0.0184 0.3660 0.2777 0.0136 0.0000 0.0000
273      273   (0)     11  : 0.0000 0.2254 0.2006 0.4990 0.0000 0.0000 0.0750 0.0000
274      274   (0)     11  : 0.0000 0.1428 0.0000 0.0673 0.1871 0.6027 0.0000 0.0000
275      275   (0)     11  : 0.6874 0.0025 0.0000 0.1762 0.0758 0.0000 0.0000 0.0581
276      276   (0)     11  : 0.4321 0.2721 0.0935 0.0830 0.0000 0.0000 0.1194 0.0000
277      277   (0)     11  : 0.6381 0.0276 0.0127 0.2734 0.0000 0.0035 0.0000 0.0447
278      278   (0)     11  : 0.3714 0.0711 0.1598 0.1507 0.1730 0.0000 0.0295 0.0445
279      279   (0)     11  : 0.0524 0.0000 0.0000 0.9476 0.0000 0.0000 0.0000 0.0000
280      280   (0)     11  : 0.5442 0.0362 0.2031 0.0241 0.1403 0.0521 0.0000 0.0000
281      281   (0)     11  : 0.5576 0.0024 0.0000 0.4399 0.0000 0.0000 0.0000 0.0000
282      282   (0)     11  : 0.3241 0.0000 0.0000 0.1564 0.5008 0.0188 0.0000 0.0000
283      283   (0)     11  : 0.0723 0.0000 0.4018 0.5124 0.0000 0.0000 0.0000 0.0136
284      284   (0)     11  : 0.2001 0.0000 0.0420 0.6479 0.0127 0.0088 0.0176 0.0710
285      285   (0)     11  : 0.0000 0.0081 0.0000 0.1274 0.6915 0.0000 0.1207 0.0522
286      286   (0)     11  : 0.2540 0.0771 0.0596 0.4929 0.1165 0.0000 0.0000 0.0000
287      287   (0)     11  : 0.0051 0.0875 0.0079 0.2894 0.5566 0.0000 0.0534 0.0000
288      288   (0)     11  : 0.7831 0.0252 0.0000 0.1905 0.0000 0.0013 0.0000 0.0000
289      289   (0)     11  : 0.0000 0.0000 0.0060 0.1666 0.7300 0.0974 0.0000 0.0000
290      290   (0)     11  : 0.4347 0.0000 0.0460 0.3673 0.0000 0.1520 0.0000 0.0000
291      291   (0)     11  : 0.1990 0.0000 0.1349 0.4567 0.0000 0.0068 0.0000 0.2025
292      292   (0)     12  : 0.0000 1.0000 0.0000 0.0000 0.0000 0.0000 0.0000 0.0000
293      293   (0)     12  : 0.0000 0.2157 0.7843 0.0000 0.0000 0.0000 0.0000 0.0000
294      294   (0)     12  : 0.0000 1.0000 0.0000 0.0000 0.0000 0.0000 0.0000 0.0000
295      295   (0)     12  : 0.0000 1.0000 0.0000 0.0000 0.0000 0.0000 0.0000 0.0000
296      296   (0)     12  : 0.0000 1.0000 0.0000 0.0000 0.0000 0.0000 0.0000 0.0000
297      297   (0)     12  : 0.0450 0.8102 0.0000 0.0000 0.0000 0.1448 0.0000 0.0000
298      298   (0)     12  : 0.0000 1.0000 0.0000 0.0000 0.0000 0.0000 0.0000 0.0000
299      299   (0)     12  : 0.0000 1.0000 0.0000 0.0000 0.0000 0.0000 0.0000 0.0000
300      300   (0)     12  : 0.5946 0.0777 0.3278 0.0000 0.0000 0.0000 0.0000 0.0000
301      301   (0)     12  : 0.0000 0.0290 0.9710 0.0000 0.0000 0.0000 0.0000 0.0000
302      302   (0)     12  : 0.0000 1.0000 0.0000 0.0000 0.0000 0.0000 0.0000 0.0000
303      303   (0)     12  : 0.0000 0.9618 0.0000 0.0382 0.0000 0.0000 0.0000 0.0000
304      304   (0)     12  : 0.4375 0.0871 0.0000 0.0000 0.0000 0.4754 0.0000 0.0000
305      305   (0)     12  : 0.0000 0.0871 0.4678 0.0000 0.4451 0.0000 0.0000 0.0000
306      306   (0)     12  : 0.0000 0.7595 0.2056 0.0000 0.0000 0.0349 0.0000 0.0000
307      307   (0)     12  : 0.0000 1.0000 0.0000 0.0000 0.0000 0.0000 0.0000 0.0000
308      308   (0)     12  : 0.0000 0.6285 0.0000 0.0000 0.0000 0.3715 0.0000 0.0000
309      309   (0)     12  : 0.0000 0.0408 0.6659 0.0338 0.2596 0.0000 0.0000 0.0000
310      310   (0)     12  : 0.0339 0.7996 0.0000 0.0000 0.0000 0.1665 0.0000 0.0000
311      311   (0)     12  : 0.1194 0.4061 0.0345 0.0000 0.0000 0.3461 0.0939 0.0000
312      312   (0)     12  : 0.0000 0.1235 0.8765 0.0000 0.0000 0.0000 0.0000 0.0000
313      313   (0)     12  : 0.2727 0.0269 0.7004 0.0000 0.0000 0.0000 0.0000 0.0000
314      314   (0)     12  : 0.1962 0.3510 0.0000 0.0000 0.0000 0.4528 0.0000 0.0000
315      315   (0)     12  : 0.0000 1.0000 0.0000 0.0000 0.0000 0.0000 0.0000 0.0000
316      316   (0)     12  : 0.0241 0.4203 0.0062 0.0000 0.0000 0.5495 0.0000 0.0000
317      317   (0)     12  : 0.0498 0.3198 0.0000 0.0000 0.0000 0.6304 0.0000 0.0000
318      318   (0)     12  : 0.0000 0.0000 0.5737 0.0000 0.4263 0.0000 0.0000 0.0000
319      319   (0)     12  : 0.0000 0.7162 0.0663 0.0000 0.0000 0.1498 0.0625 0.0052
320      320   (0)     12  : 0.0000 0.0176 0.6105 0.0982 0.2401 0.0336 0.0000 0.0000
321      321   (0)     12  : 0.0000 0.1667 0.0000 0.0000 0.0000 0.8333 0.0000 0.0000
322      322   (0)     13  : 0.6391 0.0000 0.0000 0.0000 0.2446 0.0000 0.1085 0.0079
323      323   (0)     13  : 0.4067 0.0000 0.0754 0.0000 0.4461 0.0000 0.0718 0.0000
324      324   (0)     13  : 0.5546 0.0000 0.0000 0.0000 0.4454 0.0000 0.0000 0.0000
325      325   (0)     13  : 0.0000 0.0000 0.0000 0.0000 1.0000 0.0000 0.0000 0.0000
326      326   (0)     13  : 0.6821 0.0000 0.0000 0.3170 0.0000 0.0000 0.0000 0.0009
327      327   (0)     13  : 0.3610 0.0028 0.0000 0.0000 0.5284 0.0000 0.1078 0.0000
328      328   (0)     13  : 0.2661 0.0000 0.0000 0.0000 0.6660 0.0000 0.0680 0.0000
329      329   (0)     13  : 0.8873 0.0000 0.0000 0.0104 0.0000 0.0000 0.0940 0.0083
330      330   (0)     13  : 0.4114 0.0000 0.0000 0.0037 0.4977 0.0000 0.0000 0.0873
331      331   (0)     13  : 0.0000 0.0000 0.0000 0.0000 0.0000 0.0000 0.0000 1.0000
332      332   (0)     13  : 0.8210 0.0000 0.0000 0.0000 0.1144 0.0000 0.0639 0.0008
333      333   (0)     13  : 0.0000 0.0000 0.0000 0.0000 0.5886 0.0000 0.4088 0.0026
334      334   (0)     13  : 0.1005 0.0000 0.0000 0.0000 0.8995 0.0000 0.0000 0.0000
335      335   (0)     13  : 0.0000 0.0000 0.1473 0.0000 0.8527 0.0000 0.0000 0.0000
336      336   (0)     13  : 0.5993 0.0000 0.0051 0.0458 0.3416 0.0000 0.0000 0.0082
337      337   (0)     13  : 0.3795 0.0000 0.0000 0.1258 0.4255 0.0692 0.0000 0.0000
338      338   (0)     13  : 0.7804 0.0000 0.0000 0.0000 0.1705 0.0000 0.0000 0.0491
339      339   (0)     13  : 0.0697 0.0222 0.2939 0.2615 0.3526 0.0000 0.0000 0.0000
340      340   (0)     13  : 0.6885 0.0107 0.1350 0.0354 0.0544 0.0000 0.0760 0.0000
341      341   (0)     13  : 0.9631 0.0000 0.0000 0.0369 0.0000 0.0000 0.0000 0.0000
342      342   (0)     13  : 0.3218 0.0000 0.0000 0.0651 0.6131 0.0000 0.0000 0.0000
343      343   (0)     13  : 0.1811 0.0000 0.0000 0.1738 0.6395 0.0000 0.0000 0.0056
344      344   (0)     13  : 0.3427 0.0000 0.0000 0.0000 0.6573 0.0000 0.0000 0.0000
345      345   (0)     13  : 0.2312 0.1178 0.0000 0.0000 0.0000 0.6510 0.0000 0.0000
346      346   (0)     13  : 0.7117 0.0000 0.2460 0.0000 0.0423 0.0000 0.0000 0.0000
347      347   (0)     13  : 0.3634 0.0000 0.0000 0.0000 0.6366 0.0000 0.0000 0.0000
348      348   (0)     13  : 0.0000 0.0303 0.0000 0.0835 0.8062 0.0000 0.0000 0.0799
349      349   (0)     13  : 0.3358 0.0020 0.0000 0.0666 0.3236 0.0000 0.1328 0.1392
350      350   (0)     13  : 0.2458 0.4385 0.0000 0.0000 0.0000 0.3139 0.0000 0.0018
351      351   (0)     13  : 0.0000 0.0146 0.0000 0.0000 0.9854 0.0000 0.0000 0.0000
