1        1   (0)      1  : 0.9475 0.0525 0.0000
2        2   (0)      1  : 0.8153 0.0117 0.1730
3        3   (0)      1  : 0.2612 0.6329 0.1059
4        4   (0)      1  : 1.0000 0.0000 0.0000
5        5   (0)      1  : 0.6378 0.1055 0.2568
6        6   (0)      1  : 0.7531 0.2127 0.0343
7        7   (0)      2  : 0.9303 0.0697 0.0000
8        8   (0)      1  : 0.9164 0.0541 0.0295
9        9   (0)      3  : 0.3283 0.0000 0.6717
10       10   (0)      4  : 0.0018 0.1362 0.8620
11       11   (0)      4  : 0.4728 0.0000 0.5272
12       12   (0)      4  : 0.4579 0.0563 0.4858
13       13   (0)      4  : 0.1117 0.1920 0.6963
14       14   (0)      4  : 0.3033 0.0085 0.6883
15       15   (0)      4  : 0.5248 0.4752 0.0000
16       16   (0)      5  : 0.6827 0.0000 0.3173
17       17   (0)      4  : 0.4483 0.0189 0.5328
18       18   (0)      5  : 0.4480 0.0000 0.5520
19       19   (0)      5  : 0.2416 0.0000 0.7584
20       20   (0)      5  : 0.2393 0.0000 0.7607
21       21   (0)      5  : 0.0274 0.0000 0.9726
22       22   (0)      5  : 0.4734 0.0144 0.5122
23       23   (0)      5  : 0.2365 0.0000 0.7635
24       24   (0)      5  : 0.3737 0.0401 0.5862
25       25   (0)      5  : 0.1949 0.0189 0.7862
26       26   (0)      5  : 0.1473 0.0000 0.8527
27       27   (0)      5  : 0.3109 0.0000 0.6891
28       28   (0)      5  : 0.0000 0.0000 1.0000
29       29   (0)      5  : 0.5940 0.0000 0.4060
30       30   (0)      5  : 0.4895 0.0000 0.5105
31       31   (0)      5  : 0.0976 0.0205 0.8819
32       32   (0)      5  : 0.7526 0.0000 0.2474
33       33   (0)      5  : 0.5987 0.0000 0.4013
34       34   (0)      5  : 0.5952 0.0000 0.4048
35       35   (0)      5  : 0.0007 0.0000 0.9993
36       36   (0)      5  : 0.2950 0.0000 0.7050
37       37   (0)      5  : 0.1140 0.0000 0.8860
38       38   (0)      5  : 0.1945 0.0000 0.8055
39       39   (0)      5  : 0.2469 0.0004 0.7527
40       40   (0)      5  : 0.3077 0.0000 0.6923
41       41   (0)      5  : 0.4338 0.0000 0.5662
42       42   (0)      5  : 0.2883 0.7117 0.0000
43       43   (0)      5  : 0.4191 0.0000 0.5809
44       44   (0)      4  : 0.0000 0.0126 0.9874
45       45   (0)      4  : 0.5307 0.0648 0.4045
46       46   (0)      4  : 0.6524 0.0145 0.3331
47       47   (0)      4  : 0.4849 0.0000 0.5151
48       48   (0)      5  : 0.5494 0.0540 0.3966
49       49   (0)      4  : 0.4896 0.0000 0.5104
50       50   (0)      4  : 0.4992 0.5008 0.0000
51       51   (0)      4  : 0.3429 0.0821 0.5750
52       52   (0)      4  : 0.3691 0.6032 0.0277
53       53   (0)      4  : 0.2121 0.0000 0.7879
54       54   (0)      4  : 0.3770 0.5854 0.0375
55       55   (0)      4  : 0.4099 0.4665 0.1237
56       56   (0)      4  : 0.1120 0.0000 0.8880
57       57   (0)      5  : 0.4492 0.0604 0.4904
58       58   (0)      4  : 0.5704 0.4287 0.0009
59       59   (0)      4  : 0.3098 0.5767 0.1135
60       60   (0)      4  : 0.6635 0.0028 0.3337
61       61   (0)      5  : 0.5809 0.0000 0.4191
62       62   (0)      6  : 0.3875 0.4447 0.1678
63       63   (0)      6  : 0.3459 0.6541 0.0000
64       64   (0)      6  : 0.7867 0.0241 0.1891
65       65   (0)      6  : 0.6151 0.0000 0.3849
66       66   (0)      6  : 0.1114 0.2035 0.6852
67       67   (0)      6  : 1.0000 0.0000 0.0000
68       68   (0)      6  : 0.8860 0.0187 0.0953
69       69   (0)      6  : 0.8612 0.0118 0.1271
70       70   (0)      6  : 0.8238 0.0000 0.1762
71       71   (0)      6  : 0.7855 0.0000 0.2145
72       72   (0)      7  : 0.4624 0.0000 0.5376
73       73   (0)      7  : 0.7344 0.0185 0.2472
74       74   (0)      7  : 0.5115 0.0369 0.4515
75       75   (0)      7  : 0.4325 0.0943 0.4731
76       76   (0)      7  : 0.0358 0.0000 0.9642
77       77   (0)      7  : 0.3036 0.0914 0.6050
78       78   (0)      7  : 0.4499 0.0556 0.4945
79       79   (0)      7  : 0.7605 0.0000 0.2395
80       80   (0)      7  : 0.3790 0.0000 0.6210
81       81   (0)      7  : 0.0000 0.0000 1.0000
82       82   (0)      7  : 0.6267 0.1050 0.2683
83       83   (0)      7  : 0.3675 0.6325 0.0000
84       84   (0)      7  : 0.4182 0.0008 0.5810
85       85   (0)      7  : 0.0852 0.0026 0.9122
86       86   (0)      7  : 0.5105 0.4895 0.0000
87       87   (0)      7  : 0.7063 0.0000 0.2937
88       88   (0)      7  : 0.4011 0.5727 0.0262
89       89   (0)      7  : 0.2655 0.0138 0.7206
90       90   (0)      7  : 0.7030 0.0000 0.2970
91       91   (0)      7  : 0.4038 0.0000 0.5962
92       92   (0)      7  : 0.1380 0.0546 0.8074
93       93   (0)      7  : 0.5603 0.0000 0.4397
94       94   (0)      7  : 0.1314 0.0000 0.8685
95       95   (0)      7  : 0.2365 0.0643 0.6991
96       96   (0)      7  : 0.0000 0.0712 0.9288
97       97   (0)      7  : 0.0000 0.0000 1.0000
98       98   (0)      7  : 0.0000 0.0000 1.0000
99       99   (0)      7  : 0.4075 0.5513 0.0412
100      100   (0)      6  : 0.7992 0.0000 0.2008
101      101   (0)      6  : 0.7421 0.0000 0.2579
102      102   (0)      6  : 0.8925 0.0102 0.0973
103      103   (0)      6  : 0.9588 0.0001 0.0411
104      104   (0)      6  : 0.9354 0.0281 0.0365
105      105   (0)      6  : 0.7105 0.0164 0.2731
106      106   (0)      6  : 0.9537 0.0205 0.0258
107      107   (0)      6  : 0.8969 0.0565 0.0466
108      108   (0)      6  : 0.3898 0.6102 0.0000
109      109   (0)      7  : 0.6204 0.0033 0.3763
110      110   (0)      7  : 0.0575 0.2737 0.6688
111      111   (0)      8  : 0.7421 0.1285 0.1293
112      112   (0)      6  : 0.8871 0.1128 0.0001
113      113   (0)      6  : 0.3233 0.6767 0.0000
114      114   (0)      6  : 0.5849 0.0121 0.4029
115      115   (0)      6  : 0.2216 0.6132 0.1652
116      116   (0)      6  : 0.6439 0.0946 0.2615
117      117   (0)      6  : 0.9303 0.0149 0.0548
118      118   (0)      6  : 1.0000 0.0000 0.0000
119      119   (0)      6  : 0.7310 0.0511 0.2179
120      120   (0)      6  : 0.9284 0.0695 0.0021
121      121   (0)      6  : 0.2978 0.6841 0.0181
122      122   (0)      9  : 0.4446 0.0712 0.4842
123      123   (0)      9  : 0.6549 0.0142 0.3309
124      124   (0)      9  : 0.5876 0.0395 0.3730
125      125   (0)      9  : 0.5153 0.0000 0.4847
126      126   (0)      9  : 0.3237 0.0000 0.6763
127      127   (0)      9  : 0.3102 0.0000 0.6898
128      128   (0)      9  : 0.6400 0.0009 0.3590
129      129   (0)      9  : 0.6408 0.0293 0.3299
130      130   (0)      9  : 0.4470 0.0000 0.5530
131      131   (0)      9  : 0.6118 0.0000 0.3882
132      132   (0)      9  : 0.6628 0.0002 0.3369
133      133   (0)      9  : 0.4687 0.0004 0.5310
134      134   (0)      9  : 0.0000 0.1648 0.8352
135      135   (0)      9  : 0.9389 0.0000 0.0611
136      136   (0)      9  : 0.3883 0.0244 0.5873
137      137   (0)      9  : 0.6441 0.0000 0.3559
138      138   (0)      9  : 0.6247 0.0081 0.3673
139      139   (0)      9  : 0.6307 0.0000 0.3693
140      140   (0)      9  : 0.6838 0.0000 0.3162
141      141   (0)      9  : 0.3419 0.0000 0.6581
142      142   (0)      9  : 0.6822 0.0119 0.3060
143      143   (0)      9  : 0.2050 0.1723 0.6227
144      144   (0)      9  : 0.6098 0.0390 0.3512
145      145   (0)      3  : 0.4261 0.0000 0.5739
146      146   (0)      3  : 0.5116 0.4279 0.0605
147      147   (0)      3  : 0.9217 0.0000 0.0783
148      148   (0)      3  : 0.4817 0.0603 0.4581
149      149   (0)      3  : 0.6281 0.0000 0.3719
150      150   (0)      3  : 0.6112 0.0158 0.3730
151      151   (0)      3  : 0.4417 0.0000 0.5583
152      152   (0)      3  : 0.4487 0.0000 0.5513
153      153   (0)      3  : 0.3565 0.0046 0.6389
154      154   (0)      3  : 0.2588 0.0164 0.7248
155      155   (0)      3  : 0.0355 0.0874 0.8771
156      156   (0)      3  : 0.3321 0.0706 0.5973
157      157   (0)      3  : 0.4797 0.0241 0.4963
158      158   (0)      3  : 0.4120 0.0006 0.5874
159      159   (0)      3  : 0.3929 0.5918 0.0153
160      160   (0)      3  : 0.6809 0.0000 0.3191
161      161   (0)      3  : 0.6945 0.0000 0.3055
162      162   (0)      3  : 0.4616 0.0000 0.5384
163      163   (0)      3  : 0.4386 0.0000 0.5614
164      164   (0)      3  : 0.4012 0.0000 0.5988
165      165   (0)      3  : 0.6669 0.0062 0.3268
166      166   (0)      3  : 0.3517 0.0000 0.6483
167      167   (0)      3  : 0.7324 0.0000 0.2676
168      168   (0)      3  : 0.3520 0.0178 0.6301
169      169   (0)      3  : 0.3741 0.0000 0.6259
170      170   (0)      3  : 0.5739 0.0095 0.4166
171      171   (0)      3  : 0.4101 0.0000 0.5899
172      172   (0)      3  : 0.4938 0.0000 0.5062
173      173   (0)      3  : 0.5222 0.0000 0.4778
174      174   (0)      9  : 0.4916 0.0000 0.5084
175      175   (0)      9  : 0.0779 0.1301 0.7919
176      176   (0)      9  : 0.6991 0.0000 0.3009
177      177   (0)      9  : 0.6369 0.0000 0.3631
178      178   (0)      9  : 0.6790 0.0000 0.3210
179      179   (0)      9  : 0.5180 0.0192 0.4628
180      180   (0)      9  : 0.5454 0.0182 0.4364
181      181   (0)      1  : 0.9228 0.0000 0.0772
182      182   (0)      1  : 0.9777 0.0223 0.0000
183      183   (0)      1  : 0.9704 0.0000 0.0296
184      184   (0)      1  : 0.9661 0.0339 0.0000
185      185   (0)      1  : 1.0000 0.0000 0.0000
186      186   (0)      1  : 0.6932 0.0188 0.2880
187      187   (0)      1  : 0.9995 0.0000 0.0005
188      188   (0)      1  : 0.9966 0.0000 0.0034
189      189   (0)      2  : 0.9818 0.0105 0.0077
190      190   (0)      2  : 0.6567 0.0017 0.3416
191      191   (0)      2  : 0.7667 0.0000 0.2333
192      192   (0)      2  : 0.6358 0.0000 0.3642
193      193   (0)      2  : 0.8939 0.0000 0.1061
194      194   (0)      2  : 0.7945 0.0000 0.2055
195      195   (0)      2  : 0.9774 0.0000 0.0226
196      196   (0)      2  : 0.6371 0.0000 0.3629
197      197   (0)      1  : 0.9021 0.0000 0.0979
198      198   (0)      1  : 1.0000 0.0000 0.0000
199      199   (0)      1  : 0.8535 0.0000 0.1465
200      200   (0)      1  : 0.9586 0.0414 0.0001
201      201   (0)      1  : 0.9854 0.0146 0.0000
202      202   (0)      1  : 0.9931 0.0069 0.0000
203      203   (0)      2  : 0.5727 0.3001 0.1272
204      204   (0)      2  : 0.9770 0.0000 0.0230
205      205   (0)      2  : 0.3054 0.5989 0.0957
206      206   (0)      2  : 0.8152 0.0000 0.1848
207      207   (0)      2  : 0.9870 0.0100 0.0030
208      208   (0)      2  : 0.8436 0.0394 0.1170
209      209   (0)      2  : 0.8321 0.0000 0.1679
210      210   (0)      1  : 1.0000 0.0000 0.0000
211      211   (0)      1  : 0.7174 0.0194 0.2632
212      212   (0)      1  : 0.8774 0.0110 0.1116
213      213   (0)      1  : 0.9857 0.0045 0.0098
214      214   (0)      1  : 1.0000 0.0000 0.0000
215      215   (0)      1  : 0.9761 0.0239 0.0000
216      216   (0)      1  : 0.9709 0.0247 0.0044
217      217   (0)      1  : 0.9031 0.0028 0.0942
218      218   (0)      2  : 1.0000 0.0000 0.0000
219      219   (0)      2  : 0.7456 0.0000 0.2544
220      220   (0)      2  : 0.8649 0.0202 0.1149
221      221   (0)      2  : 0.7158 0.0000 0.2842
222      222   (0)      2  : 0.9024 0.0394 0.0581
223      223   (0)      2  : 0.9855 0.0000 0.0145
224      224   (0)      2  : 0.8666 0.0000 0.1334
225      225   (0)      2  : 0.8808 0.0000 0.1192
226      226   (0)      2  : 0.9792 0.0000 0.0208
227      227   (0)      2  : 0.9303 0.0000 0.0697
228      228   (0)      2  : 1.0000 0.0000 0.0000
229      229   (0)      2  : 0.5364 0.4636 0.0000
230      230   (0)      2  : 0.5779 0.0018 0.4203
231      231   (0)      2  : 0.8685 0.0000 0.1315
232      232   (0)     10  : 0.9867 0.0133 0.0000
233      233   (0)     10  : 0.8311 0.0000 0.1689
234      234   (0)     10  : 0.8959 0.0000 0.1041
235      235   (0)     10  : 0.8819 0.0318 0.0863
236      236   (0)     10  : 0.8423 0.0179 0.1398
237      237   (0)     10  : 0.9045 0.0000 0.0955
238      238   (0)     10  : 0.9214 0.0000 0.0786
239      239   (0)     10  : 1.0000 0.0000 0.0000
240      240   (0)     10  : 0.9095 0.0095 0.0810
241      241   (0)     10  : 0.8308 0.0000 0.1692
242      242   (0)     10  : 0.4618 0.0000 0.5382
243      243   (0)     10  : 1.0000 0.0000 0.0000
244      244   (0)     10  : 0.9983 0.0017 0.0000
245      245   (0)     10  : 0.9419 0.0000 0.0581
246      246   (0)     10  : 0.9989 0.0011 0.0000
247      247   (0)     10  : 0.8912 0.0106 0.0982
248      248   (0)     10  : 0.8926 0.0001 0.1073
249      249   (0)     10  : 0.9447 0.0000 0.0553
250      250   (0)     10  : 0.9116 0.0000 0.0884
251      251   (0)     10  : 0.9977 0.0023 0.0000
252      252   (0)     10  : 0.9807 0.0193 0.0000
253      253   (0)     10  : 0.9084 0.0000 0.0916
254      254   (0)     10  : 0.9941 0.0000 0.0059
255      255   (0)     10  : 1.0000 0.0000 0.0000
256      256   (0)     10  : 0.4084 0.5916 0.0000
257      257   (0)     10  : 1.0000 0.0000 0.0000
258      258   (0)     10  : 1.0000 0.0000 0.0000
259      259   (0)     10  : 1.0000 0.0000 0.0000
260      260   (0)     10  : 0.9762 0.0238 0.0000
261      261   (0)     10  : 0.8857 0.0192 0.0951
262      262   (0)     11  : 0.7499 0.0611 0.1890
263      263   (0)     11  : 0.9988 0.0012 0.0000
264      264   (0)     11  : 1.0000 0.0000 0.0000
265      265   (0)     11  : 0.3279 0.6721 0.0000
266      266   (0)     11  : 0.9907 0.0093 0.0000
267      267   (0)     11  : 0.2143 0.7857 0.0000
268      268   (0)     11  : 1.0000 0.0000 0.0000
269      269   (0)     11  : 0.8424 0.0000 0.1576
270      270   (0)     11  : 1.0000 0.0000 0.0000
271      271   (0)     11  : 1.0000 0.0000 0.0000
272      272   (0)     11  : 0.9607 0.0393 0.0000
273      273   (0)     11  : 0.1860 0.3015 0.5125
274      274   (0)     11  : 0.4643 0.5357 0.0000
275      275   (0)     11  : 0.9621 0.0000 0.0379
276      276   (0)     11  : 0.3745 0.2402 0.3852
277      277   (0)     11  : 0.8800 0.0789 0.0410
278      278   (0)     11  : 0.6804 0.0777 0.2418
279      279   (0)     11  : 0.9248 0.0752 0.0000
280      280   (0)     11  : 0.7365 0.0618 0.2017
281      281   (0)     11  : 0.9781 0.0219 0.0000
282      282   (0)     11  : 0.9819 0.0181 0.0000
283      283   (0)     11  : 0.5741 0.0223 0.4036
284      284   (0)     11  : 0.8257 0.0704 0.1039
285      285   (0)     11  : 0.8518 0.0000 0.1482
286      286   (0)     11  : 0.8447 0.0661 0.0892
287      287   (0)     11  : 0.8479 0.0778 0.0744
288      288   (0)     11  : 0.9557 0.0385 0.0058
289      289   (0)     11  : 0.9700 0.0181 0.0119
290      290   (0)     11  : 0.8654 0.0965 0.0381
291      291   (0)     11  : 0.6653 0.0540 0.2807
292      292   (0)     12  : 0.0000 1.0000 0.0000
293      293   (0)     12  : 0.0000 0.1398 0.8602
294      294   (0)     12  : 0.0000 1.0000 0.0000
295      295   (0)     12  : 0.0000 1.0000 0.0000
296      296   (0)     12  : 0.0000 1.0000 0.0000
297      297   (0)     12  : 0.0000 1.0000 0.0000
298      298   (0)     12  : 0.0000 1.0000 0.0000
299      299   (0)     12  : 0.0000 1.0000 0.0000
300      300   (0)     12  : 0.5531 0.0952 0.3518
301      301   (0)     12  : 0.0000 0.0000 1.0000
302      302   (0)     12  : 0.0000 1.0000 0.0000
303      303   (0)     12  : 0.0000 1.0000 0.0000
304      304   (0)     12  : 0.5395 0.4605 0.0000
305      305   (0)     12  : 0.4174 0.0753 0.5072
306      306   (0)     12  : 0.0000 0.8709 0.1291
307      307   (0)     12  : 0.0000 1.0000 0.0000
308      308   (0)     12  : 0.0105 0.9895 0.0000
309      309   (0)     12  : 0.2952 0.0569 0.6479
310      310   (0)     12  : 0.0000 1.0000 0.0000
311      311   (0)     12  : 0.1796 0.6685 0.1518
312      312   (0)     12  : 0.0000 0.0919 0.9081
313      313   (0)     12  : 0.2043 0.0313 0.7644
314      314   (0)     12  : 0.3195 0.6805 0.0000
315      315   (0)     12  : 0.0000 1.0000 0.0000
316      316   (0)     12  : 0.1327 0.8568 0.0105
317      317   (0)     12  : 0.1784 0.8216 0.0000
318      318   (0)     12  : 0.4566 0.0000 0.5434
319      319   (0)     12  : 0.0000 0.8743 0.1257
320      320   (0)     12  : 0.3742 0.0934 0.5324
321      321   (0)     12  : 0.1666 0.8334 0.0000
322      322   (0)     13  : 0.8965 0.0000 0.1035
323      323   (0)     13  : 0.8815 0.0000 0.1185
324      324   (0)     13  : 1.0000 0.0000 0.0000
325      325   (0)     13  : 1.0000 0.0000 0.0000
326      326   (0)     13  : 0.9924 0.0076 0.0000
327      327   (0)     13  : 0.9453 0.0000 0.0547
328      328   (0)     13  : 0.9627 0.0000 0.0373
329      329   (0)     13  : 0.9105 0.0000 0.0895
330      330   (0)     13  : 0.9567 0.0000 0.0433
331      331   (0)     13  : 0.1287 0.1554 0.7159
332      332   (0)     13  : 0.9515 0.0000 0.0485
333      333   (0)     13  : 0.6733 0.0000 0.3267
334      334   (0)     13  : 1.0000 0.0000 0.0000
335      335   (0)     13  : 0.8310 0.0000 0.1690
336      336   (0)     13  : 0.9799 0.0000 0.0201
337      337   (0)     13  : 0.9815 0.0185 0.0000
338      338   (0)     13  : 0.9839 0.0000 0.0161
339      339   (0)     13  : 0.6662 0.0063 0.3275
340      340   (0)     13  : 0.7762 0.0157 0.2081
341      341   (0)     13  : 1.0000 0.0000 0.0000
342      342   (0)     13  : 1.0000 0.0000 0.0000
343      343   (0)     13  : 1.0000 0.0000 0.0000
344      344   (0)     13  : 0.9999 0.0000 0.0001
345      345   (0)     13  : 0.4549 0.5451 0.0000
346      346   (0)     13  : 0.7115 0.0000 0.2885
347      347   (0)     13  : 0.9649 0.0000 0.0351
348      348   (0)     13  : 0.9879 0.0000 0.0121
349      349   (0)     13  : 0.7830 0.0000 0.2170
350      350   (0)     13  : 0.1997 0.8003 0.0000
351      351   (0)     13  : 0.9874 0.0126 0.0000
